buffered-read: (g=0): rw=read, bs=(R) 1024KiB-1024KiB, (W) 1024KiB-1024KiB, (T) 1024KiB-1024KiB, ioengine=psync, iodepth=1
fio-3.28
Starting 1 process

buffered-read: (groupid=0, jobs=1): err= 0: pid=306788: Sat Aug  9 08:46:33 2025
  read: IOPS=4213, BW=4214MiB/s (4419MB/s)(1024MiB/243msec)
    clat (usec): min=37, max=1019, avg=236.45, stdev=65.29
     lat (usec): min=37, max=1020, avg=236.48, stdev=65.30
    clat percentiles (usec):
     |  1.00th=[  194],  5.00th=[  198], 10.00th=[  200], 20.00th=[  204],
     | 30.00th=[  206], 40.00th=[  208], 50.00th=[  212], 60.00th=[  217],
     | 70.00th=[  223], 80.00th=[  241], 90.00th=[  330], 95.00th=[  392],
     | 99.00th=[  441], 99.50th=[  478], 99.90th=[  537], 99.95th=[ 1020],
     | 99.99th=[ 1020]
  lat (usec)   : 50=0.10%, 250=82.13%, 500=17.29%, 750=0.39%
  lat (msec)   : 2=0.10%
  cpu          : usr=0.41%, sys=99.17%, ctx=2, majf=0, minf=267
  IO depths    : 1=100.0%, 2=0.0%, 4=0.0%, 8=0.0%, 16=0.0%, 32=0.0%, >=64=0.0%
     submit    : 0=0.0%, 4=100.0%, 8=0.0%, 16=0.0%, 32=0.0%, 64=0.0%, >=64=0.0%
     complete  : 0=0.0%, 4=100.0%, 8=0.0%, 16=0.0%, 32=0.0%, 64=0.0%, >=64=0.0%
     issued rwts: total=1024,0,0,0 short=0,0,0,0 dropped=0,0,0,0
     latency   : target=0, window=0, percentile=100.00%, depth=1

Run status group 0 (all jobs):
   READ: bw=4214MiB/s (4419MB/s), 4214MiB/s-4214MiB/s (4419MB/s-4419MB/s), io=1024MiB (1074MB), run=243-243msec

Disk stats (read/write):
  loop21: ios=0/0, merge=0/0, ticks=0/0, in_queue=0, util=0.00%
