buffered-read: (g=0): rw=read, bs=(R) 1024KiB-1024KiB, (W) 1024KiB-1024KiB, (T) 1024KiB-1024KiB, ioengine=psync, iodepth=1
fio-3.28
Starting 1 process

buffered-read: (groupid=0, jobs=1): err= 0: pid=306892: Sat Aug  9 08:46:45 2025
  read: IOPS=2509, BW=2510MiB/s (2632MB/s)(1024MiB/408msec)
    clat (usec): min=216, max=3664, avg=397.98, stdev=148.46
     lat (usec): min=216, max=3664, avg=398.01, stdev=148.47
    clat percentiles (usec):
     |  1.00th=[  285],  5.00th=[  326], 10.00th=[  338], 20.00th=[  347],
     | 30.00th=[  351], 40.00th=[  355], 50.00th=[  359], 60.00th=[  363],
     | 70.00th=[  375], 80.00th=[  400], 90.00th=[  523], 95.00th=[  676],
     | 99.00th=[  832], 99.50th=[  889], 99.90th=[ 1205], 99.95th=[ 3654],
     | 99.99th=[ 3654]
  lat (usec)   : 250=0.20%, 500=88.77%, 750=8.50%, 1000=2.15%
  lat (msec)   : 2=0.29%, 4=0.10%
  cpu          : usr=0.00%, sys=52.09%, ctx=1021, majf=0, minf=266
  IO depths    : 1=100.0%, 2=0.0%, 4=0.0%, 8=0.0%, 16=0.0%, 32=0.0%, >=64=0.0%
     submit    : 0=0.0%, 4=100.0%, 8=0.0%, 16=0.0%, 32=0.0%, 64=0.0%, >=64=0.0%
     complete  : 0=0.0%, 4=100.0%, 8=0.0%, 16=0.0%, 32=0.0%, 64=0.0%, >=64=0.0%
     issued rwts: total=1024,0,0,0 short=0,0,0,0 dropped=0,0,0,0
     latency   : target=0, window=0, percentile=100.00%, depth=1

Run status group 0 (all jobs):
   READ: bw=2510MiB/s (2632MB/s), 2510MiB/s-2510MiB/s (2632MB/s-2632MB/s), io=1024MiB (1074MB), run=408-408msec

Disk stats (read/write):
  loop21: ios=1445/0, merge=0/0, ticks=782/0, in_queue=781, util=77.62%
