buffered-read: (g=0): rw=read, bs=(R) 10.0MiB-10.0MiB, (W) 10.0MiB-10.0MiB, (T) 10.0MiB-10.0MiB, ioengine=psync, iodepth=1
fio-3.36
Starting 1 process

buffered-read: (groupid=0, jobs=1): err= 0: pid=1839: Sat Aug  9 10:14:48 2025
  read: IOPS=199, BW=1996MiB/s (2093MB/s)(1020MiB/511msec)
    clat (usec): min=3845, max=32468, avg=4954.13, stdev=2813.95
     lat (usec): min=3847, max=32582, avg=4956.61, stdev=2824.82
    clat percentiles (usec):
     |  1.00th=[ 3949],  5.00th=[ 4015], 10.00th=[ 4113], 20.00th=[ 4178],
     | 30.00th=[ 4228], 40.00th=[ 4293], 50.00th=[ 4752], 60.00th=[ 4883],
     | 70.00th=[ 5014], 80.00th=[ 5080], 90.00th=[ 5145], 95.00th=[ 5669],
     | 99.00th=[ 7767], 99.50th=[32375], 99.90th=[32375], 99.95th=[32375],
     | 99.99th=[32375]
   bw (  MiB/s): min= 1996, max= 1996, per=100.00%, avg=1996.01, stdev= 0.00, samples=1
   iops        : min=  199, max=  199, avg=199.00, stdev= 0.00, samples=1
  lat (msec)   : 4=3.92%, 10=95.10%, 50=0.98%
  cpu          : usr=0.39%, sys=98.04%, ctx=0, majf=0, minf=528
  IO depths    : 1=100.0%, 2=0.0%, 4=0.0%, 8=0.0%, 16=0.0%, 32=0.0%, >=64=0.0%
     submit    : 0=0.0%, 4=100.0%, 8=0.0%, 16=0.0%, 32=0.0%, 64=0.0%, >=64=0.0%
     complete  : 0=0.0%, 4=100.0%, 8=0.0%, 16=0.0%, 32=0.0%, 64=0.0%, >=64=0.0%
     issued rwts: total=102,0,0,0 short=0,0,0,0 dropped=0,0,0,0
     latency   : target=0, window=0, percentile=100.00%, depth=1

Run status group 0 (all jobs):
   READ: bw=1996MiB/s (2093MB/s), 1996MiB/s-1996MiB/s (2093MB/s-2093MB/s), io=1020MiB (1070MB), run=511-511msec

Disk stats (read/write):
  vdc: ios=0/0, sectors=0/0, merge=0/0, ticks=0/0, in_queue=0, util=0.00%
