buffered-write: (g=0): rw=write, bs=(R) 100MiB-100MiB, (W) 100MiB-100MiB, (T) 100MiB-100MiB, ioengine=psync, iodepth=1
fio-3.36
Starting 1 process

buffered-write: (groupid=0, jobs=1): err= 0: pid=932: Tue Aug 12 18:19:15 2025
  write: IOPS=25, BW=2570MiB/s (2695MB/s)(1100MiB/428msec); 0 zone resets
    clat (usec): min=29424, max=34647, avg=31573.20, stdev=1409.56
     lat (usec): min=34817, max=41614, avg=38322.96, stdev=1972.11
    clat percentiles (usec):
     |  1.00th=[29492],  5.00th=[29492], 10.00th=[30540], 20.00th=[30540],
     | 30.00th=[30802], 40.00th=[30802], 50.00th=[31851], 60.00th=[31851],
     | 70.00th=[32113], 80.00th=[32113], 90.00th=[32900], 95.00th=[34866],
     | 99.00th=[34866], 99.50th=[34866], 99.90th=[34866], 99.95th=[34866],
     | 99.99th=[34866]
  lat (msec)   : 50=100.00%
  cpu          : usr=17.52%, sys=81.07%, ctx=3, majf=0, minf=13
  IO depths    : 1=100.0%, 2=0.0%, 4=0.0%, 8=0.0%, 16=0.0%, 32=0.0%, >=64=0.0%
     submit    : 0=0.0%, 4=100.0%, 8=0.0%, 16=0.0%, 32=0.0%, 64=0.0%, >=64=0.0%
     complete  : 0=0.0%, 4=100.0%, 8=0.0%, 16=0.0%, 32=0.0%, 64=0.0%, >=64=0.0%
     issued rwts: total=0,11,0,0 short=0,0,0,0 dropped=0,0,0,0
     latency   : target=0, window=0, percentile=100.00%, depth=1

Run status group 0 (all jobs):
  WRITE: bw=2570MiB/s (2695MB/s), 2570MiB/s-2570MiB/s (2695MB/s-2695MB/s), io=1100MiB (1153MB), run=428-428msec

Disk stats (read/write):
  vdc: ios=0/0, sectors=0/0, merge=0/0, ticks=0/0, in_queue=0, util=0.00%
