buffered-read: (g=0): rw=read, bs=(R) 10.0MiB-10.0MiB, (W) 10.0MiB-10.0MiB, (T) 10.0MiB-10.0MiB, ioengine=psync, iodepth=1
fio-3.36
Starting 1 process

buffered-read: (groupid=0, jobs=1): err= 0: pid=1959: Sat Aug  9 10:14:58 2025
  read: IOPS=203, BW=2036MiB/s (2135MB/s)(1020MiB/501msec)
    clat (usec): min=4040, max=20108, avg=4857.73, stdev=1595.05
     lat (usec): min=4043, max=20221, avg=4860.80, stdev=1605.50
    clat percentiles (usec):
     |  1.00th=[ 4080],  5.00th=[ 4178], 10.00th=[ 4178], 20.00th=[ 4228],
     | 30.00th=[ 4228], 40.00th=[ 4293], 50.00th=[ 4555], 60.00th=[ 5080],
     | 70.00th=[ 5145], 80.00th=[ 5145], 90.00th=[ 5276], 95.00th=[ 5342],
     | 99.00th=[ 5604], 99.50th=[20055], 99.90th=[20055], 99.95th=[20055],
     | 99.99th=[20055]
  lat (msec)   : 10=99.02%, 50=0.98%
  cpu          : usr=2.00%, sys=96.60%, ctx=1, majf=0, minf=528
  IO depths    : 1=100.0%, 2=0.0%, 4=0.0%, 8=0.0%, 16=0.0%, 32=0.0%, >=64=0.0%
     submit    : 0=0.0%, 4=100.0%, 8=0.0%, 16=0.0%, 32=0.0%, 64=0.0%, >=64=0.0%
     complete  : 0=0.0%, 4=100.0%, 8=0.0%, 16=0.0%, 32=0.0%, 64=0.0%, >=64=0.0%
     issued rwts: total=102,0,0,0 short=0,0,0,0 dropped=0,0,0,0
     latency   : target=0, window=0, percentile=100.00%, depth=1

Run status group 0 (all jobs):
   READ: bw=2036MiB/s (2135MB/s), 2036MiB/s-2036MiB/s (2135MB/s-2135MB/s), io=1020MiB (1070MB), run=501-501msec

Disk stats (read/write):
  vdc: ios=0/0, sectors=0/0, merge=0/0, ticks=0/0, in_queue=0, util=0.00%
