buffered-read: (g=0): rw=read, bs=(R) 1024MiB-1024MiB, (W) 1024MiB-1024MiB, (T) 1024MiB-1024MiB, ioengine=psync, iodepth=1
fio-3.36
Starting 1 process

buffered-read: (groupid=0, jobs=1): err= 0: pid=1172: Fri Aug  8 20:55:15 2025
  read: IOPS=1, BW=2008MiB/s (2105MB/s)(1024MiB/510msec)
    clat (nsec): min=506806k, max=506806k, avg=506805863.00, stdev= 0.00
     lat (nsec): min=506919k, max=506919k, avg=506919001.00, stdev= 0.00
    clat percentiles (msec):
     |  1.00th=[  506],  5.00th=[  506], 10.00th=[  506], 20.00th=[  506],
     | 30.00th=[  506], 40.00th=[  506], 50.00th=[  506], 60.00th=[  506],
     | 70.00th=[  506], 80.00th=[  506], 90.00th=[  506], 95.00th=[  506],
     | 99.00th=[  506], 99.50th=[  506], 99.90th=[  506], 99.95th=[  506],
     | 99.99th=[  506]
  lat (msec)   : 750=100.00%
  cpu          : usr=0.39%, sys=93.52%, ctx=5, majf=0, minf=1035
  IO depths    : 1=100.0%, 2=0.0%, 4=0.0%, 8=0.0%, 16=0.0%, 32=0.0%, >=64=0.0%
     submit    : 0=0.0%, 4=100.0%, 8=0.0%, 16=0.0%, 32=0.0%, 64=0.0%, >=64=0.0%
     complete  : 0=0.0%, 4=100.0%, 8=0.0%, 16=0.0%, 32=0.0%, 64=0.0%, >=64=0.0%
     issued rwts: total=1,0,0,0 short=0,0,0,0 dropped=0,0,0,0
     latency   : target=0, window=0, percentile=100.00%, depth=1

Run status group 0 (all jobs):
   READ: bw=2008MiB/s (2105MB/s), 2008MiB/s-2008MiB/s (2105MB/s-2105MB/s), io=1024MiB (1074MB), run=510-510msec

Disk stats (read/write):
  vdc: ios=186/0, sectors=1499152/0, merge=0/0, ticks=180/0, in_queue=180, util=35.29%
