buffered-write: (g=0): rw=write, bs=(R) 10.0MiB-10.0MiB, (W) 10.0MiB-10.0MiB, (T) 10.0MiB-10.0MiB, ioengine=psync, iodepth=1
fio-3.36
Starting 1 process

buffered-write: (groupid=0, jobs=1): err= 0: pid=517: Wed Aug 13 10:37:08 2025
  write: IOPS=140, BW=1403MiB/s (1471MB/s)(1030MiB/734msec); 0 zone resets
    clat (usec): min=2889, max=5543, avg=3307.26, stdev=578.07
     lat (usec): min=3438, max=6244, avg=3924.93, stdev=619.55
    clat percentiles (usec):
     |  1.00th=[ 2900],  5.00th=[ 2966], 10.00th=[ 2999], 20.00th=[ 3064],
     | 30.00th=[ 3064], 40.00th=[ 3097], 50.00th=[ 3130], 60.00th=[ 3163],
     | 70.00th=[ 3228], 80.00th=[ 3326], 90.00th=[ 3654], 95.00th=[ 5342],
     | 99.00th=[ 5473], 99.50th=[ 5538], 99.90th=[ 5538], 99.95th=[ 5538],
     | 99.99th=[ 5538]
   bw (  MiB/s): min= 1360, max= 1360, per=96.92%, avg=1360.00, stdev= 0.00, samples=1
   iops        : min=  136, max=  136, avg=136.00, stdev= 0.00, samples=1
  lat (msec)   : 4=92.23%, 10=7.77%
  fsync/fdatasync/sync_file_range:
    sync (usec): min=2479, max=4211, avg=3088.05, stdev=339.89
    sync percentiles (usec):
     |  1.00th=[ 2606],  5.00th=[ 2638], 10.00th=[ 2704], 20.00th=[ 2802],
     | 30.00th=[ 2868], 40.00th=[ 2966], 50.00th=[ 3032], 60.00th=[ 3163],
     | 70.00th=[ 3228], 80.00th=[ 3326], 90.00th=[ 3490], 95.00th=[ 3752],
     | 99.00th=[ 4047], 99.50th=[ 4228], 99.90th=[ 4228], 99.95th=[ 4228],
     | 99.99th=[ 4228]
  cpu          : usr=8.72%, sys=49.46%, ctx=319, majf=0, minf=14
  IO depths    : 1=199.0%, 2=0.0%, 4=0.0%, 8=0.0%, 16=0.0%, 32=0.0%, >=64=0.0%
     submit    : 0=0.0%, 4=100.0%, 8=0.0%, 16=0.0%, 32=0.0%, 64=0.0%, >=64=0.0%
     complete  : 0=0.0%, 4=100.0%, 8=0.0%, 16=0.0%, 32=0.0%, 64=0.0%, >=64=0.0%
     issued rwts: total=0,103,0,102 short=0,0,0,0 dropped=0,0,0,0
     latency   : target=0, window=0, percentile=100.00%, depth=1

Run status group 0 (all jobs):
  WRITE: bw=1403MiB/s (1471MB/s), 1403MiB/s-1403MiB/s (1471MB/s-1471MB/s), io=1030MiB (1080MB), run=734-734msec

Disk stats (read/write):
  vdc: ios=0/587, sectors=0/4024, merge=0/0, ticks=0/377, in_queue=561, util=32.79%
