buffered-write: (g=0): rw=write, bs=(R) 1024KiB-1024KiB, (W) 1024KiB-1024KiB, (T) 1024KiB-1024KiB, ioengine=psync, iodepth=1
fio-3.36
Starting 1 process

buffered-write: (groupid=0, jobs=1): err= 0: pid=501: Wed Aug 13 10:37:07 2025
  write: IOPS=283, BW=284MiB/s (298MB/s)(1024MiB/3606msec); 0 zone resets
    clat (usec): min=230, max=1351, avg=413.76, stdev=164.16
     lat (usec): min=248, max=1509, avg=463.50, stdev=176.95
    clat percentiles (usec):
     |  1.00th=[  237],  5.00th=[  243], 10.00th=[  247], 20.00th=[  262],
     | 30.00th=[  285], 40.00th=[  338], 50.00th=[  383], 60.00th=[  429],
     | 70.00th=[  474], 80.00th=[  529], 90.00th=[  627], 95.00th=[  725],
     | 99.00th=[  930], 99.50th=[ 1045], 99.90th=[ 1205], 99.95th=[ 1352],
     | 99.99th=[ 1352]
   bw (  KiB/s): min=270336, max=337245, per=99.75%, avg=290054.29, stdev=24301.31, samples=7
   iops        : min=  264, max=  329, avg=283.14, stdev=23.65, samples=7
  lat (usec)   : 250=10.94%, 500=64.65%, 750=20.12%, 1000=3.52%
  lat (msec)   : 2=0.78%
  fsync/fdatasync/sync_file_range:
    sync (usec): min=2078, max=13657, avg=3026.91, stdev=897.19
    sync percentiles (usec):
     |  1.00th=[ 2147],  5.00th=[ 2311], 10.00th=[ 2376], 20.00th=[ 2507],
     | 30.00th=[ 2606], 40.00th=[ 2671], 50.00th=[ 2737], 60.00th=[ 2835],
     | 70.00th=[ 2966], 80.00th=[ 3195], 90.00th=[ 4228], 95.00th=[ 5145],
     | 99.00th=[ 5932], 99.50th=[ 6259], 99.90th=[ 8291], 99.95th=[13698],
     | 99.99th=[13698]
  cpu          : usr=1.89%, sys=15.03%, ctx=3754, majf=0, minf=14
  IO depths    : 1=199.9%, 2=0.0%, 4=0.0%, 8=0.0%, 16=0.0%, 32=0.0%, >=64=0.0%
     submit    : 0=0.0%, 4=100.0%, 8=0.0%, 16=0.0%, 32=0.0%, 64=0.0%, >=64=0.0%
     complete  : 0=0.0%, 4=100.0%, 8=0.0%, 16=0.0%, 32=0.0%, 64=0.0%, >=64=0.0%
     issued rwts: total=0,1024,0,1023 short=0,0,0,0 dropped=0,0,0,0
     latency   : target=0, window=0, percentile=100.00%, depth=1

Run status group 0 (all jobs):
  WRITE: bw=284MiB/s (298MB/s), 284MiB/s-284MiB/s (298MB/s-298MB/s), io=1024MiB (1074MB), run=3606-3606msec

Disk stats (read/write):
  vdc: ios=0/2652, sectors=0/13640, merge=0/0, ticks=0/2659, in_queue=4896, util=70.60%
