buffered-read: (g=0): rw=read, bs=(R) 1024KiB-1024KiB, (W) 1024KiB-1024KiB, (T) 1024KiB-1024KiB, ioengine=psync, iodepth=1
fio-3.36
Starting 1 process

buffered-read: (groupid=0, jobs=1): err= 0: pid=2705: Sat Aug  9 10:17:21 2025
  read: IOPS=2403, BW=2404MiB/s (2521MB/s)(1024MiB/426msec)
    clat (usec): min=175, max=3600, avg=408.06, stdev=112.70
     lat (usec): min=175, max=3715, avg=408.51, stdev=115.90
    clat percentiles (usec):
     |  1.00th=[  351],  5.00th=[  359], 10.00th=[  363], 20.00th=[  371],
     | 30.00th=[  375], 40.00th=[  383], 50.00th=[  392], 60.00th=[  404],
     | 70.00th=[  420], 80.00th=[  433], 90.00th=[  461], 95.00th=[  494],
     | 99.00th=[  578], 99.50th=[  603], 99.90th=[ 1221], 99.95th=[ 3589],
     | 99.99th=[ 3589]
  lat (usec)   : 250=0.10%, 500=95.02%, 750=4.69%
  lat (msec)   : 2=0.10%, 4=0.10%
  cpu          : usr=1.41%, sys=97.18%, ctx=0, majf=0, minf=269
  IO depths    : 1=100.0%, 2=0.0%, 4=0.0%, 8=0.0%, 16=0.0%, 32=0.0%, >=64=0.0%
     submit    : 0=0.0%, 4=100.0%, 8=0.0%, 16=0.0%, 32=0.0%, 64=0.0%, >=64=0.0%
     complete  : 0=0.0%, 4=100.0%, 8=0.0%, 16=0.0%, 32=0.0%, 64=0.0%, >=64=0.0%
     issued rwts: total=1024,0,0,0 short=0,0,0,0 dropped=0,0,0,0
     latency   : target=0, window=0, percentile=100.00%, depth=1

Run status group 0 (all jobs):
   READ: bw=2404MiB/s (2521MB/s), 2404MiB/s-2404MiB/s (2521MB/s-2521MB/s), io=1024MiB (1074MB), run=426-426msec

Disk stats (read/write):
  vdc: ios=0/0, sectors=0/0, merge=0/0, ticks=0/0, in_queue=0, util=0.00%
