buffered-read: (g=0): rw=read, bs=(R) 1024KiB-1024KiB, (W) 1024KiB-1024KiB, (T) 1024KiB-1024KiB, ioengine=psync, iodepth=1
fio-3.36
Starting 1 process

buffered-read: (groupid=0, jobs=1): err= 0: pid=567: Sat Aug  9 10:13:04 2025
  read: IOPS=2497, BW=2498MiB/s (2619MB/s)(1024MiB/410msec)
    clat (usec): min=175, max=5791, avg=391.19, stdev=173.03
     lat (usec): min=176, max=5955, avg=392.01, stdev=178.02
    clat percentiles (usec):
     |  1.00th=[  343],  5.00th=[  351], 10.00th=[  355], 20.00th=[  363],
     | 30.00th=[  367], 40.00th=[  375], 50.00th=[  379], 60.00th=[  388],
     | 70.00th=[  392], 80.00th=[  404], 90.00th=[  424], 95.00th=[  445],
     | 99.00th=[  494], 99.50th=[  553], 99.90th=[ 1029], 99.95th=[ 5800],
     | 99.99th=[ 5800]
  lat (usec)   : 250=0.10%, 500=98.93%, 750=0.78%
  lat (msec)   : 2=0.10%, 10=0.10%
  cpu          : usr=5.13%, sys=94.13%, ctx=1, majf=0, minf=269
  IO depths    : 1=100.0%, 2=0.0%, 4=0.0%, 8=0.0%, 16=0.0%, 32=0.0%, >=64=0.0%
     submit    : 0=0.0%, 4=100.0%, 8=0.0%, 16=0.0%, 32=0.0%, 64=0.0%, >=64=0.0%
     complete  : 0=0.0%, 4=100.0%, 8=0.0%, 16=0.0%, 32=0.0%, 64=0.0%, >=64=0.0%
     issued rwts: total=1024,0,0,0 short=0,0,0,0 dropped=0,0,0,0
     latency   : target=0, window=0, percentile=100.00%, depth=1

Run status group 0 (all jobs):
   READ: bw=2498MiB/s (2619MB/s), 2498MiB/s-2498MiB/s (2619MB/s-2619MB/s), io=1024MiB (1074MB), run=410-410msec

Disk stats (read/write):
  vdc: ios=0/0, sectors=0/0, merge=0/0, ticks=0/0, in_queue=0, util=0.00%
