buffered-write: (g=0): rw=write, bs=(R) 1024KiB-1024KiB, (W) 1024KiB-1024KiB, (T) 1024KiB-1024KiB, ioengine=psync, iodepth=1
fio-3.36
Starting 1 process

buffered-write: (groupid=0, jobs=1): err= 0: pid=612: Tue Aug 12 18:18:48 2025
  write: IOPS=4047, BW=4047MiB/s (4244MB/s)(1024MiB/253msec); 0 zone resets
    clat (usec): min=195, max=655, avg=220.77, stdev=22.92
     lat (usec): min=206, max=862, avg=237.74, stdev=27.95
    clat percentiles (usec):
     |  1.00th=[  198],  5.00th=[  202], 10.00th=[  204], 20.00th=[  208],
     | 30.00th=[  210], 40.00th=[  215], 50.00th=[  217], 60.00th=[  219],
     | 70.00th=[  223], 80.00th=[  229], 90.00th=[  243], 95.00th=[  260],
     | 99.00th=[  297], 99.50th=[  310], 99.90th=[  326], 99.95th=[  660],
     | 99.99th=[  660]
  lat (usec)   : 250=93.26%, 500=6.64%, 750=0.10%
  cpu          : usr=19.05%, sys=79.37%, ctx=2, majf=0, minf=12
  IO depths    : 1=100.0%, 2=0.0%, 4=0.0%, 8=0.0%, 16=0.0%, 32=0.0%, >=64=0.0%
     submit    : 0=0.0%, 4=100.0%, 8=0.0%, 16=0.0%, 32=0.0%, 64=0.0%, >=64=0.0%
     complete  : 0=0.0%, 4=100.0%, 8=0.0%, 16=0.0%, 32=0.0%, 64=0.0%, >=64=0.0%
     issued rwts: total=0,1024,0,0 short=0,0,0,0 dropped=0,0,0,0
     latency   : target=0, window=0, percentile=100.00%, depth=1

Run status group 0 (all jobs):
  WRITE: bw=4047MiB/s (4244MB/s), 4047MiB/s-4047MiB/s (4244MB/s-4244MB/s), io=1024MiB (1074MB), run=253-253msec

Disk stats (read/write):
  vdc: ios=0/0, sectors=0/0, merge=0/0, ticks=0/0, in_queue=0, util=0.00%
