buffered-write: (g=0): rw=write, bs=(R) 100MiB-100MiB, (W) 100MiB-100MiB, (T) 100MiB-100MiB, ioengine=psync, iodepth=1
fio-3.36
Starting 1 process

buffered-write: (groupid=0, jobs=1): err= 0: pid=852: Tue Aug 12 18:19:08 2025
  write: IOPS=17, BW=1757MiB/s (1843MB/s)(1100MiB/626msec); 0 zone resets
    clat (msec): min=28, max=242, avg=49.82, stdev=63.82
     lat (msec): min=34, max=247, avg=56.29, stdev=63.49
    clat percentiles (msec):
     |  1.00th=[   29],  5.00th=[   29], 10.00th=[   29], 20.00th=[   29],
     | 30.00th=[   31], 40.00th=[   32], 50.00th=[   32], 60.00th=[   32],
     | 70.00th=[   32], 80.00th=[   32], 90.00th=[   34], 95.00th=[  243],
     | 99.00th=[  243], 99.50th=[  243], 99.90th=[  243], 99.95th=[  243],
     | 99.99th=[  243]
   bw (  MiB/s): min= 1996, max= 1996, per=100.00%, avg=1996.01, stdev= 0.00, samples=1
   iops        : min=   19, max=   19, avg=19.00, stdev= 0.00, samples=1
  lat (msec)   : 50=90.91%, 250=9.09%
  cpu          : usr=12.64%, sys=86.72%, ctx=3, majf=0, minf=12
  IO depths    : 1=100.0%, 2=0.0%, 4=0.0%, 8=0.0%, 16=0.0%, 32=0.0%, >=64=0.0%
     submit    : 0=0.0%, 4=100.0%, 8=0.0%, 16=0.0%, 32=0.0%, 64=0.0%, >=64=0.0%
     complete  : 0=0.0%, 4=100.0%, 8=0.0%, 16=0.0%, 32=0.0%, 64=0.0%, >=64=0.0%
     issued rwts: total=0,11,0,0 short=0,0,0,0 dropped=0,0,0,0
     latency   : target=0, window=0, percentile=100.00%, depth=1

Run status group 0 (all jobs):
  WRITE: bw=1757MiB/s (1843MB/s), 1757MiB/s-1757MiB/s (1843MB/s-1843MB/s), io=1100MiB (1153MB), run=626-626msec

Disk stats (read/write):
  vdc: ios=0/0, sectors=0/0, merge=0/0, ticks=0/0, in_queue=0, util=0.00%
