buffered-read: (g=0): rw=read, bs=(R) 1024KiB-1024KiB, (W) 1024KiB-1024KiB, (T) 1024KiB-1024KiB, ioengine=psync, iodepth=1
fio-3.36
Starting 1 process

buffered-read: (groupid=0, jobs=1): err= 0: pid=1167: Sat Aug  9 10:13:52 2025
  read: IOPS=2007, BW=2008MiB/s (2105MB/s)(1024MiB/510msec)
    clat (usec): min=193, max=3944, avg=459.44, stdev=131.18
     lat (usec): min=197, max=4074, avg=463.85, stdev=134.77
    clat percentiles (usec):
     |  1.00th=[  379],  5.00th=[  396], 10.00th=[  404], 20.00th=[  412],
     | 30.00th=[  420], 40.00th=[  429], 50.00th=[  437], 60.00th=[  445],
     | 70.00th=[  457], 80.00th=[  482], 90.00th=[  545], 95.00th=[  594],
     | 99.00th=[  734], 99.50th=[  799], 99.90th=[ 1221], 99.95th=[ 3949],
     | 99.99th=[ 3949]
   bw (  MiB/s): min= 2016, max= 2016, per=100.00%, avg=2016.00, stdev= 0.00, samples=1
   iops        : min= 2016, max= 2016, avg=2016.00, stdev= 0.00, samples=1
  lat (usec)   : 250=0.10%, 500=82.32%, 750=16.89%, 1000=0.49%
  lat (msec)   : 2=0.10%, 4=0.10%
  cpu          : usr=11.79%, sys=85.46%, ctx=2, majf=0, minf=269
  IO depths    : 1=100.0%, 2=0.0%, 4=0.0%, 8=0.0%, 16=0.0%, 32=0.0%, >=64=0.0%
     submit    : 0=0.0%, 4=100.0%, 8=0.0%, 16=0.0%, 32=0.0%, 64=0.0%, >=64=0.0%
     complete  : 0=0.0%, 4=100.0%, 8=0.0%, 16=0.0%, 32=0.0%, 64=0.0%, >=64=0.0%
     issued rwts: total=1024,0,0,0 short=0,0,0,0 dropped=0,0,0,0
     latency   : target=0, window=0, percentile=100.00%, depth=1

Run status group 0 (all jobs):
   READ: bw=2008MiB/s (2105MB/s), 2008MiB/s-2008MiB/s (2105MB/s-2105MB/s), io=1024MiB (1074MB), run=510-510msec

Disk stats (read/write):
  vdc: ios=0/0, sectors=0/0, merge=0/0, ticks=0/0, in_queue=0, util=0.00%
