buffered-read: (g=0): rw=read, bs=(R) 1024KiB-1024KiB, (W) 1024KiB-1024KiB, (T) 1024KiB-1024KiB, ioengine=psync, iodepth=1
fio-3.36
Starting 1 process

buffered-read: (groupid=0, jobs=1): err= 0: pid=2681: Sat Aug  9 10:17:20 2025
  read: IOPS=2343, BW=2343MiB/s (2457MB/s)(1024MiB/437msec)
    clat (usec): min=169, max=10228, avg=416.69, stdev=324.44
     lat (usec): min=170, max=10228, avg=417.56, stdev=325.52
    clat percentiles (usec):
     |  1.00th=[  355],  5.00th=[  363], 10.00th=[  367], 20.00th=[  375],
     | 30.00th=[  379], 40.00th=[  388], 50.00th=[  396], 60.00th=[  408],
     | 70.00th=[  420], 80.00th=[  433], 90.00th=[  453], 95.00th=[  478],
     | 99.00th=[  523], 99.50th=[  562], 99.90th=[ 3523], 99.95th=[10290],
     | 99.99th=[10290]
  lat (usec)   : 250=0.10%, 500=96.78%, 750=2.83%, 1000=0.10%
  lat (msec)   : 4=0.10%, 20=0.10%
  cpu          : usr=4.12%, sys=94.51%, ctx=0, majf=0, minf=269
  IO depths    : 1=100.0%, 2=0.0%, 4=0.0%, 8=0.0%, 16=0.0%, 32=0.0%, >=64=0.0%
     submit    : 0=0.0%, 4=100.0%, 8=0.0%, 16=0.0%, 32=0.0%, 64=0.0%, >=64=0.0%
     complete  : 0=0.0%, 4=100.0%, 8=0.0%, 16=0.0%, 32=0.0%, 64=0.0%, >=64=0.0%
     issued rwts: total=1024,0,0,0 short=0,0,0,0 dropped=0,0,0,0
     latency   : target=0, window=0, percentile=100.00%, depth=1

Run status group 0 (all jobs):
   READ: bw=2343MiB/s (2457MB/s), 2343MiB/s-2343MiB/s (2457MB/s-2457MB/s), io=1024MiB (1074MB), run=437-437msec

Disk stats (read/write):
  vdc: ios=0/0, sectors=0/0, merge=0/0, ticks=0/0, in_queue=0, util=0.00%
