buffered-write: (g=0): rw=write, bs=(R) 1024MiB-1024MiB, (W) 1024MiB-1024MiB, (T) 1024MiB-1024MiB, ioengine=psync, iodepth=1
fio-3.36
Starting 1 process

buffered-write: (groupid=0, jobs=1): err= 0: pid=1108: Tue Aug 12 18:19:37 2025
  write: IOPS=2, BW=2094MiB/s (2196MB/s)(1024MiB/489msec); 0 zone resets
    clat (nsec): min=380254k, max=380254k, avg=380254141.00, stdev= 0.00
     lat (nsec): min=482579k, max=482579k, avg=482578913.00, stdev= 0.00
    clat percentiles (msec):
     |  1.00th=[  380],  5.00th=[  380], 10.00th=[  380], 20.00th=[  380],
     | 30.00th=[  380], 40.00th=[  380], 50.00th=[  380], 60.00th=[  380],
     | 70.00th=[  380], 80.00th=[  380], 90.00th=[  380], 95.00th=[  380],
     | 99.00th=[  380], 99.50th=[  380], 99.90th=[  380], 99.95th=[  380],
     | 99.99th=[  380]
  lat (msec)   : 500=100.00%
  cpu          : usr=20.70%, sys=77.87%, ctx=3, majf=0, minf=12
  IO depths    : 1=100.0%, 2=0.0%, 4=0.0%, 8=0.0%, 16=0.0%, 32=0.0%, >=64=0.0%
     submit    : 0=0.0%, 4=100.0%, 8=0.0%, 16=0.0%, 32=0.0%, 64=0.0%, >=64=0.0%
     complete  : 0=0.0%, 4=100.0%, 8=0.0%, 16=0.0%, 32=0.0%, 64=0.0%, >=64=0.0%
     issued rwts: total=0,1,0,0 short=0,0,0,0 dropped=0,0,0,0
     latency   : target=0, window=0, percentile=100.00%, depth=1

Run status group 0 (all jobs):
  WRITE: bw=2094MiB/s (2196MB/s), 2094MiB/s-2094MiB/s (2196MB/s-2196MB/s), io=1024MiB (1074MB), run=489-489msec

Disk stats (read/write):
  vdc: ios=0/0, sectors=0/0, merge=0/0, ticks=0/0, in_queue=0, util=0.00%
