buffered-read: (g=0): rw=read, bs=(R) 1024KiB-1024KiB, (W) 1024KiB-1024KiB, (T) 1024KiB-1024KiB, ioengine=psync, iodepth=1
fio-3.36
Starting 1 process

buffered-read: (groupid=0, jobs=1): err= 0: pid=2513: Sat Aug  9 10:17:06 2025
  read: IOPS=2605, BW=2606MiB/s (2732MB/s)(1024MiB/393msec)
    clat (usec): min=149, max=3883, avg=375.30, stdev=116.20
     lat (usec): min=150, max=3990, avg=375.90, stdev=119.40
    clat percentiles (usec):
     |  1.00th=[  334],  5.00th=[  338], 10.00th=[  343], 20.00th=[  347],
     | 30.00th=[  351], 40.00th=[  359], 50.00th=[  363], 60.00th=[  367],
     | 70.00th=[  375], 80.00th=[  388], 90.00th=[  420], 95.00th=[  445],
     | 99.00th=[  490], 99.50th=[  515], 99.90th=[  881], 99.95th=[ 3884],
     | 99.99th=[ 3884]
  lat (usec)   : 250=0.10%, 500=99.22%, 750=0.49%, 1000=0.10%
  lat (msec)   : 4=0.10%
  cpu          : usr=2.55%, sys=95.66%, ctx=1, majf=0, minf=269
  IO depths    : 1=100.0%, 2=0.0%, 4=0.0%, 8=0.0%, 16=0.0%, 32=0.0%, >=64=0.0%
     submit    : 0=0.0%, 4=100.0%, 8=0.0%, 16=0.0%, 32=0.0%, 64=0.0%, >=64=0.0%
     complete  : 0=0.0%, 4=100.0%, 8=0.0%, 16=0.0%, 32=0.0%, 64=0.0%, >=64=0.0%
     issued rwts: total=1024,0,0,0 short=0,0,0,0 dropped=0,0,0,0
     latency   : target=0, window=0, percentile=100.00%, depth=1

Run status group 0 (all jobs):
   READ: bw=2606MiB/s (2732MB/s), 2606MiB/s-2606MiB/s (2732MB/s-2732MB/s), io=1024MiB (1074MB), run=393-393msec

Disk stats (read/write):
  vdc: ios=0/0, sectors=0/0, merge=0/0, ticks=0/0, in_queue=0, util=0.00%
