buffered-write: (g=0): rw=write, bs=(R) 100MiB-100MiB, (W) 100MiB-100MiB, (T) 100MiB-100MiB, ioengine=psync, iodepth=1
fio-3.36
Starting 1 process

buffered-write: (groupid=0, jobs=1): err= 0: pid=948: Tue Aug 12 18:19:17 2025
  write: IOPS=21, BW=2165MiB/s (2271MB/s)(1100MiB/508msec); 0 zone resets
    clat (usec): min=32319, max=44218, avg=37442.57, stdev=4244.68
     lat (usec): min=39343, max=53961, avg=45404.02, stdev=4802.86
    clat percentiles (usec):
     |  1.00th=[32375],  5.00th=[32375], 10.00th=[32637], 20.00th=[33162],
     | 30.00th=[34866], 40.00th=[35914], 50.00th=[35914], 60.00th=[38011],
     | 70.00th=[40109], 80.00th=[41157], 90.00th=[43254], 95.00th=[44303],
     | 99.00th=[44303], 99.50th=[44303], 99.90th=[44303], 99.95th=[44303],
     | 99.99th=[44303]
   bw (  MiB/s): min= 1996, max= 1996, per=92.18%, avg=1996.01, stdev= 0.00, samples=1
   iops        : min=   19, max=   19, avg=19.00, stdev= 0.00, samples=1
  lat (msec)   : 50=100.00%
  cpu          : usr=16.77%, sys=81.07%, ctx=1, majf=0, minf=12
  IO depths    : 1=100.0%, 2=0.0%, 4=0.0%, 8=0.0%, 16=0.0%, 32=0.0%, >=64=0.0%
     submit    : 0=0.0%, 4=100.0%, 8=0.0%, 16=0.0%, 32=0.0%, 64=0.0%, >=64=0.0%
     complete  : 0=0.0%, 4=100.0%, 8=0.0%, 16=0.0%, 32=0.0%, 64=0.0%, >=64=0.0%
     issued rwts: total=0,11,0,0 short=0,0,0,0 dropped=0,0,0,0
     latency   : target=0, window=0, percentile=100.00%, depth=1

Run status group 0 (all jobs):
  WRITE: bw=2165MiB/s (2271MB/s), 2165MiB/s-2165MiB/s (2271MB/s-2271MB/s), io=1100MiB (1153MB), run=508-508msec

Disk stats (read/write):
  vdc: ios=0/0, sectors=0/0, merge=0/0, ticks=0/0, in_queue=0, util=0.00%
