buffered-write: (g=0): rw=write, bs=(R) 1024KiB-1024KiB, (W) 1024KiB-1024KiB, (T) 1024KiB-1024KiB, ioengine=psync, iodepth=1
fio-3.36
Starting 1 process

buffered-write: (groupid=0, jobs=1): err= 0: pid=516: Tue Aug 12 18:18:41 2025
  write: IOPS=3893, BW=3894MiB/s (4083MB/s)(1024MiB/263msec); 0 zone resets
    clat (usec): min=197, max=720, avg=228.78, stdev=33.11
     lat (usec): min=210, max=931, avg=247.80, stdev=37.84
    clat percentiles (usec):
     |  1.00th=[  202],  5.00th=[  206], 10.00th=[  210], 20.00th=[  215],
     | 30.00th=[  217], 40.00th=[  219], 50.00th=[  221], 60.00th=[  225],
     | 70.00th=[  231], 80.00th=[  237], 90.00th=[  251], 95.00th=[  273],
     | 99.00th=[  355], 99.50th=[  379], 99.90th=[  717], 99.95th=[  717],
     | 99.99th=[  717]
  lat (usec)   : 250=89.94%, 500=9.77%, 750=0.29%
  cpu          : usr=15.21%, sys=81.75%, ctx=3, majf=0, minf=12
  IO depths    : 1=100.0%, 2=0.0%, 4=0.0%, 8=0.0%, 16=0.0%, 32=0.0%, >=64=0.0%
     submit    : 0=0.0%, 4=100.0%, 8=0.0%, 16=0.0%, 32=0.0%, 64=0.0%, >=64=0.0%
     complete  : 0=0.0%, 4=100.0%, 8=0.0%, 16=0.0%, 32=0.0%, 64=0.0%, >=64=0.0%
     issued rwts: total=0,1024,0,0 short=0,0,0,0 dropped=0,0,0,0
     latency   : target=0, window=0, percentile=100.00%, depth=1

Run status group 0 (all jobs):
  WRITE: bw=3894MiB/s (4083MB/s), 3894MiB/s-3894MiB/s (4083MB/s-4083MB/s), io=1024MiB (1074MB), run=263-263msec

Disk stats (read/write):
  vdc: ios=0/0, sectors=0/0, merge=0/0, ticks=0/0, in_queue=0, util=0.00%
