buffered-write: (g=0): rw=write, bs=(R) 4096B-4096B, (W) 4096B-4096B, (T) 4096B-4096B, ioengine=psync, iodepth=1
fio-3.36
Starting 1 process

buffered-write: (groupid=0, jobs=1): err= 0: pid=483: Tue Aug 12 18:18:28 2025
  write: IOPS=111k, BW=435MiB/s (456MB/s)(1024MiB/2356msec); 0 zone resets
    clat (usec): min=5, max=9597, avg= 7.57, stdev=19.10
     lat (usec): min=6, max=9598, avg= 7.80, stdev=19.16
    clat percentiles (usec):
     |  1.00th=[    7],  5.00th=[    7], 10.00th=[    7], 20.00th=[    8],
     | 30.00th=[    8], 40.00th=[    8], 50.00th=[    8], 60.00th=[    8],
     | 70.00th=[    8], 80.00th=[    8], 90.00th=[    8], 95.00th=[    9],
     | 99.00th=[   18], 99.50th=[   21], 99.90th=[   62], 99.95th=[   77],
     | 99.99th=[  111]
   bw (  KiB/s): min=425564, max=456440, per=99.93%, avg=444771.00, stdev=13849.64, samples=4
   iops        : min=106419, max=114112, avg=111200.75, stdev=3449.55, samples=4
  lat (usec)   : 10=97.66%, 20=1.79%, 50=0.37%, 100=0.16%, 250=0.02%
  lat (usec)   : 500=0.01%, 1000=0.01%
  lat (msec)   : 10=0.01%
  cpu          : usr=79.63%, sys=19.31%, ctx=6, majf=0, minf=14
  IO depths    : 1=100.0%, 2=0.0%, 4=0.0%, 8=0.0%, 16=0.0%, 32=0.0%, >=64=0.0%
     submit    : 0=0.0%, 4=100.0%, 8=0.0%, 16=0.0%, 32=0.0%, 64=0.0%, >=64=0.0%
     complete  : 0=0.0%, 4=100.0%, 8=0.0%, 16=0.0%, 32=0.0%, 64=0.0%, >=64=0.0%
     issued rwts: total=0,262144,0,0 short=0,0,0,0 dropped=0,0,0,0
     latency   : target=0, window=0, percentile=100.00%, depth=1

Run status group 0 (all jobs):
  WRITE: bw=435MiB/s (456MB/s), 435MiB/s-435MiB/s (456MB/s-456MB/s), io=1024MiB (1074MB), run=2356-2356msec

Disk stats (read/write):
  vdc: ios=0/0, sectors=0/0, merge=0/0, ticks=0/0, in_queue=0, util=0.00%
