buffered-read: (g=0): rw=read, bs=(R) 100MiB-100MiB, (W) 100MiB-100MiB, (T) 100MiB-100MiB, ioengine=psync, iodepth=1
fio-3.36
Starting 1 process

buffered-read: (groupid=0, jobs=1): err= 0: pid=2969: Sat Aug  9 10:17:44 2025
  read: IOPS=18, BW=1805MiB/s (1893MB/s)(1000MiB/554msec)
    clat (usec): min=49540, max=79023, avg=55029.35, stdev=10017.74
     lat (usec): min=49543, max=79133, avg=55042.93, stdev=10046.62
    clat percentiles (usec):
     |  1.00th=[49546],  5.00th=[49546], 10.00th=[49546], 20.00th=[49546],
     | 30.00th=[50070], 40.00th=[50594], 50.00th=[50594], 60.00th=[51119],
     | 70.00th=[51119], 80.00th=[51119], 90.00th=[67634], 95.00th=[79168],
     | 99.00th=[79168], 99.50th=[79168], 99.90th=[79168], 99.95th=[79168],
     | 99.99th=[79168]
   bw (  MiB/s): min= 1800, max= 1800, per=99.72%, avg=1800.00, stdev= 0.00, samples=1
   iops        : min=   18, max=   18, avg=18.00, stdev= 0.00, samples=1
  lat (msec)   : 50=20.00%, 100=80.00%
  cpu          : usr=0.54%, sys=97.65%, ctx=0, majf=0, minf=573
  IO depths    : 1=100.0%, 2=0.0%, 4=0.0%, 8=0.0%, 16=0.0%, 32=0.0%, >=64=0.0%
     submit    : 0=0.0%, 4=100.0%, 8=0.0%, 16=0.0%, 32=0.0%, 64=0.0%, >=64=0.0%
     complete  : 0=0.0%, 4=100.0%, 8=0.0%, 16=0.0%, 32=0.0%, 64=0.0%, >=64=0.0%
     issued rwts: total=10,0,0,0 short=0,0,0,0 dropped=0,0,0,0
     latency   : target=0, window=0, percentile=100.00%, depth=1

Run status group 0 (all jobs):
   READ: bw=1805MiB/s (1893MB/s), 1805MiB/s-1805MiB/s (1893MB/s-1893MB/s), io=1000MiB (1049MB), run=554-554msec

Disk stats (read/write):
  vdc: ios=0/0, sectors=0/0, merge=0/0, ticks=0/0, in_queue=0, util=0.00%
