buffered-read: (g=0): rw=read, bs=(R) 4096B-4096B, (W) 4096B-4096B, (T) 4096B-4096B, ioengine=psync, iodepth=1
fio-3.36
Starting 1 process

buffered-read: (groupid=0, jobs=1): err= 0: pid=488: Sat Aug  9 10:38:35 2025
  read: IOPS=211k, BW=823MiB/s (863MB/s)(1024MiB/1244msec)
    clat (usec): min=2, max=481, avg= 3.52, stdev= 8.30
     lat (usec): min=2, max=595, avg= 3.69, stdev= 8.35
    clat percentiles (usec):
     |  1.00th=[    3],  5.00th=[    3], 10.00th=[    3], 20.00th=[    3],
     | 30.00th=[    3], 40.00th=[    3], 50.00th=[    3], 60.00th=[    3],
     | 70.00th=[    3], 80.00th=[    3], 90.00th=[    3], 95.00th=[    3],
     | 99.00th=[   61], 99.50th=[   68], 99.90th=[   82], 99.95th=[   95],
     | 99.99th=[  135]
   bw (  KiB/s): min=842491, max=845133, per=100.00%, avg=843812.00, stdev=1868.18, samples=2
   iops        : min=210664, max=211275, avg=210969.50, stdev=432.04, samples=2
  lat (usec)   : 4=97.69%, 10=0.60%, 20=0.07%, 50=0.03%, 100=1.56%
  lat (usec)   : 250=0.04%, 500=0.01%
  cpu          : usr=71.30%, sys=27.49%, ctx=2, majf=0, minf=12
  IO depths    : 1=100.0%, 2=0.0%, 4=0.0%, 8=0.0%, 16=0.0%, 32=0.0%, >=64=0.0%
     submit    : 0=0.0%, 4=100.0%, 8=0.0%, 16=0.0%, 32=0.0%, 64=0.0%, >=64=0.0%
     complete  : 0=0.0%, 4=100.0%, 8=0.0%, 16=0.0%, 32=0.0%, 64=0.0%, >=64=0.0%
     issued rwts: total=262144,0,0,0 short=0,0,0,0 dropped=0,0,0,0
     latency   : target=0, window=0, percentile=100.00%, depth=1

Run status group 0 (all jobs):
   READ: bw=823MiB/s (863MB/s), 823MiB/s-823MiB/s (863MB/s-863MB/s), io=1024MiB (1074MB), run=1244-1244msec

Disk stats (read/write):
  vdc: ios=0/0, sectors=0/0, merge=0/0, ticks=0/0, in_queue=0, util=0.00%
