buffered-write: (g=0): rw=write, bs=(R) 128KiB-128KiB, (W) 128KiB-128KiB, (T) 128KiB-128KiB, ioengine=psync, iodepth=1
fio-3.36
Starting 1 process

buffered-write: (groupid=0, jobs=1): err= 0: pid=1476: Tue Aug 12 18:20:30 2025
  write: IOPS=26.7k, BW=3336MiB/s (3498MB/s)(1024MiB/307msec); 0 zone resets
    clat (usec): min=29, max=393, avg=34.14, stdev= 7.80
     lat (usec): min=30, max=641, avg=35.40, stdev= 9.59
    clat percentiles (usec):
     |  1.00th=[   31],  5.00th=[   32], 10.00th=[   32], 20.00th=[   33],
     | 30.00th=[   33], 40.00th=[   34], 50.00th=[   34], 60.00th=[   34],
     | 70.00th=[   35], 80.00th=[   35], 90.00th=[   37], 95.00th=[   38],
     | 99.00th=[   58], 99.50th=[   90], 99.90th=[  106], 99.95th=[  133],
     | 99.99th=[  392]
  lat (usec)   : 50=98.89%, 100=0.89%, 250=0.20%, 500=0.02%
  cpu          : usr=31.92%, sys=66.78%, ctx=4, majf=0, minf=13
  IO depths    : 1=100.0%, 2=0.0%, 4=0.0%, 8=0.0%, 16=0.0%, 32=0.0%, >=64=0.0%
     submit    : 0=0.0%, 4=100.0%, 8=0.0%, 16=0.0%, 32=0.0%, 64=0.0%, >=64=0.0%
     complete  : 0=0.0%, 4=100.0%, 8=0.0%, 16=0.0%, 32=0.0%, 64=0.0%, >=64=0.0%
     issued rwts: total=0,8192,0,0 short=0,0,0,0 dropped=0,0,0,0
     latency   : target=0, window=0, percentile=100.00%, depth=1

Run status group 0 (all jobs):
  WRITE: bw=3336MiB/s (3498MB/s), 3336MiB/s-3336MiB/s (3498MB/s-3498MB/s), io=1024MiB (1074MB), run=307-307msec

Disk stats (read/write):
  vdc: ios=0/0, sectors=0/0, merge=0/0, ticks=0/0, in_queue=0, util=0.00%
