buffered-read: (g=0): rw=read, bs=(R) 100MiB-100MiB, (W) 100MiB-100MiB, (T) 100MiB-100MiB, ioengine=psync, iodepth=1
fio-3.36
Starting 1 process

buffered-read: (groupid=0, jobs=1): err= 0: pid=3017: Sat Aug  9 10:17:48 2025
  read: IOPS=17, BW=1792MiB/s (1879MB/s)(1000MiB/558msec)
    clat (usec): min=50113, max=81355, avg=55456.78, stdev=9210.91
     lat (usec): min=50116, max=81472, avg=55471.04, stdev=9246.58
    clat percentiles (usec):
     |  1.00th=[50070],  5.00th=[50070], 10.00th=[50070], 20.00th=[50594],
     | 30.00th=[51643], 40.00th=[52167], 50.00th=[53216], 60.00th=[53216],
     | 70.00th=[53740], 80.00th=[53740], 90.00th=[54264], 95.00th=[81265],
     | 99.00th=[81265], 99.50th=[81265], 99.90th=[81265], 99.95th=[81265],
     | 99.99th=[81265]
   bw (  MiB/s): min= 1600, max= 1600, per=89.28%, avg=1600.00, stdev= 0.00, samples=1
   iops        : min=   16, max=   16, avg=16.00, stdev= 0.00, samples=1
  lat (msec)   : 100=100.00%
  cpu          : usr=1.08%, sys=97.49%, ctx=0, majf=0, minf=573
  IO depths    : 1=100.0%, 2=0.0%, 4=0.0%, 8=0.0%, 16=0.0%, 32=0.0%, >=64=0.0%
     submit    : 0=0.0%, 4=100.0%, 8=0.0%, 16=0.0%, 32=0.0%, 64=0.0%, >=64=0.0%
     complete  : 0=0.0%, 4=100.0%, 8=0.0%, 16=0.0%, 32=0.0%, 64=0.0%, >=64=0.0%
     issued rwts: total=10,0,0,0 short=0,0,0,0 dropped=0,0,0,0
     latency   : target=0, window=0, percentile=100.00%, depth=1

Run status group 0 (all jobs):
   READ: bw=1792MiB/s (1879MB/s), 1792MiB/s-1792MiB/s (1879MB/s-1879MB/s), io=1000MiB (1049MB), run=558-558msec

Disk stats (read/write):
  vdc: ios=0/0, sectors=0/0, merge=0/0, ticks=0/0, in_queue=0, util=0.00%
