buffered-write: (g=0): rw=write, bs=(R) 4096B-4096B, (W) 4096B-4096B, (T) 4096B-4096B, ioengine=psync, iodepth=1
fio-3.36
Starting 1 process

buffered-write: (groupid=0, jobs=1): err= 0: pid=1172: Tue Aug 12 18:19:47 2025
  write: IOPS=104k, BW=406MiB/s (425MB/s)(1024MiB/2524msec); 0 zone resets
    clat (usec): min=5, max=390, avg= 7.92, stdev= 3.02
     lat (usec): min=6, max=537, avg= 8.16, stdev= 3.21
    clat percentiles (usec):
     |  1.00th=[    8],  5.00th=[    8], 10.00th=[    8], 20.00th=[    8],
     | 30.00th=[    8], 40.00th=[    8], 50.00th=[    8], 60.00th=[    8],
     | 70.00th=[    8], 80.00th=[    8], 90.00th=[    9], 95.00th=[    9],
     | 99.00th=[   11], 99.50th=[   18], 99.90th=[   59], 99.95th=[   68],
     | 99.99th=[  120]
   bw (  KiB/s): min=407824, max=421312, per=100.00%, avg=416212.80, stdev=6291.62, samples=5
   iops        : min=101954, max=105344, avg=104057.60, stdev=1577.91, samples=5
  lat (usec)   : 10=98.70%, 20=1.00%, 50=0.10%, 100=0.18%, 250=0.01%
  lat (usec)   : 500=0.01%
  cpu          : usr=70.29%, sys=28.65%, ctx=2, majf=0, minf=13
  IO depths    : 1=100.0%, 2=0.0%, 4=0.0%, 8=0.0%, 16=0.0%, 32=0.0%, >=64=0.0%
     submit    : 0=0.0%, 4=100.0%, 8=0.0%, 16=0.0%, 32=0.0%, 64=0.0%, >=64=0.0%
     complete  : 0=0.0%, 4=100.0%, 8=0.0%, 16=0.0%, 32=0.0%, 64=0.0%, >=64=0.0%
     issued rwts: total=0,262144,0,0 short=0,0,0,0 dropped=0,0,0,0
     latency   : target=0, window=0, percentile=100.00%, depth=1

Run status group 0 (all jobs):
  WRITE: bw=406MiB/s (425MB/s), 406MiB/s-406MiB/s (425MB/s-425MB/s), io=1024MiB (1074MB), run=2524-2524msec

Disk stats (read/write):
  vdc: ios=0/0, sectors=0/0, merge=0/0, ticks=0/0, in_queue=0, util=0.00%
