buffered-read: (g=0): rw=read, bs=(R) 4096B-4096B, (W) 4096B-4096B, (T) 4096B-4096B, ioengine=psync, iodepth=1
fio-3.36
Starting 1 process

buffered-read: (groupid=0, jobs=1): err= 0: pid=1364: Fri Aug  8 20:55:32 2025
  read: IOPS=159k, BW=621MiB/s (652MB/s)(1024MiB/1648msec)
    clat (usec): min=2, max=9335, avg= 4.61, stdev=20.77
     lat (usec): min=2, max=9336, avg= 4.89, stdev=20.98
    clat percentiles (usec):
     |  1.00th=[    3],  5.00th=[    3], 10.00th=[    3], 20.00th=[    3],
     | 30.00th=[    3], 40.00th=[    3], 50.00th=[    3], 60.00th=[    3],
     | 70.00th=[    4], 80.00th=[    4], 90.00th=[    4], 95.00th=[    8],
     | 99.00th=[   68], 99.50th=[   73], 99.90th=[  100], 99.95th=[  119],
     | 99.99th=[  233]
   bw (  KiB/s): min=608718, max=645320, per=99.48%, avg=632937.33, stdev=20976.33, samples=3
   iops        : min=152187, max=161306, avg=158248.67, stdev=5249.62, samples=3
  lat (usec)   : 4=93.05%, 10=3.40%, 20=0.46%, 50=1.63%, 100=1.36%
  lat (usec)   : 250=0.09%, 500=0.01%, 1000=0.01%
  lat (msec)   : 10=0.01%
  cpu          : usr=51.21%, sys=30.64%, ctx=30, majf=0, minf=13
  IO depths    : 1=100.0%, 2=0.0%, 4=0.0%, 8=0.0%, 16=0.0%, 32=0.0%, >=64=0.0%
     submit    : 0=0.0%, 4=100.0%, 8=0.0%, 16=0.0%, 32=0.0%, 64=0.0%, >=64=0.0%
     complete  : 0=0.0%, 4=100.0%, 8=0.0%, 16=0.0%, 32=0.0%, 64=0.0%, >=64=0.0%
     issued rwts: total=262144,0,0,0 short=0,0,0,0 dropped=0,0,0,0
     latency   : target=0, window=0, percentile=100.00%, depth=1

Run status group 0 (all jobs):
   READ: bw=621MiB/s (652MB/s), 621MiB/s-621MiB/s (652MB/s-652MB/s), io=1024MiB (1074MB), run=1648-1648msec

Disk stats (read/write):
  vdc: ios=4046/0, sectors=2066960/0, merge=0/0, ticks=843/0, in_queue=843, util=37.67%
