buffered-read: (g=0): rw=read, bs=(R) 1024KiB-1024KiB, (W) 1024KiB-1024KiB, (T) 1024KiB-1024KiB, ioengine=psync, iodepth=1
fio-3.36
Starting 1 process

buffered-read: (groupid=0, jobs=1): err= 0: pid=2657: Sat Aug  9 10:17:18 2025
  read: IOPS=2415, BW=2415MiB/s (2532MB/s)(1024MiB/424msec)
    clat (usec): min=158, max=4303, avg=405.99, stdev=141.96
     lat (usec): min=158, max=4418, avg=406.47, stdev=145.12
    clat percentiles (usec):
     |  1.00th=[  351],  5.00th=[  355], 10.00th=[  359], 20.00th=[  367],
     | 30.00th=[  371], 40.00th=[  375], 50.00th=[  383], 60.00th=[  388],
     | 70.00th=[  396], 80.00th=[  412], 90.00th=[  453], 95.00th=[  510],
     | 99.00th=[  709], 99.50th=[  816], 99.90th=[  881], 99.95th=[ 4293],
     | 99.99th=[ 4293]
  lat (usec)   : 250=0.10%, 500=94.34%, 750=4.79%, 1000=0.68%
  lat (msec)   : 10=0.10%
  cpu          : usr=4.26%, sys=94.09%, ctx=2, majf=0, minf=269
  IO depths    : 1=100.0%, 2=0.0%, 4=0.0%, 8=0.0%, 16=0.0%, 32=0.0%, >=64=0.0%
     submit    : 0=0.0%, 4=100.0%, 8=0.0%, 16=0.0%, 32=0.0%, 64=0.0%, >=64=0.0%
     complete  : 0=0.0%, 4=100.0%, 8=0.0%, 16=0.0%, 32=0.0%, 64=0.0%, >=64=0.0%
     issued rwts: total=1024,0,0,0 short=0,0,0,0 dropped=0,0,0,0
     latency   : target=0, window=0, percentile=100.00%, depth=1

Run status group 0 (all jobs):
   READ: bw=2415MiB/s (2532MB/s), 2415MiB/s-2415MiB/s (2532MB/s-2532MB/s), io=1024MiB (1074MB), run=424-424msec

Disk stats (read/write):
  vdc: ios=0/0, sectors=0/0, merge=0/0, ticks=0/0, in_queue=0, util=0.00%
