buffered-read: (g=0): rw=read, bs=(R) 128KiB-128KiB, (W) 128KiB-128KiB, (T) 128KiB-128KiB, ioengine=psync, iodepth=1
fio-3.36
Starting 1 process

buffered-read: (groupid=0, jobs=1): err= 0: pid=1748: Fri Aug  8 20:56:15 2025
  read: IOPS=10.7k, BW=1335MiB/s (1400MB/s)(1024MiB/767msec)
    clat (usec): min=24, max=2147, avg=88.49, stdev=78.57
     lat (usec): min=24, max=2260, avg=89.31, stdev=79.09
    clat percentiles (usec):
     |  1.00th=[   26],  5.00th=[   28], 10.00th=[   30], 20.00th=[   31],
     | 30.00th=[   34], 40.00th=[   51], 50.00th=[   59], 60.00th=[   69],
     | 70.00th=[  102], 80.00th=[  139], 90.00th=[  210], 95.00th=[  237],
     | 99.00th=[  322], 99.50th=[  363], 99.90th=[  553], 99.95th=[  660],
     | 99.99th=[ 2147]
   bw (  MiB/s): min= 1362, max= 1362, per=100.00%, avg=1362.28, stdev= 0.00, samples=1
   iops        : min=10902, max=10902, avg=10902.00, stdev= 0.00, samples=1
  lat (usec)   : 50=39.71%, 100=29.48%, 250=27.22%, 500=3.45%, 750=0.09%
  lat (usec)   : 1000=0.04%
  lat (msec)   : 4=0.01%
  cpu          : usr=6.53%, sys=42.43%, ctx=1351, majf=0, minf=44
  IO depths    : 1=100.0%, 2=0.0%, 4=0.0%, 8=0.0%, 16=0.0%, 32=0.0%, >=64=0.0%
     submit    : 0=0.0%, 4=100.0%, 8=0.0%, 16=0.0%, 32=0.0%, 64=0.0%, >=64=0.0%
     complete  : 0=0.0%, 4=100.0%, 8=0.0%, 16=0.0%, 32=0.0%, 64=0.0%, >=64=0.0%
     issued rwts: total=8192,0,0,0 short=0,0,0,0 dropped=0,0,0,0
     latency   : target=0, window=0, percentile=100.00%, depth=1

Run status group 0 (all jobs):
   READ: bw=1335MiB/s (1400MB/s), 1335MiB/s-1335MiB/s (1400MB/s-1400MB/s), io=1024MiB (1074MB), run=767-767msec

Disk stats (read/write):
  vdc: ios=3303/0, sectors=1690128/0, merge=0/0, ticks=618/0, in_queue=618, util=42.42%
