buffered-read: (g=0): rw=read, bs=(R) 100MiB-100MiB, (W) 100MiB-100MiB, (T) 100MiB-100MiB, ioengine=psync, iodepth=1
fio-3.36
Starting 1 process

buffered-read: (groupid=0, jobs=1): err= 0: pid=2993: Sat Aug  9 10:17:46 2025
  read: IOPS=17, BW=1792MiB/s (1879MB/s)(1000MiB/558msec)
    clat (usec): min=48225, max=87454, avg=55381.48, stdev=11630.51
     lat (usec): min=48227, max=87618, avg=55400.26, stdev=11679.95
    clat percentiles (usec):
     |  1.00th=[47973],  5.00th=[47973], 10.00th=[47973], 20.00th=[49546],
     | 30.00th=[50070], 40.00th=[50070], 50.00th=[50070], 60.00th=[51643],
     | 70.00th=[54264], 80.00th=[54789], 90.00th=[57934], 95.00th=[87557],
     | 99.00th=[87557], 99.50th=[87557], 99.90th=[87557], 99.95th=[87557],
     | 99.99th=[87557]
   bw (  MiB/s): min= 1596, max= 1596, per=89.10%, avg=1596.81, stdev= 0.00, samples=1
   iops        : min=   15, max=   15, avg=15.00, stdev= 0.00, samples=1
  lat (msec)   : 50=20.00%, 100=80.00%
  cpu          : usr=0.54%, sys=97.85%, ctx=0, majf=0, minf=573
  IO depths    : 1=100.0%, 2=0.0%, 4=0.0%, 8=0.0%, 16=0.0%, 32=0.0%, >=64=0.0%
     submit    : 0=0.0%, 4=100.0%, 8=0.0%, 16=0.0%, 32=0.0%, 64=0.0%, >=64=0.0%
     complete  : 0=0.0%, 4=100.0%, 8=0.0%, 16=0.0%, 32=0.0%, 64=0.0%, >=64=0.0%
     issued rwts: total=10,0,0,0 short=0,0,0,0 dropped=0,0,0,0
     latency   : target=0, window=0, percentile=100.00%, depth=1

Run status group 0 (all jobs):
   READ: bw=1792MiB/s (1879MB/s), 1792MiB/s-1792MiB/s (1879MB/s-1879MB/s), io=1000MiB (1049MB), run=558-558msec

Disk stats (read/write):
  vdc: ios=0/0, sectors=0/0, merge=0/0, ticks=0/0, in_queue=0, util=0.00%
