buffered-write: (g=0): rw=write, bs=(R) 1024MiB-1024MiB, (W) 1024MiB-1024MiB, (T) 1024MiB-1024MiB, ioengine=psync, iodepth=1
fio-3.36
Starting 1 process

buffered-write: (groupid=0, jobs=1): err= 0: pid=1060: Tue Aug 12 18:19:31 2025
  write: IOPS=1, BW=1665MiB/s (1746MB/s)(1024MiB/615msec); 0 zone resets
    clat (nsec): min=504756k, max=504756k, avg=504755908.00, stdev= 0.00
     lat (nsec): min=608844k, max=608844k, avg=608844158.00, stdev= 0.00
    clat percentiles (msec):
     |  1.00th=[  506],  5.00th=[  506], 10.00th=[  506], 20.00th=[  506],
     | 30.00th=[  506], 40.00th=[  506], 50.00th=[  506], 60.00th=[  506],
     | 70.00th=[  506], 80.00th=[  506], 90.00th=[  506], 95.00th=[  506],
     | 99.00th=[  506], 99.50th=[  506], 99.90th=[  506], 99.95th=[  506],
     | 99.99th=[  506]
  lat (msec)   : 750=100.00%
  cpu          : usr=16.78%, sys=81.76%, ctx=4, majf=0, minf=12
  IO depths    : 1=100.0%, 2=0.0%, 4=0.0%, 8=0.0%, 16=0.0%, 32=0.0%, >=64=0.0%
     submit    : 0=0.0%, 4=100.0%, 8=0.0%, 16=0.0%, 32=0.0%, 64=0.0%, >=64=0.0%
     complete  : 0=0.0%, 4=100.0%, 8=0.0%, 16=0.0%, 32=0.0%, 64=0.0%, >=64=0.0%
     issued rwts: total=0,1,0,0 short=0,0,0,0 dropped=0,0,0,0
     latency   : target=0, window=0, percentile=100.00%, depth=1

Run status group 0 (all jobs):
  WRITE: bw=1665MiB/s (1746MB/s), 1665MiB/s-1665MiB/s (1746MB/s-1746MB/s), io=1024MiB (1074MB), run=615-615msec

Disk stats (read/write):
  vdc: ios=0/0, sectors=0/0, merge=0/0, ticks=0/0, in_queue=0, util=0.00%
