buffered-read: (g=0): rw=read, bs=(R) 10.0MiB-10.0MiB, (W) 10.0MiB-10.0MiB, (T) 10.0MiB-10.0MiB, ioengine=psync, iodepth=1
fio-3.36
Starting 1 process

buffered-read: (groupid=0, jobs=1): err= 0: pid=1647: Sat Aug  9 10:14:32 2025
  read: IOPS=208, BW=2082MiB/s (2183MB/s)(1020MiB/490msec)
    clat (usec): min=3896, max=18112, avg=4746.36, stdev=1416.01
     lat (usec): min=3898, max=18229, avg=4750.07, stdev=1426.62
    clat percentiles (usec):
     |  1.00th=[ 3916],  5.00th=[ 3982], 10.00th=[ 4047], 20.00th=[ 4146],
     | 30.00th=[ 4178], 40.00th=[ 4228], 50.00th=[ 4752], 60.00th=[ 4883],
     | 70.00th=[ 5014], 80.00th=[ 5080], 90.00th=[ 5145], 95.00th=[ 5276],
     | 99.00th=[ 5669], 99.50th=[18220], 99.90th=[18220], 99.95th=[18220],
     | 99.99th=[18220]
  lat (msec)   : 4=6.86%, 10=92.16%, 20=0.98%
  cpu          : usr=0.61%, sys=97.34%, ctx=0, majf=0, minf=528
  IO depths    : 1=100.0%, 2=0.0%, 4=0.0%, 8=0.0%, 16=0.0%, 32=0.0%, >=64=0.0%
     submit    : 0=0.0%, 4=100.0%, 8=0.0%, 16=0.0%, 32=0.0%, 64=0.0%, >=64=0.0%
     complete  : 0=0.0%, 4=100.0%, 8=0.0%, 16=0.0%, 32=0.0%, 64=0.0%, >=64=0.0%
     issued rwts: total=102,0,0,0 short=0,0,0,0 dropped=0,0,0,0
     latency   : target=0, window=0, percentile=100.00%, depth=1

Run status group 0 (all jobs):
   READ: bw=2082MiB/s (2183MB/s), 2082MiB/s-2082MiB/s (2183MB/s-2183MB/s), io=1020MiB (1070MB), run=490-490msec

Disk stats (read/write):
  vdc: ios=0/0, sectors=0/0, merge=0/0, ticks=0/0, in_queue=0, util=0.00%
