buffered-write: (g=0): rw=write, bs=(R) 1024KiB-1024KiB, (W) 1024KiB-1024KiB, (T) 1024KiB-1024KiB, ioengine=psync, iodepth=1
fio-3.36
Starting 1 process

buffered-write: (groupid=0, jobs=1): err= 0: pid=548: Tue Aug 12 18:18:43 2025
  write: IOPS=4129, BW=4129MiB/s (4330MB/s)(1024MiB/248msec); 0 zone resets
    clat (usec): min=197, max=706, avg=217.38, stdev=27.92
     lat (usec): min=205, max=972, avg=229.76, stdev=33.52
    clat percentiles (usec):
     |  1.00th=[  200],  5.00th=[  200], 10.00th=[  202], 20.00th=[  204],
     | 30.00th=[  206], 40.00th=[  206], 50.00th=[  210], 60.00th=[  212],
     | 70.00th=[  219], 80.00th=[  227], 90.00th=[  241], 95.00th=[  262],
     | 99.00th=[  326], 99.50th=[  359], 99.90th=[  441], 99.95th=[  709],
     | 99.99th=[  709]
  lat (usec)   : 250=92.87%, 500=7.03%, 750=0.10%
  cpu          : usr=12.96%, sys=85.43%, ctx=4, majf=0, minf=12
  IO depths    : 1=100.0%, 2=0.0%, 4=0.0%, 8=0.0%, 16=0.0%, 32=0.0%, >=64=0.0%
     submit    : 0=0.0%, 4=100.0%, 8=0.0%, 16=0.0%, 32=0.0%, 64=0.0%, >=64=0.0%
     complete  : 0=0.0%, 4=100.0%, 8=0.0%, 16=0.0%, 32=0.0%, 64=0.0%, >=64=0.0%
     issued rwts: total=0,1024,0,0 short=0,0,0,0 dropped=0,0,0,0
     latency   : target=0, window=0, percentile=100.00%, depth=1

Run status group 0 (all jobs):
  WRITE: bw=4129MiB/s (4330MB/s), 4129MiB/s-4129MiB/s (4330MB/s-4330MB/s), io=1024MiB (1074MB), run=248-248msec

Disk stats (read/write):
  vdc: ios=0/0, sectors=0/0, merge=0/0, ticks=0/0, in_queue=0, util=0.00%
