buffered-write: (g=0): rw=write, bs=(R) 100MiB-100MiB, (W) 100MiB-100MiB, (T) 100MiB-100MiB, ioengine=psync, iodepth=1
fio-3.36
Starting 1 process

buffered-write: (groupid=0, jobs=1): err= 0: pid=868: Tue Aug 12 18:19:09 2025
  write: IOPS=24, BW=2472MiB/s (2592MB/s)(1100MiB/445msec); 0 zone resets
    clat (usec): min=30068, max=39156, avg=32490.22, stdev=2608.73
     lat (usec): min=37104, max=49509, avg=39882.74, stdev=3818.19
    clat percentiles (usec):
     |  1.00th=[30016],  5.00th=[30016], 10.00th=[30016], 20.00th=[30540],
     | 30.00th=[30540], 40.00th=[31327], 50.00th=[32113], 60.00th=[32900],
     | 70.00th=[33162], 80.00th=[33424], 90.00th=[33817], 95.00th=[39060],
     | 99.00th=[39060], 99.50th=[39060], 99.90th=[39060], 99.95th=[39060],
     | 99.99th=[39060]
  lat (msec)   : 50=100.00%
  cpu          : usr=19.33%, sys=79.10%, ctx=1, majf=0, minf=12
  IO depths    : 1=100.0%, 2=0.0%, 4=0.0%, 8=0.0%, 16=0.0%, 32=0.0%, >=64=0.0%
     submit    : 0=0.0%, 4=100.0%, 8=0.0%, 16=0.0%, 32=0.0%, 64=0.0%, >=64=0.0%
     complete  : 0=0.0%, 4=100.0%, 8=0.0%, 16=0.0%, 32=0.0%, 64=0.0%, >=64=0.0%
     issued rwts: total=0,11,0,0 short=0,0,0,0 dropped=0,0,0,0
     latency   : target=0, window=0, percentile=100.00%, depth=1

Run status group 0 (all jobs):
  WRITE: bw=2472MiB/s (2592MB/s), 2472MiB/s-2472MiB/s (2592MB/s-2592MB/s), io=1100MiB (1153MB), run=445-445msec

Disk stats (read/write):
  vdc: ios=0/0, sectors=0/0, merge=0/0, ticks=0/0, in_queue=0, util=0.00%
