buffered-write: (g=0): rw=write, bs=(R) 1024MiB-1024MiB, (W) 1024MiB-1024MiB, (T) 1024MiB-1024MiB, ioengine=psync, iodepth=1
fio-3.36
Starting 1 process

buffered-write: (groupid=0, jobs=1): err= 0: pid=1076: Tue Aug 12 18:19:33 2025
  write: IOPS=2, BW=2265MiB/s (2376MB/s)(1024MiB/452msec); 0 zone resets
    clat (nsec): min=372406k, max=372406k, avg=372405814.00, stdev= 0.00
     lat (nsec): min=445513k, max=445513k, avg=445513089.00, stdev= 0.00
    clat percentiles (msec):
     |  1.00th=[  372],  5.00th=[  372], 10.00th=[  372], 20.00th=[  372],
     | 30.00th=[  372], 40.00th=[  372], 50.00th=[  372], 60.00th=[  372],
     | 70.00th=[  372], 80.00th=[  372], 90.00th=[  372], 95.00th=[  372],
     | 99.00th=[  372], 99.50th=[  372], 99.90th=[  372], 99.95th=[  372],
     | 99.99th=[  372]
  lat (msec)   : 500=100.00%
  cpu          : usr=16.63%, sys=82.04%, ctx=2, majf=0, minf=12
  IO depths    : 1=100.0%, 2=0.0%, 4=0.0%, 8=0.0%, 16=0.0%, 32=0.0%, >=64=0.0%
     submit    : 0=0.0%, 4=100.0%, 8=0.0%, 16=0.0%, 32=0.0%, 64=0.0%, >=64=0.0%
     complete  : 0=0.0%, 4=100.0%, 8=0.0%, 16=0.0%, 32=0.0%, 64=0.0%, >=64=0.0%
     issued rwts: total=0,1,0,0 short=0,0,0,0 dropped=0,0,0,0
     latency   : target=0, window=0, percentile=100.00%, depth=1

Run status group 0 (all jobs):
  WRITE: bw=2265MiB/s (2376MB/s), 2265MiB/s-2265MiB/s (2376MB/s-2376MB/s), io=1024MiB (1074MB), run=452-452msec

Disk stats (read/write):
  vdc: ios=0/0, sectors=0/0, merge=0/0, ticks=0/0, in_queue=0, util=0.00%
