buffered-read: (g=0): rw=read, bs=(R) 10.0MiB-10.0MiB, (W) 10.0MiB-10.0MiB, (T) 10.0MiB-10.0MiB, ioengine=psync, iodepth=1
fio-3.36
Starting 1 process

buffered-read: (groupid=0, jobs=1): err= 0: pid=2079: Sat Aug  9 10:15:08 2025
  read: IOPS=192, BW=1928MiB/s (2022MB/s)(1020MiB/529msec)
    clat (usec): min=4101, max=29040, avg=5122.22, stdev=2440.22
     lat (usec): min=4102, max=29206, avg=5125.16, stdev=2456.15
    clat percentiles (usec):
     |  1.00th=[ 4146],  5.00th=[ 4178], 10.00th=[ 4293], 20.00th=[ 4359],
     | 30.00th=[ 4490], 40.00th=[ 4555], 50.00th=[ 4948], 60.00th=[ 5145],
     | 70.00th=[ 5276], 80.00th=[ 5407], 90.00th=[ 5473], 95.00th=[ 5604],
     | 99.00th=[ 5735], 99.50th=[28967], 99.90th=[28967], 99.95th=[28967],
     | 99.99th=[28967]
   bw (  MiB/s): min= 1916, max= 1916, per=99.38%, avg=1916.17, stdev= 0.00, samples=1
   iops        : min=  191, max=  191, avg=191.00, stdev= 0.00, samples=1
  lat (msec)   : 10=99.02%, 50=0.98%
  cpu          : usr=0.57%, sys=97.16%, ctx=1, majf=0, minf=528
  IO depths    : 1=100.0%, 2=0.0%, 4=0.0%, 8=0.0%, 16=0.0%, 32=0.0%, >=64=0.0%
     submit    : 0=0.0%, 4=100.0%, 8=0.0%, 16=0.0%, 32=0.0%, 64=0.0%, >=64=0.0%
     complete  : 0=0.0%, 4=100.0%, 8=0.0%, 16=0.0%, 32=0.0%, 64=0.0%, >=64=0.0%
     issued rwts: total=102,0,0,0 short=0,0,0,0 dropped=0,0,0,0
     latency   : target=0, window=0, percentile=100.00%, depth=1

Run status group 0 (all jobs):
   READ: bw=1928MiB/s (2022MB/s), 1928MiB/s-1928MiB/s (2022MB/s-2022MB/s), io=1020MiB (1070MB), run=529-529msec

Disk stats (read/write):
  vdc: ios=0/0, sectors=0/0, merge=0/0, ticks=0/0, in_queue=0, util=0.00%
