buffered-write: (g=0): rw=write, bs=(R) 100MiB-100MiB, (W) 100MiB-100MiB, (T) 100MiB-100MiB, ioengine=psync, iodepth=1
fio-3.36
Starting 1 process

buffered-write: (groupid=0, jobs=1): err= 0: pid=452: Wed Aug 13 10:36:26 2025
  write: IOPS=14, BW=1463MiB/s (1534MB/s)(1100MiB/752msec); 0 zone resets
    clat (msec): min=30, max=228, avg=53.01, stdev=58.30
     lat (msec): min=35, max=237, avg=59.96, stdev=58.97
    clat percentiles (msec):
     |  1.00th=[   31],  5.00th=[   31], 10.00th=[   32], 20.00th=[   35],
     | 30.00th=[   36], 40.00th=[   36], 50.00th=[   36], 60.00th=[   37],
     | 70.00th=[   37], 80.00th=[   37], 90.00th=[   43], 95.00th=[  228],
     | 99.00th=[  228], 99.50th=[  228], 99.90th=[  228], 99.95th=[  228],
     | 99.99th=[  228]
   bw (  MiB/s): min= 1796, max= 1796, per=100.00%, avg=1796.41, stdev= 0.00, samples=1
   iops        : min=   17, max=   17, avg=17.00, stdev= 0.00, samples=1
  lat (msec)   : 50=90.91%, 250=9.09%
  fsync/fdatasync/sync_file_range:
    sync (usec): min=6485, max=9786, avg=7993.10, stdev=1266.91
    sync percentiles (usec):
     |  1.00th=[ 6456],  5.00th=[ 6456], 10.00th=[ 6456], 20.00th=[ 6587],
     | 30.00th=[ 6783], 40.00th=[ 7046], 50.00th=[ 7701], 60.00th=[ 7963],
     | 70.00th=[ 8717], 80.00th=[ 9372], 90.00th=[ 9372], 95.00th=[ 9765],
     | 99.00th=[ 9765], 99.50th=[ 9765], 99.90th=[ 9765], 99.95th=[ 9765],
     | 99.99th=[ 9765]
  cpu          : usr=10.90%, sys=78.86%, ctx=40, majf=0, minf=13
  IO depths    : 1=190.9%, 2=0.0%, 4=0.0%, 8=0.0%, 16=0.0%, 32=0.0%, >=64=0.0%
     submit    : 0=0.0%, 4=100.0%, 8=0.0%, 16=0.0%, 32=0.0%, 64=0.0%, >=64=0.0%
     complete  : 0=0.0%, 4=100.0%, 8=0.0%, 16=0.0%, 32=0.0%, 64=0.0%, >=64=0.0%
     issued rwts: total=0,11,0,10 short=0,0,0,0 dropped=0,0,0,0
     latency   : target=0, window=0, percentile=100.00%, depth=1

Run status group 0 (all jobs):
  WRITE: bw=1463MiB/s (1534MB/s), 1463MiB/s-1463MiB/s (1534MB/s-1534MB/s), io=1100MiB (1153MB), run=752-752msec

Disk stats (read/write):
  vdc: ios=0/526, sectors=0/4128, merge=0/0, ticks=0/642, in_queue=701, util=7.38%
