buffered-read: (g=0): rw=read, bs=(R) 10.0MiB-10.0MiB, (W) 10.0MiB-10.0MiB, (T) 10.0MiB-10.0MiB, ioengine=psync, iodepth=1
fio-3.36
Starting 1 process

buffered-read: (groupid=0, jobs=1): err= 0: pid=668: Fri Aug  8 20:54:37 2025
  read: IOPS=321, BW=3218MiB/s (3374MB/s)(1020MiB/317msec)
    clat (usec): min=2463, max=14441, avg=3060.35, stdev=1167.18
     lat (usec): min=2465, max=14550, avg=3062.83, stdev=1177.54
    clat percentiles (usec):
     |  1.00th=[ 2507],  5.00th=[ 2573], 10.00th=[ 2671], 20.00th=[ 2769],
     | 30.00th=[ 2802], 40.00th=[ 2835], 50.00th=[ 2900], 60.00th=[ 2999],
     | 70.00th=[ 3064], 80.00th=[ 3163], 90.00th=[ 3294], 95.00th=[ 3458],
     | 99.00th=[ 3720], 99.50th=[14484], 99.90th=[14484], 99.95th=[14484],
     | 99.99th=[14484]
  lat (msec)   : 4=99.02%, 20=0.98%
  cpu          : usr=3.48%, sys=84.81%, ctx=59, majf=0, minf=528
  IO depths    : 1=100.0%, 2=0.0%, 4=0.0%, 8=0.0%, 16=0.0%, 32=0.0%, >=64=0.0%
     submit    : 0=0.0%, 4=100.0%, 8=0.0%, 16=0.0%, 32=0.0%, 64=0.0%, >=64=0.0%
     complete  : 0=0.0%, 4=100.0%, 8=0.0%, 16=0.0%, 32=0.0%, 64=0.0%, >=64=0.0%
     issued rwts: total=102,0,0,0 short=0,0,0,0 dropped=0,0,0,0
     latency   : target=0, window=0, percentile=100.00%, depth=1

Run status group 0 (all jobs):
   READ: bw=3218MiB/s (3374MB/s), 3218MiB/s-3218MiB/s (3374MB/s-3374MB/s), io=1020MiB (1070MB), run=317-317msec

Disk stats (read/write):
  vdc: ios=94/0, sectors=720912/0, merge=1/0, ticks=73/0, in_queue=73, util=26.55%
