buffered-write: (g=0): rw=write, bs=(R) 128KiB-128KiB, (W) 128KiB-128KiB, (T) 128KiB-128KiB, ioengine=psync, iodepth=1
fio-3.36
Starting 1 process

buffered-write: (groupid=0, jobs=1): err= 0: pid=1380: Tue Aug 12 18:20:23 2025
  write: IOPS=25.9k, BW=3241MiB/s (3398MB/s)(1024MiB/316msec); 0 zone resets
    clat (usec): min=30, max=392, avg=35.15, stdev= 8.84
     lat (usec): min=32, max=551, avg=36.43, stdev= 9.90
    clat percentiles (usec):
     |  1.00th=[   32],  5.00th=[   33], 10.00th=[   33], 20.00th=[   34],
     | 30.00th=[   34], 40.00th=[   34], 50.00th=[   35], 60.00th=[   35],
     | 70.00th=[   35], 80.00th=[   36], 90.00th=[   37], 95.00th=[   39],
     | 99.00th=[   60], 99.50th=[   93], 99.90th=[  147], 99.95th=[  157],
     | 99.99th=[  392]
  lat (usec)   : 50=98.67%, 100=0.98%, 250=0.33%, 500=0.02%
  cpu          : usr=22.22%, sys=76.19%, ctx=3, majf=0, minf=12
  IO depths    : 1=100.0%, 2=0.0%, 4=0.0%, 8=0.0%, 16=0.0%, 32=0.0%, >=64=0.0%
     submit    : 0=0.0%, 4=100.0%, 8=0.0%, 16=0.0%, 32=0.0%, 64=0.0%, >=64=0.0%
     complete  : 0=0.0%, 4=100.0%, 8=0.0%, 16=0.0%, 32=0.0%, 64=0.0%, >=64=0.0%
     issued rwts: total=0,8192,0,0 short=0,0,0,0 dropped=0,0,0,0
     latency   : target=0, window=0, percentile=100.00%, depth=1

Run status group 0 (all jobs):
  WRITE: bw=3241MiB/s (3398MB/s), 3241MiB/s-3241MiB/s (3398MB/s-3398MB/s), io=1024MiB (1074MB), run=316-316msec

Disk stats (read/write):
  vdc: ios=0/0, sectors=0/0, merge=0/0, ticks=0/0, in_queue=0, util=0.00%
