buffered-read: (g=0): rw=read, bs=(R) 10.0MiB-10.0MiB, (W) 10.0MiB-10.0MiB, (T) 10.0MiB-10.0MiB, ioengine=psync, iodepth=1
fio-3.36
Starting 1 process

buffered-read: (groupid=0, jobs=1): err= 0: pid=740: Fri Aug  8 20:54:41 2025
  read: IOPS=314, BW=3148MiB/s (3301MB/s)(1020MiB/324msec)
    clat (usec): min=2502, max=14798, avg=3129.55, stdev=1241.07
     lat (usec): min=2504, max=14912, avg=3131.92, stdev=1251.92
    clat percentiles (usec):
     |  1.00th=[ 2507],  5.00th=[ 2671], 10.00th=[ 2737], 20.00th=[ 2769],
     | 30.00th=[ 2802], 40.00th=[ 2835], 50.00th=[ 2933], 60.00th=[ 2999],
     | 70.00th=[ 3064], 80.00th=[ 3130], 90.00th=[ 3425], 95.00th=[ 4228],
     | 99.00th=[ 4883], 99.50th=[14746], 99.90th=[14746], 99.95th=[14746],
     | 99.99th=[14746]
  lat (msec)   : 4=93.14%, 10=5.88%, 20=0.98%
  cpu          : usr=1.86%, sys=87.00%, ctx=40, majf=0, minf=528
  IO depths    : 1=100.0%, 2=0.0%, 4=0.0%, 8=0.0%, 16=0.0%, 32=0.0%, >=64=0.0%
     submit    : 0=0.0%, 4=100.0%, 8=0.0%, 16=0.0%, 32=0.0%, 64=0.0%, >=64=0.0%
     complete  : 0=0.0%, 4=100.0%, 8=0.0%, 16=0.0%, 32=0.0%, 64=0.0%, >=64=0.0%
     issued rwts: total=102,0,0,0 short=0,0,0,0 dropped=0,0,0,0
     latency   : target=0, window=0, percentile=100.00%, depth=1

Run status group 0 (all jobs):
   READ: bw=3148MiB/s (3301MB/s), 3148MiB/s-3148MiB/s (3301MB/s-3301MB/s), io=1020MiB (1070MB), run=324-324msec

Disk stats (read/write):
  vdc: ios=87/0, sectors=663568/0, merge=1/0, ticks=67/0, in_queue=67, util=21.33%
