buffered-read: (g=0): rw=read, bs=(R) 10.0MiB-10.0MiB, (W) 10.0MiB-10.0MiB, (T) 10.0MiB-10.0MiB, ioengine=psync, iodepth=1
fio-3.36
Starting 1 process

buffered-read: (groupid=0, jobs=1): err= 0: pid=1791: Sat Aug  9 10:14:43 2025
  read: IOPS=202, BW=2028MiB/s (2126MB/s)(1020MiB/503msec)
    clat (usec): min=3649, max=25287, avg=4878.74, stdev=2111.58
     lat (usec): min=3650, max=25400, avg=4881.37, stdev=2122.21
    clat percentiles (usec):
     |  1.00th=[ 3654],  5.00th=[ 3752], 10.00th=[ 4015], 20.00th=[ 4178],
     | 30.00th=[ 4293], 40.00th=[ 4424], 50.00th=[ 4621], 60.00th=[ 4883],
     | 70.00th=[ 5014], 80.00th=[ 5211], 90.00th=[ 5473], 95.00th=[ 5604],
     | 99.00th=[ 5997], 99.50th=[25297], 99.90th=[25297], 99.95th=[25297],
     | 99.99th=[25297]
   bw (  MiB/s): min= 2020, max= 2020, per=99.61%, avg=2020.00, stdev= 0.00, samples=1
   iops        : min=  202, max=  202, avg=202.00, stdev= 0.00, samples=1
  lat (msec)   : 4=7.84%, 10=91.18%, 50=0.98%
  cpu          : usr=0.40%, sys=97.61%, ctx=1, majf=0, minf=528
  IO depths    : 1=100.0%, 2=0.0%, 4=0.0%, 8=0.0%, 16=0.0%, 32=0.0%, >=64=0.0%
     submit    : 0=0.0%, 4=100.0%, 8=0.0%, 16=0.0%, 32=0.0%, 64=0.0%, >=64=0.0%
     complete  : 0=0.0%, 4=100.0%, 8=0.0%, 16=0.0%, 32=0.0%, 64=0.0%, >=64=0.0%
     issued rwts: total=102,0,0,0 short=0,0,0,0 dropped=0,0,0,0
     latency   : target=0, window=0, percentile=100.00%, depth=1

Run status group 0 (all jobs):
   READ: bw=2028MiB/s (2126MB/s), 2028MiB/s-2028MiB/s (2126MB/s-2126MB/s), io=1020MiB (1070MB), run=503-503msec

Disk stats (read/write):
  vdc: ios=0/0, sectors=0/0, merge=0/0, ticks=0/0, in_queue=0, util=0.00%
