buffered-read: (g=0): rw=read, bs=(R) 10.0MiB-10.0MiB, (W) 10.0MiB-10.0MiB, (T) 10.0MiB-10.0MiB, ioengine=psync, iodepth=1
fio-3.36
Starting 1 process

buffered-read: (groupid=0, jobs=1): err= 0: pid=716: Fri Aug  8 20:54:40 2025
  read: IOPS=333, BW=3333MiB/s (3495MB/s)(1020MiB/306msec)
    clat (usec): min=2424, max=14003, avg=2952.31, stdev=1127.50
     lat (usec): min=2425, max=14116, avg=2954.32, stdev=1138.39
    clat percentiles (usec):
     |  1.00th=[ 2442],  5.00th=[ 2507], 10.00th=[ 2507], 20.00th=[ 2606],
     | 30.00th=[ 2737], 40.00th=[ 2802], 50.00th=[ 2868], 60.00th=[ 2900],
     | 70.00th=[ 2966], 80.00th=[ 3032], 90.00th=[ 3130], 95.00th=[ 3195],
     | 99.00th=[ 3458], 99.50th=[13960], 99.90th=[13960], 99.95th=[13960],
     | 99.99th=[13960]
  lat (msec)   : 4=99.02%, 20=0.98%
  cpu          : usr=3.93%, sys=85.57%, ctx=51, majf=0, minf=528
  IO depths    : 1=100.0%, 2=0.0%, 4=0.0%, 8=0.0%, 16=0.0%, 32=0.0%, >=64=0.0%
     submit    : 0=0.0%, 4=100.0%, 8=0.0%, 16=0.0%, 32=0.0%, 64=0.0%, >=64=0.0%
     complete  : 0=0.0%, 4=100.0%, 8=0.0%, 16=0.0%, 32=0.0%, 64=0.0%, >=64=0.0%
     issued rwts: total=102,0,0,0 short=0,0,0,0 dropped=0,0,0,0
     latency   : target=0, window=0, percentile=100.00%, depth=1

Run status group 0 (all jobs):
   READ: bw=3333MiB/s (3495MB/s), 3333MiB/s-3333MiB/s (3495MB/s-3495MB/s), io=1020MiB (1070MB), run=306-306msec

Disk stats (read/write):
  vdc: ios=92/0, sectors=704528/0, merge=1/0, ticks=66/0, in_queue=66, util=28.70%
