buffered-read: (g=0): rw=read, bs=(R) 4096B-4096B, (W) 4096B-4096B, (T) 4096B-4096B, ioengine=psync, iodepth=1
fio-3.36
Starting 1 process

buffered-read: (groupid=0, jobs=1): err= 0: pid=584: Sat Aug  9 10:38:46 2025
  read: IOPS=197k, BW=768MiB/s (806MB/s)(1024MiB/1333msec)
    clat (usec): min=2, max=3805, avg= 3.77, stdev=11.45
     lat (usec): min=2, max=3806, avg= 3.95, stdev=11.50
    clat percentiles (usec):
     |  1.00th=[    3],  5.00th=[    3], 10.00th=[    3], 20.00th=[    3],
     | 30.00th=[    3], 40.00th=[    3], 50.00th=[    3], 60.00th=[    3],
     | 70.00th=[    3], 80.00th=[    3], 90.00th=[    3], 95.00th=[    3],
     | 99.00th=[   64], 99.50th=[   72], 99.90th=[   87], 99.95th=[  102],
     | 99.99th=[  141]
   bw (  KiB/s): min=784056, max=788167, per=99.93%, avg=786111.50, stdev=2906.92, samples=2
   iops        : min=196060, max=197047, avg=196553.50, stdev=697.91, samples=2
  lat (usec)   : 4=97.58%, 10=0.65%, 20=0.13%, 50=0.04%, 100=1.55%
  lat (usec)   : 250=0.05%, 500=0.01%, 750=0.01%
  lat (msec)   : 4=0.01%
  cpu          : usr=75.39%, sys=23.48%, ctx=0, majf=0, minf=13
  IO depths    : 1=100.0%, 2=0.0%, 4=0.0%, 8=0.0%, 16=0.0%, 32=0.0%, >=64=0.0%
     submit    : 0=0.0%, 4=100.0%, 8=0.0%, 16=0.0%, 32=0.0%, 64=0.0%, >=64=0.0%
     complete  : 0=0.0%, 4=100.0%, 8=0.0%, 16=0.0%, 32=0.0%, 64=0.0%, >=64=0.0%
     issued rwts: total=262144,0,0,0 short=0,0,0,0 dropped=0,0,0,0
     latency   : target=0, window=0, percentile=100.00%, depth=1

Run status group 0 (all jobs):
   READ: bw=768MiB/s (806MB/s), 768MiB/s-768MiB/s (806MB/s-806MB/s), io=1024MiB (1074MB), run=1333-1333msec

Disk stats (read/write):
  vdc: ios=0/0, sectors=0/0, merge=0/0, ticks=0/0, in_queue=0, util=0.00%
