buffered-read: (g=0): rw=read, bs=(R) 1024KiB-1024KiB, (W) 1024KiB-1024KiB, (T) 1024KiB-1024KiB, ioengine=psync, iodepth=1
fio-3.36
Starting 1 process

buffered-read: (groupid=0, jobs=1): err= 0: pid=1407: Sat Aug  9 10:14:12 2025
  read: IOPS=2381, BW=2381MiB/s (2497MB/s)(1024MiB/430msec)
    clat (usec): min=171, max=3555, avg=411.55, stdev=106.49
     lat (usec): min=171, max=3671, avg=412.19, stdev=109.87
    clat percentiles (usec):
     |  1.00th=[  367],  5.00th=[  375], 10.00th=[  379], 20.00th=[  383],
     | 30.00th=[  392], 40.00th=[  396], 50.00th=[  400], 60.00th=[  404],
     | 70.00th=[  412], 80.00th=[  420], 90.00th=[  449], 95.00th=[  482],
     | 99.00th=[  537], 99.50th=[  578], 99.90th=[ 1090], 99.95th=[ 3556],
     | 99.99th=[ 3556]
  lat (usec)   : 250=0.10%, 500=97.85%, 750=1.86%
  lat (msec)   : 2=0.10%, 4=0.10%
  cpu          : usr=6.76%, sys=91.14%, ctx=1, majf=0, minf=270
  IO depths    : 1=100.0%, 2=0.0%, 4=0.0%, 8=0.0%, 16=0.0%, 32=0.0%, >=64=0.0%
     submit    : 0=0.0%, 4=100.0%, 8=0.0%, 16=0.0%, 32=0.0%, 64=0.0%, >=64=0.0%
     complete  : 0=0.0%, 4=100.0%, 8=0.0%, 16=0.0%, 32=0.0%, 64=0.0%, >=64=0.0%
     issued rwts: total=1024,0,0,0 short=0,0,0,0 dropped=0,0,0,0
     latency   : target=0, window=0, percentile=100.00%, depth=1

Run status group 0 (all jobs):
   READ: bw=2381MiB/s (2497MB/s), 2381MiB/s-2381MiB/s (2497MB/s-2497MB/s), io=1024MiB (1074MB), run=430-430msec

Disk stats (read/write):
  vdc: ios=0/0, sectors=0/0, merge=0/0, ticks=0/0, in_queue=0, util=0.00%
