buffered-write: (g=0): rw=write, bs=(R) 10.0MiB-10.0MiB, (W) 10.0MiB-10.0MiB, (T) 10.0MiB-10.0MiB, ioengine=psync, iodepth=1
fio-3.36
Starting 1 process

buffered-write: (groupid=0, jobs=1): err= 0: pid=756: Tue Aug 12 18:18:59 2025
  write: IOPS=254, BW=2543MiB/s (2667MB/s)(1030MiB/405msec); 0 zone resets
    clat (usec): min=3016, max=5103, avg=3344.24, stdev=390.41
     lat (usec): min=3468, max=6307, avg=3864.84, stdev=525.78
    clat percentiles (usec):
     |  1.00th=[ 3032],  5.00th=[ 3064], 10.00th=[ 3064], 20.00th=[ 3130],
     | 30.00th=[ 3130], 40.00th=[ 3163], 50.00th=[ 3228], 60.00th=[ 3294],
     | 70.00th=[ 3359], 80.00th=[ 3425], 90.00th=[ 3556], 95.00th=[ 4228],
     | 99.00th=[ 5080], 99.50th=[ 5080], 99.90th=[ 5080], 99.95th=[ 5080],
     | 99.99th=[ 5080]
  lat (msec)   : 4=94.17%, 10=5.83%
  cpu          : usr=10.62%, sys=88.15%, ctx=4, majf=0, minf=13
  IO depths    : 1=100.0%, 2=0.0%, 4=0.0%, 8=0.0%, 16=0.0%, 32=0.0%, >=64=0.0%
     submit    : 0=0.0%, 4=100.0%, 8=0.0%, 16=0.0%, 32=0.0%, 64=0.0%, >=64=0.0%
     complete  : 0=0.0%, 4=100.0%, 8=0.0%, 16=0.0%, 32=0.0%, 64=0.0%, >=64=0.0%
     issued rwts: total=0,103,0,0 short=0,0,0,0 dropped=0,0,0,0
     latency   : target=0, window=0, percentile=100.00%, depth=1

Run status group 0 (all jobs):
  WRITE: bw=2543MiB/s (2667MB/s), 2543MiB/s-2543MiB/s (2667MB/s-2667MB/s), io=1030MiB (1080MB), run=405-405msec

Disk stats (read/write):
  vdc: ios=0/0, sectors=0/0, merge=0/0, ticks=0/0, in_queue=0, util=0.00%
