buffered-read: (g=0): rw=read, bs=(R) 10.0MiB-10.0MiB, (W) 10.0MiB-10.0MiB, (T) 10.0MiB-10.0MiB, ioengine=psync, iodepth=1
fio-3.36
Starting 1 process

buffered-read: (groupid=0, jobs=1): err= 0: pid=1767: Sat Aug  9 10:14:41 2025
  read: IOPS=194, BW=1943MiB/s (2037MB/s)(1020MiB/525msec)
    clat (usec): min=3980, max=29666, avg=5082.83, stdev=2519.26
     lat (usec): min=3981, max=29941, avg=5087.77, stdev=2545.73
    clat percentiles (usec):
     |  1.00th=[ 4015],  5.00th=[ 4080], 10.00th=[ 4146], 20.00th=[ 4146],
     | 30.00th=[ 4555], 40.00th=[ 4686], 50.00th=[ 4883], 60.00th=[ 4948],
     | 70.00th=[ 5080], 80.00th=[ 5473], 90.00th=[ 5669], 95.00th=[ 5735],
     | 99.00th=[ 5932], 99.50th=[29754], 99.90th=[29754], 99.95th=[29754],
     | 99.99th=[29754]
   bw (  MiB/s): min= 1936, max= 1936, per=99.65%, avg=1936.13, stdev= 0.00, samples=1
   iops        : min=  193, max=  193, avg=193.00, stdev= 0.00, samples=1
  lat (msec)   : 4=0.98%, 10=98.04%, 50=0.98%
  cpu          : usr=4.58%, sys=93.51%, ctx=1, majf=0, minf=528
  IO depths    : 1=100.0%, 2=0.0%, 4=0.0%, 8=0.0%, 16=0.0%, 32=0.0%, >=64=0.0%
     submit    : 0=0.0%, 4=100.0%, 8=0.0%, 16=0.0%, 32=0.0%, 64=0.0%, >=64=0.0%
     complete  : 0=0.0%, 4=100.0%, 8=0.0%, 16=0.0%, 32=0.0%, 64=0.0%, >=64=0.0%
     issued rwts: total=102,0,0,0 short=0,0,0,0 dropped=0,0,0,0
     latency   : target=0, window=0, percentile=100.00%, depth=1

Run status group 0 (all jobs):
   READ: bw=1943MiB/s (2037MB/s), 1943MiB/s-1943MiB/s (2037MB/s-2037MB/s), io=1020MiB (1070MB), run=525-525msec

Disk stats (read/write):
  vdc: ios=0/0, sectors=0/0, merge=0/0, ticks=0/0, in_queue=0, util=0.00%
