buffered-read: (g=0): rw=read, bs=(R) 1024KiB-1024KiB, (W) 1024KiB-1024KiB, (T) 1024KiB-1024KiB, ioengine=psync, iodepth=1
fio-3.36
Starting 1 process

buffered-read: (groupid=0, jobs=1): err= 0: pid=855: Sat Aug  9 10:13:27 2025
  read: IOPS=2216, BW=2216MiB/s (2324MB/s)(1024MiB/462msec)
    clat (usec): min=178, max=3450, avg=443.17, stdev=136.20
     lat (usec): min=179, max=3567, avg=443.81, stdev=138.74
    clat percentiles (usec):
     |  1.00th=[  375],  5.00th=[  388], 10.00th=[  396], 20.00th=[  404],
     | 30.00th=[  408], 40.00th=[  416], 50.00th=[  424], 60.00th=[  437],
     | 70.00th=[  449], 80.00th=[  465], 90.00th=[  498], 95.00th=[  537],
     | 99.00th=[  644], 99.50th=[  701], 99.90th=[ 3163], 99.95th=[ 3458],
     | 99.99th=[ 3458]
  lat (usec)   : 250=0.10%, 500=90.14%, 750=9.47%, 1000=0.10%
  lat (msec)   : 4=0.20%
  cpu          : usr=3.04%, sys=94.58%, ctx=0, majf=0, minf=269
  IO depths    : 1=100.0%, 2=0.0%, 4=0.0%, 8=0.0%, 16=0.0%, 32=0.0%, >=64=0.0%
     submit    : 0=0.0%, 4=100.0%, 8=0.0%, 16=0.0%, 32=0.0%, 64=0.0%, >=64=0.0%
     complete  : 0=0.0%, 4=100.0%, 8=0.0%, 16=0.0%, 32=0.0%, 64=0.0%, >=64=0.0%
     issued rwts: total=1024,0,0,0 short=0,0,0,0 dropped=0,0,0,0
     latency   : target=0, window=0, percentile=100.00%, depth=1

Run status group 0 (all jobs):
   READ: bw=2216MiB/s (2324MB/s), 2216MiB/s-2216MiB/s (2324MB/s-2324MB/s), io=1024MiB (1074MB), run=462-462msec

Disk stats (read/write):
  vdc: ios=0/0, sectors=0/0, merge=0/0, ticks=0/0, in_queue=0, util=0.00%
