buffered-read: (g=0): rw=read, bs=(R) 1024KiB-1024KiB, (W) 1024KiB-1024KiB, (T) 1024KiB-1024KiB, ioengine=psync, iodepth=1
fio-3.36
Starting 1 process

buffered-read: (groupid=0, jobs=1): err= 0: pid=1503: Sat Aug  9 10:14:20 2025
  read: IOPS=2409, BW=2409MiB/s (2526MB/s)(1024MiB/425msec)
    clat (usec): min=175, max=4668, avg=405.26, stdev=139.72
     lat (usec): min=175, max=4832, avg=406.07, stdev=144.58
    clat percentiles (usec):
     |  1.00th=[  359],  5.00th=[  363], 10.00th=[  367], 20.00th=[  375],
     | 30.00th=[  383], 40.00th=[  388], 50.00th=[  392], 60.00th=[  400],
     | 70.00th=[  404], 80.00th=[  416], 90.00th=[  445], 95.00th=[  469],
     | 99.00th=[  553], 99.50th=[  603], 99.90th=[  988], 99.95th=[ 4686],
     | 99.99th=[ 4686]
  lat (usec)   : 250=0.10%, 500=97.27%, 750=2.44%, 1000=0.10%
  lat (msec)   : 10=0.10%
  cpu          : usr=7.29%, sys=90.82%, ctx=0, majf=0, minf=269
  IO depths    : 1=100.0%, 2=0.0%, 4=0.0%, 8=0.0%, 16=0.0%, 32=0.0%, >=64=0.0%
     submit    : 0=0.0%, 4=100.0%, 8=0.0%, 16=0.0%, 32=0.0%, 64=0.0%, >=64=0.0%
     complete  : 0=0.0%, 4=100.0%, 8=0.0%, 16=0.0%, 32=0.0%, 64=0.0%, >=64=0.0%
     issued rwts: total=1024,0,0,0 short=0,0,0,0 dropped=0,0,0,0
     latency   : target=0, window=0, percentile=100.00%, depth=1

Run status group 0 (all jobs):
   READ: bw=2409MiB/s (2526MB/s), 2409MiB/s-2409MiB/s (2526MB/s-2526MB/s), io=1024MiB (1074MB), run=425-425msec

Disk stats (read/write):
  vdc: ios=0/0, sectors=0/0, merge=0/0, ticks=0/0, in_queue=0, util=0.00%
