buffered-read: (g=0): rw=read, bs=(R) 128KiB-128KiB, (W) 128KiB-128KiB, (T) 128KiB-128KiB, ioengine=psync, iodepth=1
fio-3.36
Starting 1 process

buffered-read: (groupid=0, jobs=1): err= 0: pid=1724: Fri Aug  8 20:56:13 2025
  read: IOPS=10.6k, BW=1326MiB/s (1391MB/s)(1024MiB/772msec)
    clat (usec): min=26, max=12708, avg=90.44, stdev=160.50
     lat (usec): min=26, max=12708, avg=91.14, stdev=160.99
    clat percentiles (usec):
     |  1.00th=[   29],  5.00th=[   29], 10.00th=[   30], 20.00th=[   31],
     | 30.00th=[   33], 40.00th=[   51], 50.00th=[   60], 60.00th=[   67],
     | 70.00th=[   98], 80.00th=[  151], 90.00th=[  217], 95.00th=[  241],
     | 99.00th=[  322], 99.50th=[  363], 99.90th=[  515], 99.95th=[  742],
     | 99.99th=[12649]
   bw (  MiB/s): min= 1262, max= 1262, per=95.22%, avg=1262.97, stdev= 0.00, samples=1
   iops        : min=10107, max=10107, avg=10107.00, stdev= 0.00, samples=1
  lat (usec)   : 50=39.42%, 100=33.46%, 250=23.58%, 500=3.42%, 750=0.09%
  lat (usec)   : 1000=0.01%
  lat (msec)   : 2=0.01%, 20=0.01%
  cpu          : usr=5.32%, sys=41.25%, ctx=1492, majf=0, minf=44
  IO depths    : 1=100.0%, 2=0.0%, 4=0.0%, 8=0.0%, 16=0.0%, 32=0.0%, >=64=0.0%
     submit    : 0=0.0%, 4=100.0%, 8=0.0%, 16=0.0%, 32=0.0%, 64=0.0%, >=64=0.0%
     complete  : 0=0.0%, 4=100.0%, 8=0.0%, 16=0.0%, 32=0.0%, 64=0.0%, >=64=0.0%
     issued rwts: total=8192,0,0,0 short=0,0,0,0 dropped=0,0,0,0
     latency   : target=0, window=0, percentile=100.00%, depth=1

Run status group 0 (all jobs):
   READ: bw=1326MiB/s (1391MB/s), 1326MiB/s-1326MiB/s (1391MB/s-1391MB/s), io=1024MiB (1074MB), run=772-772msec

Disk stats (read/write):
  vdc: ios=3119/0, sectors=1595920/0, merge=0/0, ticks=644/0, in_queue=644, util=41.40%
