buffered-write: (g=0): rw=write, bs=(R) 100MiB-100MiB, (W) 100MiB-100MiB, (T) 100MiB-100MiB, ioengine=psync, iodepth=1
fio-3.36
Starting 1 process

buffered-write: (groupid=0, jobs=1): err= 0: pid=900: Tue Aug 12 18:19:12 2025
  write: IOPS=17, BW=1746MiB/s (1831MB/s)(1100MiB/630msec); 0 zone resets
    clat (usec): min=44007, max=56951, avg=47855.91, stdev=4789.16
     lat (usec): min=48634, max=66058, avg=56628.80, stdev=5819.72
    clat percentiles (usec):
     |  1.00th=[43779],  5.00th=[43779], 10.00th=[44303], 20.00th=[44303],
     | 30.00th=[44827], 40.00th=[45351], 50.00th=[45351], 60.00th=[46400],
     | 70.00th=[47449], 80.00th=[51119], 90.00th=[56361], 95.00th=[56886],
     | 99.00th=[56886], 99.50th=[56886], 99.90th=[56886], 99.95th=[56886],
     | 99.99th=[56886]
   bw (  MiB/s): min= 1596, max= 1596, per=91.45%, avg=1596.81, stdev= 0.00, samples=1
   iops        : min=   15, max=   15, avg=15.00, stdev= 0.00, samples=1
  lat (msec)   : 50=72.73%, 100=27.27%
  cpu          : usr=16.51%, sys=82.22%, ctx=3, majf=0, minf=12
  IO depths    : 1=100.0%, 2=0.0%, 4=0.0%, 8=0.0%, 16=0.0%, 32=0.0%, >=64=0.0%
     submit    : 0=0.0%, 4=100.0%, 8=0.0%, 16=0.0%, 32=0.0%, 64=0.0%, >=64=0.0%
     complete  : 0=0.0%, 4=100.0%, 8=0.0%, 16=0.0%, 32=0.0%, 64=0.0%, >=64=0.0%
     issued rwts: total=0,11,0,0 short=0,0,0,0 dropped=0,0,0,0
     latency   : target=0, window=0, percentile=100.00%, depth=1

Run status group 0 (all jobs):
  WRITE: bw=1746MiB/s (1831MB/s), 1746MiB/s-1746MiB/s (1831MB/s-1831MB/s), io=1100MiB (1153MB), run=630-630msec

Disk stats (read/write):
  vdc: ios=0/0, sectors=0/0, merge=0/0, ticks=0/0, in_queue=0, util=0.00%
