buffered-write: (g=0): rw=write, bs=(R) 1024MiB-1024MiB, (W) 1024MiB-1024MiB, (T) 1024MiB-1024MiB, ioengine=psync, iodepth=1
fio-3.36
Starting 1 process

buffered-write: (groupid=0, jobs=1): err= 0: pid=1028: Tue Aug 12 18:19:27 2025
  write: IOPS=2, BW=2554MiB/s (2678MB/s)(1024MiB/401msec); 0 zone resets
    clat (nsec): min=319253k, max=319253k, avg=319253149.00, stdev= 0.00
     lat (nsec): min=394935k, max=394935k, avg=394934889.00, stdev= 0.00
    clat percentiles (msec):
     |  1.00th=[  321],  5.00th=[  321], 10.00th=[  321], 20.00th=[  321],
     | 30.00th=[  321], 40.00th=[  321], 50.00th=[  321], 60.00th=[  321],
     | 70.00th=[  321], 80.00th=[  321], 90.00th=[  321], 95.00th=[  321],
     | 99.00th=[  321], 99.50th=[  321], 99.90th=[  321], 99.95th=[  321],
     | 99.99th=[  321]
  lat (msec)   : 500=100.00%
  cpu          : usr=18.70%, sys=79.80%, ctx=1, majf=0, minf=12
  IO depths    : 1=100.0%, 2=0.0%, 4=0.0%, 8=0.0%, 16=0.0%, 32=0.0%, >=64=0.0%
     submit    : 0=0.0%, 4=100.0%, 8=0.0%, 16=0.0%, 32=0.0%, 64=0.0%, >=64=0.0%
     complete  : 0=0.0%, 4=100.0%, 8=0.0%, 16=0.0%, 32=0.0%, 64=0.0%, >=64=0.0%
     issued rwts: total=0,1,0,0 short=0,0,0,0 dropped=0,0,0,0
     latency   : target=0, window=0, percentile=100.00%, depth=1

Run status group 0 (all jobs):
  WRITE: bw=2554MiB/s (2678MB/s), 2554MiB/s-2554MiB/s (2678MB/s-2678MB/s), io=1024MiB (1074MB), run=401-401msec

Disk stats (read/write):
  vdc: ios=0/0, sectors=0/0, merge=0/0, ticks=0/0, in_queue=0, util=0.00%
