buffered-read: (g=0): rw=read, bs=(R) 128KiB-128KiB, (W) 128KiB-128KiB, (T) 128KiB-128KiB, ioengine=psync, iodepth=1
fio-3.36
Starting 1 process

buffered-read: (groupid=0, jobs=1): err= 0: pid=1772: Fri Aug  8 20:56:17 2025
  read: IOPS=11.8k, BW=1469MiB/s (1541MB/s)(1024MiB/697msec)
    clat (usec): min=24, max=2672, avg=80.96, stdev=71.07
     lat (usec): min=24, max=2872, avg=81.49, stdev=71.94
    clat percentiles (usec):
     |  1.00th=[   26],  5.00th=[   27], 10.00th=[   28], 20.00th=[   30],
     | 30.00th=[   32], 40.00th=[   52], 50.00th=[   57], 60.00th=[   63],
     | 70.00th=[   94], 80.00th=[  118], 90.00th=[  200], 95.00th=[  219],
     | 99.00th=[  277], 99.50th=[  306], 99.90th=[  375], 99.95th=[  469],
     | 99.99th=[ 2671]
   bw (  MiB/s): min= 1471, max= 1471, per=100.00%, avg=1471.31, stdev= 0.00, samples=1
   iops        : min=11772, max=11772, avg=11772.00, stdev= 0.00, samples=1
  lat (usec)   : 50=38.00%, 100=38.83%, 250=21.35%, 500=1.77%, 750=0.04%
  lat (msec)   : 4=0.01%
  cpu          : usr=6.03%, sys=44.25%, ctx=1267, majf=0, minf=44
  IO depths    : 1=100.0%, 2=0.0%, 4=0.0%, 8=0.0%, 16=0.0%, 32=0.0%, >=64=0.0%
     submit    : 0=0.0%, 4=100.0%, 8=0.0%, 16=0.0%, 32=0.0%, 64=0.0%, >=64=0.0%
     complete  : 0=0.0%, 4=100.0%, 8=0.0%, 16=0.0%, 32=0.0%, 64=0.0%, >=64=0.0%
     issued rwts: total=8192,0,0,0 short=0,0,0,0 dropped=0,0,0,0
     latency   : target=0, window=0, percentile=100.00%, depth=1

Run status group 0 (all jobs):
   READ: bw=1469MiB/s (1541MB/s), 1469MiB/s-1469MiB/s (1541MB/s-1541MB/s), io=1024MiB (1074MB), run=697-697msec

Disk stats (read/write):
  vdc: ios=3600/0, sectors=1842192/0, merge=0/0, ticks=595/0, in_queue=595, util=39.05%
