buffered-read: (g=0): rw=read, bs=(R) 1024KiB-1024KiB, (W) 1024KiB-1024KiB, (T) 1024KiB-1024KiB, ioengine=psync, iodepth=1
fio-3.36
Starting 1 process

buffered-read: (groupid=0, jobs=1): err= 0: pid=1383: Sat Aug  9 10:14:10 2025
  read: IOPS=2354, BW=2354MiB/s (2468MB/s)(1024MiB/435msec)
    clat (usec): min=173, max=3491, avg=413.88, stdev=105.57
     lat (usec): min=173, max=3605, avg=414.71, stdev=108.81
    clat percentiles (usec):
     |  1.00th=[  367],  5.00th=[  375], 10.00th=[  379], 20.00th=[  383],
     | 30.00th=[  392], 40.00th=[  396], 50.00th=[  400], 60.00th=[  408],
     | 70.00th=[  412], 80.00th=[  429], 90.00th=[  465], 95.00th=[  486],
     | 99.00th=[  529], 99.50th=[  586], 99.90th=[ 1012], 99.95th=[ 3490],
     | 99.99th=[ 3490]
  lat (usec)   : 250=0.10%, 500=97.17%, 750=2.44%, 1000=0.10%
  lat (msec)   : 2=0.10%, 4=0.10%
  cpu          : usr=5.07%, sys=93.55%, ctx=2, majf=0, minf=269
  IO depths    : 1=100.0%, 2=0.0%, 4=0.0%, 8=0.0%, 16=0.0%, 32=0.0%, >=64=0.0%
     submit    : 0=0.0%, 4=100.0%, 8=0.0%, 16=0.0%, 32=0.0%, 64=0.0%, >=64=0.0%
     complete  : 0=0.0%, 4=100.0%, 8=0.0%, 16=0.0%, 32=0.0%, 64=0.0%, >=64=0.0%
     issued rwts: total=1024,0,0,0 short=0,0,0,0 dropped=0,0,0,0
     latency   : target=0, window=0, percentile=100.00%, depth=1

Run status group 0 (all jobs):
   READ: bw=2354MiB/s (2468MB/s), 2354MiB/s-2354MiB/s (2468MB/s-2468MB/s), io=1024MiB (1074MB), run=435-435msec

Disk stats (read/write):
  vdc: ios=0/0, sectors=0/0, merge=0/0, ticks=0/0, in_queue=0, util=0.00%
