buffered-write: (g=0): rw=write, bs=(R) 10.0MiB-10.0MiB, (W) 10.0MiB-10.0MiB, (T) 10.0MiB-10.0MiB, ioengine=psync, iodepth=1
fio-3.36
Starting 1 process

buffered-write: (groupid=0, jobs=1): err= 0: pid=804: Tue Aug 12 18:19:03 2025
  write: IOPS=252, BW=2525MiB/s (2647MB/s)(1030MiB/408msec); 0 zone resets
    clat (usec): min=2957, max=4542, avg=3229.17, stdev=300.62
     lat (usec): min=3404, max=5867, avg=3889.40, stdev=373.44
    clat percentiles (usec):
     |  1.00th=[ 2966],  5.00th=[ 2999], 10.00th=[ 2999], 20.00th=[ 3064],
     | 30.00th=[ 3097], 40.00th=[ 3097], 50.00th=[ 3130], 60.00th=[ 3163],
     | 70.00th=[ 3228], 80.00th=[ 3294], 90.00th=[ 3621], 95.00th=[ 3818],
     | 99.00th=[ 4424], 99.50th=[ 4555], 99.90th=[ 4555], 99.95th=[ 4555],
     | 99.99th=[ 4555]
  lat (msec)   : 4=95.15%, 10=4.85%
  cpu          : usr=20.64%, sys=76.90%, ctx=2, majf=0, minf=13
  IO depths    : 1=100.0%, 2=0.0%, 4=0.0%, 8=0.0%, 16=0.0%, 32=0.0%, >=64=0.0%
     submit    : 0=0.0%, 4=100.0%, 8=0.0%, 16=0.0%, 32=0.0%, 64=0.0%, >=64=0.0%
     complete  : 0=0.0%, 4=100.0%, 8=0.0%, 16=0.0%, 32=0.0%, 64=0.0%, >=64=0.0%
     issued rwts: total=0,103,0,0 short=0,0,0,0 dropped=0,0,0,0
     latency   : target=0, window=0, percentile=100.00%, depth=1

Run status group 0 (all jobs):
  WRITE: bw=2525MiB/s (2647MB/s), 2525MiB/s-2525MiB/s (2647MB/s-2647MB/s), io=1030MiB (1080MB), run=408-408msec

Disk stats (read/write):
  vdc: ios=0/0, sectors=0/0, merge=0/0, ticks=0/0, in_queue=0, util=0.00%
