buffered-read: (g=0): rw=read, bs=(R) 4096B-4096B, (W) 4096B-4096B, (T) 4096B-4096B, ioengine=psync, iodepth=1
fio-3.36
Starting 1 process

buffered-read: (groupid=0, jobs=1): err= 0: pid=1388: Fri Aug  8 20:55:35 2025
  read: IOPS=158k, BW=616MiB/s (646MB/s)(1024MiB/1662msec)
    clat (usec): min=2, max=788, avg= 4.45, stdev= 9.36
     lat (usec): min=2, max=914, avg= 4.86, stdev=10.10
    clat percentiles (usec):
     |  1.00th=[    3],  5.00th=[    3], 10.00th=[    3], 20.00th=[    3],
     | 30.00th=[    3], 40.00th=[    3], 50.00th=[    3], 60.00th=[    3],
     | 70.00th=[    3], 80.00th=[    4], 90.00th=[    4], 95.00th=[    6],
     | 99.00th=[   65], 99.50th=[   70], 99.90th=[   93], 99.95th=[  116],
     | 99.99th=[  206]
   bw (  KiB/s): min=614986, max=649625, per=100.00%, avg=630984.33, stdev=17470.02, samples=3
   iops        : min=153758, max=162418, avg=157757.00, stdev=4367.79, samples=3
  lat (usec)   : 4=93.42%, 10=3.26%, 20=0.40%, 50=1.59%, 100=1.26%
  lat (usec)   : 250=0.07%, 500=0.01%, 1000=0.01%
  cpu          : usr=57.88%, sys=25.27%, ctx=24, majf=0, minf=13
  IO depths    : 1=100.0%, 2=0.0%, 4=0.0%, 8=0.0%, 16=0.0%, 32=0.0%, >=64=0.0%
     submit    : 0=0.0%, 4=100.0%, 8=0.0%, 16=0.0%, 32=0.0%, 64=0.0%, >=64=0.0%
     complete  : 0=0.0%, 4=100.0%, 8=0.0%, 16=0.0%, 32=0.0%, 64=0.0%, >=64=0.0%
     issued rwts: total=262144,0,0,0 short=0,0,0,0 dropped=0,0,0,0
     latency   : target=0, window=0, percentile=100.00%, depth=1

Run status group 0 (all jobs):
   READ: bw=616MiB/s (646MB/s), 616MiB/s-616MiB/s (646MB/s-646MB/s), io=1024MiB (1074MB), run=1662-1662msec

Disk stats (read/write):
  vdc: ios=4011/0, sectors=2049040/0, merge=0/0, ticks=775/0, in_queue=775, util=37.50%
