buffered-write: (g=0): rw=write, bs=(R) 128KiB-128KiB, (W) 128KiB-128KiB, (T) 128KiB-128KiB, ioengine=psync, iodepth=1
fio-3.36
Starting 1 process

buffered-write: (groupid=0, jobs=1): err= 0: pid=1396: Tue Aug 12 18:20:24 2025
  write: IOPS=25.1k, BW=3141MiB/s (3294MB/s)(1024MiB/326msec); 0 zone resets
    clat (usec): min=30, max=414, avg=35.14, stdev= 8.80
     lat (usec): min=31, max=571, avg=37.53, stdev= 9.83
    clat percentiles (usec):
     |  1.00th=[   32],  5.00th=[   33], 10.00th=[   34], 20.00th=[   34],
     | 30.00th=[   34], 40.00th=[   34], 50.00th=[   35], 60.00th=[   35],
     | 70.00th=[   35], 80.00th=[   36], 90.00th=[   37], 95.00th=[   39],
     | 99.00th=[   65], 99.50th=[   94], 99.90th=[  126], 99.95th=[  167],
     | 99.99th=[  416]
  lat (usec)   : 50=98.86%, 100=0.74%, 250=0.37%, 500=0.02%
  cpu          : usr=20.31%, sys=77.54%, ctx=3, majf=0, minf=12
  IO depths    : 1=100.0%, 2=0.0%, 4=0.0%, 8=0.0%, 16=0.0%, 32=0.0%, >=64=0.0%
     submit    : 0=0.0%, 4=100.0%, 8=0.0%, 16=0.0%, 32=0.0%, 64=0.0%, >=64=0.0%
     complete  : 0=0.0%, 4=100.0%, 8=0.0%, 16=0.0%, 32=0.0%, 64=0.0%, >=64=0.0%
     issued rwts: total=0,8192,0,0 short=0,0,0,0 dropped=0,0,0,0
     latency   : target=0, window=0, percentile=100.00%, depth=1

Run status group 0 (all jobs):
  WRITE: bw=3141MiB/s (3294MB/s), 3141MiB/s-3141MiB/s (3294MB/s-3294MB/s), io=1024MiB (1074MB), run=326-326msec

Disk stats (read/write):
  vdc: ios=0/0, sectors=0/0, merge=0/0, ticks=0/0, in_queue=0, util=0.00%
