buffered-write: (g=0): rw=write, bs=(R) 1024KiB-1024KiB, (W) 1024KiB-1024KiB, (T) 1024KiB-1024KiB, ioengine=psync, iodepth=1
fio-3.36
Starting 1 process

buffered-write: (groupid=0, jobs=1): err= 0: pid=467: Tue Aug 12 18:18:25 2025
  write: IOPS=495, BW=495MiB/s (519MB/s)(1024MiB/2068msec); 0 zone resets
    clat (usec): min=266, max=5856, avg=1987.21, stdev=1329.63
     lat (usec): min=278, max=6100, avg=2010.04, stdev=1333.76
    clat percentiles (usec):
     |  1.00th=[  269],  5.00th=[  281], 10.00th=[  289], 20.00th=[  310],
     | 30.00th=[  449], 40.00th=[ 1385], 50.00th=[ 2802], 60.00th=[ 2900],
     | 70.00th=[ 3032], 80.00th=[ 3163], 90.00th=[ 3326], 95.00th=[ 3458],
     | 99.00th=[ 3818], 99.50th=[ 3884], 99.90th=[ 4948], 99.95th=[ 5866],
     | 99.99th=[ 5866]
   bw (  KiB/s): min=323584, max=854016, per=100.00%, avg=513301.75, stdev=234740.50, samples=4
   iops        : min=  316, max=  834, avg=501.25, stdev=229.24, samples=4
  lat (usec)   : 500=31.93%, 750=5.18%, 1000=1.86%
  lat (msec)   : 2=2.25%, 4=58.59%, 10=0.20%
  cpu          : usr=1.11%, sys=97.82%, ctx=2, majf=0, minf=13
  IO depths    : 1=100.0%, 2=0.0%, 4=0.0%, 8=0.0%, 16=0.0%, 32=0.0%, >=64=0.0%
     submit    : 0=0.0%, 4=100.0%, 8=0.0%, 16=0.0%, 32=0.0%, 64=0.0%, >=64=0.0%
     complete  : 0=0.0%, 4=100.0%, 8=0.0%, 16=0.0%, 32=0.0%, 64=0.0%, >=64=0.0%
     issued rwts: total=0,1024,0,0 short=0,0,0,0 dropped=0,0,0,0
     latency   : target=0, window=0, percentile=100.00%, depth=1

Run status group 0 (all jobs):
  WRITE: bw=495MiB/s (519MB/s), 495MiB/s-495MiB/s (519MB/s-519MB/s), io=1024MiB (1074MB), run=2068-2068msec

Disk stats (read/write):
  vdc: ios=1/0, sectors=8/0, merge=0/0, ticks=2/0, in_queue=2, util=0.20%
