buffered-read: (g=0): rw=read, bs=(R) 1024KiB-1024KiB, (W) 1024KiB-1024KiB, (T) 1024KiB-1024KiB, ioengine=psync, iodepth=1
fio-3.36
Starting 1 process

buffered-read: (groupid=0, jobs=1): err= 0: pid=1047: Sat Aug  9 10:13:43 2025
  read: IOPS=2337, BW=2338MiB/s (2451MB/s)(1024MiB/438msec)
    clat (usec): min=174, max=4124, avg=419.60, stdev=123.46
     lat (usec): min=174, max=4233, avg=420.29, stdev=126.65
    clat percentiles (usec):
     |  1.00th=[  363],  5.00th=[  375], 10.00th=[  379], 20.00th=[  388],
     | 30.00th=[  392], 40.00th=[  400], 50.00th=[  408], 60.00th=[  420],
     | 70.00th=[  429], 80.00th=[  441], 90.00th=[  461], 95.00th=[  486],
     | 99.00th=[  570], 99.50th=[  603], 99.90th=[ 1020], 99.95th=[ 4113],
     | 99.99th=[ 4113]
  lat (usec)   : 250=0.10%, 500=96.19%, 750=3.52%
  lat (msec)   : 2=0.10%, 10=0.10%
  cpu          : usr=3.20%, sys=95.42%, ctx=0, majf=0, minf=269
  IO depths    : 1=100.0%, 2=0.0%, 4=0.0%, 8=0.0%, 16=0.0%, 32=0.0%, >=64=0.0%
     submit    : 0=0.0%, 4=100.0%, 8=0.0%, 16=0.0%, 32=0.0%, 64=0.0%, >=64=0.0%
     complete  : 0=0.0%, 4=100.0%, 8=0.0%, 16=0.0%, 32=0.0%, 64=0.0%, >=64=0.0%
     issued rwts: total=1024,0,0,0 short=0,0,0,0 dropped=0,0,0,0
     latency   : target=0, window=0, percentile=100.00%, depth=1

Run status group 0 (all jobs):
   READ: bw=2338MiB/s (2451MB/s), 2338MiB/s-2338MiB/s (2451MB/s-2451MB/s), io=1024MiB (1074MB), run=438-438msec

Disk stats (read/write):
  vdc: ios=0/0, sectors=0/0, merge=0/0, ticks=0/0, in_queue=0, util=0.00%
