buffered-write: (g=0): rw=write, bs=(R) 4096B-4096B, (W) 4096B-4096B, (T) 4096B-4096B, ioengine=psync, iodepth=1
fio-3.36
Starting 1 process

fio: terminating on signal 2

buffered-write: (groupid=0, jobs=1): err= 0: pid=562: Tue Aug 12 18:42:45 2025
  write: IOPS=365, BW=1461KiB/s (1496kB/s)(58.3MiB/40854msec); 0 zone resets
    clat (usec): min=32, max=575, avg=51.37, stdev=23.59
     lat (usec): min=33, max=633, avg=52.54, stdev=24.24
    clat percentiles (usec):
     |  1.00th=[   36],  5.00th=[   39], 10.00th=[   40], 20.00th=[   42],
     | 30.00th=[   44], 40.00th=[   45], 50.00th=[   47], 60.00th=[   48],
     | 70.00th=[   50], 80.00th=[   53], 90.00th=[   62], 95.00th=[   82],
     | 99.00th=[  159], 99.50th=[  202], 99.90th=[  302], 99.95th=[  371],
     | 99.99th=[  515]
   bw (  KiB/s): min= 1056, max= 1608, per=100.00%, avg=1461.36, stdev=117.60, samples=81
   iops        : min=  264, max=  402, avg=365.32, stdev=29.39, samples=81
  lat (usec)   : 50=70.88%, 100=26.11%, 250=2.82%, 500=0.18%, 750=0.01%
  fsync/fdatasync/sync_file_range:
    sync (usec): min=2020, max=13982, avg=2672.07, stdev=550.73
    sync percentiles (usec):
     |  1.00th=[ 2114],  5.00th=[ 2245], 10.00th=[ 2311], 20.00th=[ 2376],
     | 30.00th=[ 2442], 40.00th=[ 2507], 50.00th=[ 2573], 60.00th=[ 2638],
     | 70.00th=[ 2704], 80.00th=[ 2802], 90.00th=[ 2966], 95.00th=[ 3130],
     | 99.00th=[ 5735], 99.50th=[ 5866], 99.90th=[ 6587], 99.95th=[ 6718],
     | 99.99th=[ 7242]
  cpu          : usr=0.43%, sys=3.39%, ctx=47124, majf=0, minf=14
  IO depths    : 1=200.0%, 2=0.0%, 4=0.0%, 8=0.0%, 16=0.0%, 32=0.0%, >=64=0.0%
     submit    : 0=0.0%, 4=100.0%, 8=0.0%, 16=0.0%, 32=0.0%, 64=0.0%, >=64=0.0%
     complete  : 0=0.0%, 4=100.0%, 8=0.0%, 16=0.0%, 32=0.0%, 64=0.0%, >=64=0.0%
     issued rwts: total=0,14919,0,14919 short=0,0,0,0 dropped=0,0,0,0
     latency   : target=0, window=0, percentile=100.00%, depth=1

Run status group 0 (all jobs):
  WRITE: bw=1461KiB/s (1496kB/s), 1461KiB/s-1461KiB/s (1496kB/s-1496kB/s), io=58.3MiB (61.1MB), run=40854-40854msec

Disk stats (read/write):
  vdc: ios=0/38625, sectors=0/190272, merge=0/0, ticks=0/37738, in_queue=69820, util=87.57%
