buffered-write: (g=0): rw=write, bs=(R) 100MiB-100MiB, (W) 100MiB-100MiB, (T) 100MiB-100MiB, ioengine=psync, iodepth=1
fio-3.36
Starting 1 process

buffered-write: (groupid=0, jobs=1): err= 0: pid=996: Tue Aug 12 18:19:21 2025
  write: IOPS=19, BW=1903MiB/s (1996MB/s)(1100MiB/578msec); 0 zone resets
    clat (usec): min=31500, max=48273, avg=43460.88, stdev=4980.47
     lat (usec): min=38444, max=58564, avg=51936.83, stdev=6771.20
    clat percentiles (usec):
     |  1.00th=[31589],  5.00th=[31589], 10.00th=[36963], 20.00th=[42206],
     | 30.00th=[43779], 40.00th=[44827], 50.00th=[45351], 60.00th=[45876],
     | 70.00th=[46400], 80.00th=[46400], 90.00th=[46924], 95.00th=[48497],
     | 99.00th=[48497], 99.50th=[48497], 99.90th=[48497], 99.95th=[48497],
     | 99.99th=[48497]
   bw (  MiB/s): min= 1796, max= 1796, per=94.39%, avg=1796.41, stdev= 0.00, samples=1
   iops        : min=   17, max=   17, avg=17.00, stdev= 0.00, samples=1
  lat (msec)   : 50=100.00%
  cpu          : usr=16.29%, sys=82.84%, ctx=3, majf=0, minf=12
  IO depths    : 1=100.0%, 2=0.0%, 4=0.0%, 8=0.0%, 16=0.0%, 32=0.0%, >=64=0.0%
     submit    : 0=0.0%, 4=100.0%, 8=0.0%, 16=0.0%, 32=0.0%, 64=0.0%, >=64=0.0%
     complete  : 0=0.0%, 4=100.0%, 8=0.0%, 16=0.0%, 32=0.0%, 64=0.0%, >=64=0.0%
     issued rwts: total=0,11,0,0 short=0,0,0,0 dropped=0,0,0,0
     latency   : target=0, window=0, percentile=100.00%, depth=1

Run status group 0 (all jobs):
  WRITE: bw=1903MiB/s (1996MB/s), 1903MiB/s-1903MiB/s (1996MB/s-1996MB/s), io=1100MiB (1153MB), run=578-578msec

Disk stats (read/write):
  vdc: ios=0/0, sectors=0/0, merge=0/0, ticks=0/0, in_queue=0, util=0.00%
