buffered-read: (g=0): rw=read, bs=(R) 4096B-4096B, (W) 4096B-4096B, (T) 4096B-4096B, ioengine=psync, iodepth=1
fio-3.36
Starting 1 process

buffered-read: (groupid=0, jobs=1): err= 0: pid=1556: Fri Aug  8 20:55:56 2025
  read: IOPS=147k, BW=575MiB/s (603MB/s)(1024MiB/1780msec)
    clat (usec): min=2, max=1414, avg= 5.02, stdev=11.47
     lat (usec): min=2, max=1525, avg= 5.30, stdev=11.87
    clat percentiles (usec):
     |  1.00th=[    3],  5.00th=[    3], 10.00th=[    3], 20.00th=[    3],
     | 30.00th=[    3], 40.00th=[    3], 50.00th=[    4], 60.00th=[    4],
     | 70.00th=[    4], 80.00th=[    4], 90.00th=[    4], 95.00th=[    8],
     | 99.00th=[   69], 99.50th=[   81], 99.90th=[  117], 99.95th=[  157],
     | 99.99th=[  269]
   bw (  KiB/s): min=496944, max=673908, per=97.29%, avg=573097.33, stdev=91022.26, samples=3
   iops        : min=124284, max=168477, avg=143289.67, stdev=22735.77, samples=3
  lat (usec)   : 4=90.17%, 10=5.99%, 20=0.66%, 50=1.60%, 100=1.42%
  lat (usec)   : 250=0.14%, 500=0.01%, 750=0.01%
  lat (msec)   : 2=0.01%
  cpu          : usr=55.79%, sys=27.36%, ctx=33, majf=0, minf=13
  IO depths    : 1=100.0%, 2=0.0%, 4=0.0%, 8=0.0%, 16=0.0%, 32=0.0%, >=64=0.0%
     submit    : 0=0.0%, 4=100.0%, 8=0.0%, 16=0.0%, 32=0.0%, 64=0.0%, >=64=0.0%
     complete  : 0=0.0%, 4=100.0%, 8=0.0%, 16=0.0%, 32=0.0%, 64=0.0%, >=64=0.0%
     issued rwts: total=262144,0,0,0 short=0,0,0,0 dropped=0,0,0,0
     latency   : target=0, window=0, percentile=100.00%, depth=1

Run status group 0 (all jobs):
   READ: bw=575MiB/s (603MB/s), 575MiB/s-575MiB/s (603MB/s-603MB/s), io=1024MiB (1074MB), run=1780-1780msec

Disk stats (read/write):
  vdc: ios=3675/0, sectors=1877008/0, merge=0/0, ticks=848/0, in_queue=848, util=36.47%
