buffered-read: (g=0): rw=read, bs=(R) 1024KiB-1024KiB, (W) 1024KiB-1024KiB, (T) 1024KiB-1024KiB, ioengine=psync, iodepth=1
fio-3.36
Starting 1 process

buffered-read: (groupid=0, jobs=1): err= 0: pid=1527: Sat Aug  9 10:14:22 2025
  read: IOPS=2316, BW=2317MiB/s (2429MB/s)(1024MiB/442msec)
    clat (usec): min=175, max=4865, avg=423.44, stdev=145.42
     lat (usec): min=175, max=4994, avg=423.96, stdev=149.25
    clat percentiles (usec):
     |  1.00th=[  367],  5.00th=[  379], 10.00th=[  383], 20.00th=[  392],
     | 30.00th=[  396], 40.00th=[  400], 50.00th=[  404], 60.00th=[  412],
     | 70.00th=[  433], 80.00th=[  449], 90.00th=[  465], 95.00th=[  498],
     | 99.00th=[  570], 99.50th=[  603], 99.90th=[  816], 99.95th=[ 4883],
     | 99.99th=[ 4883]
  lat (usec)   : 250=0.10%, 500=95.12%, 750=4.59%, 1000=0.10%
  lat (msec)   : 10=0.10%
  cpu          : usr=8.37%, sys=90.27%, ctx=0, majf=0, minf=269
  IO depths    : 1=100.0%, 2=0.0%, 4=0.0%, 8=0.0%, 16=0.0%, 32=0.0%, >=64=0.0%
     submit    : 0=0.0%, 4=100.0%, 8=0.0%, 16=0.0%, 32=0.0%, 64=0.0%, >=64=0.0%
     complete  : 0=0.0%, 4=100.0%, 8=0.0%, 16=0.0%, 32=0.0%, 64=0.0%, >=64=0.0%
     issued rwts: total=1024,0,0,0 short=0,0,0,0 dropped=0,0,0,0
     latency   : target=0, window=0, percentile=100.00%, depth=1

Run status group 0 (all jobs):
   READ: bw=2317MiB/s (2429MB/s), 2317MiB/s-2317MiB/s (2429MB/s-2429MB/s), io=1024MiB (1074MB), run=442-442msec

Disk stats (read/write):
  vdc: ios=0/0, sectors=0/0, merge=0/0, ticks=0/0, in_queue=0, util=0.00%
