buffered-read: (g=0): rw=read, bs=(R) 10.0MiB-10.0MiB, (W) 10.0MiB-10.0MiB, (T) 10.0MiB-10.0MiB, ioengine=psync, iodepth=1
fio-3.36
Starting 1 process

buffered-read: (groupid=0, jobs=1): err= 0: pid=2223: Sat Aug  9 10:15:21 2025
  read: IOPS=202, BW=2024MiB/s (2122MB/s)(1020MiB/504msec)
    clat (usec): min=3965, max=16936, avg=4892.77, stdev=1300.75
     lat (usec): min=3967, max=17043, avg=4895.09, stdev=1310.51
    clat percentiles (usec):
     |  1.00th=[ 4015],  5.00th=[ 4113], 10.00th=[ 4178], 20.00th=[ 4293],
     | 30.00th=[ 4359], 40.00th=[ 4555], 50.00th=[ 4817], 60.00th=[ 5014],
     | 70.00th=[ 5145], 80.00th=[ 5211], 90.00th=[ 5342], 95.00th=[ 5538],
     | 99.00th=[ 5997], 99.50th=[16909], 99.90th=[16909], 99.95th=[16909],
     | 99.99th=[16909]
   bw (  MiB/s): min= 2020, max= 2020, per=99.81%, avg=2020.00, stdev= 0.00, samples=1
   iops        : min=  202, max=  202, avg=202.00, stdev= 0.00, samples=1
  lat (msec)   : 4=0.98%, 10=98.04%, 20=0.98%
  cpu          : usr=0.40%, sys=101.39%, ctx=0, majf=0, minf=528
  IO depths    : 1=100.0%, 2=0.0%, 4=0.0%, 8=0.0%, 16=0.0%, 32=0.0%, >=64=0.0%
     submit    : 0=0.0%, 4=100.0%, 8=0.0%, 16=0.0%, 32=0.0%, 64=0.0%, >=64=0.0%
     complete  : 0=0.0%, 4=100.0%, 8=0.0%, 16=0.0%, 32=0.0%, 64=0.0%, >=64=0.0%
     issued rwts: total=102,0,0,0 short=0,0,0,0 dropped=0,0,0,0
     latency   : target=0, window=0, percentile=100.00%, depth=1

Run status group 0 (all jobs):
   READ: bw=2024MiB/s (2122MB/s), 2024MiB/s-2024MiB/s (2122MB/s-2122MB/s), io=1020MiB (1070MB), run=504-504msec

Disk stats (read/write):
  vdc: ios=0/0, sectors=0/0, merge=0/0, ticks=0/0, in_queue=0, util=0.00%
