buffered-write: (g=0): rw=write, bs=(R) 1024KiB-1024KiB, (W) 1024KiB-1024KiB, (T) 1024KiB-1024KiB, ioengine=psync, iodepth=1
fio-3.36
Starting 1 process

buffered-write: (groupid=0, jobs=1): err= 0: pid=596: Tue Aug 12 18:18:47 2025
  write: IOPS=3390, BW=3391MiB/s (3555MB/s)(1024MiB/302msec); 0 zone resets
    clat (usec): min=200, max=916, avg=250.90, stdev=49.82
     lat (usec): min=216, max=1237, avg=284.85, stdev=63.29
    clat percentiles (usec):
     |  1.00th=[  206],  5.00th=[  208], 10.00th=[  210], 20.00th=[  215],
     | 30.00th=[  217], 40.00th=[  221], 50.00th=[  227], 60.00th=[  239],
     | 70.00th=[  289], 80.00th=[  297], 90.00th=[  314], 95.00th=[  330],
     | 99.00th=[  379], 99.50th=[  404], 99.90th=[  465], 99.95th=[  914],
     | 99.99th=[  914]
  lat (usec)   : 250=65.23%, 500=34.67%, 1000=0.10%
  cpu          : usr=19.61%, sys=79.74%, ctx=2, majf=0, minf=12
  IO depths    : 1=100.0%, 2=0.0%, 4=0.0%, 8=0.0%, 16=0.0%, 32=0.0%, >=64=0.0%
     submit    : 0=0.0%, 4=100.0%, 8=0.0%, 16=0.0%, 32=0.0%, 64=0.0%, >=64=0.0%
     complete  : 0=0.0%, 4=100.0%, 8=0.0%, 16=0.0%, 32=0.0%, 64=0.0%, >=64=0.0%
     issued rwts: total=0,1024,0,0 short=0,0,0,0 dropped=0,0,0,0
     latency   : target=0, window=0, percentile=100.00%, depth=1

Run status group 0 (all jobs):
  WRITE: bw=3391MiB/s (3555MB/s), 3391MiB/s-3391MiB/s (3555MB/s-3555MB/s), io=1024MiB (1074MB), run=302-302msec

Disk stats (read/write):
  vdc: ios=0/0, sectors=0/0, merge=0/0, ticks=0/0, in_queue=0, util=0.00%
