buffered-write: (g=0): rw=write, bs=(R) 4096B-4096B, (W) 4096B-4096B, (T) 4096B-4096B, ioengine=psync, iodepth=1
fio-3.36
Starting 1 process

fio: terminating on signal 2

buffered-write: (groupid=0, jobs=1): err= 0: pid=475: Tue Aug 12 18:39:48 2025
  write: IOPS=130, BW=522KiB/s (535kB/s)(38.0MiB/74518msec); 0 zone resets
    clat (usec): min=34, max=2714, avg=58.21, stdev=36.25
     lat (usec): min=35, max=2857, avg=60.07, stdev=37.86
    clat percentiles (usec):
     |  1.00th=[   39],  5.00th=[   42], 10.00th=[   44], 20.00th=[   46],
     | 30.00th=[   48], 40.00th=[   49], 50.00th=[   51], 60.00th=[   54],
     | 70.00th=[   58], 80.00th=[   64], 90.00th=[   79], 95.00th=[   97],
     | 99.00th=[  165], 99.50th=[  206], 99.90th=[  289], 99.95th=[  383],
     | 99.99th=[ 2704]
   bw (  KiB/s): min=  400, max= 1056, per=99.92%, avg=522.99, stdev=53.02, samples=148
   iops        : min=  100, max=  264, avg=130.71, stdev=13.26, samples=148
  lat (usec)   : 50=46.44%, 100=48.99%, 250=4.40%, 500=0.15%
  lat (msec)   : 4=0.01%
  fsync/fdatasync/sync_file_range:
    sync (usec): min=2174, max=15298, avg=7581.08, stdev=986.07
    sync percentiles (usec):
     |  1.00th=[ 3130],  5.00th=[ 6915], 10.00th=[ 7046], 20.00th=[ 7242],
     | 30.00th=[ 7308], 40.00th=[ 7439], 50.00th=[ 7504], 60.00th=[ 7570],
     | 70.00th=[ 7701], 80.00th=[ 7767], 90.00th=[ 7963], 95.00th=[ 8291],
     | 99.00th=[12125], 99.50th=[12911], 99.90th=[14615], 99.95th=[14877],
     | 99.99th=[15270]
  cpu          : usr=0.19%, sys=1.67%, ctx=33701, majf=0, minf=14
  IO depths    : 1=200.0%, 2=0.0%, 4=0.0%, 8=0.0%, 16=0.0%, 32=0.0%, >=64=0.0%
     submit    : 0=0.0%, 4=100.0%, 8=0.0%, 16=0.0%, 32=0.0%, 64=0.0%, >=64=0.0%
     complete  : 0=0.0%, 4=100.0%, 8=0.0%, 16=0.0%, 32=0.0%, 64=0.0%, >=64=0.0%
     issued rwts: total=0,9732,0,9732 short=0,0,0,0 dropped=0,0,0,0
     latency   : target=0, window=0, percentile=100.00%, depth=1

Run status group 0 (all jobs):
  WRITE: bw=522KiB/s (535kB/s), 522KiB/s-522KiB/s (535kB/s-535kB/s), io=38.0MiB (39.9MB), run=74518-74518msec

Disk stats (read/write):
  vdc: ios=0/29236, sectors=0/156280, merge=0/0, ticks=0/72559, in_queue=138985, util=93.25%
