buffered-read: (g=0): rw=read, bs=(R) 10.0MiB-10.0MiB, (W) 10.0MiB-10.0MiB, (T) 10.0MiB-10.0MiB, ioengine=psync, iodepth=1
fio-3.36
Starting 1 process

buffered-read: (groupid=0, jobs=1): err= 0: pid=2199: Sat Aug  9 10:15:19 2025
  read: IOPS=184, BW=1844MiB/s (1934MB/s)(1020MiB/553msec)
    clat (usec): min=4297, max=20202, avg=5365.42, stdev=1856.39
     lat (usec): min=4299, max=20314, avg=5369.78, stdev=1865.16
    clat percentiles (usec):
     |  1.00th=[ 4359],  5.00th=[ 4424], 10.00th=[ 4490], 20.00th=[ 4490],
     | 30.00th=[ 4555], 40.00th=[ 4686], 50.00th=[ 5276], 60.00th=[ 5407],
     | 70.00th=[ 5473], 80.00th=[ 5538], 90.00th=[ 5800], 95.00th=[ 6325],
     | 99.00th=[12387], 99.50th=[20317], 99.90th=[20317], 99.95th=[20317],
     | 99.99th=[20317]
   bw (  MiB/s): min= 1821, max= 1821, per=98.77%, avg=1821.78, stdev= 0.00, samples=1
   iops        : min=  182, max=  182, avg=182.00, stdev= 0.00, samples=1
  lat (msec)   : 10=97.06%, 20=1.96%, 50=0.98%
  cpu          : usr=1.81%, sys=94.75%, ctx=0, majf=0, minf=528
  IO depths    : 1=100.0%, 2=0.0%, 4=0.0%, 8=0.0%, 16=0.0%, 32=0.0%, >=64=0.0%
     submit    : 0=0.0%, 4=100.0%, 8=0.0%, 16=0.0%, 32=0.0%, 64=0.0%, >=64=0.0%
     complete  : 0=0.0%, 4=100.0%, 8=0.0%, 16=0.0%, 32=0.0%, 64=0.0%, >=64=0.0%
     issued rwts: total=102,0,0,0 short=0,0,0,0 dropped=0,0,0,0
     latency   : target=0, window=0, percentile=100.00%, depth=1

Run status group 0 (all jobs):
   READ: bw=1844MiB/s (1934MB/s), 1844MiB/s-1844MiB/s (1934MB/s-1934MB/s), io=1020MiB (1070MB), run=553-553msec

Disk stats (read/write):
  vdc: ios=0/0, sectors=0/0, merge=0/0, ticks=0/0, in_queue=0, util=0.00%
