buffered-read: (g=0): rw=read, bs=(R) 1024KiB-1024KiB, (W) 1024KiB-1024KiB, (T) 1024KiB-1024KiB, ioengine=psync, iodepth=1
fio-3.36
Starting 1 process

buffered-read: (groupid=0, jobs=1): err= 0: pid=1311: Sat Aug  9 10:14:04 2025
  read: IOPS=2280, BW=2281MiB/s (2391MB/s)(1024MiB/449msec)
    clat (usec): min=187, max=3807, avg=429.50, stdev=112.91
     lat (usec): min=188, max=3926, avg=429.97, stdev=116.40
    clat percentiles (usec):
     |  1.00th=[  379],  5.00th=[  388], 10.00th=[  392], 20.00th=[  396],
     | 30.00th=[  404], 40.00th=[  408], 50.00th=[  416], 60.00th=[  424],
     | 70.00th=[  437], 80.00th=[  449], 90.00th=[  474], 95.00th=[  502],
     | 99.00th=[  562], 99.50th=[  611], 99.90th=[  791], 99.95th=[ 3818],
     | 99.99th=[ 3818]
  lat (usec)   : 250=0.10%, 500=94.24%, 750=5.47%, 1000=0.10%
  lat (msec)   : 4=0.10%
  cpu          : usr=2.90%, sys=95.09%, ctx=1, majf=0, minf=269
  IO depths    : 1=100.0%, 2=0.0%, 4=0.0%, 8=0.0%, 16=0.0%, 32=0.0%, >=64=0.0%
     submit    : 0=0.0%, 4=100.0%, 8=0.0%, 16=0.0%, 32=0.0%, 64=0.0%, >=64=0.0%
     complete  : 0=0.0%, 4=100.0%, 8=0.0%, 16=0.0%, 32=0.0%, 64=0.0%, >=64=0.0%
     issued rwts: total=1024,0,0,0 short=0,0,0,0 dropped=0,0,0,0
     latency   : target=0, window=0, percentile=100.00%, depth=1

Run status group 0 (all jobs):
   READ: bw=2281MiB/s (2391MB/s), 2281MiB/s-2281MiB/s (2391MB/s-2391MB/s), io=1024MiB (1074MB), run=449-449msec

Disk stats (read/write):
  vdc: ios=0/0, sectors=0/0, merge=0/0, ticks=0/0, in_queue=0, util=0.00%
