buffered-read: (g=0): rw=read, bs=(R) 10.0MiB-10.0MiB, (W) 10.0MiB-10.0MiB, (T) 10.0MiB-10.0MiB, ioengine=psync, iodepth=1
fio-3.36
Starting 1 process

buffered-read: (groupid=0, jobs=1): err= 0: pid=2343: Sat Aug  9 10:15:30 2025
  read: IOPS=209, BW=2090MiB/s (2192MB/s)(1020MiB/488msec)
    clat (usec): min=3795, max=21487, avg=4729.16, stdev=1731.63
     lat (usec): min=3797, max=21599, avg=4731.78, stdev=1742.25
    clat percentiles (usec):
     |  1.00th=[ 3982],  5.00th=[ 4080], 10.00th=[ 4080], 20.00th=[ 4113],
     | 30.00th=[ 4146], 40.00th=[ 4228], 50.00th=[ 4555], 60.00th=[ 4883],
     | 70.00th=[ 4948], 80.00th=[ 5014], 90.00th=[ 5080], 95.00th=[ 5145],
     | 99.00th=[ 5342], 99.50th=[21365], 99.90th=[21365], 99.95th=[21365],
     | 99.99th=[21365]
  lat (msec)   : 4=1.96%, 10=97.06%, 50=0.98%
  cpu          : usr=2.87%, sys=96.30%, ctx=1, majf=0, minf=528
  IO depths    : 1=100.0%, 2=0.0%, 4=0.0%, 8=0.0%, 16=0.0%, 32=0.0%, >=64=0.0%
     submit    : 0=0.0%, 4=100.0%, 8=0.0%, 16=0.0%, 32=0.0%, 64=0.0%, >=64=0.0%
     complete  : 0=0.0%, 4=100.0%, 8=0.0%, 16=0.0%, 32=0.0%, 64=0.0%, >=64=0.0%
     issued rwts: total=102,0,0,0 short=0,0,0,0 dropped=0,0,0,0
     latency   : target=0, window=0, percentile=100.00%, depth=1

Run status group 0 (all jobs):
   READ: bw=2090MiB/s (2192MB/s), 2090MiB/s-2090MiB/s (2192MB/s-2192MB/s), io=1020MiB (1070MB), run=488-488msec

Disk stats (read/write):
  vdc: ios=0/0, sectors=0/0, merge=0/0, ticks=0/0, in_queue=0, util=0.00%
