buffered-write: (g=0): rw=write, bs=(R) 10.0MiB-10.0MiB, (W) 10.0MiB-10.0MiB, (T) 10.0MiB-10.0MiB, ioengine=psync, iodepth=1
fio-3.36
Starting 1 process

buffered-write: (groupid=0, jobs=1): err= 0: pid=692: Tue Aug 12 18:18:54 2025
  write: IOPS=363, BW=3640MiB/s (3816MB/s)(1030MiB/283msec); 0 zone resets
    clat (usec): min=1873, max=28582, avg=2472.96, stdev=2618.79
     lat (usec): min=1979, max=28721, avg=2691.53, stdev=2629.26
    clat percentiles (usec):
     |  1.00th=[ 1909],  5.00th=[ 1926], 10.00th=[ 1958], 20.00th=[ 1975],
     | 30.00th=[ 1991], 40.00th=[ 2008], 50.00th=[ 2057], 60.00th=[ 2114],
     | 70.00th=[ 2245], 80.00th=[ 2638], 90.00th=[ 2769], 95.00th=[ 2868],
     | 99.00th=[ 3228], 99.50th=[28705], 99.90th=[28705], 99.95th=[28705],
     | 99.99th=[28705]
  lat (msec)   : 2=34.95%, 4=64.08%, 50=0.97%
  cpu          : usr=8.48%, sys=88.69%, ctx=1, majf=0, minf=13
  IO depths    : 1=100.0%, 2=0.0%, 4=0.0%, 8=0.0%, 16=0.0%, 32=0.0%, >=64=0.0%
     submit    : 0=0.0%, 4=100.0%, 8=0.0%, 16=0.0%, 32=0.0%, 64=0.0%, >=64=0.0%
     complete  : 0=0.0%, 4=100.0%, 8=0.0%, 16=0.0%, 32=0.0%, 64=0.0%, >=64=0.0%
     issued rwts: total=0,103,0,0 short=0,0,0,0 dropped=0,0,0,0
     latency   : target=0, window=0, percentile=100.00%, depth=1

Run status group 0 (all jobs):
  WRITE: bw=3640MiB/s (3816MB/s), 3640MiB/s-3640MiB/s (3816MB/s-3816MB/s), io=1030MiB (1080MB), run=283-283msec

Disk stats (read/write):
  vdc: ios=0/0, sectors=0/0, merge=0/0, ticks=0/0, in_queue=0, util=0.00%
