buffered-write: (g=0): rw=write, bs=(R) 1024MiB-1024MiB, (W) 1024MiB-1024MiB, (T) 1024MiB-1024MiB, ioengine=psync, iodepth=1
fio-3.36
Starting 1 process

buffered-write: (groupid=0, jobs=1): err= 0: pid=1012: Tue Aug 12 18:19:25 2025
  write: IOPS=2, BW=2485MiB/s (2606MB/s)(1024MiB/412msec); 0 zone resets
    clat (nsec): min=362896k, max=362896k, avg=362896485.00, stdev= 0.00
     lat (nsec): min=406980k, max=406980k, avg=406980238.00, stdev= 0.00
    clat percentiles (msec):
     |  1.00th=[  363],  5.00th=[  363], 10.00th=[  363], 20.00th=[  363],
     | 30.00th=[  363], 40.00th=[  363], 50.00th=[  363], 60.00th=[  363],
     | 70.00th=[  363], 80.00th=[  363], 90.00th=[  363], 95.00th=[  363],
     | 99.00th=[  363], 99.50th=[  363], 99.90th=[  363], 99.95th=[  363],
     | 99.99th=[  363]
  lat (msec)   : 500=100.00%
  cpu          : usr=11.41%, sys=87.14%, ctx=1, majf=0, minf=12
  IO depths    : 1=100.0%, 2=0.0%, 4=0.0%, 8=0.0%, 16=0.0%, 32=0.0%, >=64=0.0%
     submit    : 0=0.0%, 4=100.0%, 8=0.0%, 16=0.0%, 32=0.0%, 64=0.0%, >=64=0.0%
     complete  : 0=0.0%, 4=100.0%, 8=0.0%, 16=0.0%, 32=0.0%, 64=0.0%, >=64=0.0%
     issued rwts: total=0,1,0,0 short=0,0,0,0 dropped=0,0,0,0
     latency   : target=0, window=0, percentile=100.00%, depth=1

Run status group 0 (all jobs):
  WRITE: bw=2485MiB/s (2606MB/s), 2485MiB/s-2485MiB/s (2606MB/s-2606MB/s), io=1024MiB (1074MB), run=412-412msec

Disk stats (read/write):
  vdc: ios=0/0, sectors=0/0, merge=0/0, ticks=0/0, in_queue=0, util=0.00%
