buffered-read: (g=0): rw=read, bs=(R) 1024KiB-1024KiB, (W) 1024KiB-1024KiB, (T) 1024KiB-1024KiB, ioengine=psync, iodepth=1
fio-3.36
Starting 1 process

buffered-read: (groupid=0, jobs=1): err= 0: pid=2489: Sat Aug  9 10:17:05 2025
  read: IOPS=2467, BW=2467MiB/s (2587MB/s)(1024MiB/415msec)
    clat (usec): min=154, max=10791, avg=397.56, stdev=347.41
     lat (usec): min=154, max=10792, avg=398.41, stdev=349.83
    clat percentiles (usec):
     |  1.00th=[  334],  5.00th=[  343], 10.00th=[  347], 20.00th=[  351],
     | 30.00th=[  359], 40.00th=[  367], 50.00th=[  375], 60.00th=[  383],
     | 70.00th=[  396], 80.00th=[  408], 90.00th=[  437], 95.00th=[  461],
     | 99.00th=[  553], 99.50th=[  578], 99.90th=[ 4047], 99.95th=[10814],
     | 99.99th=[10814]
  lat (usec)   : 250=0.10%, 500=97.85%, 750=1.76%, 1000=0.10%
  lat (msec)   : 10=0.10%, 20=0.10%
  cpu          : usr=5.31%, sys=93.24%, ctx=0, majf=0, minf=269
  IO depths    : 1=100.0%, 2=0.0%, 4=0.0%, 8=0.0%, 16=0.0%, 32=0.0%, >=64=0.0%
     submit    : 0=0.0%, 4=100.0%, 8=0.0%, 16=0.0%, 32=0.0%, 64=0.0%, >=64=0.0%
     complete  : 0=0.0%, 4=100.0%, 8=0.0%, 16=0.0%, 32=0.0%, 64=0.0%, >=64=0.0%
     issued rwts: total=1024,0,0,0 short=0,0,0,0 dropped=0,0,0,0
     latency   : target=0, window=0, percentile=100.00%, depth=1

Run status group 0 (all jobs):
   READ: bw=2467MiB/s (2587MB/s), 2467MiB/s-2467MiB/s (2587MB/s-2587MB/s), io=1024MiB (1074MB), run=415-415msec

Disk stats (read/write):
  vdc: ios=0/0, sectors=0/0, merge=0/0, ticks=0/0, in_queue=0, util=0.00%
