buffered-read: (g=0): rw=read, bs=(R) 1024KiB-1024KiB, (W) 1024KiB-1024KiB, (T) 1024KiB-1024KiB, ioengine=psync, iodepth=1
fio-3.36
Starting 1 process

buffered-read: (groupid=0, jobs=1): err= 0: pid=447: Sat Aug  9 10:12:55 2025
  read: IOPS=2449, BW=2450MiB/s (2569MB/s)(1024MiB/418msec)
    clat (usec): min=161, max=3402, avg=400.71, stdev=104.16
     lat (usec): min=161, max=3519, avg=401.16, stdev=107.49
    clat percentiles (usec):
     |  1.00th=[  351],  5.00th=[  359], 10.00th=[  363], 20.00th=[  371],
     | 30.00th=[  375], 40.00th=[  383], 50.00th=[  392], 60.00th=[  400],
     | 70.00th=[  412], 80.00th=[  420], 90.00th=[  437], 95.00th=[  469],
     | 99.00th=[  519], 99.50th=[  562], 99.90th=[ 1270], 99.95th=[ 3392],
     | 99.99th=[ 3392]
  lat (usec)   : 250=0.10%, 500=98.54%, 750=1.07%, 1000=0.10%
  lat (msec)   : 2=0.10%, 4=0.10%
  cpu          : usr=5.50%, sys=93.06%, ctx=1, majf=0, minf=269
  IO depths    : 1=100.0%, 2=0.0%, 4=0.0%, 8=0.0%, 16=0.0%, 32=0.0%, >=64=0.0%
     submit    : 0=0.0%, 4=100.0%, 8=0.0%, 16=0.0%, 32=0.0%, 64=0.0%, >=64=0.0%
     complete  : 0=0.0%, 4=100.0%, 8=0.0%, 16=0.0%, 32=0.0%, 64=0.0%, >=64=0.0%
     issued rwts: total=1024,0,0,0 short=0,0,0,0 dropped=0,0,0,0
     latency   : target=0, window=0, percentile=100.00%, depth=1

Run status group 0 (all jobs):
   READ: bw=2450MiB/s (2569MB/s), 2450MiB/s-2450MiB/s (2569MB/s-2569MB/s), io=1024MiB (1074MB), run=418-418msec

Disk stats (read/write):
  vdc: ios=0/0, sectors=0/0, merge=0/0, ticks=0/0, in_queue=0, util=0.00%
