buffered-read: (g=0): rw=read, bs=(R) 1024KiB-1024KiB, (W) 1024KiB-1024KiB, (T) 1024KiB-1024KiB, ioengine=psync, iodepth=1
fio-3.36
Starting 1 process

buffered-read: (groupid=0, jobs=1): err= 0: pid=427: Fri Aug  8 20:54:21 2025
  read: IOPS=2852, BW=2852MiB/s (2991MB/s)(1024MiB/359msec)
    clat (usec): min=219, max=5307, avg=339.38, stdev=177.91
     lat (usec): min=219, max=5420, avg=340.62, stdev=181.13
    clat percentiles (usec):
     |  1.00th=[  225],  5.00th=[  233], 10.00th=[  241], 20.00th=[  255],
     | 30.00th=[  289], 40.00th=[  302], 50.00th=[  314], 60.00th=[  334],
     | 70.00th=[  367], 80.00th=[  400], 90.00th=[  457], 95.00th=[  498],
     | 99.00th=[  603], 99.50th=[  644], 99.90th=[  824], 99.95th=[ 5276],
     | 99.99th=[ 5276]
  lat (usec)   : 250=16.70%, 500=78.32%, 750=4.59%, 1000=0.29%
  lat (msec)   : 10=0.10%
  cpu          : usr=5.03%, sys=70.11%, ctx=179, majf=0, minf=269
  IO depths    : 1=100.0%, 2=0.0%, 4=0.0%, 8=0.0%, 16=0.0%, 32=0.0%, >=64=0.0%
     submit    : 0=0.0%, 4=100.0%, 8=0.0%, 16=0.0%, 32=0.0%, 64=0.0%, >=64=0.0%
     complete  : 0=0.0%, 4=100.0%, 8=0.0%, 16=0.0%, 32=0.0%, 64=0.0%, >=64=0.0%
     issued rwts: total=1024,0,0,0 short=0,0,0,0 dropped=0,0,0,0
     latency   : target=0, window=0, percentile=100.00%, depth=1

Run status group 0 (all jobs):
   READ: bw=2852MiB/s (2991MB/s), 2852MiB/s-2852MiB/s (2991MB/s-2991MB/s), io=1024MiB (1074MB), run=359-359msec

Disk stats (read/write):
  vdc: ios=317/0, sectors=645136/0, merge=0/0, ticks=108/0, in_queue=108, util=33.48%
