buffered-read: (g=0): rw=read, bs=(R) 100MiB-100MiB, (W) 100MiB-100MiB, (T) 100MiB-100MiB, ioengine=psync, iodepth=1
fio-3.36
Starting 1 process

buffered-read: (groupid=0, jobs=1): err= 0: pid=3161: Sat Aug  9 10:18:00 2025
  read: IOPS=19, BW=1916MiB/s (2009MB/s)(1000MiB/522msec)
    clat (usec): min=45890, max=82180, avg=51793.11, stdev=10776.46
     lat (usec): min=45893, max=82299, avg=51807.77, stdev=10812.71
    clat percentiles (usec):
     |  1.00th=[45876],  5.00th=[45876], 10.00th=[45876], 20.00th=[46400],
     | 30.00th=[47449], 40.00th=[47973], 50.00th=[49021], 60.00th=[49546],
     | 70.00th=[49546], 80.00th=[50070], 90.00th=[50070], 95.00th=[82314],
     | 99.00th=[82314], 99.50th=[82314], 99.90th=[82314], 99.95th=[82314],
     | 99.99th=[82314]
   bw (  MiB/s): min= 1800, max= 1800, per=93.96%, avg=1800.00, stdev= 0.00, samples=1
   iops        : min=   18, max=   18, avg=18.00, stdev= 0.00, samples=1
  lat (msec)   : 50=90.00%, 100=10.00%
  cpu          : usr=1.15%, sys=97.89%, ctx=1, majf=0, minf=573
  IO depths    : 1=100.0%, 2=0.0%, 4=0.0%, 8=0.0%, 16=0.0%, 32=0.0%, >=64=0.0%
     submit    : 0=0.0%, 4=100.0%, 8=0.0%, 16=0.0%, 32=0.0%, 64=0.0%, >=64=0.0%
     complete  : 0=0.0%, 4=100.0%, 8=0.0%, 16=0.0%, 32=0.0%, 64=0.0%, >=64=0.0%
     issued rwts: total=10,0,0,0 short=0,0,0,0 dropped=0,0,0,0
     latency   : target=0, window=0, percentile=100.00%, depth=1

Run status group 0 (all jobs):
   READ: bw=1916MiB/s (2009MB/s), 1916MiB/s-1916MiB/s (2009MB/s-2009MB/s), io=1000MiB (1049MB), run=522-522msec

Disk stats (read/write):
  vdc: ios=0/0, sectors=0/0, merge=0/0, ticks=0/0, in_queue=0, util=0.00%
