buffered-read: (g=0): rw=read, bs=(R) 1024KiB-1024KiB, (W) 1024KiB-1024KiB, (T) 1024KiB-1024KiB, ioengine=psync, iodepth=1
fio-3.36
Starting 1 process

buffered-read: (groupid=0, jobs=1): err= 0: pid=1191: Sat Aug  9 10:13:55 2025
  read: IOPS=2206, BW=2207MiB/s (2314MB/s)(1024MiB/464msec)
    clat (usec): min=177, max=5069, avg=444.34, stdev=153.60
     lat (usec): min=177, max=5188, avg=444.83, stdev=157.08
    clat percentiles (usec):
     |  1.00th=[  379],  5.00th=[  388], 10.00th=[  396], 20.00th=[  404],
     | 30.00th=[  408], 40.00th=[  416], 50.00th=[  424], 60.00th=[  437],
     | 70.00th=[  449], 80.00th=[  469], 90.00th=[  510], 95.00th=[  537],
     | 99.00th=[  635], 99.50th=[  660], 99.90th=[  734], 99.95th=[ 5080],
     | 99.99th=[ 5080]
  lat (usec)   : 250=0.10%, 500=86.62%, 750=13.18%
  lat (msec)   : 10=0.10%
  cpu          : usr=4.10%, sys=94.17%, ctx=0, majf=0, minf=269
  IO depths    : 1=100.0%, 2=0.0%, 4=0.0%, 8=0.0%, 16=0.0%, 32=0.0%, >=64=0.0%
     submit    : 0=0.0%, 4=100.0%, 8=0.0%, 16=0.0%, 32=0.0%, 64=0.0%, >=64=0.0%
     complete  : 0=0.0%, 4=100.0%, 8=0.0%, 16=0.0%, 32=0.0%, 64=0.0%, >=64=0.0%
     issued rwts: total=1024,0,0,0 short=0,0,0,0 dropped=0,0,0,0
     latency   : target=0, window=0, percentile=100.00%, depth=1

Run status group 0 (all jobs):
   READ: bw=2207MiB/s (2314MB/s), 2207MiB/s-2207MiB/s (2314MB/s-2314MB/s), io=1024MiB (1074MB), run=464-464msec

Disk stats (read/write):
  vdc: ios=0/0, sectors=0/0, merge=0/0, ticks=0/0, in_queue=0, util=0.00%
