buffered-read: (g=0): rw=read, bs=(R) 4096B-4096B, (W) 4096B-4096B, (T) 4096B-4096B, ioengine=psync, iodepth=1
fio-3.36
Starting 1 process

buffered-read: (groupid=0, jobs=1): err= 0: pid=1532: Fri Aug  8 20:55:53 2025
  read: IOPS=171k, BW=669MiB/s (701MB/s)(1024MiB/1531msec)
    clat (usec): min=2, max=1587, avg= 4.26, stdev= 9.18
     lat (usec): min=2, max=1698, avg= 4.50, stdev= 9.49
    clat percentiles (usec):
     |  1.00th=[    3],  5.00th=[    3], 10.00th=[    3], 20.00th=[    3],
     | 30.00th=[    3], 40.00th=[    3], 50.00th=[    3], 60.00th=[    3],
     | 70.00th=[    3], 80.00th=[    3], 90.00th=[    4], 95.00th=[    6],
     | 99.00th=[   63], 99.50th=[   67], 99.90th=[   78], 99.95th=[  104],
     | 99.99th=[  165]
   bw (  KiB/s): min=677988, max=690379, per=100.00%, avg=685765.00, stdev=6774.04, samples=3
   iops        : min=169508, max=172614, avg=171456.00, stdev=1697.02, samples=3
  lat (usec)   : 4=94.26%, 10=2.25%, 20=0.45%, 50=1.67%, 100=1.32%
  lat (usec)   : 250=0.05%, 500=0.01%
  lat (msec)   : 2=0.01%
  cpu          : usr=55.95%, sys=27.71%, ctx=29, majf=0, minf=13
  IO depths    : 1=100.0%, 2=0.0%, 4=0.0%, 8=0.0%, 16=0.0%, 32=0.0%, >=64=0.0%
     submit    : 0=0.0%, 4=100.0%, 8=0.0%, 16=0.0%, 32=0.0%, 64=0.0%, >=64=0.0%
     complete  : 0=0.0%, 4=100.0%, 8=0.0%, 16=0.0%, 32=0.0%, 64=0.0%, >=64=0.0%
     issued rwts: total=262144,0,0,0 short=0,0,0,0 dropped=0,0,0,0
     latency   : target=0, window=0, percentile=100.00%, depth=1

Run status group 0 (all jobs):
   READ: bw=669MiB/s (701MB/s), 669MiB/s-669MiB/s (701MB/s-701MB/s), io=1024MiB (1074MB), run=1531-1531msec

Disk stats (read/write):
  vdc: ios=3671/0, sectors=1874960/0, merge=0/0, ticks=656/0, in_queue=656, util=29.60%
