buffered-write: (g=0): rw=write, bs=(R) 128KiB-128KiB, (W) 128KiB-128KiB, (T) 128KiB-128KiB, ioengine=psync, iodepth=1
fio-3.36
Starting 1 process

buffered-write: (groupid=0, jobs=1): err= 0: pid=1364: Tue Aug 12 18:20:22 2025
  write: IOPS=26.1k, BW=3261MiB/s (3420MB/s)(1024MiB/314msec); 0 zone resets
    clat (usec): min=29, max=361, avg=35.04, stdev= 7.92
     lat (usec): min=31, max=534, avg=36.30, stdev= 9.16
    clat percentiles (usec):
     |  1.00th=[   32],  5.00th=[   33], 10.00th=[   33], 20.00th=[   34],
     | 30.00th=[   34], 40.00th=[   34], 50.00th=[   35], 60.00th=[   35],
     | 70.00th=[   35], 80.00th=[   36], 90.00th=[   37], 95.00th=[   39],
     | 99.00th=[   65], 99.50th=[   94], 99.90th=[  123], 99.95th=[  141],
     | 99.99th=[  363]
  lat (usec)   : 50=98.74%, 100=0.90%, 250=0.34%, 500=0.01%
  cpu          : usr=32.17%, sys=65.61%, ctx=3, majf=0, minf=12
  IO depths    : 1=100.0%, 2=0.0%, 4=0.0%, 8=0.0%, 16=0.0%, 32=0.0%, >=64=0.0%
     submit    : 0=0.0%, 4=100.0%, 8=0.0%, 16=0.0%, 32=0.0%, 64=0.0%, >=64=0.0%
     complete  : 0=0.0%, 4=100.0%, 8=0.0%, 16=0.0%, 32=0.0%, 64=0.0%, >=64=0.0%
     issued rwts: total=0,8192,0,0 short=0,0,0,0 dropped=0,0,0,0
     latency   : target=0, window=0, percentile=100.00%, depth=1

Run status group 0 (all jobs):
  WRITE: bw=3261MiB/s (3420MB/s), 3261MiB/s-3261MiB/s (3420MB/s-3420MB/s), io=1024MiB (1074MB), run=314-314msec

Disk stats (read/write):
  vdc: ios=0/0, sectors=0/0, merge=0/0, ticks=0/0, in_queue=0, util=0.00%
