buffered-read: (g=0): rw=read, bs=(R) 1024KiB-1024KiB, (W) 1024KiB-1024KiB, (T) 1024KiB-1024KiB, ioengine=psync, iodepth=1
fio-3.36
Starting 1 process

buffered-read: (groupid=0, jobs=1): err= 0: pid=1215: Sat Aug  9 10:13:57 2025
  read: IOPS=2386, BW=2387MiB/s (2503MB/s)(1024MiB/429msec)
    clat (usec): min=174, max=5075, avg=410.68, stdev=150.77
     lat (usec): min=175, max=5191, avg=411.38, stdev=154.38
    clat percentiles (usec):
     |  1.00th=[  359],  5.00th=[  371], 10.00th=[  379], 20.00th=[  383],
     | 30.00th=[  392], 40.00th=[  396], 50.00th=[  400], 60.00th=[  404],
     | 70.00th=[  408], 80.00th=[  416], 90.00th=[  449], 95.00th=[  478],
     | 99.00th=[  519], 99.50th=[  578], 99.90th=[ 1004], 99.95th=[ 5080],
     | 99.99th=[ 5080]
  lat (usec)   : 250=0.10%, 500=98.05%, 750=1.66%
  lat (msec)   : 2=0.10%, 10=0.10%
  cpu          : usr=3.26%, sys=94.64%, ctx=0, majf=0, minf=269
  IO depths    : 1=100.0%, 2=0.0%, 4=0.0%, 8=0.0%, 16=0.0%, 32=0.0%, >=64=0.0%
     submit    : 0=0.0%, 4=100.0%, 8=0.0%, 16=0.0%, 32=0.0%, 64=0.0%, >=64=0.0%
     complete  : 0=0.0%, 4=100.0%, 8=0.0%, 16=0.0%, 32=0.0%, 64=0.0%, >=64=0.0%
     issued rwts: total=1024,0,0,0 short=0,0,0,0 dropped=0,0,0,0
     latency   : target=0, window=0, percentile=100.00%, depth=1

Run status group 0 (all jobs):
   READ: bw=2387MiB/s (2503MB/s), 2387MiB/s-2387MiB/s (2503MB/s-2503MB/s), io=1024MiB (1074MB), run=429-429msec

Disk stats (read/write):
  vdc: ios=0/0, sectors=0/0, merge=0/0, ticks=0/0, in_queue=0, util=0.00%
