buffered-write: (g=0): rw=write, bs=(R) 1024KiB-1024KiB, (W) 1024KiB-1024KiB, (T) 1024KiB-1024KiB, ioengine=psync, iodepth=1
fio-3.36
Starting 1 process

buffered-write: (groupid=0, jobs=1): err= 0: pid=660: Tue Aug 12 18:18:52 2025
  write: IOPS=3424, BW=3425MiB/s (3591MB/s)(1024MiB/299msec); 0 zone resets
    clat (usec): min=199, max=751, avg=253.52, stdev=54.62
     lat (usec): min=211, max=1001, avg=282.21, stdev=69.11
    clat percentiles (usec):
     |  1.00th=[  204],  5.00th=[  206], 10.00th=[  208], 20.00th=[  212],
     | 30.00th=[  215], 40.00th=[  219], 50.00th=[  227], 60.00th=[  239],
     | 70.00th=[  289], 80.00th=[  306], 90.00th=[  322], 95.00th=[  343],
     | 99.00th=[  408], 99.50th=[  465], 99.90th=[  578], 99.95th=[  750],
     | 99.99th=[  750]
  lat (usec)   : 250=64.06%, 500=35.64%, 750=0.20%, 1000=0.10%
  cpu          : usr=12.75%, sys=84.56%, ctx=3, majf=0, minf=12
  IO depths    : 1=100.0%, 2=0.0%, 4=0.0%, 8=0.0%, 16=0.0%, 32=0.0%, >=64=0.0%
     submit    : 0=0.0%, 4=100.0%, 8=0.0%, 16=0.0%, 32=0.0%, 64=0.0%, >=64=0.0%
     complete  : 0=0.0%, 4=100.0%, 8=0.0%, 16=0.0%, 32=0.0%, 64=0.0%, >=64=0.0%
     issued rwts: total=0,1024,0,0 short=0,0,0,0 dropped=0,0,0,0
     latency   : target=0, window=0, percentile=100.00%, depth=1

Run status group 0 (all jobs):
  WRITE: bw=3425MiB/s (3591MB/s), 3425MiB/s-3425MiB/s (3591MB/s-3591MB/s), io=1024MiB (1074MB), run=299-299msec

Disk stats (read/write):
  vdc: ios=0/0, sectors=0/0, merge=0/0, ticks=0/0, in_queue=0, util=0.00%
