buffered-read: (g=0): rw=read, bs=(R) 1024KiB-1024KiB, (W) 1024KiB-1024KiB, (T) 1024KiB-1024KiB, ioengine=psync, iodepth=1
fio-3.36
Starting 1 process

buffered-read: (groupid=0, jobs=1): err= 0: pid=1287: Sat Aug  9 10:14:03 2025
  read: IOPS=2364, BW=2365MiB/s (2480MB/s)(1024MiB/433msec)
    clat (usec): min=175, max=3538, avg=411.69, stdev=104.33
     lat (usec): min=175, max=3802, avg=412.61, stdev=112.39
    clat percentiles (usec):
     |  1.00th=[  363],  5.00th=[  375], 10.00th=[  379], 20.00th=[  388],
     | 30.00th=[  392], 40.00th=[  396], 50.00th=[  400], 60.00th=[  408],
     | 70.00th=[  412], 80.00th=[  420], 90.00th=[  453], 95.00th=[  486],
     | 99.00th=[  537], 99.50th=[  537], 99.90th=[  889], 99.95th=[ 3523],
     | 99.99th=[ 3523]
  lat (usec)   : 250=0.10%, 500=96.68%, 750=3.03%, 1000=0.10%
  lat (msec)   : 4=0.10%
  cpu          : usr=9.49%, sys=88.43%, ctx=1, majf=0, minf=269
  IO depths    : 1=100.0%, 2=0.0%, 4=0.0%, 8=0.0%, 16=0.0%, 32=0.0%, >=64=0.0%
     submit    : 0=0.0%, 4=100.0%, 8=0.0%, 16=0.0%, 32=0.0%, 64=0.0%, >=64=0.0%
     complete  : 0=0.0%, 4=100.0%, 8=0.0%, 16=0.0%, 32=0.0%, 64=0.0%, >=64=0.0%
     issued rwts: total=1024,0,0,0 short=0,0,0,0 dropped=0,0,0,0
     latency   : target=0, window=0, percentile=100.00%, depth=1

Run status group 0 (all jobs):
   READ: bw=2365MiB/s (2480MB/s), 2365MiB/s-2365MiB/s (2480MB/s-2480MB/s), io=1024MiB (1074MB), run=433-433msec

Disk stats (read/write):
  vdc: ios=0/0, sectors=0/0, merge=0/0, ticks=0/0, in_queue=0, util=0.00%
