buffered-write: (g=0): rw=write, bs=(R) 100MiB-100MiB, (W) 100MiB-100MiB, (T) 100MiB-100MiB, ioengine=psync, iodepth=1
fio-3.36
Starting 1 process

buffered-write: (groupid=0, jobs=1): err= 0: pid=443: Tue Aug 12 18:38:30 2025
  write: IOPS=22, BW=2254MiB/s (2364MB/s)(1100MiB/488msec); 0 zone resets
    clat (usec): min=27594, max=36124, avg=31731.99, stdev=3376.62
     lat (usec): min=33743, max=46947, avg=39309.82, stdev=4524.38
    clat percentiles (usec):
     |  1.00th=[27657],  5.00th=[27657], 10.00th=[27657], 20.00th=[27657],
     | 30.00th=[28705], 40.00th=[30278], 50.00th=[33162], 60.00th=[33817],
     | 70.00th=[34341], 80.00th=[34341], 90.00th=[34866], 95.00th=[35914],
     | 99.00th=[35914], 99.50th=[35914], 99.90th=[35914], 99.95th=[35914],
     | 99.99th=[35914]
  lat (msec)   : 50=100.00%
  fsync/fdatasync/sync_file_range:
    sync (usec): min=4265, max=4585, avg=4435.27, stdev=118.69
    sync percentiles (usec):
     |  1.00th=[ 4293],  5.00th=[ 4293], 10.00th=[ 4293], 20.00th=[ 4293],
     | 30.00th=[ 4293], 40.00th=[ 4424], 50.00th=[ 4490], 60.00th=[ 4490],
     | 70.00th=[ 4490], 80.00th=[ 4490], 90.00th=[ 4555], 95.00th=[ 4555],
     | 99.00th=[ 4555], 99.50th=[ 4555], 99.90th=[ 4555], 99.95th=[ 4555],
     | 99.99th=[ 4555]
  cpu          : usr=15.98%, sys=75.41%, ctx=52, majf=0, minf=13
  IO depths    : 1=190.9%, 2=0.0%, 4=0.0%, 8=0.0%, 16=0.0%, 32=0.0%, >=64=0.0%
     submit    : 0=0.0%, 4=100.0%, 8=0.0%, 16=0.0%, 32=0.0%, 64=0.0%, >=64=0.0%
     complete  : 0=0.0%, 4=100.0%, 8=0.0%, 16=0.0%, 32=0.0%, 64=0.0%, >=64=0.0%
     issued rwts: total=0,11,0,10 short=0,0,0,0 dropped=0,0,0,0
     latency   : target=0, window=0, percentile=100.00%, depth=1

Run status group 0 (all jobs):
  WRITE: bw=2254MiB/s (2364MB/s), 2254MiB/s-2254MiB/s (2364MB/s-2364MB/s), io=1100MiB (1153MB), run=488-488msec

Disk stats (read/write):
  vdc: ios=0/369, sectors=0/2904, merge=0/0, ticks=0/417, in_queue=431, util=4.13%
