buffered-read: (g=0): rw=read, bs=(R) 10.0MiB-10.0MiB, (W) 10.0MiB-10.0MiB, (T) 10.0MiB-10.0MiB, ioengine=psync, iodepth=1
fio-3.36
Starting 1 process

buffered-read: (groupid=0, jobs=1): err= 0: pid=2151: Sat Aug  9 10:15:15 2025
  read: IOPS=183, BW=1838MiB/s (1927MB/s)(1020MiB/555msec)
    clat (usec): min=4187, max=17953, avg=5361.83, stdev=1421.67
     lat (usec): min=4193, max=18073, avg=5368.76, stdev=1431.81
    clat percentiles (usec):
     |  1.00th=[ 4359],  5.00th=[ 4424], 10.00th=[ 4490], 20.00th=[ 4555],
     | 30.00th=[ 4621], 40.00th=[ 5014], 50.00th=[ 5342], 60.00th=[ 5473],
     | 70.00th=[ 5538], 80.00th=[ 5669], 90.00th=[ 6194], 95.00th=[ 6652],
     | 99.00th=[ 7046], 99.50th=[17957], 99.90th=[17957], 99.95th=[17957],
     | 99.99th=[17957]
   bw (  MiB/s): min= 1816, max= 1816, per=98.83%, avg=1816.37, stdev= 0.00, samples=1
   iops        : min=  181, max=  181, avg=181.00, stdev= 0.00, samples=1
  lat (msec)   : 10=99.02%, 20=0.98%
  cpu          : usr=1.08%, sys=96.76%, ctx=1, majf=0, minf=528
  IO depths    : 1=100.0%, 2=0.0%, 4=0.0%, 8=0.0%, 16=0.0%, 32=0.0%, >=64=0.0%
     submit    : 0=0.0%, 4=100.0%, 8=0.0%, 16=0.0%, 32=0.0%, 64=0.0%, >=64=0.0%
     complete  : 0=0.0%, 4=100.0%, 8=0.0%, 16=0.0%, 32=0.0%, 64=0.0%, >=64=0.0%
     issued rwts: total=102,0,0,0 short=0,0,0,0 dropped=0,0,0,0
     latency   : target=0, window=0, percentile=100.00%, depth=1

Run status group 0 (all jobs):
   READ: bw=1838MiB/s (1927MB/s), 1838MiB/s-1838MiB/s (1927MB/s-1927MB/s), io=1020MiB (1070MB), run=555-555msec

Disk stats (read/write):
  vdc: ios=0/0, sectors=0/0, merge=0/0, ticks=0/0, in_queue=0, util=0.00%
