buffered-read: (g=0): rw=read, bs=(R) 10.0MiB-10.0MiB, (W) 10.0MiB-10.0MiB, (T) 10.0MiB-10.0MiB, ioengine=psync, iodepth=1
fio-3.36
Starting 1 process

buffered-read: (groupid=0, jobs=1): err= 0: pid=2873: Sat Aug  9 10:17:35 2025
  read: IOPS=181, BW=1812MiB/s (1900MB/s)(1020MiB/563msec)
    clat (usec): min=4433, max=17987, avg=5461.86, stdev=1391.13
     lat (usec): min=4434, max=18099, avg=5464.95, stdev=1401.00
    clat percentiles (usec):
     |  1.00th=[ 4490],  5.00th=[ 4555], 10.00th=[ 4555], 20.00th=[ 4621],
     | 30.00th=[ 4883], 40.00th=[ 5211], 50.00th=[ 5407], 60.00th=[ 5473],
     | 70.00th=[ 5604], 80.00th=[ 5932], 90.00th=[ 6259], 95.00th=[ 6521],
     | 99.00th=[ 6849], 99.50th=[17957], 99.90th=[17957], 99.95th=[17957],
     | 99.99th=[17957]
   bw (  MiB/s): min= 1780, max= 1780, per=98.25%, avg=1780.00, stdev= 0.00, samples=1
   iops        : min=  178, max=  178, avg=178.00, stdev= 0.00, samples=1
  lat (msec)   : 10=99.02%, 20=0.98%
  cpu          : usr=1.07%, sys=96.44%, ctx=1, majf=0, minf=528
  IO depths    : 1=100.0%, 2=0.0%, 4=0.0%, 8=0.0%, 16=0.0%, 32=0.0%, >=64=0.0%
     submit    : 0=0.0%, 4=100.0%, 8=0.0%, 16=0.0%, 32=0.0%, 64=0.0%, >=64=0.0%
     complete  : 0=0.0%, 4=100.0%, 8=0.0%, 16=0.0%, 32=0.0%, 64=0.0%, >=64=0.0%
     issued rwts: total=102,0,0,0 short=0,0,0,0 dropped=0,0,0,0
     latency   : target=0, window=0, percentile=100.00%, depth=1

Run status group 0 (all jobs):
   READ: bw=1812MiB/s (1900MB/s), 1812MiB/s-1812MiB/s (1900MB/s-1900MB/s), io=1020MiB (1070MB), run=563-563msec

Disk stats (read/write):
  vdc: ios=0/0, sectors=0/0, merge=0/0, ticks=0/0, in_queue=0, util=0.00%
