buffered-read: (g=0): rw=read, bs=(R) 1024KiB-1024KiB, (W) 1024KiB-1024KiB, (T) 1024KiB-1024KiB, ioengine=psync, iodepth=1
fio-3.36
Starting 1 process

buffered-read: (groupid=0, jobs=1): err= 0: pid=476: Fri Aug  8 20:54:23 2025
  read: IOPS=2723, BW=2723MiB/s (2856MB/s)(1024MiB/376msec)
    clat (usec): min=217, max=5356, avg=354.23, stdev=177.41
     lat (usec): min=217, max=5469, avg=356.09, stdev=180.39
    clat percentiles (usec):
     |  1.00th=[  233],  5.00th=[  241], 10.00th=[  251], 20.00th=[  285],
     | 30.00th=[  310], 40.00th=[  330], 50.00th=[  343], 60.00th=[  351],
     | 70.00th=[  367], 80.00th=[  392], 90.00th=[  457], 95.00th=[  506],
     | 99.00th=[  635], 99.50th=[  775], 99.90th=[  848], 99.95th=[ 5342],
     | 99.99th=[ 5342]
  lat (usec)   : 250=9.96%, 500=84.57%, 750=4.88%, 1000=0.49%
  lat (msec)   : 10=0.10%
  cpu          : usr=2.39%, sys=74.20%, ctx=106, majf=0, minf=269
  IO depths    : 1=100.0%, 2=0.0%, 4=0.0%, 8=0.0%, 16=0.0%, 32=0.0%, >=64=0.0%
     submit    : 0=0.0%, 4=100.0%, 8=0.0%, 16=0.0%, 32=0.0%, 64=0.0%, >=64=0.0%
     complete  : 0=0.0%, 4=100.0%, 8=0.0%, 16=0.0%, 32=0.0%, 64=0.0%, >=64=0.0%
     issued rwts: total=1024,0,0,0 short=0,0,0,0 dropped=0,0,0,0
     latency   : target=0, window=0, percentile=100.00%, depth=1

Run status group 0 (all jobs):
   READ: bw=2723MiB/s (2856MB/s), 2723MiB/s-2723MiB/s (2856MB/s-2856MB/s), io=1024MiB (1074MB), run=376-376msec

Disk stats (read/write):
  vdc: ios=1005/0, sectors=2054160/0, merge=0/0, ticks=306/0, in_queue=306, util=47.16%
