buffered-read: (g=0): rw=read, bs=(R) 4096B-4096B, (W) 4096B-4096B, (T) 4096B-4096B, ioengine=psync, iodepth=1
fio-3.36
Starting 1 process

buffered-read: (groupid=0, jobs=1): err= 0: pid=512: Sat Aug  9 10:38:38 2025
  read: IOPS=217k, BW=848MiB/s (889MB/s)(1024MiB/1208msec)
    clat (usec): min=2, max=1047, avg= 3.40, stdev= 8.13
     lat (usec): min=2, max=1047, avg= 3.56, stdev= 8.17
    clat percentiles (usec):
     |  1.00th=[    3],  5.00th=[    3], 10.00th=[    3], 20.00th=[    3],
     | 30.00th=[    3], 40.00th=[    3], 50.00th=[    3], 60.00th=[    3],
     | 70.00th=[    3], 80.00th=[    3], 90.00th=[    3], 95.00th=[    3],
     | 99.00th=[   59], 99.50th=[   65], 99.90th=[   77], 99.95th=[   87],
     | 99.99th=[  129]
   bw (  KiB/s): min=860000, max=879417, per=100.00%, avg=869708.50, stdev=13729.89, samples=2
   iops        : min=215040, max=219860, avg=217450.00, stdev=3408.25, samples=2
  lat (usec)   : 4=97.57%, 10=0.72%, 20=0.08%, 50=0.05%, 100=1.55%
  lat (usec)   : 250=0.03%, 500=0.01%
  lat (msec)   : 2=0.01%
  cpu          : usr=77.05%, sys=21.87%, ctx=0, majf=0, minf=14
  IO depths    : 1=100.0%, 2=0.0%, 4=0.0%, 8=0.0%, 16=0.0%, 32=0.0%, >=64=0.0%
     submit    : 0=0.0%, 4=100.0%, 8=0.0%, 16=0.0%, 32=0.0%, 64=0.0%, >=64=0.0%
     complete  : 0=0.0%, 4=100.0%, 8=0.0%, 16=0.0%, 32=0.0%, 64=0.0%, >=64=0.0%
     issued rwts: total=262144,0,0,0 short=0,0,0,0 dropped=0,0,0,0
     latency   : target=0, window=0, percentile=100.00%, depth=1

Run status group 0 (all jobs):
   READ: bw=848MiB/s (889MB/s), 848MiB/s-848MiB/s (889MB/s-889MB/s), io=1024MiB (1074MB), run=1208-1208msec

Disk stats (read/write):
  vdc: ios=0/0, sectors=0/0, merge=0/0, ticks=0/0, in_queue=0, util=0.00%
