buffered-read: (g=0): rw=read, bs=(R) 1024KiB-1024KiB, (W) 1024KiB-1024KiB, (T) 1024KiB-1024KiB, ioengine=psync, iodepth=1
fio-3.36
Starting 1 process

buffered-read: (groupid=0, jobs=1): err= 0: pid=2585: Sat Aug  9 10:17:12 2025
  read: IOPS=2503, BW=2504MiB/s (2625MB/s)(1024MiB/409msec)
    clat (usec): min=155, max=4800, avg=390.23, stdev=142.82
     lat (usec): min=155, max=4916, avg=390.89, stdev=146.32
    clat percentiles (usec):
     |  1.00th=[  347],  5.00th=[  355], 10.00th=[  355], 20.00th=[  363],
     | 30.00th=[  367], 40.00th=[  371], 50.00th=[  375], 60.00th=[  383],
     | 70.00th=[  392], 80.00th=[  404], 90.00th=[  437], 95.00th=[  461],
     | 99.00th=[  506], 99.50th=[  529], 99.90th=[  775], 99.95th=[ 4817],
     | 99.99th=[ 4817]
  lat (usec)   : 250=0.10%, 500=98.54%, 750=1.17%, 1000=0.10%
  lat (msec)   : 10=0.10%
  cpu          : usr=5.39%, sys=93.38%, ctx=1, majf=0, minf=269
  IO depths    : 1=100.0%, 2=0.0%, 4=0.0%, 8=0.0%, 16=0.0%, 32=0.0%, >=64=0.0%
     submit    : 0=0.0%, 4=100.0%, 8=0.0%, 16=0.0%, 32=0.0%, 64=0.0%, >=64=0.0%
     complete  : 0=0.0%, 4=100.0%, 8=0.0%, 16=0.0%, 32=0.0%, 64=0.0%, >=64=0.0%
     issued rwts: total=1024,0,0,0 short=0,0,0,0 dropped=0,0,0,0
     latency   : target=0, window=0, percentile=100.00%, depth=1

Run status group 0 (all jobs):
   READ: bw=2504MiB/s (2625MB/s), 2504MiB/s-2504MiB/s (2625MB/s-2625MB/s), io=1024MiB (1074MB), run=409-409msec

Disk stats (read/write):
  vdc: ios=0/0, sectors=0/0, merge=0/0, ticks=0/0, in_queue=0, util=0.00%
