buffered-read: (g=0): rw=read, bs=(R) 1024MiB-1024MiB, (W) 1024MiB-1024MiB, (T) 1024MiB-1024MiB, ioengine=psync, iodepth=1
fio-3.36
Starting 1 process

buffered-read: (groupid=0, jobs=1): err= 0: pid=3426: Sat Aug  9 10:18:25 2025
  read: IOPS=1, BW=1278MiB/s (1341MB/s)(1024MiB/801msec)
    clat (nsec): min=798598k, max=798598k, avg=798597973.00, stdev= 0.00
     lat (nsec): min=798714k, max=798714k, avg=798714278.00, stdev= 0.00
    clat percentiles (msec):
     |  1.00th=[  802],  5.00th=[  802], 10.00th=[  802], 20.00th=[  802],
     | 30.00th=[  802], 40.00th=[  802], 50.00th=[  802], 60.00th=[  802],
     | 70.00th=[  802], 80.00th=[  802], 90.00th=[  802], 95.00th=[  802],
     | 99.00th=[  802], 99.50th=[  802], 99.90th=[  802], 99.95th=[  802],
     | 99.99th=[  802]
  lat (msec)   : 1000=100.00%
  cpu          : usr=1.12%, sys=97.00%, ctx=0, majf=0, minf=1035
  IO depths    : 1=100.0%, 2=0.0%, 4=0.0%, 8=0.0%, 16=0.0%, 32=0.0%, >=64=0.0%
     submit    : 0=0.0%, 4=100.0%, 8=0.0%, 16=0.0%, 32=0.0%, 64=0.0%, >=64=0.0%
     complete  : 0=0.0%, 4=100.0%, 8=0.0%, 16=0.0%, 32=0.0%, 64=0.0%, >=64=0.0%
     issued rwts: total=1,0,0,0 short=0,0,0,0 dropped=0,0,0,0
     latency   : target=0, window=0, percentile=100.00%, depth=1

Run status group 0 (all jobs):
   READ: bw=1278MiB/s (1341MB/s), 1278MiB/s-1278MiB/s (1341MB/s-1341MB/s), io=1024MiB (1074MB), run=801-801msec

Disk stats (read/write):
  vdc: ios=0/0, sectors=0/0, merge=0/0, ticks=0/0, in_queue=0, util=0.00%
