buffered-write: (g=0): rw=write, bs=(R) 4096B-4096B, (W) 4096B-4096B, (T) 4096B-4096B, ioengine=psync, iodepth=1
fio-3.36
Starting 1 process

fio: terminating on signal 2

buffered-write: (groupid=0, jobs=1): err= 0: pid=499: Tue Aug 12 18:18:29 2025
  write: IOPS=76, BW=308KiB/s (315kB/s)(4096B/13msec); 0 zone resets
    clat (nsec): min=4295.3k, max=4295.3k, avg=4295265.00, stdev= 0.00
     lat (nsec): min=4577.4k, max=4577.4k, avg=4577376.00, stdev= 0.00
    clat percentiles (usec):
     |  1.00th=[ 4293],  5.00th=[ 4293], 10.00th=[ 4293], 20.00th=[ 4293],
     | 30.00th=[ 4293], 40.00th=[ 4293], 50.00th=[ 4293], 60.00th=[ 4293],
     | 70.00th=[ 4293], 80.00th=[ 4293], 90.00th=[ 4293], 95.00th=[ 4293],
     | 99.00th=[ 4293], 99.50th=[ 4293], 99.90th=[ 4293], 99.95th=[ 4293],
     | 99.99th=[ 4293]
  lat (msec)   : 10=100.00%
  cpu          : usr=58.33%, sys=25.00%, ctx=1, majf=0, minf=12
  IO depths    : 1=100.0%, 2=0.0%, 4=0.0%, 8=0.0%, 16=0.0%, 32=0.0%, >=64=0.0%
     submit    : 0=0.0%, 4=100.0%, 8=0.0%, 16=0.0%, 32=0.0%, 64=0.0%, >=64=0.0%
     complete  : 0=0.0%, 4=100.0%, 8=0.0%, 16=0.0%, 32=0.0%, 64=0.0%, >=64=0.0%
     issued rwts: total=0,1,0,0 short=0,0,0,0 dropped=0,0,0,0
     latency   : target=0, window=0, percentile=100.00%, depth=1

Run status group 0 (all jobs):
  WRITE: bw=308KiB/s (315kB/s), 308KiB/s-308KiB/s (315kB/s-315kB/s), io=4096B (4096B), run=13-13msec

Disk stats (read/write):
  vdc: ios=0/0, sectors=0/0, merge=0/0, ticks=0/0, in_queue=0, util=0.00%
