buffered-read: (g=0): rw=read, bs=(R) 10.0MiB-10.0MiB, (W) 10.0MiB-10.0MiB, (T) 10.0MiB-10.0MiB, ioengine=psync, iodepth=1
fio-3.36
Starting 1 process

buffered-read: (groupid=0, jobs=1): err= 0: pid=1863: Sat Aug  9 10:14:50 2025
  read: IOPS=201, BW=2012MiB/s (2110MB/s)(1020MiB/507msec)
    clat (usec): min=3923, max=26653, avg=4923.59, stdev=2229.91
     lat (usec): min=3925, max=26764, avg=4926.23, stdev=2240.41
    clat percentiles (usec):
     |  1.00th=[ 3916],  5.00th=[ 4015], 10.00th=[ 4113], 20.00th=[ 4178],
     | 30.00th=[ 4293], 40.00th=[ 4490], 50.00th=[ 4752], 60.00th=[ 4948],
     | 70.00th=[ 5080], 80.00th=[ 5211], 90.00th=[ 5407], 95.00th=[ 5473],
     | 99.00th=[ 5932], 99.50th=[26608], 99.90th=[26608], 99.95th=[26608],
     | 99.99th=[26608]
   bw (  MiB/s): min= 2000, max= 2000, per=99.41%, avg=2000.00, stdev= 0.00, samples=1
   iops        : min=  200, max=  200, avg=200.00, stdev= 0.00, samples=1
  lat (msec)   : 4=4.90%, 10=94.12%, 50=0.98%
  cpu          : usr=2.17%, sys=95.86%, ctx=0, majf=0, minf=528
  IO depths    : 1=100.0%, 2=0.0%, 4=0.0%, 8=0.0%, 16=0.0%, 32=0.0%, >=64=0.0%
     submit    : 0=0.0%, 4=100.0%, 8=0.0%, 16=0.0%, 32=0.0%, 64=0.0%, >=64=0.0%
     complete  : 0=0.0%, 4=100.0%, 8=0.0%, 16=0.0%, 32=0.0%, 64=0.0%, >=64=0.0%
     issued rwts: total=102,0,0,0 short=0,0,0,0 dropped=0,0,0,0
     latency   : target=0, window=0, percentile=100.00%, depth=1

Run status group 0 (all jobs):
   READ: bw=2012MiB/s (2110MB/s), 2012MiB/s-2012MiB/s (2110MB/s-2110MB/s), io=1020MiB (1070MB), run=507-507msec

Disk stats (read/write):
  vdc: ios=0/0, sectors=0/0, merge=0/0, ticks=0/0, in_queue=0, util=0.00%
