buffered-write: (g=0): rw=write, bs=(R) 1024KiB-1024KiB, (W) 1024KiB-1024KiB, (T) 1024KiB-1024KiB, ioengine=psync, iodepth=1
fio-3.36
Starting 1 process

buffered-write: (groupid=0, jobs=1): err= 0: pid=676: Tue Aug 12 18:18:53 2025
  write: IOPS=4112, BW=4112MiB/s (4312MB/s)(1024MiB/249msec); 0 zone resets
    clat (usec): min=188, max=878, avg=214.75, stdev=31.81
     lat (usec): min=197, max=1103, avg=231.07, stdev=37.48
    clat percentiles (usec):
     |  1.00th=[  194],  5.00th=[  198], 10.00th=[  200], 20.00th=[  202],
     | 30.00th=[  204], 40.00th=[  206], 50.00th=[  206], 60.00th=[  210],
     | 70.00th=[  215], 80.00th=[  223], 90.00th=[  237], 95.00th=[  260],
     | 99.00th=[  302], 99.50th=[  326], 99.90th=[  627], 99.95th=[  881],
     | 99.99th=[  881]
  lat (usec)   : 250=93.36%, 500=6.45%, 750=0.10%, 1000=0.10%
  cpu          : usr=5.65%, sys=92.74%, ctx=2, majf=0, minf=12
  IO depths    : 1=100.0%, 2=0.0%, 4=0.0%, 8=0.0%, 16=0.0%, 32=0.0%, >=64=0.0%
     submit    : 0=0.0%, 4=100.0%, 8=0.0%, 16=0.0%, 32=0.0%, 64=0.0%, >=64=0.0%
     complete  : 0=0.0%, 4=100.0%, 8=0.0%, 16=0.0%, 32=0.0%, 64=0.0%, >=64=0.0%
     issued rwts: total=0,1024,0,0 short=0,0,0,0 dropped=0,0,0,0
     latency   : target=0, window=0, percentile=100.00%, depth=1

Run status group 0 (all jobs):
  WRITE: bw=4112MiB/s (4312MB/s), 4112MiB/s-4112MiB/s (4312MB/s-4312MB/s), io=1024MiB (1074MB), run=249-249msec

Disk stats (read/write):
  vdc: ios=0/0, sectors=0/0, merge=0/0, ticks=0/0, in_queue=0, util=0.00%
