buffered-read: (g=0): rw=read, bs=(R) 1024KiB-1024KiB, (W) 1024KiB-1024KiB, (T) 1024KiB-1024KiB, ioengine=psync, iodepth=1
fio-3.36
Starting 1 process

buffered-read: (groupid=0, jobs=1): err= 0: pid=951: Sat Aug  9 10:13:35 2025
  read: IOPS=2275, BW=2276MiB/s (2386MB/s)(1024MiB/450msec)
    clat (usec): min=171, max=4884, avg=430.83, stdev=147.57
     lat (usec): min=171, max=5002, avg=431.35, stdev=151.05
    clat percentiles (usec):
     |  1.00th=[  371],  5.00th=[  379], 10.00th=[  383], 20.00th=[  392],
     | 30.00th=[  400], 40.00th=[  408], 50.00th=[  416], 60.00th=[  429],
     | 70.00th=[  437], 80.00th=[  453], 90.00th=[  478], 95.00th=[  519],
     | 99.00th=[  627], 99.50th=[  660], 99.90th=[  791], 99.95th=[ 4883],
     | 99.99th=[ 4883]
  lat (usec)   : 250=0.10%, 500=92.48%, 750=7.23%, 1000=0.10%
  lat (msec)   : 10=0.10%
  cpu          : usr=1.56%, sys=96.00%, ctx=0, majf=0, minf=269
  IO depths    : 1=100.0%, 2=0.0%, 4=0.0%, 8=0.0%, 16=0.0%, 32=0.0%, >=64=0.0%
     submit    : 0=0.0%, 4=100.0%, 8=0.0%, 16=0.0%, 32=0.0%, 64=0.0%, >=64=0.0%
     complete  : 0=0.0%, 4=100.0%, 8=0.0%, 16=0.0%, 32=0.0%, 64=0.0%, >=64=0.0%
     issued rwts: total=1024,0,0,0 short=0,0,0,0 dropped=0,0,0,0
     latency   : target=0, window=0, percentile=100.00%, depth=1

Run status group 0 (all jobs):
   READ: bw=2276MiB/s (2386MB/s), 2276MiB/s-2276MiB/s (2386MB/s-2386MB/s), io=1024MiB (1074MB), run=450-450msec

Disk stats (read/write):
  vdc: ios=0/0, sectors=0/0, merge=0/0, ticks=0/0, in_queue=0, util=0.00%
