buffered-write: (g=0): rw=write, bs=(R) 1024MiB-1024MiB, (W) 1024MiB-1024MiB, (T) 1024MiB-1024MiB, ioengine=psync, iodepth=1
fio-3.36
Starting 1 process

buffered-write: (groupid=0, jobs=1): err= 0: pid=1092: Tue Aug 12 18:19:35 2025
  write: IOPS=2, BW=2260MiB/s (2370MB/s)(1024MiB/453msec); 0 zone resets
    clat (nsec): min=360009k, max=360009k, avg=360009217.00, stdev= 0.00
     lat (nsec): min=447322k, max=447322k, avg=447322479.00, stdev= 0.00
    clat percentiles (msec):
     |  1.00th=[  359],  5.00th=[  359], 10.00th=[  359], 20.00th=[  359],
     | 30.00th=[  359], 40.00th=[  359], 50.00th=[  359], 60.00th=[  359],
     | 70.00th=[  359], 80.00th=[  359], 90.00th=[  359], 95.00th=[  359],
     | 99.00th=[  359], 99.50th=[  359], 99.90th=[  359], 99.95th=[  359],
     | 99.99th=[  359]
  lat (msec)   : 500=100.00%
  cpu          : usr=20.58%, sys=78.98%, ctx=1, majf=0, minf=12
  IO depths    : 1=100.0%, 2=0.0%, 4=0.0%, 8=0.0%, 16=0.0%, 32=0.0%, >=64=0.0%
     submit    : 0=0.0%, 4=100.0%, 8=0.0%, 16=0.0%, 32=0.0%, 64=0.0%, >=64=0.0%
     complete  : 0=0.0%, 4=100.0%, 8=0.0%, 16=0.0%, 32=0.0%, 64=0.0%, >=64=0.0%
     issued rwts: total=0,1,0,0 short=0,0,0,0 dropped=0,0,0,0
     latency   : target=0, window=0, percentile=100.00%, depth=1

Run status group 0 (all jobs):
  WRITE: bw=2260MiB/s (2370MB/s), 2260MiB/s-2260MiB/s (2370MB/s-2370MB/s), io=1024MiB (1074MB), run=453-453msec

Disk stats (read/write):
  vdc: ios=0/0, sectors=0/0, merge=0/0, ticks=0/0, in_queue=0, util=0.00%
