buffered-read: (g=0): rw=read, bs=(R) 10.0MiB-10.0MiB, (W) 10.0MiB-10.0MiB, (T) 10.0MiB-10.0MiB, ioengine=psync, iodepth=1
fio-3.36
Starting 1 process

buffered-read: (groupid=0, jobs=1): err= 0: pid=2945: Sat Aug  9 10:17:42 2025
  read: IOPS=185, BW=1858MiB/s (1948MB/s)(1020MiB/549msec)
    clat (usec): min=4015, max=22559, avg=5321.54, stdev=1966.65
     lat (usec): min=4017, max=22722, avg=5326.15, stdev=1980.90
    clat percentiles (usec):
     |  1.00th=[ 4047],  5.00th=[ 4113], 10.00th=[ 4178], 20.00th=[ 4424],
     | 30.00th=[ 4621], 40.00th=[ 4883], 50.00th=[ 5014], 60.00th=[ 5211],
     | 70.00th=[ 5407], 80.00th=[ 5604], 90.00th=[ 6128], 95.00th=[ 7046],
     | 99.00th=[10028], 99.50th=[22676], 99.90th=[22676], 99.95th=[22676],
     | 99.99th=[22676]
   bw (  MiB/s): min= 1836, max= 1836, per=98.84%, avg=1836.33, stdev= 0.00, samples=1
   iops        : min=  183, max=  183, avg=183.00, stdev= 0.00, samples=1
  lat (msec)   : 10=99.02%, 50=0.98%
  cpu          : usr=0.55%, sys=97.26%, ctx=0, majf=0, minf=528
  IO depths    : 1=100.0%, 2=0.0%, 4=0.0%, 8=0.0%, 16=0.0%, 32=0.0%, >=64=0.0%
     submit    : 0=0.0%, 4=100.0%, 8=0.0%, 16=0.0%, 32=0.0%, 64=0.0%, >=64=0.0%
     complete  : 0=0.0%, 4=100.0%, 8=0.0%, 16=0.0%, 32=0.0%, 64=0.0%, >=64=0.0%
     issued rwts: total=102,0,0,0 short=0,0,0,0 dropped=0,0,0,0
     latency   : target=0, window=0, percentile=100.00%, depth=1

Run status group 0 (all jobs):
   READ: bw=1858MiB/s (1948MB/s), 1858MiB/s-1858MiB/s (1948MB/s-1948MB/s), io=1020MiB (1070MB), run=549-549msec

Disk stats (read/write):
  vdc: ios=0/0, sectors=0/0, merge=0/0, ticks=0/0, in_queue=0, util=0.00%
