buffered-read: (g=0): rw=read, bs=(R) 10.0MiB-10.0MiB, (W) 10.0MiB-10.0MiB, (T) 10.0MiB-10.0MiB, ioengine=psync, iodepth=1
fio-3.36
Starting 1 process

buffered-read: (groupid=0, jobs=1): err= 0: pid=812: Fri Aug  8 20:54:46 2025
  read: IOPS=317, BW=3178MiB/s (3332MB/s)(1020MiB/321msec)
    clat (usec): min=2538, max=12871, avg=3107.99, stdev=1020.62
     lat (usec): min=2539, max=12980, avg=3110.07, stdev=1030.87
    clat percentiles (usec):
     |  1.00th=[ 2540],  5.00th=[ 2638], 10.00th=[ 2671], 20.00th=[ 2769],
     | 30.00th=[ 2802], 40.00th=[ 2900], 50.00th=[ 2966], 60.00th=[ 3064],
     | 70.00th=[ 3130], 80.00th=[ 3228], 90.00th=[ 3490], 95.00th=[ 3621],
     | 99.00th=[ 3884], 99.50th=[12911], 99.90th=[12911], 99.95th=[12911],
     | 99.99th=[12911]
  lat (msec)   : 4=99.02%, 20=0.98%
  cpu          : usr=0.62%, sys=84.11%, ctx=64, majf=0, minf=528
  IO depths    : 1=100.0%, 2=0.0%, 4=0.0%, 8=0.0%, 16=0.0%, 32=0.0%, >=64=0.0%
     submit    : 0=0.0%, 4=100.0%, 8=0.0%, 16=0.0%, 32=0.0%, 64=0.0%, >=64=0.0%
     complete  : 0=0.0%, 4=100.0%, 8=0.0%, 16=0.0%, 32=0.0%, 64=0.0%, >=64=0.0%
     issued rwts: total=102,0,0,0 short=0,0,0,0 dropped=0,0,0,0
     latency   : target=0, window=0, percentile=100.00%, depth=1

Run status group 0 (all jobs):
   READ: bw=3178MiB/s (3332MB/s), 3178MiB/s-3178MiB/s (3332MB/s-3332MB/s), io=1020MiB (1070MB), run=321-321msec

Disk stats (read/write):
  vdc: ios=92/0, sectors=704528/0, merge=0/0, ticks=85/0, in_queue=85, util=26.91%
