buffered-read: (g=0): rw=read, bs=(R) 1024MiB-1024MiB, (W) 1024MiB-1024MiB, (T) 1024MiB-1024MiB, ioengine=psync, iodepth=1
fio-3.36
Starting 1 process

buffered-read: (groupid=0, jobs=1): err= 0: pid=3282: Sat Aug  9 10:18:12 2025
  read: IOPS=1, BW=1356MiB/s (1422MB/s)(1024MiB/755msec)
    clat (nsec): min=751460k, max=751460k, avg=751460164.00, stdev= 0.00
     lat (nsec): min=751577k, max=751577k, avg=751576602.00, stdev= 0.00
    clat percentiles (msec):
     |  1.00th=[  751],  5.00th=[  751], 10.00th=[  751], 20.00th=[  751],
     | 30.00th=[  751], 40.00th=[  751], 50.00th=[  751], 60.00th=[  751],
     | 70.00th=[  751], 80.00th=[  751], 90.00th=[  751], 95.00th=[  751],
     | 99.00th=[  751], 99.50th=[  751], 99.90th=[  751], 99.95th=[  751],
     | 99.99th=[  751]
  lat (msec)   : 1000=100.00%
  cpu          : usr=0.79%, sys=97.35%, ctx=0, majf=0, minf=1035
  IO depths    : 1=100.0%, 2=0.0%, 4=0.0%, 8=0.0%, 16=0.0%, 32=0.0%, >=64=0.0%
     submit    : 0=0.0%, 4=100.0%, 8=0.0%, 16=0.0%, 32=0.0%, 64=0.0%, >=64=0.0%
     complete  : 0=0.0%, 4=100.0%, 8=0.0%, 16=0.0%, 32=0.0%, 64=0.0%, >=64=0.0%
     issued rwts: total=1,0,0,0 short=0,0,0,0 dropped=0,0,0,0
     latency   : target=0, window=0, percentile=100.00%, depth=1

Run status group 0 (all jobs):
   READ: bw=1356MiB/s (1422MB/s), 1356MiB/s-1356MiB/s (1422MB/s-1422MB/s), io=1024MiB (1074MB), run=755-755msec

Disk stats (read/write):
  vdc: ios=0/0, sectors=0/0, merge=0/0, ticks=0/0, in_queue=0, util=0.00%
