buffered-read: (g=0): rw=read, bs=(R) 1024KiB-1024KiB, (W) 1024KiB-1024KiB, (T) 1024KiB-1024KiB, ioengine=psync, iodepth=1
fio-3.36
Starting 1 process

buffered-read: (groupid=0, jobs=1): err= 0: pid=423: Sat Aug  9 10:12:53 2025
  read: IOPS=1111, BW=1112MiB/s (1166MB/s)(1024MiB/921msec)
    clat (usec): min=150, max=9946, avg=890.49, stdev=1146.06
     lat (usec): min=151, max=9947, avg=891.19, stdev=1146.99
    clat percentiles (usec):
     |  1.00th=[  343],  5.00th=[  351], 10.00th=[  355], 20.00th=[  363],
     | 30.00th=[  367], 40.00th=[  375], 50.00th=[  392], 60.00th=[  408],
     | 70.00th=[  424], 80.00th=[  478], 90.00th=[ 3195], 95.00th=[ 3458],
     | 99.00th=[ 3687], 99.50th=[ 4015], 99.90th=[ 9765], 99.95th=[ 9896],
     | 99.99th=[ 9896]
   bw (  MiB/s): min= 1746, max= 1746, per=100.00%, avg=1746.00, stdev= 0.00, samples=1
   iops        : min= 1746, max= 1746, avg=1746.00, stdev= 0.00, samples=1
  lat (usec)   : 250=0.10%, 500=81.35%, 750=1.17%
  lat (msec)   : 2=0.39%, 4=16.41%, 10=0.59%
  cpu          : usr=1.74%, sys=97.39%, ctx=1, majf=0, minf=269
  IO depths    : 1=100.0%, 2=0.0%, 4=0.0%, 8=0.0%, 16=0.0%, 32=0.0%, >=64=0.0%
     submit    : 0=0.0%, 4=100.0%, 8=0.0%, 16=0.0%, 32=0.0%, 64=0.0%, >=64=0.0%
     complete  : 0=0.0%, 4=100.0%, 8=0.0%, 16=0.0%, 32=0.0%, 64=0.0%, >=64=0.0%
     issued rwts: total=1024,0,0,0 short=0,0,0,0 dropped=0,0,0,0
     latency   : target=0, window=0, percentile=100.00%, depth=1

Run status group 0 (all jobs):
   READ: bw=1112MiB/s (1166MB/s), 1112MiB/s-1112MiB/s (1166MB/s-1166MB/s), io=1024MiB (1074MB), run=921-921msec

Disk stats (read/write):
  vdc: ios=0/0, sectors=0/0, merge=0/0, ticks=0/0, in_queue=0, util=0.00%
