buffered-read: (g=0): rw=read, bs=(R) 1024KiB-1024KiB, (W) 1024KiB-1024KiB, (T) 1024KiB-1024KiB, ioengine=psync, iodepth=1
fio-3.36
Starting 1 process

buffered-read: (groupid=0, jobs=1): err= 0: pid=2561: Sat Aug  9 10:17:10 2025
  read: IOPS=2311, BW=2312MiB/s (2424MB/s)(1024MiB/443msec)
    clat (usec): min=166, max=7992, avg=424.10, stdev=245.30
     lat (usec): min=167, max=8314, avg=424.77, stdev=255.03
    clat percentiles (usec):
     |  1.00th=[  367],  5.00th=[  371], 10.00th=[  375], 20.00th=[  383],
     | 30.00th=[  388], 40.00th=[  392], 50.00th=[  400], 60.00th=[  416],
     | 70.00th=[  429], 80.00th=[  445], 90.00th=[  461], 95.00th=[  494],
     | 99.00th=[  586], 99.50th=[  734], 99.90th=[ 1516], 99.95th=[ 7963],
     | 99.99th=[ 7963]
  lat (usec)   : 250=0.10%, 500=95.51%, 750=4.00%
  lat (msec)   : 2=0.29%, 10=0.10%
  cpu          : usr=5.19%, sys=93.23%, ctx=2, majf=0, minf=269
  IO depths    : 1=100.0%, 2=0.0%, 4=0.0%, 8=0.0%, 16=0.0%, 32=0.0%, >=64=0.0%
     submit    : 0=0.0%, 4=100.0%, 8=0.0%, 16=0.0%, 32=0.0%, 64=0.0%, >=64=0.0%
     complete  : 0=0.0%, 4=100.0%, 8=0.0%, 16=0.0%, 32=0.0%, 64=0.0%, >=64=0.0%
     issued rwts: total=1024,0,0,0 short=0,0,0,0 dropped=0,0,0,0
     latency   : target=0, window=0, percentile=100.00%, depth=1

Run status group 0 (all jobs):
   READ: bw=2312MiB/s (2424MB/s), 2312MiB/s-2312MiB/s (2424MB/s-2424MB/s), io=1024MiB (1074MB), run=443-443msec

Disk stats (read/write):
  vdc: ios=0/0, sectors=0/0, merge=0/0, ticks=0/0, in_queue=0, util=0.00%
