buffered-write: (g=0): rw=write, bs=(R) 128KiB-128KiB, (W) 128KiB-128KiB, (T) 128KiB-128KiB, ioengine=psync, iodepth=1
fio-3.36
Starting 1 process

buffered-write: (groupid=0, jobs=1): err= 0: pid=1332: Tue Aug 12 18:20:19 2025
  write: IOPS=24.5k, BW=3066MiB/s (3215MB/s)(1024MiB/334msec); 0 zone resets
    clat (usec): min=32, max=479, avg=36.30, stdev= 8.13
     lat (usec): min=34, max=635, avg=37.73, stdev= 9.52
    clat percentiles (usec):
     |  1.00th=[   34],  5.00th=[   35], 10.00th=[   35], 20.00th=[   35],
     | 30.00th=[   35], 40.00th=[   36], 50.00th=[   36], 60.00th=[   36],
     | 70.00th=[   36], 80.00th=[   37], 90.00th=[   38], 95.00th=[   40],
     | 99.00th=[   63], 99.50th=[   90], 99.90th=[  112], 99.95th=[  137],
     | 99.99th=[  482]
  lat (usec)   : 50=98.75%, 100=1.06%, 250=0.17%, 500=0.01%
  cpu          : usr=32.73%, sys=66.37%, ctx=3, majf=0, minf=12
  IO depths    : 1=100.0%, 2=0.0%, 4=0.0%, 8=0.0%, 16=0.0%, 32=0.0%, >=64=0.0%
     submit    : 0=0.0%, 4=100.0%, 8=0.0%, 16=0.0%, 32=0.0%, 64=0.0%, >=64=0.0%
     complete  : 0=0.0%, 4=100.0%, 8=0.0%, 16=0.0%, 32=0.0%, 64=0.0%, >=64=0.0%
     issued rwts: total=0,8192,0,0 short=0,0,0,0 dropped=0,0,0,0
     latency   : target=0, window=0, percentile=100.00%, depth=1

Run status group 0 (all jobs):
  WRITE: bw=3066MiB/s (3215MB/s), 3066MiB/s-3066MiB/s (3215MB/s-3215MB/s), io=1024MiB (1074MB), run=334-334msec

Disk stats (read/write):
  vdc: ios=0/0, sectors=0/0, merge=0/0, ticks=0/0, in_queue=0, util=0.00%
