buffered-write: (g=0): rw=write, bs=(R) 10.0MiB-10.0MiB, (W) 10.0MiB-10.0MiB, (T) 10.0MiB-10.0MiB, ioengine=psync, iodepth=1
fio-3.36
Starting 1 process

buffered-write: (groupid=0, jobs=1): err= 0: pid=788: Tue Aug 12 18:19:02 2025
  write: IOPS=272, BW=2725MiB/s (2857MB/s)(1030MiB/378msec); 0 zone resets
    clat (usec): min=2933, max=4234, avg=3138.71, stdev=151.24
     lat (usec): min=3360, max=5244, avg=3596.52, stdev=197.45
    clat percentiles (usec):
     |  1.00th=[ 2933],  5.00th=[ 2966], 10.00th=[ 2999], 20.00th=[ 3064],
     | 30.00th=[ 3064], 40.00th=[ 3097], 50.00th=[ 3097], 60.00th=[ 3130],
     | 70.00th=[ 3163], 80.00th=[ 3195], 90.00th=[ 3261], 95.00th=[ 3326],
     | 99.00th=[ 3589], 99.50th=[ 4228], 99.90th=[ 4228], 99.95th=[ 4228],
     | 99.99th=[ 4228]
  lat (msec)   : 4=99.03%, 10=0.97%
  cpu          : usr=13.26%, sys=85.94%, ctx=4, majf=0, minf=12
  IO depths    : 1=100.0%, 2=0.0%, 4=0.0%, 8=0.0%, 16=0.0%, 32=0.0%, >=64=0.0%
     submit    : 0=0.0%, 4=100.0%, 8=0.0%, 16=0.0%, 32=0.0%, 64=0.0%, >=64=0.0%
     complete  : 0=0.0%, 4=100.0%, 8=0.0%, 16=0.0%, 32=0.0%, 64=0.0%, >=64=0.0%
     issued rwts: total=0,103,0,0 short=0,0,0,0 dropped=0,0,0,0
     latency   : target=0, window=0, percentile=100.00%, depth=1

Run status group 0 (all jobs):
  WRITE: bw=2725MiB/s (2857MB/s), 2725MiB/s-2725MiB/s (2857MB/s-2857MB/s), io=1030MiB (1080MB), run=378-378msec

Disk stats (read/write):
  vdc: ios=0/0, sectors=0/0, merge=0/0, ticks=0/0, in_queue=0, util=0.00%
