buffered-read: (g=0): rw=read, bs=(R) 4096B-4096B, (W) 4096B-4096B, (T) 4096B-4096B, ioengine=psync, iodepth=1
fio-3.36
Starting 1 process

buffered-read: (groupid=0, jobs=1): err= 0: pid=560: Sat Aug  9 10:38:43 2025
  read: IOPS=208k, BW=812MiB/s (852MB/s)(1024MiB/1261msec)
    clat (usec): min=2, max=1632, avg= 3.54, stdev= 9.41
     lat (usec): min=2, max=1632, avg= 3.72, stdev= 9.46
    clat percentiles (usec):
     |  1.00th=[    3],  5.00th=[    3], 10.00th=[    3], 20.00th=[    3],
     | 30.00th=[    3], 40.00th=[    3], 50.00th=[    3], 60.00th=[    3],
     | 70.00th=[    3], 80.00th=[    3], 90.00th=[    3], 95.00th=[    3],
     | 99.00th=[   61], 99.50th=[   66], 99.90th=[   79], 99.95th=[   91],
     | 99.99th=[  147]
   bw (  KiB/s): min=833016, max=851800, per=100.00%, avg=842408.00, stdev=13282.29, samples=2
   iops        : min=208266, max=212940, avg=210603.00, stdev=3305.02, samples=2
  lat (usec)   : 4=97.19%, 10=1.09%, 20=0.08%, 50=0.05%, 100=1.56%
  lat (usec)   : 250=0.03%, 500=0.01%, 750=0.01%, 1000=0.01%
  lat (msec)   : 2=0.01%
  cpu          : usr=82.22%, sys=16.90%, ctx=1, majf=0, minf=13
  IO depths    : 1=100.0%, 2=0.0%, 4=0.0%, 8=0.0%, 16=0.0%, 32=0.0%, >=64=0.0%
     submit    : 0=0.0%, 4=100.0%, 8=0.0%, 16=0.0%, 32=0.0%, 64=0.0%, >=64=0.0%
     complete  : 0=0.0%, 4=100.0%, 8=0.0%, 16=0.0%, 32=0.0%, 64=0.0%, >=64=0.0%
     issued rwts: total=262144,0,0,0 short=0,0,0,0 dropped=0,0,0,0
     latency   : target=0, window=0, percentile=100.00%, depth=1

Run status group 0 (all jobs):
   READ: bw=812MiB/s (852MB/s), 812MiB/s-812MiB/s (852MB/s-852MB/s), io=1024MiB (1074MB), run=1261-1261msec

Disk stats (read/write):
  vdc: ios=0/0, sectors=0/0, merge=0/0, ticks=0/0, in_queue=0, util=0.00%
