buffered-read: (g=0): rw=read, bs=(R) 1024KiB-1024KiB, (W) 1024KiB-1024KiB, (T) 1024KiB-1024KiB, ioengine=psync, iodepth=1
fio-3.36
Starting 1 process

buffered-read: (groupid=0, jobs=1): err= 0: pid=975: Sat Aug  9 10:13:37 2025
  read: IOPS=2381, BW=2381MiB/s (2497MB/s)(1024MiB/430msec)
    clat (usec): min=171, max=3667, avg=412.84, stdev=110.44
     lat (usec): min=172, max=3781, avg=413.31, stdev=113.72
    clat percentiles (usec):
     |  1.00th=[  351],  5.00th=[  363], 10.00th=[  371], 20.00th=[  379],
     | 30.00th=[  388], 40.00th=[  392], 50.00th=[  400], 60.00th=[  412],
     | 70.00th=[  424], 80.00th=[  433], 90.00th=[  453], 95.00th=[  486],
     | 99.00th=[  553], 99.50th=[  586], 99.90th=[  848], 99.95th=[ 3654],
     | 99.99th=[ 3654]
  lat (usec)   : 250=0.10%, 500=96.00%, 750=3.61%, 1000=0.20%
  lat (msec)   : 4=0.10%
  cpu          : usr=3.26%, sys=94.64%, ctx=1, majf=0, minf=269
  IO depths    : 1=100.0%, 2=0.0%, 4=0.0%, 8=0.0%, 16=0.0%, 32=0.0%, >=64=0.0%
     submit    : 0=0.0%, 4=100.0%, 8=0.0%, 16=0.0%, 32=0.0%, 64=0.0%, >=64=0.0%
     complete  : 0=0.0%, 4=100.0%, 8=0.0%, 16=0.0%, 32=0.0%, 64=0.0%, >=64=0.0%
     issued rwts: total=1024,0,0,0 short=0,0,0,0 dropped=0,0,0,0
     latency   : target=0, window=0, percentile=100.00%, depth=1

Run status group 0 (all jobs):
   READ: bw=2381MiB/s (2497MB/s), 2381MiB/s-2381MiB/s (2497MB/s-2497MB/s), io=1024MiB (1074MB), run=430-430msec

Disk stats (read/write):
  vdc: ios=0/0, sectors=0/0, merge=0/0, ticks=0/0, in_queue=0, util=0.00%
