buffered-read: (g=0): rw=read, bs=(R) 100MiB-100MiB, (W) 100MiB-100MiB, (T) 100MiB-100MiB, ioengine=psync, iodepth=1
fio-3.36
Starting 1 process

buffered-read: (groupid=0, jobs=1): err= 0: pid=3185: Sat Aug  9 10:18:02 2025
  read: IOPS=18, BW=1838MiB/s (1928MB/s)(1000MiB/544msec)
    clat (usec): min=47303, max=85046, avg=54023.66, stdev=11189.21
     lat (usec): min=47305, max=85161, avg=54037.28, stdev=11223.62
    clat percentiles (usec):
     |  1.00th=[47449],  5.00th=[47449], 10.00th=[47449], 20.00th=[47973],
     | 30.00th=[48497], 40.00th=[48497], 50.00th=[49546], 60.00th=[52167],
     | 70.00th=[53740], 80.00th=[53740], 90.00th=[53740], 95.00th=[85459],
     | 99.00th=[85459], 99.50th=[85459], 99.90th=[85459], 99.95th=[85459],
     | 99.99th=[85459]
   bw (  MiB/s): min= 1800, max= 1800, per=97.92%, avg=1800.00, stdev= 0.00, samples=1
   iops        : min=   18, max=   18, avg=18.00, stdev= 0.00, samples=1
  lat (msec)   : 50=50.00%, 100=50.00%
  cpu          : usr=0.37%, sys=97.61%, ctx=1, majf=0, minf=573
  IO depths    : 1=100.0%, 2=0.0%, 4=0.0%, 8=0.0%, 16=0.0%, 32=0.0%, >=64=0.0%
     submit    : 0=0.0%, 4=100.0%, 8=0.0%, 16=0.0%, 32=0.0%, 64=0.0%, >=64=0.0%
     complete  : 0=0.0%, 4=100.0%, 8=0.0%, 16=0.0%, 32=0.0%, 64=0.0%, >=64=0.0%
     issued rwts: total=10,0,0,0 short=0,0,0,0 dropped=0,0,0,0
     latency   : target=0, window=0, percentile=100.00%, depth=1

Run status group 0 (all jobs):
   READ: bw=1838MiB/s (1928MB/s), 1838MiB/s-1838MiB/s (1928MB/s-1928MB/s), io=1000MiB (1049MB), run=544-544msec

Disk stats (read/write):
  vdc: ios=0/0, sectors=0/0, merge=0/0, ticks=0/0, in_queue=0, util=0.00%
