buffered-write: (g=0): rw=write, bs=(R) 128KiB-128KiB, (W) 128KiB-128KiB, (T) 128KiB-128KiB, ioengine=psync, iodepth=1
fio-3.36
Starting 1 process

buffered-write: (groupid=0, jobs=1): err= 0: pid=1348: Tue Aug 12 18:20:21 2025
  write: IOPS=25.4k, BW=3170MiB/s (3324MB/s)(1024MiB/323msec); 0 zone resets
    clat (usec): min=29, max=577, avg=34.69, stdev=10.72
     lat (usec): min=31, max=798, avg=37.08, stdev=12.91
    clat percentiles (usec):
     |  1.00th=[   31],  5.00th=[   32], 10.00th=[   32], 20.00th=[   33],
     | 30.00th=[   33], 40.00th=[   34], 50.00th=[   34], 60.00th=[   34],
     | 70.00th=[   34], 80.00th=[   35], 90.00th=[   37], 95.00th=[   40],
     | 99.00th=[   79], 99.50th=[   94], 99.90th=[  141], 99.95th=[  172],
     | 99.99th=[  578]
  lat (usec)   : 50=97.01%, 100=2.61%, 250=0.35%, 500=0.01%, 750=0.01%
  cpu          : usr=43.96%, sys=54.80%, ctx=1, majf=0, minf=12
  IO depths    : 1=100.0%, 2=0.0%, 4=0.0%, 8=0.0%, 16=0.0%, 32=0.0%, >=64=0.0%
     submit    : 0=0.0%, 4=100.0%, 8=0.0%, 16=0.0%, 32=0.0%, 64=0.0%, >=64=0.0%
     complete  : 0=0.0%, 4=100.0%, 8=0.0%, 16=0.0%, 32=0.0%, 64=0.0%, >=64=0.0%
     issued rwts: total=0,8192,0,0 short=0,0,0,0 dropped=0,0,0,0
     latency   : target=0, window=0, percentile=100.00%, depth=1

Run status group 0 (all jobs):
  WRITE: bw=3170MiB/s (3324MB/s), 3170MiB/s-3170MiB/s (3324MB/s-3324MB/s), io=1024MiB (1074MB), run=323-323msec

Disk stats (read/write):
  vdc: ios=0/0, sectors=0/0, merge=0/0, ticks=0/0, in_queue=0, util=0.00%
