buffered-read: (g=0): rw=read, bs=(R) 10.0MiB-10.0MiB, (W) 10.0MiB-10.0MiB, (T) 10.0MiB-10.0MiB, ioengine=psync, iodepth=1
fio-3.36
Starting 1 process

buffered-read: (groupid=0, jobs=1): err= 0: pid=2247: Sat Aug  9 10:15:23 2025
  read: IOPS=223, BW=2237MiB/s (2345MB/s)(1020MiB/456msec)
    clat (usec): min=3617, max=16763, avg=4418.42, stdev=1302.09
     lat (usec): min=3619, max=16867, avg=4421.43, stdev=1311.76
    clat percentiles (usec):
     |  1.00th=[ 3621],  5.00th=[ 3720], 10.00th=[ 3818], 20.00th=[ 3916],
     | 30.00th=[ 3949], 40.00th=[ 3982], 50.00th=[ 4047], 60.00th=[ 4621],
     | 70.00th=[ 4686], 80.00th=[ 4752], 90.00th=[ 4817], 95.00th=[ 4817],
     | 99.00th=[ 4948], 99.50th=[16712], 99.90th=[16712], 99.95th=[16712],
     | 99.99th=[16712]
  lat (msec)   : 4=42.16%, 10=56.86%, 20=0.98%
  cpu          : usr=3.08%, sys=97.80%, ctx=0, majf=0, minf=528
  IO depths    : 1=100.0%, 2=0.0%, 4=0.0%, 8=0.0%, 16=0.0%, 32=0.0%, >=64=0.0%
     submit    : 0=0.0%, 4=100.0%, 8=0.0%, 16=0.0%, 32=0.0%, 64=0.0%, >=64=0.0%
     complete  : 0=0.0%, 4=100.0%, 8=0.0%, 16=0.0%, 32=0.0%, 64=0.0%, >=64=0.0%
     issued rwts: total=102,0,0,0 short=0,0,0,0 dropped=0,0,0,0
     latency   : target=0, window=0, percentile=100.00%, depth=1

Run status group 0 (all jobs):
   READ: bw=2237MiB/s (2345MB/s), 2237MiB/s-2237MiB/s (2345MB/s-2345MB/s), io=1020MiB (1070MB), run=456-456msec

Disk stats (read/write):
  vdc: ios=0/0, sectors=0/0, merge=0/0, ticks=0/0, in_queue=0, util=0.00%
