buffered-read: (g=0): rw=read, bs=(R) 10.0MiB-10.0MiB, (W) 10.0MiB-10.0MiB, (T) 10.0MiB-10.0MiB, ioengine=psync, iodepth=1
fio-3.36
Starting 1 process

buffered-read: (groupid=0, jobs=1): err= 0: pid=2825: Sat Aug  9 10:17:31 2025
  read: IOPS=198, BW=1988MiB/s (2085MB/s)(1020MiB/513msec)
    clat (usec): min=4057, max=19188, avg=4979.68, stdev=1516.86
     lat (usec): min=4058, max=19301, avg=4982.22, stdev=1527.24
    clat percentiles (usec):
     |  1.00th=[ 4080],  5.00th=[ 4113], 10.00th=[ 4178], 20.00th=[ 4359],
     | 30.00th=[ 4424], 40.00th=[ 4555], 50.00th=[ 4883], 60.00th=[ 5014],
     | 70.00th=[ 5145], 80.00th=[ 5276], 90.00th=[ 5669], 95.00th=[ 5800],
     | 99.00th=[ 6325], 99.50th=[19268], 99.90th=[19268], 99.95th=[19268],
     | 99.99th=[19268]
   bw (  MiB/s): min= 1980, max= 1980, per=99.58%, avg=1980.00, stdev= 0.00, samples=1
   iops        : min=  198, max=  198, avg=198.00, stdev= 0.00, samples=1
  lat (msec)   : 10=99.02%, 20=0.98%
  cpu          : usr=1.17%, sys=96.48%, ctx=1, majf=0, minf=528
  IO depths    : 1=100.0%, 2=0.0%, 4=0.0%, 8=0.0%, 16=0.0%, 32=0.0%, >=64=0.0%
     submit    : 0=0.0%, 4=100.0%, 8=0.0%, 16=0.0%, 32=0.0%, 64=0.0%, >=64=0.0%
     complete  : 0=0.0%, 4=100.0%, 8=0.0%, 16=0.0%, 32=0.0%, 64=0.0%, >=64=0.0%
     issued rwts: total=102,0,0,0 short=0,0,0,0 dropped=0,0,0,0
     latency   : target=0, window=0, percentile=100.00%, depth=1

Run status group 0 (all jobs):
   READ: bw=1988MiB/s (2085MB/s), 1988MiB/s-1988MiB/s (2085MB/s-2085MB/s), io=1020MiB (1070MB), run=513-513msec

Disk stats (read/write):
  vdc: ios=0/0, sectors=0/0, merge=0/0, ticks=0/0, in_queue=0, util=0.00%
