buffered-read: (g=0): rw=read, bs=(R) 10.0MiB-10.0MiB, (W) 10.0MiB-10.0MiB, (T) 10.0MiB-10.0MiB, ioengine=psync, iodepth=1
fio-3.36
Starting 1 process

buffered-read: (groupid=0, jobs=1): err= 0: pid=2415: Sat Aug  9 10:15:36 2025
  read: IOPS=212, BW=2121MiB/s (2224MB/s)(1020MiB/481msec)
    clat (usec): min=3851, max=20936, avg=4666.99, stdev=1679.81
     lat (usec): min=3852, max=21052, avg=4669.35, stdev=1690.86
    clat percentiles (usec):
     |  1.00th=[ 3916],  5.00th=[ 3982], 10.00th=[ 4047], 20.00th=[ 4080],
     | 30.00th=[ 4113], 40.00th=[ 4146], 50.00th=[ 4359], 60.00th=[ 4883],
     | 70.00th=[ 4883], 80.00th=[ 4948], 90.00th=[ 5014], 95.00th=[ 5014],
     | 99.00th=[ 5211], 99.50th=[20841], 99.90th=[20841], 99.95th=[20841],
     | 99.99th=[20841]
  lat (msec)   : 4=5.88%, 10=93.14%, 50=0.98%
  cpu          : usr=1.04%, sys=97.92%, ctx=1, majf=0, minf=528
  IO depths    : 1=100.0%, 2=0.0%, 4=0.0%, 8=0.0%, 16=0.0%, 32=0.0%, >=64=0.0%
     submit    : 0=0.0%, 4=100.0%, 8=0.0%, 16=0.0%, 32=0.0%, 64=0.0%, >=64=0.0%
     complete  : 0=0.0%, 4=100.0%, 8=0.0%, 16=0.0%, 32=0.0%, 64=0.0%, >=64=0.0%
     issued rwts: total=102,0,0,0 short=0,0,0,0 dropped=0,0,0,0
     latency   : target=0, window=0, percentile=100.00%, depth=1

Run status group 0 (all jobs):
   READ: bw=2121MiB/s (2224MB/s), 2121MiB/s-2121MiB/s (2224MB/s-2224MB/s), io=1020MiB (1070MB), run=481-481msec

Disk stats (read/write):
  vdc: ios=0/0, sectors=0/0, merge=0/0, ticks=0/0, in_queue=0, util=0.00%
