buffered-read: (g=0): rw=read, bs=(R) 10.0MiB-10.0MiB, (W) 10.0MiB-10.0MiB, (T) 10.0MiB-10.0MiB, ioengine=psync, iodepth=1
fio-3.36
Starting 1 process

buffered-read: (groupid=0, jobs=1): err= 0: pid=2295: Sat Aug  9 10:15:27 2025
  read: IOPS=210, BW=2103MiB/s (2205MB/s)(1020MiB/485msec)
    clat (usec): min=3918, max=17808, avg=4706.07, stdev=1387.76
     lat (usec): min=3919, max=17923, avg=4709.43, stdev=1398.32
    clat percentiles (usec):
     |  1.00th=[ 3949],  5.00th=[ 3982], 10.00th=[ 4015], 20.00th=[ 4113],
     | 30.00th=[ 4146], 40.00th=[ 4228], 50.00th=[ 4752], 60.00th=[ 4948],
     | 70.00th=[ 4948], 80.00th=[ 5014], 90.00th=[ 5145], 95.00th=[ 5145],
     | 99.00th=[ 5669], 99.50th=[17695], 99.90th=[17695], 99.95th=[17695],
     | 99.99th=[17695]
  lat (msec)   : 4=5.88%, 10=93.14%, 20=0.98%
  cpu          : usr=2.06%, sys=97.94%, ctx=0, majf=0, minf=528
  IO depths    : 1=100.0%, 2=0.0%, 4=0.0%, 8=0.0%, 16=0.0%, 32=0.0%, >=64=0.0%
     submit    : 0=0.0%, 4=100.0%, 8=0.0%, 16=0.0%, 32=0.0%, 64=0.0%, >=64=0.0%
     complete  : 0=0.0%, 4=100.0%, 8=0.0%, 16=0.0%, 32=0.0%, 64=0.0%, >=64=0.0%
     issued rwts: total=102,0,0,0 short=0,0,0,0 dropped=0,0,0,0
     latency   : target=0, window=0, percentile=100.00%, depth=1

Run status group 0 (all jobs):
   READ: bw=2103MiB/s (2205MB/s), 2103MiB/s-2103MiB/s (2205MB/s-2205MB/s), io=1020MiB (1070MB), run=485-485msec

Disk stats (read/write):
  vdc: ios=0/0, sectors=0/0, merge=0/0, ticks=0/0, in_queue=0, util=0.00%
