buffered-read: (g=0): rw=read, bs=(R) 1024KiB-1024KiB, (W) 1024KiB-1024KiB, (T) 1024KiB-1024KiB, ioengine=psync, iodepth=1
fio-3.36
Starting 1 process

buffered-read: (groupid=0, jobs=1): err= 0: pid=879: Sat Aug  9 10:13:29 2025
  read: IOPS=2321, BW=2322MiB/s (2435MB/s)(1024MiB/441msec)
    clat (usec): min=177, max=3462, avg=421.96, stdev=103.61
     lat (usec): min=178, max=3575, avg=422.73, stdev=106.88
    clat percentiles (usec):
     |  1.00th=[  363],  5.00th=[  375], 10.00th=[  379], 20.00th=[  388],
     | 30.00th=[  396], 40.00th=[  400], 50.00th=[  408], 60.00th=[  420],
     | 70.00th=[  433], 80.00th=[  449], 90.00th=[  469], 95.00th=[  498],
     | 99.00th=[  562], 99.50th=[  586], 99.90th=[  644], 99.95th=[ 3458],
     | 99.99th=[ 3458]
  lat (usec)   : 250=0.10%, 500=95.02%, 750=4.79%
  lat (msec)   : 4=0.10%
  cpu          : usr=5.90%, sys=91.84%, ctx=1, majf=0, minf=269
  IO depths    : 1=100.0%, 2=0.0%, 4=0.0%, 8=0.0%, 16=0.0%, 32=0.0%, >=64=0.0%
     submit    : 0=0.0%, 4=100.0%, 8=0.0%, 16=0.0%, 32=0.0%, 64=0.0%, >=64=0.0%
     complete  : 0=0.0%, 4=100.0%, 8=0.0%, 16=0.0%, 32=0.0%, 64=0.0%, >=64=0.0%
     issued rwts: total=1024,0,0,0 short=0,0,0,0 dropped=0,0,0,0
     latency   : target=0, window=0, percentile=100.00%, depth=1

Run status group 0 (all jobs):
   READ: bw=2322MiB/s (2435MB/s), 2322MiB/s-2322MiB/s (2435MB/s-2435MB/s), io=1024MiB (1074MB), run=441-441msec

Disk stats (read/write):
  vdc: ios=0/0, sectors=0/0, merge=0/0, ticks=0/0, in_queue=0, util=0.00%
