buffered-read: (g=0): rw=read, bs=(R) 4096B-4096B, (W) 4096B-4096B, (T) 4096B-4096B, ioengine=psync, iodepth=1
fio-3.36
Starting 1 process

buffered-read: (groupid=0, jobs=1): err= 0: pid=440: Sat Aug  9 10:38:30 2025
  read: IOPS=199k, BW=776MiB/s (813MB/s)(1024MiB/1320msec)
    clat (usec): min=2, max=9720, avg= 3.79, stdev=21.15
     lat (usec): min=2, max=9720, avg= 3.97, stdev=21.17
    clat percentiles (usec):
     |  1.00th=[    3],  5.00th=[    3], 10.00th=[    3], 20.00th=[    3],
     | 30.00th=[    3], 40.00th=[    3], 50.00th=[    3], 60.00th=[    3],
     | 70.00th=[    3], 80.00th=[    3], 90.00th=[    3], 95.00th=[    4],
     | 99.00th=[   62], 99.50th=[   68], 99.90th=[   83], 99.95th=[  101],
     | 99.99th=[  157]
   bw (  KiB/s): min=791144, max=792096, per=99.65%, avg=791620.00, stdev=673.17, samples=2
   iops        : min=197776, max=198106, avg=197941.00, stdev=233.35, samples=2
  lat (usec)   : 4=97.53%, 10=0.74%, 20=0.09%, 50=0.05%, 100=1.55%
  lat (usec)   : 250=0.05%, 500=0.01%, 750=0.01%
  lat (msec)   : 2=0.01%, 10=0.01%
  cpu          : usr=71.67%, sys=27.05%, ctx=1, majf=0, minf=13
  IO depths    : 1=100.0%, 2=0.0%, 4=0.0%, 8=0.0%, 16=0.0%, 32=0.0%, >=64=0.0%
     submit    : 0=0.0%, 4=100.0%, 8=0.0%, 16=0.0%, 32=0.0%, 64=0.0%, >=64=0.0%
     complete  : 0=0.0%, 4=100.0%, 8=0.0%, 16=0.0%, 32=0.0%, 64=0.0%, >=64=0.0%
     issued rwts: total=262144,0,0,0 short=0,0,0,0 dropped=0,0,0,0
     latency   : target=0, window=0, percentile=100.00%, depth=1

Run status group 0 (all jobs):
   READ: bw=776MiB/s (813MB/s), 776MiB/s-776MiB/s (813MB/s-813MB/s), io=1024MiB (1074MB), run=1320-1320msec

Disk stats (read/write):
  vdc: ios=0/0, sectors=0/0, merge=0/0, ticks=0/0, in_queue=0, util=0.00%
