buffered-read: (g=0): rw=read, bs=(R) 10.0MiB-10.0MiB, (W) 10.0MiB-10.0MiB, (T) 10.0MiB-10.0MiB, ioengine=psync, iodepth=1
fio-3.36
Starting 1 process

buffered-read: (groupid=0, jobs=1): err= 0: pid=764: Fri Aug  8 20:54:43 2025
  read: IOPS=312, BW=3129MiB/s (3281MB/s)(1020MiB/326msec)
    clat (usec): min=2560, max=14285, avg=3146.52, stdev=1154.57
     lat (usec): min=2562, max=14395, avg=3148.65, stdev=1165.02
    clat percentiles (usec):
     |  1.00th=[ 2638],  5.00th=[ 2704], 10.00th=[ 2769], 20.00th=[ 2802],
     | 30.00th=[ 2835], 40.00th=[ 2900], 50.00th=[ 2933], 60.00th=[ 2999],
     | 70.00th=[ 3097], 80.00th=[ 3195], 90.00th=[ 3621], 95.00th=[ 3720],
     | 99.00th=[ 3949], 99.50th=[14222], 99.90th=[14222], 99.95th=[14222],
     | 99.99th=[14222]
  lat (msec)   : 4=99.02%, 20=0.98%
  cpu          : usr=2.77%, sys=84.31%, ctx=56, majf=0, minf=528
  IO depths    : 1=100.0%, 2=0.0%, 4=0.0%, 8=0.0%, 16=0.0%, 32=0.0%, >=64=0.0%
     submit    : 0=0.0%, 4=100.0%, 8=0.0%, 16=0.0%, 32=0.0%, 64=0.0%, >=64=0.0%
     complete  : 0=0.0%, 4=100.0%, 8=0.0%, 16=0.0%, 32=0.0%, 64=0.0%, >=64=0.0%
     issued rwts: total=102,0,0,0 short=0,0,0,0 dropped=0,0,0,0
     latency   : target=0, window=0, percentile=100.00%, depth=1

Run status group 0 (all jobs):
   READ: bw=3129MiB/s (3281MB/s), 3129MiB/s-3129MiB/s (3281MB/s-3281MB/s), io=1020MiB (1070MB), run=326-326msec

Disk stats (read/write):
  vdc: ios=90/0, sectors=688144/0, merge=1/0, ticks=87/0, in_queue=87, util=30.09%
