buffered-read: (g=0): rw=read, bs=(R) 1024KiB-1024KiB, (W) 1024KiB-1024KiB, (T) 1024KiB-1024KiB, ioengine=psync, iodepth=1
fio-3.36
Starting 1 process

buffered-read: (groupid=0, jobs=1): err= 0: pid=2633: Sat Aug  9 10:17:16 2025
  read: IOPS=2467, BW=2467MiB/s (2587MB/s)(1024MiB/415msec)
    clat (usec): min=168, max=7418, avg=396.54, stdev=224.84
     lat (usec): min=168, max=7585, avg=397.07, stdev=229.96
    clat percentiles (usec):
     |  1.00th=[  343],  5.00th=[  351], 10.00th=[  359], 20.00th=[  363],
     | 30.00th=[  367], 40.00th=[  375], 50.00th=[  379], 60.00th=[  383],
     | 70.00th=[  392], 80.00th=[  408], 90.00th=[  433], 95.00th=[  465],
     | 99.00th=[  611], 99.50th=[  676], 99.90th=[ 1037], 99.95th=[ 7439],
     | 99.99th=[ 7439]
  lat (usec)   : 250=0.10%, 500=97.75%, 750=1.86%, 1000=0.10%
  lat (msec)   : 2=0.10%, 10=0.10%
  cpu          : usr=6.51%, sys=91.81%, ctx=1, majf=0, minf=269
  IO depths    : 1=100.0%, 2=0.0%, 4=0.0%, 8=0.0%, 16=0.0%, 32=0.0%, >=64=0.0%
     submit    : 0=0.0%, 4=100.0%, 8=0.0%, 16=0.0%, 32=0.0%, 64=0.0%, >=64=0.0%
     complete  : 0=0.0%, 4=100.0%, 8=0.0%, 16=0.0%, 32=0.0%, 64=0.0%, >=64=0.0%
     issued rwts: total=1024,0,0,0 short=0,0,0,0 dropped=0,0,0,0
     latency   : target=0, window=0, percentile=100.00%, depth=1

Run status group 0 (all jobs):
   READ: bw=2467MiB/s (2587MB/s), 2467MiB/s-2467MiB/s (2587MB/s-2587MB/s), io=1024MiB (1074MB), run=415-415msec

Disk stats (read/write):
  vdc: ios=0/0, sectors=0/0, merge=0/0, ticks=0/0, in_queue=0, util=0.00%
