buffered-read: (g=0): rw=read, bs=(R) 10.0MiB-10.0MiB, (W) 10.0MiB-10.0MiB, (T) 10.0MiB-10.0MiB, ioengine=psync, iodepth=1
fio-3.36
Starting 1 process

buffered-read: (groupid=0, jobs=1): err= 0: pid=2175: Sat Aug  9 10:15:17 2025
  read: IOPS=204, BW=2044MiB/s (2143MB/s)(1020MiB/499msec)
    clat (usec): min=3782, max=18356, avg=4835.89, stdev=1450.50
     lat (usec): min=3783, max=18468, avg=4838.51, stdev=1460.73
    clat percentiles (usec):
     |  1.00th=[ 3851],  5.00th=[ 3916], 10.00th=[ 3982], 20.00th=[ 4359],
     | 30.00th=[ 4359], 40.00th=[ 4424], 50.00th=[ 4621], 60.00th=[ 4752],
     | 70.00th=[ 5145], 80.00th=[ 5276], 90.00th=[ 5342], 95.00th=[ 5473],
     | 99.00th=[ 5997], 99.50th=[18482], 99.90th=[18482], 99.95th=[18482],
     | 99.99th=[18482]
  lat (msec)   : 4=11.76%, 10=87.25%, 20=0.98%
  cpu          : usr=4.02%, sys=93.98%, ctx=1, majf=0, minf=528
  IO depths    : 1=100.0%, 2=0.0%, 4=0.0%, 8=0.0%, 16=0.0%, 32=0.0%, >=64=0.0%
     submit    : 0=0.0%, 4=100.0%, 8=0.0%, 16=0.0%, 32=0.0%, 64=0.0%, >=64=0.0%
     complete  : 0=0.0%, 4=100.0%, 8=0.0%, 16=0.0%, 32=0.0%, 64=0.0%, >=64=0.0%
     issued rwts: total=102,0,0,0 short=0,0,0,0 dropped=0,0,0,0
     latency   : target=0, window=0, percentile=100.00%, depth=1

Run status group 0 (all jobs):
   READ: bw=2044MiB/s (2143MB/s), 2044MiB/s-2044MiB/s (2143MB/s-2143MB/s), io=1020MiB (1070MB), run=499-499msec

Disk stats (read/write):
  vdc: ios=0/0, sectors=0/0, merge=0/0, ticks=0/0, in_queue=0, util=0.00%
