buffered-read: (g=0): rw=read, bs=(R) 4096B-4096B, (W) 4096B-4096B, (T) 4096B-4096B, ioengine=psync, iodepth=1
fio-3.36
Starting 1 process

buffered-read: (groupid=0, jobs=1): err= 0: pid=1508: Fri Aug  8 20:55:50 2025
  read: IOPS=170k, BW=663MiB/s (695MB/s)(1024MiB/1545msec)
    clat (usec): min=2, max=1020, avg= 4.33, stdev= 9.27
     lat (usec): min=2, max=1132, avg= 4.59, stdev= 9.65
    clat percentiles (usec):
     |  1.00th=[    3],  5.00th=[    3], 10.00th=[    3], 20.00th=[    3],
     | 30.00th=[    3], 40.00th=[    3], 50.00th=[    3], 60.00th=[    3],
     | 70.00th=[    3], 80.00th=[    3], 90.00th=[    4], 95.00th=[    6],
     | 99.00th=[   65], 99.50th=[   68], 99.90th=[   90], 99.95th=[  109],
     | 99.99th=[  174]
   bw (  KiB/s): min=672976, max=683137, per=100.00%, avg=678872.33, stdev=5273.35, samples=3
   iops        : min=168254, max=170796, avg=169729.33, stdev=1319.35, samples=3
  lat (usec)   : 4=94.13%, 10=2.50%, 20=0.27%, 50=1.65%, 100=1.38%
  lat (usec)   : 250=0.06%, 500=0.01%
  lat (msec)   : 2=0.01%
  cpu          : usr=51.68%, sys=31.87%, ctx=21, majf=0, minf=13
  IO depths    : 1=100.0%, 2=0.0%, 4=0.0%, 8=0.0%, 16=0.0%, 32=0.0%, >=64=0.0%
     submit    : 0=0.0%, 4=100.0%, 8=0.0%, 16=0.0%, 32=0.0%, 64=0.0%, >=64=0.0%
     complete  : 0=0.0%, 4=100.0%, 8=0.0%, 16=0.0%, 32=0.0%, 64=0.0%, >=64=0.0%
     issued rwts: total=262144,0,0,0 short=0,0,0,0 dropped=0,0,0,0
     latency   : target=0, window=0, percentile=100.00%, depth=1

Run status group 0 (all jobs):
   READ: bw=663MiB/s (695MB/s), 663MiB/s-663MiB/s (695MB/s-695MB/s), io=1024MiB (1074MB), run=1545-1545msec

Disk stats (read/write):
  vdc: ios=3628/0, sectors=1852944/0, merge=0/0, ticks=631/0, in_queue=631, util=30.98%
