buffered-read: (g=0): rw=read, bs=(R) 4096B-4096B, (W) 4096B-4096B, (T) 4096B-4096B, ioengine=psync, iodepth=1
fio-3.36
Starting 1 process

buffered-read: (groupid=0, jobs=1): err= 0: pid=632: Sat Aug  9 10:38:51 2025
  read: IOPS=198k, BW=772MiB/s (809MB/s)(1024MiB/1327msec)
    clat (usec): min=2, max=1266, avg= 3.76, stdev= 9.67
     lat (usec): min=2, max=1266, avg= 3.93, stdev= 9.72
    clat percentiles (usec):
     |  1.00th=[    3],  5.00th=[    3], 10.00th=[    3], 20.00th=[    3],
     | 30.00th=[    3], 40.00th=[    3], 50.00th=[    3], 60.00th=[    3],
     | 70.00th=[    3], 80.00th=[    3], 90.00th=[    3], 95.00th=[    3],
     | 99.00th=[   67], 99.50th=[   73], 99.90th=[   86], 99.95th=[  109],
     | 99.99th=[  137]
   bw (  KiB/s): min=790954, max=797064, per=100.00%, avg=794009.00, stdev=4320.42, samples=2
   iops        : min=197748, max=199296, avg=198522.00, stdev=1094.60, samples=2
  lat (usec)   : 4=97.68%, 10=0.59%, 20=0.10%, 50=0.02%, 100=1.56%
  lat (usec)   : 250=0.05%, 500=0.01%, 1000=0.01%
  lat (msec)   : 2=0.01%
  cpu          : usr=70.74%, sys=27.75%, ctx=2, majf=0, minf=13
  IO depths    : 1=100.0%, 2=0.0%, 4=0.0%, 8=0.0%, 16=0.0%, 32=0.0%, >=64=0.0%
     submit    : 0=0.0%, 4=100.0%, 8=0.0%, 16=0.0%, 32=0.0%, 64=0.0%, >=64=0.0%
     complete  : 0=0.0%, 4=100.0%, 8=0.0%, 16=0.0%, 32=0.0%, 64=0.0%, >=64=0.0%
     issued rwts: total=262144,0,0,0 short=0,0,0,0 dropped=0,0,0,0
     latency   : target=0, window=0, percentile=100.00%, depth=1

Run status group 0 (all jobs):
   READ: bw=772MiB/s (809MB/s), 772MiB/s-772MiB/s (809MB/s-809MB/s), io=1024MiB (1074MB), run=1327-1327msec

Disk stats (read/write):
  vdc: ios=0/0, sectors=0/0, merge=0/0, ticks=0/0, in_queue=0, util=0.00%
