buffered-write: (g=0): rw=write, bs=(R) 128KiB-128KiB, (W) 128KiB-128KiB, (T) 128KiB-128KiB, ioengine=psync, iodepth=1
fio-3.36
Starting 1 process

buffered-write: (groupid=0, jobs=1): err= 0: pid=1412: Tue Aug 12 18:20:26 2025
  write: IOPS=24.4k, BW=3048MiB/s (3196MB/s)(1024MiB/336msec); 0 zone resets
    clat (usec): min=30, max=362, avg=36.46, stdev=11.25
     lat (usec): min=32, max=512, avg=38.93, stdev=12.02
    clat percentiles (usec):
     |  1.00th=[   32],  5.00th=[   33], 10.00th=[   34], 20.00th=[   35],
     | 30.00th=[   35], 40.00th=[   35], 50.00th=[   35], 60.00th=[   36],
     | 70.00th=[   36], 80.00th=[   37], 90.00th=[   39], 95.00th=[   41],
     | 99.00th=[   91], 99.50th=[  109], 99.90th=[  174], 99.95th=[  239],
     | 99.99th=[  363]
  lat (usec)   : 50=97.40%, 100=1.89%, 250=0.66%, 500=0.05%
  cpu          : usr=34.23%, sys=63.99%, ctx=2, majf=0, minf=12
  IO depths    : 1=100.0%, 2=0.0%, 4=0.0%, 8=0.0%, 16=0.0%, 32=0.0%, >=64=0.0%
     submit    : 0=0.0%, 4=100.0%, 8=0.0%, 16=0.0%, 32=0.0%, 64=0.0%, >=64=0.0%
     complete  : 0=0.0%, 4=100.0%, 8=0.0%, 16=0.0%, 32=0.0%, 64=0.0%, >=64=0.0%
     issued rwts: total=0,8192,0,0 short=0,0,0,0 dropped=0,0,0,0
     latency   : target=0, window=0, percentile=100.00%, depth=1

Run status group 0 (all jobs):
  WRITE: bw=3048MiB/s (3196MB/s), 3048MiB/s-3048MiB/s (3196MB/s-3196MB/s), io=1024MiB (1074MB), run=336-336msec

Disk stats (read/write):
  vdc: ios=0/0, sectors=0/0, merge=0/0, ticks=0/0, in_queue=0, util=0.00%
