buffered-read: (g=0): rw=read, bs=(R) 1024KiB-1024KiB, (W) 1024KiB-1024KiB, (T) 1024KiB-1024KiB, ioengine=psync, iodepth=1
fio-3.36
Starting 1 process

buffered-read: (groupid=0, jobs=1): err= 0: pid=451: Fri Aug  8 20:54:22 2025
  read: IOPS=2828, BW=2829MiB/s (2966MB/s)(1024MiB/362msec)
    clat (usec): min=219, max=4282, avg=342.90, stdev=154.63
     lat (usec): min=220, max=4402, avg=343.94, stdev=157.57
    clat percentiles (usec):
     |  1.00th=[  223],  5.00th=[  235], 10.00th=[  241], 20.00th=[  255],
     | 30.00th=[  285], 40.00th=[  302], 50.00th=[  314], 60.00th=[  338],
     | 70.00th=[  379], 80.00th=[  412], 90.00th=[  461], 95.00th=[  506],
     | 99.00th=[  644], 99.50th=[  717], 99.90th=[ 1012], 99.95th=[ 4293],
     | 99.99th=[ 4293]
  lat (usec)   : 250=16.80%, 500=77.34%, 750=5.47%, 1000=0.20%
  lat (msec)   : 2=0.10%, 10=0.10%
  cpu          : usr=9.67%, sys=64.09%, ctx=224, majf=0, minf=269
  IO depths    : 1=100.0%, 2=0.0%, 4=0.0%, 8=0.0%, 16=0.0%, 32=0.0%, >=64=0.0%
     submit    : 0=0.0%, 4=100.0%, 8=0.0%, 16=0.0%, 32=0.0%, 64=0.0%, >=64=0.0%
     complete  : 0=0.0%, 4=100.0%, 8=0.0%, 16=0.0%, 32=0.0%, 64=0.0%, >=64=0.0%
     issued rwts: total=1024,0,0,0 short=0,0,0,0 dropped=0,0,0,0
     latency   : target=0, window=0, percentile=100.00%, depth=1

Run status group 0 (all jobs):
   READ: bw=2829MiB/s (2966MB/s), 2829MiB/s-2829MiB/s (2966MB/s-2966MB/s), io=1024MiB (1074MB), run=362-362msec

Disk stats (read/write):
  vdc: ios=307/0, sectors=624656/0, merge=0/0, ticks=107/0, in_queue=107, util=37.33%
