buffered-read: (g=0): rw=read, bs=(R) 100MiB-100MiB, (W) 100MiB-100MiB, (T) 100MiB-100MiB, ioengine=psync, iodepth=1
fio-3.36
Starting 1 process

buffered-read: (groupid=0, jobs=1): err= 0: pid=3113: Sat Aug  9 10:17:56 2025
  read: IOPS=18, BW=1808MiB/s (1896MB/s)(1000MiB/553msec)
    clat (usec): min=48144, max=90749, avg=54913.62, stdev=12712.25
     lat (usec): min=48147, max=90861, avg=54928.30, stdev=12746.32
    clat percentiles (usec):
     |  1.00th=[47973],  5.00th=[47973], 10.00th=[47973], 20.00th=[49021],
     | 30.00th=[49546], 40.00th=[50070], 50.00th=[51119], 60.00th=[51119],
     | 70.00th=[52167], 80.00th=[53216], 90.00th=[53216], 95.00th=[90702],
     | 99.00th=[90702], 99.50th=[90702], 99.90th=[90702], 99.95th=[90702],
     | 99.99th=[90702]
   bw (  MiB/s): min= 1600, max= 1600, per=88.48%, avg=1600.00, stdev= 0.00, samples=1
   iops        : min=   18, max=   18, avg=18.00, stdev= 0.00, samples=1
  lat (msec)   : 50=30.00%, 100=70.00%
  cpu          : usr=0.18%, sys=97.64%, ctx=1, majf=0, minf=573
  IO depths    : 1=100.0%, 2=0.0%, 4=0.0%, 8=0.0%, 16=0.0%, 32=0.0%, >=64=0.0%
     submit    : 0=0.0%, 4=100.0%, 8=0.0%, 16=0.0%, 32=0.0%, 64=0.0%, >=64=0.0%
     complete  : 0=0.0%, 4=100.0%, 8=0.0%, 16=0.0%, 32=0.0%, 64=0.0%, >=64=0.0%
     issued rwts: total=10,0,0,0 short=0,0,0,0 dropped=0,0,0,0
     latency   : target=0, window=0, percentile=100.00%, depth=1

Run status group 0 (all jobs):
   READ: bw=1808MiB/s (1896MB/s), 1808MiB/s-1808MiB/s (1896MB/s-1896MB/s), io=1000MiB (1049MB), run=553-553msec

Disk stats (read/write):
  vdc: ios=0/0, sectors=0/0, merge=0/0, ticks=0/0, in_queue=0, util=0.00%
