buffered-read: (g=0): rw=read, bs=(R) 10.0MiB-10.0MiB, (W) 10.0MiB-10.0MiB, (T) 10.0MiB-10.0MiB, ioengine=psync, iodepth=1
fio-3.36
Starting 1 process

buffered-read: (groupid=0, jobs=1): err= 0: pid=2031: Sat Aug  9 10:15:04 2025
  read: IOPS=182, BW=1828MiB/s (1917MB/s)(1020MiB/558msec)
    clat (usec): min=4077, max=20638, avg=5410.38, stdev=1673.31
     lat (usec): min=4079, max=20802, avg=5414.42, stdev=1688.07
    clat percentiles (usec):
     |  1.00th=[ 4113],  5.00th=[ 4178], 10.00th=[ 4228], 20.00th=[ 4555],
     | 30.00th=[ 4883], 40.00th=[ 5080], 50.00th=[ 5211], 60.00th=[ 5473],
     | 70.00th=[ 5604], 80.00th=[ 5932], 90.00th=[ 6390], 95.00th=[ 6456],
     | 99.00th=[ 6718], 99.50th=[20579], 99.90th=[20579], 99.95th=[20579],
     | 99.99th=[20579]
   bw (  MiB/s): min= 1776, max= 1776, per=97.18%, avg=1776.45, stdev= 0.00, samples=1
   iops        : min=  177, max=  177, avg=177.00, stdev= 0.00, samples=1
  lat (msec)   : 10=99.02%, 50=0.98%
  cpu          : usr=1.25%, sys=96.06%, ctx=1, majf=0, minf=528
  IO depths    : 1=100.0%, 2=0.0%, 4=0.0%, 8=0.0%, 16=0.0%, 32=0.0%, >=64=0.0%
     submit    : 0=0.0%, 4=100.0%, 8=0.0%, 16=0.0%, 32=0.0%, 64=0.0%, >=64=0.0%
     complete  : 0=0.0%, 4=100.0%, 8=0.0%, 16=0.0%, 32=0.0%, 64=0.0%, >=64=0.0%
     issued rwts: total=102,0,0,0 short=0,0,0,0 dropped=0,0,0,0
     latency   : target=0, window=0, percentile=100.00%, depth=1

Run status group 0 (all jobs):
   READ: bw=1828MiB/s (1917MB/s), 1828MiB/s-1828MiB/s (1917MB/s-1917MB/s), io=1020MiB (1070MB), run=558-558msec

Disk stats (read/write):
  vdc: ios=0/0, sectors=0/0, merge=0/0, ticks=0/0, in_queue=0, util=0.00%
