buffered-write: (g=0): rw=write, bs=(R) 100MiB-100MiB, (W) 100MiB-100MiB, (T) 100MiB-100MiB, ioengine=psync, iodepth=1
fio-3.36
Starting 1 process

buffered-write: (groupid=0, jobs=1): err= 0: pid=964: Tue Aug 12 18:19:18 2025
  write: IOPS=19, BW=1957MiB/s (2052MB/s)(1100MiB/562msec); 0 zone resets
    clat (usec): min=38681, max=43128, avg=40249.09, stdev=1327.17
     lat (usec): min=45815, max=54455, avg=49476.19, stdev=2199.51
    clat percentiles (usec):
     |  1.00th=[38536],  5.00th=[38536], 10.00th=[39060], 20.00th=[39060],
     | 30.00th=[39584], 40.00th=[39584], 50.00th=[39584], 60.00th=[40633],
     | 70.00th=[41157], 80.00th=[41157], 90.00th=[41157], 95.00th=[43254],
     | 99.00th=[43254], 99.50th=[43254], 99.90th=[43254], 99.95th=[43254],
     | 99.99th=[43254]
   bw (  MiB/s): min= 1800, max= 1800, per=91.96%, avg=1800.00, stdev= 0.00, samples=1
   iops        : min=   18, max=   18, avg=18.00, stdev= 0.00, samples=1
  lat (msec)   : 50=100.00%
  cpu          : usr=18.72%, sys=78.43%, ctx=3, majf=0, minf=12
  IO depths    : 1=100.0%, 2=0.0%, 4=0.0%, 8=0.0%, 16=0.0%, 32=0.0%, >=64=0.0%
     submit    : 0=0.0%, 4=100.0%, 8=0.0%, 16=0.0%, 32=0.0%, 64=0.0%, >=64=0.0%
     complete  : 0=0.0%, 4=100.0%, 8=0.0%, 16=0.0%, 32=0.0%, 64=0.0%, >=64=0.0%
     issued rwts: total=0,11,0,0 short=0,0,0,0 dropped=0,0,0,0
     latency   : target=0, window=0, percentile=100.00%, depth=1

Run status group 0 (all jobs):
  WRITE: bw=1957MiB/s (2052MB/s), 1957MiB/s-1957MiB/s (2052MB/s-2052MB/s), io=1100MiB (1153MB), run=562-562msec

Disk stats (read/write):
  vdc: ios=0/0, sectors=0/0, merge=0/0, ticks=0/0, in_queue=0, util=0.00%
