buffered-read: (g=0): rw=read, bs=(R) 10.0MiB-10.0MiB, (W) 10.0MiB-10.0MiB, (T) 10.0MiB-10.0MiB, ioengine=psync, iodepth=1
fio-3.36
Starting 1 process

buffered-read: (groupid=0, jobs=1): err= 0: pid=2367: Sat Aug  9 10:15:33 2025
  read: IOPS=177, BW=1777MiB/s (1863MB/s)(1020MiB/574msec)
    clat (usec): min=4414, max=21624, avg=5562.84, stdev=1713.25
     lat (usec): min=4416, max=21741, avg=5567.65, stdev=1723.57
    clat percentiles (usec):
     |  1.00th=[ 4490],  5.00th=[ 4555], 10.00th=[ 4686], 20.00th=[ 4752],
     | 30.00th=[ 4883], 40.00th=[ 5145], 50.00th=[ 5473], 60.00th=[ 5604],
     | 70.00th=[ 5800], 80.00th=[ 5932], 90.00th=[ 6194], 95.00th=[ 6521],
     | 99.00th=[ 6849], 99.50th=[21627], 99.90th=[21627], 99.95th=[21627],
     | 99.99th=[21627]
   bw (  MiB/s): min= 1740, max= 1740, per=97.92%, avg=1740.00, stdev= 0.00, samples=1
   iops        : min=  174, max=  174, avg=174.00, stdev= 0.00, samples=1
  lat (msec)   : 10=99.02%, 50=0.98%
  cpu          : usr=2.44%, sys=96.51%, ctx=1, majf=0, minf=528
  IO depths    : 1=100.0%, 2=0.0%, 4=0.0%, 8=0.0%, 16=0.0%, 32=0.0%, >=64=0.0%
     submit    : 0=0.0%, 4=100.0%, 8=0.0%, 16=0.0%, 32=0.0%, 64=0.0%, >=64=0.0%
     complete  : 0=0.0%, 4=100.0%, 8=0.0%, 16=0.0%, 32=0.0%, 64=0.0%, >=64=0.0%
     issued rwts: total=102,0,0,0 short=0,0,0,0 dropped=0,0,0,0
     latency   : target=0, window=0, percentile=100.00%, depth=1

Run status group 0 (all jobs):
   READ: bw=1777MiB/s (1863MB/s), 1777MiB/s-1777MiB/s (1863MB/s-1863MB/s), io=1020MiB (1070MB), run=574-574msec

Disk stats (read/write):
  vdc: ios=0/0, sectors=0/0, merge=0/0, ticks=0/0, in_queue=0, util=0.00%
