buffered-read: (g=0): rw=read, bs=(R) 1024MiB-1024MiB, (W) 1024MiB-1024MiB, (T) 1024MiB-1024MiB, ioengine=psync, iodepth=1
fio-3.36
Starting 1 process

buffered-read: (groupid=0, jobs=1): err= 0: pid=1316: Fri Aug  8 20:55:27 2025
  read: IOPS=2, BW=2065MiB/s (2165MB/s)(1024MiB/496msec)
    clat (nsec): min=492041k, max=492041k, avg=492041307.00, stdev= 0.00
     lat (nsec): min=492411k, max=492411k, avg=492411041.00, stdev= 0.00
    clat percentiles (msec):
     |  1.00th=[  493],  5.00th=[  493], 10.00th=[  493], 20.00th=[  493],
     | 30.00th=[  493], 40.00th=[  493], 50.00th=[  493], 60.00th=[  493],
     | 70.00th=[  493], 80.00th=[  493], 90.00th=[  493], 95.00th=[  493],
     | 99.00th=[  493], 99.50th=[  493], 99.90th=[  493], 99.95th=[  493],
     | 99.99th=[  493]
  lat (msec)   : 500=100.00%
  cpu          : usr=2.02%, sys=92.93%, ctx=7, majf=0, minf=1035
  IO depths    : 1=100.0%, 2=0.0%, 4=0.0%, 8=0.0%, 16=0.0%, 32=0.0%, >=64=0.0%
     submit    : 0=0.0%, 4=100.0%, 8=0.0%, 16=0.0%, 32=0.0%, 64=0.0%, >=64=0.0%
     complete  : 0=0.0%, 4=100.0%, 8=0.0%, 16=0.0%, 32=0.0%, 64=0.0%, >=64=0.0%
     issued rwts: total=1,0,0,0 short=0,0,0,0 dropped=0,0,0,0
     latency   : target=0, window=0, percentile=100.00%, depth=1

Run status group 0 (all jobs):
   READ: bw=2065MiB/s (2165MB/s), 2065MiB/s-2065MiB/s (2165MB/s-2165MB/s), io=1024MiB (1074MB), run=496-496msec

Disk stats (read/write):
  vdc: ios=195/0, sectors=1572880/0, merge=0/0, ticks=152/0, in_queue=152, util=33.05%
