buffered-write: (g=0): rw=write, bs=(R) 1024MiB-1024MiB, (W) 1024MiB-1024MiB, (T) 1024MiB-1024MiB, ioengine=psync, iodepth=1
fio-3.36
Starting 1 process

buffered-write: (groupid=0, jobs=1): err= 0: pid=1044: Tue Aug 12 18:19:29 2025
  write: IOPS=2, BW=2592MiB/s (2718MB/s)(1024MiB/395msec); 0 zone resets
    clat (nsec): min=314846k, max=314846k, avg=314846348.00, stdev= 0.00
     lat (nsec): min=389100k, max=389100k, avg=389100460.00, stdev= 0.00
    clat percentiles (msec):
     |  1.00th=[  317],  5.00th=[  317], 10.00th=[  317], 20.00th=[  317],
     | 30.00th=[  317], 40.00th=[  317], 50.00th=[  317], 60.00th=[  317],
     | 70.00th=[  317], 80.00th=[  317], 90.00th=[  317], 95.00th=[  317],
     | 99.00th=[  317], 99.50th=[  317], 99.90th=[  317], 99.95th=[  317],
     | 99.99th=[  317]
  lat (msec)   : 500=100.00%
  cpu          : usr=18.99%, sys=80.00%, ctx=2, majf=0, minf=12
  IO depths    : 1=100.0%, 2=0.0%, 4=0.0%, 8=0.0%, 16=0.0%, 32=0.0%, >=64=0.0%
     submit    : 0=0.0%, 4=100.0%, 8=0.0%, 16=0.0%, 32=0.0%, 64=0.0%, >=64=0.0%
     complete  : 0=0.0%, 4=100.0%, 8=0.0%, 16=0.0%, 32=0.0%, 64=0.0%, >=64=0.0%
     issued rwts: total=0,1,0,0 short=0,0,0,0 dropped=0,0,0,0
     latency   : target=0, window=0, percentile=100.00%, depth=1

Run status group 0 (all jobs):
  WRITE: bw=2592MiB/s (2718MB/s), 2592MiB/s-2592MiB/s (2718MB/s-2718MB/s), io=1024MiB (1074MB), run=395-395msec

Disk stats (read/write):
  vdc: ios=0/0, sectors=0/0, merge=0/0, ticks=0/0, in_queue=0, util=0.00%
