buffered-write: (g=0): rw=write, bs=(R) 100MiB-100MiB, (W) 100MiB-100MiB, (T) 100MiB-100MiB, ioengine=psync, iodepth=1
fio-3.36
Starting 1 process

buffered-write: (groupid=0, jobs=1): err= 0: pid=916: Tue Aug 12 18:19:14 2025
  write: IOPS=22, BW=2231MiB/s (2340MB/s)(1100MiB/493msec); 0 zone resets
    clat (usec): min=32316, max=43621, avg=37059.82, stdev=3965.39
     lat (usec): min=36623, max=53007, avg=44165.03, stdev=5248.65
    clat percentiles (usec):
     |  1.00th=[32375],  5.00th=[32375], 10.00th=[32375], 20.00th=[33162],
     | 30.00th=[33162], 40.00th=[35390], 50.00th=[38011], 60.00th=[38536],
     | 70.00th=[39584], 80.00th=[40109], 90.00th=[41157], 95.00th=[43779],
     | 99.00th=[43779], 99.50th=[43779], 99.90th=[43779], 99.95th=[43779],
     | 99.99th=[43779]
  lat (msec)   : 50=100.00%
  cpu          : usr=17.44%, sys=80.12%, ctx=2, majf=0, minf=12
  IO depths    : 1=100.0%, 2=0.0%, 4=0.0%, 8=0.0%, 16=0.0%, 32=0.0%, >=64=0.0%
     submit    : 0=0.0%, 4=100.0%, 8=0.0%, 16=0.0%, 32=0.0%, 64=0.0%, >=64=0.0%
     complete  : 0=0.0%, 4=100.0%, 8=0.0%, 16=0.0%, 32=0.0%, 64=0.0%, >=64=0.0%
     issued rwts: total=0,11,0,0 short=0,0,0,0 dropped=0,0,0,0
     latency   : target=0, window=0, percentile=100.00%, depth=1

Run status group 0 (all jobs):
  WRITE: bw=2231MiB/s (2340MB/s), 2231MiB/s-2231MiB/s (2340MB/s-2340MB/s), io=1100MiB (1153MB), run=493-493msec

Disk stats (read/write):
  vdc: ios=0/0, sectors=0/0, merge=0/0, ticks=0/0, in_queue=0, util=0.00%
