buffered-read: (g=0): rw=read, bs=(R) 1024MiB-1024MiB, (W) 1024MiB-1024MiB, (T) 1024MiB-1024MiB, ioengine=psync, iodepth=1
fio-3.36
Starting 1 process

buffered-read: (groupid=0, jobs=1): err= 0: pid=3257: Sat Aug  9 10:18:09 2025
  read: IOPS=1, BW=1416MiB/s (1485MB/s)(1024MiB/723msec)
    clat (nsec): min=719611k, max=719611k, avg=719610737.00, stdev= 0.00
     lat (nsec): min=719784k, max=719784k, avg=719784275.00, stdev= 0.00
    clat percentiles (msec):
     |  1.00th=[  718],  5.00th=[  718], 10.00th=[  718], 20.00th=[  718],
     | 30.00th=[  718], 40.00th=[  718], 50.00th=[  718], 60.00th=[  718],
     | 70.00th=[  718], 80.00th=[  718], 90.00th=[  718], 95.00th=[  718],
     | 99.00th=[  718], 99.50th=[  718], 99.90th=[  718], 99.95th=[  718],
     | 99.99th=[  718]
  lat (msec)   : 750=100.00%
  cpu          : usr=0.41%, sys=97.79%, ctx=0, majf=0, minf=1035
  IO depths    : 1=100.0%, 2=0.0%, 4=0.0%, 8=0.0%, 16=0.0%, 32=0.0%, >=64=0.0%
     submit    : 0=0.0%, 4=100.0%, 8=0.0%, 16=0.0%, 32=0.0%, 64=0.0%, >=64=0.0%
     complete  : 0=0.0%, 4=100.0%, 8=0.0%, 16=0.0%, 32=0.0%, 64=0.0%, >=64=0.0%
     issued rwts: total=1,0,0,0 short=0,0,0,0 dropped=0,0,0,0
     latency   : target=0, window=0, percentile=100.00%, depth=1

Run status group 0 (all jobs):
   READ: bw=1416MiB/s (1485MB/s), 1416MiB/s-1416MiB/s (1485MB/s-1485MB/s), io=1024MiB (1074MB), run=723-723msec

Disk stats (read/write):
  vdc: ios=0/0, sectors=0/0, merge=0/0, ticks=0/0, in_queue=0, util=0.00%
