buffered-read: (g=0): rw=read, bs=(R) 4096B-4096B, (W) 4096B-4096B, (T) 4096B-4096B, ioengine=psync, iodepth=1
fio-3.36
Starting 1 process

buffered-read: (groupid=0, jobs=1): err= 0: pid=1412: Fri Aug  8 20:55:38 2025
  read: IOPS=161k, BW=629MiB/s (659MB/s)(1024MiB/1629msec)
    clat (usec): min=2, max=909, avg= 4.55, stdev=10.00
     lat (usec): min=2, max=1026, avg= 4.81, stdev=10.42
    clat percentiles (usec):
     |  1.00th=[    3],  5.00th=[    3], 10.00th=[    3], 20.00th=[    3],
     | 30.00th=[    3], 40.00th=[    3], 50.00th=[    3], 60.00th=[    3],
     | 70.00th=[    3], 80.00th=[    4], 90.00th=[    4], 95.00th=[    6],
     | 99.00th=[   67], 99.50th=[   71], 99.90th=[  102], 99.95th=[  121],
     | 99.99th=[  221]
   bw (  KiB/s): min=640167, max=650411, per=100.00%, avg=644992.00, stdev=5147.77, samples=3
   iops        : min=160037, max=162618, avg=161267.33, stdev=1294.70, samples=3
  lat (usec)   : 4=93.38%, 10=3.13%, 20=0.39%, 50=1.63%, 100=1.37%
  lat (usec)   : 250=0.10%, 500=0.01%, 750=0.01%, 1000=0.01%
  cpu          : usr=51.63%, sys=31.18%, ctx=31, majf=0, minf=13
  IO depths    : 1=100.0%, 2=0.0%, 4=0.0%, 8=0.0%, 16=0.0%, 32=0.0%, >=64=0.0%
     submit    : 0=0.0%, 4=100.0%, 8=0.0%, 16=0.0%, 32=0.0%, 64=0.0%, >=64=0.0%
     complete  : 0=0.0%, 4=100.0%, 8=0.0%, 16=0.0%, 32=0.0%, 64=0.0%, >=64=0.0%
     issued rwts: total=262144,0,0,0 short=0,0,0,0 dropped=0,0,0,0
     latency   : target=0, window=0, percentile=100.00%, depth=1

Run status group 0 (all jobs):
   READ: bw=629MiB/s (659MB/s), 629MiB/s-629MiB/s (659MB/s-659MB/s), io=1024MiB (1074MB), run=1629-1629msec

Disk stats (read/write):
  vdc: ios=4097/0, sectors=2093072/0, merge=0/0, ticks=786/0, in_queue=786, util=34.64%
