buffered-read: (g=0): rw=read, bs=(R) 1024KiB-1024KiB, (W) 1024KiB-1024KiB, (T) 1024KiB-1024KiB, ioengine=psync, iodepth=1
fio-3.36
Starting 1 process

buffered-read: (groupid=0, jobs=1): err= 0: pid=591: Sat Aug  9 10:13:06 2025
  read: IOPS=2392, BW=2393MiB/s (2509MB/s)(1024MiB/428msec)
    clat (usec): min=171, max=3849, avg=409.84, stdev=146.72
     lat (usec): min=171, max=3967, avg=410.31, stdev=149.47
    clat percentiles (usec):
     |  1.00th=[  343],  5.00th=[  355], 10.00th=[  363], 20.00th=[  371],
     | 30.00th=[  379], 40.00th=[  383], 50.00th=[  392], 60.00th=[  404],
     | 70.00th=[  412], 80.00th=[  429], 90.00th=[  461], 95.00th=[  502],
     | 99.00th=[  578], 99.50th=[  619], 99.90th=[ 3228], 99.95th=[ 3851],
     | 99.99th=[ 3851]
  lat (usec)   : 250=0.10%, 500=94.43%, 750=5.18%, 1000=0.10%
  lat (msec)   : 4=0.20%
  cpu          : usr=3.98%, sys=94.15%, ctx=1, majf=0, minf=269
  IO depths    : 1=100.0%, 2=0.0%, 4=0.0%, 8=0.0%, 16=0.0%, 32=0.0%, >=64=0.0%
     submit    : 0=0.0%, 4=100.0%, 8=0.0%, 16=0.0%, 32=0.0%, 64=0.0%, >=64=0.0%
     complete  : 0=0.0%, 4=100.0%, 8=0.0%, 16=0.0%, 32=0.0%, 64=0.0%, >=64=0.0%
     issued rwts: total=1024,0,0,0 short=0,0,0,0 dropped=0,0,0,0
     latency   : target=0, window=0, percentile=100.00%, depth=1

Run status group 0 (all jobs):
   READ: bw=2393MiB/s (2509MB/s), 2393MiB/s-2393MiB/s (2509MB/s-2509MB/s), io=1024MiB (1074MB), run=428-428msec

Disk stats (read/write):
  vdc: ios=0/0, sectors=0/0, merge=0/0, ticks=0/0, in_queue=0, util=0.00%
