buffered-write: (g=0): rw=write, bs=(R) 1024KiB-1024KiB, (W) 1024KiB-1024KiB, (T) 1024KiB-1024KiB, ioengine=psync, iodepth=1
fio-3.36
Starting 1 process

buffered-write: (groupid=0, jobs=1): err= 0: pid=411: Tue Aug 12 18:38:27 2025
  write: IOPS=306, BW=306MiB/s (321MB/s)(1024MiB/3342msec); 0 zone resets
    clat (usec): min=243, max=2845, avg=364.59, stdev=164.23
     lat (usec): min=259, max=3078, avg=400.91, stdev=169.48
    clat percentiles (usec):
     |  1.00th=[  251],  5.00th=[  258], 10.00th=[  262], 20.00th=[  269],
     | 30.00th=[  273], 40.00th=[  281], 50.00th=[  289], 60.00th=[  302],
     | 70.00th=[  375], 80.00th=[  486], 90.00th=[  553], 95.00th=[  644],
     | 99.00th=[  832], 99.50th=[ 1020], 99.90th=[ 1434], 99.95th=[ 2835],
     | 99.99th=[ 2835]
   bw (  KiB/s): min=280576, max=339289, per=100.00%, avg=317326.83, stdev=20166.25, samples=6
   iops        : min=  274, max=  331, avg=310.17, stdev=19.52, samples=6
  lat (usec)   : 250=0.78%, 500=80.96%, 750=16.50%, 1000=1.17%
  lat (msec)   : 2=0.49%, 4=0.10%
  fsync/fdatasync/sync_file_range:
    sync (usec): min=2113, max=6985, avg=2844.57, stdev=595.84
    sync percentiles (usec):
     |  1.00th=[ 2212],  5.00th=[ 2376], 10.00th=[ 2442], 20.00th=[ 2507],
     | 30.00th=[ 2573], 40.00th=[ 2638], 50.00th=[ 2704], 60.00th=[ 2769],
     | 70.00th=[ 2868], 80.00th=[ 2966], 90.00th=[ 3228], 95.00th=[ 3818],
     | 99.00th=[ 5932], 99.50th=[ 6259], 99.90th=[ 6783], 99.95th=[ 6980],
     | 99.99th=[ 6980]
  cpu          : usr=1.68%, sys=11.13%, ctx=3525, majf=0, minf=14
  IO depths    : 1=199.9%, 2=0.0%, 4=0.0%, 8=0.0%, 16=0.0%, 32=0.0%, >=64=0.0%
     submit    : 0=0.0%, 4=100.0%, 8=0.0%, 16=0.0%, 32=0.0%, 64=0.0%, >=64=0.0%
     complete  : 0=0.0%, 4=100.0%, 8=0.0%, 16=0.0%, 32=0.0%, 64=0.0%, >=64=0.0%
     issued rwts: total=0,1024,0,1023 short=0,0,0,0 dropped=0,0,0,0
     latency   : target=0, window=0, percentile=100.00%, depth=1

Run status group 0 (all jobs):
  WRITE: bw=306MiB/s (321MB/s), 306MiB/s-306MiB/s (321MB/s-321MB/s), io=1024MiB (1074MB), run=3342-3342msec

Disk stats (read/write):
  vdc: ios=244/2683, sectors=1952/13776, merge=0/0, ticks=50/2509, in_queue=4652, util=75.40%
