buffered-read: (g=0): rw=read, bs=(R) 10.0MiB-10.0MiB, (W) 10.0MiB-10.0MiB, (T) 10.0MiB-10.0MiB, ioengine=psync, iodepth=1
fio-3.36
Starting 1 process

buffered-read: (groupid=0, jobs=1): err= 0: pid=692: Fri Aug  8 20:54:38 2025
  read: IOPS=312, BW=3129MiB/s (3281MB/s)(1020MiB/326msec)
    clat (usec): min=2482, max=22380, avg=3132.14, stdev=1937.44
     lat (usec): min=2486, max=22496, avg=3137.28, stdev=1948.45
    clat percentiles (usec):
     |  1.00th=[ 2573],  5.00th=[ 2704], 10.00th=[ 2704], 20.00th=[ 2769],
     | 30.00th=[ 2802], 40.00th=[ 2835], 50.00th=[ 2900], 60.00th=[ 2966],
     | 70.00th=[ 3032], 80.00th=[ 3097], 90.00th=[ 3228], 95.00th=[ 3458],
     | 99.00th=[ 3589], 99.50th=[22414], 99.90th=[22414], 99.95th=[22414],
     | 99.99th=[22414]
  lat (msec)   : 4=99.02%, 50=0.98%
  cpu          : usr=3.07%, sys=83.44%, ctx=57, majf=0, minf=528
  IO depths    : 1=100.0%, 2=0.0%, 4=0.0%, 8=0.0%, 16=0.0%, 32=0.0%, >=64=0.0%
     submit    : 0=0.0%, 4=100.0%, 8=0.0%, 16=0.0%, 32=0.0%, 64=0.0%, >=64=0.0%
     complete  : 0=0.0%, 4=100.0%, 8=0.0%, 16=0.0%, 32=0.0%, 64=0.0%, >=64=0.0%
     issued rwts: total=102,0,0,0 short=0,0,0,0 dropped=0,0,0,0
     latency   : target=0, window=0, percentile=100.00%, depth=1

Run status group 0 (all jobs):
   READ: bw=3129MiB/s (3281MB/s), 3129MiB/s-3129MiB/s (3281MB/s-3281MB/s), io=1020MiB (1070MB), run=326-326msec

Disk stats (read/write):
  vdc: ios=87/0, sectors=688144/0, merge=0/0, ticks=72/0, in_queue=72, util=29.96%
