buffered-write: (g=0): rw=write, bs=(R) 4096B-4096B, (W) 4096B-4096B, (T) 4096B-4096B, ioengine=psync, iodepth=1
fio-3.36
Starting 1 process

buffered-write: (groupid=0, jobs=1): err= 0: pid=1220: Tue Aug 12 18:19:58 2025
  write: IOPS=96.0k, BW=375MiB/s (393MB/s)(1024MiB/2730msec); 0 zone resets
    clat (usec): min=6, max=578, avg= 8.43, stdev= 4.75
     lat (usec): min=6, max=797, avg= 8.76, stdev= 5.12
    clat percentiles (usec):
     |  1.00th=[    8],  5.00th=[    8], 10.00th=[    8], 20.00th=[    8],
     | 30.00th=[    8], 40.00th=[    9], 50.00th=[    9], 60.00th=[    9],
     | 70.00th=[    9], 80.00th=[    9], 90.00th=[    9], 95.00th=[   10],
     | 99.00th=[   12], 99.50th=[   18], 99.90th=[   86], 99.95th=[  118],
     | 99.99th=[  172]
   bw (  KiB/s): min=373788, max=395896, per=100.00%, avg=385234.60, stdev=9910.09, samples=5
   iops        : min=93447, max=98980, avg=96313.40, stdev=2481.01, samples=5
  lat (usec)   : 10=97.94%, 20=1.69%, 50=0.16%, 100=0.14%, 250=0.07%
  lat (usec)   : 500=0.01%, 750=0.01%
  cpu          : usr=85.24%, sys=13.26%, ctx=4, majf=0, minf=13
  IO depths    : 1=100.0%, 2=0.0%, 4=0.0%, 8=0.0%, 16=0.0%, 32=0.0%, >=64=0.0%
     submit    : 0=0.0%, 4=100.0%, 8=0.0%, 16=0.0%, 32=0.0%, 64=0.0%, >=64=0.0%
     complete  : 0=0.0%, 4=100.0%, 8=0.0%, 16=0.0%, 32=0.0%, 64=0.0%, >=64=0.0%
     issued rwts: total=0,262144,0,0 short=0,0,0,0 dropped=0,0,0,0
     latency   : target=0, window=0, percentile=100.00%, depth=1

Run status group 0 (all jobs):
  WRITE: bw=375MiB/s (393MB/s), 375MiB/s-375MiB/s (393MB/s-393MB/s), io=1024MiB (1074MB), run=2730-2730msec

Disk stats (read/write):
  vdc: ios=0/0, sectors=0/0, merge=0/0, ticks=0/0, in_queue=0, util=0.00%
