buffered-read: (g=0): rw=read, bs=(R) 4096B-4096B, (W) 4096B-4096B, (T) 4096B-4096B, ioengine=psync, iodepth=1
fio-3.36
Starting 1 process

buffered-read: (groupid=0, jobs=1): err= 0: pid=416: Sat Aug  9 10:38:27 2025
  read: IOPS=192k, BW=751MiB/s (788MB/s)(1024MiB/1363msec)
    clat (usec): min=2, max=9685, avg= 3.94, stdev=25.83
     lat (usec): min=2, max=9685, avg= 4.11, stdev=25.87
    clat percentiles (usec):
     |  1.00th=[    3],  5.00th=[    3], 10.00th=[    3], 20.00th=[    3],
     | 30.00th=[    3], 40.00th=[    3], 50.00th=[    3], 60.00th=[    3],
     | 70.00th=[    3], 80.00th=[    3], 90.00th=[    3], 95.00th=[    3],
     | 99.00th=[   65], 99.50th=[   74], 99.90th=[  200], 99.95th=[  273],
     | 99.99th=[  420]
   bw (  KiB/s): min=762227, max=824702, per=100.00%, avg=793464.50, stdev=44176.50, samples=2
   iops        : min=190594, max=206179, avg=198386.50, stdev=11020.26, samples=2
  lat (usec)   : 4=97.29%, 10=0.98%, 20=0.09%, 50=0.04%, 100=1.38%
  lat (usec)   : 250=0.15%, 500=0.06%, 750=0.01%, 1000=0.01%
  lat (msec)   : 2=0.01%, 4=0.01%, 10=0.01%
  cpu          : usr=70.41%, sys=28.27%, ctx=1, majf=0, minf=14
  IO depths    : 1=100.0%, 2=0.0%, 4=0.0%, 8=0.0%, 16=0.0%, 32=0.0%, >=64=0.0%
     submit    : 0=0.0%, 4=100.0%, 8=0.0%, 16=0.0%, 32=0.0%, 64=0.0%, >=64=0.0%
     complete  : 0=0.0%, 4=100.0%, 8=0.0%, 16=0.0%, 32=0.0%, 64=0.0%, >=64=0.0%
     issued rwts: total=262144,0,0,0 short=0,0,0,0 dropped=0,0,0,0
     latency   : target=0, window=0, percentile=100.00%, depth=1

Run status group 0 (all jobs):
   READ: bw=751MiB/s (788MB/s), 751MiB/s-751MiB/s (788MB/s-788MB/s), io=1024MiB (1074MB), run=1363-1363msec

Disk stats (read/write):
  vdc: ios=0/0, sectors=0/0, merge=0/0, ticks=0/0, in_queue=0, util=0.00%
