buffered-read: (g=0): rw=read, bs=(R) 1024KiB-1024KiB, (W) 1024KiB-1024KiB, (T) 1024KiB-1024KiB, ioengine=psync, iodepth=1
fio-3.36
Starting 1 process

buffered-read: (groupid=0, jobs=1): err= 0: pid=1263: Sat Aug  9 10:14:01 2025
  read: IOPS=2306, BW=2306MiB/s (2418MB/s)(1024MiB/444msec)
    clat (usec): min=167, max=3506, avg=424.93, stdev=106.61
     lat (usec): min=168, max=3625, avg=425.69, stdev=109.97
    clat percentiles (usec):
     |  1.00th=[  367],  5.00th=[  379], 10.00th=[  383], 20.00th=[  392],
     | 30.00th=[  400], 40.00th=[  404], 50.00th=[  412], 60.00th=[  424],
     | 70.00th=[  433], 80.00th=[  445], 90.00th=[  465], 95.00th=[  502],
     | 99.00th=[  553], 99.50th=[  603], 99.90th=[ 1156], 99.95th=[ 3523],
     | 99.99th=[ 3523]
  lat (usec)   : 250=0.10%, 500=94.63%, 750=5.08%
  lat (msec)   : 2=0.10%, 4=0.10%
  cpu          : usr=5.41%, sys=92.57%, ctx=0, majf=0, minf=269
  IO depths    : 1=100.0%, 2=0.0%, 4=0.0%, 8=0.0%, 16=0.0%, 32=0.0%, >=64=0.0%
     submit    : 0=0.0%, 4=100.0%, 8=0.0%, 16=0.0%, 32=0.0%, 64=0.0%, >=64=0.0%
     complete  : 0=0.0%, 4=100.0%, 8=0.0%, 16=0.0%, 32=0.0%, 64=0.0%, >=64=0.0%
     issued rwts: total=1024,0,0,0 short=0,0,0,0 dropped=0,0,0,0
     latency   : target=0, window=0, percentile=100.00%, depth=1

Run status group 0 (all jobs):
   READ: bw=2306MiB/s (2418MB/s), 2306MiB/s-2306MiB/s (2418MB/s-2418MB/s), io=1024MiB (1074MB), run=444-444msec

Disk stats (read/write):
  vdc: ios=0/0, sectors=0/0, merge=0/0, ticks=0/0, in_queue=0, util=0.00%
