buffered-read: (g=0): rw=read, bs=(R) 1024KiB-1024KiB, (W) 1024KiB-1024KiB, (T) 1024KiB-1024KiB, ioengine=psync, iodepth=1
fio-3.36
Starting 1 process

buffered-read: (groupid=0, jobs=1): err= 0: pid=1359: Sat Aug  9 10:14:08 2025
  read: IOPS=2255, BW=2256MiB/s (2365MB/s)(1024MiB/454msec)
    clat (usec): min=260, max=3363, avg=435.12, stdev=111.29
     lat (usec): min=260, max=3481, avg=435.61, stdev=114.37
    clat percentiles (usec):
     |  1.00th=[  359],  5.00th=[  371], 10.00th=[  379], 20.00th=[  388],
     | 30.00th=[  400], 40.00th=[  412], 50.00th=[  420], 60.00th=[  429],
     | 70.00th=[  437], 80.00th=[  457], 90.00th=[  506], 95.00th=[  553],
     | 99.00th=[  676], 99.50th=[  766], 99.90th=[ 1074], 99.95th=[ 3359],
     | 99.99th=[ 3359]
  lat (usec)   : 500=88.57%, 750=10.84%, 1000=0.39%
  lat (msec)   : 2=0.10%, 4=0.10%
  cpu          : usr=4.63%, sys=93.17%, ctx=1, majf=0, minf=269
  IO depths    : 1=100.0%, 2=0.0%, 4=0.0%, 8=0.0%, 16=0.0%, 32=0.0%, >=64=0.0%
     submit    : 0=0.0%, 4=100.0%, 8=0.0%, 16=0.0%, 32=0.0%, 64=0.0%, >=64=0.0%
     complete  : 0=0.0%, 4=100.0%, 8=0.0%, 16=0.0%, 32=0.0%, 64=0.0%, >=64=0.0%
     issued rwts: total=1024,0,0,0 short=0,0,0,0 dropped=0,0,0,0
     latency   : target=0, window=0, percentile=100.00%, depth=1

Run status group 0 (all jobs):
   READ: bw=2256MiB/s (2365MB/s), 2256MiB/s-2256MiB/s (2365MB/s-2365MB/s), io=1024MiB (1074MB), run=454-454msec

Disk stats (read/write):
  vdc: ios=0/0, sectors=0/0, merge=0/0, ticks=0/0, in_queue=0, util=0.00%
