buffered-read: (g=0): rw=read, bs=(R) 4096B-4096B, (W) 4096B-4096B, (T) 4096B-4096B, ioengine=psync, iodepth=1
fio-3.36
Starting 1 process

buffered-read: (groupid=0, jobs=1): err= 0: pid=1460: Fri Aug  8 20:55:44 2025
  read: IOPS=147k, BW=572MiB/s (600MB/s)(1024MiB/1789msec)
    clat (usec): min=2, max=962, avg= 4.77, stdev=10.39
     lat (usec): min=2, max=1089, avg= 5.18, stdev=11.10
    clat percentiles (usec):
     |  1.00th=[    3],  5.00th=[    3], 10.00th=[    3], 20.00th=[    3],
     | 30.00th=[    3], 40.00th=[    4], 50.00th=[    4], 60.00th=[    4],
     | 70.00th=[    4], 80.00th=[    4], 90.00th=[    4], 95.00th=[    8],
     | 99.00th=[   67], 99.50th=[   74], 99.90th=[  108], 99.95th=[  137],
     | 99.99th=[  297]
   bw (  KiB/s): min=557461, max=606560, per=100.00%, avg=587490.67, stdev=26320.61, samples=3
   iops        : min=139375, max=151656, avg=146883.67, stdev=6581.90, samples=3
  lat (usec)   : 4=92.02%, 10=4.37%, 20=0.63%, 50=1.66%, 100=1.19%
  lat (usec)   : 250=0.10%, 500=0.02%, 1000=0.01%
  cpu          : usr=59.20%, sys=24.59%, ctx=49, majf=0, minf=13
  IO depths    : 1=100.0%, 2=0.0%, 4=0.0%, 8=0.0%, 16=0.0%, 32=0.0%, >=64=0.0%
     submit    : 0=0.0%, 4=100.0%, 8=0.0%, 16=0.0%, 32=0.0%, 64=0.0%, >=64=0.0%
     complete  : 0=0.0%, 4=100.0%, 8=0.0%, 16=0.0%, 32=0.0%, 64=0.0%, >=64=0.0%
     issued rwts: total=262144,0,0,0 short=0,0,0,0 dropped=0,0,0,0
     latency   : target=0, window=0, percentile=100.00%, depth=1

Run status group 0 (all jobs):
   READ: bw=572MiB/s (600MB/s), 572MiB/s-572MiB/s (600MB/s-600MB/s), io=1024MiB (1074MB), run=1789-1789msec

Disk stats (read/write):
  vdc: ios=3725/0, sectors=1902608/0, merge=0/0, ticks=769/0, in_queue=769, util=33.02%
