buffered-read: (g=0): rw=read, bs=(R) 1024MiB-1024MiB, (W) 1024MiB-1024MiB, (T) 1024MiB-1024MiB, ioengine=psync, iodepth=1
fio-3.36
Starting 1 process

buffered-read: (groupid=0, jobs=1): err= 0: pid=1244: Fri Aug  8 20:55:21 2025
  read: IOPS=1, BW=1969MiB/s (2065MB/s)(1024MiB/520msec)
    clat (nsec): min=517441k, max=517441k, avg=517441425.00, stdev= 0.00
     lat (nsec): min=517558k, max=517558k, avg=517557923.00, stdev= 0.00
    clat percentiles (msec):
     |  1.00th=[  518],  5.00th=[  518], 10.00th=[  518], 20.00th=[  518],
     | 30.00th=[  518], 40.00th=[  518], 50.00th=[  518], 60.00th=[  518],
     | 70.00th=[  518], 80.00th=[  518], 90.00th=[  518], 95.00th=[  518],
     | 99.00th=[  518], 99.50th=[  518], 99.90th=[  518], 99.95th=[  518],
     | 99.99th=[  518]
  lat (msec)   : 750=100.00%
  cpu          : usr=0.38%, sys=93.27%, ctx=6, majf=0, minf=1035
  IO depths    : 1=100.0%, 2=0.0%, 4=0.0%, 8=0.0%, 16=0.0%, 32=0.0%, >=64=0.0%
     submit    : 0=0.0%, 4=100.0%, 8=0.0%, 16=0.0%, 32=0.0%, 64=0.0%, >=64=0.0%
     complete  : 0=0.0%, 4=100.0%, 8=0.0%, 16=0.0%, 32=0.0%, 64=0.0%, >=64=0.0%
     issued rwts: total=1,0,0,0 short=0,0,0,0 dropped=0,0,0,0
     latency   : target=0, window=0, percentile=100.00%, depth=1

Run status group 0 (all jobs):
   READ: bw=1969MiB/s (2065MB/s), 1969MiB/s-1969MiB/s (2065MB/s-2065MB/s), io=1024MiB (1074MB), run=520-520msec

Disk stats (read/write):
  vdc: ios=186/0, sectors=1499152/0, merge=0/0, ticks=193/0, in_queue=193, util=36.90%
