buffered-read: (g=0): rw=read, bs=(R) 4096B-4096B, (W) 4096B-4096B, (T) 4096B-4096B, ioengine=psync, iodepth=1
fio-3.36
Starting 1 process

buffered-read: (groupid=0, jobs=1): err= 0: pid=464: Sat Aug  9 10:38:33 2025
  read: IOPS=215k, BW=841MiB/s (882MB/s)(1024MiB/1218msec)
    clat (usec): min=2, max=1540, avg= 3.43, stdev= 8.63
     lat (usec): min=2, max=1651, avg= 3.60, stdev= 8.74
    clat percentiles (usec):
     |  1.00th=[    3],  5.00th=[    3], 10.00th=[    3], 20.00th=[    3],
     | 30.00th=[    3], 40.00th=[    3], 50.00th=[    3], 60.00th=[    3],
     | 70.00th=[    3], 80.00th=[    3], 90.00th=[    3], 95.00th=[    3],
     | 99.00th=[   61], 99.50th=[   68], 99.90th=[   81], 99.95th=[   91],
     | 99.99th=[  123]
   bw (  KiB/s): min=853976, max=871217, per=100.00%, avg=862596.50, stdev=12191.23, samples=2
   iops        : min=213506, max=217802, avg=215654.00, stdev=3037.73, samples=2
  lat (usec)   : 4=97.76%, 10=0.51%, 20=0.10%, 50=0.03%, 100=1.57%
  lat (usec)   : 250=0.04%, 500=0.01%
  lat (msec)   : 2=0.01%
  cpu          : usr=75.92%, sys=22.76%, ctx=1, majf=0, minf=13
  IO depths    : 1=100.0%, 2=0.0%, 4=0.0%, 8=0.0%, 16=0.0%, 32=0.0%, >=64=0.0%
     submit    : 0=0.0%, 4=100.0%, 8=0.0%, 16=0.0%, 32=0.0%, 64=0.0%, >=64=0.0%
     complete  : 0=0.0%, 4=100.0%, 8=0.0%, 16=0.0%, 32=0.0%, 64=0.0%, >=64=0.0%
     issued rwts: total=262144,0,0,0 short=0,0,0,0 dropped=0,0,0,0
     latency   : target=0, window=0, percentile=100.00%, depth=1

Run status group 0 (all jobs):
   READ: bw=841MiB/s (882MB/s), 841MiB/s-841MiB/s (882MB/s-882MB/s), io=1024MiB (1074MB), run=1218-1218msec

Disk stats (read/write):
  vdc: ios=0/0, sectors=0/0, merge=0/0, ticks=0/0, in_queue=0, util=0.00%
