buffered-write: (g=0): rw=write, bs=(R) 1024MiB-1024MiB, (W) 1024MiB-1024MiB, (T) 1024MiB-1024MiB, ioengine=psync, iodepth=1
fio-3.36
Starting 1 process

buffered-write: (groupid=0, jobs=1): err= 0: pid=468: Wed Aug 13 10:36:29 2025
  write: IOPS=2, BW=2241MiB/s (2350MB/s)(1024MiB/457msec); 0 zone resets
    clat (nsec): min=352863k, max=352863k, avg=352862715.00, stdev= 0.00
     lat (nsec): min=446444k, max=446444k, avg=446443698.00, stdev= 0.00
    clat percentiles (msec):
     |  1.00th=[  355],  5.00th=[  355], 10.00th=[  355], 20.00th=[  355],
     | 30.00th=[  355], 40.00th=[  355], 50.00th=[  355], 60.00th=[  355],
     | 70.00th=[  355], 80.00th=[  355], 90.00th=[  355], 95.00th=[  355],
     | 99.00th=[  355], 99.50th=[  355], 99.90th=[  355], 99.95th=[  355],
     | 99.99th=[  355]
  lat (msec)   : 500=100.00%
  cpu          : usr=21.05%, sys=77.63%, ctx=1, majf=0, minf=12
  IO depths    : 1=100.0%, 2=0.0%, 4=0.0%, 8=0.0%, 16=0.0%, 32=0.0%, >=64=0.0%
     submit    : 0=0.0%, 4=100.0%, 8=0.0%, 16=0.0%, 32=0.0%, 64=0.0%, >=64=0.0%
     complete  : 0=0.0%, 4=100.0%, 8=0.0%, 16=0.0%, 32=0.0%, 64=0.0%, >=64=0.0%
     issued rwts: total=0,1,0,0 short=0,0,0,0 dropped=0,0,0,0
     latency   : target=0, window=0, percentile=100.00%, depth=1

Run status group 0 (all jobs):
  WRITE: bw=2241MiB/s (2350MB/s), 2241MiB/s-2241MiB/s (2350MB/s-2350MB/s), io=1024MiB (1074MB), run=457-457msec

Disk stats (read/write):
  vdc: ios=0/398, sectors=0/3184, merge=0/0, ticks=0/1905, in_queue=1905, util=0.64%
