buffered-read: (g=0): rw=read, bs=(R) 1024MiB-1024MiB, (W) 1024MiB-1024MiB, (T) 1024MiB-1024MiB, ioengine=psync, iodepth=1
fio-3.36
Starting 1 process

buffered-read: (groupid=0, jobs=1): err= 0: pid=1148: Fri Aug  8 20:55:13 2025
  read: IOPS=1, BW=1907MiB/s (2000MB/s)(1024MiB/537msec)
    clat (nsec): min=534007k, max=534007k, avg=534007338.00, stdev= 0.00
     lat (nsec): min=534123k, max=534123k, avg=534123068.00, stdev= 0.00
    clat percentiles (msec):
     |  1.00th=[  535],  5.00th=[  535], 10.00th=[  535], 20.00th=[  535],
     | 30.00th=[  535], 40.00th=[  535], 50.00th=[  535], 60.00th=[  535],
     | 70.00th=[  535], 80.00th=[  535], 90.00th=[  535], 95.00th=[  535],
     | 99.00th=[  535], 99.50th=[  535], 99.90th=[  535], 99.95th=[  535],
     | 99.99th=[  535]
  lat (msec)   : 750=100.00%
  cpu          : usr=0.93%, sys=92.72%, ctx=6, majf=0, minf=1035
  IO depths    : 1=100.0%, 2=0.0%, 4=0.0%, 8=0.0%, 16=0.0%, 32=0.0%, >=64=0.0%
     submit    : 0=0.0%, 4=100.0%, 8=0.0%, 16=0.0%, 32=0.0%, 64=0.0%, >=64=0.0%
     complete  : 0=0.0%, 4=100.0%, 8=0.0%, 16=0.0%, 32=0.0%, 64=0.0%, >=64=0.0%
     issued rwts: total=1,0,0,0 short=0,0,0,0 dropped=0,0,0,0
     latency   : target=0, window=0, percentile=100.00%, depth=1

Run status group 0 (all jobs):
   READ: bw=1907MiB/s (2000MB/s), 1907MiB/s-1907MiB/s (2000MB/s-2000MB/s), io=1024MiB (1074MB), run=537-537msec

Disk stats (read/write):
  vdc: ios=172/0, sectors=1384464/0, merge=0/0, ticks=169/0, in_queue=169, util=31.42%
