buffered-write: (g=0): rw=write, bs=(R) 10.0MiB-10.0MiB, (W) 10.0MiB-10.0MiB, (T) 10.0MiB-10.0MiB, ioengine=psync, iodepth=1
fio-3.36
Starting 1 process

buffered-write: (groupid=0, jobs=1): err= 0: pid=427: Tue Aug 12 18:38:29 2025
  write: IOPS=144, BW=1443MiB/s (1513MB/s)(1030MiB/714msec); 0 zone resets
    clat (usec): min=2840, max=4103, avg=3155.50, stdev=217.19
     lat (usec): min=3295, max=5106, avg=3775.92, stdev=290.32
    clat percentiles (usec):
     |  1.00th=[ 2900],  5.00th=[ 2933], 10.00th=[ 2966], 20.00th=[ 2999],
     | 30.00th=[ 3032], 40.00th=[ 3064], 50.00th=[ 3097], 60.00th=[ 3130],
     | 70.00th=[ 3163], 80.00th=[ 3294], 90.00th=[ 3392], 95.00th=[ 3556],
     | 99.00th=[ 3982], 99.50th=[ 4113], 99.90th=[ 4113], 99.95th=[ 4113],
     | 99.99th=[ 4113]
   bw (  MiB/s): min= 1437, max= 1437, per=99.62%, avg=1437.12, stdev= 0.00, samples=1
   iops        : min=  143, max=  143, avg=143.00, stdev= 0.00, samples=1
  lat (msec)   : 4=99.03%, 10=0.97%
  fsync/fdatasync/sync_file_range:
    sync (usec): min=2547, max=5432, avg=3049.89, stdev=373.68
    sync percentiles (usec):
     |  1.00th=[ 2573],  5.00th=[ 2638], 10.00th=[ 2704], 20.00th=[ 2802],
     | 30.00th=[ 2868], 40.00th=[ 2933], 50.00th=[ 2999], 60.00th=[ 3097],
     | 70.00th=[ 3097], 80.00th=[ 3163], 90.00th=[ 3294], 95.00th=[ 3523],
     | 99.00th=[ 4359], 99.50th=[ 5407], 99.90th=[ 5407], 99.95th=[ 5407],
     | 99.99th=[ 5407]
  cpu          : usr=8.84%, sys=49.37%, ctx=404, majf=0, minf=13
  IO depths    : 1=199.0%, 2=0.0%, 4=0.0%, 8=0.0%, 16=0.0%, 32=0.0%, >=64=0.0%
     submit    : 0=0.0%, 4=100.0%, 8=0.0%, 16=0.0%, 32=0.0%, 64=0.0%, >=64=0.0%
     complete  : 0=0.0%, 4=100.0%, 8=0.0%, 16=0.0%, 32=0.0%, 64=0.0%, >=64=0.0%
     issued rwts: total=0,103,0,102 short=0,0,0,0 dropped=0,0,0,0
     latency   : target=0, window=0, percentile=100.00%, depth=1

Run status group 0 (all jobs):
  WRITE: bw=1443MiB/s (1513MB/s), 1443MiB/s-1443MiB/s (1513MB/s-1513MB/s), io=1030MiB (1080MB), run=714-714msec

Disk stats (read/write):
  vdc: ios=0/625, sectors=0/4288, merge=0/0, ticks=0/367, in_queue=561, util=32.20%
