buffered-read: (g=0): rw=read, bs=(R) 10.0MiB-10.0MiB, (W) 10.0MiB-10.0MiB, (T) 10.0MiB-10.0MiB, ioengine=psync, iodepth=1
fio-3.36
Starting 1 process

buffered-read: (groupid=0, jobs=1): err= 0: pid=2849: Sat Aug  9 10:17:33 2025
  read: IOPS=197, BW=1977MiB/s (2073MB/s)(1020MiB/516msec)
    clat (usec): min=3976, max=20465, avg=5002.91, stdev=1669.35
     lat (usec): min=3980, max=20582, avg=5007.52, stdev=1679.69
    clat percentiles (usec):
     |  1.00th=[ 4015],  5.00th=[ 4047], 10.00th=[ 4047], 20.00th=[ 4178],
     | 30.00th=[ 4359], 40.00th=[ 4752], 50.00th=[ 4817], 60.00th=[ 4948],
     | 70.00th=[ 5145], 80.00th=[ 5407], 90.00th=[ 5735], 95.00th=[ 6128],
     | 99.00th=[ 6652], 99.50th=[20579], 99.90th=[20579], 99.95th=[20579],
     | 99.99th=[20579]
   bw (  MiB/s): min= 1960, max= 1960, per=99.15%, avg=1960.00, stdev= 0.00, samples=1
   iops        : min=  196, max=  196, avg=196.00, stdev= 0.00, samples=1
  lat (msec)   : 4=0.98%, 10=98.04%, 50=0.98%
  cpu          : usr=1.74%, sys=95.35%, ctx=1, majf=0, minf=528
  IO depths    : 1=100.0%, 2=0.0%, 4=0.0%, 8=0.0%, 16=0.0%, 32=0.0%, >=64=0.0%
     submit    : 0=0.0%, 4=100.0%, 8=0.0%, 16=0.0%, 32=0.0%, 64=0.0%, >=64=0.0%
     complete  : 0=0.0%, 4=100.0%, 8=0.0%, 16=0.0%, 32=0.0%, 64=0.0%, >=64=0.0%
     issued rwts: total=102,0,0,0 short=0,0,0,0 dropped=0,0,0,0
     latency   : target=0, window=0, percentile=100.00%, depth=1

Run status group 0 (all jobs):
   READ: bw=1977MiB/s (2073MB/s), 1977MiB/s-1977MiB/s (2073MB/s-2073MB/s), io=1020MiB (1070MB), run=516-516msec

Disk stats (read/write):
  vdc: ios=0/0, sectors=0/0, merge=0/0, ticks=0/0, in_queue=0, util=0.00%
