buffered-write: (g=0): rw=write, bs=(R) 4096B-4096B, (W) 4096B-4096B, (T) 4096B-4096B, ioengine=psync, iodepth=1
fio-3.36
Starting 1 process

buffered-write: (groupid=0, jobs=1): err= 0: pid=1300: Tue Aug 12 18:20:15 2025
  write: IOPS=106k, BW=415MiB/s (435MB/s)(1024MiB/2466msec); 0 zone resets
    clat (usec): min=6, max=348, avg= 7.75, stdev= 3.50
     lat (usec): min=6, max=502, avg= 8.01, stdev= 3.69
    clat percentiles (usec):
     |  1.00th=[    8],  5.00th=[    8], 10.00th=[    8], 20.00th=[    8],
     | 30.00th=[    8], 40.00th=[    8], 50.00th=[    8], 60.00th=[    8],
     | 70.00th=[    8], 80.00th=[    8], 90.00th=[    8], 95.00th=[    9],
     | 99.00th=[   12], 99.50th=[   17], 99.90th=[   64], 99.95th=[   78],
     | 99.99th=[  137]
   bw (  KiB/s): min=419880, max=431968, per=100.00%, avg=425418.00, stdev=4970.76, samples=4
   iops        : min=104990, max=107994, avg=106361.50, stdev=1235.93, samples=4
  lat (usec)   : 10=98.50%, 20=1.16%, 50=0.15%, 100=0.17%, 250=0.02%
  lat (usec)   : 500=0.01%
  cpu          : usr=77.44%, sys=21.38%, ctx=4, majf=0, minf=13
  IO depths    : 1=100.0%, 2=0.0%, 4=0.0%, 8=0.0%, 16=0.0%, 32=0.0%, >=64=0.0%
     submit    : 0=0.0%, 4=100.0%, 8=0.0%, 16=0.0%, 32=0.0%, 64=0.0%, >=64=0.0%
     complete  : 0=0.0%, 4=100.0%, 8=0.0%, 16=0.0%, 32=0.0%, 64=0.0%, >=64=0.0%
     issued rwts: total=0,262144,0,0 short=0,0,0,0 dropped=0,0,0,0
     latency   : target=0, window=0, percentile=100.00%, depth=1

Run status group 0 (all jobs):
  WRITE: bw=415MiB/s (435MB/s), 415MiB/s-415MiB/s (435MB/s-435MB/s), io=1024MiB (1074MB), run=2466-2466msec

Disk stats (read/write):
  vdc: ios=0/0, sectors=0/0, merge=0/0, ticks=0/0, in_queue=0, util=0.00%
