buffered-write: (g=0): rw=write, bs=(R) 1024KiB-1024KiB, (W) 1024KiB-1024KiB, (T) 1024KiB-1024KiB, ioengine=psync, iodepth=1
fio-3.36
Starting 1 process

buffered-write: (groupid=0, jobs=1): err= 0: pid=564: Tue Aug 12 18:18:44 2025
  write: IOPS=4179, BW=4180MiB/s (4383MB/s)(1024MiB/245msec); 0 zone resets
    clat (usec): min=192, max=564, avg=216.07, stdev=23.97
     lat (usec): min=203, max=756, avg=230.45, stdev=27.50
    clat percentiles (usec):
     |  1.00th=[  194],  5.00th=[  198], 10.00th=[  200], 20.00th=[  202],
     | 30.00th=[  206], 40.00th=[  208], 50.00th=[  210], 60.00th=[  215],
     | 70.00th=[  217], 80.00th=[  223], 90.00th=[  237], 95.00th=[  262],
     | 99.00th=[  302], 99.50th=[  322], 99.90th=[  416], 99.95th=[  562],
     | 99.99th=[  562]
  lat (usec)   : 250=92.97%, 500=6.93%, 750=0.10%
  cpu          : usr=9.43%, sys=88.52%, ctx=3, majf=0, minf=12
  IO depths    : 1=100.0%, 2=0.0%, 4=0.0%, 8=0.0%, 16=0.0%, 32=0.0%, >=64=0.0%
     submit    : 0=0.0%, 4=100.0%, 8=0.0%, 16=0.0%, 32=0.0%, 64=0.0%, >=64=0.0%
     complete  : 0=0.0%, 4=100.0%, 8=0.0%, 16=0.0%, 32=0.0%, 64=0.0%, >=64=0.0%
     issued rwts: total=0,1024,0,0 short=0,0,0,0 dropped=0,0,0,0
     latency   : target=0, window=0, percentile=100.00%, depth=1

Run status group 0 (all jobs):
  WRITE: bw=4180MiB/s (4383MB/s), 4180MiB/s-4180MiB/s (4383MB/s-4383MB/s), io=1024MiB (1074MB), run=245-245msec

Disk stats (read/write):
  vdc: ios=0/0, sectors=0/0, merge=0/0, ticks=0/0, in_queue=0, util=0.00%
