buffered-read: (g=0): rw=read, bs=(R) 10.0MiB-10.0MiB, (W) 10.0MiB-10.0MiB, (T) 10.0MiB-10.0MiB, ioengine=psync, iodepth=1
fio-3.36
Starting 1 process

buffered-read: (groupid=0, jobs=1): err= 0: pid=2271: Sat Aug  9 10:15:25 2025
  read: IOPS=213, BW=2138MiB/s (2242MB/s)(1020MiB/477msec)
    clat (usec): min=3796, max=20760, avg=4635.07, stdev=1670.74
     lat (usec): min=3797, max=20872, avg=4637.52, stdev=1681.22
    clat percentiles (usec):
     |  1.00th=[ 3818],  5.00th=[ 3851], 10.00th=[ 3949], 20.00th=[ 4047],
     | 30.00th=[ 4113], 40.00th=[ 4146], 50.00th=[ 4293], 60.00th=[ 4817],
     | 70.00th=[ 4883], 80.00th=[ 4948], 90.00th=[ 5014], 95.00th=[ 5014],
     | 99.00th=[ 5145], 99.50th=[20841], 99.90th=[20841], 99.95th=[20841],
     | 99.99th=[20841]
  lat (msec)   : 4=16.67%, 10=82.35%, 50=0.98%
  cpu          : usr=2.94%, sys=97.69%, ctx=0, majf=0, minf=529
  IO depths    : 1=100.0%, 2=0.0%, 4=0.0%, 8=0.0%, 16=0.0%, 32=0.0%, >=64=0.0%
     submit    : 0=0.0%, 4=100.0%, 8=0.0%, 16=0.0%, 32=0.0%, 64=0.0%, >=64=0.0%
     complete  : 0=0.0%, 4=100.0%, 8=0.0%, 16=0.0%, 32=0.0%, 64=0.0%, >=64=0.0%
     issued rwts: total=102,0,0,0 short=0,0,0,0 dropped=0,0,0,0
     latency   : target=0, window=0, percentile=100.00%, depth=1

Run status group 0 (all jobs):
   READ: bw=2138MiB/s (2242MB/s), 2138MiB/s-2138MiB/s (2242MB/s-2242MB/s), io=1020MiB (1070MB), run=477-477msec

Disk stats (read/write):
  vdc: ios=0/0, sectors=0/0, merge=0/0, ticks=0/0, in_queue=0, util=0.00%
