buffered-write: (g=0): rw=write, bs=(R) 1024KiB-1024KiB, (W) 1024KiB-1024KiB, (T) 1024KiB-1024KiB, ioengine=psync, iodepth=1
fio-3.36
Starting 1 process

buffered-write: (groupid=0, jobs=1): err= 0: pid=580: Tue Aug 12 18:18:46 2025
  write: IOPS=3103, BW=3103MiB/s (3254MB/s)(1024MiB/330msec); 0 zone resets
    clat (usec): min=217, max=1046, avg=281.87, stdev=66.62
     lat (usec): min=231, max=1323, avg=308.43, stdev=80.49
    clat percentiles (usec):
     |  1.00th=[  221],  5.00th=[  225], 10.00th=[  229], 20.00th=[  233],
     | 30.00th=[  239], 40.00th=[  245], 50.00th=[  255], 60.00th=[  269],
     | 70.00th=[  314], 80.00th=[  334], 90.00th=[  355], 95.00th=[  396],
     | 99.00th=[  515], 99.50th=[  570], 99.90th=[  603], 99.95th=[ 1045],
     | 99.99th=[ 1045]
  lat (usec)   : 250=46.00%, 500=52.73%, 750=1.17%
  lat (msec)   : 2=0.10%
  cpu          : usr=11.52%, sys=85.15%, ctx=2, majf=0, minf=12
  IO depths    : 1=100.0%, 2=0.0%, 4=0.0%, 8=0.0%, 16=0.0%, 32=0.0%, >=64=0.0%
     submit    : 0=0.0%, 4=100.0%, 8=0.0%, 16=0.0%, 32=0.0%, 64=0.0%, >=64=0.0%
     complete  : 0=0.0%, 4=100.0%, 8=0.0%, 16=0.0%, 32=0.0%, 64=0.0%, >=64=0.0%
     issued rwts: total=0,1024,0,0 short=0,0,0,0 dropped=0,0,0,0
     latency   : target=0, window=0, percentile=100.00%, depth=1

Run status group 0 (all jobs):
  WRITE: bw=3103MiB/s (3254MB/s), 3103MiB/s-3103MiB/s (3254MB/s-3254MB/s), io=1024MiB (1074MB), run=330-330msec

Disk stats (read/write):
  vdc: ios=0/0, sectors=0/0, merge=0/0, ticks=0/0, in_queue=0, util=0.00%
