buffered-read: (g=0): rw=read, bs=(R) 1024MiB-1024MiB, (W) 1024MiB-1024MiB, (T) 1024MiB-1024MiB, ioengine=psync, iodepth=1
fio-3.36
Starting 1 process

buffered-read: (groupid=0, jobs=1): err= 0: pid=1292: Fri Aug  8 20:55:25 2025
  read: IOPS=2, BW=2147MiB/s (2251MB/s)(1024MiB/477msec)
    clat (nsec): min=474539k, max=474539k, avg=474538851.00, stdev= 0.00
     lat (nsec): min=474656k, max=474656k, avg=474655973.00, stdev= 0.00
    clat percentiles (msec):
     |  1.00th=[  477],  5.00th=[  477], 10.00th=[  477], 20.00th=[  477],
     | 30.00th=[  477], 40.00th=[  477], 50.00th=[  477], 60.00th=[  477],
     | 70.00th=[  477], 80.00th=[  477], 90.00th=[  477], 95.00th=[  477],
     | 99.00th=[  477], 99.50th=[  477], 99.90th=[  477], 99.95th=[  477],
     | 99.99th=[  477]
  lat (msec)   : 500=100.00%
  cpu          : usr=0.21%, sys=94.13%, ctx=6, majf=0, minf=1035
  IO depths    : 1=100.0%, 2=0.0%, 4=0.0%, 8=0.0%, 16=0.0%, 32=0.0%, >=64=0.0%
     submit    : 0=0.0%, 4=100.0%, 8=0.0%, 16=0.0%, 32=0.0%, 64=0.0%, >=64=0.0%
     complete  : 0=0.0%, 4=100.0%, 8=0.0%, 16=0.0%, 32=0.0%, 64=0.0%, >=64=0.0%
     issued rwts: total=1,0,0,0 short=0,0,0,0 dropped=0,0,0,0
     latency   : target=0, window=0, percentile=100.00%, depth=1

Run status group 0 (all jobs):
   READ: bw=2147MiB/s (2251MB/s), 2147MiB/s-2147MiB/s (2251MB/s-2251MB/s), io=1024MiB (1074MB), run=477-477msec

Disk stats (read/write):
  vdc: ios=201/0, sectors=1622032/0, merge=0/0, ticks=151/0, in_queue=151, util=31.22%
