buffered-read: (g=0): rw=read, bs=(R) 1024KiB-1024KiB, (W) 1024KiB-1024KiB, (T) 1024KiB-1024KiB, ioengine=psync, iodepth=1
fio-3.36
Starting 1 process

buffered-read: (groupid=0, jobs=1): err= 0: pid=1431: Sat Aug  9 10:14:14 2025
  read: IOPS=2386, BW=2387MiB/s (2503MB/s)(1024MiB/429msec)
    clat (usec): min=172, max=4544, avg=411.05, stdev=151.85
     lat (usec): min=173, max=4657, avg=411.53, stdev=154.86
    clat percentiles (usec):
     |  1.00th=[  359],  5.00th=[  371], 10.00th=[  375], 20.00th=[  383],
     | 30.00th=[  388], 40.00th=[  392], 50.00th=[  396], 60.00th=[  404],
     | 70.00th=[  408], 80.00th=[  416], 90.00th=[  453], 95.00th=[  486],
     | 99.00th=[  529], 99.50th=[  553], 99.90th=[ 2606], 99.95th=[ 4555],
     | 99.99th=[ 4555]
  lat (usec)   : 250=0.10%, 500=96.58%, 750=3.03%
  lat (msec)   : 2=0.10%, 4=0.10%, 10=0.10%
  cpu          : usr=0.00%, sys=97.90%, ctx=0, majf=0, minf=269
  IO depths    : 1=100.0%, 2=0.0%, 4=0.0%, 8=0.0%, 16=0.0%, 32=0.0%, >=64=0.0%
     submit    : 0=0.0%, 4=100.0%, 8=0.0%, 16=0.0%, 32=0.0%, 64=0.0%, >=64=0.0%
     complete  : 0=0.0%, 4=100.0%, 8=0.0%, 16=0.0%, 32=0.0%, 64=0.0%, >=64=0.0%
     issued rwts: total=1024,0,0,0 short=0,0,0,0 dropped=0,0,0,0
     latency   : target=0, window=0, percentile=100.00%, depth=1

Run status group 0 (all jobs):
   READ: bw=2387MiB/s (2503MB/s), 2387MiB/s-2387MiB/s (2503MB/s-2503MB/s), io=1024MiB (1074MB), run=429-429msec

Disk stats (read/write):
  vdc: ios=0/0, sectors=0/0, merge=0/0, ticks=0/0, in_queue=0, util=0.00%
