buffered-write: (g=0): rw=write, bs=(R) 100MiB-100MiB, (W) 100MiB-100MiB, (T) 100MiB-100MiB, ioengine=psync, iodepth=1
fio-3.36
Starting 1 process

buffered-write: (groupid=0, jobs=1): err= 0: pid=980: Tue Aug 12 18:19:20 2025
  write: IOPS=24, BW=2489MiB/s (2610MB/s)(1100MiB/442msec); 0 zone resets
    clat (usec): min=29146, max=34896, avg=32375.64, stdev=1644.90
     lat (usec): min=35775, max=43055, avg=39586.78, stdev=1973.45
    clat percentiles (usec):
     |  1.00th=[29230],  5.00th=[29230], 10.00th=[30802], 20.00th=[31065],
     | 30.00th=[31851], 40.00th=[31851], 50.00th=[32637], 60.00th=[33162],
     | 70.00th=[33162], 80.00th=[33424], 90.00th=[34341], 95.00th=[34866],
     | 99.00th=[34866], 99.50th=[34866], 99.90th=[34866], 99.95th=[34866],
     | 99.99th=[34866]
  lat (msec)   : 50=100.00%
  cpu          : usr=16.33%, sys=82.77%, ctx=2, majf=0, minf=12
  IO depths    : 1=100.0%, 2=0.0%, 4=0.0%, 8=0.0%, 16=0.0%, 32=0.0%, >=64=0.0%
     submit    : 0=0.0%, 4=100.0%, 8=0.0%, 16=0.0%, 32=0.0%, 64=0.0%, >=64=0.0%
     complete  : 0=0.0%, 4=100.0%, 8=0.0%, 16=0.0%, 32=0.0%, 64=0.0%, >=64=0.0%
     issued rwts: total=0,11,0,0 short=0,0,0,0 dropped=0,0,0,0
     latency   : target=0, window=0, percentile=100.00%, depth=1

Run status group 0 (all jobs):
  WRITE: bw=2489MiB/s (2610MB/s), 2489MiB/s-2489MiB/s (2610MB/s-2610MB/s), io=1100MiB (1153MB), run=442-442msec

Disk stats (read/write):
  vdc: ios=0/0, sectors=0/0, merge=0/0, ticks=0/0, in_queue=0, util=0.00%
