buffered-write: (g=0): rw=write, bs=(R) 1024MiB-1024MiB, (W) 1024MiB-1024MiB, (T) 1024MiB-1024MiB, ioengine=psync, iodepth=1
fio-3.36
Starting 1 process

buffered-write: (groupid=0, jobs=1): err= 0: pid=459: Tue Aug 12 18:38:32 2025
  write: IOPS=2, BW=2432MiB/s (2550MB/s)(1024MiB/421msec); 0 zone resets
    clat (nsec): min=347381k, max=347381k, avg=347380994.00, stdev= 0.00
     lat (nsec): min=411395k, max=411395k, avg=411395159.00, stdev= 0.00
    clat percentiles (msec):
     |  1.00th=[  347],  5.00th=[  347], 10.00th=[  347], 20.00th=[  347],
     | 30.00th=[  347], 40.00th=[  347], 50.00th=[  347], 60.00th=[  347],
     | 70.00th=[  347], 80.00th=[  347], 90.00th=[  347], 95.00th=[  347],
     | 99.00th=[  347], 99.50th=[  347], 99.90th=[  347], 99.95th=[  347],
     | 99.99th=[  347]
  lat (msec)   : 500=100.00%
  cpu          : usr=15.20%, sys=83.61%, ctx=0, majf=0, minf=12
  IO depths    : 1=100.0%, 2=0.0%, 4=0.0%, 8=0.0%, 16=0.0%, 32=0.0%, >=64=0.0%
     submit    : 0=0.0%, 4=100.0%, 8=0.0%, 16=0.0%, 32=0.0%, 64=0.0%, >=64=0.0%
     complete  : 0=0.0%, 4=100.0%, 8=0.0%, 16=0.0%, 32=0.0%, 64=0.0%, >=64=0.0%
     issued rwts: total=0,1,0,0 short=0,0,0,0 dropped=0,0,0,0
     latency   : target=0, window=0, percentile=100.00%, depth=1

Run status group 0 (all jobs):
  WRITE: bw=2432MiB/s (2550MB/s), 2432MiB/s-2432MiB/s (2550MB/s-2550MB/s), io=1024MiB (1074MB), run=421-421msec

Disk stats (read/write):
  vdc: ios=0/210, sectors=0/1680, merge=0/0, ticks=0/552, in_queue=552, util=0.82%
