buffered-read: (g=0): rw=read, bs=(R) 1024KiB-1024KiB, (W) 1024KiB-1024KiB, (T) 1024KiB-1024KiB, ioengine=psync, iodepth=1
fio-3.36
Starting 1 process

buffered-read: (groupid=0, jobs=1): err= 0: pid=999: Sat Aug  9 10:13:39 2025
  read: IOPS=2221, BW=2221MiB/s (2329MB/s)(1024MiB/461msec)
    clat (usec): min=170, max=5096, avg=441.71, stdev=168.28
     lat (usec): min=170, max=5217, avg=442.23, stdev=171.61
    clat percentiles (usec):
     |  1.00th=[  371],  5.00th=[  383], 10.00th=[  388], 20.00th=[  396],
     | 30.00th=[  404], 40.00th=[  408], 50.00th=[  420], 60.00th=[  429],
     | 70.00th=[  441], 80.00th=[  457], 90.00th=[  510], 95.00th=[  562],
     | 99.00th=[  709], 99.50th=[  775], 99.90th=[ 2212], 99.95th=[ 5080],
     | 99.99th=[ 5080]
  lat (usec)   : 250=0.10%, 500=88.96%, 750=10.25%, 1000=0.39%
  lat (msec)   : 2=0.10%, 4=0.10%, 10=0.10%
  cpu          : usr=3.69%, sys=94.14%, ctx=0, majf=0, minf=269
  IO depths    : 1=100.0%, 2=0.0%, 4=0.0%, 8=0.0%, 16=0.0%, 32=0.0%, >=64=0.0%
     submit    : 0=0.0%, 4=100.0%, 8=0.0%, 16=0.0%, 32=0.0%, 64=0.0%, >=64=0.0%
     complete  : 0=0.0%, 4=100.0%, 8=0.0%, 16=0.0%, 32=0.0%, 64=0.0%, >=64=0.0%
     issued rwts: total=1024,0,0,0 short=0,0,0,0 dropped=0,0,0,0
     latency   : target=0, window=0, percentile=100.00%, depth=1

Run status group 0 (all jobs):
   READ: bw=2221MiB/s (2329MB/s), 2221MiB/s-2221MiB/s (2329MB/s-2329MB/s), io=1024MiB (1074MB), run=461-461msec

Disk stats (read/write):
  vdc: ios=0/0, sectors=0/0, merge=0/0, ticks=0/0, in_queue=0, util=0.00%
