buffered-read: (g=0): rw=read, bs=(R) 1024MiB-1024MiB, (W) 1024MiB-1024MiB, (T) 1024MiB-1024MiB, ioengine=psync, iodepth=1
fio-3.36
Starting 1 process

buffered-read: (groupid=0, jobs=1): err= 0: pid=1220: Fri Aug  8 20:55:19 2025
  read: IOPS=1, BW=1947MiB/s (2041MB/s)(1024MiB/526msec)
    clat (nsec): min=523097k, max=523097k, avg=523097212.00, stdev= 0.00
     lat (nsec): min=523208k, max=523208k, avg=523208494.00, stdev= 0.00
    clat percentiles (msec):
     |  1.00th=[  523],  5.00th=[  523], 10.00th=[  523], 20.00th=[  523],
     | 30.00th=[  523], 40.00th=[  523], 50.00th=[  523], 60.00th=[  523],
     | 70.00th=[  523], 80.00th=[  523], 90.00th=[  523], 95.00th=[  523],
     | 99.00th=[  523], 99.50th=[  523], 99.90th=[  523], 99.95th=[  523],
     | 99.99th=[  523]
  lat (msec)   : 750=100.00%
  cpu          : usr=1.90%, sys=92.57%, ctx=6, majf=0, minf=1035
  IO depths    : 1=100.0%, 2=0.0%, 4=0.0%, 8=0.0%, 16=0.0%, 32=0.0%, >=64=0.0%
     submit    : 0=0.0%, 4=100.0%, 8=0.0%, 16=0.0%, 32=0.0%, 64=0.0%, >=64=0.0%
     complete  : 0=0.0%, 4=100.0%, 8=0.0%, 16=0.0%, 32=0.0%, 64=0.0%, >=64=0.0%
     issued rwts: total=1,0,0,0 short=0,0,0,0 dropped=0,0,0,0
     latency   : target=0, window=0, percentile=100.00%, depth=1

Run status group 0 (all jobs):
   READ: bw=1947MiB/s (2041MB/s), 1947MiB/s-1947MiB/s (2041MB/s-2041MB/s), io=1024MiB (1074MB), run=526-526msec

Disk stats (read/write):
  vdc: ios=183/0, sectors=1474576/0, merge=0/0, ticks=198/0, in_queue=198, util=32.41%
