buffered-read: (g=0): rw=read, bs=(R) 10.0MiB-10.0MiB, (W) 10.0MiB-10.0MiB, (T) 10.0MiB-10.0MiB, ioengine=psync, iodepth=1
fio-3.36
Starting 1 process

buffered-read: (groupid=0, jobs=1): err= 0: pid=2103: Sat Aug  9 10:15:11 2025
  read: IOPS=171, BW=1717MiB/s (1801MB/s)(1020MiB/594msec)
    clat (usec): min=4540, max=23226, avg=5751.15, stdev=1893.46
     lat (usec): min=4541, max=23346, avg=5754.62, stdev=1904.39
    clat percentiles (usec):
     |  1.00th=[ 4555],  5.00th=[ 4621], 10.00th=[ 4686], 20.00th=[ 4883],
     | 30.00th=[ 5145], 40.00th=[ 5407], 50.00th=[ 5604], 60.00th=[ 5735],
     | 70.00th=[ 5932], 80.00th=[ 6194], 90.00th=[ 6521], 95.00th=[ 6915],
     | 99.00th=[ 8586], 99.50th=[23200], 99.90th=[23200], 99.95th=[23200],
     | 99.99th=[23200]
   bw (  MiB/s): min= 1696, max= 1696, per=98.80%, avg=1696.61, stdev= 0.00, samples=1
   iops        : min=  169, max=  169, avg=169.00, stdev= 0.00, samples=1
  lat (msec)   : 10=99.02%, 50=0.98%
  cpu          : usr=1.52%, sys=95.96%, ctx=1, majf=0, minf=528
  IO depths    : 1=100.0%, 2=0.0%, 4=0.0%, 8=0.0%, 16=0.0%, 32=0.0%, >=64=0.0%
     submit    : 0=0.0%, 4=100.0%, 8=0.0%, 16=0.0%, 32=0.0%, 64=0.0%, >=64=0.0%
     complete  : 0=0.0%, 4=100.0%, 8=0.0%, 16=0.0%, 32=0.0%, 64=0.0%, >=64=0.0%
     issued rwts: total=102,0,0,0 short=0,0,0,0 dropped=0,0,0,0
     latency   : target=0, window=0, percentile=100.00%, depth=1

Run status group 0 (all jobs):
   READ: bw=1717MiB/s (1801MB/s), 1717MiB/s-1717MiB/s (1801MB/s-1801MB/s), io=1020MiB (1070MB), run=594-594msec

Disk stats (read/write):
  vdc: ios=0/0, sectors=0/0, merge=0/0, ticks=0/0, in_queue=0, util=0.00%
