buffered-read: (g=0): rw=read, bs=(R) 1024KiB-1024KiB, (W) 1024KiB-1024KiB, (T) 1024KiB-1024KiB, ioengine=psync, iodepth=1
fio-3.36
Starting 1 process

buffered-read: (groupid=0, jobs=1): err= 0: pid=639: Sat Aug  9 10:13:10 2025
  read: IOPS=2461, BW=2462MiB/s (2581MB/s)(1024MiB/416msec)
    clat (usec): min=165, max=4131, avg=398.42, stdev=129.27
     lat (usec): min=165, max=4248, avg=398.96, stdev=132.60
    clat percentiles (usec):
     |  1.00th=[  351],  5.00th=[  359], 10.00th=[  363], 20.00th=[  371],
     | 30.00th=[  375], 40.00th=[  379], 50.00th=[  383], 60.00th=[  388],
     | 70.00th=[  396], 80.00th=[  408], 90.00th=[  445], 95.00th=[  474],
     | 99.00th=[  537], 99.50th=[  619], 99.90th=[ 1614], 99.95th=[ 4146],
     | 99.99th=[ 4146]
  lat (usec)   : 250=0.10%, 500=97.56%, 750=2.05%, 1000=0.10%
  lat (msec)   : 2=0.10%, 10=0.10%
  cpu          : usr=8.67%, sys=88.19%, ctx=0, majf=0, minf=269
  IO depths    : 1=100.0%, 2=0.0%, 4=0.0%, 8=0.0%, 16=0.0%, 32=0.0%, >=64=0.0%
     submit    : 0=0.0%, 4=100.0%, 8=0.0%, 16=0.0%, 32=0.0%, 64=0.0%, >=64=0.0%
     complete  : 0=0.0%, 4=100.0%, 8=0.0%, 16=0.0%, 32=0.0%, 64=0.0%, >=64=0.0%
     issued rwts: total=1024,0,0,0 short=0,0,0,0 dropped=0,0,0,0
     latency   : target=0, window=0, percentile=100.00%, depth=1

Run status group 0 (all jobs):
   READ: bw=2462MiB/s (2581MB/s), 2462MiB/s-2462MiB/s (2581MB/s-2581MB/s), io=1024MiB (1074MB), run=416-416msec

Disk stats (read/write):
  vdc: ios=0/0, sectors=0/0, merge=0/0, ticks=0/0, in_queue=0, util=0.00%
