buffered-write: (g=0): rw=write, bs=(R) 1024KiB-1024KiB, (W) 1024KiB-1024KiB, (T) 1024KiB-1024KiB, ioengine=psync, iodepth=1
fio-3.36
Starting 1 process

buffered-write: (groupid=0, jobs=1): err= 0: pid=532: Tue Aug 12 18:18:42 2025
  write: IOPS=4063, BW=4063MiB/s (4261MB/s)(1024MiB/252msec); 0 zone resets
    clat (usec): min=192, max=679, avg=221.77, stdev=26.53
     lat (usec): min=204, max=922, avg=236.49, stdev=31.88
    clat percentiles (usec):
     |  1.00th=[  198],  5.00th=[  204], 10.00th=[  204], 20.00th=[  206],
     | 30.00th=[  208], 40.00th=[  210], 50.00th=[  215], 60.00th=[  219],
     | 70.00th=[  225], 80.00th=[  233], 90.00th=[  249], 95.00th=[  269],
     | 99.00th=[  310], 99.50th=[  334], 99.90th=[  383], 99.95th=[  676],
     | 99.99th=[  676]
  lat (usec)   : 250=90.23%, 500=9.67%, 750=0.10%
  cpu          : usr=18.73%, sys=80.08%, ctx=3, majf=0, minf=12
  IO depths    : 1=100.0%, 2=0.0%, 4=0.0%, 8=0.0%, 16=0.0%, 32=0.0%, >=64=0.0%
     submit    : 0=0.0%, 4=100.0%, 8=0.0%, 16=0.0%, 32=0.0%, 64=0.0%, >=64=0.0%
     complete  : 0=0.0%, 4=100.0%, 8=0.0%, 16=0.0%, 32=0.0%, 64=0.0%, >=64=0.0%
     issued rwts: total=0,1024,0,0 short=0,0,0,0 dropped=0,0,0,0
     latency   : target=0, window=0, percentile=100.00%, depth=1

Run status group 0 (all jobs):
  WRITE: bw=4063MiB/s (4261MB/s), 4063MiB/s-4063MiB/s (4261MB/s-4261MB/s), io=1024MiB (1074MB), run=252-252msec

Disk stats (read/write):
  vdc: ios=0/0, sectors=0/0, merge=0/0, ticks=0/0, in_queue=0, util=0.00%
