buffered-read: (g=0): rw=read, bs=(R) 1024KiB-1024KiB, (W) 1024KiB-1024KiB, (T) 1024KiB-1024KiB, ioengine=psync, iodepth=1
fio-3.36
Starting 1 process

buffered-read: (groupid=0, jobs=1): err= 0: pid=620: Fri Aug  8 20:54:33 2025
  read: IOPS=2790, BW=2790MiB/s (2926MB/s)(1024MiB/367msec)
    clat (usec): min=222, max=3907, avg=347.31, stdev=137.12
     lat (usec): min=222, max=4019, avg=348.96, stdev=140.02
    clat percentiles (usec):
     |  1.00th=[  229],  5.00th=[  237], 10.00th=[  241], 20.00th=[  281],
     | 30.00th=[  306], 40.00th=[  318], 50.00th=[  343], 60.00th=[  355],
     | 70.00th=[  371], 80.00th=[  392], 90.00th=[  437], 95.00th=[  486],
     | 99.00th=[  627], 99.50th=[  676], 99.90th=[  824], 99.95th=[ 3916],
     | 99.99th=[ 3916]
  lat (usec)   : 250=14.06%, 500=81.64%, 750=4.00%, 1000=0.20%
  lat (msec)   : 4=0.10%
  cpu          : usr=4.90%, sys=72.48%, ctx=103, majf=0, minf=269
  IO depths    : 1=100.0%, 2=0.0%, 4=0.0%, 8=0.0%, 16=0.0%, 32=0.0%, >=64=0.0%
     submit    : 0=0.0%, 4=100.0%, 8=0.0%, 16=0.0%, 32=0.0%, 64=0.0%, >=64=0.0%
     complete  : 0=0.0%, 4=100.0%, 8=0.0%, 16=0.0%, 32=0.0%, 64=0.0%, >=64=0.0%
     issued rwts: total=1024,0,0,0 short=0,0,0,0 dropped=0,0,0,0
     latency   : target=0, window=0, percentile=100.00%, depth=1

Run status group 0 (all jobs):
   READ: bw=2790MiB/s (2926MB/s), 2790MiB/s-2790MiB/s (2926MB/s-2926MB/s), io=1024MiB (1074MB), run=367-367msec

Disk stats (read/write):
  vdc: ios=328/0, sectors=667664/0, merge=0/0, ticks=106/0, in_queue=106, util=33.63%
