buffered-write: (g=0): rw=write, bs=(R) 4096B-4096B, (W) 4096B-4096B, (T) 4096B-4096B, ioengine=psync, iodepth=1
fio-3.36
Starting 1 process

buffered-write: (groupid=0, jobs=1): err= 0: pid=1252: Tue Aug 12 18:20:04 2025
  write: IOPS=105k, BW=409MiB/s (429MB/s)(1024MiB/2501msec); 0 zone resets
    clat (usec): min=5, max=392, avg= 7.94, stdev= 3.64
     lat (usec): min=6, max=529, avg= 8.18, stdev= 3.87
    clat percentiles (usec):
     |  1.00th=[    7],  5.00th=[    8], 10.00th=[    8], 20.00th=[    8],
     | 30.00th=[    8], 40.00th=[    8], 50.00th=[    8], 60.00th=[    8],
     | 70.00th=[    8], 80.00th=[    9], 90.00th=[    9], 95.00th=[   10],
     | 99.00th=[   12], 99.50th=[   18], 99.90th=[   60], 99.95th=[   81],
     | 99.99th=[  147]
   bw (  KiB/s): min=374928, max=440590, per=100.00%, avg=421141.50, stdev=31161.90, samples=4
   iops        : min=93734, max=110149, avg=105291.75, stdev=7792.27, samples=4
  lat (usec)   : 10=98.35%, 20=1.27%, 50=0.21%, 100=0.14%, 250=0.03%
  lat (usec)   : 500=0.01%
  cpu          : usr=83.92%, sys=14.92%, ctx=7, majf=0, minf=13
  IO depths    : 1=100.0%, 2=0.0%, 4=0.0%, 8=0.0%, 16=0.0%, 32=0.0%, >=64=0.0%
     submit    : 0=0.0%, 4=100.0%, 8=0.0%, 16=0.0%, 32=0.0%, 64=0.0%, >=64=0.0%
     complete  : 0=0.0%, 4=100.0%, 8=0.0%, 16=0.0%, 32=0.0%, 64=0.0%, >=64=0.0%
     issued rwts: total=0,262144,0,0 short=0,0,0,0 dropped=0,0,0,0
     latency   : target=0, window=0, percentile=100.00%, depth=1

Run status group 0 (all jobs):
  WRITE: bw=409MiB/s (429MB/s), 409MiB/s-409MiB/s (429MB/s-429MB/s), io=1024MiB (1074MB), run=2501-2501msec

Disk stats (read/write):
  vdc: ios=0/0, sectors=0/0, merge=0/0, ticks=0/0, in_queue=0, util=0.00%
