buffered-read: (g=0): rw=read, bs=(R) 10.0MiB-10.0MiB, (W) 10.0MiB-10.0MiB, (T) 10.0MiB-10.0MiB, ioengine=psync, iodepth=1
fio-3.36
Starting 1 process

buffered-read: (groupid=0, jobs=1): err= 0: pid=1719: Sat Aug  9 10:14:37 2025
  read: IOPS=205, BW=2052MiB/s (2152MB/s)(1020MiB/497msec)
    clat (usec): min=3833, max=22636, avg=4824.71, stdev=2079.08
     lat (usec): min=3834, max=22753, avg=4827.47, stdev=2088.86
    clat percentiles (usec):
     |  1.00th=[ 3884],  5.00th=[ 3949], 10.00th=[ 3982], 20.00th=[ 4080],
     | 30.00th=[ 4146], 40.00th=[ 4228], 50.00th=[ 4621], 60.00th=[ 4883],
     | 70.00th=[ 4948], 80.00th=[ 5014], 90.00th=[ 5145], 95.00th=[ 5276],
     | 99.00th=[14353], 99.50th=[22676], 99.90th=[22676], 99.95th=[22676],
     | 99.99th=[22676]
  lat (msec)   : 4=11.76%, 10=86.27%, 20=0.98%, 50=0.98%
  cpu          : usr=2.01%, sys=96.58%, ctx=1, majf=0, minf=528
  IO depths    : 1=100.0%, 2=0.0%, 4=0.0%, 8=0.0%, 16=0.0%, 32=0.0%, >=64=0.0%
     submit    : 0=0.0%, 4=100.0%, 8=0.0%, 16=0.0%, 32=0.0%, 64=0.0%, >=64=0.0%
     complete  : 0=0.0%, 4=100.0%, 8=0.0%, 16=0.0%, 32=0.0%, 64=0.0%, >=64=0.0%
     issued rwts: total=102,0,0,0 short=0,0,0,0 dropped=0,0,0,0
     latency   : target=0, window=0, percentile=100.00%, depth=1

Run status group 0 (all jobs):
   READ: bw=2052MiB/s (2152MB/s), 2052MiB/s-2052MiB/s (2152MB/s-2152MB/s), io=1020MiB (1070MB), run=497-497msec

Disk stats (read/write):
  vdc: ios=0/0, sectors=0/0, merge=0/0, ticks=0/0, in_queue=0, util=0.00%
