buffered-write: (g=0): rw=write, bs=(R) 1024KiB-1024KiB, (W) 1024KiB-1024KiB, (T) 1024KiB-1024KiB, ioengine=psync, iodepth=1
fio-3.36
Starting 1 process

buffered-write: (groupid=0, jobs=1): err= 0: pid=644: Tue Aug 12 18:18:50 2025
  write: IOPS=3710, BW=3710MiB/s (3890MB/s)(1024MiB/276msec); 0 zone resets
    clat (usec): min=202, max=1528, avg=234.44, stdev=58.32
     lat (usec): min=217, max=1845, avg=255.90, stdev=65.89
    clat percentiles (usec):
     |  1.00th=[  206],  5.00th=[  208], 10.00th=[  210], 20.00th=[  212],
     | 30.00th=[  215], 40.00th=[  217], 50.00th=[  221], 60.00th=[  225],
     | 70.00th=[  231], 80.00th=[  239], 90.00th=[  262], 95.00th=[  310],
     | 99.00th=[  433], 99.50th=[  469], 99.90th=[  586], 99.95th=[ 1532],
     | 99.99th=[ 1532]
  lat (usec)   : 250=87.60%, 500=12.01%, 750=0.29%
  lat (msec)   : 2=0.10%
  cpu          : usr=14.86%, sys=82.97%, ctx=2, majf=0, minf=12
  IO depths    : 1=100.0%, 2=0.0%, 4=0.0%, 8=0.0%, 16=0.0%, 32=0.0%, >=64=0.0%
     submit    : 0=0.0%, 4=100.0%, 8=0.0%, 16=0.0%, 32=0.0%, 64=0.0%, >=64=0.0%
     complete  : 0=0.0%, 4=100.0%, 8=0.0%, 16=0.0%, 32=0.0%, 64=0.0%, >=64=0.0%
     issued rwts: total=0,1024,0,0 short=0,0,0,0 dropped=0,0,0,0
     latency   : target=0, window=0, percentile=100.00%, depth=1

Run status group 0 (all jobs):
  WRITE: bw=3710MiB/s (3890MB/s), 3710MiB/s-3710MiB/s (3890MB/s-3890MB/s), io=1024MiB (1074MB), run=276-276msec

Disk stats (read/write):
  vdc: ios=0/0, sectors=0/0, merge=0/0, ticks=0/0, in_queue=0, util=0.00%
