buffered-read: (g=0): rw=read, bs=(R) 10.0MiB-10.0MiB, (W) 10.0MiB-10.0MiB, (T) 10.0MiB-10.0MiB, ioengine=psync, iodepth=1
fio-3.36
Starting 1 process

buffered-read: (groupid=0, jobs=1): err= 0: pid=788: Fri Aug  8 20:54:45 2025
  read: IOPS=329, BW=3290MiB/s (3450MB/s)(1020MiB/310msec)
    clat (usec): min=2611, max=12800, avg=2997.81, stdev=1002.77
     lat (usec): min=2612, max=12908, avg=3000.16, stdev=1013.04
    clat percentiles (usec):
     |  1.00th=[ 2638],  5.00th=[ 2638], 10.00th=[ 2671], 20.00th=[ 2704],
     | 30.00th=[ 2737], 40.00th=[ 2802], 50.00th=[ 2900], 60.00th=[ 2966],
     | 70.00th=[ 2999], 80.00th=[ 3064], 90.00th=[ 3163], 95.00th=[ 3392],
     | 99.00th=[ 3654], 99.50th=[12780], 99.90th=[12780], 99.95th=[12780],
     | 99.99th=[12780]
  lat (msec)   : 4=99.02%, 20=0.98%
  cpu          : usr=1.61%, sys=87.10%, ctx=58, majf=0, minf=528
  IO depths    : 1=100.0%, 2=0.0%, 4=0.0%, 8=0.0%, 16=0.0%, 32=0.0%, >=64=0.0%
     submit    : 0=0.0%, 4=100.0%, 8=0.0%, 16=0.0%, 32=0.0%, 64=0.0%, >=64=0.0%
     complete  : 0=0.0%, 4=100.0%, 8=0.0%, 16=0.0%, 32=0.0%, 64=0.0%, >=64=0.0%
     issued rwts: total=102,0,0,0 short=0,0,0,0 dropped=0,0,0,0
     latency   : target=0, window=0, percentile=100.00%, depth=1

Run status group 0 (all jobs):
   READ: bw=3290MiB/s (3450MB/s), 3290MiB/s-3290MiB/s (3450MB/s-3450MB/s), io=1020MiB (1070MB), run=310-310msec

Disk stats (read/write):
  vdc: ios=96/0, sectors=745488/0, merge=0/0, ticks=75/0, in_queue=75, util=29.96%
