buffered-read: (g=0): rw=read, bs=(R) 1024KiB-1024KiB, (W) 1024KiB-1024KiB, (T) 1024KiB-1024KiB, ioengine=psync, iodepth=1
fio-3.36
Starting 1 process

buffered-read: (groupid=0, jobs=1): err= 0: pid=1143: Sat Aug  9 10:13:50 2025
  read: IOPS=2060, BW=2060MiB/s (2160MB/s)(1024MiB/497msec)
    clat (usec): min=192, max=5456, avg=476.09, stdev=172.54
     lat (usec): min=193, max=5572, avg=477.00, stdev=175.97
    clat percentiles (usec):
     |  1.00th=[  392],  5.00th=[  404], 10.00th=[  408], 20.00th=[  420],
     | 30.00th=[  429], 40.00th=[  437], 50.00th=[  449], 60.00th=[  461],
     | 70.00th=[  482], 80.00th=[  519], 90.00th=[  562], 95.00th=[  627],
     | 99.00th=[  725], 99.50th=[  799], 99.90th=[ 1090], 99.95th=[ 5473],
     | 99.99th=[ 5473]
  lat (usec)   : 250=0.10%, 500=74.80%, 750=24.12%, 1000=0.78%
  lat (msec)   : 2=0.10%, 10=0.10%
  cpu          : usr=3.02%, sys=94.15%, ctx=1, majf=0, minf=269
  IO depths    : 1=100.0%, 2=0.0%, 4=0.0%, 8=0.0%, 16=0.0%, 32=0.0%, >=64=0.0%
     submit    : 0=0.0%, 4=100.0%, 8=0.0%, 16=0.0%, 32=0.0%, 64=0.0%, >=64=0.0%
     complete  : 0=0.0%, 4=100.0%, 8=0.0%, 16=0.0%, 32=0.0%, 64=0.0%, >=64=0.0%
     issued rwts: total=1024,0,0,0 short=0,0,0,0 dropped=0,0,0,0
     latency   : target=0, window=0, percentile=100.00%, depth=1

Run status group 0 (all jobs):
   READ: bw=2060MiB/s (2160MB/s), 2060MiB/s-2060MiB/s (2160MB/s-2160MB/s), io=1024MiB (1074MB), run=497-497msec

Disk stats (read/write):
  vdc: ios=0/0, sectors=0/0, merge=0/0, ticks=0/0, in_queue=0, util=0.00%
