buffered-read: (g=0): rw=read, bs=(R) 1024KiB-1024KiB, (W) 1024KiB-1024KiB, (T) 1024KiB-1024KiB, ioengine=psync, iodepth=1
fio-3.36
Starting 1 process

buffered-read: (groupid=0, jobs=1): err= 0: pid=711: Sat Aug  9 10:13:15 2025
  read: IOPS=2364, BW=2365MiB/s (2480MB/s)(1024MiB/433msec)
    clat (usec): min=170, max=4154, avg=414.86, stdev=123.03
     lat (usec): min=171, max=4268, avg=415.35, stdev=126.42
    clat percentiles (usec):
     |  1.00th=[  359],  5.00th=[  371], 10.00th=[  375], 20.00th=[  383],
     | 30.00th=[  388], 40.00th=[  396], 50.00th=[  404], 60.00th=[  416],
     | 70.00th=[  429], 80.00th=[  437], 90.00th=[  457], 95.00th=[  478],
     | 99.00th=[  537], 99.50th=[  578], 99.90th=[  676], 99.95th=[ 4146],
     | 99.99th=[ 4146]
  lat (usec)   : 250=0.10%, 500=96.39%, 750=3.42%
  lat (msec)   : 10=0.10%
  cpu          : usr=4.86%, sys=92.82%, ctx=1, majf=0, minf=269
  IO depths    : 1=100.0%, 2=0.0%, 4=0.0%, 8=0.0%, 16=0.0%, 32=0.0%, >=64=0.0%
     submit    : 0=0.0%, 4=100.0%, 8=0.0%, 16=0.0%, 32=0.0%, 64=0.0%, >=64=0.0%
     complete  : 0=0.0%, 4=100.0%, 8=0.0%, 16=0.0%, 32=0.0%, 64=0.0%, >=64=0.0%
     issued rwts: total=1024,0,0,0 short=0,0,0,0 dropped=0,0,0,0
     latency   : target=0, window=0, percentile=100.00%, depth=1

Run status group 0 (all jobs):
   READ: bw=2365MiB/s (2480MB/s), 2365MiB/s-2365MiB/s (2480MB/s-2480MB/s), io=1024MiB (1074MB), run=433-433msec

Disk stats (read/write):
  vdc: ios=0/0, sectors=0/0, merge=0/0, ticks=0/0, in_queue=0, util=0.00%
