buffered-read: (g=0): rw=read, bs=(R) 1024KiB-1024KiB, (W) 1024KiB-1024KiB, (T) 1024KiB-1024KiB, ioengine=psync, iodepth=1
fio-3.36
Starting 1 process

buffered-read: (groupid=0, jobs=1): err= 0: pid=1239: Sat Aug  9 10:13:59 2025
  read: IOPS=2275, BW=2276MiB/s (2386MB/s)(1024MiB/450msec)
    clat (usec): min=197, max=3312, avg=432.20, stdev=104.62
     lat (usec): min=198, max=3431, avg=432.79, stdev=107.91
    clat percentiles (usec):
     |  1.00th=[  355],  5.00th=[  367], 10.00th=[  379], 20.00th=[  396],
     | 30.00th=[  404], 40.00th=[  412], 50.00th=[  420], 60.00th=[  433],
     | 70.00th=[  441], 80.00th=[  457], 90.00th=[  486], 95.00th=[  523],
     | 99.00th=[  586], 99.50th=[  644], 99.90th=[ 1188], 99.95th=[ 3326],
     | 99.99th=[ 3326]
  lat (usec)   : 250=0.10%, 500=92.19%, 750=7.42%, 1000=0.10%
  lat (msec)   : 2=0.10%, 4=0.10%
  cpu          : usr=2.22%, sys=96.00%, ctx=1, majf=0, minf=269
  IO depths    : 1=100.0%, 2=0.0%, 4=0.0%, 8=0.0%, 16=0.0%, 32=0.0%, >=64=0.0%
     submit    : 0=0.0%, 4=100.0%, 8=0.0%, 16=0.0%, 32=0.0%, 64=0.0%, >=64=0.0%
     complete  : 0=0.0%, 4=100.0%, 8=0.0%, 16=0.0%, 32=0.0%, 64=0.0%, >=64=0.0%
     issued rwts: total=1024,0,0,0 short=0,0,0,0 dropped=0,0,0,0
     latency   : target=0, window=0, percentile=100.00%, depth=1

Run status group 0 (all jobs):
   READ: bw=2276MiB/s (2386MB/s), 2276MiB/s-2276MiB/s (2386MB/s-2386MB/s), io=1024MiB (1074MB), run=450-450msec

Disk stats (read/write):
  vdc: ios=0/0, sectors=0/0, merge=0/0, ticks=0/0, in_queue=0, util=0.00%
