buffered-read: (g=0): rw=read, bs=(R) 1024KiB-1024KiB, (W) 1024KiB-1024KiB, (T) 1024KiB-1024KiB, ioengine=psync, iodepth=1
fio-3.36
Starting 1 process

buffered-read: (groupid=0, jobs=1): err= 0: pid=500: Fri Aug  8 20:54:25 2025
  read: IOPS=2900, BW=2901MiB/s (3042MB/s)(1024MiB/353msec)
    clat (usec): min=201, max=4220, avg=330.03, stdev=147.69
     lat (usec): min=202, max=4330, avg=331.99, stdev=150.21
    clat percentiles (usec):
     |  1.00th=[  227],  5.00th=[  233], 10.00th=[  239], 20.00th=[  245],
     | 30.00th=[  273], 40.00th=[  302], 50.00th=[  310], 60.00th=[  318],
     | 70.00th=[  351], 80.00th=[  388], 90.00th=[  453], 95.00th=[  494],
     | 99.00th=[  586], 99.50th=[  644], 99.90th=[  734], 99.95th=[ 4228],
     | 99.99th=[ 4228]
  lat (usec)   : 250=23.24%, 500=72.56%, 750=4.10%
  lat (msec)   : 10=0.10%
  cpu          : usr=4.83%, sys=70.17%, ctx=137, majf=0, minf=269
  IO depths    : 1=100.0%, 2=0.0%, 4=0.0%, 8=0.0%, 16=0.0%, 32=0.0%, >=64=0.0%
     submit    : 0=0.0%, 4=100.0%, 8=0.0%, 16=0.0%, 32=0.0%, 64=0.0%, >=64=0.0%
     complete  : 0=0.0%, 4=100.0%, 8=0.0%, 16=0.0%, 32=0.0%, 64=0.0%, >=64=0.0%
     issued rwts: total=1024,0,0,0 short=0,0,0,0 dropped=0,0,0,0
     latency   : target=0, window=0, percentile=100.00%, depth=1

Run status group 0 (all jobs):
   READ: bw=2901MiB/s (3042MB/s), 2901MiB/s-2901MiB/s (3042MB/s-3042MB/s), io=1024MiB (1074MB), run=353-353msec

Disk stats (read/write):
  vdc: ios=323/0, sectors=655376/0, merge=0/0, ticks=103/0, in_queue=103, util=39.29%
