buffered-read: (g=0): rw=read, bs=(R) 10.0MiB-10.0MiB, (W) 10.0MiB-10.0MiB, (T) 10.0MiB-10.0MiB, ioengine=psync, iodepth=1
fio-3.36
Starting 1 process

buffered-read: (groupid=0, jobs=1): err= 0: pid=2391: Sat Aug  9 10:15:35 2025
  read: IOPS=188, BW=1882MiB/s (1973MB/s)(1020MiB/542msec)
    clat (usec): min=4295, max=20615, avg=5264.12, stdev=1614.77
     lat (usec): min=4297, max=20732, avg=5266.68, stdev=1625.63
    clat percentiles (usec):
     |  1.00th=[ 4293],  5.00th=[ 4359], 10.00th=[ 4490], 20.00th=[ 4621],
     | 30.00th=[ 4752], 40.00th=[ 4817], 50.00th=[ 5014], 60.00th=[ 5342],
     | 70.00th=[ 5604], 80.00th=[ 5669], 90.00th=[ 5800], 95.00th=[ 5800],
     | 99.00th=[ 5997], 99.50th=[20579], 99.90th=[20579], 99.95th=[20579],
     | 99.99th=[20579]
   bw (  MiB/s): min= 1860, max= 1860, per=98.84%, avg=1860.00, stdev= 0.00, samples=1
   iops        : min=  186, max=  186, avg=186.00, stdev= 0.00, samples=1
  lat (msec)   : 10=99.02%, 50=0.98%
  cpu          : usr=1.85%, sys=96.49%, ctx=1, majf=0, minf=529
  IO depths    : 1=100.0%, 2=0.0%, 4=0.0%, 8=0.0%, 16=0.0%, 32=0.0%, >=64=0.0%
     submit    : 0=0.0%, 4=100.0%, 8=0.0%, 16=0.0%, 32=0.0%, 64=0.0%, >=64=0.0%
     complete  : 0=0.0%, 4=100.0%, 8=0.0%, 16=0.0%, 32=0.0%, 64=0.0%, >=64=0.0%
     issued rwts: total=102,0,0,0 short=0,0,0,0 dropped=0,0,0,0
     latency   : target=0, window=0, percentile=100.00%, depth=1

Run status group 0 (all jobs):
   READ: bw=1882MiB/s (1973MB/s), 1882MiB/s-1882MiB/s (1973MB/s-1973MB/s), io=1020MiB (1070MB), run=542-542msec

Disk stats (read/write):
  vdc: ios=0/0, sectors=0/0, merge=0/0, ticks=0/0, in_queue=0, util=0.00%
