buffered-write: (g=0): rw=write, bs=(R) 4096B-4096B, (W) 4096B-4096B, (T) 4096B-4096B, ioengine=psync, iodepth=1
fio-3.36
Starting 1 process

buffered-write: (groupid=0, jobs=1): err= 0: pid=1316: Tue Aug 12 18:20:18 2025
  write: IOPS=111k, BW=432MiB/s (453MB/s)(1024MiB/2371msec); 0 zone resets
    clat (usec): min=5, max=349, avg= 7.56, stdev= 2.56
     lat (usec): min=6, max=496, avg= 7.78, stdev= 2.72
    clat percentiles (nsec):
     |  1.00th=[ 6816],  5.00th=[ 7072], 10.00th=[ 7136], 20.00th=[ 7200],
     | 30.00th=[ 7264], 40.00th=[ 7328], 50.00th=[ 7392], 60.00th=[ 7392],
     | 70.00th=[ 7456], 80.00th=[ 7584], 90.00th=[ 7712], 95.00th=[ 7904],
     | 99.00th=[10816], 99.50th=[14272], 99.90th=[49920], 99.95th=[57600],
     | 99.99th=[96768]
   bw (  KiB/s): min=436704, max=447992, per=100.00%, avg=442668.75, stdev=6100.34, samples=4
   iops        : min=109176, max=112026, avg=110672.50, stdev=1531.78, samples=4
  lat (usec)   : 10=98.77%, 20=0.99%, 50=0.15%, 100=0.09%, 250=0.01%
  lat (usec)   : 500=0.01%
  cpu          : usr=72.87%, sys=26.29%, ctx=5, majf=0, minf=13
  IO depths    : 1=100.0%, 2=0.0%, 4=0.0%, 8=0.0%, 16=0.0%, 32=0.0%, >=64=0.0%
     submit    : 0=0.0%, 4=100.0%, 8=0.0%, 16=0.0%, 32=0.0%, 64=0.0%, >=64=0.0%
     complete  : 0=0.0%, 4=100.0%, 8=0.0%, 16=0.0%, 32=0.0%, 64=0.0%, >=64=0.0%
     issued rwts: total=0,262144,0,0 short=0,0,0,0 dropped=0,0,0,0
     latency   : target=0, window=0, percentile=100.00%, depth=1

Run status group 0 (all jobs):
  WRITE: bw=432MiB/s (453MB/s), 432MiB/s-432MiB/s (453MB/s-453MB/s), io=1024MiB (1074MB), run=2371-2371msec

Disk stats (read/write):
  vdc: ios=0/0, sectors=0/0, merge=0/0, ticks=0/0, in_queue=0, util=0.00%
