buffered-read: (g=0): rw=read, bs=(R) 1024KiB-1024KiB, (W) 1024KiB-1024KiB, (T) 1024KiB-1024KiB, ioengine=psync, iodepth=1
fio-3.36
Starting 1 process

buffered-read: (groupid=0, jobs=1): err= 0: pid=735: Sat Aug  9 10:13:17 2025
  read: IOPS=2301, BW=2301MiB/s (2413MB/s)(1024MiB/445msec)
    clat (usec): min=176, max=4068, avg=426.07, stdev=120.43
     lat (usec): min=177, max=4185, avg=426.55, stdev=123.89
    clat percentiles (usec):
     |  1.00th=[  367],  5.00th=[  379], 10.00th=[  383], 20.00th=[  396],
     | 30.00th=[  400], 40.00th=[  408], 50.00th=[  416], 60.00th=[  424],
     | 70.00th=[  437], 80.00th=[  449], 90.00th=[  469], 95.00th=[  494],
     | 99.00th=[  545], 99.50th=[  578], 99.90th=[  783], 99.95th=[ 4080],
     | 99.99th=[ 4080]
  lat (usec)   : 250=0.10%, 500=95.41%, 750=4.30%, 1000=0.10%
  lat (msec)   : 10=0.10%
  cpu          : usr=3.82%, sys=93.71%, ctx=1, majf=0, minf=269
  IO depths    : 1=100.0%, 2=0.0%, 4=0.0%, 8=0.0%, 16=0.0%, 32=0.0%, >=64=0.0%
     submit    : 0=0.0%, 4=100.0%, 8=0.0%, 16=0.0%, 32=0.0%, 64=0.0%, >=64=0.0%
     complete  : 0=0.0%, 4=100.0%, 8=0.0%, 16=0.0%, 32=0.0%, 64=0.0%, >=64=0.0%
     issued rwts: total=1024,0,0,0 short=0,0,0,0 dropped=0,0,0,0
     latency   : target=0, window=0, percentile=100.00%, depth=1

Run status group 0 (all jobs):
   READ: bw=2301MiB/s (2413MB/s), 2301MiB/s-2301MiB/s (2413MB/s-2413MB/s), io=1024MiB (1074MB), run=445-445msec

Disk stats (read/write):
  vdc: ios=0/0, sectors=0/0, merge=0/0, ticks=0/0, in_queue=0, util=0.00%
