buffered-read: (g=0): rw=read, bs=(R) 1024KiB-1024KiB, (W) 1024KiB-1024KiB, (T) 1024KiB-1024KiB, ioengine=psync, iodepth=1
fio-3.36
Starting 1 process

buffered-read: (groupid=0, jobs=1): err= 0: pid=471: Sat Aug  9 10:12:57 2025
  read: IOPS=2443, BW=2444MiB/s (2563MB/s)(1024MiB/419msec)
    clat (usec): min=155, max=10410, avg=402.07, stdev=458.66
     lat (usec): min=156, max=10411, avg=402.52, stdev=459.71
    clat percentiles (usec):
     |  1.00th=[  334],  5.00th=[  338], 10.00th=[  343], 20.00th=[  351],
     | 30.00th=[  355], 40.00th=[  359], 50.00th=[  367], 60.00th=[  383],
     | 70.00th=[  396], 80.00th=[  404], 90.00th=[  420], 95.00th=[  453],
     | 99.00th=[  523], 99.50th=[  570], 99.90th=[10028], 99.95th=[10421],
     | 99.99th=[10421]
  lat (usec)   : 250=0.10%, 500=98.54%, 750=1.07%
  lat (msec)   : 10=0.10%, 20=0.20%
  cpu          : usr=7.66%, sys=90.43%, ctx=0, majf=0, minf=269
  IO depths    : 1=100.0%, 2=0.0%, 4=0.0%, 8=0.0%, 16=0.0%, 32=0.0%, >=64=0.0%
     submit    : 0=0.0%, 4=100.0%, 8=0.0%, 16=0.0%, 32=0.0%, 64=0.0%, >=64=0.0%
     complete  : 0=0.0%, 4=100.0%, 8=0.0%, 16=0.0%, 32=0.0%, 64=0.0%, >=64=0.0%
     issued rwts: total=1024,0,0,0 short=0,0,0,0 dropped=0,0,0,0
     latency   : target=0, window=0, percentile=100.00%, depth=1

Run status group 0 (all jobs):
   READ: bw=2444MiB/s (2563MB/s), 2444MiB/s-2444MiB/s (2563MB/s-2563MB/s), io=1024MiB (1074MB), run=419-419msec

Disk stats (read/write):
  vdc: ios=0/0, sectors=0/0, merge=0/0, ticks=0/0, in_queue=0, util=0.00%
