buffered-read: (g=0): rw=read, bs=(R) 10.0MiB-10.0MiB, (W) 10.0MiB-10.0MiB, (T) 10.0MiB-10.0MiB, ioengine=psync, iodepth=1
fio-3.36
Starting 1 process

buffered-read: (groupid=0, jobs=1): err= 0: pid=860: Fri Aug  8 20:54:50 2025
  read: IOPS=324, BW=3248MiB/s (3406MB/s)(1020MiB/314msec)
    clat (usec): min=2597, max=13364, avg=3038.47, stdev=1048.29
     lat (usec): min=2598, max=13472, avg=3040.72, stdev=1058.68
    clat percentiles (usec):
     |  1.00th=[ 2606],  5.00th=[ 2671], 10.00th=[ 2737], 20.00th=[ 2769],
     | 30.00th=[ 2802], 40.00th=[ 2868], 50.00th=[ 2900], 60.00th=[ 2966],
     | 70.00th=[ 3032], 80.00th=[ 3130], 90.00th=[ 3163], 95.00th=[ 3261],
     | 99.00th=[ 3458], 99.50th=[13304], 99.90th=[13304], 99.95th=[13304],
     | 99.99th=[13304]
  lat (msec)   : 4=99.02%, 20=0.98%
  cpu          : usr=1.91%, sys=88.22%, ctx=38, majf=0, minf=528
  IO depths    : 1=100.0%, 2=0.0%, 4=0.0%, 8=0.0%, 16=0.0%, 32=0.0%, >=64=0.0%
     submit    : 0=0.0%, 4=100.0%, 8=0.0%, 16=0.0%, 32=0.0%, 64=0.0%, >=64=0.0%
     complete  : 0=0.0%, 4=100.0%, 8=0.0%, 16=0.0%, 32=0.0%, 64=0.0%, >=64=0.0%
     issued rwts: total=102,0,0,0 short=0,0,0,0 dropped=0,0,0,0
     latency   : target=0, window=0, percentile=100.00%, depth=1

Run status group 0 (all jobs):
   READ: bw=3248MiB/s (3406MB/s), 3248MiB/s-3248MiB/s (3406MB/s-3406MB/s), io=1020MiB (1070MB), run=314-314msec

Disk stats (read/write):
  vdc: ios=89/0, sectors=704528/0, merge=0/0, ticks=63/0, in_queue=63, util=27.15%
