buffered-read: (g=0): rw=read, bs=(R) 10.0MiB-10.0MiB, (W) 10.0MiB-10.0MiB, (T) 10.0MiB-10.0MiB, ioengine=psync, iodepth=1
fio-3.36
Starting 1 process

buffered-read: (groupid=0, jobs=1): err= 0: pid=1695: Sat Aug  9 10:14:35 2025
  read: IOPS=201, BW=2020MiB/s (2118MB/s)(1020MiB/505msec)
    clat (usec): min=3705, max=24248, avg=4901.76, stdev=2001.39
     lat (usec): min=3760, max=24360, avg=4905.11, stdev=2011.58
    clat percentiles (usec):
     |  1.00th=[ 3752],  5.00th=[ 3818], 10.00th=[ 4146], 20.00th=[ 4293],
     | 30.00th=[ 4293], 40.00th=[ 4490], 50.00th=[ 4621], 60.00th=[ 5080],
     | 70.00th=[ 5145], 80.00th=[ 5211], 90.00th=[ 5342], 95.00th=[ 5473],
     | 99.00th=[ 5735], 99.50th=[24249], 99.90th=[24249], 99.95th=[24249],
     | 99.99th=[24249]
   bw (  MiB/s): min= 2020, max= 2020, per=100.00%, avg=2020.00, stdev= 0.00, samples=1
   iops        : min=  202, max=  202, avg=202.00, stdev= 0.00, samples=1
  lat (msec)   : 4=8.82%, 10=90.20%, 50=0.98%
  cpu          : usr=2.18%, sys=95.45%, ctx=1, majf=0, minf=528
  IO depths    : 1=100.0%, 2=0.0%, 4=0.0%, 8=0.0%, 16=0.0%, 32=0.0%, >=64=0.0%
     submit    : 0=0.0%, 4=100.0%, 8=0.0%, 16=0.0%, 32=0.0%, 64=0.0%, >=64=0.0%
     complete  : 0=0.0%, 4=100.0%, 8=0.0%, 16=0.0%, 32=0.0%, 64=0.0%, >=64=0.0%
     issued rwts: total=102,0,0,0 short=0,0,0,0 dropped=0,0,0,0
     latency   : target=0, window=0, percentile=100.00%, depth=1

Run status group 0 (all jobs):
   READ: bw=2020MiB/s (2118MB/s), 2020MiB/s-2020MiB/s (2118MB/s-2118MB/s), io=1020MiB (1070MB), run=505-505msec

Disk stats (read/write):
  vdc: ios=0/0, sectors=0/0, merge=0/0, ticks=0/0, in_queue=0, util=0.00%
