buffered-read: (g=0): rw=read, bs=(R) 1024KiB-1024KiB, (W) 1024KiB-1024KiB, (T) 1024KiB-1024KiB, ioengine=psync, iodepth=1
fio-3.36
Starting 1 process

buffered-read: (groupid=0, jobs=1): err= 0: pid=1095: Sat Aug  9 10:13:46 2025
  read: IOPS=2392, BW=2393MiB/s (2509MB/s)(1024MiB/428msec)
    clat (usec): min=169, max=4075, avg=408.37, stdev=121.19
     lat (usec): min=170, max=4189, avg=409.08, stdev=124.56
    clat percentiles (usec):
     |  1.00th=[  363],  5.00th=[  371], 10.00th=[  375], 20.00th=[  383],
     | 30.00th=[  392], 40.00th=[  392], 50.00th=[  400], 60.00th=[  404],
     | 70.00th=[  408], 80.00th=[  416], 90.00th=[  441], 95.00th=[  469],
     | 99.00th=[  523], 99.50th=[  562], 99.90th=[ 1074], 99.95th=[ 4080],
     | 99.99th=[ 4080]
  lat (usec)   : 250=0.10%, 500=98.05%, 750=1.56%, 1000=0.10%
  lat (msec)   : 2=0.10%, 10=0.10%
  cpu          : usr=6.54%, sys=91.82%, ctx=1, majf=0, minf=269
  IO depths    : 1=100.0%, 2=0.0%, 4=0.0%, 8=0.0%, 16=0.0%, 32=0.0%, >=64=0.0%
     submit    : 0=0.0%, 4=100.0%, 8=0.0%, 16=0.0%, 32=0.0%, 64=0.0%, >=64=0.0%
     complete  : 0=0.0%, 4=100.0%, 8=0.0%, 16=0.0%, 32=0.0%, 64=0.0%, >=64=0.0%
     issued rwts: total=1024,0,0,0 short=0,0,0,0 dropped=0,0,0,0
     latency   : target=0, window=0, percentile=100.00%, depth=1

Run status group 0 (all jobs):
   READ: bw=2393MiB/s (2509MB/s), 2393MiB/s-2393MiB/s (2509MB/s-2509MB/s), io=1024MiB (1074MB), run=428-428msec

Disk stats (read/write):
  vdc: ios=0/0, sectors=0/0, merge=0/0, ticks=0/0, in_queue=0, util=0.00%
