buffered-read: (g=0): rw=read, bs=(R) 128KiB-128KiB, (W) 128KiB-128KiB, (T) 128KiB-128KiB, ioengine=psync, iodepth=1
fio-3.36
Starting 1 process

buffered-read: (groupid=0, jobs=1): err= 0: pid=1820: Fri Aug  8 20:56:21 2025
  read: IOPS=11.9k, BW=1493MiB/s (1565MB/s)(1024MiB/686msec)
    clat (usec): min=25, max=1980, avg=80.09, stdev=68.62
     lat (usec): min=25, max=2096, avg=80.52, stdev=68.96
    clat percentiles (usec):
     |  1.00th=[   27],  5.00th=[   28], 10.00th=[   29], 20.00th=[   30],
     | 30.00th=[   31], 40.00th=[   47], 50.00th=[   55], 60.00th=[   60],
     | 70.00th=[   92], 80.00th=[  124], 90.00th=[  198], 95.00th=[  217],
     | 99.00th=[  277], 99.50th=[  302], 99.90th=[  359], 99.95th=[  383],
     | 99.99th=[ 1975]
   bw (  MiB/s): min= 1499, max= 1499, per=100.00%, avg=1499.50, stdev= 0.00, samples=1
   iops        : min=11998, max=11998, avg=11998.00, stdev= 0.00, samples=1
  lat (usec)   : 50=42.88%, 100=32.30%, 250=23.02%, 500=1.78%
  lat (msec)   : 2=0.01%
  cpu          : usr=3.07%, sys=45.11%, ctx=1444, majf=0, minf=44
  IO depths    : 1=100.0%, 2=0.0%, 4=0.0%, 8=0.0%, 16=0.0%, 32=0.0%, >=64=0.0%
     submit    : 0=0.0%, 4=100.0%, 8=0.0%, 16=0.0%, 32=0.0%, 64=0.0%, >=64=0.0%
     complete  : 0=0.0%, 4=100.0%, 8=0.0%, 16=0.0%, 32=0.0%, 64=0.0%, >=64=0.0%
     issued rwts: total=8192,0,0,0 short=0,0,0,0 dropped=0,0,0,0
     latency   : target=0, window=0, percentile=100.00%, depth=1

Run status group 0 (all jobs):
   READ: bw=1493MiB/s (1565MB/s), 1493MiB/s-1493MiB/s (1565MB/s-1565MB/s), io=1024MiB (1074MB), run=686-686msec

Disk stats (read/write):
  vdc: ios=3683/0, sectors=1884688/0, merge=0/0, ticks=624/0, in_queue=624, util=44.38%
