buffered-read: (g=0): rw=read, bs=(R) 100MiB-100MiB, (W) 100MiB-100MiB, (T) 100MiB-100MiB, ioengine=psync, iodepth=1
fio-3.36
Starting 1 process

buffered-read: (groupid=0, jobs=1): err= 0: pid=3137: Sat Aug  9 10:17:58 2025
  read: IOPS=19, BW=1919MiB/s (2013MB/s)(1000MiB/521msec)
    clat (usec): min=46511, max=82165, avg=51765.12, stdev=11135.95
     lat (usec): min=46516, max=82277, avg=51779.51, stdev=11168.79
    clat percentiles (usec):
     |  1.00th=[46400],  5.00th=[46400], 10.00th=[46400], 20.00th=[46400],
     | 30.00th=[46400], 40.00th=[46924], 50.00th=[46924], 60.00th=[46924],
     | 70.00th=[48497], 80.00th=[50070], 90.00th=[56886], 95.00th=[82314],
     | 99.00th=[82314], 99.50th=[82314], 99.90th=[82314], 99.95th=[82314],
     | 99.99th=[82314]
   bw (  MiB/s): min= 1796, max= 1796, per=93.59%, avg=1796.41, stdev= 0.00, samples=1
   iops        : min=   17, max=   17, avg=17.00, stdev= 0.00, samples=1
  lat (msec)   : 50=80.00%, 100=20.00%
  cpu          : usr=1.34%, sys=97.12%, ctx=1, majf=0, minf=573
  IO depths    : 1=100.0%, 2=0.0%, 4=0.0%, 8=0.0%, 16=0.0%, 32=0.0%, >=64=0.0%
     submit    : 0=0.0%, 4=100.0%, 8=0.0%, 16=0.0%, 32=0.0%, 64=0.0%, >=64=0.0%
     complete  : 0=0.0%, 4=100.0%, 8=0.0%, 16=0.0%, 32=0.0%, 64=0.0%, >=64=0.0%
     issued rwts: total=10,0,0,0 short=0,0,0,0 dropped=0,0,0,0
     latency   : target=0, window=0, percentile=100.00%, depth=1

Run status group 0 (all jobs):
   READ: bw=1919MiB/s (2013MB/s), 1919MiB/s-1919MiB/s (2013MB/s-2013MB/s), io=1000MiB (1049MB), run=521-521msec

Disk stats (read/write):
  vdc: ios=0/0, sectors=0/0, merge=0/0, ticks=0/0, in_queue=0, util=0.00%
