buffered-write: (g=0): rw=write, bs=(R) 100MiB-100MiB, (W) 100MiB-100MiB, (T) 100MiB-100MiB, ioengine=psync, iodepth=1
fio-3.36
Starting 1 process

buffered-write: (groupid=0, jobs=1): err= 0: pid=884: Tue Aug 12 18:19:11 2025
  write: IOPS=25, BW=2517MiB/s (2639MB/s)(1100MiB/437msec); 0 zone resets
    clat (usec): min=29349, max=35461, avg=32108.81, stdev=2109.70
     lat (usec): min=35894, max=45509, avg=39028.16, stdev=2925.43
    clat percentiles (usec):
     |  1.00th=[29230],  5.00th=[29230], 10.00th=[29492], 20.00th=[30016],
     | 30.00th=[31065], 40.00th=[31327], 50.00th=[31851], 60.00th=[32375],
     | 70.00th=[33817], 80.00th=[34341], 90.00th=[34341], 95.00th=[35390],
     | 99.00th=[35390], 99.50th=[35390], 99.90th=[35390], 99.95th=[35390],
     | 99.99th=[35390]
  lat (msec)   : 50=100.00%
  cpu          : usr=16.97%, sys=81.65%, ctx=1, majf=0, minf=12
  IO depths    : 1=100.0%, 2=0.0%, 4=0.0%, 8=0.0%, 16=0.0%, 32=0.0%, >=64=0.0%
     submit    : 0=0.0%, 4=100.0%, 8=0.0%, 16=0.0%, 32=0.0%, 64=0.0%, >=64=0.0%
     complete  : 0=0.0%, 4=100.0%, 8=0.0%, 16=0.0%, 32=0.0%, 64=0.0%, >=64=0.0%
     issued rwts: total=0,11,0,0 short=0,0,0,0 dropped=0,0,0,0
     latency   : target=0, window=0, percentile=100.00%, depth=1

Run status group 0 (all jobs):
  WRITE: bw=2517MiB/s (2639MB/s), 2517MiB/s-2517MiB/s (2639MB/s-2639MB/s), io=1100MiB (1153MB), run=437-437msec

Disk stats (read/write):
  vdc: ios=0/0, sectors=0/0, merge=0/0, ticks=0/0, in_queue=0, util=0.00%
