buffered-write: (g=0): rw=write, bs=(R) 1024MiB-1024MiB, (W) 1024MiB-1024MiB, (T) 1024MiB-1024MiB, ioengine=psync, iodepth=1
fio-3.36
Starting 1 process

buffered-write: (groupid=0, jobs=1): err= 0: pid=546: Tue Aug 12 18:42:04 2025
  write: IOPS=1, BW=1910MiB/s (2003MB/s)(1024MiB/536msec); 0 zone resets
    clat (nsec): min=414946k, max=414946k, avg=414945722.00, stdev= 0.00
     lat (nsec): min=524144k, max=524144k, avg=524144112.00, stdev= 0.00
    clat percentiles (msec):
     |  1.00th=[  414],  5.00th=[  414], 10.00th=[  414], 20.00th=[  414],
     | 30.00th=[  414], 40.00th=[  414], 50.00th=[  414], 60.00th=[  414],
     | 70.00th=[  414], 80.00th=[  414], 90.00th=[  414], 95.00th=[  414],
     | 99.00th=[  414], 99.50th=[  414], 99.90th=[  414], 99.95th=[  414],
     | 99.99th=[  414]
  lat (msec)   : 500=100.00%
  cpu          : usr=20.19%, sys=78.50%, ctx=0, majf=0, minf=12
  IO depths    : 1=100.0%, 2=0.0%, 4=0.0%, 8=0.0%, 16=0.0%, 32=0.0%, >=64=0.0%
     submit    : 0=0.0%, 4=100.0%, 8=0.0%, 16=0.0%, 32=0.0%, 64=0.0%, >=64=0.0%
     complete  : 0=0.0%, 4=100.0%, 8=0.0%, 16=0.0%, 32=0.0%, 64=0.0%, >=64=0.0%
     issued rwts: total=0,1,0,0 short=0,0,0,0 dropped=0,0,0,0
     latency   : target=0, window=0, percentile=100.00%, depth=1

Run status group 0 (all jobs):
  WRITE: bw=1910MiB/s (2003MB/s), 1910MiB/s-1910MiB/s (2003MB/s-2003MB/s), io=1024MiB (1074MB), run=536-536msec

Disk stats (read/write):
  vdc: ios=0/23, sectors=0/192, merge=0/1, ticks=0/20, in_queue=29, util=0.98%
