buffered-write: (g=0): rw=write, bs=(R) 1024KiB-1024KiB, (W) 1024KiB-1024KiB, (T) 1024KiB-1024KiB, ioengine=psync, iodepth=1
fio-3.36
Starting 1 process

buffered-write: (groupid=0, jobs=1): err= 0: pid=498: Tue Aug 12 18:41:58 2025
  write: IOPS=327, BW=328MiB/s (344MB/s)(1024MiB/3122msec); 0 zone resets
    clat (usec): min=258, max=1295, avg=324.61, stdev=64.95
     lat (usec): min=278, max=1508, avg=360.95, stdev=70.63
    clat percentiles (usec):
     |  1.00th=[  281],  5.00th=[  285], 10.00th=[  289], 20.00th=[  293],
     | 30.00th=[  297], 40.00th=[  302], 50.00th=[  306], 60.00th=[  310],
     | 70.00th=[  314], 80.00th=[  330], 90.00th=[  400], 95.00th=[  441],
     | 99.00th=[  545], 99.50th=[  603], 99.90th=[  898], 99.95th=[ 1303],
     | 99.99th=[ 1303]
   bw (  KiB/s): min=298411, max=366592, per=100.00%, avg=336463.00, stdev=27145.36, samples=6
   iops        : min=  291, max=  358, avg=328.33, stdev=26.67, samples=6
  lat (usec)   : 500=97.95%, 750=1.76%, 1000=0.20%
  lat (msec)   : 2=0.10%
  fsync/fdatasync/sync_file_range:
    sync (usec): min=2071, max=33857, avg=2657.25, stdev=1021.51
    sync percentiles (usec):
     |  1.00th=[ 2114],  5.00th=[ 2245], 10.00th=[ 2311], 20.00th=[ 2409],
     | 30.00th=[ 2474], 40.00th=[ 2540], 50.00th=[ 2606], 60.00th=[ 2671],
     | 70.00th=[ 2737], 80.00th=[ 2835], 90.00th=[ 2999], 95.00th=[ 3097],
     | 99.00th=[ 3392], 99.50th=[ 3556], 99.90th=[ 6915], 99.95th=[33817],
     | 99.99th=[33817]
  cpu          : usr=2.02%, sys=12.69%, ctx=3325, majf=0, minf=14
  IO depths    : 1=199.9%, 2=0.0%, 4=0.0%, 8=0.0%, 16=0.0%, 32=0.0%, >=64=0.0%
     submit    : 0=0.0%, 4=100.0%, 8=0.0%, 16=0.0%, 32=0.0%, 64=0.0%, >=64=0.0%
     complete  : 0=0.0%, 4=100.0%, 8=0.0%, 16=0.0%, 32=0.0%, 64=0.0%, >=64=0.0%
     issued rwts: total=0,1024,0,1023 short=0,0,0,0 dropped=0,0,0,0
     latency   : target=0, window=0, percentile=100.00%, depth=1

Run status group 0 (all jobs):
  WRITE: bw=328MiB/s (344MB/s), 328MiB/s-328MiB/s (344MB/s-344MB/s), io=1024MiB (1074MB), run=3122-3122msec

Disk stats (read/write):
  vdc: ios=0/3230, sectors=0/17664, merge=0/0, ticks=0/2565, in_queue=4687, util=74.34%
