buffered-read: (g=0): rw=read, bs=(R) 10.0MiB-10.0MiB, (W) 10.0MiB-10.0MiB, (T) 10.0MiB-10.0MiB, ioengine=psync, iodepth=1
fio-3.36
Starting 1 process

buffered-read: (groupid=0, jobs=1): err= 0: pid=1935: Sat Aug  9 10:14:56 2025
  read: IOPS=207, BW=2077MiB/s (2178MB/s)(1020MiB/491msec)
    clat (usec): min=3991, max=20659, avg=4764.27, stdev=1647.70
     lat (usec): min=3992, max=20770, avg=4766.97, stdev=1658.08
    clat percentiles (usec):
     |  1.00th=[ 4015],  5.00th=[ 4113], 10.00th=[ 4113], 20.00th=[ 4178],
     | 30.00th=[ 4228], 40.00th=[ 4228], 50.00th=[ 4490], 60.00th=[ 4948],
     | 70.00th=[ 5014], 80.00th=[ 5080], 90.00th=[ 5145], 95.00th=[ 5145],
     | 99.00th=[ 5211], 99.50th=[20579], 99.90th=[20579], 99.95th=[20579],
     | 99.99th=[20579]
  lat (msec)   : 4=0.98%, 10=98.04%, 50=0.98%
  cpu          : usr=2.65%, sys=95.31%, ctx=0, majf=0, minf=528
  IO depths    : 1=100.0%, 2=0.0%, 4=0.0%, 8=0.0%, 16=0.0%, 32=0.0%, >=64=0.0%
     submit    : 0=0.0%, 4=100.0%, 8=0.0%, 16=0.0%, 32=0.0%, 64=0.0%, >=64=0.0%
     complete  : 0=0.0%, 4=100.0%, 8=0.0%, 16=0.0%, 32=0.0%, 64=0.0%, >=64=0.0%
     issued rwts: total=102,0,0,0 short=0,0,0,0 dropped=0,0,0,0
     latency   : target=0, window=0, percentile=100.00%, depth=1

Run status group 0 (all jobs):
   READ: bw=2077MiB/s (2178MB/s), 2077MiB/s-2077MiB/s (2178MB/s-2178MB/s), io=1020MiB (1070MB), run=491-491msec

Disk stats (read/write):
  vdc: ios=0/0, sectors=0/0, merge=0/0, ticks=0/0, in_queue=0, util=0.00%
