buffered-write: (g=0): rw=write, bs=(R) 10.0MiB-10.0MiB, (W) 10.0MiB-10.0MiB, (T) 10.0MiB-10.0MiB, ioengine=psync, iodepth=1
fio-3.36
Starting 1 process

buffered-write: (groupid=0, jobs=1): err= 0: pid=740: Tue Aug 12 18:18:58 2025
  write: IOPS=298, BW=2986MiB/s (3131MB/s)(1030MiB/345msec); 0 zone resets
    clat (usec): min=2561, max=4358, avg=2804.37, stdev=206.50
     lat (usec): min=2969, max=5521, avg=3281.20, stdev=294.69
    clat percentiles (usec):
     |  1.00th=[ 2606],  5.00th=[ 2638], 10.00th=[ 2671], 20.00th=[ 2704],
     | 30.00th=[ 2704], 40.00th=[ 2737], 50.00th=[ 2737], 60.00th=[ 2769],
     | 70.00th=[ 2835], 80.00th=[ 2900], 90.00th=[ 2966], 95.00th=[ 3064],
     | 99.00th=[ 3425], 99.50th=[ 4359], 99.90th=[ 4359], 99.95th=[ 4359],
     | 99.99th=[ 4359]
  lat (msec)   : 4=99.03%, 10=0.97%
  cpu          : usr=18.64%, sys=80.51%, ctx=1, majf=0, minf=13
  IO depths    : 1=100.0%, 2=0.0%, 4=0.0%, 8=0.0%, 16=0.0%, 32=0.0%, >=64=0.0%
     submit    : 0=0.0%, 4=100.0%, 8=0.0%, 16=0.0%, 32=0.0%, 64=0.0%, >=64=0.0%
     complete  : 0=0.0%, 4=100.0%, 8=0.0%, 16=0.0%, 32=0.0%, 64=0.0%, >=64=0.0%
     issued rwts: total=0,103,0,0 short=0,0,0,0 dropped=0,0,0,0
     latency   : target=0, window=0, percentile=100.00%, depth=1

Run status group 0 (all jobs):
  WRITE: bw=2986MiB/s (3131MB/s), 2986MiB/s-2986MiB/s (3131MB/s-3131MB/s), io=1030MiB (1080MB), run=345-345msec

Disk stats (read/write):
  vdc: ios=0/0, sectors=0/0, merge=0/0, ticks=0/0, in_queue=0, util=0.00%
