buffered-read: (g=0): rw=read, bs=(R) 1024KiB-1024KiB, (W) 1024KiB-1024KiB, (T) 1024KiB-1024KiB, ioengine=psync, iodepth=1
fio-3.36
Starting 1 process

buffered-read: (groupid=0, jobs=1): err= 0: pid=1455: Sat Aug  9 10:14:16 2025
  read: IOPS=2398, BW=2398MiB/s (2515MB/s)(1024MiB/427msec)
    clat (usec): min=163, max=8818, avg=404.49, stdev=269.31
     lat (usec): min=163, max=8981, avg=405.05, stdev=274.29
    clat percentiles (usec):
     |  1.00th=[  351],  5.00th=[  359], 10.00th=[  367], 20.00th=[  371],
     | 30.00th=[  379], 40.00th=[  383], 50.00th=[  388], 60.00th=[  392],
     | 70.00th=[  396], 80.00th=[  408], 90.00th=[  437], 95.00th=[  465],
     | 99.00th=[  603], 99.50th=[  701], 99.90th=[ 1647], 99.95th=[ 8848],
     | 99.99th=[ 8848]
  lat (usec)   : 250=0.10%, 500=97.75%, 750=1.76%, 1000=0.20%
  lat (msec)   : 2=0.10%, 10=0.10%
  cpu          : usr=2.58%, sys=95.31%, ctx=0, majf=0, minf=269
  IO depths    : 1=100.0%, 2=0.0%, 4=0.0%, 8=0.0%, 16=0.0%, 32=0.0%, >=64=0.0%
     submit    : 0=0.0%, 4=100.0%, 8=0.0%, 16=0.0%, 32=0.0%, 64=0.0%, >=64=0.0%
     complete  : 0=0.0%, 4=100.0%, 8=0.0%, 16=0.0%, 32=0.0%, 64=0.0%, >=64=0.0%
     issued rwts: total=1024,0,0,0 short=0,0,0,0 dropped=0,0,0,0
     latency   : target=0, window=0, percentile=100.00%, depth=1

Run status group 0 (all jobs):
   READ: bw=2398MiB/s (2515MB/s), 2398MiB/s-2398MiB/s (2515MB/s-2515MB/s), io=1024MiB (1074MB), run=427-427msec

Disk stats (read/write):
  vdc: ios=0/0, sectors=0/0, merge=0/0, ticks=0/0, in_queue=0, util=0.00%
