buffered-read: (g=0): rw=read, bs=(R) 128KiB-128KiB, (W) 128KiB-128KiB, (T) 128KiB-128KiB, ioengine=psync, iodepth=1
fio-3.36
Starting 1 process

buffered-read: (groupid=0, jobs=1): err= 0: pid=1628: Fri Aug  8 20:56:04 2025
  read: IOPS=11.3k, BW=1418MiB/s (1487MB/s)(1024MiB/722msec)
    clat (usec): min=24, max=2627, avg=84.19, stdev=74.70
     lat (usec): min=25, max=2937, avg=84.90, stdev=76.03
    clat percentiles (usec):
     |  1.00th=[   27],  5.00th=[   28], 10.00th=[   29], 20.00th=[   30],
     | 30.00th=[   32], 40.00th=[   51], 50.00th=[   58], 60.00th=[   69],
     | 70.00th=[   97], 80.00th=[  128], 90.00th=[  204], 95.00th=[  227],
     | 99.00th=[  293], 99.50th=[  338], 99.90th=[  469], 99.95th=[  515],
     | 99.99th=[ 2638]
   bw (  MiB/s): min= 1443, max= 1443, per=100.00%, avg=1443.11, stdev= 0.00, samples=1
   iops        : min=11548, max=11548, avg=11548.00, stdev= 0.00, samples=1
  lat (usec)   : 50=39.51%, 100=33.17%, 250=24.84%, 500=2.42%, 750=0.05%
  lat (msec)   : 4=0.01%
  cpu          : usr=5.41%, sys=43.97%, ctx=1302, majf=0, minf=44
  IO depths    : 1=100.0%, 2=0.0%, 4=0.0%, 8=0.0%, 16=0.0%, 32=0.0%, >=64=0.0%
     submit    : 0=0.0%, 4=100.0%, 8=0.0%, 16=0.0%, 32=0.0%, 64=0.0%, >=64=0.0%
     complete  : 0=0.0%, 4=100.0%, 8=0.0%, 16=0.0%, 32=0.0%, 64=0.0%, >=64=0.0%
     issued rwts: total=8192,0,0,0 short=0,0,0,0 dropped=0,0,0,0
     latency   : target=0, window=0, percentile=100.00%, depth=1

Run status group 0 (all jobs):
   READ: bw=1418MiB/s (1487MB/s), 1418MiB/s-1418MiB/s (1487MB/s-1487MB/s), io=1024MiB (1074MB), run=722-722msec

Disk stats (read/write):
  vdc: ios=3534/0, sectors=1808400/0, merge=0/0, ticks=615/0, in_queue=615, util=43.41%
