buffered-read: (g=0): rw=read, bs=(R) 100MiB-100MiB, (W) 100MiB-100MiB, (T) 100MiB-100MiB, ioengine=psync, iodepth=1
fio-3.36
Starting 1 process

buffered-read: (groupid=0, jobs=1): err= 0: pid=908: Fri Aug  8 20:54:53 2025
  read: IOPS=32, BW=3257MiB/s (3416MB/s)(1000MiB/307msec)
    clat (usec): min=26646, max=53172, avg=30356.09, stdev=8058.59
     lat (usec): min=26648, max=53282, avg=30369.08, stdev=8092.25
    clat percentiles (usec):
     |  1.00th=[26608],  5.00th=[26608], 10.00th=[26608], 20.00th=[27132],
     | 30.00th=[27132], 40.00th=[27657], 50.00th=[27657], 60.00th=[27919],
     | 70.00th=[28443], 80.00th=[28705], 90.00th=[29230], 95.00th=[53216],
     | 99.00th=[53216], 99.50th=[53216], 99.90th=[53216], 99.95th=[53216],
     | 99.99th=[53216]
  lat (msec)   : 50=90.00%, 100=10.00%
  cpu          : usr=0.00%, sys=89.22%, ctx=33, majf=0, minf=573
  IO depths    : 1=100.0%, 2=0.0%, 4=0.0%, 8=0.0%, 16=0.0%, 32=0.0%, >=64=0.0%
     submit    : 0=0.0%, 4=100.0%, 8=0.0%, 16=0.0%, 32=0.0%, 64=0.0%, >=64=0.0%
     complete  : 0=0.0%, 4=100.0%, 8=0.0%, 16=0.0%, 32=0.0%, 64=0.0%, >=64=0.0%
     issued rwts: total=10,0,0,0 short=0,0,0,0 dropped=0,0,0,0
     latency   : target=0, window=0, percentile=100.00%, depth=1

Run status group 0 (all jobs):
   READ: bw=3257MiB/s (3416MB/s), 3257MiB/s-3257MiB/s (3416MB/s-3416MB/s), io=1000MiB (1049MB), run=307-307msec

Disk stats (read/write):
  vdc: ios=88/0, sectors=679952/0, merge=0/0, ticks=81/0, in_queue=81, util=37.00%
