buffered-write: (g=0): rw=write, bs=(R) 100MiB-100MiB, (W) 100MiB-100MiB, (T) 100MiB-100MiB, ioengine=psync, iodepth=1
fio-3.36
Starting 1 process

buffered-write: (groupid=0, jobs=1): err= 0: pid=530: Tue Aug 12 18:42:01 2025
  write: IOPS=18, BW=1849MiB/s (1939MB/s)(1100MiB/595msec); 0 zone resets
    clat (usec): min=34805, max=46826, avg=39918.50, stdev=4780.14
     lat (usec): min=42537, max=57614, avg=48526.54, stdev=5897.52
    clat percentiles (usec):
     |  1.00th=[34866],  5.00th=[34866], 10.00th=[34866], 20.00th=[35390],
     | 30.00th=[35390], 40.00th=[37487], 50.00th=[38011], 60.00th=[40633],
     | 70.00th=[44303], 80.00th=[44303], 90.00th=[45876], 95.00th=[46924],
     | 99.00th=[46924], 99.50th=[46924], 99.90th=[46924], 99.95th=[46924],
     | 99.99th=[46924]
   bw (  MiB/s): min= 1800, max= 1800, per=97.36%, avg=1800.00, stdev= 0.00, samples=1
   iops        : min=   18, max=   18, avg=18.00, stdev= 0.00, samples=1
  lat (msec)   : 50=100.00%
  fsync/fdatasync/sync_file_range:
    sync (usec): min=4290, max=5884, avg=4946.11, stdev=548.58
    sync percentiles (usec):
     |  1.00th=[ 4293],  5.00th=[ 4293], 10.00th=[ 4293], 20.00th=[ 4424],
     | 30.00th=[ 4555], 40.00th=[ 4686], 50.00th=[ 4686], 60.00th=[ 4817],
     | 70.00th=[ 4948], 80.00th=[ 5538], 90.00th=[ 5669], 95.00th=[ 5866],
     | 99.00th=[ 5866], 99.50th=[ 5866], 99.90th=[ 5866], 99.95th=[ 5866],
     | 99.99th=[ 5866]
  cpu          : usr=16.16%, sys=76.43%, ctx=37, majf=0, minf=13
  IO depths    : 1=190.9%, 2=0.0%, 4=0.0%, 8=0.0%, 16=0.0%, 32=0.0%, >=64=0.0%
     submit    : 0=0.0%, 4=100.0%, 8=0.0%, 16=0.0%, 32=0.0%, 64=0.0%, >=64=0.0%
     complete  : 0=0.0%, 4=100.0%, 8=0.0%, 16=0.0%, 32=0.0%, 64=0.0%, >=64=0.0%
     issued rwts: total=0,11,0,10 short=0,0,0,0 dropped=0,0,0,0
     latency   : target=0, window=0, percentile=100.00%, depth=1

Run status group 0 (all jobs):
  WRITE: bw=1849MiB/s (1939MB/s), 1849MiB/s-1849MiB/s (1939MB/s-1939MB/s), io=1100MiB (1153MB), run=595-595msec

Disk stats (read/write):
  vdc: ios=0/526, sectors=0/4128, merge=0/0, ticks=0/718, in_queue=742, util=7.09%
