buffered-read: (g=0): rw=read, bs=(R) 10.0MiB-10.0MiB, (W) 10.0MiB-10.0MiB, (T) 10.0MiB-10.0MiB, ioengine=psync, iodepth=1
fio-3.36
Starting 1 process

buffered-read: (groupid=0, jobs=1): err= 0: pid=2777: Sat Aug  9 10:17:27 2025
  read: IOPS=210, BW=2107MiB/s (2210MB/s)(1020MiB/484msec)
    clat (usec): min=3730, max=24284, avg=4689.45, stdev=2057.59
     lat (usec): min=3731, max=24401, avg=4692.34, stdev=2068.53
    clat percentiles (usec):
     |  1.00th=[ 3818],  5.00th=[ 3851], 10.00th=[ 3916], 20.00th=[ 3949],
     | 30.00th=[ 4015], 40.00th=[ 4080], 50.00th=[ 4621], 60.00th=[ 4752],
     | 70.00th=[ 4752], 80.00th=[ 4883], 90.00th=[ 4948], 95.00th=[ 5276],
     | 99.00th=[ 8455], 99.50th=[24249], 99.90th=[24249], 99.95th=[24249],
     | 99.99th=[24249]
  lat (msec)   : 4=29.41%, 10=69.61%, 50=0.98%
  cpu          : usr=1.24%, sys=96.89%, ctx=1, majf=0, minf=528
  IO depths    : 1=100.0%, 2=0.0%, 4=0.0%, 8=0.0%, 16=0.0%, 32=0.0%, >=64=0.0%
     submit    : 0=0.0%, 4=100.0%, 8=0.0%, 16=0.0%, 32=0.0%, 64=0.0%, >=64=0.0%
     complete  : 0=0.0%, 4=100.0%, 8=0.0%, 16=0.0%, 32=0.0%, 64=0.0%, >=64=0.0%
     issued rwts: total=102,0,0,0 short=0,0,0,0 dropped=0,0,0,0
     latency   : target=0, window=0, percentile=100.00%, depth=1

Run status group 0 (all jobs):
   READ: bw=2107MiB/s (2210MB/s), 2107MiB/s-2107MiB/s (2210MB/s-2210MB/s), io=1020MiB (1070MB), run=484-484msec

Disk stats (read/write):
  vdc: ios=0/0, sectors=0/0, merge=0/0, ticks=0/0, in_queue=0, util=0.00%
