buffered-read: (g=0): rw=read, bs=(R) 1024KiB-1024KiB, (W) 1024KiB-1024KiB, (T) 1024KiB-1024KiB, ioengine=psync, iodepth=1
fio-3.36
Starting 1 process

buffered-read: (groupid=0, jobs=1): err= 0: pid=548: Fri Aug  8 20:54:28 2025
  read: IOPS=2844, BW=2844MiB/s (2983MB/s)(1024MiB/360msec)
    clat (usec): min=211, max=4209, avg=340.76, stdev=154.95
     lat (usec): min=211, max=4321, avg=342.35, stdev=157.44
    clat percentiles (usec):
     |  1.00th=[  219],  5.00th=[  223], 10.00th=[  229], 20.00th=[  237],
     | 30.00th=[  262], 40.00th=[  293], 50.00th=[  314], 60.00th=[  359],
     | 70.00th=[  392], 80.00th=[  424], 90.00th=[  469], 95.00th=[  510],
     | 99.00th=[  635], 99.50th=[  644], 99.90th=[  709], 99.95th=[ 4228],
     | 99.99th=[ 4228]
  lat (usec)   : 250=26.86%, 500=66.80%, 750=6.25%
  lat (msec)   : 10=0.10%
  cpu          : usr=4.17%, sys=68.06%, ctx=241, majf=0, minf=269
  IO depths    : 1=100.0%, 2=0.0%, 4=0.0%, 8=0.0%, 16=0.0%, 32=0.0%, >=64=0.0%
     submit    : 0=0.0%, 4=100.0%, 8=0.0%, 16=0.0%, 32=0.0%, 64=0.0%, >=64=0.0%
     complete  : 0=0.0%, 4=100.0%, 8=0.0%, 16=0.0%, 32=0.0%, 64=0.0%, >=64=0.0%
     issued rwts: total=1024,0,0,0 short=0,0,0,0 dropped=0,0,0,0
     latency   : target=0, window=0, percentile=100.00%, depth=1

Run status group 0 (all jobs):
   READ: bw=2844MiB/s (2983MB/s), 2844MiB/s-2844MiB/s (2983MB/s-2983MB/s), io=1024MiB (1074MB), run=360-360msec

Disk stats (read/write):
  vdc: ios=315/0, sectors=641040/0, merge=0/0, ticks=93/0, in_queue=93, util=30.09%
