buffered-read: (g=0): rw=read, bs=(R) 10.0MiB-10.0MiB, (W) 10.0MiB-10.0MiB, (T) 10.0MiB-10.0MiB, ioengine=psync, iodepth=1
fio-3.36
Starting 1 process

buffered-read: (groupid=0, jobs=1): err= 0: pid=2007: Sat Aug  9 10:15:02 2025
  read: IOPS=192, BW=1921MiB/s (2014MB/s)(1020MiB/531msec)
    clat (usec): min=4025, max=25122, avg=5144.89, stdev=2085.37
     lat (usec): min=4027, max=25239, avg=5148.18, stdev=2096.31
    clat percentiles (usec):
     |  1.00th=[ 4047],  5.00th=[ 4146], 10.00th=[ 4228], 20.00th=[ 4359],
     | 30.00th=[ 4555], 40.00th=[ 4621], 50.00th=[ 4883], 60.00th=[ 5145],
     | 70.00th=[ 5342], 80.00th=[ 5407], 90.00th=[ 5669], 95.00th=[ 6194],
     | 99.00th=[ 6915], 99.50th=[25035], 99.90th=[25035], 99.95th=[25035],
     | 99.99th=[25035]
   bw (  MiB/s): min= 1920, max= 1920, per=99.95%, avg=1920.00, stdev= 0.00, samples=1
   iops        : min=  192, max=  192, avg=192.00, stdev= 0.00, samples=1
  lat (msec)   : 10=99.02%, 50=0.98%
  cpu          : usr=0.57%, sys=96.60%, ctx=0, majf=0, minf=528
  IO depths    : 1=100.0%, 2=0.0%, 4=0.0%, 8=0.0%, 16=0.0%, 32=0.0%, >=64=0.0%
     submit    : 0=0.0%, 4=100.0%, 8=0.0%, 16=0.0%, 32=0.0%, 64=0.0%, >=64=0.0%
     complete  : 0=0.0%, 4=100.0%, 8=0.0%, 16=0.0%, 32=0.0%, 64=0.0%, >=64=0.0%
     issued rwts: total=102,0,0,0 short=0,0,0,0 dropped=0,0,0,0
     latency   : target=0, window=0, percentile=100.00%, depth=1

Run status group 0 (all jobs):
   READ: bw=1921MiB/s (2014MB/s), 1921MiB/s-1921MiB/s (2014MB/s-2014MB/s), io=1020MiB (1070MB), run=531-531msec

Disk stats (read/write):
  vdc: ios=0/0, sectors=0/0, merge=0/0, ticks=0/0, in_queue=0, util=0.00%
