buffered-read: (g=0): rw=read, bs=(R) 1024KiB-1024KiB, (W) 1024KiB-1024KiB, (T) 1024KiB-1024KiB, ioengine=psync, iodepth=1
fio-3.36
Starting 1 process

buffered-read: (groupid=0, jobs=1): err= 0: pid=596: Fri Aug  8 20:54:32 2025
  read: IOPS=2951, BW=2951MiB/s (3094MB/s)(1024MiB/347msec)
    clat (usec): min=213, max=5008, avg=327.92, stdev=165.81
     lat (usec): min=213, max=5118, avg=329.07, stdev=168.73
    clat percentiles (usec):
     |  1.00th=[  219],  5.00th=[  223], 10.00th=[  229], 20.00th=[  243],
     | 30.00th=[  289], 40.00th=[  297], 50.00th=[  318], 60.00th=[  330],
     | 70.00th=[  351], 80.00th=[  379], 90.00th=[  424], 95.00th=[  469],
     | 99.00th=[  562], 99.50th=[  611], 99.90th=[  766], 99.95th=[ 5014],
     | 99.99th=[ 5014]
  lat (usec)   : 250=21.78%, 500=75.29%, 750=2.73%, 1000=0.10%
  lat (msec)   : 10=0.10%
  cpu          : usr=2.31%, sys=73.49%, ctx=148, majf=0, minf=269
  IO depths    : 1=100.0%, 2=0.0%, 4=0.0%, 8=0.0%, 16=0.0%, 32=0.0%, >=64=0.0%
     submit    : 0=0.0%, 4=100.0%, 8=0.0%, 16=0.0%, 32=0.0%, 64=0.0%, >=64=0.0%
     complete  : 0=0.0%, 4=100.0%, 8=0.0%, 16=0.0%, 32=0.0%, 64=0.0%, >=64=0.0%
     issued rwts: total=1024,0,0,0 short=0,0,0,0 dropped=0,0,0,0
     latency   : target=0, window=0, percentile=100.00%, depth=1

Run status group 0 (all jobs):
   READ: bw=2951MiB/s (3094MB/s), 2951MiB/s-2951MiB/s (3094MB/s-3094MB/s), io=1024MiB (1074MB), run=347-347msec

Disk stats (read/write):
  vdc: ios=328/0, sectors=667664/0, merge=0/0, ticks=110/0, in_queue=110, util=40.89%
