buffered-write: (g=0): rw=write, bs=(R) 4096B-4096B, (W) 4096B-4096B, (T) 4096B-4096B, ioengine=psync, iodepth=1
fio-3.36
Starting 1 process

buffered-write: (groupid=0, jobs=1): err= 0: pid=1236: Tue Aug 12 18:20:01 2025
  write: IOPS=111k, BW=434MiB/s (456MB/s)(1024MiB/2357msec); 0 zone resets
    clat (usec): min=5, max=319, avg= 7.48, stdev= 2.75
     lat (usec): min=5, max=462, avg= 7.72, stdev= 2.88
    clat percentiles (usec):
     |  1.00th=[    7],  5.00th=[    7], 10.00th=[    8], 20.00th=[    8],
     | 30.00th=[    8], 40.00th=[    8], 50.00th=[    8], 60.00th=[    8],
     | 70.00th=[    8], 80.00th=[    8], 90.00th=[    8], 95.00th=[    8],
     | 99.00th=[   11], 99.50th=[   16], 99.90th=[   54], 99.95th=[   65],
     | 99.99th=[  104]
   bw (  KiB/s): min=438459, max=452568, per=100.00%, avg=445784.75, stdev=6568.62, samples=4
   iops        : min=109612, max=113148, avg=111454.00, stdev=1640.99, samples=4
  lat (usec)   : 10=98.88%, 20=0.85%, 50=0.14%, 100=0.11%, 250=0.01%
  lat (usec)   : 500=0.01%
  cpu          : usr=72.89%, sys=26.22%, ctx=4, majf=0, minf=13
  IO depths    : 1=100.0%, 2=0.0%, 4=0.0%, 8=0.0%, 16=0.0%, 32=0.0%, >=64=0.0%
     submit    : 0=0.0%, 4=100.0%, 8=0.0%, 16=0.0%, 32=0.0%, 64=0.0%, >=64=0.0%
     complete  : 0=0.0%, 4=100.0%, 8=0.0%, 16=0.0%, 32=0.0%, 64=0.0%, >=64=0.0%
     issued rwts: total=0,262144,0,0 short=0,0,0,0 dropped=0,0,0,0
     latency   : target=0, window=0, percentile=100.00%, depth=1

Run status group 0 (all jobs):
  WRITE: bw=434MiB/s (456MB/s), 434MiB/s-434MiB/s (456MB/s-456MB/s), io=1024MiB (1074MB), run=2357-2357msec

Disk stats (read/write):
  vdc: ios=0/0, sectors=0/0, merge=0/0, ticks=0/0, in_queue=0, util=0.00%
