buffered-read: (g=0): rw=read, bs=(R) 1024KiB-1024KiB, (W) 1024KiB-1024KiB, (T) 1024KiB-1024KiB, ioengine=psync, iodepth=1
fio-3.36
Starting 1 process

buffered-read: (groupid=0, jobs=1): err= 0: pid=403: Fri Aug  8 20:54:19 2025
  read: IOPS=1698, BW=1698MiB/s (1781MB/s)(1024MiB/603msec)
    clat (usec): min=231, max=24712, avg=577.43, stdev=824.61
     lat (usec): min=232, max=24830, avg=578.40, stdev=827.95
    clat percentiles (usec):
     |  1.00th=[  241],  5.00th=[  260], 10.00th=[  277], 20.00th=[  330],
     | 30.00th=[  383], 40.00th=[  416], 50.00th=[  469], 60.00th=[  519],
     | 70.00th=[  586], 80.00th=[  693], 90.00th=[  979], 95.00th=[ 1205],
     | 99.00th=[ 1631], 99.50th=[ 1909], 99.90th=[ 5080], 99.95th=[24773],
     | 99.99th=[24773]
   bw (  MiB/s): min= 1718, max= 1718, per=100.00%, avg=1718.00, stdev= 0.00, samples=1
   iops        : min= 1718, max= 1718, avg=1718.00, stdev= 0.00, samples=1
  lat (usec)   : 250=2.54%, 500=52.64%, 750=28.32%, 1000=7.32%
  lat (msec)   : 2=8.79%, 4=0.20%, 10=0.10%, 50=0.10%
  cpu          : usr=2.82%, sys=43.95%, ctx=749, majf=0, minf=269
  IO depths    : 1=100.0%, 2=0.0%, 4=0.0%, 8=0.0%, 16=0.0%, 32=0.0%, >=64=0.0%
     submit    : 0=0.0%, 4=100.0%, 8=0.0%, 16=0.0%, 32=0.0%, 64=0.0%, >=64=0.0%
     complete  : 0=0.0%, 4=100.0%, 8=0.0%, 16=0.0%, 32=0.0%, 64=0.0%, >=64=0.0%
     issued rwts: total=1024,0,0,0 short=0,0,0,0 dropped=0,0,0,0
     latency   : target=0, window=0, percentile=100.00%, depth=1

Run status group 0 (all jobs):
   READ: bw=1698MiB/s (1781MB/s), 1698MiB/s-1698MiB/s (1781MB/s-1781MB/s), io=1024MiB (1074MB), run=603-603msec

Disk stats (read/write):
  vdc: ios=605/0, sectors=1234960/0, merge=0/0, ticks=469/0, in_queue=469, util=63.16%
