buffered-write: (g=0): rw=write, bs=(R) 10.0MiB-10.0MiB, (W) 10.0MiB-10.0MiB, (T) 10.0MiB-10.0MiB, ioengine=psync, iodepth=1
fio-3.36
Starting 1 process

buffered-write: (groupid=0, jobs=1): err= 0: pid=772: Tue Aug 12 18:19:01 2025
  write: IOPS=284, BW=2845MiB/s (2984MB/s)(1030MiB/362msec); 0 zone resets
    clat (usec): min=2677, max=4661, avg=2896.78, stdev=246.21
     lat (usec): min=3098, max=5926, avg=3351.29, stdev=310.45
    clat percentiles (usec):
     |  1.00th=[ 2671],  5.00th=[ 2704], 10.00th=[ 2704], 20.00th=[ 2737],
     | 30.00th=[ 2769], 40.00th=[ 2769], 50.00th=[ 2835], 60.00th=[ 2900],
     | 70.00th=[ 2966], 80.00th=[ 3032], 90.00th=[ 3130], 95.00th=[ 3228],
     | 99.00th=[ 3621], 99.50th=[ 4686], 99.90th=[ 4686], 99.95th=[ 4686],
     | 99.99th=[ 4686]
  lat (msec)   : 4=99.03%, 10=0.97%
  cpu          : usr=16.57%, sys=82.32%, ctx=3, majf=0, minf=14
  IO depths    : 1=100.0%, 2=0.0%, 4=0.0%, 8=0.0%, 16=0.0%, 32=0.0%, >=64=0.0%
     submit    : 0=0.0%, 4=100.0%, 8=0.0%, 16=0.0%, 32=0.0%, 64=0.0%, >=64=0.0%
     complete  : 0=0.0%, 4=100.0%, 8=0.0%, 16=0.0%, 32=0.0%, 64=0.0%, >=64=0.0%
     issued rwts: total=0,103,0,0 short=0,0,0,0 dropped=0,0,0,0
     latency   : target=0, window=0, percentile=100.00%, depth=1

Run status group 0 (all jobs):
  WRITE: bw=2845MiB/s (2984MB/s), 2845MiB/s-2845MiB/s (2984MB/s-2984MB/s), io=1030MiB (1080MB), run=362-362msec

Disk stats (read/write):
  vdc: ios=0/0, sectors=0/0, merge=0/0, ticks=0/0, in_queue=0, util=0.00%
