buffered-read: (g=0): rw=read, bs=(R) 1024KiB-1024KiB, (W) 1024KiB-1024KiB, (T) 1024KiB-1024KiB, ioengine=psync, iodepth=1
fio-3.36
Starting 1 process

buffered-read: (groupid=0, jobs=1): err= 0: pid=1119: Sat Aug  9 10:13:48 2025
  read: IOPS=2255, BW=2256MiB/s (2365MB/s)(1024MiB/454msec)
    clat (usec): min=170, max=5284, avg=435.30, stdev=161.15
     lat (usec): min=171, max=5398, avg=435.77, stdev=164.52
    clat percentiles (usec):
     |  1.00th=[  371],  5.00th=[  379], 10.00th=[  388], 20.00th=[  396],
     | 30.00th=[  400], 40.00th=[  408], 50.00th=[  416], 60.00th=[  424],
     | 70.00th=[  441], 80.00th=[  461], 90.00th=[  502], 95.00th=[  529],
     | 99.00th=[  611], 99.50th=[  676], 99.90th=[ 1188], 99.95th=[ 5276],
     | 99.99th=[ 5276]
  lat (usec)   : 250=0.10%, 500=89.84%, 750=9.86%
  lat (msec)   : 2=0.10%, 10=0.10%
  cpu          : usr=2.86%, sys=94.71%, ctx=2, majf=0, minf=269
  IO depths    : 1=100.0%, 2=0.0%, 4=0.0%, 8=0.0%, 16=0.0%, 32=0.0%, >=64=0.0%
     submit    : 0=0.0%, 4=100.0%, 8=0.0%, 16=0.0%, 32=0.0%, 64=0.0%, >=64=0.0%
     complete  : 0=0.0%, 4=100.0%, 8=0.0%, 16=0.0%, 32=0.0%, 64=0.0%, >=64=0.0%
     issued rwts: total=1024,0,0,0 short=0,0,0,0 dropped=0,0,0,0
     latency   : target=0, window=0, percentile=100.00%, depth=1

Run status group 0 (all jobs):
   READ: bw=2256MiB/s (2365MB/s), 2256MiB/s-2256MiB/s (2365MB/s-2365MB/s), io=1024MiB (1074MB), run=454-454msec

Disk stats (read/write):
  vdc: ios=0/0, sectors=0/0, merge=0/0, ticks=0/0, in_queue=0, util=0.00%
