buffered-read: (g=0): rw=read, bs=(R) 10.0MiB-10.0MiB, (W) 10.0MiB-10.0MiB, (T) 10.0MiB-10.0MiB, ioengine=psync, iodepth=1
fio-3.36
Starting 1 process

buffered-read: (groupid=0, jobs=1): err= 0: pid=1983: Sat Aug  9 10:15:00 2025
  read: IOPS=208, BW=2082MiB/s (2183MB/s)(1020MiB/490msec)
    clat (usec): min=3908, max=16705, avg=4749.06, stdev=1277.99
     lat (usec): min=3909, max=16818, avg=4751.48, stdev=1288.32
    clat percentiles (usec):
     |  1.00th=[ 3982],  5.00th=[ 4047], 10.00th=[ 4113], 20.00th=[ 4178],
     | 30.00th=[ 4228], 40.00th=[ 4293], 50.00th=[ 4490], 60.00th=[ 4948],
     | 70.00th=[ 5080], 80.00th=[ 5080], 90.00th=[ 5211], 95.00th=[ 5276],
     | 99.00th=[ 5342], 99.50th=[16712], 99.90th=[16712], 99.95th=[16712],
     | 99.99th=[16712]
  lat (msec)   : 4=1.96%, 10=97.06%, 20=0.98%
  cpu          : usr=0.61%, sys=97.14%, ctx=0, majf=0, minf=528
  IO depths    : 1=100.0%, 2=0.0%, 4=0.0%, 8=0.0%, 16=0.0%, 32=0.0%, >=64=0.0%
     submit    : 0=0.0%, 4=100.0%, 8=0.0%, 16=0.0%, 32=0.0%, 64=0.0%, >=64=0.0%
     complete  : 0=0.0%, 4=100.0%, 8=0.0%, 16=0.0%, 32=0.0%, 64=0.0%, >=64=0.0%
     issued rwts: total=102,0,0,0 short=0,0,0,0 dropped=0,0,0,0
     latency   : target=0, window=0, percentile=100.00%, depth=1

Run status group 0 (all jobs):
   READ: bw=2082MiB/s (2183MB/s), 2082MiB/s-2082MiB/s (2183MB/s-2183MB/s), io=1020MiB (1070MB), run=490-490msec

Disk stats (read/write):
  vdc: ios=0/0, sectors=0/0, merge=0/0, ticks=0/0, in_queue=0, util=0.00%
