buffered-read: (g=0): rw=read, bs=(R) 10.0MiB-10.0MiB, (W) 10.0MiB-10.0MiB, (T) 10.0MiB-10.0MiB, ioengine=psync, iodepth=1
fio-3.36
Starting 1 process

buffered-read: (groupid=0, jobs=1): err= 0: pid=2897: Sat Aug  9 10:17:37 2025
  read: IOPS=190, BW=1903MiB/s (1995MB/s)(1020MiB/536msec)
    clat (usec): min=4121, max=24656, avg=5201.17, stdev=2006.70
     lat (usec): min=4123, max=24768, avg=5203.87, stdev=2017.31
    clat percentiles (usec):
     |  1.00th=[ 4293],  5.00th=[ 4359], 10.00th=[ 4424], 20.00th=[ 4490],
     | 30.00th=[ 4555], 40.00th=[ 4621], 50.00th=[ 5145], 60.00th=[ 5342],
     | 70.00th=[ 5407], 80.00th=[ 5473], 90.00th=[ 5604], 95.00th=[ 5735],
     | 99.00th=[ 6128], 99.50th=[24773], 99.90th=[24773], 99.95th=[24773],
     | 99.99th=[24773]
   bw (  MiB/s): min= 1896, max= 1896, per=99.64%, avg=1896.21, stdev= 0.00, samples=1
   iops        : min=  189, max=  189, avg=189.00, stdev= 0.00, samples=1
  lat (msec)   : 10=99.02%, 50=0.98%
  cpu          : usr=0.93%, sys=97.20%, ctx=1, majf=0, minf=528
  IO depths    : 1=100.0%, 2=0.0%, 4=0.0%, 8=0.0%, 16=0.0%, 32=0.0%, >=64=0.0%
     submit    : 0=0.0%, 4=100.0%, 8=0.0%, 16=0.0%, 32=0.0%, 64=0.0%, >=64=0.0%
     complete  : 0=0.0%, 4=100.0%, 8=0.0%, 16=0.0%, 32=0.0%, 64=0.0%, >=64=0.0%
     issued rwts: total=102,0,0,0 short=0,0,0,0 dropped=0,0,0,0
     latency   : target=0, window=0, percentile=100.00%, depth=1

Run status group 0 (all jobs):
   READ: bw=1903MiB/s (1995MB/s), 1903MiB/s-1903MiB/s (1995MB/s-1995MB/s), io=1020MiB (1070MB), run=536-536msec

Disk stats (read/write):
  vdc: ios=0/0, sectors=0/0, merge=0/0, ticks=0/0, in_queue=0, util=0.00%
