buffered-write: (g=0): rw=write, bs=(R) 1024KiB-1024KiB, (W) 1024KiB-1024KiB, (T) 1024KiB-1024KiB, ioengine=psync, iodepth=1
fio-3.36
Starting 1 process

buffered-write: (groupid=0, jobs=1): err= 0: pid=419: Wed Aug 13 10:36:23 2025
  write: IOPS=220, BW=221MiB/s (231MB/s)(1024MiB/4643msec); 0 zone resets
    clat (usec): min=281, max=5730, avg=1781.15, stdev=1431.67
     lat (usec): min=300, max=5950, avg=1816.99, stdev=1433.79
    clat percentiles (usec):
     |  1.00th=[  289],  5.00th=[  297], 10.00th=[  302], 20.00th=[  310],
     | 30.00th=[  326], 40.00th=[  379], 50.00th=[ 2573], 60.00th=[ 2999],
     | 70.00th=[ 3097], 80.00th=[ 3228], 90.00th=[ 3359], 95.00th=[ 3458],
     | 99.00th=[ 3752], 99.50th=[ 3916], 99.90th=[ 4555], 99.95th=[ 5735],
     | 99.99th=[ 5735]
   bw (  KiB/s): min=165556, max=335872, per=100.00%, avg=227219.33, stdev=71592.82, samples=9
   iops        : min=  161, max=  328, avg=221.78, stdev=69.93, samples=9
  lat (usec)   : 500=47.95%, 750=1.17%, 1000=0.10%
  lat (msec)   : 4=50.49%, 10=0.29%
  fsync/fdatasync/sync_file_range:
    sync (usec): min=2044, max=6816, avg=2697.99, stdev=296.59
    sync percentiles (usec):
     |  1.00th=[ 2180],  5.00th=[ 2311], 10.00th=[ 2409], 20.00th=[ 2474],
     | 30.00th=[ 2540], 40.00th=[ 2606], 50.00th=[ 2671], 60.00th=[ 2737],
     | 70.00th=[ 2802], 80.00th=[ 2900], 90.00th=[ 2999], 95.00th=[ 3097],
     | 99.00th=[ 3425], 99.50th=[ 3621], 99.90th=[ 5800], 99.95th=[ 6849],
     | 99.99th=[ 6849]
  cpu          : usr=0.75%, sys=40.76%, ctx=3396, majf=0, minf=15
  IO depths    : 1=199.9%, 2=0.0%, 4=0.0%, 8=0.0%, 16=0.0%, 32=0.0%, >=64=0.0%
     submit    : 0=0.0%, 4=100.0%, 8=0.0%, 16=0.0%, 32=0.0%, 64=0.0%, >=64=0.0%
     complete  : 0=0.0%, 4=100.0%, 8=0.0%, 16=0.0%, 32=0.0%, 64=0.0%, >=64=0.0%
     issued rwts: total=0,1024,0,1023 short=0,0,0,0 dropped=0,0,0,0
     latency   : target=0, window=0, percentile=100.00%, depth=1

Run status group 0 (all jobs):
  WRITE: bw=221MiB/s (231MB/s), 221MiB/s-221MiB/s (231MB/s-231MB/s), io=1024MiB (1074MB), run=4643-4643msec

Disk stats (read/write):
  vdc: ios=1/2873, sectors=8/14864, merge=0/0, ticks=0/2537, in_queue=4639, util=51.50%
