buffered-read: (g=0): rw=read, bs=(R) 1024KiB-1024KiB, (W) 1024KiB-1024KiB, (T) 1024KiB-1024KiB, ioengine=psync, iodepth=1
fio-3.36
Starting 1 process

buffered-read: (groupid=0, jobs=1): err= 0: pid=1023: Sat Aug  9 10:13:41 2025
  read: IOPS=2230, BW=2231MiB/s (2339MB/s)(1024MiB/459msec)
    clat (usec): min=169, max=5217, avg=439.09, stdev=160.61
     lat (usec): min=169, max=5331, avg=439.97, stdev=164.00
    clat percentiles (usec):
     |  1.00th=[  363],  5.00th=[  379], 10.00th=[  392], 20.00th=[  400],
     | 30.00th=[  404], 40.00th=[  412], 50.00th=[  420], 60.00th=[  429],
     | 70.00th=[  445], 80.00th=[  461], 90.00th=[  502], 95.00th=[  545],
     | 99.00th=[  635], 99.50th=[  652], 99.90th=[ 1270], 99.95th=[ 5211],
     | 99.99th=[ 5211]
  lat (usec)   : 250=0.10%, 500=89.94%, 750=9.67%, 1000=0.10%
  lat (msec)   : 2=0.10%, 10=0.10%
  cpu          : usr=5.88%, sys=91.29%, ctx=0, majf=0, minf=269
  IO depths    : 1=100.0%, 2=0.0%, 4=0.0%, 8=0.0%, 16=0.0%, 32=0.0%, >=64=0.0%
     submit    : 0=0.0%, 4=100.0%, 8=0.0%, 16=0.0%, 32=0.0%, 64=0.0%, >=64=0.0%
     complete  : 0=0.0%, 4=100.0%, 8=0.0%, 16=0.0%, 32=0.0%, 64=0.0%, >=64=0.0%
     issued rwts: total=1024,0,0,0 short=0,0,0,0 dropped=0,0,0,0
     latency   : target=0, window=0, percentile=100.00%, depth=1

Run status group 0 (all jobs):
   READ: bw=2231MiB/s (2339MB/s), 2231MiB/s-2231MiB/s (2339MB/s-2339MB/s), io=1024MiB (1074MB), run=459-459msec

Disk stats (read/write):
  vdc: ios=0/0, sectors=0/0, merge=0/0, ticks=0/0, in_queue=0, util=0.00%
