buffered-read: (g=0): rw=read, bs=(R) 10.0MiB-10.0MiB, (W) 10.0MiB-10.0MiB, (T) 10.0MiB-10.0MiB, ioengine=psync, iodepth=1
fio-3.36
Starting 1 process

buffered-read: (groupid=0, jobs=1): err= 0: pid=2439: Sat Aug  9 10:15:38 2025
  read: IOPS=165, BW=1656MiB/s (1736MB/s)(1020MiB/616msec)
    clat (usec): min=4187, max=24617, avg=5969.99, stdev=2067.65
     lat (usec): min=4188, max=24782, avg=5973.62, stdev=2082.34
    clat percentiles (usec):
     |  1.00th=[ 4359],  5.00th=[ 4621], 10.00th=[ 4752], 20.00th=[ 5080],
     | 30.00th=[ 5276], 40.00th=[ 5473], 50.00th=[ 5669], 60.00th=[ 5997],
     | 70.00th=[ 6194], 80.00th=[ 6456], 90.00th=[ 6980], 95.00th=[ 7111],
     | 99.00th=[ 9634], 99.50th=[24511], 99.90th=[24511], 99.95th=[24511],
     | 99.99th=[24511]
   bw (  MiB/s): min= 1636, max= 1636, per=98.85%, avg=1636.73, stdev= 0.00, samples=1
   iops        : min=  163, max=  163, avg=163.00, stdev= 0.00, samples=1
  lat (msec)   : 10=99.02%, 50=0.98%
  cpu          : usr=2.76%, sys=95.12%, ctx=1, majf=0, minf=528
  IO depths    : 1=100.0%, 2=0.0%, 4=0.0%, 8=0.0%, 16=0.0%, 32=0.0%, >=64=0.0%
     submit    : 0=0.0%, 4=100.0%, 8=0.0%, 16=0.0%, 32=0.0%, 64=0.0%, >=64=0.0%
     complete  : 0=0.0%, 4=100.0%, 8=0.0%, 16=0.0%, 32=0.0%, 64=0.0%, >=64=0.0%
     issued rwts: total=102,0,0,0 short=0,0,0,0 dropped=0,0,0,0
     latency   : target=0, window=0, percentile=100.00%, depth=1

Run status group 0 (all jobs):
   READ: bw=1656MiB/s (1736MB/s), 1656MiB/s-1656MiB/s (1736MB/s-1736MB/s), io=1020MiB (1070MB), run=616-616msec

Disk stats (read/write):
  vdc: ios=0/0, sectors=0/0, merge=0/0, ticks=0/0, in_queue=0, util=0.00%
