buffered-read: (g=0): rw=read, bs=(R) 10.0MiB-10.0MiB, (W) 10.0MiB-10.0MiB, (T) 10.0MiB-10.0MiB, ioengine=psync, iodepth=1
fio-3.36
Starting 1 process

buffered-read: (groupid=0, jobs=1): err= 0: pid=2127: Sat Aug  9 10:15:13 2025
  read: IOPS=209, BW=2094MiB/s (2196MB/s)(1020MiB/487msec)
    clat (usec): min=3893, max=18931, avg=4715.38, stdev=1489.46
     lat (usec): min=3895, max=19048, avg=4717.95, stdev=1500.34
    clat percentiles (usec):
     |  1.00th=[ 3916],  5.00th=[ 4047], 10.00th=[ 4080], 20.00th=[ 4113],
     | 30.00th=[ 4178], 40.00th=[ 4228], 50.00th=[ 4359], 60.00th=[ 4948],
     | 70.00th=[ 4948], 80.00th=[ 5014], 90.00th=[ 5080], 95.00th=[ 5211],
     | 99.00th=[ 5276], 99.50th=[19006], 99.90th=[19006], 99.95th=[19006],
     | 99.99th=[19006]
  lat (msec)   : 4=1.96%, 10=97.06%, 20=0.98%
  cpu          : usr=0.00%, sys=98.15%, ctx=1, majf=0, minf=528
  IO depths    : 1=100.0%, 2=0.0%, 4=0.0%, 8=0.0%, 16=0.0%, 32=0.0%, >=64=0.0%
     submit    : 0=0.0%, 4=100.0%, 8=0.0%, 16=0.0%, 32=0.0%, 64=0.0%, >=64=0.0%
     complete  : 0=0.0%, 4=100.0%, 8=0.0%, 16=0.0%, 32=0.0%, 64=0.0%, >=64=0.0%
     issued rwts: total=102,0,0,0 short=0,0,0,0 dropped=0,0,0,0
     latency   : target=0, window=0, percentile=100.00%, depth=1

Run status group 0 (all jobs):
   READ: bw=2094MiB/s (2196MB/s), 2094MiB/s-2094MiB/s (2196MB/s-2196MB/s), io=1020MiB (1070MB), run=487-487msec

Disk stats (read/write):
  vdc: ios=0/0, sectors=0/0, merge=0/0, ticks=0/0, in_queue=0, util=0.00%
