buffered-write: (g=0): rw=write, bs=(R) 128KiB-128KiB, (W) 128KiB-128KiB, (T) 128KiB-128KiB, ioengine=psync, iodepth=1
fio-3.36
Starting 1 process

buffered-write: (groupid=0, jobs=1): err= 0: pid=1460: Tue Aug 12 18:20:29 2025
  write: IOPS=24.8k, BW=3103MiB/s (3254MB/s)(1024MiB/330msec); 0 zone resets
    clat (usec): min=30, max=370, avg=35.54, stdev= 8.16
     lat (usec): min=33, max=535, avg=37.58, stdev= 9.25
    clat percentiles (usec):
     |  1.00th=[   32],  5.00th=[   32], 10.00th=[   33], 20.00th=[   34],
     | 30.00th=[   35], 40.00th=[   35], 50.00th=[   35], 60.00th=[   35],
     | 70.00th=[   36], 80.00th=[   36], 90.00th=[   38], 95.00th=[   39],
     | 99.00th=[   67], 99.50th=[   92], 99.90th=[  123], 99.95th=[  155],
     | 99.99th=[  371]
  lat (usec)   : 50=98.00%, 100=1.75%, 250=0.24%, 500=0.01%
  cpu          : usr=24.62%, sys=73.56%, ctx=3, majf=0, minf=12
  IO depths    : 1=100.0%, 2=0.0%, 4=0.0%, 8=0.0%, 16=0.0%, 32=0.0%, >=64=0.0%
     submit    : 0=0.0%, 4=100.0%, 8=0.0%, 16=0.0%, 32=0.0%, 64=0.0%, >=64=0.0%
     complete  : 0=0.0%, 4=100.0%, 8=0.0%, 16=0.0%, 32=0.0%, 64=0.0%, >=64=0.0%
     issued rwts: total=0,8192,0,0 short=0,0,0,0 dropped=0,0,0,0
     latency   : target=0, window=0, percentile=100.00%, depth=1

Run status group 0 (all jobs):
  WRITE: bw=3103MiB/s (3254MB/s), 3103MiB/s-3103MiB/s (3254MB/s-3254MB/s), io=1024MiB (1074MB), run=330-330msec

Disk stats (read/write):
  vdc: ios=0/0, sectors=0/0, merge=0/0, ticks=0/0, in_queue=0, util=0.00%
