buffered-write: (g=0): rw=write, bs=(R) 4096B-4096B, (W) 4096B-4096B, (T) 4096B-4096B, ioengine=psync, iodepth=1
fio-3.36
Starting 1 process

buffered-write: (groupid=0, jobs=1): err= 0: pid=1268: Tue Aug 12 18:20:08 2025
  write: IOPS=95.0k, BW=371MiB/s (389MB/s)(1024MiB/2758msec); 0 zone resets
    clat (usec): min=7, max=9567, avg= 8.78, stdev=19.95
     lat (usec): min=7, max=9568, avg= 9.03, stdev=20.09
    clat percentiles (usec):
     |  1.00th=[    8],  5.00th=[    8], 10.00th=[    9], 20.00th=[    9],
     | 30.00th=[    9], 40.00th=[    9], 50.00th=[    9], 60.00th=[    9],
     | 70.00th=[    9], 80.00th=[    9], 90.00th=[   10], 95.00th=[   10],
     | 99.00th=[   13], 99.50th=[   19], 99.90th=[   67], 99.95th=[   89],
     | 99.99th=[  147]
   bw (  KiB/s): min=358411, max=393072, per=99.69%, avg=379033.80, stdev=17807.60, samples=5
   iops        : min=89620, max=98268, avg=94761.80, stdev=4447.04, samples=5
  lat (usec)   : 10=97.18%, 20=2.41%, 50=0.20%, 100=0.17%, 250=0.03%
  lat (usec)   : 500=0.01%
  lat (msec)   : 4=0.01%, 10=0.01%
  cpu          : usr=82.02%, sys=16.68%, ctx=5, majf=0, minf=14
  IO depths    : 1=100.0%, 2=0.0%, 4=0.0%, 8=0.0%, 16=0.0%, 32=0.0%, >=64=0.0%
     submit    : 0=0.0%, 4=100.0%, 8=0.0%, 16=0.0%, 32=0.0%, 64=0.0%, >=64=0.0%
     complete  : 0=0.0%, 4=100.0%, 8=0.0%, 16=0.0%, 32=0.0%, 64=0.0%, >=64=0.0%
     issued rwts: total=0,262144,0,0 short=0,0,0,0 dropped=0,0,0,0
     latency   : target=0, window=0, percentile=100.00%, depth=1

Run status group 0 (all jobs):
  WRITE: bw=371MiB/s (389MB/s), 371MiB/s-371MiB/s (389MB/s-389MB/s), io=1024MiB (1074MB), run=2758-2758msec

Disk stats (read/write):
  vdc: ios=0/0, sectors=0/0, merge=0/0, ticks=0/0, in_queue=0, util=0.00%
