buffered-write: (g=0): rw=write, bs=(R) 1024KiB-1024KiB, (W) 1024KiB-1024KiB, (T) 1024KiB-1024KiB, ioengine=psync, iodepth=1
fio-3.36
Starting 1 process

buffered-write: (groupid=0, jobs=1): err= 0: pid=628: Tue Aug 12 18:18:49 2025
  write: IOPS=4063, BW=4063MiB/s (4261MB/s)(1024MiB/252msec); 0 zone resets
    clat (usec): min=193, max=752, avg=217.70, stdev=29.53
     lat (usec): min=204, max=935, avg=236.43, stdev=34.24
    clat percentiles (usec):
     |  1.00th=[  198],  5.00th=[  200], 10.00th=[  202], 20.00th=[  204],
     | 30.00th=[  206], 40.00th=[  208], 50.00th=[  210], 60.00th=[  212],
     | 70.00th=[  219], 80.00th=[  225], 90.00th=[  239], 95.00th=[  269],
     | 99.00th=[  310], 99.50th=[  355], 99.90th=[  449], 99.95th=[  750],
     | 99.99th=[  750]
  lat (usec)   : 250=93.07%, 500=6.84%, 1000=0.10%
  cpu          : usr=13.55%, sys=84.86%, ctx=5, majf=0, minf=12
  IO depths    : 1=100.0%, 2=0.0%, 4=0.0%, 8=0.0%, 16=0.0%, 32=0.0%, >=64=0.0%
     submit    : 0=0.0%, 4=100.0%, 8=0.0%, 16=0.0%, 32=0.0%, 64=0.0%, >=64=0.0%
     complete  : 0=0.0%, 4=100.0%, 8=0.0%, 16=0.0%, 32=0.0%, 64=0.0%, >=64=0.0%
     issued rwts: total=0,1024,0,0 short=0,0,0,0 dropped=0,0,0,0
     latency   : target=0, window=0, percentile=100.00%, depth=1

Run status group 0 (all jobs):
  WRITE: bw=4063MiB/s (4261MB/s), 4063MiB/s-4063MiB/s (4261MB/s-4261MB/s), io=1024MiB (1074MB), run=252-252msec

Disk stats (read/write):
  vdc: ios=0/0, sectors=0/0, merge=0/0, ticks=0/0, in_queue=0, util=0.00%
