buffered-read: (g=0): rw=read, bs=(R) 1024KiB-1024KiB, (W) 1024KiB-1024KiB, (T) 1024KiB-1024KiB, ioengine=psync, iodepth=1
fio-3.36
Starting 1 process

buffered-read: (groupid=0, jobs=1): err= 0: pid=1575: Sat Aug  9 10:14:26 2025
  read: IOPS=2226, BW=2226MiB/s (2334MB/s)(1024MiB/460msec)
    clat (usec): min=191, max=7505, avg=440.65, stdev=225.35
     lat (usec): min=192, max=7676, avg=441.23, stdev=230.58
    clat percentiles (usec):
     |  1.00th=[  375],  5.00th=[  388], 10.00th=[  396], 20.00th=[  404],
     | 30.00th=[  412], 40.00th=[  416], 50.00th=[  424], 60.00th=[  437],
     | 70.00th=[  449], 80.00th=[  461], 90.00th=[  482], 95.00th=[  510],
     | 99.00th=[  562], 99.50th=[  578], 99.90th=[ 1106], 99.95th=[ 7504],
     | 99.99th=[ 7504]
  lat (usec)   : 250=0.10%, 500=93.75%, 750=5.96%
  lat (msec)   : 2=0.10%, 10=0.10%
  cpu          : usr=6.74%, sys=91.52%, ctx=0, majf=0, minf=269
  IO depths    : 1=100.0%, 2=0.0%, 4=0.0%, 8=0.0%, 16=0.0%, 32=0.0%, >=64=0.0%
     submit    : 0=0.0%, 4=100.0%, 8=0.0%, 16=0.0%, 32=0.0%, 64=0.0%, >=64=0.0%
     complete  : 0=0.0%, 4=100.0%, 8=0.0%, 16=0.0%, 32=0.0%, 64=0.0%, >=64=0.0%
     issued rwts: total=1024,0,0,0 short=0,0,0,0 dropped=0,0,0,0
     latency   : target=0, window=0, percentile=100.00%, depth=1

Run status group 0 (all jobs):
   READ: bw=2226MiB/s (2334MB/s), 2226MiB/s-2226MiB/s (2334MB/s-2334MB/s), io=1024MiB (1074MB), run=460-460msec

Disk stats (read/write):
  vdc: ios=0/0, sectors=0/0, merge=0/0, ticks=0/0, in_queue=0, util=0.00%
