buffered-read: (g=0): rw=read, bs=(R) 100MiB-100MiB, (W) 100MiB-100MiB, (T) 100MiB-100MiB, ioengine=psync, iodepth=1
fio-3.36
Starting 1 process

buffered-read: (groupid=0, jobs=1): err= 0: pid=1052: Fri Aug  8 20:55:05 2025
  read: IOPS=21, BW=2141MiB/s (2245MB/s)(1000MiB/467msec)
    clat (usec): min=35608, max=68489, avg=46224.28, stdev=9202.77
     lat (usec): min=35610, max=68605, avg=46238.55, stdev=9233.42
    clat percentiles (usec):
     |  1.00th=[35390],  5.00th=[35390], 10.00th=[35390], 20.00th=[36439],
     | 30.00th=[42730], 40.00th=[42730], 50.00th=[43779], 60.00th=[44827],
     | 70.00th=[47973], 80.00th=[48497], 90.00th=[50594], 95.00th=[68682],
     | 99.00th=[68682], 99.50th=[68682], 99.90th=[68682], 99.95th=[68682],
     | 99.99th=[68682]
  lat (msec)   : 50=80.00%, 100=20.00%
  cpu          : usr=0.64%, sys=85.41%, ctx=54, majf=0, minf=573
  IO depths    : 1=100.0%, 2=0.0%, 4=0.0%, 8=0.0%, 16=0.0%, 32=0.0%, >=64=0.0%
     submit    : 0=0.0%, 4=100.0%, 8=0.0%, 16=0.0%, 32=0.0%, 64=0.0%, >=64=0.0%
     complete  : 0=0.0%, 4=100.0%, 8=0.0%, 16=0.0%, 32=0.0%, 64=0.0%, >=64=0.0%
     issued rwts: total=10,0,0,0 short=0,0,0,0 dropped=0,0,0,0
     latency   : target=0, window=0, percentile=100.00%, depth=1

Run status group 0 (all jobs):
   READ: bw=2141MiB/s (2245MB/s), 2141MiB/s-2141MiB/s (2245MB/s-2245MB/s), io=1000MiB (1049MB), run=467-467msec

Disk stats (read/write):
  vdc: ios=181/0, sectors=1458192/0, merge=0/0, ticks=280/0, in_queue=280, util=49.03%
