buffered-write: (g=0): rw=write, bs=(R) 4096B-4096B, (W) 4096B-4096B, (T) 4096B-4096B, ioengine=psync, iodepth=1
fio-3.36
Starting 1 process

buffered-write: (groupid=0, jobs=1): err= 0: pid=1188: Tue Aug 12 18:19:51 2025
  write: IOPS=103k, BW=403MiB/s (423MB/s)(1024MiB/2539msec); 0 zone resets
    clat (usec): min=6, max=415, avg= 8.08, stdev= 3.96
     lat (usec): min=6, max=583, avg= 8.32, stdev= 4.23
    clat percentiles (usec):
     |  1.00th=[    8],  5.00th=[    8], 10.00th=[    8], 20.00th=[    8],
     | 30.00th=[    8], 40.00th=[    8], 50.00th=[    8], 60.00th=[    8],
     | 70.00th=[    9], 80.00th=[    9], 90.00th=[    9], 95.00th=[    9],
     | 99.00th=[   13], 99.50th=[   19], 99.90th=[   67], 99.95th=[   89],
     | 99.99th=[  178]
   bw (  KiB/s): min=380974, max=430704, per=100.00%, avg=413405.20, stdev=21673.40, samples=5
   iops        : min=95269, max=107676, avg=103357.60, stdev=5407.46, samples=5
  lat (usec)   : 10=98.30%, 20=1.25%, 50=0.27%, 100=0.14%, 250=0.04%
  lat (usec)   : 500=0.01%
  cpu          : usr=82.23%, sys=16.43%, ctx=4, majf=0, minf=13
  IO depths    : 1=100.0%, 2=0.0%, 4=0.0%, 8=0.0%, 16=0.0%, 32=0.0%, >=64=0.0%
     submit    : 0=0.0%, 4=100.0%, 8=0.0%, 16=0.0%, 32=0.0%, 64=0.0%, >=64=0.0%
     complete  : 0=0.0%, 4=100.0%, 8=0.0%, 16=0.0%, 32=0.0%, 64=0.0%, >=64=0.0%
     issued rwts: total=0,262144,0,0 short=0,0,0,0 dropped=0,0,0,0
     latency   : target=0, window=0, percentile=100.00%, depth=1

Run status group 0 (all jobs):
  WRITE: bw=403MiB/s (423MB/s), 403MiB/s-403MiB/s (423MB/s-423MB/s), io=1024MiB (1074MB), run=2539-2539msec

Disk stats (read/write):
  vdc: ios=0/0, sectors=0/0, merge=0/0, ticks=0/0, in_queue=0, util=0.00%
