buffered-write: (g=0): rw=write, bs=(R) 10.0MiB-10.0MiB, (W) 10.0MiB-10.0MiB, (T) 10.0MiB-10.0MiB, ioengine=psync, iodepth=1
fio-3.36
Starting 1 process

buffered-write: (groupid=0, jobs=1): err= 0: pid=724: Tue Aug 12 18:18:57 2025
  write: IOPS=237, BW=2373MiB/s (2489MB/s)(1030MiB/434msec); 0 zone resets
    clat (usec): min=2979, max=5233, avg=3367.41, stdev=375.44
     lat (usec): min=3514, max=6488, avg=4043.29, stdev=459.63
    clat percentiles (usec):
     |  1.00th=[ 2999],  5.00th=[ 3032], 10.00th=[ 3064], 20.00th=[ 3097],
     | 30.00th=[ 3130], 40.00th=[ 3228], 50.00th=[ 3294], 60.00th=[ 3326],
     | 70.00th=[ 3392], 80.00th=[ 3556], 90.00th=[ 3851], 95.00th=[ 4113],
     | 99.00th=[ 4621], 99.50th=[ 5211], 99.90th=[ 5211], 99.95th=[ 5211],
     | 99.99th=[ 5211]
  lat (msec)   : 4=94.17%, 10=5.83%
  cpu          : usr=23.56%, sys=75.52%, ctx=4, majf=0, minf=13
  IO depths    : 1=100.0%, 2=0.0%, 4=0.0%, 8=0.0%, 16=0.0%, 32=0.0%, >=64=0.0%
     submit    : 0=0.0%, 4=100.0%, 8=0.0%, 16=0.0%, 32=0.0%, 64=0.0%, >=64=0.0%
     complete  : 0=0.0%, 4=100.0%, 8=0.0%, 16=0.0%, 32=0.0%, 64=0.0%, >=64=0.0%
     issued rwts: total=0,103,0,0 short=0,0,0,0 dropped=0,0,0,0
     latency   : target=0, window=0, percentile=100.00%, depth=1

Run status group 0 (all jobs):
  WRITE: bw=2373MiB/s (2489MB/s), 2373MiB/s-2373MiB/s (2489MB/s-2489MB/s), io=1030MiB (1080MB), run=434-434msec

Disk stats (read/write):
  vdc: ios=0/0, sectors=0/0, merge=0/0, ticks=0/0, in_queue=0, util=0.00%
