buffered-write: (g=0): rw=write, bs=(R) 10.0MiB-10.0MiB, (W) 10.0MiB-10.0MiB, (T) 10.0MiB-10.0MiB, ioengine=psync, iodepth=1
fio-3.36
Starting 1 process

buffered-write: (groupid=0, jobs=1): err= 0: pid=820: Tue Aug 12 18:19:04 2025
  write: IOPS=282, BW=2822MiB/s (2959MB/s)(1030MiB/365msec); 0 zone resets
    clat (usec): min=2615, max=4618, avg=2985.94, stdev=255.81
     lat (usec): min=2983, max=5490, avg=3468.55, stdev=315.77
    clat percentiles (usec):
     |  1.00th=[ 2671],  5.00th=[ 2671], 10.00th=[ 2704], 20.00th=[ 2769],
     | 30.00th=[ 2868], 40.00th=[ 2900], 50.00th=[ 2966], 60.00th=[ 2999],
     | 70.00th=[ 3097], 80.00th=[ 3130], 90.00th=[ 3261], 95.00th=[ 3392],
     | 99.00th=[ 3589], 99.50th=[ 4621], 99.90th=[ 4621], 99.95th=[ 4621],
     | 99.99th=[ 4621]
  lat (msec)   : 4=99.03%, 10=0.97%
  cpu          : usr=21.15%, sys=78.02%, ctx=4, majf=0, minf=13
  IO depths    : 1=100.0%, 2=0.0%, 4=0.0%, 8=0.0%, 16=0.0%, 32=0.0%, >=64=0.0%
     submit    : 0=0.0%, 4=100.0%, 8=0.0%, 16=0.0%, 32=0.0%, 64=0.0%, >=64=0.0%
     complete  : 0=0.0%, 4=100.0%, 8=0.0%, 16=0.0%, 32=0.0%, 64=0.0%, >=64=0.0%
     issued rwts: total=0,103,0,0 short=0,0,0,0 dropped=0,0,0,0
     latency   : target=0, window=0, percentile=100.00%, depth=1

Run status group 0 (all jobs):
  WRITE: bw=2822MiB/s (2959MB/s), 2822MiB/s-2822MiB/s (2959MB/s-2959MB/s), io=1030MiB (1080MB), run=365-365msec

Disk stats (read/write):
  vdc: ios=0/0, sectors=0/0, merge=0/0, ticks=0/0, in_queue=0, util=0.00%
