buffered-read: (g=0): rw=read, bs=(R) 100MiB-100MiB, (W) 100MiB-100MiB, (T) 100MiB-100MiB, ioengine=psync, iodepth=1
fio-3.36
Starting 1 process

buffered-read: (groupid=0, jobs=1): err= 0: pid=884: Fri Aug  8 20:54:51 2025
  read: IOPS=32, BW=3226MiB/s (3383MB/s)(1000MiB/310msec)
    clat (usec): min=26959, max=59822, avg=30638.60, stdev=10259.52
     lat (usec): min=26961, max=59932, avg=30651.74, stdev=10293.40
    clat percentiles (usec):
     |  1.00th=[26870],  5.00th=[26870], 10.00th=[26870], 20.00th=[27132],
     | 30.00th=[27132], 40.00th=[27132], 50.00th=[27395], 60.00th=[27395],
     | 70.00th=[27657], 80.00th=[27657], 90.00th=[27919], 95.00th=[60031],
     | 99.00th=[60031], 99.50th=[60031], 99.90th=[60031], 99.95th=[60031],
     | 99.99th=[60031]
  lat (msec)   : 50=90.00%, 100=10.00%
  cpu          : usr=1.94%, sys=88.67%, ctx=20, majf=0, minf=573
  IO depths    : 1=100.0%, 2=0.0%, 4=0.0%, 8=0.0%, 16=0.0%, 32=0.0%, >=64=0.0%
     submit    : 0=0.0%, 4=100.0%, 8=0.0%, 16=0.0%, 32=0.0%, 64=0.0%, >=64=0.0%
     complete  : 0=0.0%, 4=100.0%, 8=0.0%, 16=0.0%, 32=0.0%, 64=0.0%, >=64=0.0%
     issued rwts: total=10,0,0,0 short=0,0,0,0 dropped=0,0,0,0
     latency   : target=0, window=0, percentile=100.00%, depth=1

Run status group 0 (all jobs):
   READ: bw=3226MiB/s (3383MB/s), 3226MiB/s-3226MiB/s (3383MB/s-3383MB/s), io=1000MiB (1049MB), run=310-310msec

Disk stats (read/write):
  vdc: ios=81/0, sectors=638992/0, merge=0/0, ticks=65/0, in_queue=65, util=28.44%
