buffered-read: (g=0): rw=read, bs=(R) 1024KiB-1024KiB, (W) 1024KiB-1024KiB, (T) 1024KiB-1024KiB, ioengine=psync, iodepth=1
fio-3.36
Starting 1 process

buffered-read: (groupid=0, jobs=1): err= 0: pid=927: Sat Aug  9 10:13:33 2025
  read: IOPS=2449, BW=2450MiB/s (2569MB/s)(1024MiB/418msec)
    clat (usec): min=175, max=3477, avg=401.19, stdev=101.52
     lat (usec): min=175, max=3591, avg=401.89, stdev=104.87
    clat percentiles (usec):
     |  1.00th=[  351],  5.00th=[  363], 10.00th=[  371], 20.00th=[  375],
     | 30.00th=[  383], 40.00th=[  388], 50.00th=[  392], 60.00th=[  396],
     | 70.00th=[  404], 80.00th=[  416], 90.00th=[  437], 95.00th=[  465],
     | 99.00th=[  510], 99.50th=[  545], 99.90th=[  644], 99.95th=[ 3490],
     | 99.99th=[ 3490]
  lat (usec)   : 250=0.10%, 500=98.63%, 750=1.17%
  lat (msec)   : 4=0.10%
  cpu          : usr=2.87%, sys=94.74%, ctx=1, majf=0, minf=269
  IO depths    : 1=100.0%, 2=0.0%, 4=0.0%, 8=0.0%, 16=0.0%, 32=0.0%, >=64=0.0%
     submit    : 0=0.0%, 4=100.0%, 8=0.0%, 16=0.0%, 32=0.0%, 64=0.0%, >=64=0.0%
     complete  : 0=0.0%, 4=100.0%, 8=0.0%, 16=0.0%, 32=0.0%, 64=0.0%, >=64=0.0%
     issued rwts: total=1024,0,0,0 short=0,0,0,0 dropped=0,0,0,0
     latency   : target=0, window=0, percentile=100.00%, depth=1

Run status group 0 (all jobs):
   READ: bw=2450MiB/s (2569MB/s), 2450MiB/s-2450MiB/s (2569MB/s-2569MB/s), io=1024MiB (1074MB), run=418-418msec

Disk stats (read/write):
  vdc: ios=0/0, sectors=0/0, merge=0/0, ticks=0/0, in_queue=0, util=0.00%
