buffered-read: (g=0): rw=read, bs=(R) 1024KiB-1024KiB, (W) 1024KiB-1024KiB, (T) 1024KiB-1024KiB, ioengine=psync, iodepth=1
fio-3.36
Starting 1 process

buffered-read: (groupid=0, jobs=1): err= 0: pid=2609: Sat Aug  9 10:17:14 2025
  read: IOPS=2432, BW=2432MiB/s (2550MB/s)(1024MiB/421msec)
    clat (usec): min=169, max=4028, avg=402.03, stdev=120.23
     lat (usec): min=170, max=4142, avg=402.62, stdev=123.63
    clat percentiles (usec):
     |  1.00th=[  355],  5.00th=[  363], 10.00th=[  367], 20.00th=[  375],
     | 30.00th=[  379], 40.00th=[  383], 50.00th=[  388], 60.00th=[  396],
     | 70.00th=[  404], 80.00th=[  416], 90.00th=[  445], 95.00th=[  465],
     | 99.00th=[  529], 99.50th=[  562], 99.90th=[  979], 99.95th=[ 4015],
     | 99.99th=[ 4015]
  lat (usec)   : 250=0.10%, 500=97.85%, 750=1.86%, 1000=0.10%
  lat (msec)   : 10=0.10%
  cpu          : usr=4.05%, sys=93.81%, ctx=0, majf=0, minf=269
  IO depths    : 1=100.0%, 2=0.0%, 4=0.0%, 8=0.0%, 16=0.0%, 32=0.0%, >=64=0.0%
     submit    : 0=0.0%, 4=100.0%, 8=0.0%, 16=0.0%, 32=0.0%, 64=0.0%, >=64=0.0%
     complete  : 0=0.0%, 4=100.0%, 8=0.0%, 16=0.0%, 32=0.0%, 64=0.0%, >=64=0.0%
     issued rwts: total=1024,0,0,0 short=0,0,0,0 dropped=0,0,0,0
     latency   : target=0, window=0, percentile=100.00%, depth=1

Run status group 0 (all jobs):
   READ: bw=2432MiB/s (2550MB/s), 2432MiB/s-2432MiB/s (2550MB/s-2550MB/s), io=1024MiB (1074MB), run=421-421msec

Disk stats (read/write):
  vdc: ios=0/0, sectors=0/0, merge=0/0, ticks=0/0, in_queue=0, util=0.00%
