buffered-read: (g=0): rw=read, bs=(R) 128KiB-128KiB, (W) 128KiB-128KiB, (T) 128KiB-128KiB, ioengine=psync, iodepth=1
fio-3.36
Starting 1 process

buffered-read: (groupid=0, jobs=1): err= 0: pid=1652: Fri Aug  8 20:56:06 2025
  read: IOPS=8605, BW=1076MiB/s (1128MB/s)(1024MiB/952msec)
    clat (usec): min=29, max=2199, avg=110.80, stdev=104.05
     lat (usec): min=30, max=2461, avg=111.79, stdev=104.63
    clat percentiles (usec):
     |  1.00th=[   33],  5.00th=[   35], 10.00th=[   36], 20.00th=[   37],
     | 30.00th=[   39], 40.00th=[   43], 50.00th=[   70], 60.00th=[   80],
     | 70.00th=[  118], 80.00th=[  212], 90.00th=[  273], 95.00th=[  314],
     | 99.00th=[  412], 99.50th=[  465], 99.90th=[  611], 99.95th=[  635],
     | 99.99th=[ 2212]
   bw (  MiB/s): min= 1086, max= 1086, per=100.00%, avg=1086.75, stdev= 0.00, samples=1
   iops        : min= 8698, max= 8698, avg=8698.00, stdev= 0.00, samples=1
  lat (usec)   : 50=45.19%, 100=22.69%, 250=17.15%, 500=14.61%, 750=0.33%
  lat (usec)   : 1000=0.01%
  lat (msec)   : 4=0.01%
  cpu          : usr=6.31%, sys=39.96%, ctx=1679, majf=0, minf=44
  IO depths    : 1=100.0%, 2=0.0%, 4=0.0%, 8=0.0%, 16=0.0%, 32=0.0%, >=64=0.0%
     submit    : 0=0.0%, 4=100.0%, 8=0.0%, 16=0.0%, 32=0.0%, 64=0.0%, >=64=0.0%
     complete  : 0=0.0%, 4=100.0%, 8=0.0%, 16=0.0%, 32=0.0%, 64=0.0%, >=64=0.0%
     issued rwts: total=8192,0,0,0 short=0,0,0,0 dropped=0,0,0,0
     latency   : target=0, window=0, percentile=100.00%, depth=1

Run status group 0 (all jobs):
   READ: bw=1076MiB/s (1128MB/s), 1076MiB/s-1076MiB/s (1128MB/s-1128MB/s), io=1024MiB (1074MB), run=952-952msec

Disk stats (read/write):
  vdc: ios=3734/0, sectors=1910800/0, merge=0/0, ticks=881/0, in_queue=880, util=44.86%
