buffered-read: (g=0): rw=read, bs=(R) 1024KiB-1024KiB, (W) 1024KiB-1024KiB, (T) 1024KiB-1024KiB, ioengine=psync, iodepth=1
fio-3.36
Starting 1 process

buffered-read: (groupid=0, jobs=1): err= 0: pid=687: Sat Aug  9 10:13:13 2025
  read: IOPS=2449, BW=2450MiB/s (2569MB/s)(1024MiB/418msec)
    clat (usec): min=157, max=4331, avg=399.80, stdev=128.87
     lat (usec): min=158, max=4448, avg=400.70, stdev=132.34
    clat percentiles (usec):
     |  1.00th=[  351],  5.00th=[  355], 10.00th=[  363], 20.00th=[  367],
     | 30.00th=[  371], 40.00th=[  379], 50.00th=[  383], 60.00th=[  400],
     | 70.00th=[  408], 80.00th=[  420], 90.00th=[  441], 95.00th=[  461],
     | 99.00th=[  523], 99.50th=[  570], 99.90th=[  857], 99.95th=[ 4359],
     | 99.99th=[ 4359]
  lat (usec)   : 250=0.10%, 500=98.54%, 750=1.17%, 1000=0.10%
  lat (msec)   : 10=0.10%
  cpu          : usr=3.84%, sys=93.05%, ctx=1, majf=0, minf=269
  IO depths    : 1=100.0%, 2=0.0%, 4=0.0%, 8=0.0%, 16=0.0%, 32=0.0%, >=64=0.0%
     submit    : 0=0.0%, 4=100.0%, 8=0.0%, 16=0.0%, 32=0.0%, 64=0.0%, >=64=0.0%
     complete  : 0=0.0%, 4=100.0%, 8=0.0%, 16=0.0%, 32=0.0%, 64=0.0%, >=64=0.0%
     issued rwts: total=1024,0,0,0 short=0,0,0,0 dropped=0,0,0,0
     latency   : target=0, window=0, percentile=100.00%, depth=1

Run status group 0 (all jobs):
   READ: bw=2450MiB/s (2569MB/s), 2450MiB/s-2450MiB/s (2569MB/s-2569MB/s), io=1024MiB (1074MB), run=418-418msec

Disk stats (read/write):
  vdc: ios=0/0, sectors=0/0, merge=0/0, ticks=0/0, in_queue=0, util=0.00%
