buffered-read: (g=0): rw=read, bs=(R) 128KiB-128KiB, (W) 128KiB-128KiB, (T) 128KiB-128KiB, ioengine=psync, iodepth=1
fio-3.36
Starting 1 process

buffered-read: (groupid=0, jobs=1): err= 0: pid=1759: Sat Aug  9 07:15:11 2025
  read: IOPS=6460, BW=808MiB/s (847MB/s)(1024MiB/1268msec)
    clat (usec): min=24, max=2204, avg=152.59, stdev=140.28
     lat (usec): min=24, max=2204, avg=152.81, stdev=140.39
    clat percentiles (usec):
     |  1.00th=[   25],  5.00th=[   26], 10.00th=[   26], 20.00th=[   26],
     | 30.00th=[   27], 40.00th=[   28], 50.00th=[  208], 60.00th=[  253],
     | 70.00th=[  258], 80.00th=[  265], 90.00th=[  277], 95.00th=[  306],
     | 99.00th=[  437], 99.50th=[  482], 99.90th=[ 1254], 99.95th=[ 1434],
     | 99.99th=[ 2212]
   bw (  KiB/s): min=786688, max=855552, per=99.29%, avg=821120.00, stdev=48694.20, samples=2
   iops        : min= 6148, max= 6684, avg=6416.00, stdev=379.01, samples=2
  lat (usec)   : 50=49.73%, 100=0.24%, 250=1.34%, 500=48.25%, 750=0.07%
  lat (usec)   : 1000=0.13%
  lat (msec)   : 2=0.21%, 4=0.01%
  cpu          : usr=6.08%, sys=92.98%, ctx=1, majf=0, minf=44
  IO depths    : 1=100.0%, 2=0.0%, 4=0.0%, 8=0.0%, 16=0.0%, 32=0.0%, >=64=0.0%
     submit    : 0=0.0%, 4=100.0%, 8=0.0%, 16=0.0%, 32=0.0%, 64=0.0%, >=64=0.0%
     complete  : 0=0.0%, 4=100.0%, 8=0.0%, 16=0.0%, 32=0.0%, 64=0.0%, >=64=0.0%
     issued rwts: total=8192,0,0,0 short=0,0,0,0 dropped=0,0,0,0
     latency   : target=0, window=0, percentile=100.00%, depth=1

Run status group 0 (all jobs):
   READ: bw=808MiB/s (847MB/s), 808MiB/s-808MiB/s (847MB/s-847MB/s), io=1024MiB (1074MB), run=1268-1268msec

Disk stats (read/write):
  vdc: ios=0/0, sectors=0/0, merge=0/0, ticks=0/0, in_queue=0, util=0.00%
