buffered-write: (g=0): rw=write, bs=(R) 1024KiB-1024KiB, (W) 1024KiB-1024KiB, (T) 1024KiB-1024KiB, ioengine=psync, iodepth=1
fio-3.36
Starting 1 process

buffered-write: (groupid=0, jobs=1): err= 0: pid=1987: Fri Aug  8 21:32:36 2025
  write: IOPS=375, BW=376MiB/s (394MB/s)(1024MiB/2727msec); 0 zone resets
    clat (usec): min=1176, max=11017, avg=1298.61, stdev=315.19
     lat (usec): min=1189, max=11028, avg=1313.08, stdev=315.58
    clat percentiles (usec):
     |  1.00th=[ 1188],  5.00th=[ 1205], 10.00th=[ 1205], 20.00th=[ 1221],
     | 30.00th=[ 1237], 40.00th=[ 1254], 50.00th=[ 1270], 60.00th=[ 1287],
     | 70.00th=[ 1303], 80.00th=[ 1352], 90.00th=[ 1401], 95.00th=[ 1450],
     | 99.00th=[ 1549], 99.50th=[ 1565], 99.90th=[ 1762], 99.95th=[11076],
     | 99.99th=[11076]
   bw (  KiB/s): min=194560, max=784862, per=100.00%, avg=586570.00, stdev=339498.32, samples=3
   iops        : min=  190, max=  766, avg=572.67, stdev=331.41, samples=3
  lat (msec)   : 2=99.90%, 20=0.10%
  cpu          : usr=1.28%, sys=89.62%, ctx=18, majf=0, minf=13
  IO depths    : 1=100.0%, 2=0.0%, 4=0.0%, 8=0.0%, 16=0.0%, 32=0.0%, >=64=0.0%
     submit    : 0=0.0%, 4=100.0%, 8=0.0%, 16=0.0%, 32=0.0%, 64=0.0%, >=64=0.0%
     complete  : 0=0.0%, 4=100.0%, 8=0.0%, 16=0.0%, 32=0.0%, 64=0.0%, >=64=0.0%
     issued rwts: total=0,1024,0,0 short=0,0,0,0 dropped=0,0,0,0
     latency   : target=0, window=0, percentile=100.00%, depth=1

Run status group 0 (all jobs):
  WRITE: bw=376MiB/s (394MB/s), 376MiB/s-376MiB/s (394MB/s-394MB/s), io=1024MiB (1074MB), run=2727-2727msec

Disk stats (read/write):
  vdc: ios=0/267, sectors=0/2097152, merge=0/1, ticks=0/145845, in_queue=145845, util=37.67%
