buffered-read: (g=0): rw=read, bs=(R) 4096B-4096B, (W) 4096B-4096B, (T) 4096B-4096B, ioengine=psync, iodepth=1
fio-3.36
Starting 1 process

buffered-read: (groupid=0, jobs=1): err= 0: pid=1495: Sat Aug  9 07:14:35 2025
  read: IOPS=125k, BW=490MiB/s (514MB/s)(1024MiB/2091msec)
    clat (usec): min=2, max=992, avg= 6.71, stdev=32.79
     lat (usec): min=2, max=1105, avg= 6.88, stdev=32.81
    clat percentiles (usec):
     |  1.00th=[    3],  5.00th=[    3], 10.00th=[    3], 20.00th=[    3],
     | 30.00th=[    3], 40.00th=[    3], 50.00th=[    3], 60.00th=[    3],
     | 70.00th=[    3], 80.00th=[    3], 90.00th=[    3], 95.00th=[    3],
     | 99.00th=[  247], 99.50th=[  262], 99.90th=[  310], 99.95th=[  400],
     | 99.99th=[  457]
   bw (  KiB/s): min=487273, max=513608, per=99.92%, avg=501094.25, stdev=11962.07, samples=4
   iops        : min=121820, max=128450, avg=125281.00, stdev=3009.13, samples=4
  lat (usec)   : 4=97.18%, 10=1.06%, 20=0.11%, 50=0.05%, 100=0.03%
  lat (usec)   : 250=0.66%, 500=0.90%, 750=0.01%, 1000=0.01%
  cpu          : usr=49.43%, sys=49.67%, ctx=2, majf=0, minf=14
  IO depths    : 1=100.0%, 2=0.0%, 4=0.0%, 8=0.0%, 16=0.0%, 32=0.0%, >=64=0.0%
     submit    : 0=0.0%, 4=100.0%, 8=0.0%, 16=0.0%, 32=0.0%, 64=0.0%, >=64=0.0%
     complete  : 0=0.0%, 4=100.0%, 8=0.0%, 16=0.0%, 32=0.0%, 64=0.0%, >=64=0.0%
     issued rwts: total=262144,0,0,0 short=0,0,0,0 dropped=0,0,0,0
     latency   : target=0, window=0, percentile=100.00%, depth=1

Run status group 0 (all jobs):
   READ: bw=490MiB/s (514MB/s), 490MiB/s-490MiB/s (514MB/s-514MB/s), io=1024MiB (1074MB), run=2091-2091msec

Disk stats (read/write):
  vdc: ios=0/0, sectors=0/0, merge=0/0, ticks=0/0, in_queue=0, util=0.00%
