buffered-write: (g=0): rw=write, bs=(R) 1024MiB-1024MiB, (W) 1024MiB-1024MiB, (T) 1024MiB-1024MiB, ioengine=psync, iodepth=1
fio-3.36
Starting 1 process

buffered-write: (groupid=0, jobs=1): err= 0: pid=2888: Fri Aug  8 21:34:41 2025
  write: IOPS=0, BW=342MiB/s (358MB/s)(1024MiB/2996msec); 0 zone resets
    clat (nsec): min=1484.4M, max=1484.4M, avg=1484406478.00, stdev= 0.00
     lat (nsec): min=1549.3M, max=1549.3M, avg=1549263863.00, stdev= 0.00
    clat percentiles (msec):
     |  1.00th=[ 1485],  5.00th=[ 1485], 10.00th=[ 1485], 20.00th=[ 1485],
     | 30.00th=[ 1485], 40.00th=[ 1485], 50.00th=[ 1485], 60.00th=[ 1485],
     | 70.00th=[ 1485], 80.00th=[ 1485], 90.00th=[ 1485], 95.00th=[ 1485],
     | 99.00th=[ 1485], 99.50th=[ 1485], 99.90th=[ 1485], 99.95th=[ 1485],
     | 99.99th=[ 1485]
  lat (msec)   : 2000=100.00%
  cpu          : usr=2.27%, sys=87.18%, ctx=20, majf=0, minf=12
  IO depths    : 1=100.0%, 2=0.0%, 4=0.0%, 8=0.0%, 16=0.0%, 32=0.0%, >=64=0.0%
     submit    : 0=0.0%, 4=100.0%, 8=0.0%, 16=0.0%, 32=0.0%, 64=0.0%, >=64=0.0%
     complete  : 0=0.0%, 4=100.0%, 8=0.0%, 16=0.0%, 32=0.0%, 64=0.0%, >=64=0.0%
     issued rwts: total=0,1,0,0 short=0,0,0,0 dropped=0,0,0,0
     latency   : target=0, window=0, percentile=100.00%, depth=1

Run status group 0 (all jobs):
  WRITE: bw=342MiB/s (358MB/s), 342MiB/s-342MiB/s (358MB/s-358MB/s), io=1024MiB (1074MB), run=2996-2996msec

Disk stats (read/write):
  vdc: ios=0/273, sectors=0/2097152, merge=0/1, ticks=0/157709, in_queue=157709, util=32.28%
