buffered-read: (g=0): rw=read, bs=(R) 100MiB-100MiB, (W) 100MiB-100MiB, (T) 100MiB-100MiB, ioengine=psync, iodepth=1
fio-3.36
Starting 1 process

buffered-read: (groupid=0, jobs=1): err= 0: pid=1039: Sat Aug  9 07:13:27 2025
  read: IOPS=7, BW=747MiB/s (784MB/s)(1000MiB/1338msec)
    clat (msec): min=124, max=184, avg=133.29, stdev=18.28
     lat (msec): min=124, max=185, avg=133.31, stdev=18.32
    clat percentiles (msec):
     |  1.00th=[  126],  5.00th=[  126], 10.00th=[  126], 20.00th=[  126],
     | 30.00th=[  127], 40.00th=[  127], 50.00th=[  128], 60.00th=[  129],
     | 70.00th=[  129], 80.00th=[  130], 90.00th=[  132], 95.00th=[  186],
     | 99.00th=[  186], 99.50th=[  186], 99.90th=[  186], 99.95th=[  186],
     | 99.99th=[  186]
   bw (  KiB/s): min=614400, max=819200, per=93.66%, avg=716800.00, stdev=144815.47, samples=2
   iops        : min=    6, max=    8, avg= 7.00, stdev= 1.41, samples=2
  lat (msec)   : 250=100.00%
  cpu          : usr=0.37%, sys=98.88%, ctx=2, majf=0, minf=574
  IO depths    : 1=100.0%, 2=0.0%, 4=0.0%, 8=0.0%, 16=0.0%, 32=0.0%, >=64=0.0%
     submit    : 0=0.0%, 4=100.0%, 8=0.0%, 16=0.0%, 32=0.0%, 64=0.0%, >=64=0.0%
     complete  : 0=0.0%, 4=100.0%, 8=0.0%, 16=0.0%, 32=0.0%, 64=0.0%, >=64=0.0%
     issued rwts: total=10,0,0,0 short=0,0,0,0 dropped=0,0,0,0
     latency   : target=0, window=0, percentile=100.00%, depth=1

Run status group 0 (all jobs):
   READ: bw=747MiB/s (784MB/s), 747MiB/s-747MiB/s (784MB/s-784MB/s), io=1000MiB (1049MB), run=1338-1338msec

Disk stats (read/write):
  vdc: ios=0/0, sectors=0/0, merge=0/0, ticks=0/0, in_queue=0, util=0.00%
