buffered-read: (g=0): rw=read, bs=(R) 4096B-4096B, (W) 4096B-4096B, (T) 4096B-4096B, ioengine=psync, iodepth=1
fio-3.36
Starting 1 process

buffered-read: (groupid=0, jobs=1): err= 0: pid=1543: Sat Aug  9 07:14:43 2025
  read: IOPS=128k, BW=501MiB/s (525MB/s)(1024MiB/2044msec)
    clat (usec): min=2, max=2355, avg= 6.55, stdev=32.28
     lat (usec): min=2, max=2355, avg= 6.73, stdev=32.29
    clat percentiles (usec):
     |  1.00th=[    3],  5.00th=[    3], 10.00th=[    3], 20.00th=[    3],
     | 30.00th=[    3], 40.00th=[    3], 50.00th=[    3], 60.00th=[    3],
     | 70.00th=[    3], 80.00th=[    3], 90.00th=[    3], 95.00th=[    3],
     | 99.00th=[  241], 99.50th=[  249], 99.90th=[  297], 99.95th=[  396],
     | 99.99th=[  441]
   bw (  KiB/s): min=505824, max=517120, per=100.00%, avg=513750.00, stdev=5330.10, samples=4
   iops        : min=126456, max=129280, avg=128437.50, stdev=1332.52, samples=4
  lat (usec)   : 4=97.39%, 10=0.88%, 20=0.10%, 50=0.06%, 100=0.01%
  lat (usec)   : 250=1.10%, 500=0.47%, 750=0.01%, 1000=0.01%
  lat (msec)   : 2=0.01%, 4=0.01%
  cpu          : usr=42.88%, sys=56.39%, ctx=2, majf=0, minf=13
  IO depths    : 1=100.0%, 2=0.0%, 4=0.0%, 8=0.0%, 16=0.0%, 32=0.0%, >=64=0.0%
     submit    : 0=0.0%, 4=100.0%, 8=0.0%, 16=0.0%, 32=0.0%, 64=0.0%, >=64=0.0%
     complete  : 0=0.0%, 4=100.0%, 8=0.0%, 16=0.0%, 32=0.0%, 64=0.0%, >=64=0.0%
     issued rwts: total=262144,0,0,0 short=0,0,0,0 dropped=0,0,0,0
     latency   : target=0, window=0, percentile=100.00%, depth=1

Run status group 0 (all jobs):
   READ: bw=501MiB/s (525MB/s), 501MiB/s-501MiB/s (525MB/s-525MB/s), io=1024MiB (1074MB), run=2044-2044msec

Disk stats (read/write):
  vdc: ios=0/0, sectors=0/0, merge=0/0, ticks=0/0, in_queue=0, util=0.00%
