buffered-write: (g=0): rw=write, bs=(R) 128KiB-128KiB, (W) 128KiB-128KiB, (T) 128KiB-128KiB, ioengine=psync, iodepth=1
fio-3.36
Starting 1 process

buffered-write: (groupid=0, jobs=1): err= 0: pid=3608: Fri Aug  8 21:36:44 2025
  write: IOPS=4211, BW=526MiB/s (552MB/s)(1024MiB/1945msec); 0 zone resets
    clat (usec): min=148, max=613, avg=164.61, stdev=24.46
     lat (usec): min=150, max=775, avg=165.84, stdev=24.92
    clat percentiles (usec):
     |  1.00th=[  151],  5.00th=[  153], 10.00th=[  155], 20.00th=[  155],
     | 30.00th=[  157], 40.00th=[  157], 50.00th=[  159], 60.00th=[  161],
     | 70.00th=[  161], 80.00th=[  165], 90.00th=[  176], 95.00th=[  198],
     | 99.00th=[  318], 99.50th=[  326], 99.90th=[  355], 99.95th=[  363],
     | 99.99th=[  611]
   bw (  KiB/s): min=659672, max=766464, per=100.00%, avg=713068.00, stdev=75513.35, samples=2
   iops        : min= 5155, max= 5988, avg=5571.50, stdev=589.02, samples=2
  lat (usec)   : 250=98.23%, 500=1.76%, 750=0.01%
  cpu          : usr=2.98%, sys=96.09%, ctx=12, majf=0, minf=12
  IO depths    : 1=100.0%, 2=0.0%, 4=0.0%, 8=0.0%, 16=0.0%, 32=0.0%, >=64=0.0%
     submit    : 0=0.0%, 4=100.0%, 8=0.0%, 16=0.0%, 32=0.0%, 64=0.0%, >=64=0.0%
     complete  : 0=0.0%, 4=100.0%, 8=0.0%, 16=0.0%, 32=0.0%, 64=0.0%, >=64=0.0%
     issued rwts: total=0,8192,0,0 short=0,0,0,0 dropped=0,0,0,0
     latency   : target=0, window=0, percentile=100.00%, depth=1

Run status group 0 (all jobs):
  WRITE: bw=526MiB/s (552MB/s), 526MiB/s-526MiB/s (552MB/s-552MB/s), io=1024MiB (1074MB), run=1945-1945msec

Disk stats (read/write):
  vdc: ios=0/63, sectors=0/511040, merge=0/0, ticks=0/81112, in_queue=81111, util=21.46%
