buffered-read: (g=0): rw=read, bs=(R) 1024MiB-1024MiB, (W) 1024MiB-1024MiB, (T) 1024MiB-1024MiB, ioengine=psync, iodepth=1
fio-3.36
Starting 1 process

buffered-read: (groupid=0, jobs=1): err= 0: pid=1330: Fri Aug  8 21:26:44 2025
  read: IOPS=0, BW=822MiB/s (862MB/s)(1024MiB/1246msec)
    clat (nsec): min=1243.3M, max=1243.3M, avg=1243265110.00, stdev= 0.00
     lat (nsec): min=1243.4M, max=1243.4M, avg=1243378571.00, stdev= 0.00
    clat percentiles (msec):
     |  1.00th=[ 1250],  5.00th=[ 1250], 10.00th=[ 1250], 20.00th=[ 1250],
     | 30.00th=[ 1250], 40.00th=[ 1250], 50.00th=[ 1250], 60.00th=[ 1250],
     | 70.00th=[ 1250], 80.00th=[ 1250], 90.00th=[ 1250], 95.00th=[ 1250],
     | 99.00th=[ 1250], 99.50th=[ 1250], 99.90th=[ 1250], 99.95th=[ 1250],
     | 99.99th=[ 1250]
  lat (msec)   : 2000=100.00%
  cpu          : usr=0.00%, sys=96.14%, ctx=6, majf=0, minf=1035
  IO depths    : 1=100.0%, 2=0.0%, 4=0.0%, 8=0.0%, 16=0.0%, 32=0.0%, >=64=0.0%
     submit    : 0=0.0%, 4=100.0%, 8=0.0%, 16=0.0%, 32=0.0%, 64=0.0%, >=64=0.0%
     complete  : 0=0.0%, 4=100.0%, 8=0.0%, 16=0.0%, 32=0.0%, 64=0.0%, >=64=0.0%
     issued rwts: total=1,0,0,0 short=0,0,0,0 dropped=0,0,0,0
     latency   : target=0, window=0, percentile=100.00%, depth=1

Run status group 0 (all jobs):
   READ: bw=822MiB/s (862MB/s), 822MiB/s-822MiB/s (862MB/s-862MB/s), io=1024MiB (1074MB), run=1246-1246msec

Disk stats (read/write):
  vdc: ios=244/0, sectors=1908752/0, merge=2/0, ticks=223/0, in_queue=223, util=17.32%
