buffered-read: (g=0): rw=read, bs=(R) 10.0MiB-10.0MiB, (W) 10.0MiB-10.0MiB, (T) 10.0MiB-10.0MiB, ioengine=psync, iodepth=1
fio-3.36
Starting 1 process

buffered-read: (groupid=0, jobs=1): err= 0: pid=799: Sat Aug  9 07:12:56 2025
  read: IOPS=76, BW=763MiB/s (800MB/s)(1020MiB/1337msec)
    clat (usec): min=10328, max=26048, avg=13058.92, stdev=2671.68
     lat (usec): min=10329, max=26161, avg=13061.26, stdev=2677.05
    clat percentiles (usec):
     |  1.00th=[10290],  5.00th=[10421], 10.00th=[10421], 20.00th=[10552],
     | 30.00th=[10814], 40.00th=[10945], 50.00th=[14222], 60.00th=[14484],
     | 70.00th=[14615], 80.00th=[14877], 90.00th=[15401], 95.00th=[15664],
     | 99.00th=[21103], 99.50th=[26084], 99.90th=[26084], 99.95th=[26084],
     | 99.99th=[26084]
   bw (  KiB/s): min=716800, max=819200, per=98.31%, avg=768000.00, stdev=72407.73, samples=2
   iops        : min=   70, max=   80, avg=75.00, stdev= 7.07, samples=2
  lat (msec)   : 20=97.06%, 50=2.94%
  cpu          : usr=0.15%, sys=98.58%, ctx=2, majf=0, minf=528
  IO depths    : 1=100.0%, 2=0.0%, 4=0.0%, 8=0.0%, 16=0.0%, 32=0.0%, >=64=0.0%
     submit    : 0=0.0%, 4=100.0%, 8=0.0%, 16=0.0%, 32=0.0%, 64=0.0%, >=64=0.0%
     complete  : 0=0.0%, 4=100.0%, 8=0.0%, 16=0.0%, 32=0.0%, 64=0.0%, >=64=0.0%
     issued rwts: total=102,0,0,0 short=0,0,0,0 dropped=0,0,0,0
     latency   : target=0, window=0, percentile=100.00%, depth=1

Run status group 0 (all jobs):
   READ: bw=763MiB/s (800MB/s), 763MiB/s-763MiB/s (800MB/s-800MB/s), io=1020MiB (1070MB), run=1337-1337msec

Disk stats (read/write):
  vdc: ios=0/0, sectors=0/0, merge=0/0, ticks=0/0, in_queue=0, util=0.00%
