buffered-write: (g=0): rw=write, bs=(R) 100MiB-100MiB, (W) 100MiB-100MiB, (T) 100MiB-100MiB, ioengine=psync, iodepth=1
fio-3.36
Starting 1 process

buffered-write: (groupid=0, jobs=1): err= 0: pid=2647: Fri Aug  8 21:34:06 2025
  write: IOPS=3, BW=359MiB/s (376MB/s)(1000MiB/2786msec); 0 zone resets
    clat (msec): min=128, max=134, avg=130.01, stdev= 2.10
     lat (msec): min=132, max=142, avg=136.21, stdev= 3.10
    clat percentiles (msec):
     |  1.00th=[  129],  5.00th=[  129], 10.00th=[  129], 20.00th=[  129],
     | 30.00th=[  129], 40.00th=[  129], 50.00th=[  130], 60.00th=[  130],
     | 70.00th=[  130], 80.00th=[  131], 90.00th=[  133], 95.00th=[  136],
     | 99.00th=[  136], 99.50th=[  136], 99.90th=[  136], 99.95th=[  136],
     | 99.99th=[  136]
   bw (  KiB/s): min=614400, max=819200, per=100.00%, avg=716800.00, stdev=144815.47, samples=2
   iops        : min=    6, max=    8, avg= 7.00, stdev= 1.41, samples=2
  lat (msec)   : 250=100.00%
  cpu          : usr=2.23%, sys=84.92%, ctx=18, majf=0, minf=12
  IO depths    : 1=100.0%, 2=0.0%, 4=0.0%, 8=0.0%, 16=0.0%, 32=0.0%, >=64=0.0%
     submit    : 0=0.0%, 4=100.0%, 8=0.0%, 16=0.0%, 32=0.0%, 64=0.0%, >=64=0.0%
     complete  : 0=0.0%, 4=100.0%, 8=0.0%, 16=0.0%, 32=0.0%, 64=0.0%, >=64=0.0%
     issued rwts: total=0,10,0,0 short=0,0,0,0 dropped=0,0,0,0
     latency   : target=0, window=0, percentile=100.00%, depth=1

Run status group 0 (all jobs):
  WRITE: bw=359MiB/s (376MB/s), 359MiB/s-359MiB/s (376MB/s-376MB/s), io=1000MiB (1049MB), run=2786-2786msec

Disk stats (read/write):
  vdc: ios=0/264, sectors=0/2048000, merge=0/1, ticks=0/157475, in_queue=157474, util=38.86%
