buffered-read: (g=0): rw=read, bs=(R) 1024KiB-1024KiB, (W) 1024KiB-1024KiB, (T) 1024KiB-1024KiB, ioengine=psync, iodepth=1
fio-3.36
Starting 1 process

buffered-read: (groupid=0, jobs=1): err= 0: pid=442: Fri Aug  8 21:24:50 2025
  read: IOPS=936, BW=937MiB/s (982MB/s)(1024MiB/1093msec)
    clat (usec): min=807, max=6805, avg=1056.38, stdev=341.76
     lat (usec): min=807, max=6919, avg=1057.17, stdev=343.87
    clat percentiles (usec):
     |  1.00th=[  881],  5.00th=[  906], 10.00th=[  914], 20.00th=[  938],
     | 30.00th=[  947], 40.00th=[  963], 50.00th=[  979], 60.00th=[ 1004],
     | 70.00th=[ 1057], 80.00th=[ 1123], 90.00th=[ 1205], 95.00th=[ 1336],
     | 99.00th=[ 2474], 99.50th=[ 2606], 99.90th=[ 6390], 99.95th=[ 6783],
     | 99.99th=[ 6783]
   bw (  KiB/s): min=942080, max=1019904, per=100.00%, avg=980992.00, stdev=55029.88, samples=2
   iops        : min=  920, max=  996, avg=958.00, stdev=53.74, samples=2
  lat (usec)   : 1000=59.38%
  lat (msec)   : 2=39.16%, 4=1.17%, 10=0.29%
  cpu          : usr=0.91%, sys=89.02%, ctx=36, majf=0, minf=268
  IO depths    : 1=100.0%, 2=0.0%, 4=0.0%, 8=0.0%, 16=0.0%, 32=0.0%, >=64=0.0%
     submit    : 0=0.0%, 4=100.0%, 8=0.0%, 16=0.0%, 32=0.0%, 64=0.0%, >=64=0.0%
     complete  : 0=0.0%, 4=100.0%, 8=0.0%, 16=0.0%, 32=0.0%, 64=0.0%, >=64=0.0%
     issued rwts: total=1024,0,0,0 short=0,0,0,0 dropped=0,0,0,0
     latency   : target=0, window=0, percentile=100.00%, depth=1

Run status group 0 (all jobs):
   READ: bw=937MiB/s (982MB/s), 937MiB/s-937MiB/s (982MB/s-982MB/s), io=1024MiB (1074MB), run=1093-1093msec

Disk stats (read/write):
  vdc: ios=850/0, sectors=1732624/0, merge=0/0, ticks=526/0, in_queue=526, util=46.01%
