buffered-read: (g=0): rw=read, bs=(R) 1024KiB-1024KiB, (W) 1024KiB-1024KiB, (T) 1024KiB-1024KiB, ioengine=psync, iodepth=1
fio-3.36
Starting 1 process

buffered-read: (groupid=0, jobs=1): err= 0: pid=610: Fri Aug  8 21:25:12 2025
  read: IOPS=984, BW=985MiB/s (1032MB/s)(1024MiB/1040msec)
    clat (usec): min=260, max=16583, avg=1001.75, stdev=506.27
     lat (usec): min=261, max=16584, avg=1003.26, stdev=506.96
    clat percentiles (usec):
     |  1.00th=[  824],  5.00th=[  857], 10.00th=[  889], 20.00th=[  914],
     | 30.00th=[  938], 40.00th=[  955], 50.00th=[  963], 60.00th=[  988],
     | 70.00th=[ 1012], 80.00th=[ 1045], 90.00th=[ 1106], 95.00th=[ 1156],
     | 99.00th=[ 1254], 99.50th=[ 1303], 99.90th=[ 4228], 99.95th=[16581],
     | 99.99th=[16581]
   bw (  KiB/s): min=987136, max=1030144, per=100.00%, avg=1008640.00, stdev=30411.25, samples=2
   iops        : min=  964, max= 1006, avg=985.00, stdev=29.70, samples=2
  lat (usec)   : 500=0.10%, 1000=66.99%
  lat (msec)   : 2=32.71%, 10=0.10%, 20=0.10%
  cpu          : usr=2.50%, sys=89.12%, ctx=7, majf=0, minf=269
  IO depths    : 1=100.0%, 2=0.0%, 4=0.0%, 8=0.0%, 16=0.0%, 32=0.0%, >=64=0.0%
     submit    : 0=0.0%, 4=100.0%, 8=0.0%, 16=0.0%, 32=0.0%, 64=0.0%, >=64=0.0%
     complete  : 0=0.0%, 4=100.0%, 8=0.0%, 16=0.0%, 32=0.0%, 64=0.0%, >=64=0.0%
     issued rwts: total=1024,0,0,0 short=0,0,0,0 dropped=0,0,0,0
     latency   : target=0, window=0, percentile=100.00%, depth=1

Run status group 0 (all jobs):
   READ: bw=985MiB/s (1032MB/s), 985MiB/s-985MiB/s (1032MB/s-1032MB/s), io=1024MiB (1074MB), run=1040-1040msec

Disk stats (read/write):
  vdc: ios=856/0, sectors=1740816/0, merge=0/0, ticks=300/0, in_queue=300, util=22.20%
