buffered-read: (g=0): rw=read, bs=(R) 4096B-4096B, (W) 4096B-4096B, (T) 4096B-4096B, ioengine=psync, iodepth=1
fio-3.36
Starting 1 process

buffered-read: (groupid=0, jobs=1): err= 0: pid=1426: Fri Aug  8 21:27:01 2025
  read: IOPS=115k, BW=449MiB/s (471MB/s)(1024MiB/2281msec)
    clat (usec): min=2, max=1140, avg= 7.07, stdev=25.07
     lat (usec): min=2, max=1251, avg= 7.40, stdev=25.30
    clat percentiles (usec):
     |  1.00th=[    3],  5.00th=[    3], 10.00th=[    3], 20.00th=[    3],
     | 30.00th=[    3], 40.00th=[    3], 50.00th=[    3], 60.00th=[    3],
     | 70.00th=[    3], 80.00th=[    4], 90.00th=[    4], 95.00th=[    6],
     | 99.00th=[  176], 99.50th=[  184], 99.90th=[  235], 99.95th=[  343],
     | 99.99th=[  379]
   bw (  KiB/s): min=452606, max=466592, per=100.00%, avg=459787.25, stdev=5722.47, samples=4
   iops        : min=113157, max=116654, avg=114950.50, stdev=1430.81, samples=4
  lat (usec)   : 4=92.54%, 10=3.50%, 20=0.53%, 50=0.58%, 100=1.22%
  lat (usec)   : 250=1.57%, 500=0.08%, 750=0.01%
  lat (msec)   : 2=0.01%
  cpu          : usr=41.82%, sys=45.77%, ctx=11, majf=0, minf=13
  IO depths    : 1=100.0%, 2=0.0%, 4=0.0%, 8=0.0%, 16=0.0%, 32=0.0%, >=64=0.0%
     submit    : 0=0.0%, 4=100.0%, 8=0.0%, 16=0.0%, 32=0.0%, 64=0.0%, >=64=0.0%
     complete  : 0=0.0%, 4=100.0%, 8=0.0%, 16=0.0%, 32=0.0%, 64=0.0%, >=64=0.0%
     issued rwts: total=262144,0,0,0 short=0,0,0,0 dropped=0,0,0,0
     latency   : target=0, window=0, percentile=100.00%, depth=1

Run status group 0 (all jobs):
   READ: bw=449MiB/s (471MB/s), 449MiB/s-449MiB/s (471MB/s-471MB/s), io=1024MiB (1074MB), run=2281-2281msec

Disk stats (read/write):
  vdc: ios=3784/0, sectors=1933808/0, merge=0/0, ticks=845/0, in_queue=845, util=31.49%
