buffered-write: (g=0): rw=write, bs=(R) 128KiB-128KiB, (W) 128KiB-128KiB, (T) 128KiB-128KiB, ioengine=psync, iodepth=1
fio-3.36
Starting 1 process

buffered-write: (groupid=0, jobs=1): err= 0: pid=3518: Fri Aug  8 21:36:32 2025
  write: IOPS=2831, BW=354MiB/s (371MB/s)(1024MiB/2893msec); 0 zone resets
    clat (usec): min=149, max=2737, avg=166.84, stdev=39.01
     lat (usec): min=150, max=2888, avg=168.18, stdev=40.24
    clat percentiles (usec):
     |  1.00th=[  151],  5.00th=[  153], 10.00th=[  155], 20.00th=[  155],
     | 30.00th=[  157], 40.00th=[  159], 50.00th=[  159], 60.00th=[  161],
     | 70.00th=[  165], 80.00th=[  169], 90.00th=[  184], 95.00th=[  198],
     | 99.00th=[  322], 99.50th=[  338], 99.90th=[  383], 99.95th=[  408],
     | 99.99th=[ 2737]
   bw (  KiB/s): min= 6400, max=754432, per=100.00%, avg=503552.00, stdev=430552.43, samples=3
   iops        : min=   50, max= 5894, avg=3934.00, stdev=3363.69, samples=3
  lat (usec)   : 250=98.24%, 500=1.73%
  lat (msec)   : 2=0.01%, 4=0.01%
  cpu          : usr=2.63%, sys=86.55%, ctx=23, majf=0, minf=12
  IO depths    : 1=100.0%, 2=0.0%, 4=0.0%, 8=0.0%, 16=0.0%, 32=0.0%, >=64=0.0%
     submit    : 0=0.0%, 4=100.0%, 8=0.0%, 16=0.0%, 32=0.0%, 64=0.0%, >=64=0.0%
     complete  : 0=0.0%, 4=100.0%, 8=0.0%, 16=0.0%, 32=0.0%, 64=0.0%, >=64=0.0%
     issued rwts: total=0,8192,0,0 short=0,0,0,0 dropped=0,0,0,0
     latency   : target=0, window=0, percentile=100.00%, depth=1

Run status group 0 (all jobs):
  WRITE: bw=354MiB/s (371MB/s), 354MiB/s-354MiB/s (371MB/s-371MB/s), io=1024MiB (1074MB), run=2893-2893msec

Disk stats (read/write):
  vdc: ios=0/282, sectors=0/2097152, merge=0/0, ticks=0/162461, in_queue=162461, util=38.52%
