buffered-read: (g=0): rw=read, bs=(R) 1024KiB-1024KiB, (W) 1024KiB-1024KiB, (T) 1024KiB-1024KiB, ioengine=psync, iodepth=1
fio-3.36
Starting 1 process

buffered-read: (groupid=0, jobs=1): err= 0: pid=414: Sat Aug  9 09:52:27 2025
  read: IOPS=730, BW=730MiB/s (766MB/s)(1024MiB/1402msec)
    clat (usec): min=239, max=36361, avg=1351.62, stdev=1740.66
     lat (usec): min=324, max=36482, avg=1353.30, stdev=1743.49
    clat percentiles (usec):
     |  1.00th=[  529],  5.00th=[  570], 10.00th=[  578], 20.00th=[  603],
     | 30.00th=[  619], 40.00th=[  635], 50.00th=[  660], 60.00th=[  709],
     | 70.00th=[  783], 80.00th=[ 1090], 90.00th=[ 3818], 95.00th=[ 4146],
     | 99.00th=[ 5342], 99.50th=[ 6128], 99.90th=[ 6652], 99.95th=[36439],
     | 99.99th=[36439]
   bw (  KiB/s): min=492582, max=1387816, per=100.00%, avg=940199.00, stdev=633026.03, samples=2
   iops        : min=  481, max= 1355, avg=918.00, stdev=618.01, samples=2
  lat (usec)   : 250=0.10%, 750=65.62%, 1000=13.48%
  lat (msec)   : 2=1.27%, 4=12.50%, 10=6.93%, 50=0.10%
  cpu          : usr=1.50%, sys=93.51%, ctx=2, majf=0, minf=270
  IO depths    : 1=100.0%, 2=0.0%, 4=0.0%, 8=0.0%, 16=0.0%, 32=0.0%, >=64=0.0%
     submit    : 0=0.0%, 4=100.0%, 8=0.0%, 16=0.0%, 32=0.0%, 64=0.0%, >=64=0.0%
     complete  : 0=0.0%, 4=100.0%, 8=0.0%, 16=0.0%, 32=0.0%, 64=0.0%, >=64=0.0%
     issued rwts: total=1024,0,0,0 short=0,0,0,0 dropped=0,0,0,0
     latency   : target=0, window=0, percentile=100.00%, depth=1

Run status group 0 (all jobs):
   READ: bw=730MiB/s (766MB/s), 730MiB/s-730MiB/s (766MB/s-766MB/s), io=1024MiB (1074MB), run=1402-1402msec

Disk stats (read/write):
  vdc: ios=0/0, sectors=0/0, merge=0/0, ticks=0/0, in_queue=0, util=0.00%
