buffered-write: (g=0): rw=write, bs=(R) 1024KiB-1024KiB, (W) 1024KiB-1024KiB, (T) 1024KiB-1024KiB, ioengine=psync, iodepth=1
fio-3.36
Starting 1 process

buffered-write: (groupid=0, jobs=1): err= 0: pid=2047: Fri Aug  8 21:32:44 2025
  write: IOPS=389, BW=389MiB/s (408MB/s)(1024MiB/2632msec); 0 zone resets
    clat (usec): min=1107, max=10795, avg=1206.17, stdev=322.19
     lat (usec): min=1121, max=10809, avg=1222.07, stdev=322.74
    clat percentiles (usec):
     |  1.00th=[ 1106],  5.00th=[ 1123], 10.00th=[ 1139], 20.00th=[ 1139],
     | 30.00th=[ 1156], 40.00th=[ 1156], 50.00th=[ 1172], 60.00th=[ 1188],
     | 70.00th=[ 1205], 80.00th=[ 1221], 90.00th=[ 1303], 95.00th=[ 1336],
     | 99.00th=[ 1467], 99.50th=[ 1827], 99.90th=[ 3818], 99.95th=[10814],
     | 99.99th=[10814]
   bw (  KiB/s): min=217088, max=843776, per=100.00%, avg=634197.33, stdev=361228.73, samples=3
   iops        : min=  212, max=  824, avg=619.33, stdev=352.76, samples=3
  lat (msec)   : 2=99.71%, 4=0.20%, 20=0.10%
  cpu          : usr=1.94%, sys=88.48%, ctx=22, majf=0, minf=13
  IO depths    : 1=100.0%, 2=0.0%, 4=0.0%, 8=0.0%, 16=0.0%, 32=0.0%, >=64=0.0%
     submit    : 0=0.0%, 4=100.0%, 8=0.0%, 16=0.0%, 32=0.0%, 64=0.0%, >=64=0.0%
     complete  : 0=0.0%, 4=100.0%, 8=0.0%, 16=0.0%, 32=0.0%, 64=0.0%, >=64=0.0%
     issued rwts: total=0,1024,0,0 short=0,0,0,0 dropped=0,0,0,0
     latency   : target=0, window=0, percentile=100.00%, depth=1

Run status group 0 (all jobs):
  WRITE: bw=389MiB/s (408MB/s), 389MiB/s-389MiB/s (408MB/s-408MB/s), io=1024MiB (1074MB), run=2632-2632msec

Disk stats (read/write):
  vdc: ios=0/278, sectors=0/2097152, merge=0/0, ticks=0/149362, in_queue=149363, util=38.68%
