buffered-write: (g=0): rw=write, bs=(R) 10.0MiB-10.0MiB, (W) 10.0MiB-10.0MiB, (T) 10.0MiB-10.0MiB, ioengine=psync, iodepth=1
fio-3.36
Starting 1 process

buffered-write: (groupid=0, jobs=1): err= 0: pid=2257: Fri Aug  8 21:33:12 2025
  write: IOPS=52, BW=527MiB/s (552MB/s)(1020MiB/1936msec); 0 zone resets
    clat (usec): min=12420, max=13567, avg=12784.93, stdev=209.10
     lat (usec): min=12788, max=14468, avg=13183.73, stdev=236.77
    clat percentiles (usec):
     |  1.00th=[12387],  5.00th=[12518], 10.00th=[12518], 20.00th=[12649],
     | 30.00th=[12649], 40.00th=[12780], 50.00th=[12780], 60.00th=[12780],
     | 70.00th=[12780], 80.00th=[12911], 90.00th=[13042], 95.00th=[13173],
     | 99.00th=[13304], 99.50th=[13566], 99.90th=[13566], 99.95th=[13566],
     | 99.99th=[13566]
   bw (  KiB/s): min=633612, max=778240, per=100.00%, avg=705926.00, stdev=102267.44, samples=2
   iops        : min=   61, max=   76, avg=68.50, stdev=10.61, samples=2
  lat (msec)   : 20=100.00%
  cpu          : usr=2.22%, sys=92.56%, ctx=11, majf=0, minf=12
  IO depths    : 1=100.0%, 2=0.0%, 4=0.0%, 8=0.0%, 16=0.0%, 32=0.0%, >=64=0.0%
     submit    : 0=0.0%, 4=100.0%, 8=0.0%, 16=0.0%, 32=0.0%, 64=0.0%, >=64=0.0%
     complete  : 0=0.0%, 4=100.0%, 8=0.0%, 16=0.0%, 32=0.0%, 64=0.0%, >=64=0.0%
     issued rwts: total=0,102,0,0 short=0,0,0,0 dropped=0,0,0,0
     latency   : target=0, window=0, percentile=100.00%, depth=1

Run status group 0 (all jobs):
  WRITE: bw=527MiB/s (552MB/s), 527MiB/s-527MiB/s (552MB/s-552MB/s), io=1020MiB (1070MB), run=1936-1936msec

Disk stats (read/write):
  vdc: ios=0/143, sectors=0/1164488, merge=0/0, ticks=0/122992, in_queue=122992, util=23.45%
