buffered-write: (g=0): rw=write, bs=(R) 100MiB-100MiB, (W) 100MiB-100MiB, (T) 100MiB-100MiB, ioengine=psync, iodepth=1
fio-3.36
Starting 1 process

buffered-write: (groupid=0, jobs=1): err= 0: pid=2617: Fri Aug  8 21:34:02 2025
  write: IOPS=3, BW=397MiB/s (416MB/s)(1000MiB/2521msec); 0 zone resets
    clat (msec): min=127, max=130, avg=128.05, stdev= 1.08
     lat (msec): min=131, max=135, avg=133.95, stdev= 1.30
    clat percentiles (msec):
     |  1.00th=[  128],  5.00th=[  128], 10.00th=[  128], 20.00th=[  128],
     | 30.00th=[  128], 40.00th=[  128], 50.00th=[  128], 60.00th=[  128],
     | 70.00th=[  129], 80.00th=[  129], 90.00th=[  129], 95.00th=[  131],
     | 99.00th=[  131], 99.50th=[  131], 99.90th=[  131], 99.95th=[  131],
     | 99.99th=[  131]
   bw (  KiB/s): min=408782, max=819200, per=100.00%, avg=614127.33, stdev=205209.14, samples=3
   iops        : min=    3, max=    8, avg= 5.67, stdev= 2.52, samples=3
  lat (msec)   : 250=100.00%
  cpu          : usr=2.14%, sys=73.33%, ctx=13, majf=0, minf=12
  IO depths    : 1=100.0%, 2=0.0%, 4=0.0%, 8=0.0%, 16=0.0%, 32=0.0%, >=64=0.0%
     submit    : 0=0.0%, 4=100.0%, 8=0.0%, 16=0.0%, 32=0.0%, 64=0.0%, >=64=0.0%
     complete  : 0=0.0%, 4=100.0%, 8=0.0%, 16=0.0%, 32=0.0%, 64=0.0%, >=64=0.0%
     issued rwts: total=0,10,0,0 short=0,0,0,0 dropped=0,0,0,0
     latency   : target=0, window=0, percentile=100.00%, depth=1

Run status group 0 (all jobs):
  WRITE: bw=397MiB/s (416MB/s), 397MiB/s-397MiB/s (416MB/s-416MB/s), io=1000MiB (1049MB), run=2521-2521msec

Disk stats (read/write):
  vdc: ios=0/261, sectors=0/2045968, merge=0/0, ticks=0/165824, in_queue=165825, util=43.69%
