buffered-read: (g=0): rw=read, bs=(R) 100MiB-100MiB, (W) 100MiB-100MiB, (T) 100MiB-100MiB, ioengine=psync, iodepth=1
fio-3.36
Starting 1 process

buffered-read: (groupid=0, jobs=1): err= 0: pid=898: Fri Aug  8 21:25:48 2025
  read: IOPS=9, BW=953MiB/s (1000MB/s)(1000MiB/1049msec)
    clat (msec): min=89, max=172, avg=104.56, stdev=25.52
     lat (msec): min=89, max=172, avg=104.57, stdev=25.53
    clat percentiles (msec):
     |  1.00th=[   90],  5.00th=[   90], 10.00th=[   90], 20.00th=[   92],
     | 30.00th=[   94], 40.00th=[   95], 50.00th=[   95], 60.00th=[   95],
     | 70.00th=[   95], 80.00th=[   99], 90.00th=[  121], 95.00th=[  174],
     | 99.00th=[  174], 99.50th=[  174], 99.90th=[  174], 99.95th=[  174],
     | 99.99th=[  174]
   bw (  KiB/s): min=819200, max=1024000, per=94.41%, avg=921600.00, stdev=144815.47, samples=2
   iops        : min=    8, max=   10, avg= 9.00, stdev= 1.41, samples=2
  lat (msec)   : 100=80.00%, 250=20.00%
  cpu          : usr=0.57%, sys=88.75%, ctx=19, majf=0, minf=574
  IO depths    : 1=100.0%, 2=0.0%, 4=0.0%, 8=0.0%, 16=0.0%, 32=0.0%, >=64=0.0%
     submit    : 0=0.0%, 4=100.0%, 8=0.0%, 16=0.0%, 32=0.0%, 64=0.0%, >=64=0.0%
     complete  : 0=0.0%, 4=100.0%, 8=0.0%, 16=0.0%, 32=0.0%, 64=0.0%, >=64=0.0%
     issued rwts: total=10,0,0,0 short=0,0,0,0 dropped=0,0,0,0
     latency   : target=0, window=0, percentile=100.00%, depth=1

Run status group 0 (all jobs):
   READ: bw=953MiB/s (1000MB/s), 953MiB/s-953MiB/s (1000MB/s-1000MB/s), io=1000MiB (1049MB), run=1049-1049msec

Disk stats (read/write):
  vdc: ios=229/0, sectors=1826832/0, merge=0/0, ticks=209/0, in_queue=209, util=17.70%
