buffered-write: (g=0): rw=write, bs=(R) 1024KiB-1024KiB, (W) 1024KiB-1024KiB, (T) 1024KiB-1024KiB, ioengine=psync, iodepth=1
fio-3.36
Starting 1 process

buffered-write: (groupid=0, jobs=1): err= 0: pid=1927: Fri Aug  8 21:32:28 2025
  write: IOPS=581, BW=581MiB/s (610MB/s)(1024MiB/1761msec); 0 zone resets
    clat (usec): min=1105, max=11313, avg=1336.55, stdev=498.97
     lat (usec): min=1122, max=11341, avg=1361.72, stdev=499.30
    clat percentiles (usec):
     |  1.00th=[ 1123],  5.00th=[ 1123], 10.00th=[ 1139], 20.00th=[ 1156],
     | 30.00th=[ 1172], 40.00th=[ 1205], 50.00th=[ 1237], 60.00th=[ 1287],
     | 70.00th=[ 1369], 80.00th=[ 1483], 90.00th=[ 1582], 95.00th=[ 1647],
     | 99.00th=[ 2057], 99.50th=[ 3687], 99.90th=[10814], 99.95th=[11338],
     | 99.99th=[11338]
   bw (  KiB/s): min=185996, max=780288, per=95.60%, avg=569220.00, stdev=332451.52, samples=3
   iops        : min=  181, max=  762, avg=555.67, stdev=325.03, samples=3
  lat (msec)   : 2=98.93%, 4=0.88%, 20=0.20%
  cpu          : usr=3.12%, sys=90.35%, ctx=281, majf=0, minf=13
  IO depths    : 1=100.0%, 2=0.0%, 4=0.0%, 8=0.0%, 16=0.0%, 32=0.0%, >=64=0.0%
     submit    : 0=0.0%, 4=100.0%, 8=0.0%, 16=0.0%, 32=0.0%, 64=0.0%, >=64=0.0%
     complete  : 0=0.0%, 4=100.0%, 8=0.0%, 16=0.0%, 32=0.0%, 64=0.0%, >=64=0.0%
     issued rwts: total=0,1024,0,0 short=0,0,0,0 dropped=0,0,0,0
     latency   : target=0, window=0, percentile=100.00%, depth=1

Run status group 0 (all jobs):
  WRITE: bw=581MiB/s (610MB/s), 581MiB/s-581MiB/s (610MB/s-610MB/s), io=1024MiB (1074MB), run=1761-1761msec

Disk stats (read/write):
  vdc: ios=232/0, sectors=1856/0, merge=0/0, ticks=71/0, in_queue=71, util=3.93%
