buffered-read: (g=0): rw=read, bs=(R) 100MiB-100MiB, (W) 100MiB-100MiB, (T) 100MiB-100MiB, ioengine=psync, iodepth=1
fio-3.36
Starting 1 process

buffered-read: (groupid=0, jobs=1): err= 0: pid=1114: Fri Aug  8 21:26:15 2025
  read: IOPS=10, BW=1027MiB/s (1077MB/s)(1000MiB/974msec)
    clat (msec): min=93, max=119, avg=97.02, stdev= 7.91
     lat (msec): min=93, max=119, avg=97.03, stdev= 7.95
    clat percentiles (msec):
     |  1.00th=[   93],  5.00th=[   93], 10.00th=[   93], 20.00th=[   94],
     | 30.00th=[   94], 40.00th=[   94], 50.00th=[   94], 60.00th=[   94],
     | 70.00th=[   95], 80.00th=[   96], 90.00th=[   97], 95.00th=[  120],
     | 99.00th=[  120], 99.50th=[  120], 99.90th=[  120], 99.95th=[  120],
     | 99.99th=[  120]
   bw (  KiB/s): min=819200, max=819200, per=77.92%, avg=819200.00, stdev= 0.00, samples=1
   iops        : min=    8, max=    8, avg= 8.00, stdev= 0.00, samples=1
  lat (msec)   : 100=90.00%, 250=10.00%
  cpu          : usr=0.21%, sys=95.68%, ctx=5, majf=0, minf=573
  IO depths    : 1=100.0%, 2=0.0%, 4=0.0%, 8=0.0%, 16=0.0%, 32=0.0%, >=64=0.0%
     submit    : 0=0.0%, 4=100.0%, 8=0.0%, 16=0.0%, 32=0.0%, 64=0.0%, >=64=0.0%
     complete  : 0=0.0%, 4=100.0%, 8=0.0%, 16=0.0%, 32=0.0%, 64=0.0%, >=64=0.0%
     issued rwts: total=10,0,0,0 short=0,0,0,0 dropped=0,0,0,0
     latency   : target=0, window=0, percentile=100.00%, depth=1

Run status group 0 (all jobs):
   READ: bw=1027MiB/s (1077MB/s), 1027MiB/s-1027MiB/s (1077MB/s-1077MB/s), io=1000MiB (1049MB), run=974-974msec

Disk stats (read/write):
  vdc: ios=227/0, sectors=1835024/0, merge=0/0, ticks=211/0, in_queue=211, util=18.00%
