buffered-read: (g=0): rw=read, bs=(R) 4096B-4096B, (W) 4096B-4096B, (T) 4096B-4096B, ioengine=psync, iodepth=1
fio-3.36
Starting 1 process

buffered-read: (groupid=0, jobs=1): err= 0: pid=1519: Sat Aug  9 07:14:39 2025
  read: IOPS=109k, BW=427MiB/s (447MB/s)(1024MiB/2400msec)
    clat (usec): min=2, max=1286, avg= 7.18, stdev=34.33
     lat (usec): min=2, max=1287, avg= 7.46, stdev=34.35
    clat percentiles (usec):
     |  1.00th=[    3],  5.00th=[    3], 10.00th=[    3], 20.00th=[    3],
     | 30.00th=[    3], 40.00th=[    3], 50.00th=[    3], 60.00th=[    3],
     | 70.00th=[    3], 80.00th=[    3], 90.00th=[    4], 95.00th=[    4],
     | 99.00th=[  255], 99.50th=[  273], 99.90th=[  326], 99.95th=[  420],
     | 99.99th=[  482]
   bw (  KiB/s): min=407440, max=448606, per=99.44%, avg=434439.50, stdev=18370.46, samples=4
   iops        : min=101868, max=112151, avg=108613.75, stdev=4589.43, samples=4
  lat (usec)   : 4=95.54%, 10=2.64%, 20=0.15%, 50=0.06%, 100=0.03%
  lat (usec)   : 250=0.28%, 500=1.28%, 750=0.01%, 1000=0.01%
  lat (msec)   : 2=0.01%
  cpu          : usr=52.36%, sys=46.69%, ctx=3, majf=0, minf=13
  IO depths    : 1=100.0%, 2=0.0%, 4=0.0%, 8=0.0%, 16=0.0%, 32=0.0%, >=64=0.0%
     submit    : 0=0.0%, 4=100.0%, 8=0.0%, 16=0.0%, 32=0.0%, 64=0.0%, >=64=0.0%
     complete  : 0=0.0%, 4=100.0%, 8=0.0%, 16=0.0%, 32=0.0%, 64=0.0%, >=64=0.0%
     issued rwts: total=262144,0,0,0 short=0,0,0,0 dropped=0,0,0,0
     latency   : target=0, window=0, percentile=100.00%, depth=1

Run status group 0 (all jobs):
   READ: bw=427MiB/s (447MB/s), 427MiB/s-427MiB/s (447MB/s-447MB/s), io=1024MiB (1074MB), run=2400-2400msec

Disk stats (read/write):
  vdc: ios=0/0, sectors=0/0, merge=0/0, ticks=0/0, in_queue=0, util=0.00%
