buffered-read: (g=0): rw=read, bs=(R) 10.0MiB-10.0MiB, (W) 10.0MiB-10.0MiB, (T) 10.0MiB-10.0MiB, ioengine=psync, iodepth=1
fio-3.36
Starting 1 process

buffered-read: (groupid=0, jobs=1): err= 0: pid=730: Fri Aug  8 21:25:26 2025
  read: IOPS=99, BW=997MiB/s (1046MB/s)(1020MiB/1023msec)
    clat (usec): min=7659, max=23571, avg=9964.17, stdev=1917.43
     lat (usec): min=7723, max=23686, avg=9969.61, stdev=1923.09
    clat percentiles (usec):
     |  1.00th=[ 7701],  5.00th=[ 7832], 10.00th=[ 8029], 20.00th=[ 8586],
     | 30.00th=[ 8848], 40.00th=[ 9110], 50.00th=[ 9765], 60.00th=[10552],
     | 70.00th=[11076], 80.00th=[11338], 90.00th=[11600], 95.00th=[11600],
     | 99.00th=[11863], 99.50th=[23462], 99.90th=[23462], 99.95th=[23462],
     | 99.99th=[23462]
   bw (  KiB/s): min=983040, max=1044480, per=99.29%, avg=1013760.00, stdev=43444.64, samples=2
   iops        : min=   96, max=  102, avg=99.00, stdev= 4.24, samples=2
  lat (msec)   : 10=50.00%, 20=49.02%, 50=0.98%
  cpu          : usr=0.98%, sys=93.65%, ctx=8, majf=0, minf=528
  IO depths    : 1=100.0%, 2=0.0%, 4=0.0%, 8=0.0%, 16=0.0%, 32=0.0%, >=64=0.0%
     submit    : 0=0.0%, 4=100.0%, 8=0.0%, 16=0.0%, 32=0.0%, 64=0.0%, >=64=0.0%
     complete  : 0=0.0%, 4=100.0%, 8=0.0%, 16=0.0%, 32=0.0%, 64=0.0%, >=64=0.0%
     issued rwts: total=102,0,0,0 short=0,0,0,0 dropped=0,0,0,0
     latency   : target=0, window=0, percentile=100.00%, depth=1

Run status group 0 (all jobs):
   READ: bw=997MiB/s (1046MB/s), 997MiB/s-997MiB/s (1046MB/s-1046MB/s), io=1020MiB (1070MB), run=1023-1023msec

Disk stats (read/write):
  vdc: ios=216/0, sectors=1744912/0, merge=0/0, ticks=244/0, in_queue=244, util=23.00%
