buffered-read: (g=0): rw=read, bs=(R) 1024KiB-1024KiB, (W) 1024KiB-1024KiB, (T) 1024KiB-1024KiB, ioengine=psync, iodepth=1
fio-3.36
Starting 1 process

buffered-read: (groupid=0, jobs=1): err= 0: pid=634: Fri Aug  8 21:25:15 2025
  read: IOPS=978, BW=978MiB/s (1026MB/s)(1024MiB/1047msec)
    clat (usec): min=261, max=10926, avg=1007.83, stdev=553.51
     lat (usec): min=262, max=10926, avg=1009.60, stdev=554.15
    clat percentiles (usec):
     |  1.00th=[  832],  5.00th=[  848], 10.00th=[  865], 20.00th=[  914],
     | 30.00th=[  930], 40.00th=[  938], 50.00th=[  955], 60.00th=[  988],
     | 70.00th=[ 1012], 80.00th=[ 1045], 90.00th=[ 1106], 95.00th=[ 1156],
     | 99.00th=[ 1237], 99.50th=[ 1418], 99.90th=[10814], 99.95th=[10945],
     | 99.99th=[10945]
   bw (  KiB/s): min=978944, max=1042432, per=100.00%, avg=1010688.00, stdev=44892.80, samples=2
   iops        : min=  956, max= 1018, avg=987.00, stdev=43.84, samples=2
  lat (usec)   : 500=0.10%, 1000=66.02%
  lat (msec)   : 2=33.50%, 10=0.10%, 20=0.29%
  cpu          : usr=3.06%, sys=88.24%, ctx=5, majf=0, minf=269
  IO depths    : 1=100.0%, 2=0.0%, 4=0.0%, 8=0.0%, 16=0.0%, 32=0.0%, >=64=0.0%
     submit    : 0=0.0%, 4=100.0%, 8=0.0%, 16=0.0%, 32=0.0%, 64=0.0%, >=64=0.0%
     complete  : 0=0.0%, 4=100.0%, 8=0.0%, 16=0.0%, 32=0.0%, 64=0.0%, >=64=0.0%
     issued rwts: total=1024,0,0,0 short=0,0,0,0 dropped=0,0,0,0
     latency   : target=0, window=0, percentile=100.00%, depth=1

Run status group 0 (all jobs):
   READ: bw=978MiB/s (1026MB/s), 978MiB/s-978MiB/s (1026MB/s-1026MB/s), io=1024MiB (1074MB), run=1047-1047msec

Disk stats (read/write):
  vdc: ios=847/0, sectors=1730576/0, merge=0/0, ticks=299/0, in_queue=299, util=24.84%
