buffered-write: (g=0): rw=write, bs=(R) 10.0MiB-10.0MiB, (W) 10.0MiB-10.0MiB, (T) 10.0MiB-10.0MiB, ioengine=psync, iodepth=1
fio-3.36
Starting 1 process

buffered-write: (groupid=0, jobs=1): err= 0: pid=2347: Fri Aug  8 21:33:23 2025
  write: IOPS=48, BW=480MiB/s (503MB/s)(1020MiB/2125msec); 0 zone resets
    clat (usec): min=11994, max=13464, avg=12313.31, stdev=215.65
     lat (usec): min=12361, max=14257, avg=12709.32, stdev=247.07
    clat percentiles (usec):
     |  1.00th=[11994],  5.00th=[12125], 10.00th=[12125], 20.00th=[12125],
     | 30.00th=[12256], 40.00th=[12256], 50.00th=[12256], 60.00th=[12256],
     | 70.00th=[12387], 80.00th=[12387], 90.00th=[12518], 95.00th=[12649],
     | 99.00th=[13042], 99.50th=[13435], 99.90th=[13435], 99.95th=[13435],
     | 99.99th=[13435]
   bw (  KiB/s): min=265708, max=817564, per=100.00%, avg=627330.67, stdev=313316.12, samples=3
   iops        : min=   25, max=   79, avg=60.67, stdev=30.89, samples=3
  lat (msec)   : 20=100.00%
  cpu          : usr=1.79%, sys=82.16%, ctx=14, majf=0, minf=12
  IO depths    : 1=100.0%, 2=0.0%, 4=0.0%, 8=0.0%, 16=0.0%, 32=0.0%, >=64=0.0%
     submit    : 0=0.0%, 4=100.0%, 8=0.0%, 16=0.0%, 32=0.0%, 64=0.0%, >=64=0.0%
     complete  : 0=0.0%, 4=100.0%, 8=0.0%, 16=0.0%, 32=0.0%, 64=0.0%, >=64=0.0%
     issued rwts: total=0,102,0,0 short=0,0,0,0 dropped=0,0,0,0
     latency   : target=0, window=0, percentile=100.00%, depth=1

Run status group 0 (all jobs):
  WRITE: bw=480MiB/s (503MB/s), 480MiB/s-480MiB/s (503MB/s-503MB/s), io=1020MiB (1070MB), run=2125-2125msec

Disk stats (read/write):
  vdc: ios=0/158, sectors=0/1275048, merge=0/0, ticks=0/144130, in_queue=144130, util=28.71%
