buffered-write: (g=0): rw=write, bs=(R) 1024KiB-1024KiB, (W) 1024KiB-1024KiB, (T) 1024KiB-1024KiB, ioengine=psync, iodepth=1
fio-3.36
Starting 1 process

buffered-write: (groupid=0, jobs=1): err= 0: pid=2197: Fri Aug  8 21:33:04 2025
  write: IOPS=376, BW=377MiB/s (395MB/s)(1024MiB/2719msec); 0 zone resets
    clat (usec): min=1133, max=3970, avg=1213.24, stdev=107.49
     lat (usec): min=1148, max=4217, avg=1228.17, stdev=113.47
    clat percentiles (usec):
     |  1.00th=[ 1139],  5.00th=[ 1156], 10.00th=[ 1156], 20.00th=[ 1172],
     | 30.00th=[ 1172], 40.00th=[ 1172], 50.00th=[ 1188], 60.00th=[ 1205],
     | 70.00th=[ 1221], 80.00th=[ 1237], 90.00th=[ 1319], 95.00th=[ 1352],
     | 99.00th=[ 1418], 99.50th=[ 1418], 99.90th=[ 1549], 99.95th=[ 3982],
     | 99.99th=[ 3982]
   bw (  KiB/s): min=71680, max=835584, per=100.00%, avg=580266.67, stdev=440450.16, samples=3
   iops        : min=   70, max=  816, avg=566.67, stdev=430.13, samples=3
  lat (msec)   : 2=99.90%, 4=0.10%
  cpu          : usr=0.48%, sys=86.57%, ctx=25, majf=0, minf=12
  IO depths    : 1=100.0%, 2=0.0%, 4=0.0%, 8=0.0%, 16=0.0%, 32=0.0%, >=64=0.0%
     submit    : 0=0.0%, 4=100.0%, 8=0.0%, 16=0.0%, 32=0.0%, 64=0.0%, >=64=0.0%
     complete  : 0=0.0%, 4=100.0%, 8=0.0%, 16=0.0%, 32=0.0%, 64=0.0%, >=64=0.0%
     issued rwts: total=0,1024,0,0 short=0,0,0,0 dropped=0,0,0,0
     latency   : target=0, window=0, percentile=100.00%, depth=1

Run status group 0 (all jobs):
  WRITE: bw=377MiB/s (395MB/s), 377MiB/s-377MiB/s (395MB/s-395MB/s), io=1024MiB (1074MB), run=2719-2719msec

Disk stats (read/write):
  vdc: ios=0/273, sectors=0/2097152, merge=0/1, ticks=0/159094, in_queue=159094, util=40.19%
