buffered-read: (g=0): rw=read, bs=(R) 100MiB-100MiB, (W) 100MiB-100MiB, (T) 100MiB-100MiB, ioengine=psync, iodepth=1
fio-3.36
Starting 1 process

buffered-read: (groupid=0, jobs=1): err= 0: pid=994: Fri Aug  8 21:26:00 2025
  read: IOPS=9, BW=962MiB/s (1008MB/s)(1000MiB/1040msec)
    clat (msec): min=90, max=146, avg=103.68, stdev=21.42
     lat (msec): min=90, max=146, avg=103.70, stdev=21.45
    clat percentiles (msec):
     |  1.00th=[   91],  5.00th=[   91], 10.00th=[   91], 20.00th=[   92],
     | 30.00th=[   93], 40.00th=[   94], 50.00th=[   95], 60.00th=[   95],
     | 70.00th=[   95], 80.00th=[   95], 90.00th=[  142], 95.00th=[  148],
     | 99.00th=[  148], 99.50th=[  148], 99.90th=[  148], 99.95th=[  148],
     | 99.99th=[  148]
   bw (  KiB/s): min=817564, max=1024000, per=93.52%, avg=920782.00, stdev=145972.30, samples=2
   iops        : min=    7, max=   10, avg= 8.50, stdev= 2.12, samples=2
  lat (msec)   : 100=80.00%, 250=20.00%
  cpu          : usr=0.00%, sys=91.73%, ctx=12, majf=0, minf=574
  IO depths    : 1=100.0%, 2=0.0%, 4=0.0%, 8=0.0%, 16=0.0%, 32=0.0%, >=64=0.0%
     submit    : 0=0.0%, 4=100.0%, 8=0.0%, 16=0.0%, 32=0.0%, 64=0.0%, >=64=0.0%
     complete  : 0=0.0%, 4=100.0%, 8=0.0%, 16=0.0%, 32=0.0%, 64=0.0%, >=64=0.0%
     issued rwts: total=10,0,0,0 short=0,0,0,0 dropped=0,0,0,0
     latency   : target=0, window=0, percentile=100.00%, depth=1

Run status group 0 (all jobs):
   READ: bw=962MiB/s (1008MB/s), 962MiB/s-962MiB/s (1008MB/s-1008MB/s), io=1000MiB (1049MB), run=1040-1040msec

Disk stats (read/write):
  vdc: ios=228/0, sectors=1794064/0, merge=2/0, ticks=261/0, in_queue=261, util=24.67%
