buffered-read: (g=0): rw=read, bs=(R) 4096B-4096B, (W) 4096B-4096B, (T) 4096B-4096B, ioengine=psync, iodepth=1
fio-3.36
Starting 1 process

buffered-read: (groupid=0, jobs=1): err= 0: pid=1402: Fri Aug  8 21:26:56 2025
  read: IOPS=110k, BW=429MiB/s (450MB/s)(1024MiB/2387msec)
    clat (usec): min=2, max=959, avg= 7.44, stdev=26.03
     lat (usec): min=2, max=1072, avg= 7.69, stdev=26.13
    clat percentiles (usec):
     |  1.00th=[    3],  5.00th=[    3], 10.00th=[    3], 20.00th=[    3],
     | 30.00th=[    3], 40.00th=[    4], 50.00th=[    4], 60.00th=[    4],
     | 70.00th=[    4], 80.00th=[    4], 90.00th=[    4], 95.00th=[    8],
     | 99.00th=[  180], 99.50th=[  192], 99.90th=[  245], 99.95th=[  355],
     | 99.99th=[  412]
   bw (  KiB/s): min=416055, max=456096, per=100.00%, avg=441001.50, stdev=17956.43, samples=4
   iops        : min=104013, max=114042, avg=110266.00, stdev=4500.68, samples=4
  lat (usec)   : 4=91.75%, 10=4.10%, 20=0.59%, 50=0.58%, 100=1.33%
  lat (usec)   : 250=1.54%, 500=0.09%, 750=0.01%, 1000=0.01%
  cpu          : usr=42.50%, sys=45.35%, ctx=11, majf=0, minf=13
  IO depths    : 1=100.0%, 2=0.0%, 4=0.0%, 8=0.0%, 16=0.0%, 32=0.0%, >=64=0.0%
     submit    : 0=0.0%, 4=100.0%, 8=0.0%, 16=0.0%, 32=0.0%, 64=0.0%, >=64=0.0%
     complete  : 0=0.0%, 4=100.0%, 8=0.0%, 16=0.0%, 32=0.0%, 64=0.0%, >=64=0.0%
     issued rwts: total=262144,0,0,0 short=0,0,0,0 dropped=0,0,0,0
     latency   : target=0, window=0, percentile=100.00%, depth=1

Run status group 0 (all jobs):
   READ: bw=429MiB/s (450MB/s), 429MiB/s-429MiB/s (450MB/s-450MB/s), io=1024MiB (1074MB), run=2387-2387msec

Disk stats (read/write):
  vdc: ios=4068/0, sectors=2079216/0, merge=0/0, ticks=896/0, in_queue=896, util=30.94%
