buffered-write: (g=0): rw=write, bs=(R) 10.0MiB-10.0MiB, (W) 10.0MiB-10.0MiB, (T) 10.0MiB-10.0MiB, ioengine=psync, iodepth=1
fio-3.36
Starting 1 process

buffered-write: (groupid=0, jobs=1): err= 0: pid=2497: Fri Aug  8 21:33:45 2025
  write: IOPS=32, BW=325MiB/s (341MB/s)(1020MiB/3138msec); 0 zone resets
    clat (usec): min=12223, max=15070, avg=12705.71, stdev=557.31
     lat (usec): min=12609, max=16254, avg=13190.28, stdev=714.11
    clat percentiles (usec):
     |  1.00th=[12256],  5.00th=[12256], 10.00th=[12256], 20.00th=[12387],
     | 30.00th=[12387], 40.00th=[12518], 50.00th=[12518], 60.00th=[12518],
     | 70.00th=[12649], 80.00th=[12911], 90.00th=[13698], 95.00th=[13829],
     | 99.00th=[14615], 99.50th=[15008], 99.90th=[15008], 99.95th=[15008],
     | 99.99th=[15008]
   bw (  KiB/s): min=286147, max=798720, per=100.00%, avg=621035.67, stdev=290202.81, samples=3
   iops        : min=   27, max=   78, avg=60.33, stdev=28.88, samples=3
  lat (msec)   : 20=100.00%
  cpu          : usr=1.59%, sys=85.12%, ctx=19, majf=0, minf=12
  IO depths    : 1=100.0%, 2=0.0%, 4=0.0%, 8=0.0%, 16=0.0%, 32=0.0%, >=64=0.0%
     submit    : 0=0.0%, 4=100.0%, 8=0.0%, 16=0.0%, 32=0.0%, 64=0.0%, >=64=0.0%
     complete  : 0=0.0%, 4=100.0%, 8=0.0%, 16=0.0%, 32=0.0%, 64=0.0%, >=64=0.0%
     issued rwts: total=0,102,0,0 short=0,0,0,0 dropped=0,0,0,0
     latency   : target=0, window=0, percentile=100.00%, depth=1

Run status group 0 (all jobs):
  WRITE: bw=325MiB/s (341MB/s), 325MiB/s-325MiB/s (341MB/s-341MB/s), io=1020MiB (1070MB), run=3138-3138msec

Disk stats (read/write):
  vdc: ios=0/286, sectors=0/2088960, merge=0/0, ticks=0/188435, in_queue=188435, util=41.04%
