buffered-write: (g=0): rw=write, bs=(R) 128KiB-128KiB, (W) 128KiB-128KiB, (T) 128KiB-128KiB, ioengine=psync, iodepth=1
fio-3.36
Starting 1 process

buffered-write: (groupid=0, jobs=1): err= 0: pid=3668: Fri Aug  8 21:36:53 2025
  write: IOPS=2793, BW=349MiB/s (366MB/s)(1024MiB/2932msec); 0 zone resets
    clat (usec): min=151, max=614, avg=169.74, stdev=26.23
     lat (usec): min=153, max=774, avg=171.09, stdev=26.65
    clat percentiles (usec):
     |  1.00th=[  155],  5.00th=[  157], 10.00th=[  157], 20.00th=[  159],
     | 30.00th=[  161], 40.00th=[  161], 50.00th=[  163], 60.00th=[  165],
     | 70.00th=[  167], 80.00th=[  172], 90.00th=[  186], 95.00th=[  208],
     | 99.00th=[  322], 99.50th=[  338], 99.90th=[  379], 99.95th=[  388],
     | 99.99th=[  611]
   bw (  KiB/s): min=717056, max=744495, per=100.00%, avg=730775.50, stdev=19402.30, samples=2
   iops        : min= 5604, max= 5816, avg=5710.00, stdev=149.91, samples=2
  lat (usec)   : 250=98.01%, 500=1.98%, 750=0.01%
  cpu          : usr=3.31%, sys=85.64%, ctx=18, majf=0, minf=12
  IO depths    : 1=100.0%, 2=0.0%, 4=0.0%, 8=0.0%, 16=0.0%, 32=0.0%, >=64=0.0%
     submit    : 0=0.0%, 4=100.0%, 8=0.0%, 16=0.0%, 32=0.0%, 64=0.0%, >=64=0.0%
     complete  : 0=0.0%, 4=100.0%, 8=0.0%, 16=0.0%, 32=0.0%, 64=0.0%, >=64=0.0%
     issued rwts: total=0,8192,0,0 short=0,0,0,0 dropped=0,0,0,0
     latency   : target=0, window=0, percentile=100.00%, depth=1

Run status group 0 (all jobs):
  WRITE: bw=349MiB/s (366MB/s), 349MiB/s-349MiB/s (366MB/s-366MB/s), io=1024MiB (1074MB), run=2932-2932msec

Disk stats (read/write):
  vdc: ios=0/288, sectors=0/2097152, merge=0/0, ticks=0/175078, in_queue=175078, util=38.54%
