buffered-write: (g=0): rw=write, bs=(R) 4096B-4096B, (W) 4096B-4096B, (T) 4096B-4096B, ioengine=psync, iodepth=1
fio-3.36
Starting 1 process

buffered-write: (groupid=0, jobs=1): err= 0: pid=3308: Fri Aug  8 21:35:57 2025
  write: IOPS=61.7k, BW=241MiB/s (253MB/s)(1024MiB/4250msec); 0 zone resets
    clat (usec): min=7, max=396, avg= 9.48, stdev= 5.05
     lat (usec): min=7, max=546, avg= 9.69, stdev= 5.15
    clat percentiles (usec):
     |  1.00th=[    9],  5.00th=[    9], 10.00th=[    9], 20.00th=[    9],
     | 30.00th=[    9], 40.00th=[    9], 50.00th=[    9], 60.00th=[    9],
     | 70.00th=[    9], 80.00th=[   10], 90.00th=[   10], 95.00th=[   14],
     | 99.00th=[   22], 99.50th=[   29], 99.90th=[   59], 99.95th=[  159],
     | 99.99th=[  178]
   bw (  KiB/s): min=138424, max=372120, per=100.00%, avg=330424.00, stdev=94113.14, samples=6
   iops        : min=34620, max=93030, avg=82610.33, stdev=23523.61, samples=6
  lat (usec)   : 10=90.17%, 20=8.61%, 50=1.06%, 100=0.11%, 250=0.06%
  lat (usec)   : 500=0.01%
  cpu          : usr=41.52%, sys=53.21%, ctx=23, majf=0, minf=13
  IO depths    : 1=100.0%, 2=0.0%, 4=0.0%, 8=0.0%, 16=0.0%, 32=0.0%, >=64=0.0%
     submit    : 0=0.0%, 4=100.0%, 8=0.0%, 16=0.0%, 32=0.0%, 64=0.0%, >=64=0.0%
     complete  : 0=0.0%, 4=100.0%, 8=0.0%, 16=0.0%, 32=0.0%, 64=0.0%, >=64=0.0%
     issued rwts: total=0,262144,0,0 short=0,0,0,0 dropped=0,0,0,0
     latency   : target=0, window=0, percentile=100.00%, depth=1

Run status group 0 (all jobs):
  WRITE: bw=241MiB/s (253MB/s), 241MiB/s-241MiB/s (253MB/s-253MB/s), io=1024MiB (1074MB), run=4250-4250msec

Disk stats (read/write):
  vdc: ios=0/273, sectors=0/2097152, merge=0/1, ticks=0/155520, in_queue=155520, util=25.77%
