buffered-read: (g=0): rw=read, bs=(R) 1024MiB-1024MiB, (W) 1024MiB-1024MiB, (T) 1024MiB-1024MiB, ioengine=psync, iodepth=1
fio-3.36
Starting 1 process

buffered-read: (groupid=0, jobs=1): err= 0: pid=1306: Fri Aug  8 21:26:41 2025
  read: IOPS=0, BW=826MiB/s (867MB/s)(1024MiB/1239msec)
    clat (nsec): min=1235.8M, max=1235.8M, avg=1235849346.00, stdev= 0.00
     lat (nsec): min=1236.0M, max=1236.0M, avg=1235957817.00, stdev= 0.00
    clat percentiles (msec):
     |  1.00th=[ 1234],  5.00th=[ 1234], 10.00th=[ 1234], 20.00th=[ 1234],
     | 30.00th=[ 1234], 40.00th=[ 1234], 50.00th=[ 1234], 60.00th=[ 1234],
     | 70.00th=[ 1234], 80.00th=[ 1234], 90.00th=[ 1234], 95.00th=[ 1234],
     | 99.00th=[ 1234], 99.50th=[ 1234], 99.90th=[ 1234], 99.95th=[ 1234],
     | 99.99th=[ 1234]
  lat (msec)   : 2000=100.00%
  cpu          : usr=0.48%, sys=95.80%, ctx=4, majf=0, minf=1035
  IO depths    : 1=100.0%, 2=0.0%, 4=0.0%, 8=0.0%, 16=0.0%, 32=0.0%, >=64=0.0%
     submit    : 0=0.0%, 4=100.0%, 8=0.0%, 16=0.0%, 32=0.0%, 64=0.0%, >=64=0.0%
     complete  : 0=0.0%, 4=100.0%, 8=0.0%, 16=0.0%, 32=0.0%, 64=0.0%, >=64=0.0%
     issued rwts: total=1,0,0,0 short=0,0,0,0 dropped=0,0,0,0
     latency   : target=0, window=0, percentile=100.00%, depth=1

Run status group 0 (all jobs):
   READ: bw=826MiB/s (867MB/s), 826MiB/s-826MiB/s (867MB/s-867MB/s), io=1024MiB (1074MB), run=1239-1239msec

Disk stats (read/write):
  vdc: ios=240/0, sectors=1900560/0, merge=2/0, ticks=243/0, in_queue=243, util=19.56%
