buffered-write: (g=0): rw=write, bs=(R) 1024KiB-1024KiB, (W) 1024KiB-1024KiB, (T) 1024KiB-1024KiB, ioengine=psync, iodepth=1
fio-3.36
Starting 1 process

buffered-write: (groupid=0, jobs=1): err= 0: pid=2137: Fri Aug  8 21:32:56 2025
  write: IOPS=385, BW=386MiB/s (404MB/s)(1024MiB/2655msec); 0 zone resets
    clat (usec): min=1064, max=10702, avg=1173.30, stdev=308.28
     lat (usec): min=1074, max=10711, avg=1185.72, stdev=308.76
    clat percentiles (usec):
     |  1.00th=[ 1074],  5.00th=[ 1090], 10.00th=[ 1090], 20.00th=[ 1106],
     | 30.00th=[ 1106], 40.00th=[ 1123], 50.00th=[ 1139], 60.00th=[ 1156],
     | 70.00th=[ 1172], 80.00th=[ 1205], 90.00th=[ 1287], 95.00th=[ 1319],
     | 99.00th=[ 1434], 99.50th=[ 1467], 99.90th=[ 1647], 99.95th=[10683],
     | 99.99th=[10683]
   bw (  KiB/s): min=96256, max=876544, per=100.00%, avg=610986.67, stdev=445845.10, samples=3
   iops        : min=   96, max=  856, avg=597.33, stdev=434.24, samples=3
  lat (msec)   : 2=99.90%, 20=0.10%
  cpu          : usr=0.98%, sys=86.70%, ctx=26, majf=0, minf=13
  IO depths    : 1=100.0%, 2=0.0%, 4=0.0%, 8=0.0%, 16=0.0%, 32=0.0%, >=64=0.0%
     submit    : 0=0.0%, 4=100.0%, 8=0.0%, 16=0.0%, 32=0.0%, 64=0.0%, >=64=0.0%
     complete  : 0=0.0%, 4=100.0%, 8=0.0%, 16=0.0%, 32=0.0%, 64=0.0%, >=64=0.0%
     issued rwts: total=0,1024,0,0 short=0,0,0,0 dropped=0,0,0,0
     latency   : target=0, window=0, percentile=100.00%, depth=1

Run status group 0 (all jobs):
  WRITE: bw=386MiB/s (404MB/s), 386MiB/s-386MiB/s (404MB/s-404MB/s), io=1024MiB (1074MB), run=2655-2655msec

Disk stats (read/write):
  vdc: ios=0/274, sectors=0/2097152, merge=0/1, ticks=0/154710, in_queue=154710, util=38.65%
