buffered-read: (g=0): rw=read, bs=(R) 10.0MiB-10.0MiB, (W) 10.0MiB-10.0MiB, (T) 10.0MiB-10.0MiB, ioengine=psync, iodepth=1
fio-3.36
Starting 1 process

buffered-read: (groupid=0, jobs=1): err= 0: pid=679: Sat Aug  9 07:12:39 2025
  read: IOPS=70, BW=709MiB/s (743MB/s)(1020MiB/1439msec)
    clat (usec): min=10889, max=40754, avg=14054.80, stdev=3723.47
     lat (usec): min=10891, max=40867, avg=14057.57, stdev=3731.41
    clat percentiles (usec):
     |  1.00th=[10945],  5.00th=[10945], 10.00th=[11207], 20.00th=[11207],
     | 30.00th=[11469], 40.00th=[11731], 50.00th=[15139], 60.00th=[15270],
     | 70.00th=[15533], 80.00th=[15664], 90.00th=[16188], 95.00th=[17171],
     | 99.00th=[26608], 99.50th=[40633], 99.90th=[40633], 99.95th=[40633],
     | 99.99th=[40633]
   bw (  KiB/s): min=655360, max=757760, per=97.34%, avg=706560.00, stdev=72407.73, samples=2
   iops        : min=   64, max=   74, avg=69.00, stdev= 7.07, samples=2
  lat (msec)   : 20=97.06%, 50=2.94%
  cpu          : usr=0.00%, sys=98.40%, ctx=2, majf=0, minf=528
  IO depths    : 1=100.0%, 2=0.0%, 4=0.0%, 8=0.0%, 16=0.0%, 32=0.0%, >=64=0.0%
     submit    : 0=0.0%, 4=100.0%, 8=0.0%, 16=0.0%, 32=0.0%, 64=0.0%, >=64=0.0%
     complete  : 0=0.0%, 4=100.0%, 8=0.0%, 16=0.0%, 32=0.0%, 64=0.0%, >=64=0.0%
     issued rwts: total=102,0,0,0 short=0,0,0,0 dropped=0,0,0,0
     latency   : target=0, window=0, percentile=100.00%, depth=1

Run status group 0 (all jobs):
   READ: bw=709MiB/s (743MB/s), 709MiB/s-709MiB/s (743MB/s-743MB/s), io=1020MiB (1070MB), run=1439-1439msec

Disk stats (read/write):
  vdc: ios=0/0, sectors=0/0, merge=0/0, ticks=0/0, in_queue=0, util=0.00%
