buffered-write: (g=0): rw=write, bs=(R) 4096B-4096B, (W) 4096B-4096B, (T) 4096B-4096B, ioengine=psync, iodepth=1
fio-3.36
Starting 1 process

buffered-write: (groupid=0, jobs=1): err= 0: pid=3158: Fri Aug  8 21:35:27 2025
  write: IOPS=53.0k, BW=207MiB/s (217MB/s)(1024MiB/4950msec); 0 zone resets
    clat (usec): min=9, max=651, avg=11.95, stdev= 6.63
     lat (usec): min=9, max=821, avg=12.16, stdev= 6.76
    clat percentiles (usec):
     |  1.00th=[   10],  5.00th=[   10], 10.00th=[   10], 20.00th=[   11],
     | 30.00th=[   11], 40.00th=[   11], 50.00th=[   11], 60.00th=[   12],
     | 70.00th=[   12], 80.00th=[   13], 90.00th=[   14], 95.00th=[   18],
     | 99.00th=[   26], 99.50th=[   34], 99.90th=[  106], 99.95th=[  167],
     | 99.99th=[  215]
   bw (  KiB/s): min=31216, max=318592, per=100.00%, avg=259280.00, stdev=102537.72, samples=7
   iops        : min= 7832, max=79648, avg=64825.71, stdev=25624.28, samples=7
  lat (usec)   : 10=12.93%, 20=83.35%, 50=3.39%, 100=0.23%, 250=0.11%
  lat (usec)   : 500=0.01%, 750=0.01%
  cpu          : usr=42.08%, sys=51.31%, ctx=30, majf=0, minf=13
  IO depths    : 1=100.0%, 2=0.0%, 4=0.0%, 8=0.0%, 16=0.0%, 32=0.0%, >=64=0.0%
     submit    : 0=0.0%, 4=100.0%, 8=0.0%, 16=0.0%, 32=0.0%, 64=0.0%, >=64=0.0%
     complete  : 0=0.0%, 4=100.0%, 8=0.0%, 16=0.0%, 32=0.0%, 64=0.0%, >=64=0.0%
     issued rwts: total=0,262144,0,0 short=0,0,0,0 dropped=0,0,0,0
     latency   : target=0, window=0, percentile=100.00%, depth=1

Run status group 0 (all jobs):
  WRITE: bw=207MiB/s (217MB/s), 207MiB/s-207MiB/s (217MB/s-217MB/s), io=1024MiB (1074MB), run=4950-4950msec

Disk stats (read/write):
  vdc: ios=0/274, sectors=0/2097152, merge=0/1, ticks=0/151453, in_queue=151453, util=22.19%
