buffered-read: (g=0): rw=read, bs=(R) 128KiB-128KiB, (W) 128KiB-128KiB, (T) 128KiB-128KiB, ioengine=psync, iodepth=1
fio-3.36
Starting 1 process

buffered-read: (groupid=0, jobs=1): err= 0: pid=1831: Sat Aug  9 07:15:21 2025
  read: IOPS=6131, BW=766MiB/s (804MB/s)(1024MiB/1336msec)
    clat (usec): min=24, max=2904, avg=160.12, stdev=138.67
     lat (usec): min=24, max=3015, avg=160.40, stdev=138.89
    clat percentiles (usec):
     |  1.00th=[   25],  5.00th=[   26], 10.00th=[   26], 20.00th=[   26],
     | 30.00th=[   27], 40.00th=[   28], 50.00th=[  135], 60.00th=[  277],
     | 70.00th=[  281], 80.00th=[  285], 90.00th=[  293], 95.00th=[  318],
     | 99.00th=[  445], 99.50th=[  465], 99.90th=[  506], 99.95th=[  553],
     | 99.99th=[ 2900]
   bw (  KiB/s): min=770560, max=796160, per=99.81%, avg=783360.00, stdev=18101.93, samples=2
   iops        : min= 6020, max= 6220, avg=6120.00, stdev=141.42, samples=2
  lat (usec)   : 50=49.57%, 100=0.40%, 250=0.02%, 500=49.88%, 750=0.10%
  lat (usec)   : 1000=0.01%
  lat (msec)   : 4=0.01%
  cpu          : usr=3.90%, sys=95.13%, ctx=1, majf=0, minf=44
  IO depths    : 1=100.0%, 2=0.0%, 4=0.0%, 8=0.0%, 16=0.0%, 32=0.0%, >=64=0.0%
     submit    : 0=0.0%, 4=100.0%, 8=0.0%, 16=0.0%, 32=0.0%, 64=0.0%, >=64=0.0%
     complete  : 0=0.0%, 4=100.0%, 8=0.0%, 16=0.0%, 32=0.0%, 64=0.0%, >=64=0.0%
     issued rwts: total=8192,0,0,0 short=0,0,0,0 dropped=0,0,0,0
     latency   : target=0, window=0, percentile=100.00%, depth=1

Run status group 0 (all jobs):
   READ: bw=766MiB/s (804MB/s), 766MiB/s-766MiB/s (804MB/s-804MB/s), io=1024MiB (1074MB), run=1336-1336msec

Disk stats (read/write):
  vdc: ios=0/0, sectors=0/0, merge=0/0, ticks=0/0, in_queue=0, util=0.00%
