buffered-write: (g=0): rw=write, bs=(R) 10.0MiB-10.0MiB, (W) 10.0MiB-10.0MiB, (T) 10.0MiB-10.0MiB, ioengine=psync, iodepth=1
fio-3.36
Starting 1 process

buffered-write: (groupid=0, jobs=1): err= 0: pid=2527: Fri Aug  8 21:33:49 2025
  write: IOPS=37, BW=374MiB/s (393MB/s)(1020MiB/2724msec); 0 zone resets
    clat (usec): min=12030, max=15929, avg=12427.88, stdev=402.53
     lat (usec): min=12401, max=17004, avg=12908.75, stdev=468.17
    clat percentiles (usec):
     |  1.00th=[11994],  5.00th=[12125], 10.00th=[12125], 20.00th=[12256],
     | 30.00th=[12256], 40.00th=[12256], 50.00th=[12387], 60.00th=[12387],
     | 70.00th=[12518], 80.00th=[12518], 90.00th=[12649], 95.00th=[12780],
     | 99.00th=[13304], 99.50th=[15926], 99.90th=[15926], 99.95th=[15926],
     | 99.99th=[15926]
   bw (  KiB/s): min=143360, max=798720, per=100.00%, avg=573440.00, stdev=372600.94, samples=3
   iops        : min=   14, max=   78, avg=56.00, stdev=36.39, samples=3
  lat (msec)   : 20=100.00%
  cpu          : usr=2.42%, sys=84.95%, ctx=20, majf=0, minf=12
  IO depths    : 1=100.0%, 2=0.0%, 4=0.0%, 8=0.0%, 16=0.0%, 32=0.0%, >=64=0.0%
     submit    : 0=0.0%, 4=100.0%, 8=0.0%, 16=0.0%, 32=0.0%, 64=0.0%, >=64=0.0%
     complete  : 0=0.0%, 4=100.0%, 8=0.0%, 16=0.0%, 32=0.0%, 64=0.0%, >=64=0.0%
     issued rwts: total=0,102,0,0 short=0,0,0,0 dropped=0,0,0,0
     latency   : target=0, window=0, percentile=100.00%, depth=1

Run status group 0 (all jobs):
  WRITE: bw=374MiB/s (393MB/s), 374MiB/s-374MiB/s (393MB/s-393MB/s), io=1020MiB (1070MB), run=2724-2724msec

Disk stats (read/write):
  vdc: ios=0/269, sectors=0/2088960, merge=0/1, ticks=0/151008, in_queue=151008, util=38.41%
