buffered-write: (g=0): rw=write, bs=(R) 100MiB-100MiB, (W) 100MiB-100MiB, (T) 100MiB-100MiB, ioengine=psync, iodepth=1
fio-3.36
Starting 1 process

buffered-write: (groupid=0, jobs=1): err= 0: pid=2737: Fri Aug  8 21:34:18 2025
  write: IOPS=3, BW=366MiB/s (384MB/s)(1000MiB/2734msec); 0 zone resets
    clat (msec): min=126, max=130, avg=129.08, stdev= 1.17
     lat (msec): min=132, max=138, avg=135.35, stdev= 1.75
    clat percentiles (msec):
     |  1.00th=[  127],  5.00th=[  127], 10.00th=[  127], 20.00th=[  129],
     | 30.00th=[  129], 40.00th=[  129], 50.00th=[  130], 60.00th=[  130],
     | 70.00th=[  130], 80.00th=[  130], 90.00th=[  131], 95.00th=[  131],
     | 99.00th=[  131], 99.50th=[  131], 99.90th=[  131], 99.95th=[  131],
     | 99.99th=[  131]
   bw (  KiB/s): min=817564, max=817564, per=100.00%, avg=817564.00, stdev= 0.00, samples=2
   iops        : min=    7, max=    7, avg= 7.00, stdev= 0.00, samples=2
  lat (msec)   : 250=100.00%
  cpu          : usr=2.34%, sys=89.54%, ctx=10, majf=0, minf=13
  IO depths    : 1=100.0%, 2=0.0%, 4=0.0%, 8=0.0%, 16=0.0%, 32=0.0%, >=64=0.0%
     submit    : 0=0.0%, 4=100.0%, 8=0.0%, 16=0.0%, 32=0.0%, 64=0.0%, >=64=0.0%
     complete  : 0=0.0%, 4=100.0%, 8=0.0%, 16=0.0%, 32=0.0%, 64=0.0%, >=64=0.0%
     issued rwts: total=0,10,0,0 short=0,0,0,0 dropped=0,0,0,0
     latency   : target=0, window=0, percentile=100.00%, depth=1

Run status group 0 (all jobs):
  WRITE: bw=366MiB/s (384MB/s), 366MiB/s-366MiB/s (384MB/s-384MB/s), io=1000MiB (1049MB), run=2734-2734msec

Disk stats (read/write):
  vdc: ios=0/267, sectors=0/2048000, merge=0/1, ticks=0/157238, in_queue=157238, util=40.79%
