buffered-read: (g=0): rw=read, bs=(R) 4096B-4096B, (W) 4096B-4096B, (T) 4096B-4096B, ioengine=psync, iodepth=1
fio-3.36
Starting 1 process

buffered-read: (groupid=0, jobs=1): err= 0: pid=1591: Sat Aug  9 07:14:51 2025
  read: IOPS=122k, BW=475MiB/s (498MB/s)(1024MiB/2156msec)
    clat (usec): min=2, max=1964, avg= 6.79, stdev=33.33
     lat (usec): min=2, max=1964, avg= 6.96, stdev=33.34
    clat percentiles (usec):
     |  1.00th=[    3],  5.00th=[    3], 10.00th=[    3], 20.00th=[    3],
     | 30.00th=[    3], 40.00th=[    3], 50.00th=[    3], 60.00th=[    3],
     | 70.00th=[    3], 80.00th=[    3], 90.00th=[    3], 95.00th=[    4],
     | 99.00th=[  247], 99.50th=[  258], 99.90th=[  302], 99.95th=[  408],
     | 99.99th=[  465]
   bw (  KiB/s): min=475632, max=490184, per=99.99%, avg=486326.00, stdev=7132.36, samples=4
   iops        : min=118954, max=122546, avg=121596.00, stdev=1762.02, samples=4
  lat (usec)   : 4=96.93%, 10=1.28%, 20=0.13%, 50=0.07%, 100=0.02%
  lat (usec)   : 250=0.78%, 500=0.78%, 750=0.01%, 1000=0.01%
  lat (msec)   : 2=0.01%
  cpu          : usr=49.10%, sys=50.16%, ctx=1, majf=0, minf=13
  IO depths    : 1=100.0%, 2=0.0%, 4=0.0%, 8=0.0%, 16=0.0%, 32=0.0%, >=64=0.0%
     submit    : 0=0.0%, 4=100.0%, 8=0.0%, 16=0.0%, 32=0.0%, 64=0.0%, >=64=0.0%
     complete  : 0=0.0%, 4=100.0%, 8=0.0%, 16=0.0%, 32=0.0%, 64=0.0%, >=64=0.0%
     issued rwts: total=262144,0,0,0 short=0,0,0,0 dropped=0,0,0,0
     latency   : target=0, window=0, percentile=100.00%, depth=1

Run status group 0 (all jobs):
   READ: bw=475MiB/s (498MB/s), 475MiB/s-475MiB/s (498MB/s-498MB/s), io=1024MiB (1074MB), run=2156-2156msec

Disk stats (read/write):
  vdc: ios=0/0, sectors=0/0, merge=0/0, ticks=0/0, in_queue=0, util=0.00%
