buffered-write: (g=0): rw=write, bs=(R) 128KiB-128KiB, (W) 128KiB-128KiB, (T) 128KiB-128KiB, ioengine=psync, iodepth=1
fio-3.36
Starting 1 process

buffered-write: (groupid=0, jobs=1): err= 0: pid=3698: Fri Aug  8 21:36:58 2025
  write: IOPS=2756, BW=345MiB/s (361MB/s)(1024MiB/2972msec); 0 zone resets
    clat (usec): min=150, max=993, avg=167.82, stdev=28.00
     lat (usec): min=151, max=1147, avg=169.06, stdev=28.66
    clat percentiles (usec):
     |  1.00th=[  153],  5.00th=[  155], 10.00th=[  155], 20.00th=[  157],
     | 30.00th=[  157], 40.00th=[  159], 50.00th=[  161], 60.00th=[  163],
     | 70.00th=[  165], 80.00th=[  172], 90.00th=[  184], 95.00th=[  202],
     | 99.00th=[  322], 99.50th=[  334], 99.90th=[  383], 99.95th=[  412],
     | 99.99th=[  996]
   bw (  KiB/s): min=637440, max=753664, per=100.00%, avg=695552.00, stdev=82182.78, samples=2
   iops        : min= 4980, max= 5890, avg=5435.00, stdev=643.47, samples=2
  lat (usec)   : 250=98.00%, 500=1.98%, 1000=0.02%
  cpu          : usr=2.52%, sys=83.14%, ctx=17, majf=0, minf=12
  IO depths    : 1=100.0%, 2=0.0%, 4=0.0%, 8=0.0%, 16=0.0%, 32=0.0%, >=64=0.0%
     submit    : 0=0.0%, 4=100.0%, 8=0.0%, 16=0.0%, 32=0.0%, 64=0.0%, >=64=0.0%
     complete  : 0=0.0%, 4=100.0%, 8=0.0%, 16=0.0%, 32=0.0%, 64=0.0%, >=64=0.0%
     issued rwts: total=0,8192,0,0 short=0,0,0,0 dropped=0,0,0,0
     latency   : target=0, window=0, percentile=100.00%, depth=1

Run status group 0 (all jobs):
  WRITE: bw=345MiB/s (361MB/s), 345MiB/s-345MiB/s (361MB/s-361MB/s), io=1024MiB (1074MB), run=2972-2972msec

Disk stats (read/write):
  vdc: ios=0/278, sectors=0/2097152, merge=0/1, ticks=0/172517, in_queue=172517, util=40.38%
