buffered-write: (g=0): rw=write, bs=(R) 128KiB-128KiB, (W) 128KiB-128KiB, (T) 128KiB-128KiB, ioengine=psync, iodepth=1
fio-3.36
Starting 1 process

buffered-write: (groupid=0, jobs=1): err= 0: pid=3548: Fri Aug  8 21:36:36 2025
  write: IOPS=2754, BW=344MiB/s (361MB/s)(1024MiB/2974msec); 0 zone resets
    clat (usec): min=156, max=643, avg=175.48, stdev=26.31
     lat (usec): min=159, max=797, avg=177.28, stdev=26.73
    clat percentiles (usec):
     |  1.00th=[  159],  5.00th=[  161], 10.00th=[  161], 20.00th=[  163],
     | 30.00th=[  165], 40.00th=[  167], 50.00th=[  169], 60.00th=[  172],
     | 70.00th=[  174], 80.00th=[  180], 90.00th=[  192], 95.00th=[  215],
     | 99.00th=[  326], 99.50th=[  338], 99.90th=[  388], 99.95th=[  408],
     | 99.99th=[  644]
   bw (  KiB/s): min=707193, max=717924, per=100.00%, avg=712558.50, stdev=7587.96, samples=2
   iops        : min= 5526, max= 5606, avg=5566.00, stdev=56.57, samples=2
  lat (usec)   : 250=97.97%, 500=2.01%, 750=0.01%
  cpu          : usr=2.12%, sys=86.11%, ctx=14, majf=0, minf=12
  IO depths    : 1=100.0%, 2=0.0%, 4=0.0%, 8=0.0%, 16=0.0%, 32=0.0%, >=64=0.0%
     submit    : 0=0.0%, 4=100.0%, 8=0.0%, 16=0.0%, 32=0.0%, 64=0.0%, >=64=0.0%
     complete  : 0=0.0%, 4=100.0%, 8=0.0%, 16=0.0%, 32=0.0%, 64=0.0%, >=64=0.0%
     issued rwts: total=0,8192,0,0 short=0,0,0,0 dropped=0,0,0,0
     latency   : target=0, window=0, percentile=100.00%, depth=1

Run status group 0 (all jobs):
  WRITE: bw=344MiB/s (361MB/s), 344MiB/s-344MiB/s (361MB/s-361MB/s), io=1024MiB (1074MB), run=2974-2974msec

Disk stats (read/write):
  vdc: ios=0/275, sectors=0/2097152, merge=0/1, ticks=0/161033, in_queue=161033, util=37.69%
