buffered-write: (g=0): rw=write, bs=(R) 4096B-4096B, (W) 4096B-4096B, (T) 4096B-4096B, ioengine=psync, iodepth=1
fio-3.36
Starting 1 process

buffered-write: (groupid=0, jobs=1): err= 0: pid=3218: Fri Aug  8 21:35:40 2025
  write: IOPS=54.0k, BW=211MiB/s (221MB/s)(1024MiB/4854msec); 0 zone resets
    clat (usec): min=9, max=497, avg=11.63, stdev= 5.47
     lat (usec): min=9, max=645, avg=11.83, stdev= 5.58
    clat percentiles (usec):
     |  1.00th=[   11],  5.00th=[   11], 10.00th=[   11], 20.00th=[   11],
     | 30.00th=[   11], 40.00th=[   11], 50.00th=[   11], 60.00th=[   11],
     | 70.00th=[   11], 80.00th=[   12], 90.00th=[   13], 95.00th=[   17],
     | 99.00th=[   26], 99.50th=[   34], 99.90th=[   67], 99.95th=[  161],
     | 99.99th=[  180]
   bw (  KiB/s): min=31624, max=310952, per=100.00%, avg=269176.57, stdev=104766.44, samples=7
   iops        : min= 7918, max=77738, avg=67296.71, stdev=26187.46, samples=7
  lat (usec)   : 10=0.31%, 20=95.22%, 50=4.16%, 100=0.25%, 250=0.06%
  lat (usec)   : 500=0.01%
  cpu          : usr=32.59%, sys=63.95%, ctx=29, majf=0, minf=13
  IO depths    : 1=100.0%, 2=0.0%, 4=0.0%, 8=0.0%, 16=0.0%, 32=0.0%, >=64=0.0%
     submit    : 0=0.0%, 4=100.0%, 8=0.0%, 16=0.0%, 32=0.0%, 64=0.0%, >=64=0.0%
     complete  : 0=0.0%, 4=100.0%, 8=0.0%, 16=0.0%, 32=0.0%, 64=0.0%, >=64=0.0%
     issued rwts: total=0,262144,0,0 short=0,0,0,0 dropped=0,0,0,0
     latency   : target=0, window=0, percentile=100.00%, depth=1

Run status group 0 (all jobs):
  WRITE: bw=211MiB/s (221MB/s), 211MiB/s-211MiB/s (221MB/s-221MB/s), io=1024MiB (1074MB), run=4854-4854msec

Disk stats (read/write):
  vdc: ios=0/273, sectors=0/2097152, merge=0/1, ticks=0/168542, in_queue=168542, util=24.84%
