buffered-read: (g=0): rw=read, bs=(R) 10.0MiB-10.0MiB, (W) 10.0MiB-10.0MiB, (T) 10.0MiB-10.0MiB, ioengine=psync, iodepth=1
fio-3.36
Starting 1 process

buffered-read: (groupid=0, jobs=1): err= 0: pid=754: Fri Aug  8 21:25:29 2025
  read: IOPS=102, BW=1022MiB/s (1072MB/s)(1020MiB/998msec)
    clat (usec): min=7687, max=19889, avg=9727.74, stdev=1657.87
     lat (usec): min=7689, max=20008, avg=9731.11, stdev=1665.22
    clat percentiles (usec):
     |  1.00th=[ 7963],  5.00th=[ 8029], 10.00th=[ 8160], 20.00th=[ 8291],
     | 30.00th=[ 8455], 40.00th=[ 8586], 50.00th=[ 8979], 60.00th=[10683],
     | 70.00th=[10814], 80.00th=[11076], 90.00th=[11207], 95.00th=[11338],
     | 99.00th=[11994], 99.50th=[19792], 99.90th=[19792], 99.95th=[19792],
     | 99.99th=[19792]
   bw (  KiB/s): min=1042395, max=1042395, per=99.60%, avg=1042395.00, stdev= 0.00, samples=1
   iops        : min=  101, max=  101, avg=101.00, stdev= 0.00, samples=1
  lat (msec)   : 10=50.00%, 20=50.00%
  cpu          : usr=1.00%, sys=94.99%, ctx=6, majf=0, minf=528
  IO depths    : 1=100.0%, 2=0.0%, 4=0.0%, 8=0.0%, 16=0.0%, 32=0.0%, >=64=0.0%
     submit    : 0=0.0%, 4=100.0%, 8=0.0%, 16=0.0%, 32=0.0%, 64=0.0%, >=64=0.0%
     complete  : 0=0.0%, 4=100.0%, 8=0.0%, 16=0.0%, 32=0.0%, 64=0.0%, >=64=0.0%
     issued rwts: total=102,0,0,0 short=0,0,0,0 dropped=0,0,0,0
     latency   : target=0, window=0, percentile=100.00%, depth=1

Run status group 0 (all jobs):
   READ: bw=1022MiB/s (1072MB/s), 1022MiB/s-1022MiB/s (1072MB/s-1072MB/s), io=1020MiB (1070MB), run=998-998msec

Disk stats (read/write):
  vdc: ios=225/0, sectors=1818640/0, merge=0/0, ticks=192/0, in_queue=192, util=16.84%
