buffered-read: (g=0): rw=read, bs=(R) 10.0MiB-10.0MiB, (W) 10.0MiB-10.0MiB, (T) 10.0MiB-10.0MiB, ioengine=psync, iodepth=1
fio-3.36
Starting 1 process

buffered-read: (groupid=0, jobs=1): err= 0: pid=751: Sat Aug  9 07:12:49 2025
  read: IOPS=71, BW=715MiB/s (750MB/s)(1020MiB/1427msec)
    clat (usec): min=10945, max=42745, avg=13945.58, stdev=3859.47
     lat (usec): min=10946, max=42863, avg=13948.51, stdev=3868.23
    clat percentiles (usec):
     |  1.00th=[11076],  5.00th=[11076], 10.00th=[11076], 20.00th=[11207],
     | 30.00th=[11207], 40.00th=[11469], 50.00th=[15008], 60.00th=[15270],
     | 70.00th=[15401], 80.00th=[15533], 90.00th=[15664], 95.00th=[17433],
     | 99.00th=[23200], 99.50th=[42730], 99.90th=[42730], 99.95th=[42730],
     | 99.99th=[42730]
   bw (  KiB/s): min=654051, max=757760, per=96.44%, avg=705905.50, stdev=73333.34, samples=2
   iops        : min=   63, max=   74, avg=68.50, stdev= 7.78, samples=2
  lat (msec)   : 20=97.06%, 50=2.94%
  cpu          : usr=0.77%, sys=97.76%, ctx=1, majf=0, minf=528
  IO depths    : 1=100.0%, 2=0.0%, 4=0.0%, 8=0.0%, 16=0.0%, 32=0.0%, >=64=0.0%
     submit    : 0=0.0%, 4=100.0%, 8=0.0%, 16=0.0%, 32=0.0%, 64=0.0%, >=64=0.0%
     complete  : 0=0.0%, 4=100.0%, 8=0.0%, 16=0.0%, 32=0.0%, 64=0.0%, >=64=0.0%
     issued rwts: total=102,0,0,0 short=0,0,0,0 dropped=0,0,0,0
     latency   : target=0, window=0, percentile=100.00%, depth=1

Run status group 0 (all jobs):
   READ: bw=715MiB/s (750MB/s), 715MiB/s-715MiB/s (750MB/s-750MB/s), io=1020MiB (1070MB), run=1427-1427msec

Disk stats (read/write):
  vdc: ios=0/0, sectors=0/0, merge=0/0, ticks=0/0, in_queue=0, util=0.00%
