buffered-read: (g=0): rw=read, bs=(R) 1024MiB-1024MiB, (W) 1024MiB-1024MiB, (T) 1024MiB-1024MiB, ioengine=psync, iodepth=1
fio-3.36
Starting 1 process

buffered-read: (groupid=0, jobs=1): err= 0: pid=1354: Fri Aug  8 21:26:47 2025
  read: IOPS=0, BW=839MiB/s (879MB/s)(1024MiB/1221msec)
    clat (nsec): min=1217.8M, max=1217.8M, avg=1217791248.00, stdev= 0.00
     lat (nsec): min=1217.9M, max=1217.9M, avg=1217908485.00, stdev= 0.00
    clat percentiles (msec):
     |  1.00th=[ 1217],  5.00th=[ 1217], 10.00th=[ 1217], 20.00th=[ 1217],
     | 30.00th=[ 1217], 40.00th=[ 1217], 50.00th=[ 1217], 60.00th=[ 1217],
     | 70.00th=[ 1217], 80.00th=[ 1217], 90.00th=[ 1217], 95.00th=[ 1217],
     | 99.00th=[ 1217], 99.50th=[ 1217], 99.90th=[ 1217], 99.95th=[ 1217],
     | 99.99th=[ 1217]
  lat (msec)   : 2000=100.00%
  cpu          : usr=0.33%, sys=95.82%, ctx=6, majf=0, minf=1035
  IO depths    : 1=100.0%, 2=0.0%, 4=0.0%, 8=0.0%, 16=0.0%, 32=0.0%, >=64=0.0%
     submit    : 0=0.0%, 4=100.0%, 8=0.0%, 16=0.0%, 32=0.0%, 64=0.0%, >=64=0.0%
     complete  : 0=0.0%, 4=100.0%, 8=0.0%, 16=0.0%, 32=0.0%, 64=0.0%, >=64=0.0%
     issued rwts: total=1,0,0,0 short=0,0,0,0 dropped=0,0,0,0
     latency   : target=0, window=0, percentile=100.00%, depth=1

Run status group 0 (all jobs):
   READ: bw=839MiB/s (879MB/s), 839MiB/s-839MiB/s (879MB/s-879MB/s), io=1024MiB (1074MB), run=1221-1221msec

Disk stats (read/write):
  vdc: ios=248/0, sectors=1925136/0, merge=2/0, ticks=227/0, in_queue=227, util=17.65%
