buffered-read: (g=0): rw=read, bs=(R) 10.0MiB-10.0MiB, (W) 10.0MiB-10.0MiB, (T) 10.0MiB-10.0MiB, ioengine=psync, iodepth=1
fio-3.36
Starting 1 process

buffered-read: (groupid=0, jobs=1): err= 0: pid=778: Fri Aug  8 21:25:32 2025
  read: IOPS=95, BW=952MiB/s (999MB/s)(1020MiB/1071msec)
    clat (usec): min=8092, max=20484, avg=10438.45, stdev=1895.69
     lat (usec): min=8093, max=20598, avg=10441.61, stdev=1901.66
    clat percentiles (usec):
     |  1.00th=[ 8094],  5.00th=[ 8160], 10.00th=[ 8291], 20.00th=[ 8586],
     | 30.00th=[ 9241], 40.00th=[ 9765], 50.00th=[10552], 60.00th=[10814],
     | 70.00th=[11076], 80.00th=[12256], 90.00th=[12780], 95.00th=[13304],
     | 99.00th=[13829], 99.50th=[20579], 99.90th=[20579], 99.95th=[20579],
     | 99.99th=[20579]
   bw (  KiB/s): min=919760, max=1003520, per=98.61%, avg=961640.00, stdev=59227.26, samples=2
   iops        : min=   89, max=   98, avg=93.50, stdev= 6.36, samples=2
  lat (msec)   : 10=42.16%, 20=56.86%, 50=0.98%
  cpu          : usr=0.84%, sys=95.05%, ctx=5, majf=0, minf=528
  IO depths    : 1=100.0%, 2=0.0%, 4=0.0%, 8=0.0%, 16=0.0%, 32=0.0%, >=64=0.0%
     submit    : 0=0.0%, 4=100.0%, 8=0.0%, 16=0.0%, 32=0.0%, 64=0.0%, >=64=0.0%
     complete  : 0=0.0%, 4=100.0%, 8=0.0%, 16=0.0%, 32=0.0%, 64=0.0%, >=64=0.0%
     issued rwts: total=102,0,0,0 short=0,0,0,0 dropped=0,0,0,0
     latency   : target=0, window=0, percentile=100.00%, depth=1

Run status group 0 (all jobs):
   READ: bw=952MiB/s (999MB/s), 952MiB/s-952MiB/s (999MB/s-999MB/s), io=1020MiB (1070MB), run=1071-1071msec

Disk stats (read/write):
  vdc: ios=211/0, sectors=1646608/0, merge=2/0, ticks=197/0, in_queue=197, util=24.30%
