buffered-read: (g=0): rw=read, bs=(R) 128KiB-128KiB, (W) 128KiB-128KiB, (T) 128KiB-128KiB, ioengine=psync, iodepth=1
fio-3.36
Starting 1 process

buffered-read: (groupid=0, jobs=1): err= 0: pid=1663: Sat Aug  9 07:15:00 2025
  read: IOPS=6385, BW=798MiB/s (837MB/s)(1024MiB/1283msec)
    clat (usec): min=24, max=2597, avg=154.37, stdev=139.90
     lat (usec): min=24, max=2597, avg=154.64, stdev=140.06
    clat percentiles (usec):
     |  1.00th=[   26],  5.00th=[   26], 10.00th=[   26], 20.00th=[   27],
     | 30.00th=[   28], 40.00th=[   29], 50.00th=[  113], 60.00th=[  260],
     | 70.00th=[  265], 80.00th=[  269], 90.00th=[  281], 95.00th=[  310],
     | 99.00th=[  441], 99.50th=[  469], 99.90th=[ 1123], 99.95th=[ 1745],
     | 99.99th=[ 2606]
   bw (  KiB/s): min=784384, max=836352, per=99.15%, avg=810368.00, stdev=36746.93, samples=2
   iops        : min= 6132, max= 6532, avg=6332.00, stdev=282.84, samples=2
  lat (usec)   : 50=49.57%, 100=0.40%, 250=0.02%, 500=49.68%, 750=0.12%
  lat (usec)   : 1000=0.07%
  lat (msec)   : 2=0.10%, 4=0.02%
  cpu          : usr=1.95%, sys=96.96%, ctx=1, majf=0, minf=44
  IO depths    : 1=100.0%, 2=0.0%, 4=0.0%, 8=0.0%, 16=0.0%, 32=0.0%, >=64=0.0%
     submit    : 0=0.0%, 4=100.0%, 8=0.0%, 16=0.0%, 32=0.0%, 64=0.0%, >=64=0.0%
     complete  : 0=0.0%, 4=100.0%, 8=0.0%, 16=0.0%, 32=0.0%, 64=0.0%, >=64=0.0%
     issued rwts: total=8192,0,0,0 short=0,0,0,0 dropped=0,0,0,0
     latency   : target=0, window=0, percentile=100.00%, depth=1

Run status group 0 (all jobs):
   READ: bw=798MiB/s (837MB/s), 798MiB/s-798MiB/s (837MB/s-837MB/s), io=1024MiB (1074MB), run=1283-1283msec

Disk stats (read/write):
  vdc: ios=0/0, sectors=0/0, merge=0/0, ticks=0/0, in_queue=0, util=0.00%
