buffered-read: (g=0): rw=read, bs=(R) 1024KiB-1024KiB, (W) 1024KiB-1024KiB, (T) 1024KiB-1024KiB, ioengine=psync, iodepth=1
fio-3.36
Starting 1 process

buffered-read: (groupid=0, jobs=1): err= 0: pid=607: Sat Aug  9 07:11:33 2025
  read: IOPS=737, BW=738MiB/s (774MB/s)(1024MiB/1388msec)
    clat (usec): min=229, max=5443, avg=1345.46, stdev=228.50
     lat (usec): min=230, max=5559, avg=1346.17, stdev=230.54
    clat percentiles (usec):
     |  1.00th=[ 1205],  5.00th=[ 1221], 10.00th=[ 1237], 20.00th=[ 1254],
     | 30.00th=[ 1270], 40.00th=[ 1287], 50.00th=[ 1303], 60.00th=[ 1319],
     | 70.00th=[ 1336], 80.00th=[ 1369], 90.00th=[ 1467], 95.00th=[ 1532],
     | 99.00th=[ 2409], 99.50th=[ 2835], 99.90th=[ 3326], 99.95th=[ 5473],
     | 99.99th=[ 5473]
   bw (  KiB/s): min=720896, max=778240, per=99.22%, avg=749568.00, stdev=40548.33, samples=2
   iops        : min=  704, max=  760, avg=732.00, stdev=39.60, samples=2
  lat (usec)   : 250=0.10%
  lat (msec)   : 2=98.44%, 4=1.37%, 10=0.10%
  cpu          : usr=0.29%, sys=98.63%, ctx=2, majf=0, minf=269
  IO depths    : 1=100.0%, 2=0.0%, 4=0.0%, 8=0.0%, 16=0.0%, 32=0.0%, >=64=0.0%
     submit    : 0=0.0%, 4=100.0%, 8=0.0%, 16=0.0%, 32=0.0%, 64=0.0%, >=64=0.0%
     complete  : 0=0.0%, 4=100.0%, 8=0.0%, 16=0.0%, 32=0.0%, 64=0.0%, >=64=0.0%
     issued rwts: total=1024,0,0,0 short=0,0,0,0 dropped=0,0,0,0
     latency   : target=0, window=0, percentile=100.00%, depth=1

Run status group 0 (all jobs):
   READ: bw=738MiB/s (774MB/s), 738MiB/s-738MiB/s (774MB/s-774MB/s), io=1024MiB (1074MB), run=1388-1388msec

Disk stats (read/write):
  vdc: ios=0/0, sectors=0/0, merge=0/0, ticks=0/0, in_queue=0, util=0.00%
