buffered-write: (g=0): rw=write, bs=(R) 1024MiB-1024MiB, (W) 1024MiB-1024MiB, (T) 1024MiB-1024MiB, ioengine=psync, iodepth=1
fio-3.36
Starting 1 process

buffered-write: (groupid=0, jobs=1): err= 0: pid=3068: Fri Aug  8 21:35:10 2025
  write: IOPS=0, BW=347MiB/s (364MB/s)(1024MiB/2948msec); 0 zone resets
    clat (nsec): min=1476.5M, max=1476.5M, avg=1476488453.00, stdev= 0.00
     lat (nsec): min=1552.1M, max=1552.1M, avg=1552150800.00, stdev= 0.00
    clat percentiles (msec):
     |  1.00th=[ 1485],  5.00th=[ 1485], 10.00th=[ 1485], 20.00th=[ 1485],
     | 30.00th=[ 1485], 40.00th=[ 1485], 50.00th=[ 1485], 60.00th=[ 1485],
     | 70.00th=[ 1485], 80.00th=[ 1485], 90.00th=[ 1485], 95.00th=[ 1485],
     | 99.00th=[ 1485], 99.50th=[ 1485], 99.90th=[ 1485], 99.95th=[ 1485],
     | 99.99th=[ 1485]
  lat (msec)   : 2000=100.00%
  cpu          : usr=2.65%, sys=88.81%, ctx=28, majf=0, minf=13
  IO depths    : 1=100.0%, 2=0.0%, 4=0.0%, 8=0.0%, 16=0.0%, 32=0.0%, >=64=0.0%
     submit    : 0=0.0%, 4=100.0%, 8=0.0%, 16=0.0%, 32=0.0%, 64=0.0%, >=64=0.0%
     complete  : 0=0.0%, 4=100.0%, 8=0.0%, 16=0.0%, 32=0.0%, 64=0.0%, >=64=0.0%
     issued rwts: total=0,1,0,0 short=0,0,0,0 dropped=0,0,0,0
     latency   : target=0, window=0, percentile=100.00%, depth=1

Run status group 0 (all jobs):
  WRITE: bw=347MiB/s (364MB/s), 347MiB/s-347MiB/s (364MB/s-364MB/s), io=1024MiB (1074MB), run=2948-2948msec

Disk stats (read/write):
  vdc: ios=0/276, sectors=0/2097152, merge=0/1, ticks=0/153365, in_queue=153365, util=30.31%
