buffered-write: (g=0): rw=write, bs=(R) 1024MiB-1024MiB, (W) 1024MiB-1024MiB, (T) 1024MiB-1024MiB, ioengine=psync, iodepth=1
fio-3.36
Starting 1 process

buffered-write: (groupid=0, jobs=1): err= 0: pid=2858: Fri Aug  8 21:34:35 2025
  write: IOPS=0, BW=332MiB/s (348MB/s)(1024MiB/3085msec); 0 zone resets
    clat (nsec): min=1497.0M, max=1497.0M, avg=1497029714.00, stdev= 0.00
     lat (nsec): min=1563.5M, max=1563.5M, avg=1563494172.00, stdev= 0.00
    clat percentiles (msec):
     |  1.00th=[ 1502],  5.00th=[ 1502], 10.00th=[ 1502], 20.00th=[ 1502],
     | 30.00th=[ 1502], 40.00th=[ 1502], 50.00th=[ 1502], 60.00th=[ 1502],
     | 70.00th=[ 1502], 80.00th=[ 1502], 90.00th=[ 1502], 95.00th=[ 1502],
     | 99.00th=[ 1502], 99.50th=[ 1502], 99.90th=[ 1502], 99.95th=[ 1502],
     | 99.99th=[ 1502]
  lat (msec)   : 2000=100.00%
  cpu          : usr=2.01%, sys=85.71%, ctx=16, majf=0, minf=12
  IO depths    : 1=100.0%, 2=0.0%, 4=0.0%, 8=0.0%, 16=0.0%, 32=0.0%, >=64=0.0%
     submit    : 0=0.0%, 4=100.0%, 8=0.0%, 16=0.0%, 32=0.0%, 64=0.0%, >=64=0.0%
     complete  : 0=0.0%, 4=100.0%, 8=0.0%, 16=0.0%, 32=0.0%, 64=0.0%, >=64=0.0%
     issued rwts: total=0,1,0,0 short=0,0,0,0 dropped=0,0,0,0
     latency   : target=0, window=0, percentile=100.00%, depth=1

Run status group 0 (all jobs):
  WRITE: bw=332MiB/s (348MB/s), 332MiB/s-332MiB/s (348MB/s-348MB/s), io=1024MiB (1074MB), run=3085-3085msec

Disk stats (read/write):
  vdc: ios=0/269, sectors=0/2048000, merge=0/1, ticks=0/162393, in_queue=162393, util=30.64%
