buffered-read: (g=0): rw=read, bs=(R) 1024KiB-1024KiB, (W) 1024KiB-1024KiB, (T) 1024KiB-1024KiB, ioengine=psync, iodepth=1
fio-3.36
Starting 1 process

buffered-read: (groupid=0, jobs=1): err= 0: pid=439: Sat Aug  9 07:11:11 2025
  read: IOPS=753, BW=753MiB/s (790MB/s)(1024MiB/1359msec)
    clat (usec): min=219, max=10889, avg=1316.60, stdev=372.60
     lat (usec): min=219, max=10890, avg=1317.39, stdev=375.31
    clat percentiles (usec):
     |  1.00th=[ 1188],  5.00th=[ 1205], 10.00th=[ 1205], 20.00th=[ 1221],
     | 30.00th=[ 1254], 40.00th=[ 1270], 50.00th=[ 1287], 60.00th=[ 1303],
     | 70.00th=[ 1319], 80.00th=[ 1352], 90.00th=[ 1434], 95.00th=[ 1467],
     | 99.00th=[ 1631], 99.50th=[ 1876], 99.90th=[ 7439], 99.95th=[10945],
     | 99.99th=[10945]
   bw (  KiB/s): min=764940, max=784862, per=100.00%, avg=774901.00, stdev=14086.98, samples=2
   iops        : min=  747, max=  766, avg=756.50, stdev=13.44, samples=2
  lat (usec)   : 250=0.10%
  lat (msec)   : 2=99.51%, 4=0.20%, 10=0.10%, 20=0.10%
  cpu          : usr=0.81%, sys=97.35%, ctx=3, majf=0, minf=269
  IO depths    : 1=100.0%, 2=0.0%, 4=0.0%, 8=0.0%, 16=0.0%, 32=0.0%, >=64=0.0%
     submit    : 0=0.0%, 4=100.0%, 8=0.0%, 16=0.0%, 32=0.0%, 64=0.0%, >=64=0.0%
     complete  : 0=0.0%, 4=100.0%, 8=0.0%, 16=0.0%, 32=0.0%, 64=0.0%, >=64=0.0%
     issued rwts: total=1024,0,0,0 short=0,0,0,0 dropped=0,0,0,0
     latency   : target=0, window=0, percentile=100.00%, depth=1

Run status group 0 (all jobs):
   READ: bw=753MiB/s (790MB/s), 753MiB/s-753MiB/s (790MB/s-790MB/s), io=1024MiB (1074MB), run=1359-1359msec

Disk stats (read/write):
  vdc: ios=0/0, sectors=0/0, merge=0/0, ticks=0/0, in_queue=0, util=0.00%
