buffered-write: (g=0): rw=write, bs=(R) 1024KiB-1024KiB, (W) 1024KiB-1024KiB, (T) 1024KiB-1024KiB, ioengine=psync, iodepth=1
fio-3.36
Starting 1 process

buffered-write: (groupid=0, jobs=1): err= 0: pid=2017: Fri Aug  8 21:32:40 2025
  write: IOPS=377, BW=378MiB/s (396MB/s)(1024MiB/2711msec); 0 zone resets
    clat (usec): min=1129, max=11034, avg=1257.15, stdev=317.00
     lat (usec): min=1142, max=11046, avg=1277.96, stdev=318.86
    clat percentiles (usec):
     |  1.00th=[ 1139],  5.00th=[ 1156], 10.00th=[ 1172], 20.00th=[ 1172],
     | 30.00th=[ 1188], 40.00th=[ 1205], 50.00th=[ 1221], 60.00th=[ 1254],
     | 70.00th=[ 1270], 80.00th=[ 1303], 90.00th=[ 1369], 95.00th=[ 1418],
     | 99.00th=[ 1516], 99.50th=[ 1549], 99.90th=[ 1876], 99.95th=[11076],
     | 99.99th=[11076]
   bw (  KiB/s): min=155337, max=800768, per=100.00%, avg=584941.67, stdev=372049.96, samples=3
   iops        : min=  151, max=  782, avg=571.67, stdev=364.31, samples=3
  lat (msec)   : 2=99.90%, 20=0.10%
  cpu          : usr=1.36%, sys=85.36%, ctx=20, majf=0, minf=14
  IO depths    : 1=100.0%, 2=0.0%, 4=0.0%, 8=0.0%, 16=0.0%, 32=0.0%, >=64=0.0%
     submit    : 0=0.0%, 4=100.0%, 8=0.0%, 16=0.0%, 32=0.0%, 64=0.0%, >=64=0.0%
     complete  : 0=0.0%, 4=100.0%, 8=0.0%, 16=0.0%, 32=0.0%, 64=0.0%, >=64=0.0%
     issued rwts: total=0,1024,0,0 short=0,0,0,0 dropped=0,0,0,0
     latency   : target=0, window=0, percentile=100.00%, depth=1

Run status group 0 (all jobs):
  WRITE: bw=378MiB/s (396MB/s), 378MiB/s-378MiB/s (396MB/s-396MB/s), io=1024MiB (1074MB), run=2711-2711msec

Disk stats (read/write):
  vdc: ios=0/268, sectors=0/2097152, merge=0/1, ticks=0/150381, in_queue=150380, util=38.26%
