buffered-read: (g=0): rw=read, bs=(R) 10.0MiB-10.0MiB, (W) 10.0MiB-10.0MiB, (T) 10.0MiB-10.0MiB, ioengine=psync, iodepth=1
fio-3.36
Starting 1 process

buffered-read: (groupid=0, jobs=1): err= 0: pid=682: Fri Aug  8 21:25:20 2025
  read: IOPS=104, BW=1045MiB/s (1096MB/s)(1020MiB/976msec)
    clat (usec): min=7672, max=21309, avg=9512.79, stdev=2031.40
     lat (usec): min=7673, max=21739, avg=9519.67, stdev=2056.65
    clat percentiles (usec):
     |  1.00th=[ 7701],  5.00th=[ 7767], 10.00th=[ 7963], 20.00th=[ 8094],
     | 30.00th=[ 8094], 40.00th=[ 8160], 50.00th=[ 8455], 60.00th=[10421],
     | 70.00th=[10552], 80.00th=[10683], 90.00th=[10683], 95.00th=[10814],
     | 99.00th=[20317], 99.50th=[21365], 99.90th=[21365], 99.95th=[21365],
     | 99.99th=[21365]
   bw (  KiB/s): min=1042395, max=1042395, per=97.41%, avg=1042395.00, stdev= 0.00, samples=1
   iops        : min=  101, max=  101, avg=101.00, stdev= 0.00, samples=1
  lat (msec)   : 10=51.96%, 20=46.08%, 50=1.96%
  cpu          : usr=0.92%, sys=94.67%, ctx=5, majf=0, minf=528
  IO depths    : 1=100.0%, 2=0.0%, 4=0.0%, 8=0.0%, 16=0.0%, 32=0.0%, >=64=0.0%
     submit    : 0=0.0%, 4=100.0%, 8=0.0%, 16=0.0%, 32=0.0%, 64=0.0%, >=64=0.0%
     complete  : 0=0.0%, 4=100.0%, 8=0.0%, 16=0.0%, 32=0.0%, 64=0.0%, >=64=0.0%
     issued rwts: total=102,0,0,0 short=0,0,0,0 dropped=0,0,0,0
     latency   : target=0, window=0, percentile=100.00%, depth=1

Run status group 0 (all jobs):
   READ: bw=1045MiB/s (1096MB/s), 1045MiB/s-1045MiB/s (1096MB/s-1096MB/s), io=1020MiB (1070MB), run=976-976msec

Disk stats (read/write):
  vdc: ios=234/0, sectors=1851408/0, merge=2/0, ticks=198/0, in_queue=198, util=18.93%
