buffered-write: (g=0): rw=write, bs=(R) 10.0MiB-10.0MiB, (W) 10.0MiB-10.0MiB, (T) 10.0MiB-10.0MiB, ioengine=psync, iodepth=1
fio-3.36
Starting 1 process

buffered-write: (groupid=0, jobs=1): err= 0: pid=2377: Fri Aug  8 21:33:28 2025
  write: IOPS=37, BW=373MiB/s (392MB/s)(1020MiB/2731msec); 0 zone resets
    clat (usec): min=12381, max=14532, avg=12769.81, stdev=283.49
     lat (usec): min=12750, max=15119, avg=13224.89, stdev=331.80
    clat percentiles (usec):
     |  1.00th=[12387],  5.00th=[12387], 10.00th=[12518], 20.00th=[12518],
     | 30.00th=[12649], 40.00th=[12649], 50.00th=[12649], 60.00th=[12780],
     | 70.00th=[12911], 80.00th=[12911], 90.00th=[13042], 95.00th=[13173],
     | 99.00th=[13435], 99.50th=[14484], 99.90th=[14484], 99.95th=[14484],
     | 99.99th=[14484]
   bw (  KiB/s): min=163840, max=778240, per=100.00%, avg=573440.00, stdev=354724.01, samples=3
   iops        : min=   16, max=   76, avg=56.00, stdev=34.64, samples=3
  lat (msec)   : 20=100.00%
  cpu          : usr=2.16%, sys=87.69%, ctx=16, majf=0, minf=12
  IO depths    : 1=100.0%, 2=0.0%, 4=0.0%, 8=0.0%, 16=0.0%, 32=0.0%, >=64=0.0%
     submit    : 0=0.0%, 4=100.0%, 8=0.0%, 16=0.0%, 32=0.0%, 64=0.0%, >=64=0.0%
     complete  : 0=0.0%, 4=100.0%, 8=0.0%, 16=0.0%, 32=0.0%, 64=0.0%, >=64=0.0%
     issued rwts: total=0,102,0,0 short=0,0,0,0 dropped=0,0,0,0
     latency   : target=0, window=0, percentile=100.00%, depth=1

Run status group 0 (all jobs):
  WRITE: bw=373MiB/s (392MB/s), 373MiB/s-373MiB/s (392MB/s-392MB/s), io=1020MiB (1070MB), run=2731-2731msec

Disk stats (read/write):
  vdc: ios=0/272, sectors=0/2088960, merge=0/1, ticks=0/150233, in_queue=150232, util=37.98%
