buffered-read: (g=0): rw=read, bs=(R) 1024MiB-1024MiB, (W) 1024MiB-1024MiB, (T) 1024MiB-1024MiB, ioengine=psync, iodepth=1
fio-3.36
Starting 1 process

buffered-read: (groupid=0, jobs=1): err= 0: pid=1234: Fri Aug  8 21:26:31 2025
  read: IOPS=0, BW=850MiB/s (891MB/s)(1024MiB/1205msec)
    clat (nsec): min=1202.0M, max=1202.0M, avg=1201964487.00, stdev= 0.00
     lat (nsec): min=1202.1M, max=1202.1M, avg=1202076941.00, stdev= 0.00
    clat percentiles (msec):
     |  1.00th=[ 1200],  5.00th=[ 1200], 10.00th=[ 1200], 20.00th=[ 1200],
     | 30.00th=[ 1200], 40.00th=[ 1200], 50.00th=[ 1200], 60.00th=[ 1200],
     | 70.00th=[ 1200], 80.00th=[ 1200], 90.00th=[ 1200], 95.00th=[ 1200],
     | 99.00th=[ 1200], 99.50th=[ 1200], 99.90th=[ 1200], 99.95th=[ 1200],
     | 99.99th=[ 1200]
  lat (msec)   : 2000=100.00%
  cpu          : usr=0.17%, sys=96.01%, ctx=6, majf=0, minf=1036
  IO depths    : 1=100.0%, 2=0.0%, 4=0.0%, 8=0.0%, 16=0.0%, 32=0.0%, >=64=0.0%
     submit    : 0=0.0%, 4=100.0%, 8=0.0%, 16=0.0%, 32=0.0%, 64=0.0%, >=64=0.0%
     complete  : 0=0.0%, 4=100.0%, 8=0.0%, 16=0.0%, 32=0.0%, 64=0.0%, >=64=0.0%
     issued rwts: total=1,0,0,0 short=0,0,0,0 dropped=0,0,0,0
     latency   : target=0, window=0, percentile=100.00%, depth=1

Run status group 0 (all jobs):
   READ: bw=850MiB/s (891MB/s), 850MiB/s-850MiB/s (891MB/s-891MB/s), io=1024MiB (1074MB), run=1205-1205msec

Disk stats (read/write):
  vdc: ios=240/0, sectors=1941520/0, merge=0/0, ticks=225/0, in_queue=225, util=17.05%
