buffered-read: (g=0): rw=read, bs=(R) 1024KiB-1024KiB, (W) 1024KiB-1024KiB, (T) 1024KiB-1024KiB, ioengine=psync, iodepth=1
fio-3.36
Starting 1 process

buffered-read: (groupid=0, jobs=1): err= 0: pid=466: Fri Aug  8 21:24:53 2025
  read: IOPS=911, BW=912MiB/s (956MB/s)(1024MiB/1123msec)
    clat (usec): min=507, max=5406, avg=1085.36, stdev=305.13
     lat (usec): min=508, max=5408, avg=1086.14, stdev=306.88
    clat percentiles (usec):
     |  1.00th=[  889],  5.00th=[  906], 10.00th=[  914], 20.00th=[  930],
     | 30.00th=[  947], 40.00th=[  955], 50.00th=[  971], 60.00th=[ 1004],
     | 70.00th=[ 1057], 80.00th=[ 1156], 90.00th=[ 1483], 95.00th=[ 1582],
     | 99.00th=[ 2089], 99.50th=[ 2376], 99.90th=[ 4883], 99.95th=[ 5407],
     | 99.99th=[ 5407]
   bw (  KiB/s): min=894976, max=985088, per=100.00%, avg=940032.00, stdev=63718.81, samples=2
   iops        : min=  874, max=  962, avg=918.00, stdev=62.23, samples=2
  lat (usec)   : 750=0.10%, 1000=60.06%
  lat (msec)   : 2=38.77%, 4=0.88%, 10=0.20%
  cpu          : usr=0.98%, sys=89.75%, ctx=27, majf=0, minf=269
  IO depths    : 1=100.0%, 2=0.0%, 4=0.0%, 8=0.0%, 16=0.0%, 32=0.0%, >=64=0.0%
     submit    : 0=0.0%, 4=100.0%, 8=0.0%, 16=0.0%, 32=0.0%, 64=0.0%, >=64=0.0%
     complete  : 0=0.0%, 4=100.0%, 8=0.0%, 16=0.0%, 32=0.0%, 64=0.0%, >=64=0.0%
     issued rwts: total=1024,0,0,0 short=0,0,0,0 dropped=0,0,0,0
     latency   : target=0, window=0, percentile=100.00%, depth=1

Run status group 0 (all jobs):
   READ: bw=912MiB/s (956MB/s), 912MiB/s-912MiB/s (956MB/s-956MB/s), io=1024MiB (1074MB), run=1123-1123msec

Disk stats (read/write):
  vdc: ios=1021/0, sectors=2086928/0, merge=0/0, ticks=720/0, in_queue=720, util=50.74%
