buffered-read: (g=0): rw=read, bs=(R) 1024MiB-1024MiB, (W) 1024MiB-1024MiB, (T) 1024MiB-1024MiB, ioengine=psync, iodepth=1
fio-3.36
Starting 1 process

buffered-read: (groupid=0, jobs=1): err= 0: pid=1207: Sat Aug  9 07:13:52 2025
  read: IOPS=0, BW=670MiB/s (703MB/s)(1024MiB/1528msec)
    clat (nsec): min=1525.1M, max=1525.1M, avg=1525097510.00, stdev= 0.00
     lat (nsec): min=1525.2M, max=1525.2M, avg=1525221848.00, stdev= 0.00
    clat percentiles (msec):
     |  1.00th=[ 1519],  5.00th=[ 1519], 10.00th=[ 1519], 20.00th=[ 1519],
     | 30.00th=[ 1519], 40.00th=[ 1519], 50.00th=[ 1519], 60.00th=[ 1519],
     | 70.00th=[ 1519], 80.00th=[ 1519], 90.00th=[ 1519], 95.00th=[ 1519],
     | 99.00th=[ 1519], 99.50th=[ 1519], 99.90th=[ 1519], 99.95th=[ 1519],
     | 99.99th=[ 1519]
  lat (msec)   : 2000=100.00%
  cpu          : usr=0.26%, sys=98.49%, ctx=1, majf=0, minf=1035
  IO depths    : 1=100.0%, 2=0.0%, 4=0.0%, 8=0.0%, 16=0.0%, 32=0.0%, >=64=0.0%
     submit    : 0=0.0%, 4=100.0%, 8=0.0%, 16=0.0%, 32=0.0%, 64=0.0%, >=64=0.0%
     complete  : 0=0.0%, 4=100.0%, 8=0.0%, 16=0.0%, 32=0.0%, 64=0.0%, >=64=0.0%
     issued rwts: total=1,0,0,0 short=0,0,0,0 dropped=0,0,0,0
     latency   : target=0, window=0, percentile=100.00%, depth=1

Run status group 0 (all jobs):
   READ: bw=670MiB/s (703MB/s), 670MiB/s-670MiB/s (703MB/s-703MB/s), io=1024MiB (1074MB), run=1528-1528msec

Disk stats (read/write):
  vdc: ios=0/0, sectors=0/0, merge=0/0, ticks=0/0, in_queue=0, util=0.00%
