buffered-write: (g=0): rw=write, bs=(R) 128KiB-128KiB, (W) 128KiB-128KiB, (T) 128KiB-128KiB, ioengine=psync, iodepth=1
fio-3.36
Starting 1 process

buffered-write: (groupid=0, jobs=1): err= 0: pid=3488: Fri Aug  8 21:36:27 2025
  write: IOPS=4556, BW=570MiB/s (597MB/s)(1024MiB/1798msec); 0 zone resets
    clat (usec): min=144, max=589, avg=160.85, stdev=24.94
     lat (usec): min=146, max=749, avg=162.31, stdev=25.35
    clat percentiles (usec):
     |  1.00th=[  147],  5.00th=[  149], 10.00th=[  151], 20.00th=[  151],
     | 30.00th=[  153], 40.00th=[  153], 50.00th=[  155], 60.00th=[  155],
     | 70.00th=[  157], 80.00th=[  161], 90.00th=[  176], 95.00th=[  196],
     | 99.00th=[  310], 99.50th=[  322], 99.90th=[  367], 99.95th=[  392],
     | 99.99th=[  586]
   bw (  KiB/s): min=72558, max=781056, per=93.21%, avg=543603.67, stdev=407942.08, samples=3
   iops        : min=  566, max= 6102, avg=4246.33, stdev=3187.30, samples=3
  lat (usec)   : 250=98.24%, 500=1.75%, 750=0.01%
  cpu          : usr=3.78%, sys=95.11%, ctx=14, majf=0, minf=12
  IO depths    : 1=100.0%, 2=0.0%, 4=0.0%, 8=0.0%, 16=0.0%, 32=0.0%, >=64=0.0%
     submit    : 0=0.0%, 4=100.0%, 8=0.0%, 16=0.0%, 32=0.0%, 64=0.0%, >=64=0.0%
     complete  : 0=0.0%, 4=100.0%, 8=0.0%, 16=0.0%, 32=0.0%, 64=0.0%, >=64=0.0%
     issued rwts: total=0,8192,0,0 short=0,0,0,0 dropped=0,0,0,0
     latency   : target=0, window=0, percentile=100.00%, depth=1

Run status group 0 (all jobs):
  WRITE: bw=570MiB/s (597MB/s), 570MiB/s-570MiB/s (597MB/s-597MB/s), io=1024MiB (1074MB), run=1798-1798msec

Disk stats (read/write):
  vdc: ios=0/78, sectors=0/633624, merge=0/0, ticks=0/91640, in_queue=91641, util=16.25%
