buffered-read: (g=0): rw=read, bs=(R) 1024KiB-1024KiB, (W) 1024KiB-1024KiB, (T) 1024KiB-1024KiB, ioengine=psync, iodepth=1
fio-3.36
Starting 1 process

buffered-read: (groupid=0, jobs=1): err= 0: pid=463: Sat Aug  9 07:11:14 2025
  read: IOPS=743, BW=743MiB/s (779MB/s)(1024MiB/1378msec)
    clat (usec): min=205, max=11215, avg=1334.50, stdev=419.80
     lat (usec): min=206, max=11216, avg=1335.36, stdev=421.87
    clat percentiles (usec):
     |  1.00th=[ 1172],  5.00th=[ 1188], 10.00th=[ 1188], 20.00th=[ 1221],
     | 30.00th=[ 1237], 40.00th=[ 1254], 50.00th=[ 1287], 60.00th=[ 1303],
     | 70.00th=[ 1352], 80.00th=[ 1401], 90.00th=[ 1467], 95.00th=[ 1516],
     | 99.00th=[ 1680], 99.50th=[ 2409], 99.90th=[ 6521], 99.95th=[11207],
     | 99.99th=[11207]
   bw (  KiB/s): min=741940, max=790994, per=100.00%, avg=766467.00, stdev=34686.42, samples=2
   iops        : min=  724, max=  772, avg=748.00, stdev=33.94, samples=2
  lat (usec)   : 250=0.10%
  lat (msec)   : 2=99.22%, 4=0.20%, 10=0.39%, 20=0.10%
  cpu          : usr=1.67%, sys=95.65%, ctx=2, majf=0, minf=270
  IO depths    : 1=100.0%, 2=0.0%, 4=0.0%, 8=0.0%, 16=0.0%, 32=0.0%, >=64=0.0%
     submit    : 0=0.0%, 4=100.0%, 8=0.0%, 16=0.0%, 32=0.0%, 64=0.0%, >=64=0.0%
     complete  : 0=0.0%, 4=100.0%, 8=0.0%, 16=0.0%, 32=0.0%, 64=0.0%, >=64=0.0%
     issued rwts: total=1024,0,0,0 short=0,0,0,0 dropped=0,0,0,0
     latency   : target=0, window=0, percentile=100.00%, depth=1

Run status group 0 (all jobs):
   READ: bw=743MiB/s (779MB/s), 743MiB/s-743MiB/s (779MB/s-779MB/s), io=1024MiB (1074MB), run=1378-1378msec

Disk stats (read/write):
  vdc: ios=0/0, sectors=0/0, merge=0/0, ticks=0/0, in_queue=0, util=0.00%
