buffered-read: (g=0): rw=read, bs=(R) 1024MiB-1024MiB, (W) 1024MiB-1024MiB, (T) 1024MiB-1024MiB, ioengine=psync, iodepth=1
fio-3.36
Starting 1 process

buffered-read: (groupid=0, jobs=1): err= 0: pid=1210: Fri Aug  8 21:26:28 2025
  read: IOPS=0, BW=868MiB/s (910MB/s)(1024MiB/1180msec)
    clat (nsec): min=1177.4M, max=1177.4M, avg=1177435375.00, stdev= 0.00
     lat (nsec): min=1177.5M, max=1177.5M, avg=1177548708.00, stdev= 0.00
    clat percentiles (msec):
     |  1.00th=[ 1183],  5.00th=[ 1183], 10.00th=[ 1183], 20.00th=[ 1183],
     | 30.00th=[ 1183], 40.00th=[ 1183], 50.00th=[ 1183], 60.00th=[ 1183],
     | 70.00th=[ 1183], 80.00th=[ 1183], 90.00th=[ 1183], 95.00th=[ 1183],
     | 99.00th=[ 1183], 99.50th=[ 1183], 99.90th=[ 1183], 99.95th=[ 1183],
     | 99.99th=[ 1183]
  lat (msec)   : 2000=100.00%
  cpu          : usr=0.51%, sys=95.59%, ctx=5, majf=0, minf=1035
  IO depths    : 1=100.0%, 2=0.0%, 4=0.0%, 8=0.0%, 16=0.0%, 32=0.0%, >=64=0.0%
     submit    : 0=0.0%, 4=100.0%, 8=0.0%, 16=0.0%, 32=0.0%, 64=0.0%, >=64=0.0%
     complete  : 0=0.0%, 4=100.0%, 8=0.0%, 16=0.0%, 32=0.0%, 64=0.0%, >=64=0.0%
     issued rwts: total=1,0,0,0 short=0,0,0,0 dropped=0,0,0,0
     latency   : target=0, window=0, percentile=100.00%, depth=1

Run status group 0 (all jobs):
   READ: bw=868MiB/s (910MB/s), 868MiB/s-868MiB/s (910MB/s-910MB/s), io=1024MiB (1074MB), run=1180-1180msec

Disk stats (read/write):
  vdc: ios=246/0, sectors=1990672/0, merge=0/0, ticks=224/0, in_queue=224, util=16.68%
