buffered-read: (g=0): rw=read, bs=(R) 1024KiB-1024KiB, (W) 1024KiB-1024KiB, (T) 1024KiB-1024KiB, ioengine=psync, iodepth=1
fio-3.36
Starting 1 process

buffered-read: (groupid=0, jobs=1): err= 0: pid=559: Sat Aug  9 07:11:27 2025
  read: IOPS=768, BW=769MiB/s (806MB/s)(1024MiB/1332msec)
    clat (usec): min=215, max=10829, avg=1291.13, stdev=387.57
     lat (usec): min=216, max=10829, avg=1291.78, stdev=388.62
    clat percentiles (usec):
     |  1.00th=[ 1156],  5.00th=[ 1156], 10.00th=[ 1172], 20.00th=[ 1188],
     | 30.00th=[ 1205], 40.00th=[ 1221], 50.00th=[ 1237], 60.00th=[ 1254],
     | 70.00th=[ 1287], 80.00th=[ 1336], 90.00th=[ 1401], 95.00th=[ 1467],
     | 99.00th=[ 2057], 99.50th=[ 3228], 99.90th=[ 5669], 99.95th=[10814],
     | 99.99th=[10814]
   bw (  KiB/s): min=760335, max=815520, per=100.00%, avg=787927.50, stdev=39021.69, samples=2
   iops        : min=  744, max=  794, avg=769.00, stdev=35.36, samples=2
  lat (usec)   : 250=0.10%
  lat (msec)   : 2=98.83%, 4=0.78%, 10=0.20%, 20=0.10%
  cpu          : usr=1.65%, sys=96.99%, ctx=4, majf=0, minf=269
  IO depths    : 1=100.0%, 2=0.0%, 4=0.0%, 8=0.0%, 16=0.0%, 32=0.0%, >=64=0.0%
     submit    : 0=0.0%, 4=100.0%, 8=0.0%, 16=0.0%, 32=0.0%, 64=0.0%, >=64=0.0%
     complete  : 0=0.0%, 4=100.0%, 8=0.0%, 16=0.0%, 32=0.0%, 64=0.0%, >=64=0.0%
     issued rwts: total=1024,0,0,0 short=0,0,0,0 dropped=0,0,0,0
     latency   : target=0, window=0, percentile=100.00%, depth=1

Run status group 0 (all jobs):
   READ: bw=769MiB/s (806MB/s), 769MiB/s-769MiB/s (806MB/s-806MB/s), io=1024MiB (1074MB), run=1332-1332msec

Disk stats (read/write):
  vdc: ios=0/0, sectors=0/0, merge=0/0, ticks=0/0, in_queue=0, util=0.00%
