buffered-read: (g=0): rw=read, bs=(R) 10.0MiB-10.0MiB, (W) 10.0MiB-10.0MiB, (T) 10.0MiB-10.0MiB, ioengine=psync, iodepth=1
fio-3.36
Starting 1 process

buffered-read: (groupid=0, jobs=1): err= 0: pid=706: Fri Aug  8 21:25:23 2025
  read: IOPS=104, BW=1045MiB/s (1096MB/s)(1020MiB/976msec)
    clat (usec): min=7632, max=22137, avg=9503.63, stdev=1818.90
     lat (usec): min=7633, max=22258, avg=9507.15, stdev=1826.54
    clat percentiles (usec):
     |  1.00th=[ 7635],  5.00th=[ 7767], 10.00th=[ 7832], 20.00th=[ 7963],
     | 30.00th=[ 8094], 40.00th=[ 8586], 50.00th=[ 9634], 60.00th=[10159],
     | 70.00th=[10421], 80.00th=[10552], 90.00th=[10945], 95.00th=[11469],
     | 99.00th=[12125], 99.50th=[22152], 99.90th=[22152], 99.95th=[22152],
     | 99.99th=[22152]
   bw (  MiB/s): min= 1057, max= 1057, per=100.00%, avg=1057.88, stdev= 0.00, samples=1
   iops        : min=  105, max=  105, avg=105.00, stdev= 0.00, samples=1
  lat (msec)   : 10=54.90%, 20=44.12%, 50=0.98%
  cpu          : usr=1.23%, sys=94.05%, ctx=6, majf=0, minf=528
  IO depths    : 1=100.0%, 2=0.0%, 4=0.0%, 8=0.0%, 16=0.0%, 32=0.0%, >=64=0.0%
     submit    : 0=0.0%, 4=100.0%, 8=0.0%, 16=0.0%, 32=0.0%, 64=0.0%, >=64=0.0%
     complete  : 0=0.0%, 4=100.0%, 8=0.0%, 16=0.0%, 32=0.0%, 64=0.0%, >=64=0.0%
     issued rwts: total=102,0,0,0 short=0,0,0,0 dropped=0,0,0,0
     latency   : target=0, window=0, percentile=100.00%, depth=1

Run status group 0 (all jobs):
   READ: bw=1045MiB/s (1096MB/s), 1045MiB/s-1045MiB/s (1096MB/s-1096MB/s), io=1020MiB (1070MB), run=976-976msec

Disk stats (read/write):
  vdc: ios=230/0, sectors=1859600/0, merge=0/0, ticks=233/0, in_queue=233, util=18.07%
