buffered-read: (g=0): rw=read, bs=(R) 1024KiB-1024KiB, (W) 1024KiB-1024KiB, (T) 1024KiB-1024KiB, ioengine=psync, iodepth=1
fio-3.36
Starting 1 process

buffered-read: (groupid=0, jobs=1): err= 0: pid=535: Sat Aug  9 07:11:24 2025
  read: IOPS=747, BW=747MiB/s (784MB/s)(1024MiB/1370msec)
    clat (usec): min=214, max=10974, avg=1329.35, stdev=351.33
     lat (usec): min=214, max=10975, avg=1329.95, stdev=352.45
    clat percentiles (usec):
     |  1.00th=[ 1188],  5.00th=[ 1205], 10.00th=[ 1221], 20.00th=[ 1254],
     | 30.00th=[ 1270], 40.00th=[ 1270], 50.00th=[ 1287], 60.00th=[ 1303],
     | 70.00th=[ 1319], 80.00th=[ 1369], 90.00th=[ 1450], 95.00th=[ 1483],
     | 99.00th=[ 1811], 99.50th=[ 2704], 99.90th=[ 4490], 99.95th=[10945],
     | 99.99th=[10945]
   bw (  KiB/s): min=757760, max=786432, per=100.00%, avg=772096.00, stdev=20274.17, samples=2
   iops        : min=  740, max=  768, avg=754.00, stdev=19.80, samples=2
  lat (usec)   : 250=0.10%
  lat (msec)   : 2=99.12%, 4=0.59%, 10=0.10%, 20=0.10%
  cpu          : usr=0.44%, sys=98.25%, ctx=2, majf=0, minf=269
  IO depths    : 1=100.0%, 2=0.0%, 4=0.0%, 8=0.0%, 16=0.0%, 32=0.0%, >=64=0.0%
     submit    : 0=0.0%, 4=100.0%, 8=0.0%, 16=0.0%, 32=0.0%, 64=0.0%, >=64=0.0%
     complete  : 0=0.0%, 4=100.0%, 8=0.0%, 16=0.0%, 32=0.0%, 64=0.0%, >=64=0.0%
     issued rwts: total=1024,0,0,0 short=0,0,0,0 dropped=0,0,0,0
     latency   : target=0, window=0, percentile=100.00%, depth=1

Run status group 0 (all jobs):
   READ: bw=747MiB/s (784MB/s), 747MiB/s-747MiB/s (784MB/s-784MB/s), io=1024MiB (1074MB), run=1370-1370msec

Disk stats (read/write):
  vdc: ios=0/0, sectors=0/0, merge=0/0, ticks=0/0, in_queue=0, util=0.00%
