buffered-read: (g=0): rw=read, bs=(R) 128KiB-128KiB, (W) 128KiB-128KiB, (T) 128KiB-128KiB, ioengine=psync, iodepth=1
fio-3.36
Starting 1 process

buffered-read: (groupid=0, jobs=1): err= 0: pid=1687: Sat Aug  9 07:15:03 2025
  read: IOPS=6340, BW=793MiB/s (831MB/s)(1024MiB/1292msec)
    clat (usec): min=25, max=2497, avg=155.40, stdev=140.64
     lat (usec): min=25, max=2497, avg=155.65, stdev=140.73
    clat percentiles (usec):
     |  1.00th=[   26],  5.00th=[   26], 10.00th=[   27], 20.00th=[   27],
     | 30.00th=[   28], 40.00th=[   29], 50.00th=[  237], 60.00th=[  260],
     | 70.00th=[  265], 80.00th=[  269], 90.00th=[  285], 95.00th=[  310],
     | 99.00th=[  445], 99.50th=[  482], 99.90th=[ 1237], 99.95th=[ 1680],
     | 99.99th=[ 2507]
   bw (  KiB/s): min=784351, max=828928, per=99.39%, avg=806639.50, stdev=31520.70, samples=2
   iops        : min= 6129, max= 6474, avg=6301.50, stdev=243.95, samples=2
  lat (usec)   : 50=49.60%, 100=0.38%, 250=0.02%, 500=49.65%, 750=0.13%
  lat (usec)   : 1000=0.10%
  lat (msec)   : 2=0.11%, 4=0.01%
  cpu          : usr=2.40%, sys=96.59%, ctx=1, majf=0, minf=44
  IO depths    : 1=100.0%, 2=0.0%, 4=0.0%, 8=0.0%, 16=0.0%, 32=0.0%, >=64=0.0%
     submit    : 0=0.0%, 4=100.0%, 8=0.0%, 16=0.0%, 32=0.0%, 64=0.0%, >=64=0.0%
     complete  : 0=0.0%, 4=100.0%, 8=0.0%, 16=0.0%, 32=0.0%, 64=0.0%, >=64=0.0%
     issued rwts: total=8192,0,0,0 short=0,0,0,0 dropped=0,0,0,0
     latency   : target=0, window=0, percentile=100.00%, depth=1

Run status group 0 (all jobs):
   READ: bw=793MiB/s (831MB/s), 793MiB/s-793MiB/s (831MB/s-831MB/s), io=1024MiB (1074MB), run=1292-1292msec

Disk stats (read/write):
  vdc: ios=0/0, sectors=0/0, merge=0/0, ticks=0/0, in_queue=0, util=0.00%
