buffered-read: (g=0): rw=read, bs=(R) 128KiB-128KiB, (W) 128KiB-128KiB, (T) 128KiB-128KiB, ioengine=psync, iodepth=1
fio-3.36
Starting 1 process

buffered-read: (groupid=0, jobs=1): err= 0: pid=1735: Sat Aug  9 07:15:09 2025
  read: IOPS=6229, BW=779MiB/s (817MB/s)(1024MiB/1315msec)
    clat (usec): min=25, max=3288, avg=158.19, stdev=149.37
     lat (usec): min=25, max=3288, avg=158.46, stdev=149.49
    clat percentiles (usec):
     |  1.00th=[   26],  5.00th=[   26], 10.00th=[   27], 20.00th=[   27],
     | 30.00th=[   28], 40.00th=[   29], 50.00th=[  105], 60.00th=[  265],
     | 70.00th=[  269], 80.00th=[  273], 90.00th=[  285], 95.00th=[  314],
     | 99.00th=[  453], 99.50th=[  494], 99.90th=[ 1369], 99.95th=[ 1860],
     | 99.99th=[ 3294]
   bw (  KiB/s): min=754688, max=823808, per=98.98%, avg=789248.00, stdev=48875.22, samples=2
   iops        : min= 5896, max= 6436, avg=6166.00, stdev=381.84, samples=2
  lat (usec)   : 50=49.65%, 100=0.33%, 250=0.02%, 500=49.51%, 750=0.16%
  lat (usec)   : 1000=0.12%
  lat (msec)   : 2=0.18%, 4=0.02%
  cpu          : usr=5.86%, sys=93.38%, ctx=1, majf=0, minf=44
  IO depths    : 1=100.0%, 2=0.0%, 4=0.0%, 8=0.0%, 16=0.0%, 32=0.0%, >=64=0.0%
     submit    : 0=0.0%, 4=100.0%, 8=0.0%, 16=0.0%, 32=0.0%, 64=0.0%, >=64=0.0%
     complete  : 0=0.0%, 4=100.0%, 8=0.0%, 16=0.0%, 32=0.0%, 64=0.0%, >=64=0.0%
     issued rwts: total=8192,0,0,0 short=0,0,0,0 dropped=0,0,0,0
     latency   : target=0, window=0, percentile=100.00%, depth=1

Run status group 0 (all jobs):
   READ: bw=779MiB/s (817MB/s), 779MiB/s-779MiB/s (817MB/s-817MB/s), io=1024MiB (1074MB), run=1315-1315msec

Disk stats (read/write):
  vdc: ios=0/0, sectors=0/0, merge=0/0, ticks=0/0, in_queue=0, util=0.00%
