buffered-read: (g=0): rw=read, bs=(R) 128KiB-128KiB, (W) 128KiB-128KiB, (T) 128KiB-128KiB, ioengine=psync, iodepth=1
fio-3.36
Starting 1 process

buffered-read: (groupid=0, jobs=1): err= 0: pid=1807: Sat Aug  9 07:15:18 2025
  read: IOPS=6258, BW=782MiB/s (820MB/s)(1024MiB/1309msec)
    clat (usec): min=24, max=2088, avg=157.57, stdev=144.55
     lat (usec): min=24, max=2088, avg=157.83, stdev=144.61
    clat percentiles (usec):
     |  1.00th=[   25],  5.00th=[   26], 10.00th=[   26], 20.00th=[   27],
     | 30.00th=[   28], 40.00th=[   29], 50.00th=[  112], 60.00th=[  258],
     | 70.00th=[  265], 80.00th=[  273], 90.00th=[  289], 95.00th=[  326],
     | 99.00th=[  453], 99.50th=[  523], 99.90th=[ 1352], 99.95th=[ 1549],
     | 99.99th=[ 2089]
   bw (  KiB/s): min=760335, max=828928, per=99.20%, avg=794631.50, stdev=48502.58, samples=2
   iops        : min= 5944, max= 6480, avg=6212.00, stdev=379.01, samples=2
  lat (usec)   : 50=49.52%, 100=0.43%, 250=0.09%, 500=49.39%, 750=0.26%
  lat (usec)   : 1000=0.11%
  lat (msec)   : 2=0.20%, 4=0.01%
  cpu          : usr=4.05%, sys=94.81%, ctx=2, majf=0, minf=44
  IO depths    : 1=100.0%, 2=0.0%, 4=0.0%, 8=0.0%, 16=0.0%, 32=0.0%, >=64=0.0%
     submit    : 0=0.0%, 4=100.0%, 8=0.0%, 16=0.0%, 32=0.0%, 64=0.0%, >=64=0.0%
     complete  : 0=0.0%, 4=100.0%, 8=0.0%, 16=0.0%, 32=0.0%, 64=0.0%, >=64=0.0%
     issued rwts: total=8192,0,0,0 short=0,0,0,0 dropped=0,0,0,0
     latency   : target=0, window=0, percentile=100.00%, depth=1

Run status group 0 (all jobs):
   READ: bw=782MiB/s (820MB/s), 782MiB/s-782MiB/s (820MB/s-820MB/s), io=1024MiB (1074MB), run=1309-1309msec

Disk stats (read/write):
  vdc: ios=0/0, sectors=0/0, merge=0/0, ticks=0/0, in_queue=0, util=0.00%
