buffered-write: (g=0): rw=write, bs=(R) 10.0MiB-10.0MiB, (W) 10.0MiB-10.0MiB, (T) 10.0MiB-10.0MiB, ioengine=psync, iodepth=1
fio-3.36
Starting 1 process

buffered-write: (groupid=0, jobs=1): err= 0: pid=2437: Fri Aug  8 21:33:36 2025
  write: IOPS=36, BW=365MiB/s (383MB/s)(1020MiB/2792msec); 0 zone resets
    clat (usec): min=13123, max=16143, avg=13851.02, stdev=733.92
     lat (usec): min=13497, max=16612, avg=14337.30, stdev=843.94
    clat percentiles (usec):
     |  1.00th=[13173],  5.00th=[13173], 10.00th=[13173], 20.00th=[13173],
     | 30.00th=[13304], 40.00th=[13435], 50.00th=[13566], 60.00th=[13698],
     | 70.00th=[14091], 80.00th=[14353], 90.00th=[15008], 95.00th=[15401],
     | 99.00th=[15664], 99.50th=[16188], 99.90th=[16188], 99.95th=[16188],
     | 99.99th=[16188]
   bw (  KiB/s): min=245269, max=737280, per=100.00%, avg=572785.67, stdev=283638.71, samples=3
   iops        : min=   23, max=   72, avg=55.33, stdev=28.01, samples=3
  lat (msec)   : 20=100.00%
  cpu          : usr=2.62%, sys=89.50%, ctx=13, majf=0, minf=12
  IO depths    : 1=100.0%, 2=0.0%, 4=0.0%, 8=0.0%, 16=0.0%, 32=0.0%, >=64=0.0%
     submit    : 0=0.0%, 4=100.0%, 8=0.0%, 16=0.0%, 32=0.0%, 64=0.0%, >=64=0.0%
     complete  : 0=0.0%, 4=100.0%, 8=0.0%, 16=0.0%, 32=0.0%, 64=0.0%, >=64=0.0%
     issued rwts: total=0,102,0,0 short=0,0,0,0 dropped=0,0,0,0
     latency   : target=0, window=0, percentile=100.00%, depth=1

Run status group 0 (all jobs):
  WRITE: bw=365MiB/s (383MB/s), 365MiB/s-365MiB/s (383MB/s-383MB/s), io=1020MiB (1070MB), run=2792-2792msec

Disk stats (read/write):
  vdc: ios=0/274, sectors=0/2088960, merge=0/1, ticks=0/156983, in_queue=156982, util=39.59%
