buffered-read: (g=0): rw=read, bs=(R) 1024MiB-1024MiB, (W) 1024MiB-1024MiB, (T) 1024MiB-1024MiB, ioengine=psync, iodepth=1
fio-3.36
Starting 1 process

buffered-read: (groupid=0, jobs=1): err= 0: pid=1231: Sat Aug  9 07:13:55 2025
  read: IOPS=0, BW=684MiB/s (718MB/s)(1024MiB/1496msec)
    clat (nsec): min=1493.5M, max=1493.5M, avg=1493503593.00, stdev= 0.00
     lat (nsec): min=1493.6M, max=1493.6M, avg=1493616626.00, stdev= 0.00
    clat percentiles (msec):
     |  1.00th=[ 1502],  5.00th=[ 1502], 10.00th=[ 1502], 20.00th=[ 1502],
     | 30.00th=[ 1502], 40.00th=[ 1502], 50.00th=[ 1502], 60.00th=[ 1502],
     | 70.00th=[ 1502], 80.00th=[ 1502], 90.00th=[ 1502], 95.00th=[ 1502],
     | 99.00th=[ 1502], 99.50th=[ 1502], 99.90th=[ 1502], 99.95th=[ 1502],
     | 99.99th=[ 1502]
  lat (msec)   : 2000=100.00%
  cpu          : usr=0.40%, sys=98.60%, ctx=4, majf=0, minf=1035
  IO depths    : 1=100.0%, 2=0.0%, 4=0.0%, 8=0.0%, 16=0.0%, 32=0.0%, >=64=0.0%
     submit    : 0=0.0%, 4=100.0%, 8=0.0%, 16=0.0%, 32=0.0%, 64=0.0%, >=64=0.0%
     complete  : 0=0.0%, 4=100.0%, 8=0.0%, 16=0.0%, 32=0.0%, 64=0.0%, >=64=0.0%
     issued rwts: total=1,0,0,0 short=0,0,0,0 dropped=0,0,0,0
     latency   : target=0, window=0, percentile=100.00%, depth=1

Run status group 0 (all jobs):
   READ: bw=684MiB/s (718MB/s), 684MiB/s-684MiB/s (718MB/s-718MB/s), io=1024MiB (1074MB), run=1496-1496msec

Disk stats (read/write):
  vdc: ios=0/0, sectors=0/0, merge=0/0, ticks=0/0, in_queue=0, util=0.00%
