buffered-read: (g=0): rw=read, bs=(R) 100MiB-100MiB, (W) 100MiB-100MiB, (T) 100MiB-100MiB, ioengine=psync, iodepth=1
fio-3.36
Starting 1 process

buffered-read: (groupid=0, jobs=1): err= 0: pid=991: Sat Aug  9 07:13:21 2025
  read: IOPS=6, BW=687MiB/s (721MB/s)(1000MiB/1455msec)
    clat (msec): min=130, max=185, avg=145.11, stdev=18.69
     lat (msec): min=130, max=185, avg=145.12, stdev=18.72
    clat percentiles (msec):
     |  1.00th=[  131],  5.00th=[  131], 10.00th=[  131], 20.00th=[  131],
     | 30.00th=[  132], 40.00th=[  136], 50.00th=[  136], 60.00th=[  140],
     | 70.00th=[  144], 80.00th=[  153], 90.00th=[  169], 95.00th=[  186],
     | 99.00th=[  186], 99.50th=[  186], 99.90th=[  186], 99.95th=[  186],
     | 99.99th=[  186]
   bw (  KiB/s): min=613173, max=614400, per=87.21%, avg=613786.50, stdev=867.62, samples=2
   iops        : min=    5, max=    6, avg= 5.50, stdev= 0.71, samples=2
  lat (msec)   : 250=100.00%
  cpu          : usr=0.00%, sys=98.42%, ctx=2, majf=0, minf=574
  IO depths    : 1=100.0%, 2=0.0%, 4=0.0%, 8=0.0%, 16=0.0%, 32=0.0%, >=64=0.0%
     submit    : 0=0.0%, 4=100.0%, 8=0.0%, 16=0.0%, 32=0.0%, 64=0.0%, >=64=0.0%
     complete  : 0=0.0%, 4=100.0%, 8=0.0%, 16=0.0%, 32=0.0%, 64=0.0%, >=64=0.0%
     issued rwts: total=10,0,0,0 short=0,0,0,0 dropped=0,0,0,0
     latency   : target=0, window=0, percentile=100.00%, depth=1

Run status group 0 (all jobs):
   READ: bw=687MiB/s (721MB/s), 687MiB/s-687MiB/s (721MB/s-721MB/s), io=1000MiB (1049MB), run=1455-1455msec

Disk stats (read/write):
  vdc: ios=0/0, sectors=0/0, merge=0/0, ticks=0/0, in_queue=0, util=0.00%
