buffered-write: (g=0): rw=write, bs=(R) 4096B-4096B, (W) 4096B-4096B, (T) 4096B-4096B, ioengine=psync, iodepth=1
fio-3.36
Starting 1 process

buffered-write: (groupid=0, jobs=1): err= 0: pid=3278: Fri Aug  8 21:35:51 2025
  write: IOPS=62.4k, BW=244MiB/s (255MB/s)(1024MiB/4203msec); 0 zone resets
    clat (usec): min=7, max=413, avg= 9.12, stdev= 4.85
     lat (usec): min=7, max=603, avg= 9.33, stdev= 4.95
    clat percentiles (usec):
     |  1.00th=[    9],  5.00th=[    9], 10.00th=[    9], 20.00th=[    9],
     | 30.00th=[    9], 40.00th=[    9], 50.00th=[    9], 60.00th=[    9],
     | 70.00th=[    9], 80.00th=[    9], 90.00th=[   10], 95.00th=[   13],
     | 99.00th=[   20], 99.50th=[   27], 99.90th=[   54], 99.95th=[  157],
     | 99.99th=[  172]
   bw (  KiB/s): min=47568, max=383544, per=100.00%, avg=324352.33, stdev=135721.20, samples=6
   iops        : min=11906, max=95892, avg=81092.67, stdev=33925.76, samples=6
  lat (usec)   : 10=92.44%, 20=6.57%, 50=0.85%, 100=0.08%, 250=0.05%
  lat (usec)   : 500=0.01%
  cpu          : usr=29.55%, sys=63.48%, ctx=21, majf=0, minf=13
  IO depths    : 1=100.0%, 2=0.0%, 4=0.0%, 8=0.0%, 16=0.0%, 32=0.0%, >=64=0.0%
     submit    : 0=0.0%, 4=100.0%, 8=0.0%, 16=0.0%, 32=0.0%, 64=0.0%, >=64=0.0%
     complete  : 0=0.0%, 4=100.0%, 8=0.0%, 16=0.0%, 32=0.0%, 64=0.0%, >=64=0.0%
     issued rwts: total=0,262144,0,0 short=0,0,0,0 dropped=0,0,0,0
     latency   : target=0, window=0, percentile=100.00%, depth=1

Run status group 0 (all jobs):
  WRITE: bw=244MiB/s (255MB/s), 244MiB/s-244MiB/s (255MB/s-255MB/s), io=1024MiB (1074MB), run=4203-4203msec

Disk stats (read/write):
  vdc: ios=0/282, sectors=0/2097152, merge=0/0, ticks=0/160347, in_queue=160347, util=26.81%
