buffered-read: (g=0): rw=read, bs=(R) 1024KiB-1024KiB, (W) 1024KiB-1024KiB, (T) 1024KiB-1024KiB, ioengine=psync, iodepth=1
fio-3.36
Starting 1 process

buffered-read: (groupid=0, jobs=1): err= 0: pid=631: Sat Aug  9 07:12:33 2025
  read: IOPS=769, BW=770MiB/s (807MB/s)(1024MiB/1330msec)
    clat (usec): min=204, max=11104, avg=1290.66, stdev=397.91
     lat (usec): min=205, max=11105, avg=1291.25, stdev=399.35
    clat percentiles (usec):
     |  1.00th=[ 1172],  5.00th=[ 1188], 10.00th=[ 1188], 20.00th=[ 1205],
     | 30.00th=[ 1205], 40.00th=[ 1221], 50.00th=[ 1221], 60.00th=[ 1254],
     | 70.00th=[ 1270], 80.00th=[ 1303], 90.00th=[ 1401], 95.00th=[ 1450],
     | 99.00th=[ 2474], 99.50th=[ 3163], 99.90th=[ 6390], 99.95th=[11076],
     | 99.99th=[11076]
   bw (  KiB/s): min=758291, max=817564, per=99.94%, avg=787927.50, stdev=41912.34, samples=2
   iops        : min=  740, max=  798, avg=769.00, stdev=41.01, samples=2
  lat (usec)   : 250=0.10%
  lat (msec)   : 2=98.54%, 4=1.17%, 10=0.10%, 20=0.10%
  cpu          : usr=1.73%, sys=97.14%, ctx=2, majf=0, minf=269
  IO depths    : 1=100.0%, 2=0.0%, 4=0.0%, 8=0.0%, 16=0.0%, 32=0.0%, >=64=0.0%
     submit    : 0=0.0%, 4=100.0%, 8=0.0%, 16=0.0%, 32=0.0%, 64=0.0%, >=64=0.0%
     complete  : 0=0.0%, 4=100.0%, 8=0.0%, 16=0.0%, 32=0.0%, 64=0.0%, >=64=0.0%
     issued rwts: total=1024,0,0,0 short=0,0,0,0 dropped=0,0,0,0
     latency   : target=0, window=0, percentile=100.00%, depth=1

Run status group 0 (all jobs):
   READ: bw=770MiB/s (807MB/s), 770MiB/s-770MiB/s (807MB/s-807MB/s), io=1024MiB (1074MB), run=1330-1330msec

Disk stats (read/write):
  vdc: ios=0/0, sectors=0/0, merge=0/0, ticks=0/0, in_queue=0, util=0.00%
