buffered-write: (g=0): rw=write, bs=(R) 100MiB-100MiB, (W) 100MiB-100MiB, (T) 100MiB-100MiB, ioengine=psync, iodepth=1
fio-3.36
Starting 1 process

buffered-write: (groupid=0, jobs=1): err= 0: pid=2707: Fri Aug  8 21:34:14 2025
  write: IOPS=5, BW=570MiB/s (597MB/s)(1000MiB/1755msec); 0 zone resets
    clat (usec): min=127240, max=130133, avg=128677.97, stdev=848.51
     lat (msec): min=131, max=140, avg=137.12, stdev= 3.18
    clat percentiles (msec):
     |  1.00th=[  128],  5.00th=[  128], 10.00th=[  128], 20.00th=[  128],
     | 30.00th=[  129], 40.00th=[  129], 50.00th=[  129], 60.00th=[  129],
     | 70.00th=[  130], 80.00th=[  130], 90.00th=[  130], 95.00th=[  131],
     | 99.00th=[  131], 99.50th=[  131], 99.90th=[  131], 99.95th=[  131],
     | 99.99th=[  131]
   bw (  KiB/s): min=819200, max=819200, per=100.00%, avg=819200.00, stdev= 0.00, samples=2
   iops        : min=    8, max=    8, avg= 8.00, stdev= 0.00, samples=2
  lat (msec)   : 250=100.00%
  cpu          : usr=4.85%, sys=94.30%, ctx=13, majf=0, minf=12
  IO depths    : 1=100.0%, 2=0.0%, 4=0.0%, 8=0.0%, 16=0.0%, 32=0.0%, >=64=0.0%
     submit    : 0=0.0%, 4=100.0%, 8=0.0%, 16=0.0%, 32=0.0%, 64=0.0%, >=64=0.0%
     complete  : 0=0.0%, 4=100.0%, 8=0.0%, 16=0.0%, 32=0.0%, 64=0.0%, >=64=0.0%
     issued rwts: total=0,10,0,0 short=0,0,0,0 dropped=0,0,0,0
     latency   : target=0, window=0, percentile=100.00%, depth=1

Run status group 0 (all jobs):
  WRITE: bw=570MiB/s (597MB/s), 570MiB/s-570MiB/s (597MB/s-597MB/s), io=1000MiB (1049MB), run=1755-1755msec

Disk stats (read/write):
  vdc: ios=0/2, sectors=0/2904, merge=0/0, ticks=0/2692, in_queue=2692, util=10.97%
