buffered-read: (g=0): rw=read, bs=(R) 4096B-4096B, (W) 4096B-4096B, (T) 4096B-4096B, ioengine=psync, iodepth=1
fio-3.36
Starting 1 process

buffered-read: (groupid=0, jobs=1): err= 0: pid=1450: Fri Aug  8 21:27:05 2025
  read: IOPS=109k, BW=427MiB/s (448MB/s)(1024MiB/2396msec)
    clat (usec): min=2, max=854, avg= 7.24, stdev=25.02
     lat (usec): min=2, max=978, avg= 7.61, stdev=25.29
    clat percentiles (usec):
     |  1.00th=[    3],  5.00th=[    3], 10.00th=[    4], 20.00th=[    4],
     | 30.00th=[    4], 40.00th=[    4], 50.00th=[    4], 60.00th=[    4],
     | 70.00th=[    4], 80.00th=[    4], 90.00th=[    4], 95.00th=[    7],
     | 99.00th=[  174], 99.50th=[  184], 99.90th=[  237], 99.95th=[  347],
     | 99.99th=[  392]
   bw (  KiB/s): min=418459, max=447616, per=99.93%, avg=437318.75, stdev=12890.73, samples=4
   iops        : min=104626, max=111904, avg=109329.50, stdev=3215.79, samples=4
  lat (usec)   : 4=92.13%, 10=3.99%, 20=0.57%, 50=0.54%, 100=1.11%
  lat (usec)   : 250=1.58%, 500=0.08%, 1000=0.01%
  cpu          : usr=42.86%, sys=45.45%, ctx=12, majf=0, minf=13
  IO depths    : 1=100.0%, 2=0.0%, 4=0.0%, 8=0.0%, 16=0.0%, 32=0.0%, >=64=0.0%
     submit    : 0=0.0%, 4=100.0%, 8=0.0%, 16=0.0%, 32=0.0%, 64=0.0%, >=64=0.0%
     complete  : 0=0.0%, 4=100.0%, 8=0.0%, 16=0.0%, 32=0.0%, 64=0.0%, >=64=0.0%
     issued rwts: total=262144,0,0,0 short=0,0,0,0 dropped=0,0,0,0
     latency   : target=0, window=0, percentile=100.00%, depth=1

Run status group 0 (all jobs):
   READ: bw=427MiB/s (448MB/s), 427MiB/s-427MiB/s (448MB/s-448MB/s), io=1024MiB (1074MB), run=2396-2396msec

Disk stats (read/write):
  vdc: ios=4045/0, sectors=2067440/0, merge=0/0, ticks=871/0, in_queue=871, util=29.43%
