buffered-read: (g=0): rw=read, bs=(R) 128KiB-128KiB, (W) 128KiB-128KiB, (T) 128KiB-128KiB, ioengine=psync, iodepth=1
fio-3.36
Starting 1 process

buffered-read: (groupid=0, jobs=1): err= 0: pid=1615: Sat Aug  9 07:14:54 2025
  read: IOPS=6262, BW=783MiB/s (821MB/s)(1024MiB/1308msec)
    clat (usec): min=25, max=1999, avg=157.34, stdev=139.16
     lat (usec): min=25, max=2125, avg=157.59, stdev=139.33
    clat percentiles (usec):
     |  1.00th=[   26],  5.00th=[   26], 10.00th=[   27], 20.00th=[   27],
     | 30.00th=[   28], 40.00th=[   29], 50.00th=[   99], 60.00th=[  265],
     | 70.00th=[  269], 80.00th=[  277], 90.00th=[  289], 95.00th=[  314],
     | 99.00th=[  449], 99.50th=[  474], 99.90th=[ 1057], 99.95th=[ 1483],
     | 99.99th=[ 2008]
   bw (  KiB/s): min=781796, max=817664, per=99.76%, avg=799730.00, stdev=25362.51, samples=2
   iops        : min= 6107, max= 6388, avg=6247.50, stdev=198.70, samples=2
  lat (usec)   : 50=49.60%, 100=0.40%, 500=49.71%, 750=0.13%, 1000=0.05%
  lat (msec)   : 2=0.11%
  cpu          : usr=1.99%, sys=96.94%, ctx=2, majf=0, minf=45
  IO depths    : 1=100.0%, 2=0.0%, 4=0.0%, 8=0.0%, 16=0.0%, 32=0.0%, >=64=0.0%
     submit    : 0=0.0%, 4=100.0%, 8=0.0%, 16=0.0%, 32=0.0%, 64=0.0%, >=64=0.0%
     complete  : 0=0.0%, 4=100.0%, 8=0.0%, 16=0.0%, 32=0.0%, 64=0.0%, >=64=0.0%
     issued rwts: total=8192,0,0,0 short=0,0,0,0 dropped=0,0,0,0
     latency   : target=0, window=0, percentile=100.00%, depth=1

Run status group 0 (all jobs):
   READ: bw=783MiB/s (821MB/s), 783MiB/s-783MiB/s (821MB/s-821MB/s), io=1024MiB (1074MB), run=1308-1308msec

Disk stats (read/write):
  vdc: ios=0/0, sectors=0/0, merge=0/0, ticks=0/0, in_queue=0, util=0.00%
