buffered-read: (g=0): rw=read, bs=(R) 4096B-4096B, (W) 4096B-4096B, (T) 4096B-4096B, ioengine=psync, iodepth=1
fio-3.36
Starting 1 process

buffered-read: (groupid=0, jobs=1): err= 0: pid=1399: Sat Aug  9 07:14:19 2025
  read: IOPS=122k, BW=477MiB/s (500MB/s)(1024MiB/2147msec)
    clat (usec): min=2, max=2121, avg= 6.91, stdev=34.28
     lat (usec): min=2, max=2121, avg= 7.08, stdev=34.29
    clat percentiles (usec):
     |  1.00th=[    3],  5.00th=[    3], 10.00th=[    3], 20.00th=[    3],
     | 30.00th=[    3], 40.00th=[    3], 50.00th=[    3], 60.00th=[    3],
     | 70.00th=[    3], 80.00th=[    3], 90.00th=[    3], 95.00th=[    4],
     | 99.00th=[  253], 99.50th=[  269], 99.90th=[  326], 99.95th=[  412],
     | 99.99th=[  486]
   bw (  KiB/s): min=478120, max=496510, per=100.00%, avg=488851.50, stdev=8373.52, samples=4
   iops        : min=119544, max=124129, avg=122219.25, stdev=2090.06, samples=4
  lat (usec)   : 4=96.84%, 10=1.33%, 20=0.16%, 50=0.07%, 100=0.03%
  lat (usec)   : 250=0.47%, 500=1.09%, 750=0.01%, 1000=0.01%
  lat (msec)   : 2=0.01%, 4=0.01%
  cpu          : usr=47.06%, sys=52.14%, ctx=3, majf=0, minf=13
  IO depths    : 1=100.0%, 2=0.0%, 4=0.0%, 8=0.0%, 16=0.0%, 32=0.0%, >=64=0.0%
     submit    : 0=0.0%, 4=100.0%, 8=0.0%, 16=0.0%, 32=0.0%, 64=0.0%, >=64=0.0%
     complete  : 0=0.0%, 4=100.0%, 8=0.0%, 16=0.0%, 32=0.0%, 64=0.0%, >=64=0.0%
     issued rwts: total=262144,0,0,0 short=0,0,0,0 dropped=0,0,0,0
     latency   : target=0, window=0, percentile=100.00%, depth=1

Run status group 0 (all jobs):
   READ: bw=477MiB/s (500MB/s), 477MiB/s-477MiB/s (500MB/s-500MB/s), io=1024MiB (1074MB), run=2147-2147msec

Disk stats (read/write):
  vdc: ios=0/0, sectors=0/0, merge=0/0, ticks=0/0, in_queue=0, util=0.00%
