buffered-read: (g=0): rw=read, bs=(R) 128KiB-128KiB, (W) 128KiB-128KiB, (T) 128KiB-128KiB, ioengine=psync, iodepth=1
fio-3.36
Starting 1 process

buffered-read: (groupid=0, jobs=1): err= 0: pid=1714: Fri Aug  8 21:27:50 2025
  read: IOPS=4876, BW=610MiB/s (639MB/s)(1024MiB/1680msec)
    clat (usec): min=33, max=2081, avg=196.07, stdev=151.82
     lat (usec): min=33, max=2195, avg=197.25, stdev=152.18
    clat percentiles (usec):
     |  1.00th=[   37],  5.00th=[   41], 10.00th=[   43], 20.00th=[   46],
     | 30.00th=[   49], 40.00th=[   79], 50.00th=[  206], 60.00th=[  262],
     | 70.00th=[  306], 80.00th=[  330], 90.00th=[  363], 95.00th=[  437],
     | 99.00th=[  603], 99.50th=[  652], 99.90th=[  914], 99.95th=[ 1205],
     | 99.99th=[ 2089]
   bw (  KiB/s): min=582259, max=658650, per=99.11%, avg=618607.00, stdev=38329.31, samples=3
   iops        : min= 4550, max= 5149, avg=4835.00, stdev=300.55, samples=3
  lat (usec)   : 50=32.41%, 100=7.78%, 250=17.98%, 500=38.83%, 750=2.80%
  lat (usec)   : 1000=0.15%
  lat (msec)   : 2=0.05%, 4=0.01%
  cpu          : usr=4.47%, sys=74.57%, ctx=52, majf=0, minf=44
  IO depths    : 1=100.0%, 2=0.0%, 4=0.0%, 8=0.0%, 16=0.0%, 32=0.0%, >=64=0.0%
     submit    : 0=0.0%, 4=100.0%, 8=0.0%, 16=0.0%, 32=0.0%, 64=0.0%, >=64=0.0%
     complete  : 0=0.0%, 4=100.0%, 8=0.0%, 16=0.0%, 32=0.0%, 64=0.0%, >=64=0.0%
     issued rwts: total=8192,0,0,0 short=0,0,0,0 dropped=0,0,0,0
     latency   : target=0, window=0, percentile=100.00%, depth=1

Run status group 0 (all jobs):
   READ: bw=610MiB/s (639MB/s), 610MiB/s-610MiB/s (639MB/s-639MB/s), io=1024MiB (1074MB), run=1680-1680msec

Disk stats (read/write):
  vdc: ios=3931/0, sectors=2011664/0, merge=0/0, ticks=897/0, in_queue=897, util=37.21%
