buffered-read: (g=0): rw=read, bs=(R) 100MiB-100MiB, (W) 100MiB-100MiB, (T) 100MiB-100MiB, ioengine=psync, iodepth=1
fio-3.36
Starting 1 process

buffered-read: (groupid=0, jobs=1): err= 0: pid=919: Sat Aug  9 07:13:11 2025
  read: IOPS=7, BW=710MiB/s (744MB/s)(1000MiB/1409msec)
    clat (msec): min=127, max=192, avg=140.61, stdev=23.59
     lat (msec): min=127, max=192, avg=140.63, stdev=23.61
    clat percentiles (msec):
     |  1.00th=[  128],  5.00th=[  128], 10.00th=[  128], 20.00th=[  128],
     | 30.00th=[  130], 40.00th=[  130], 50.00th=[  130], 60.00th=[  130],
     | 70.00th=[  131], 80.00th=[  134], 90.00th=[  178], 95.00th=[  192],
     | 99.00th=[  192], 99.50th=[  192], 99.90th=[  192], 99.95th=[  192],
     | 99.99th=[  192]
   bw (  KiB/s): min=614400, max=819200, per=98.63%, avg=716800.00, stdev=144815.47, samples=2
   iops        : min=    6, max=    8, avg= 7.00, stdev= 1.41, samples=2
  lat (msec)   : 250=100.00%
  cpu          : usr=0.14%, sys=98.51%, ctx=0, majf=0, minf=574
  IO depths    : 1=100.0%, 2=0.0%, 4=0.0%, 8=0.0%, 16=0.0%, 32=0.0%, >=64=0.0%
     submit    : 0=0.0%, 4=100.0%, 8=0.0%, 16=0.0%, 32=0.0%, 64=0.0%, >=64=0.0%
     complete  : 0=0.0%, 4=100.0%, 8=0.0%, 16=0.0%, 32=0.0%, 64=0.0%, >=64=0.0%
     issued rwts: total=10,0,0,0 short=0,0,0,0 dropped=0,0,0,0
     latency   : target=0, window=0, percentile=100.00%, depth=1

Run status group 0 (all jobs):
   READ: bw=710MiB/s (744MB/s), 710MiB/s-710MiB/s (744MB/s-744MB/s), io=1000MiB (1049MB), run=1409-1409msec

Disk stats (read/write):
  vdc: ios=0/0, sectors=0/0, merge=0/0, ticks=0/0, in_queue=0, util=0.00%
