buffered-read: (g=0): rw=read, bs=(R) 4096B-4096B, (W) 4096B-4096B, (T) 4096B-4096B, ioengine=psync, iodepth=1
fio-3.36
Starting 1 process

buffered-read: (groupid=0, jobs=1): err= 0: pid=1522: Fri Aug  8 21:27:18 2025
  read: IOPS=115k, BW=451MiB/s (473MB/s)(1024MiB/2272msec)
    clat (usec): min=2, max=999, avg= 7.17, stdev=24.84
     lat (usec): min=2, max=1132, avg= 7.43, stdev=24.98
    clat percentiles (usec):
     |  1.00th=[    3],  5.00th=[    3], 10.00th=[    3], 20.00th=[    3],
     | 30.00th=[    3], 40.00th=[    3], 50.00th=[    3], 60.00th=[    3],
     | 70.00th=[    4], 80.00th=[    4], 90.00th=[    4], 95.00th=[    7],
     | 99.00th=[  176], 99.50th=[  184], 99.90th=[  225], 99.95th=[  334],
     | 99.99th=[  375]
   bw (  KiB/s): min=455392, max=466456, per=100.00%, avg=462270.00, stdev=5254.13, samples=4
   iops        : min=113858, max=116616, avg=115581.00, stdev=1315.03, samples=4
  lat (usec)   : 4=91.93%, 10=3.95%, 20=0.62%, 50=0.48%, 100=1.41%
  lat (usec)   : 250=1.55%, 500=0.06%, 750=0.01%, 1000=0.01%
  cpu          : usr=41.00%, sys=46.81%, ctx=9, majf=0, minf=13
  IO depths    : 1=100.0%, 2=0.0%, 4=0.0%, 8=0.0%, 16=0.0%, 32=0.0%, >=64=0.0%
     submit    : 0=0.0%, 4=100.0%, 8=0.0%, 16=0.0%, 32=0.0%, 64=0.0%, >=64=0.0%
     complete  : 0=0.0%, 4=100.0%, 8=0.0%, 16=0.0%, 32=0.0%, 64=0.0%, >=64=0.0%
     issued rwts: total=262144,0,0,0 short=0,0,0,0 dropped=0,0,0,0
     latency   : target=0, window=0, percentile=100.00%, depth=1

Run status group 0 (all jobs):
   READ: bw=451MiB/s (473MB/s), 451MiB/s-451MiB/s (473MB/s-473MB/s), io=1024MiB (1074MB), run=2272-2272msec

Disk stats (read/write):
  vdc: ios=3832/0, sectors=1958384/0, merge=0/0, ticks=852/0, in_queue=852, util=31.70%
