buffered-read: (g=0): rw=read, bs=(R) 100MiB-100MiB, (W) 100MiB-100MiB, (T) 100MiB-100MiB, ioengine=psync, iodepth=1
fio-3.36
Starting 1 process

buffered-read: (groupid=0, jobs=1): err= 0: pid=1087: Sat Aug  9 07:13:33 2025
  read: IOPS=7, BW=773MiB/s (810MB/s)(1000MiB/1294msec)
    clat (msec): min=121, max=179, avg=129.03, stdev=18.15
     lat (msec): min=121, max=179, avg=129.05, stdev=18.19
    clat percentiles (msec):
     |  1.00th=[  122],  5.00th=[  122], 10.00th=[  122], 20.00th=[  122],
     | 30.00th=[  122], 40.00th=[  123], 50.00th=[  123], 60.00th=[  123],
     | 70.00th=[  124], 80.00th=[  127], 90.00th=[  133], 95.00th=[  180],
     | 99.00th=[  180], 99.50th=[  180], 99.90th=[  180], 99.95th=[  180],
     | 99.99th=[  180]
   bw (  KiB/s): min=614400, max=819200, per=90.58%, avg=716800.00, stdev=144815.47, samples=2
   iops        : min=    6, max=    8, avg= 7.00, stdev= 1.41, samples=2
  lat (msec)   : 250=100.00%
  cpu          : usr=0.00%, sys=98.84%, ctx=2, majf=0, minf=574
  IO depths    : 1=100.0%, 2=0.0%, 4=0.0%, 8=0.0%, 16=0.0%, 32=0.0%, >=64=0.0%
     submit    : 0=0.0%, 4=100.0%, 8=0.0%, 16=0.0%, 32=0.0%, 64=0.0%, >=64=0.0%
     complete  : 0=0.0%, 4=100.0%, 8=0.0%, 16=0.0%, 32=0.0%, 64=0.0%, >=64=0.0%
     issued rwts: total=10,0,0,0 short=0,0,0,0 dropped=0,0,0,0
     latency   : target=0, window=0, percentile=100.00%, depth=1

Run status group 0 (all jobs):
   READ: bw=773MiB/s (810MB/s), 773MiB/s-773MiB/s (810MB/s-810MB/s), io=1000MiB (1049MB), run=1294-1294msec

Disk stats (read/write):
  vdc: ios=0/0, sectors=0/0, merge=0/0, ticks=0/0, in_queue=0, util=0.00%
