buffered-write: (g=0): rw=write, bs=(R) 1024KiB-1024KiB, (W) 1024KiB-1024KiB, (T) 1024KiB-1024KiB, ioengine=psync, iodepth=1
fio-3.36
Starting 1 process

buffered-write: (groupid=0, jobs=1): err= 0: pid=1957: Fri Aug  8 21:32:32 2025
  write: IOPS=385, BW=385MiB/s (404MB/s)(1024MiB/2658msec); 0 zone resets
    clat (usec): min=1176, max=11067, avg=1298.49, stdev=435.06
     lat (usec): min=1217, max=11108, avg=1344.75, stdev=435.46
    clat percentiles (usec):
     |  1.00th=[ 1188],  5.00th=[ 1205], 10.00th=[ 1205], 20.00th=[ 1221],
     | 30.00th=[ 1237], 40.00th=[ 1237], 50.00th=[ 1254], 60.00th=[ 1270],
     | 70.00th=[ 1287], 80.00th=[ 1336], 90.00th=[ 1385], 95.00th=[ 1434],
     | 99.00th=[ 1549], 99.50th=[ 1614], 99.90th=[10814], 99.95th=[11076],
     | 99.99th=[11076]
   bw (  KiB/s): min=360448, max=765952, per=100.00%, avg=621226.67, stdev=226295.51, samples=3
   iops        : min=  352, max=  748, avg=606.67, stdev=220.99, samples=3
  lat (msec)   : 2=99.80%, 20=0.20%
  cpu          : usr=3.05%, sys=89.73%, ctx=13, majf=0, minf=13
  IO depths    : 1=100.0%, 2=0.0%, 4=0.0%, 8=0.0%, 16=0.0%, 32=0.0%, >=64=0.0%
     submit    : 0=0.0%, 4=100.0%, 8=0.0%, 16=0.0%, 32=0.0%, 64=0.0%, >=64=0.0%
     complete  : 0=0.0%, 4=100.0%, 8=0.0%, 16=0.0%, 32=0.0%, 64=0.0%, >=64=0.0%
     issued rwts: total=0,1024,0,0 short=0,0,0,0 dropped=0,0,0,0
     latency   : target=0, window=0, percentile=100.00%, depth=1

Run status group 0 (all jobs):
  WRITE: bw=385MiB/s (404MB/s), 385MiB/s-385MiB/s (404MB/s-404MB/s), io=1024MiB (1074MB), run=2658-2658msec

Disk stats (read/write):
  vdc: ios=0/258, sectors=0/2097152, merge=0/0, ticks=0/163138, in_queue=163139, util=36.98%
