buffered-read: (g=0): rw=read, bs=(R) 10.0MiB-10.0MiB, (W) 10.0MiB-10.0MiB, (T) 10.0MiB-10.0MiB, ioengine=psync, iodepth=1
fio-3.36
Starting 1 process

buffered-read: (groupid=0, jobs=1): err= 0: pid=823: Sat Aug  9 07:12:59 2025
  read: IOPS=78, BW=781MiB/s (819MB/s)(1020MiB/1306msec)
    clat (usec): min=10305, max=24416, avg=12754.97, stdev=2547.84
     lat (usec): min=10306, max=24526, avg=12757.13, stdev=2552.72
    clat percentiles (usec):
     |  1.00th=[10290],  5.00th=[10421], 10.00th=[10421], 20.00th=[10552],
     | 30.00th=[10552], 40.00th=[10814], 50.00th=[11076], 60.00th=[14353],
     | 70.00th=[14484], 80.00th=[14615], 90.00th=[14746], 95.00th=[14877],
     | 99.00th=[23987], 99.50th=[24511], 99.90th=[24511], 99.95th=[24511],
     | 99.99th=[24511]
   bw (  KiB/s): min=776686, max=797125, per=98.39%, avg=786905.50, stdev=14452.56, samples=2
   iops        : min=   75, max=   77, avg=76.00, stdev= 1.41, samples=2
  lat (msec)   : 20=98.04%, 50=1.96%
  cpu          : usr=0.15%, sys=98.62%, ctx=1, majf=0, minf=528
  IO depths    : 1=100.0%, 2=0.0%, 4=0.0%, 8=0.0%, 16=0.0%, 32=0.0%, >=64=0.0%
     submit    : 0=0.0%, 4=100.0%, 8=0.0%, 16=0.0%, 32=0.0%, 64=0.0%, >=64=0.0%
     complete  : 0=0.0%, 4=100.0%, 8=0.0%, 16=0.0%, 32=0.0%, 64=0.0%, >=64=0.0%
     issued rwts: total=102,0,0,0 short=0,0,0,0 dropped=0,0,0,0
     latency   : target=0, window=0, percentile=100.00%, depth=1

Run status group 0 (all jobs):
   READ: bw=781MiB/s (819MB/s), 781MiB/s-781MiB/s (819MB/s-819MB/s), io=1020MiB (1070MB), run=1306-1306msec

Disk stats (read/write):
  vdc: ios=0/0, sectors=0/0, merge=0/0, ticks=0/0, in_queue=0, util=0.00%
