buffered-write: (g=0): rw=write, bs=(R) 10.0MiB-10.0MiB, (W) 10.0MiB-10.0MiB, (T) 10.0MiB-10.0MiB, ioengine=psync, iodepth=1
fio-3.36
Starting 1 process

buffered-write: (groupid=0, jobs=1): err= 0: pid=2317: Fri Aug  8 21:33:20 2025
  write: IOPS=38, BW=381MiB/s (399MB/s)(1020MiB/2679msec); 0 zone resets
    clat (usec): min=12475, max=13816, avg=12814.50, stdev=215.67
     lat (usec): min=12865, max=14588, avg=13219.46, stdev=240.91
    clat percentiles (usec):
     |  1.00th=[12518],  5.00th=[12518], 10.00th=[12649], 20.00th=[12649],
     | 30.00th=[12649], 40.00th=[12780], 50.00th=[12780], 60.00th=[12780],
     | 70.00th=[12911], 80.00th=[12911], 90.00th=[13042], 95.00th=[13173],
     | 99.00th=[13566], 99.50th=[13829], 99.90th=[13829], 99.95th=[13829],
     | 99.99th=[13829]
   bw (  KiB/s): min=245269, max=778240, per=100.00%, avg=600583.00, stdev=307710.95, samples=3
   iops        : min=   23, max=   76, avg=58.33, stdev=30.60, samples=3
  lat (msec)   : 20=100.00%
  cpu          : usr=1.72%, sys=90.33%, ctx=24, majf=0, minf=12
  IO depths    : 1=100.0%, 2=0.0%, 4=0.0%, 8=0.0%, 16=0.0%, 32=0.0%, >=64=0.0%
     submit    : 0=0.0%, 4=100.0%, 8=0.0%, 16=0.0%, 32=0.0%, 64=0.0%, >=64=0.0%
     complete  : 0=0.0%, 4=100.0%, 8=0.0%, 16=0.0%, 32=0.0%, 64=0.0%, >=64=0.0%
     issued rwts: total=0,102,0,0 short=0,0,0,0 dropped=0,0,0,0
     latency   : target=0, window=0, percentile=100.00%, depth=1

Run status group 0 (all jobs):
  WRITE: bw=381MiB/s (399MB/s), 381MiB/s-381MiB/s (399MB/s-399MB/s), io=1020MiB (1070MB), run=2679-2679msec

Disk stats (read/write):
  vdc: ios=0/267, sectors=0/2088960, merge=0/1, ticks=0/152244, in_queue=152244, util=38.05%
