buffered-read: (g=0): rw=read, bs=(R) 1024KiB-1024KiB, (W) 1024KiB-1024KiB, (T) 1024KiB-1024KiB, ioengine=psync, iodepth=1
fio-3.36
Starting 1 process

buffered-read: (groupid=0, jobs=1): err= 0: pid=511: Sat Aug  9 07:11:20 2025
  read: IOPS=760, BW=760MiB/s (797MB/s)(1024MiB/1347msec)
    clat (usec): min=204, max=4782, avg=1305.53, stdev=207.55
     lat (usec): min=205, max=4907, avg=1306.24, stdev=209.63
    clat percentiles (usec):
     |  1.00th=[ 1172],  5.00th=[ 1172], 10.00th=[ 1188], 20.00th=[ 1188],
     | 30.00th=[ 1221], 40.00th=[ 1237], 50.00th=[ 1254], 60.00th=[ 1287],
     | 70.00th=[ 1336], 80.00th=[ 1401], 90.00th=[ 1467], 95.00th=[ 1532],
     | 99.00th=[ 1778], 99.50th=[ 2540], 99.90th=[ 3851], 99.95th=[ 4752],
     | 99.99th=[ 4752]
   bw (  KiB/s): min=706560, max=823296, per=98.26%, avg=764928.00, stdev=82544.82, samples=2
   iops        : min=  690, max=  804, avg=747.00, stdev=80.61, samples=2
  lat (usec)   : 250=0.10%
  lat (msec)   : 2=99.32%, 4=0.49%, 10=0.10%
  cpu          : usr=1.04%, sys=97.33%, ctx=1, majf=0, minf=269
  IO depths    : 1=100.0%, 2=0.0%, 4=0.0%, 8=0.0%, 16=0.0%, 32=0.0%, >=64=0.0%
     submit    : 0=0.0%, 4=100.0%, 8=0.0%, 16=0.0%, 32=0.0%, 64=0.0%, >=64=0.0%
     complete  : 0=0.0%, 4=100.0%, 8=0.0%, 16=0.0%, 32=0.0%, 64=0.0%, >=64=0.0%
     issued rwts: total=1024,0,0,0 short=0,0,0,0 dropped=0,0,0,0
     latency   : target=0, window=0, percentile=100.00%, depth=1

Run status group 0 (all jobs):
   READ: bw=760MiB/s (797MB/s), 760MiB/s-760MiB/s (797MB/s-797MB/s), io=1024MiB (1074MB), run=1347-1347msec

Disk stats (read/write):
  vdc: ios=0/0, sectors=0/0, merge=0/0, ticks=0/0, in_queue=0, util=0.00%
