buffered-write: (g=0): rw=write, bs=(R) 100MiB-100MiB, (W) 100MiB-100MiB, (T) 100MiB-100MiB, ioengine=psync, iodepth=1
fio-3.36
Starting 1 process

buffered-write: (groupid=0, jobs=1): err= 0: pid=2587: Fri Aug  8 21:33:57 2025
  write: IOPS=5, BW=524MiB/s (550MB/s)(1000MiB/1907msec); 0 zone resets
    clat (msec): min=125, max=131, avg=128.41, stdev= 1.97
     lat (msec): min=132, max=138, avg=134.97, stdev= 1.83
    clat percentiles (msec):
     |  1.00th=[  127],  5.00th=[  127], 10.00th=[  127], 20.00th=[  127],
     | 30.00th=[  128], 40.00th=[  128], 50.00th=[  129], 60.00th=[  129],
     | 70.00th=[  129], 80.00th=[  131], 90.00th=[  131], 95.00th=[  132],
     | 99.00th=[  132], 99.50th=[  132], 99.90th=[  132], 99.95th=[  132],
     | 99.99th=[  132]
   bw (  KiB/s): min=614400, max=819200, per=100.00%, avg=716800.00, stdev=144815.47, samples=2
   iops        : min=    6, max=    8, avg= 7.00, stdev= 1.41, samples=2
  lat (msec)   : 250=100.00%
  cpu          : usr=3.25%, sys=92.81%, ctx=20, majf=0, minf=12
  IO depths    : 1=100.0%, 2=0.0%, 4=0.0%, 8=0.0%, 16=0.0%, 32=0.0%, >=64=0.0%
     submit    : 0=0.0%, 4=100.0%, 8=0.0%, 16=0.0%, 32=0.0%, 64=0.0%, >=64=0.0%
     complete  : 0=0.0%, 4=100.0%, 8=0.0%, 16=0.0%, 32=0.0%, 64=0.0%, >=64=0.0%
     issued rwts: total=0,10,0,0 short=0,0,0,0 dropped=0,0,0,0
     latency   : target=0, window=0, percentile=100.00%, depth=1

Run status group 0 (all jobs):
  WRITE: bw=524MiB/s (550MB/s), 524MiB/s-524MiB/s (550MB/s-550MB/s), io=1000MiB (1049MB), run=1907-1907msec

Disk stats (read/write):
  vdc: ios=0/38, sectors=0/311176, merge=0/0, ticks=0/1111, in_queue=1111, util=4.45%
