buffered-write: (g=0): rw=write, bs=(R) 1024MiB-1024MiB, (W) 1024MiB-1024MiB, (T) 1024MiB-1024MiB, ioengine=psync, iodepth=1
fio-3.36
Starting 1 process

buffered-write: (groupid=0, jobs=1): err= 0: pid=3098: Fri Aug  8 21:35:15 2025
  write: IOPS=0, BW=335MiB/s (351MB/s)(1024MiB/3060msec); 0 zone resets
    clat (nsec): min=1510.9M, max=1510.9M, avg=1510884186.00, stdev= 0.00
     lat (nsec): min=1578.4M, max=1578.4M, avg=1578441213.00, stdev= 0.00
    clat percentiles (msec):
     |  1.00th=[ 1519],  5.00th=[ 1519], 10.00th=[ 1519], 20.00th=[ 1519],
     | 30.00th=[ 1519], 40.00th=[ 1519], 50.00th=[ 1519], 60.00th=[ 1519],
     | 70.00th=[ 1519], 80.00th=[ 1519], 90.00th=[ 1519], 95.00th=[ 1519],
     | 99.00th=[ 1519], 99.50th=[ 1519], 99.90th=[ 1519], 99.95th=[ 1519],
     | 99.99th=[ 1519]
  lat (msec)   : 2000=100.00%
  cpu          : usr=2.39%, sys=88.62%, ctx=25, majf=0, minf=12
  IO depths    : 1=100.0%, 2=0.0%, 4=0.0%, 8=0.0%, 16=0.0%, 32=0.0%, >=64=0.0%
     submit    : 0=0.0%, 4=100.0%, 8=0.0%, 16=0.0%, 32=0.0%, 64=0.0%, >=64=0.0%
     complete  : 0=0.0%, 4=100.0%, 8=0.0%, 16=0.0%, 32=0.0%, 64=0.0%, >=64=0.0%
     issued rwts: total=0,1,0,0 short=0,0,0,0 dropped=0,0,0,0
     latency   : target=0, window=0, percentile=100.00%, depth=1

Run status group 0 (all jobs):
  WRITE: bw=335MiB/s (351MB/s), 335MiB/s-335MiB/s (351MB/s-351MB/s), io=1024MiB (1074MB), run=3060-3060msec

Disk stats (read/write):
  vdc: ios=0/273, sectors=0/2097152, merge=0/1, ticks=0/159061, in_queue=159061, util=30.42%
