buffered-read: (g=0): rw=read, bs=(R) 1024MiB-1024MiB, (W) 1024MiB-1024MiB, (T) 1024MiB-1024MiB, ioengine=psync, iodepth=1
fio-3.36
Starting 1 process

buffered-read: (groupid=0, jobs=1): err= 0: pid=1327: Sat Aug  9 07:14:08 2025
  read: IOPS=0, BW=658MiB/s (690MB/s)(1024MiB/1557msec)
    clat (nsec): min=1554.1M, max=1554.1M, avg=1554132816.00, stdev= 0.00
     lat (nsec): min=1554.2M, max=1554.2M, avg=1554240016.00, stdev= 0.00
    clat percentiles (msec):
     |  1.00th=[ 1552],  5.00th=[ 1552], 10.00th=[ 1552], 20.00th=[ 1552],
     | 30.00th=[ 1552], 40.00th=[ 1552], 50.00th=[ 1552], 60.00th=[ 1552],
     | 70.00th=[ 1552], 80.00th=[ 1552], 90.00th=[ 1552], 95.00th=[ 1552],
     | 99.00th=[ 1552], 99.50th=[ 1552], 99.90th=[ 1552], 99.95th=[ 1552],
     | 99.99th=[ 1552]
  lat (msec)   : 2000=100.00%
  cpu          : usr=0.39%, sys=98.59%, ctx=3, majf=0, minf=1035
  IO depths    : 1=100.0%, 2=0.0%, 4=0.0%, 8=0.0%, 16=0.0%, 32=0.0%, >=64=0.0%
     submit    : 0=0.0%, 4=100.0%, 8=0.0%, 16=0.0%, 32=0.0%, 64=0.0%, >=64=0.0%
     complete  : 0=0.0%, 4=100.0%, 8=0.0%, 16=0.0%, 32=0.0%, 64=0.0%, >=64=0.0%
     issued rwts: total=1,0,0,0 short=0,0,0,0 dropped=0,0,0,0
     latency   : target=0, window=0, percentile=100.00%, depth=1

Run status group 0 (all jobs):
   READ: bw=658MiB/s (690MB/s), 658MiB/s-658MiB/s (690MB/s-690MB/s), io=1024MiB (1074MB), run=1557-1557msec

Disk stats (read/write):
  vdc: ios=0/0, sectors=0/0, merge=0/0, ticks=0/0, in_queue=0, util=0.00%
