buffered-read: (g=0): rw=read, bs=(R) 4096B-4096B, (W) 4096B-4096B, (T) 4096B-4096B, ioengine=psync, iodepth=1
fio-3.36
Starting 1 process

buffered-read: (groupid=0, jobs=1): err= 0: pid=1594: Fri Aug  8 21:27:33 2025
  read: IOPS=99.9k, BW=390MiB/s (409MB/s)(1024MiB/2625msec)
    clat (usec): min=2, max=1214, avg= 8.10, stdev=29.36
     lat (usec): min=2, max=1339, avg= 8.39, stdev=29.54
    clat percentiles (usec):
     |  1.00th=[    3],  5.00th=[    3], 10.00th=[    3], 20.00th=[    4],
     | 30.00th=[    4], 40.00th=[    4], 50.00th=[    4], 60.00th=[    4],
     | 70.00th=[    4], 80.00th=[    4], 90.00th=[    5], 95.00th=[    9],
     | 99.00th=[  188], 99.50th=[  210], 99.90th=[  338], 99.95th=[  404],
     | 99.99th=[  537]
   bw (  KiB/s): min=359073, max=438419, per=99.71%, avg=398292.00, stdev=31447.58, samples=5
   iops        : min=89770, max=109604, avg=99579.20, stdev=7861.88, samples=5
  lat (usec)   : 4=88.53%, 10=7.25%, 20=0.70%, 50=0.60%, 100=1.15%
  lat (usec)   : 250=1.57%, 500=0.18%, 750=0.01%, 1000=0.01%
  lat (msec)   : 2=0.01%
  cpu          : usr=45.27%, sys=41.84%, ctx=21, majf=0, minf=13
  IO depths    : 1=100.0%, 2=0.0%, 4=0.0%, 8=0.0%, 16=0.0%, 32=0.0%, >=64=0.0%
     submit    : 0=0.0%, 4=100.0%, 8=0.0%, 16=0.0%, 32=0.0%, 64=0.0%, >=64=0.0%
     complete  : 0=0.0%, 4=100.0%, 8=0.0%, 16=0.0%, 32=0.0%, 64=0.0%, >=64=0.0%
     issued rwts: total=262144,0,0,0 short=0,0,0,0 dropped=0,0,0,0
     latency   : target=0, window=0, percentile=100.00%, depth=1

Run status group 0 (all jobs):
   READ: bw=390MiB/s (409MB/s), 390MiB/s-390MiB/s (409MB/s-409MB/s), io=1024MiB (1074MB), run=2625-2625msec

Disk stats (read/write):
  vdc: ios=4086/0, sectors=2088432/0, merge=0/0, ticks=1021/0, in_queue=1021, util=28.38%
