buffered-read: (g=0): rw=read, bs=(R) 1024KiB-1024KiB, (W) 1024KiB-1024KiB, (T) 1024KiB-1024KiB, ioengine=psync, iodepth=1
fio-3.36
Starting 1 process

buffered-read: (groupid=0, jobs=1): err= 0: pid=562: Fri Aug  8 21:25:05 2025
  read: IOPS=1042, BW=1043MiB/s (1093MB/s)(1024MiB/982msec)
    clat (usec): min=444, max=4220, avg=948.62, stdev=155.67
     lat (usec): min=445, max=4328, avg=949.86, stdev=158.03
    clat percentiles (usec):
     |  1.00th=[  816],  5.00th=[  832], 10.00th=[  865], 20.00th=[  889],
     | 30.00th=[  898], 40.00th=[  906], 50.00th=[  914], 60.00th=[  938],
     | 70.00th=[  955], 80.00th=[  988], 90.00th=[ 1074], 95.00th=[ 1123],
     | 99.00th=[ 1287], 99.50th=[ 1876], 99.90th=[ 2212], 99.95th=[ 4228],
     | 99.99th=[ 4228]
   bw (  MiB/s): min= 1044, max= 1044, per=100.00%, avg=1044.00, stdev= 0.00, samples=1
   iops        : min= 1044, max= 1044, avg=1044.00, stdev= 0.00, samples=1
  lat (usec)   : 500=0.10%, 1000=82.71%
  lat (msec)   : 2=16.80%, 4=0.29%, 10=0.10%
  cpu          : usr=1.12%, sys=90.53%, ctx=7, majf=0, minf=269
  IO depths    : 1=100.0%, 2=0.0%, 4=0.0%, 8=0.0%, 16=0.0%, 32=0.0%, >=64=0.0%
     submit    : 0=0.0%, 4=100.0%, 8=0.0%, 16=0.0%, 32=0.0%, 64=0.0%, >=64=0.0%
     complete  : 0=0.0%, 4=100.0%, 8=0.0%, 16=0.0%, 32=0.0%, 64=0.0%, >=64=0.0%
     issued rwts: total=1024,0,0,0 short=0,0,0,0 dropped=0,0,0,0
     latency   : target=0, window=0, percentile=100.00%, depth=1

Run status group 0 (all jobs):
   READ: bw=1043MiB/s (1093MB/s), 1043MiB/s-1043MiB/s (1093MB/s-1093MB/s), io=1024MiB (1074MB), run=982-982msec

Disk stats (read/write):
  vdc: ios=907/0, sectors=1853456/0, merge=0/0, ticks=296/0, in_queue=296, util=30.36%
