buffered-read: (g=0): rw=read, bs=(R) 4096B-4096B, (W) 4096B-4096B, (T) 4096B-4096B, ioengine=psync, iodepth=1
fio-3.36
Starting 1 process

buffered-read: (groupid=0, jobs=1): err= 0: pid=1567: Sat Aug  9 07:14:47 2025
  read: IOPS=121k, BW=473MiB/s (496MB/s)(1024MiB/2164msec)
    clat (usec): min=2, max=2075, avg= 6.89, stdev=33.94
     lat (usec): min=2, max=2075, avg= 7.06, stdev=33.96
    clat percentiles (usec):
     |  1.00th=[    3],  5.00th=[    3], 10.00th=[    3], 20.00th=[    3],
     | 30.00th=[    3], 40.00th=[    3], 50.00th=[    3], 60.00th=[    3],
     | 70.00th=[    3], 80.00th=[    3], 90.00th=[    3], 95.00th=[    4],
     | 99.00th=[  247], 99.50th=[  265], 99.90th=[  326], 99.95th=[  408],
     | 99.99th=[  494]
   bw (  KiB/s): min=455672, max=510440, per=100.00%, avg=488441.75, stdev=23253.60, samples=4
   iops        : min=113920, max=127614, avg=122112.25, stdev=5813.79, samples=4
  lat (usec)   : 4=96.94%, 10=1.32%, 20=0.10%, 50=0.05%, 100=0.03%
  lat (usec)   : 250=0.66%, 500=0.90%, 750=0.01%, 1000=0.01%
  lat (msec)   : 2=0.01%, 4=0.01%
  cpu          : usr=43.48%, sys=55.45%, ctx=4, majf=0, minf=13
  IO depths    : 1=100.0%, 2=0.0%, 4=0.0%, 8=0.0%, 16=0.0%, 32=0.0%, >=64=0.0%
     submit    : 0=0.0%, 4=100.0%, 8=0.0%, 16=0.0%, 32=0.0%, 64=0.0%, >=64=0.0%
     complete  : 0=0.0%, 4=100.0%, 8=0.0%, 16=0.0%, 32=0.0%, 64=0.0%, >=64=0.0%
     issued rwts: total=262144,0,0,0 short=0,0,0,0 dropped=0,0,0,0
     latency   : target=0, window=0, percentile=100.00%, depth=1

Run status group 0 (all jobs):
   READ: bw=473MiB/s (496MB/s), 473MiB/s-473MiB/s (496MB/s-496MB/s), io=1024MiB (1074MB), run=2164-2164msec

Disk stats (read/write):
  vdc: ios=0/0, sectors=0/0, merge=0/0, ticks=0/0, in_queue=0, util=0.00%
