buffered-read: (g=0): rw=read, bs=(R) 1024MiB-1024MiB, (W) 1024MiB-1024MiB, (T) 1024MiB-1024MiB, ioengine=psync, iodepth=1
fio-3.36
Starting 1 process

buffered-read: (groupid=0, jobs=1): err= 0: pid=1135: Sat Aug  9 07:13:42 2025
  read: IOPS=0, BW=258MiB/s (271MB/s)(1024MiB/3968msec)
    clat (nsec): min=3965.5M, max=3965.5M, avg=3965479700.00, stdev= 0.00
     lat (nsec): min=3965.6M, max=3965.6M, avg=3965591287.00, stdev= 0.00
    clat percentiles (msec):
     |  1.00th=[ 3977],  5.00th=[ 3977], 10.00th=[ 3977], 20.00th=[ 3977],
     | 30.00th=[ 3977], 40.00th=[ 3977], 50.00th=[ 3977], 60.00th=[ 3977],
     | 70.00th=[ 3977], 80.00th=[ 3977], 90.00th=[ 3977], 95.00th=[ 3977],
     | 99.00th=[ 3977], 99.50th=[ 3977], 99.90th=[ 3977], 99.95th=[ 3977],
     | 99.99th=[ 3977]
  lat (msec)   : >=2000=100.00%
  cpu          : usr=0.23%, sys=98.74%, ctx=5, majf=0, minf=1035
  IO depths    : 1=100.0%, 2=0.0%, 4=0.0%, 8=0.0%, 16=0.0%, 32=0.0%, >=64=0.0%
     submit    : 0=0.0%, 4=100.0%, 8=0.0%, 16=0.0%, 32=0.0%, 64=0.0%, >=64=0.0%
     complete  : 0=0.0%, 4=100.0%, 8=0.0%, 16=0.0%, 32=0.0%, 64=0.0%, >=64=0.0%
     issued rwts: total=1,0,0,0 short=0,0,0,0 dropped=0,0,0,0
     latency   : target=0, window=0, percentile=100.00%, depth=1

Run status group 0 (all jobs):
   READ: bw=258MiB/s (271MB/s), 258MiB/s-258MiB/s (271MB/s-271MB/s), io=1024MiB (1074MB), run=3968-3968msec

Disk stats (read/write):
  vdc: ios=0/0, sectors=0/0, merge=0/0, ticks=0/0, in_queue=0, util=0.00%
