buffered-read: (g=0): rw=read, bs=(R) 4096B-4096B, (W) 4096B-4096B, (T) 4096B-4096B, ioengine=psync, iodepth=1
fio-3.36
Starting 1 process

buffered-read: (groupid=0, jobs=1): err= 0: pid=1378: Fri Aug  8 21:26:52 2025
  read: IOPS=112k, BW=439MiB/s (460MB/s)(1024MiB/2334msec)
    clat (usec): min=2, max=859, avg= 7.21, stdev=25.27
     lat (usec): min=2, max=966, avg= 7.55, stdev=25.51
    clat percentiles (usec):
     |  1.00th=[    3],  5.00th=[    3], 10.00th=[    3], 20.00th=[    3],
     | 30.00th=[    3], 40.00th=[    3], 50.00th=[    3], 60.00th=[    4],
     | 70.00th=[    4], 80.00th=[    4], 90.00th=[    4], 95.00th=[    8],
     | 99.00th=[  180], 99.50th=[  186], 99.90th=[  237], 99.95th=[  347],
     | 99.99th=[  383]
   bw (  KiB/s): min=444736, max=450576, per=99.88%, avg=448741.00, stdev=2696.39, samples=4
   iops        : min=111178, max=112686, avg=112197.75, stdev=688.33, samples=4
  lat (usec)   : 4=91.83%, 10=3.88%, 20=0.87%, 50=0.61%, 100=1.19%
  lat (usec)   : 250=1.54%, 500=0.08%, 750=0.01%, 1000=0.01%
  cpu          : usr=43.92%, sys=43.92%, ctx=12, majf=0, minf=13
  IO depths    : 1=100.0%, 2=0.0%, 4=0.0%, 8=0.0%, 16=0.0%, 32=0.0%, >=64=0.0%
     submit    : 0=0.0%, 4=100.0%, 8=0.0%, 16=0.0%, 32=0.0%, 64=0.0%, >=64=0.0%
     complete  : 0=0.0%, 4=100.0%, 8=0.0%, 16=0.0%, 32=0.0%, 64=0.0%, >=64=0.0%
     issued rwts: total=262144,0,0,0 short=0,0,0,0 dropped=0,0,0,0
     latency   : target=0, window=0, percentile=100.00%, depth=1

Run status group 0 (all jobs):
   READ: bw=439MiB/s (460MB/s), 439MiB/s-439MiB/s (460MB/s-460MB/s), io=1024MiB (1074MB), run=2334-2334msec

Disk stats (read/write):
  vdc: ios=3711/0, sectors=1896432/0, merge=0/0, ticks=787/0, in_queue=787, util=27.42%
