buffered-read: (g=0): rw=read, bs=(R) 100MiB-100MiB, (W) 100MiB-100MiB, (T) 100MiB-100MiB, ioengine=psync, iodepth=1
fio-3.36
Starting 1 process

buffered-read: (groupid=0, jobs=1): err= 0: pid=1111: Sat Aug  9 07:13:36 2025
  read: IOPS=7, BW=760MiB/s (797MB/s)(1000MiB/1315msec)
    clat (msec): min=123, max=181, avg=131.11, stdev=17.98
     lat (msec): min=123, max=182, avg=131.13, stdev=18.02
    clat percentiles (msec):
     |  1.00th=[  124],  5.00th=[  124], 10.00th=[  124], 20.00th=[  124],
     | 30.00th=[  124], 40.00th=[  126], 50.00th=[  126], 60.00th=[  126],
     | 70.00th=[  127], 80.00th=[  128], 90.00th=[  130], 95.00th=[  182],
     | 99.00th=[  182], 99.50th=[  182], 99.90th=[  182], 99.95th=[  182],
     | 99.99th=[  182]
   bw (  KiB/s): min=614400, max=819200, per=92.05%, avg=716800.00, stdev=144815.47, samples=2
   iops        : min=    6, max=    8, avg= 7.00, stdev= 1.41, samples=2
  lat (msec)   : 250=100.00%
  cpu          : usr=0.46%, sys=98.40%, ctx=2, majf=0, minf=574
  IO depths    : 1=100.0%, 2=0.0%, 4=0.0%, 8=0.0%, 16=0.0%, 32=0.0%, >=64=0.0%
     submit    : 0=0.0%, 4=100.0%, 8=0.0%, 16=0.0%, 32=0.0%, 64=0.0%, >=64=0.0%
     complete  : 0=0.0%, 4=100.0%, 8=0.0%, 16=0.0%, 32=0.0%, 64=0.0%, >=64=0.0%
     issued rwts: total=10,0,0,0 short=0,0,0,0 dropped=0,0,0,0
     latency   : target=0, window=0, percentile=100.00%, depth=1

Run status group 0 (all jobs):
   READ: bw=760MiB/s (797MB/s), 760MiB/s-760MiB/s (797MB/s-797MB/s), io=1000MiB (1049MB), run=1315-1315msec

Disk stats (read/write):
  vdc: ios=0/0, sectors=0/0, merge=0/0, ticks=0/0, in_queue=0, util=0.00%
