buffered-read: (g=0): rw=read, bs=(R) 4096B-4096B, (W) 4096B-4096B, (T) 4096B-4096B, ioengine=psync, iodepth=1
fio-3.36
Starting 1 process

buffered-read: (groupid=0, jobs=1): err= 0: pid=1546: Fri Aug  8 21:27:22 2025
  read: IOPS=105k, BW=408MiB/s (428MB/s)(1024MiB/2507msec)
    clat (usec): min=2, max=1732, avg= 7.73, stdev=27.78
     lat (usec): min=2, max=1860, avg= 8.04, stdev=28.00
    clat percentiles (usec):
     |  1.00th=[    3],  5.00th=[    3], 10.00th=[    3], 20.00th=[    3],
     | 30.00th=[    3], 40.00th=[    4], 50.00th=[    4], 60.00th=[    4],
     | 70.00th=[    4], 80.00th=[    4], 90.00th=[    5], 95.00th=[    8],
     | 99.00th=[  178], 99.50th=[  202], 99.90th=[  302], 99.95th=[  371],
     | 99.99th=[  469]
   bw (  KiB/s): min=396104, max=445104, per=100.00%, avg=418653.80, stdev=22380.38, samples=5
   iops        : min=99024, max=111276, avg=104668.00, stdev=5590.61, samples=5
  lat (usec)   : 4=89.71%, 10=6.06%, 20=0.76%, 50=0.58%, 100=1.22%
  lat (usec)   : 250=1.52%, 500=0.16%, 750=0.01%, 1000=0.01%
  lat (msec)   : 2=0.01%
  cpu          : usr=45.81%, sys=41.58%, ctx=17, majf=0, minf=13
  IO depths    : 1=100.0%, 2=0.0%, 4=0.0%, 8=0.0%, 16=0.0%, 32=0.0%, >=64=0.0%
     submit    : 0=0.0%, 4=100.0%, 8=0.0%, 16=0.0%, 32=0.0%, 64=0.0%, >=64=0.0%
     complete  : 0=0.0%, 4=100.0%, 8=0.0%, 16=0.0%, 32=0.0%, 64=0.0%, >=64=0.0%
     issued rwts: total=262144,0,0,0 short=0,0,0,0 dropped=0,0,0,0
     latency   : target=0, window=0, percentile=100.00%, depth=1

Run status group 0 (all jobs):
   READ: bw=408MiB/s (428MB/s), 408MiB/s-408MiB/s (428MB/s-428MB/s), io=1024MiB (1074MB), run=2507-2507msec

Disk stats (read/write):
  vdc: ios=3846/0, sectors=1965552/0, merge=0/0, ticks=956/0, in_queue=956, util=31.44%
