buffered-read: (g=0): rw=read, bs=(R) 100MiB-100MiB, (W) 100MiB-100MiB, (T) 100MiB-100MiB, ioengine=psync, iodepth=1
fio-3.36
Starting 1 process

buffered-read: (groupid=0, jobs=1): err= 0: pid=946: Fri Aug  8 21:25:54 2025
  read: IOPS=10, BW=1002MiB/s (1051MB/s)(1000MiB/998msec)
    clat (msec): min=91, max=137, avg=99.43, stdev=13.66
     lat (msec): min=91, max=137, avg=99.45, stdev=13.69
    clat percentiles (msec):
     |  1.00th=[   92],  5.00th=[   92], 10.00th=[   92], 20.00th=[   93],
     | 30.00th=[   95], 40.00th=[   95], 50.00th=[   95], 60.00th=[   95],
     | 70.00th=[   96], 80.00th=[   97], 90.00th=[  101], 95.00th=[  138],
     | 99.00th=[  138], 99.50th=[  138], 99.90th=[  138], 99.95th=[  138],
     | 99.99th=[  138]
   bw (  KiB/s): min=817564, max=817564, per=79.68%, avg=817564.00, stdev= 0.00, samples=1
   iops        : min=    7, max=    7, avg= 7.00, stdev= 0.00, samples=1
  lat (msec)   : 100=80.00%, 250=20.00%
  cpu          : usr=0.20%, sys=95.39%, ctx=5, majf=0, minf=573
  IO depths    : 1=100.0%, 2=0.0%, 4=0.0%, 8=0.0%, 16=0.0%, 32=0.0%, >=64=0.0%
     submit    : 0=0.0%, 4=100.0%, 8=0.0%, 16=0.0%, 32=0.0%, 64=0.0%, >=64=0.0%
     complete  : 0=0.0%, 4=100.0%, 8=0.0%, 16=0.0%, 32=0.0%, 64=0.0%, >=64=0.0%
     issued rwts: total=10,0,0,0 short=0,0,0,0 dropped=0,0,0,0
     latency   : target=0, window=0, percentile=100.00%, depth=1

Run status group 0 (all jobs):
   READ: bw=1002MiB/s (1051MB/s), 1002MiB/s-1002MiB/s (1051MB/s-1051MB/s), io=1000MiB (1049MB), run=998-998msec

Disk stats (read/write):
  vdc: ios=230/0, sectors=1785872/0, merge=2/0, ticks=220/0, in_queue=220, util=16.84%
