buffered-read: (g=0): rw=read, bs=(R) 1024KiB-1024KiB, (W) 1024KiB-1024KiB, (T) 1024KiB-1024KiB, ioengine=psync, iodepth=1
fio-3.36
Starting 1 process

buffered-read: (groupid=0, jobs=1): err= 0: pid=490: Fri Aug  8 21:24:57 2025
  read: IOPS=946, BW=946MiB/s (992MB/s)(1024MiB/1082msec)
    clat (usec): min=284, max=7275, avg=1043.12, stdev=266.14
     lat (usec): min=284, max=7382, avg=1044.91, stdev=268.40
    clat percentiles (usec):
     |  1.00th=[  832],  5.00th=[  857], 10.00th=[  881], 20.00th=[  922],
     | 30.00th=[  938], 40.00th=[  963], 50.00th=[  979], 60.00th=[ 1004],
     | 70.00th=[ 1045], 80.00th=[ 1123], 90.00th=[ 1369], 95.00th=[ 1467],
     | 99.00th=[ 1696], 99.50th=[ 1745], 99.90th=[ 1795], 99.95th=[ 7308],
     | 99.99th=[ 7308]
   bw (  KiB/s): min=919552, max=1009664, per=99.54%, avg=964608.00, stdev=63718.81, samples=2
   iops        : min=  898, max=  986, avg=942.00, stdev=62.23, samples=2
  lat (usec)   : 500=0.10%, 1000=57.13%
  lat (msec)   : 2=42.68%, 10=0.10%
  cpu          : usr=2.13%, sys=89.36%, ctx=11, majf=0, minf=269
  IO depths    : 1=100.0%, 2=0.0%, 4=0.0%, 8=0.0%, 16=0.0%, 32=0.0%, >=64=0.0%
     submit    : 0=0.0%, 4=100.0%, 8=0.0%, 16=0.0%, 32=0.0%, 64=0.0%, >=64=0.0%
     complete  : 0=0.0%, 4=100.0%, 8=0.0%, 16=0.0%, 32=0.0%, 64=0.0%, >=64=0.0%
     issued rwts: total=1024,0,0,0 short=0,0,0,0 dropped=0,0,0,0
     latency   : target=0, window=0, percentile=100.00%, depth=1

Run status group 0 (all jobs):
   READ: bw=946MiB/s (992MB/s), 946MiB/s-946MiB/s (992MB/s-992MB/s), io=1024MiB (1074MB), run=1082-1082msec

Disk stats (read/write):
  vdc: ios=814/0, sectors=1658896/0, merge=0/0, ticks=416/0, in_queue=416, util=30.89%
