buffered-write: (g=0): rw=write, bs=(R) 1024MiB-1024MiB, (W) 1024MiB-1024MiB, (T) 1024MiB-1024MiB, ioengine=psync, iodepth=1
fio-3.36
Starting 1 process

buffered-write: (groupid=0, jobs=1): err= 0: pid=3008: Fri Aug  8 21:35:00 2025
  write: IOPS=0, BW=528MiB/s (554MB/s)(1024MiB/1939msec); 0 zone resets
    clat (nsec): min=1488.1M, max=1488.1M, avg=1488118104.00, stdev= 0.00
     lat (nsec): min=1559.7M, max=1559.7M, avg=1559732660.00, stdev= 0.00
    clat percentiles (msec):
     |  1.00th=[ 1485],  5.00th=[ 1485], 10.00th=[ 1485], 20.00th=[ 1485],
     | 30.00th=[ 1485], 40.00th=[ 1485], 50.00th=[ 1485], 60.00th=[ 1485],
     | 70.00th=[ 1485], 80.00th=[ 1485], 90.00th=[ 1485], 95.00th=[ 1485],
     | 99.00th=[ 1485], 99.50th=[ 1485], 99.90th=[ 1485], 99.95th=[ 1485],
     | 99.99th=[ 1485]
  lat (msec)   : 2000=100.00%
  cpu          : usr=3.72%, sys=95.56%, ctx=10, majf=0, minf=12
  IO depths    : 1=100.0%, 2=0.0%, 4=0.0%, 8=0.0%, 16=0.0%, 32=0.0%, >=64=0.0%
     submit    : 0=0.0%, 4=100.0%, 8=0.0%, 16=0.0%, 32=0.0%, 64=0.0%, >=64=0.0%
     complete  : 0=0.0%, 4=100.0%, 8=0.0%, 16=0.0%, 32=0.0%, 64=0.0%, >=64=0.0%
     issued rwts: total=0,1,0,0 short=0,0,0,0 dropped=0,0,0,0
     latency   : target=0, window=0, percentile=100.00%, depth=1

Run status group 0 (all jobs):
  WRITE: bw=528MiB/s (554MB/s), 528MiB/s-528MiB/s (554MB/s-554MB/s), io=1024MiB (1074MB), run=1939-1939msec

Disk stats (read/write):
  vdc: ios=0/0, sectors=0/0, merge=0/0, ticks=0/0, in_queue=0, util=0.00%
