buffered-write: (g=0): rw=write, bs=(R) 1024KiB-1024KiB, (W) 1024KiB-1024KiB, (T) 1024KiB-1024KiB, ioengine=psync, iodepth=1
fio-3.36
Starting 1 process

buffered-write: (groupid=0, jobs=1): err= 0: pid=2167: Fri Aug  8 21:33:00 2025
  write: IOPS=398, BW=399MiB/s (418MB/s)(1024MiB/2568msec); 0 zone resets
    clat (usec): min=1117, max=1840, avg=1279.58, stdev=92.92
     lat (usec): min=1133, max=2074, avg=1297.53, stdev=94.76
    clat percentiles (usec):
     |  1.00th=[ 1139],  5.00th=[ 1172], 10.00th=[ 1188], 20.00th=[ 1205],
     | 30.00th=[ 1221], 40.00th=[ 1237], 50.00th=[ 1254], 60.00th=[ 1287],
     | 70.00th=[ 1319], 80.00th=[ 1352], 90.00th=[ 1418], 95.00th=[ 1467],
     | 99.00th=[ 1549], 99.50th=[ 1598], 99.90th=[ 1713], 99.95th=[ 1844],
     | 99.99th=[ 1844]
   bw (  KiB/s): min=412870, max=790994, per=100.00%, avg=664271.33, stdev=217722.34, samples=3
   iops        : min=  403, max=  772, avg=648.33, stdev=212.47, samples=3
  lat (msec)   : 2=100.00%
  cpu          : usr=0.82%, sys=75.19%, ctx=20, majf=0, minf=13
  IO depths    : 1=100.0%, 2=0.0%, 4=0.0%, 8=0.0%, 16=0.0%, 32=0.0%, >=64=0.0%
     submit    : 0=0.0%, 4=100.0%, 8=0.0%, 16=0.0%, 32=0.0%, 64=0.0%, >=64=0.0%
     complete  : 0=0.0%, 4=100.0%, 8=0.0%, 16=0.0%, 32=0.0%, 64=0.0%, >=64=0.0%
     issued rwts: total=0,1024,0,0 short=0,0,0,0 dropped=0,0,0,0
     latency   : target=0, window=0, percentile=100.00%, depth=1

Run status group 0 (all jobs):
  WRITE: bw=399MiB/s (418MB/s), 399MiB/s-399MiB/s (418MB/s-418MB/s), io=1024MiB (1074MB), run=2568-2568msec

Disk stats (read/write):
  vdc: ios=0/271, sectors=0/2095120, merge=0/0, ticks=0/168280, in_queue=168280, util=44.68%
