buffered-write: (g=0): rw=write, bs=(R) 128KiB-128KiB, (W) 128KiB-128KiB, (T) 128KiB-128KiB, ioengine=psync, iodepth=1
fio-3.36
Starting 1 process

buffered-write: (groupid=0, jobs=1): err= 0: pid=3578: Fri Aug  8 21:36:41 2025
  write: IOPS=2850, BW=356MiB/s (374MB/s)(1024MiB/2874msec); 0 zone resets
    clat (usec): min=149, max=883, avg=164.81, stdev=25.46
     lat (usec): min=150, max=884, avg=166.04, stdev=25.88
    clat percentiles (usec):
     |  1.00th=[  151],  5.00th=[  153], 10.00th=[  155], 20.00th=[  155],
     | 30.00th=[  157], 40.00th=[  157], 50.00th=[  159], 60.00th=[  161],
     | 70.00th=[  163], 80.00th=[  165], 90.00th=[  178], 95.00th=[  198],
     | 99.00th=[  318], 99.50th=[  326], 99.90th=[  359], 99.95th=[  367],
     | 99.99th=[  881]
   bw (  KiB/s): min= 7664, max=767488, per=100.00%, avg=511568.00, stdev=436411.70, samples=3
   iops        : min=   59, max= 5996, avg=3996.33, stdev=3409.97, samples=3
  lat (usec)   : 250=98.30%, 500=1.67%, 750=0.01%, 1000=0.01%
  cpu          : usr=3.03%, sys=85.25%, ctx=20, majf=0, minf=12
  IO depths    : 1=100.0%, 2=0.0%, 4=0.0%, 8=0.0%, 16=0.0%, 32=0.0%, >=64=0.0%
     submit    : 0=0.0%, 4=100.0%, 8=0.0%, 16=0.0%, 32=0.0%, 64=0.0%, >=64=0.0%
     complete  : 0=0.0%, 4=100.0%, 8=0.0%, 16=0.0%, 32=0.0%, 64=0.0%, >=64=0.0%
     issued rwts: total=0,8192,0,0 short=0,0,0,0 dropped=0,0,0,0
     latency   : target=0, window=0, percentile=100.00%, depth=1

Run status group 0 (all jobs):
  WRITE: bw=356MiB/s (374MB/s), 356MiB/s-356MiB/s (374MB/s-374MB/s), io=1024MiB (1074MB), run=2874-2874msec

Disk stats (read/write):
  vdc: ios=0/278, sectors=0/2097152, merge=0/1, ticks=0/162979, in_queue=162979, util=38.10%
