buffered-write: (g=0): rw=write, bs=(R) 100MiB-100MiB, (W) 100MiB-100MiB, (T) 100MiB-100MiB, ioengine=psync, iodepth=1
fio-3.36
Starting 1 process

buffered-write: (groupid=0, jobs=1): err= 0: pid=2557: Fri Aug  8 21:33:54 2025
  write: IOPS=3, BW=330MiB/s (346MB/s)(1000MiB/3030msec); 0 zone resets
    clat (msec): min=131, max=199, avg=154.62, stdev=21.83
     lat (msec): min=137, max=205, avg=162.82, stdev=21.94
    clat percentiles (msec):
     |  1.00th=[  131],  5.00th=[  131], 10.00th=[  131], 20.00th=[  133],
     | 30.00th=[  134], 40.00th=[  138], 50.00th=[  155], 60.00th=[  157],
     | 70.00th=[  161], 80.00th=[  167], 90.00th=[  174], 95.00th=[  201],
     | 99.00th=[  201], 99.50th=[  201], 99.90th=[  201], 99.95th=[  201],
     | 99.99th=[  201]
   bw (  KiB/s): min=204800, max=615631, per=100.00%, avg=478277.00, stdev=236838.83, samples=3
   iops        : min=    2, max=    6, avg= 4.67, stdev= 2.31, samples=3
  lat (msec)   : 250=100.00%
  cpu          : usr=2.81%, sys=89.01%, ctx=19, majf=0, minf=12
  IO depths    : 1=100.0%, 2=0.0%, 4=0.0%, 8=0.0%, 16=0.0%, 32=0.0%, >=64=0.0%
     submit    : 0=0.0%, 4=100.0%, 8=0.0%, 16=0.0%, 32=0.0%, 64=0.0%, >=64=0.0%
     complete  : 0=0.0%, 4=100.0%, 8=0.0%, 16=0.0%, 32=0.0%, 64=0.0%, >=64=0.0%
     issued rwts: total=0,10,0,0 short=0,0,0,0 dropped=0,0,0,0
     latency   : target=0, window=0, percentile=100.00%, depth=1

Run status group 0 (all jobs):
  WRITE: bw=330MiB/s (346MB/s), 330MiB/s-330MiB/s (346MB/s-346MB/s), io=1000MiB (1049MB), run=3030-3030msec

Disk stats (read/write):
  vdc: ios=0/445, sectors=0/3394920, merge=0/0, ticks=0/228398, in_queue=228398, util=66.51%
