buffered-write: (g=0): rw=write, bs=(R) 100MiB-100MiB, (W) 100MiB-100MiB, (T) 100MiB-100MiB, ioengine=psync, iodepth=1
fio-3.36
Starting 1 process

buffered-write: (groupid=0, jobs=1): err= 0: pid=2828: Fri Aug  8 21:34:30 2025
  write: IOPS=3, BW=346MiB/s (362MB/s)(1000MiB/2893msec); 0 zone resets
    clat (msec): min=134, max=141, avg=139.54, stdev= 2.26
     lat (msec): min=141, max=152, avg=148.54, stdev= 3.39
    clat percentiles (msec):
     |  1.00th=[  136],  5.00th=[  136], 10.00th=[  136], 20.00th=[  138],
     | 30.00th=[  140], 40.00th=[  140], 50.00th=[  142], 60.00th=[  142],
     | 70.00th=[  142], 80.00th=[  142], 90.00th=[  142], 95.00th=[  142],
     | 99.00th=[  142], 99.50th=[  142], 99.90th=[  142], 99.95th=[  142],
     | 99.99th=[  142]
   bw (  KiB/s): min=614400, max=819200, per=100.00%, avg=716800.00, stdev=144815.47, samples=2
   iops        : min=    6, max=    8, avg= 7.00, stdev= 1.41, samples=2
  lat (msec)   : 250=100.00%
  cpu          : usr=3.18%, sys=88.25%, ctx=19, majf=0, minf=12
  IO depths    : 1=100.0%, 2=0.0%, 4=0.0%, 8=0.0%, 16=0.0%, 32=0.0%, >=64=0.0%
     submit    : 0=0.0%, 4=100.0%, 8=0.0%, 16=0.0%, 32=0.0%, 64=0.0%, >=64=0.0%
     complete  : 0=0.0%, 4=100.0%, 8=0.0%, 16=0.0%, 32=0.0%, 64=0.0%, >=64=0.0%
     issued rwts: total=0,10,0,0 short=0,0,0,0 dropped=0,0,0,0
     latency   : target=0, window=0, percentile=100.00%, depth=1

Run status group 0 (all jobs):
  WRITE: bw=346MiB/s (362MB/s), 346MiB/s-346MiB/s (362MB/s-362MB/s), io=1000MiB (1049MB), run=2893-2893msec

Disk stats (read/write):
  vdc: ios=0/268, sectors=0/2048000, merge=0/1, ticks=0/155156, in_queue=155156, util=35.50%
