buffered-read: (g=0): rw=read, bs=(R) 4096B-4096B, (W) 4096B-4096B, (T) 4096B-4096B, ioengine=psync, iodepth=1
fio-3.36
Starting 1 process

buffered-read: (groupid=0, jobs=1): err= 0: pid=1423: Sat Aug  9 07:14:23 2025
  read: IOPS=125k, BW=490MiB/s (514MB/s)(1024MiB/2091msec)
    clat (usec): min=2, max=2207, avg= 6.75, stdev=34.14
     lat (usec): min=2, max=2207, avg= 6.92, stdev=34.15
    clat percentiles (usec):
     |  1.00th=[    3],  5.00th=[    3], 10.00th=[    3], 20.00th=[    3],
     | 30.00th=[    3], 40.00th=[    3], 50.00th=[    3], 60.00th=[    3],
     | 70.00th=[    3], 80.00th=[    3], 90.00th=[    3], 95.00th=[    3],
     | 99.00th=[  251], 99.50th=[  265], 99.90th=[  318], 99.95th=[  408],
     | 99.99th=[  490]
   bw (  KiB/s): min=489440, max=512600, per=100.00%, avg=503657.75, stdev=11101.80, samples=4
   iops        : min=122360, max=128150, avg=125917.75, stdev=2778.92, samples=4
  lat (usec)   : 4=97.40%, 10=0.84%, 20=0.12%, 50=0.05%, 100=0.02%
  lat (usec)   : 250=0.58%, 500=0.98%, 750=0.01%, 1000=0.01%
  lat (msec)   : 2=0.01%, 4=0.01%
  cpu          : usr=48.02%, sys=51.12%, ctx=4, majf=0, minf=13
  IO depths    : 1=100.0%, 2=0.0%, 4=0.0%, 8=0.0%, 16=0.0%, 32=0.0%, >=64=0.0%
     submit    : 0=0.0%, 4=100.0%, 8=0.0%, 16=0.0%, 32=0.0%, 64=0.0%, >=64=0.0%
     complete  : 0=0.0%, 4=100.0%, 8=0.0%, 16=0.0%, 32=0.0%, 64=0.0%, >=64=0.0%
     issued rwts: total=262144,0,0,0 short=0,0,0,0 dropped=0,0,0,0
     latency   : target=0, window=0, percentile=100.00%, depth=1

Run status group 0 (all jobs):
   READ: bw=490MiB/s (514MB/s), 490MiB/s-490MiB/s (514MB/s-514MB/s), io=1024MiB (1074MB), run=2091-2091msec

Disk stats (read/write):
  vdc: ios=0/0, sectors=0/0, merge=0/0, ticks=0/0, in_queue=0, util=0.00%
