buffered-write: (g=0): rw=write, bs=(R) 4096B-4096B, (W) 4096B-4096B, (T) 4096B-4096B, ioengine=psync, iodepth=1
fio-3.36
Starting 1 process

buffered-write: (groupid=0, jobs=1): err= 0: pid=3428: Fri Aug  8 21:36:20 2025
  write: IOPS=66.7k, BW=260MiB/s (273MB/s)(1024MiB/3931msec); 0 zone resets
    clat (usec): min=7, max=587, avg= 9.85, stdev= 5.57
     lat (usec): min=7, max=610, avg=10.07, stdev= 5.68
    clat percentiles (usec):
     |  1.00th=[    9],  5.00th=[    9], 10.00th=[    9], 20.00th=[    9],
     | 30.00th=[    9], 40.00th=[    9], 50.00th=[    9], 60.00th=[    9],
     | 70.00th=[   10], 80.00th=[   11], 90.00th=[   12], 95.00th=[   15],
     | 99.00th=[   22], 99.50th=[   29], 99.90th=[   68], 99.95th=[  161],
     | 99.99th=[  192]
   bw (  KiB/s): min=14984, max=375064, per=100.00%, avg=296159.50, stdev=140052.67, samples=6
   iops        : min= 3760, max=93772, avg=74044.17, stdev=35008.69, samples=6
  lat (usec)   : 10=79.65%, 20=18.68%, 50=1.47%, 100=0.13%, 250=0.06%
  lat (usec)   : 500=0.01%, 750=0.01%
  cpu          : usr=46.18%, sys=48.30%, ctx=80, majf=0, minf=13
  IO depths    : 1=100.0%, 2=0.0%, 4=0.0%, 8=0.0%, 16=0.0%, 32=0.0%, >=64=0.0%
     submit    : 0=0.0%, 4=100.0%, 8=0.0%, 16=0.0%, 32=0.0%, 64=0.0%, >=64=0.0%
     complete  : 0=0.0%, 4=100.0%, 8=0.0%, 16=0.0%, 32=0.0%, 64=0.0%, >=64=0.0%
     issued rwts: total=0,262144,0,0 short=0,0,0,0 dropped=0,0,0,0
     latency   : target=0, window=0, percentile=100.00%, depth=1

Run status group 0 (all jobs):
  WRITE: bw=260MiB/s (273MB/s), 260MiB/s-260MiB/s (273MB/s-273MB/s), io=1024MiB (1074MB), run=3931-3931msec

Disk stats (read/write):
  vdc: ios=0/320, sectors=0/2434640, merge=0/1, ticks=0/90151, in_queue=90151, util=28.39%
