buffered-read: (g=0): rw=read, bs=(R) 10.0MiB-10.0MiB, (W) 10.0MiB-10.0MiB, (T) 10.0MiB-10.0MiB, ioengine=psync, iodepth=1
fio-3.36
Starting 1 process

buffered-read: (groupid=0, jobs=1): err= 0: pid=847: Sat Aug  9 07:13:02 2025
  read: IOPS=75, BW=750MiB/s (786MB/s)(1020MiB/1360msec)
    clat (usec): min=10681, max=26513, avg=13282.26, stdev=2551.78
     lat (usec): min=10682, max=26762, avg=13286.22, stdev=2564.52
    clat percentiles (usec):
     |  1.00th=[10683],  5.00th=[10814], 10.00th=[10814], 20.00th=[10945],
     | 30.00th=[11076], 40.00th=[11207], 50.00th=[14484], 60.00th=[14746],
     | 70.00th=[14877], 80.00th=[15139], 90.00th=[15401], 95.00th=[15926],
     | 99.00th=[21103], 99.50th=[26608], 99.90th=[26608], 99.95th=[26608],
     | 99.99th=[26608]
   bw (  KiB/s): min=716800, max=798720, per=98.67%, avg=757760.00, stdev=57926.19, samples=2
   iops        : min=   70, max=   78, avg=74.00, stdev= 5.66, samples=2
  lat (msec)   : 20=98.04%, 50=1.96%
  cpu          : usr=0.15%, sys=98.60%, ctx=1, majf=0, minf=528
  IO depths    : 1=100.0%, 2=0.0%, 4=0.0%, 8=0.0%, 16=0.0%, 32=0.0%, >=64=0.0%
     submit    : 0=0.0%, 4=100.0%, 8=0.0%, 16=0.0%, 32=0.0%, 64=0.0%, >=64=0.0%
     complete  : 0=0.0%, 4=100.0%, 8=0.0%, 16=0.0%, 32=0.0%, 64=0.0%, >=64=0.0%
     issued rwts: total=102,0,0,0 short=0,0,0,0 dropped=0,0,0,0
     latency   : target=0, window=0, percentile=100.00%, depth=1

Run status group 0 (all jobs):
   READ: bw=750MiB/s (786MB/s), 750MiB/s-750MiB/s (786MB/s-786MB/s), io=1020MiB (1070MB), run=1360-1360msec

Disk stats (read/write):
  vdc: ios=0/0, sectors=0/0, merge=0/0, ticks=0/0, in_queue=0, util=0.00%
