buffered-write: (g=0): rw=write, bs=(R) 1024KiB-1024KiB, (W) 1024KiB-1024KiB, (T) 1024KiB-1024KiB, ioengine=psync, iodepth=1
fio-3.36
Starting 1 process

buffered-write: (groupid=0, jobs=1): err= 0: pid=2107: Fri Aug  8 21:32:52 2025
  write: IOPS=385, BW=385MiB/s (404MB/s)(1024MiB/2657msec); 0 zone resets
    clat (usec): min=1068, max=2971, avg=1162.26, stdev=123.42
     lat (usec): min=1081, max=3003, avg=1184.71, stdev=124.62
    clat percentiles (usec):
     |  1.00th=[ 1074],  5.00th=[ 1090], 10.00th=[ 1090], 20.00th=[ 1106],
     | 30.00th=[ 1123], 40.00th=[ 1123], 50.00th=[ 1139], 60.00th=[ 1156],
     | 70.00th=[ 1172], 80.00th=[ 1188], 90.00th=[ 1270], 95.00th=[ 1303],
     | 99.00th=[ 1385], 99.50th=[ 1647], 99.90th=[ 2933], 99.95th=[ 2966],
     | 99.99th=[ 2966]
   bw (  KiB/s): min=106496, max=870400, per=100.00%, avg=608938.67, stdev=435248.59, samples=3
   iops        : min=  104, max=  850, avg=594.67, stdev=425.05, samples=3
  lat (msec)   : 2=99.71%, 4=0.29%
  cpu          : usr=1.77%, sys=85.10%, ctx=17, majf=0, minf=12
  IO depths    : 1=100.0%, 2=0.0%, 4=0.0%, 8=0.0%, 16=0.0%, 32=0.0%, >=64=0.0%
     submit    : 0=0.0%, 4=100.0%, 8=0.0%, 16=0.0%, 32=0.0%, 64=0.0%, >=64=0.0%
     complete  : 0=0.0%, 4=100.0%, 8=0.0%, 16=0.0%, 32=0.0%, 64=0.0%, >=64=0.0%
     issued rwts: total=0,1024,0,0 short=0,0,0,0 dropped=0,0,0,0
     latency   : target=0, window=0, percentile=100.00%, depth=1

Run status group 0 (all jobs):
  WRITE: bw=385MiB/s (404MB/s), 385MiB/s-385MiB/s (404MB/s-404MB/s), io=1024MiB (1074MB), run=2657-2657msec

Disk stats (read/write):
  vdc: ios=0/275, sectors=0/2097152, merge=0/1, ticks=0/154262, in_queue=154262, util=38.80%
