buffered-write: (g=0): rw=write, bs=(R) 128KiB-128KiB, (W) 128KiB-128KiB, (T) 128KiB-128KiB, ioengine=psync, iodepth=1
fio-3.36
Starting 1 process

buffered-write: (groupid=0, jobs=1): err= 0: pid=3728: Fri Aug  8 21:37:02 2025
  write: IOPS=3715, BW=464MiB/s (487MB/s)(1024MiB/2205msec); 0 zone resets
    clat (usec): min=151, max=1323, avg=167.32, stdev=28.23
     lat (usec): min=153, max=1326, avg=169.61, stdev=28.75
    clat percentiles (usec):
     |  1.00th=[  153],  5.00th=[  155], 10.00th=[  155], 20.00th=[  157],
     | 30.00th=[  159], 40.00th=[  159], 50.00th=[  161], 60.00th=[  163],
     | 70.00th=[  165], 80.00th=[  169], 90.00th=[  180], 95.00th=[  200],
     | 99.00th=[  322], 99.50th=[  330], 99.90th=[  371], 99.95th=[  396],
     | 99.99th=[ 1319]
   bw (  KiB/s): min=306075, max=749860, per=100.00%, avg=599036.00, stdev=253748.85, samples=3
   iops        : min= 2391, max= 5858, avg=4679.67, stdev=1982.34, samples=3
  lat (usec)   : 250=98.27%, 500=1.71%, 1000=0.01%
  lat (msec)   : 2=0.01%
  cpu          : usr=3.40%, sys=91.70%, ctx=14, majf=0, minf=12
  IO depths    : 1=100.0%, 2=0.0%, 4=0.0%, 8=0.0%, 16=0.0%, 32=0.0%, >=64=0.0%
     submit    : 0=0.0%, 4=100.0%, 8=0.0%, 16=0.0%, 32=0.0%, 64=0.0%, >=64=0.0%
     complete  : 0=0.0%, 4=100.0%, 8=0.0%, 16=0.0%, 32=0.0%, 64=0.0%, >=64=0.0%
     issued rwts: total=0,8192,0,0 short=0,0,0,0 dropped=0,0,0,0
     latency   : target=0, window=0, percentile=100.00%, depth=1

Run status group 0 (all jobs):
  WRITE: bw=464MiB/s (487MB/s), 464MiB/s-464MiB/s (487MB/s-487MB/s), io=1024MiB (1074MB), run=2205-2205msec

Disk stats (read/write):
  vdc: ios=0/112, sectors=0/897424, merge=0/0, ticks=0/143163, in_queue=143162, util=34.59%
