buffered-read: (g=0): rw=read, bs=(R) 10.0MiB-10.0MiB, (W) 10.0MiB-10.0MiB, (T) 10.0MiB-10.0MiB, ioengine=psync, iodepth=1
fio-3.36
Starting 1 process

buffered-read: (groupid=0, jobs=1): err= 0: pid=826: Fri Aug  8 21:25:38 2025
  read: IOPS=91, BW=920MiB/s (964MB/s)(1020MiB/1109msec)
    clat (usec): min=7805, max=31134, avg=10806.13, stdev=3414.74
     lat (usec): min=7807, max=31251, avg=10809.90, stdev=3422.36
    clat percentiles (usec):
     |  1.00th=[ 7832],  5.00th=[ 7898], 10.00th=[ 8029], 20.00th=[ 8225],
     | 30.00th=[ 8455], 40.00th=[10028], 50.00th=[10421], 60.00th=[10552],
     | 70.00th=[10814], 80.00th=[11469], 90.00th=[14091], 95.00th=[17171],
     | 99.00th=[23725], 99.50th=[31065], 99.90th=[31065], 99.95th=[31065],
     | 99.99th=[31065]
   bw (  KiB/s): min=839680, max=1042395, per=99.92%, avg=941037.50, stdev=143341.15, samples=2
   iops        : min=   82, max=  101, avg=91.50, stdev=13.44, samples=2
  lat (msec)   : 10=37.25%, 20=59.80%, 50=2.94%
  cpu          : usr=0.00%, sys=95.04%, ctx=7, majf=0, minf=528
  IO depths    : 1=100.0%, 2=0.0%, 4=0.0%, 8=0.0%, 16=0.0%, 32=0.0%, >=64=0.0%
     submit    : 0=0.0%, 4=100.0%, 8=0.0%, 16=0.0%, 32=0.0%, 64=0.0%, >=64=0.0%
     complete  : 0=0.0%, 4=100.0%, 8=0.0%, 16=0.0%, 32=0.0%, 64=0.0%, >=64=0.0%
     issued rwts: total=102,0,0,0 short=0,0,0,0 dropped=0,0,0,0
     latency   : target=0, window=0, percentile=100.00%, depth=1

Run status group 0 (all jobs):
   READ: bw=920MiB/s (964MB/s), 920MiB/s-920MiB/s (964MB/s-964MB/s), io=1020MiB (1070MB), run=1109-1109msec

Disk stats (read/write):
  vdc: ios=228/0, sectors=1712144/0, merge=2/0, ticks=280/0, in_queue=280, util=19.32%
