buffered-read: (g=0): rw=read, bs=(R) 1024KiB-1024KiB, (W) 1024KiB-1024KiB, (T) 1024KiB-1024KiB, ioengine=psync, iodepth=1
fio-3.36
Starting 1 process

fio: terminating on signal 2

buffered-read: (groupid=0, jobs=1): err= 0: pid=438: Sat Aug  9 09:52:29 2025
  read: IOPS=1420, BW=1420MiB/s (1489MB/s)(632MiB/445msec)
    clat (usec): min=449, max=4135, avg=687.68, stdev=225.85
     lat (usec): min=450, max=4258, avg=689.46, stdev=229.79
    clat percentiles (usec):
     |  1.00th=[  506],  5.00th=[  545], 10.00th=[  562], 20.00th=[  578],
     | 30.00th=[  594], 40.00th=[  603], 50.00th=[  627], 60.00th=[  652],
     | 70.00th=[  685], 80.00th=[  750], 90.00th=[  898], 95.00th=[ 1037],
     | 99.00th=[ 1254], 99.50th=[ 1352], 99.90th=[ 4146], 99.95th=[ 4146],
     | 99.99th=[ 4146]
  lat (usec)   : 500=0.79%, 750=79.59%, 1000=12.97%
  lat (msec)   : 2=6.33%, 4=0.16%, 10=0.16%
  cpu          : usr=5.84%, sys=85.84%, ctx=1, majf=0, minf=269
  IO depths    : 1=100.0%, 2=0.0%, 4=0.0%, 8=0.0%, 16=0.0%, 32=0.0%, >=64=0.0%
     submit    : 0=0.0%, 4=100.0%, 8=0.0%, 16=0.0%, 32=0.0%, 64=0.0%, >=64=0.0%
     complete  : 0=0.0%, 4=100.0%, 8=0.0%, 16=0.0%, 32=0.0%, 64=0.0%, >=64=0.0%
     issued rwts: total=632,0,0,0 short=0,0,0,0 dropped=0,0,0,0
     latency   : target=0, window=0, percentile=100.00%, depth=1

Run status group 0 (all jobs):
   READ: bw=1420MiB/s (1489MB/s), 1420MiB/s-1420MiB/s (1489MB/s-1489MB/s), io=632MiB (663MB), run=445-445msec

Disk stats (read/write):
  vdc: ios=0/0, sectors=0/0, merge=0/0, ticks=0/0, in_queue=0, util=0.00%
