buffered-read: (g=0): rw=read, bs=(R) 4096B-4096B, (W) 4096B-4096B, (T) 4096B-4096B, ioengine=psync, iodepth=1
fio-3.36
Starting 1 process

buffered-read: (groupid=0, jobs=1): err= 0: pid=1570: Fri Aug  8 21:27:26 2025
  read: IOPS=112k, BW=438MiB/s (459MB/s)(1024MiB/2340msec)
    clat (usec): min=2, max=1013, avg= 7.24, stdev=25.05
     lat (usec): min=2, max=1139, avg= 7.48, stdev=25.18
    clat percentiles (usec):
     |  1.00th=[    3],  5.00th=[    3], 10.00th=[    3], 20.00th=[    3],
     | 30.00th=[    3], 40.00th=[    4], 50.00th=[    4], 60.00th=[    4],
     | 70.00th=[    4], 80.00th=[    4], 90.00th=[    4], 95.00th=[    7],
     | 99.00th=[  174], 99.50th=[  182], 99.90th=[  237], 99.95th=[  343],
     | 99.99th=[  392]
   bw (  KiB/s): min=442560, max=453640, per=100.00%, avg=450532.00, stdev=5342.98, samples=4
   iops        : min=110640, max=113430, avg=112638.00, stdev=1339.65, samples=4
  lat (usec)   : 4=92.04%, 10=3.96%, 20=0.37%, 50=0.70%, 100=1.25%
  lat (usec)   : 250=1.59%, 500=0.08%, 750=0.01%
  lat (msec)   : 2=0.01%
  cpu          : usr=45.58%, sys=42.37%, ctx=16, majf=0, minf=13
  IO depths    : 1=100.0%, 2=0.0%, 4=0.0%, 8=0.0%, 16=0.0%, 32=0.0%, >=64=0.0%
     submit    : 0=0.0%, 4=100.0%, 8=0.0%, 16=0.0%, 32=0.0%, 64=0.0%, >=64=0.0%
     complete  : 0=0.0%, 4=100.0%, 8=0.0%, 16=0.0%, 32=0.0%, 64=0.0%, >=64=0.0%
     issued rwts: total=262144,0,0,0 short=0,0,0,0 dropped=0,0,0,0
     latency   : target=0, window=0, percentile=100.00%, depth=1

Run status group 0 (all jobs):
   READ: bw=438MiB/s (459MB/s), 438MiB/s-438MiB/s (459MB/s-459MB/s), io=1024MiB (1074MB), run=2340-2340msec

Disk stats (read/write):
  vdc: ios=3714/0, sectors=1897968/0, merge=0/0, ticks=805/0, in_queue=805, util=27.57%
