buffered-read: (g=0): rw=read, bs=(R) 128KiB-128KiB, (W) 128KiB-128KiB, (T) 128KiB-128KiB, ioengine=psync, iodepth=1
fio-3.36
Starting 1 process

buffered-read: (groupid=0, jobs=1): err= 0: pid=1810: Fri Aug  8 21:28:04 2025
  read: IOPS=6027, BW=753MiB/s (790MB/s)(1024MiB/1359msec)
    clat (usec): min=31, max=2113, avg=161.72, stdev=129.92
     lat (usec): min=32, max=2240, avg=162.42, stdev=130.28
    clat percentiles (usec):
     |  1.00th=[   33],  5.00th=[   35], 10.00th=[   36], 20.00th=[   37],
     | 30.00th=[   37], 40.00th=[   39], 50.00th=[  188], 60.00th=[  260],
     | 70.00th=[  269], 80.00th=[  277], 90.00th=[  289], 95.00th=[  330],
     | 99.00th=[  469], 99.50th=[  519], 99.90th=[  668], 99.95th=[  758],
     | 99.99th=[ 2114]
   bw (  KiB/s): min=759808, max=786944, per=100.00%, avg=773376.00, stdev=19188.05, samples=2
   iops        : min= 5936, max= 6148, avg=6042.00, stdev=149.91, samples=2
  lat (usec)   : 50=47.05%, 100=0.84%, 250=9.64%, 500=41.83%, 750=0.57%
  lat (usec)   : 1000=0.05%
  lat (msec)   : 4=0.01%
  cpu          : usr=5.37%, sys=73.88%, ctx=71, majf=0, minf=44
  IO depths    : 1=100.0%, 2=0.0%, 4=0.0%, 8=0.0%, 16=0.0%, 32=0.0%, >=64=0.0%
     submit    : 0=0.0%, 4=100.0%, 8=0.0%, 16=0.0%, 32=0.0%, 64=0.0%, >=64=0.0%
     complete  : 0=0.0%, 4=100.0%, 8=0.0%, 16=0.0%, 32=0.0%, 64=0.0%, >=64=0.0%
     issued rwts: total=8192,0,0,0 short=0,0,0,0 dropped=0,0,0,0
     latency   : target=0, window=0, percentile=100.00%, depth=1

Run status group 0 (all jobs):
   READ: bw=753MiB/s (790MB/s), 753MiB/s-753MiB/s (790MB/s-790MB/s), io=1024MiB (1074MB), run=1359-1359msec

Disk stats (read/write):
  vdc: ios=3371/0, sectors=1724944/0, merge=0/0, ticks=716/0, in_queue=716, util=45.13%
