buffered-write: (g=0): rw=write, bs=(R) 1024MiB-1024MiB, (W) 1024MiB-1024MiB, (T) 1024MiB-1024MiB, ioengine=psync, iodepth=1
fio-3.36
Starting 1 process

buffered-write: (groupid=0, jobs=1): err= 0: pid=3038: Fri Aug  8 21:35:05 2025
  write: IOPS=0, BW=332MiB/s (348MB/s)(1024MiB/3086msec); 0 zone resets
    clat (nsec): min=1528.7M, max=1528.7M, avg=1528651647.00, stdev= 0.00
     lat (nsec): min=1624.9M, max=1624.9M, avg=1624877638.00, stdev= 0.00
    clat percentiles (msec):
     |  1.00th=[ 1536],  5.00th=[ 1536], 10.00th=[ 1536], 20.00th=[ 1536],
     | 30.00th=[ 1536], 40.00th=[ 1536], 50.00th=[ 1536], 60.00th=[ 1536],
     | 70.00th=[ 1536], 80.00th=[ 1536], 90.00th=[ 1536], 95.00th=[ 1536],
     | 99.00th=[ 1536], 99.50th=[ 1536], 99.90th=[ 1536], 99.95th=[ 1536],
     | 99.99th=[ 1536]
  lat (msec)   : 2000=100.00%
  cpu          : usr=3.11%, sys=86.10%, ctx=19, majf=0, minf=12
  IO depths    : 1=100.0%, 2=0.0%, 4=0.0%, 8=0.0%, 16=0.0%, 32=0.0%, >=64=0.0%
     submit    : 0=0.0%, 4=100.0%, 8=0.0%, 16=0.0%, 32=0.0%, 64=0.0%, >=64=0.0%
     complete  : 0=0.0%, 4=100.0%, 8=0.0%, 16=0.0%, 32=0.0%, 64=0.0%, >=64=0.0%
     issued rwts: total=0,1,0,0 short=0,0,0,0 dropped=0,0,0,0
     latency   : target=0, window=0, percentile=100.00%, depth=1

Run status group 0 (all jobs):
  WRITE: bw=332MiB/s (348MB/s), 332MiB/s-332MiB/s (348MB/s-348MB/s), io=1024MiB (1074MB), run=3086-3086msec

Disk stats (read/write):
  vdc: ios=0/274, sectors=0/2097152, merge=0/1, ticks=0/156448, in_queue=156448, util=29.91%
