buffered-write: (g=0): rw=write, bs=(R) 1024MiB-1024MiB, (W) 1024MiB-1024MiB, (T) 1024MiB-1024MiB, ioengine=psync, iodepth=1
fio-3.36
Starting 1 process

buffered-write: (groupid=0, jobs=1): err= 0: pid=3128: Fri Aug  8 21:35:21 2025
  write: IOPS=0, BW=312MiB/s (327MB/s)(1024MiB/3279msec); 0 zone resets
    clat (nsec): min=1671.7M, max=1671.7M, avg=1671749046.00, stdev= 0.00
     lat (nsec): min=1774.9M, max=1774.9M, avg=1774927259.00, stdev= 0.00
    clat percentiles (msec):
     |  1.00th=[ 1670],  5.00th=[ 1670], 10.00th=[ 1670], 20.00th=[ 1670],
     | 30.00th=[ 1670], 40.00th=[ 1670], 50.00th=[ 1670], 60.00th=[ 1670],
     | 70.00th=[ 1670], 80.00th=[ 1670], 90.00th=[ 1670], 95.00th=[ 1670],
     | 99.00th=[ 1670], 99.50th=[ 1670], 99.90th=[ 1670], 99.95th=[ 1670],
     | 99.99th=[ 1670]
  lat (msec)   : 2000=100.00%
  cpu          : usr=3.08%, sys=87.44%, ctx=18, majf=0, minf=12
  IO depths    : 1=100.0%, 2=0.0%, 4=0.0%, 8=0.0%, 16=0.0%, 32=0.0%, >=64=0.0%
     submit    : 0=0.0%, 4=100.0%, 8=0.0%, 16=0.0%, 32=0.0%, 64=0.0%, >=64=0.0%
     complete  : 0=0.0%, 4=100.0%, 8=0.0%, 16=0.0%, 32=0.0%, 64=0.0%, >=64=0.0%
     issued rwts: total=0,1,0,0 short=0,0,0,0 dropped=0,0,0,0
     latency   : target=0, window=0, percentile=100.00%, depth=1

Run status group 0 (all jobs):
  WRITE: bw=312MiB/s (327MB/s), 312MiB/s-312MiB/s (327MB/s-327MB/s), io=1024MiB (1074MB), run=3279-3279msec

Disk stats (read/write):
  vdc: ios=0/274, sectors=0/2097152, merge=0/1, ticks=0/164410, in_queue=164410, util=28.72%
