buffered-read: (g=0): rw=read, bs=(R) 128KiB-128KiB, (W) 128KiB-128KiB, (T) 128KiB-128KiB, ioengine=psync, iodepth=1
fio-3.36
Starting 1 process

buffered-read: (groupid=0, jobs=1): err= 0: pid=1666: Fri Aug  8 21:27:43 2025
  read: IOPS=5561, BW=695MiB/s (729MB/s)(1024MiB/1473msec)
    clat (usec): min=32, max=2103, avg=174.02, stdev=140.80
     lat (usec): min=32, max=2214, avg=174.98, stdev=141.26
    clat percentiles (usec):
     |  1.00th=[   35],  5.00th=[   37], 10.00th=[   37], 20.00th=[   39],
     | 30.00th=[   41], 40.00th=[   44], 50.00th=[  202], 60.00th=[  269],
     | 70.00th=[  281], 80.00th=[  289], 90.00th=[  314], 95.00th=[  363],
     | 99.00th=[  537], 99.50th=[  635], 99.90th=[  865], 99.95th=[  955],
     | 99.99th=[ 2114]
   bw (  KiB/s): min=689152, max=734019, per=99.96%, avg=711585.50, stdev=31725.76, samples=2
   iops        : min= 5386, max= 5734, avg=5560.00, stdev=246.07, samples=2
  lat (usec)   : 50=44.56%, 100=1.40%, 250=9.67%, 500=42.81%, 750=1.42%
  lat (usec)   : 1000=0.11%
  lat (msec)   : 2=0.02%, 4=0.01%
  cpu          : usr=2.44%, sys=76.78%, ctx=67, majf=0, minf=44
  IO depths    : 1=100.0%, 2=0.0%, 4=0.0%, 8=0.0%, 16=0.0%, 32=0.0%, >=64=0.0%
     submit    : 0=0.0%, 4=100.0%, 8=0.0%, 16=0.0%, 32=0.0%, 64=0.0%, >=64=0.0%
     complete  : 0=0.0%, 4=100.0%, 8=0.0%, 16=0.0%, 32=0.0%, 64=0.0%, >=64=0.0%
     issued rwts: total=8192,0,0,0 short=0,0,0,0 dropped=0,0,0,0
     latency   : target=0, window=0, percentile=100.00%, depth=1

Run status group 0 (all jobs):
   READ: bw=695MiB/s (729MB/s), 695MiB/s-695MiB/s (729MB/s-729MB/s), io=1024MiB (1074MB), run=1473-1473msec

Disk stats (read/write):
  vdc: ios=3756/0, sectors=1922064/0, merge=0/0, ticks=830/0, in_queue=830, util=41.34%
