buffered-write: (g=0): rw=write, bs=(R) 128KiB-128KiB, (W) 128KiB-128KiB, (T) 128KiB-128KiB, ioengine=psync, iodepth=1
fio-3.36
Starting 1 process

buffered-write: (groupid=0, jobs=1): err= 0: pid=3458: Fri Aug  8 21:36:24 2025
  write: IOPS=3627, BW=453MiB/s (476MB/s)(1024MiB/2258msec); 0 zone resets
    clat (usec): min=152, max=711, avg=174.90, stdev=27.76
     lat (usec): min=153, max=868, avg=176.24, stdev=28.22
    clat percentiles (usec):
     |  1.00th=[  157],  5.00th=[  159], 10.00th=[  161], 20.00th=[  163],
     | 30.00th=[  163], 40.00th=[  165], 50.00th=[  167], 60.00th=[  169],
     | 70.00th=[  174], 80.00th=[  180], 90.00th=[  192], 95.00th=[  219],
     | 99.00th=[  326], 99.50th=[  343], 99.90th=[  396], 99.95th=[  404],
     | 99.99th=[  709]
   bw (  KiB/s): min=292608, max=721408, per=100.00%, avg=575488.00, stdev=245022.23, samples=3
   iops        : min= 2286, max= 5636, avg=4496.00, stdev=1914.24, samples=3
  lat (usec)   : 250=97.64%, 500=2.34%, 750=0.01%
  cpu          : usr=3.28%, sys=90.35%, ctx=27, majf=0, minf=12
  IO depths    : 1=100.0%, 2=0.0%, 4=0.0%, 8=0.0%, 16=0.0%, 32=0.0%, >=64=0.0%
     submit    : 0=0.0%, 4=100.0%, 8=0.0%, 16=0.0%, 32=0.0%, 64=0.0%, >=64=0.0%
     complete  : 0=0.0%, 4=100.0%, 8=0.0%, 16=0.0%, 32=0.0%, 64=0.0%, >=64=0.0%
     issued rwts: total=0,8192,0,0 short=0,0,0,0 dropped=0,0,0,0
     latency   : target=0, window=0, percentile=100.00%, depth=1

Run status group 0 (all jobs):
  WRITE: bw=453MiB/s (476MB/s), 453MiB/s-453MiB/s (476MB/s-476MB/s), io=1024MiB (1074MB), run=2258-2258msec

Disk stats (read/write):
  vdc: ios=0/90, sectors=0/733520, merge=0/0, ticks=0/4822, in_queue=4822, util=9.53%
