buffered-write: (g=0): rw=write, bs=(R) 1024MiB-1024MiB, (W) 1024MiB-1024MiB, (T) 1024MiB-1024MiB, ioengine=psync, iodepth=1
fio-3.36
Starting 1 process

buffered-write: (groupid=0, jobs=1): err= 0: pid=2918: Fri Aug  8 21:34:46 2025
  write: IOPS=0, BW=338MiB/s (355MB/s)(1024MiB/3028msec); 0 zone resets
    clat (nsec): min=1517.4M, max=1517.4M, avg=1517358951.00, stdev= 0.00
     lat (nsec): min=1577.6M, max=1577.6M, avg=1577585195.00, stdev= 0.00
    clat percentiles (msec):
     |  1.00th=[ 1519],  5.00th=[ 1519], 10.00th=[ 1519], 20.00th=[ 1519],
     | 30.00th=[ 1519], 40.00th=[ 1519], 50.00th=[ 1519], 60.00th=[ 1519],
     | 70.00th=[ 1519], 80.00th=[ 1519], 90.00th=[ 1519], 95.00th=[ 1519],
     | 99.00th=[ 1519], 99.50th=[ 1519], 99.90th=[ 1519], 99.95th=[ 1519],
     | 99.99th=[ 1519]
  lat (msec)   : 2000=100.00%
  cpu          : usr=2.08%, sys=85.89%, ctx=20, majf=0, minf=12
  IO depths    : 1=100.0%, 2=0.0%, 4=0.0%, 8=0.0%, 16=0.0%, 32=0.0%, >=64=0.0%
     submit    : 0=0.0%, 4=100.0%, 8=0.0%, 16=0.0%, 32=0.0%, 64=0.0%, >=64=0.0%
     complete  : 0=0.0%, 4=100.0%, 8=0.0%, 16=0.0%, 32=0.0%, 64=0.0%, >=64=0.0%
     issued rwts: total=0,1,0,0 short=0,0,0,0 dropped=0,0,0,0
     latency   : target=0, window=0, percentile=100.00%, depth=1

Run status group 0 (all jobs):
  WRITE: bw=338MiB/s (355MB/s), 338MiB/s-338MiB/s (355MB/s-355MB/s), io=1024MiB (1074MB), run=3028-3028msec

Disk stats (read/write):
  vdc: ios=0/274, sectors=0/2097152, merge=0/1, ticks=0/154538, in_queue=154538, util=28.72%
