buffered-read: (g=0): rw=read, bs=(R) 100MiB-100MiB, (W) 100MiB-100MiB, (T) 100MiB-100MiB, ioengine=psync, iodepth=1
fio-3.36
Starting 1 process

buffered-read: (groupid=0, jobs=1): err= 0: pid=943: Sat Aug  9 07:13:14 2025
  read: IOPS=6, BW=635MiB/s (666MB/s)(1000MiB/1574msec)
    clat (msec): min=122, max=277, avg=157.05, stdev=48.46
     lat (msec): min=122, max=277, avg=157.06, stdev=48.48
    clat percentiles (msec):
     |  1.00th=[  123],  5.00th=[  123], 10.00th=[  123], 20.00th=[  128],
     | 30.00th=[  130], 40.00th=[  132], 50.00th=[  138], 60.00th=[  140],
     | 70.00th=[  142], 80.00th=[  163], 90.00th=[  203], 95.00th=[  279],
     | 99.00th=[  279], 99.50th=[  279], 99.90th=[  279], 99.95th=[  279],
     | 99.99th=[  279]
   bw (  KiB/s): min=613173, max=614400, per=94.31%, avg=613582.00, stdev=708.41, samples=3
   iops        : min=    5, max=    6, avg= 5.33, stdev= 0.58, samples=3
  lat (msec)   : 250=90.00%, 500=10.00%
  cpu          : usr=0.38%, sys=98.22%, ctx=4, majf=0, minf=574
  IO depths    : 1=100.0%, 2=0.0%, 4=0.0%, 8=0.0%, 16=0.0%, 32=0.0%, >=64=0.0%
     submit    : 0=0.0%, 4=100.0%, 8=0.0%, 16=0.0%, 32=0.0%, 64=0.0%, >=64=0.0%
     complete  : 0=0.0%, 4=100.0%, 8=0.0%, 16=0.0%, 32=0.0%, 64=0.0%, >=64=0.0%
     issued rwts: total=10,0,0,0 short=0,0,0,0 dropped=0,0,0,0
     latency   : target=0, window=0, percentile=100.00%, depth=1

Run status group 0 (all jobs):
   READ: bw=635MiB/s (666MB/s), 635MiB/s-635MiB/s (666MB/s-666MB/s), io=1000MiB (1049MB), run=1574-1574msec

Disk stats (read/write):
  vdc: ios=0/0, sectors=0/0, merge=0/0, ticks=0/0, in_queue=0, util=0.00%
