buffered-read: (g=0): rw=read, bs=(R) 100MiB-100MiB, (W) 100MiB-100MiB, (T) 100MiB-100MiB, ioengine=psync, iodepth=1
fio-3.36
Starting 1 process

buffered-read: (groupid=0, jobs=1): err= 0: pid=1063: Sat Aug  9 07:13:30 2025
  read: IOPS=7, BW=750MiB/s (786MB/s)(1000MiB/1334msec)
    clat (msec): min=126, max=180, avg=133.05, stdev=16.79
     lat (msec): min=126, max=180, avg=133.06, stdev=16.82
    clat percentiles (msec):
     |  1.00th=[  127],  5.00th=[  127], 10.00th=[  127], 20.00th=[  128],
     | 30.00th=[  128], 40.00th=[  128], 50.00th=[  128], 60.00th=[  128],
     | 70.00th=[  129], 80.00th=[  129], 90.00th=[  129], 95.00th=[  182],
     | 99.00th=[  182], 99.50th=[  182], 99.90th=[  182], 99.95th=[  182],
     | 99.99th=[  182]
   bw (  KiB/s): min=614400, max=819200, per=93.38%, avg=716800.00, stdev=144815.47, samples=2
   iops        : min=    6, max=    8, avg= 7.00, stdev= 1.41, samples=2
  lat (msec)   : 250=100.00%
  cpu          : usr=0.15%, sys=98.95%, ctx=0, majf=0, minf=574
  IO depths    : 1=100.0%, 2=0.0%, 4=0.0%, 8=0.0%, 16=0.0%, 32=0.0%, >=64=0.0%
     submit    : 0=0.0%, 4=100.0%, 8=0.0%, 16=0.0%, 32=0.0%, 64=0.0%, >=64=0.0%
     complete  : 0=0.0%, 4=100.0%, 8=0.0%, 16=0.0%, 32=0.0%, 64=0.0%, >=64=0.0%
     issued rwts: total=10,0,0,0 short=0,0,0,0 dropped=0,0,0,0
     latency   : target=0, window=0, percentile=100.00%, depth=1

Run status group 0 (all jobs):
   READ: bw=750MiB/s (786MB/s), 750MiB/s-750MiB/s (786MB/s-786MB/s), io=1000MiB (1049MB), run=1334-1334msec

Disk stats (read/write):
  vdc: ios=0/0, sectors=0/0, merge=0/0, ticks=0/0, in_queue=0, util=0.00%
