buffered-write: (g=0): rw=write, bs=(R) 4096B-4096B, (W) 4096B-4096B, (T) 4096B-4096B, ioengine=psync, iodepth=1
fio-3.36
Starting 1 process

buffered-write: (groupid=0, jobs=1): err= 0: pid=3338: Fri Aug  8 21:36:03 2025
  write: IOPS=53.8k, BW=210MiB/s (220MB/s)(1024MiB/4870msec); 0 zone resets
    clat (usec): min=8, max=408, avg=11.00, stdev= 5.33
     lat (usec): min=8, max=568, avg=11.22, stdev= 5.45
    clat percentiles (usec):
     |  1.00th=[   10],  5.00th=[   10], 10.00th=[   10], 20.00th=[   10],
     | 30.00th=[   10], 40.00th=[   10], 50.00th=[   11], 60.00th=[   11],
     | 70.00th=[   11], 80.00th=[   11], 90.00th=[   12], 95.00th=[   16],
     | 99.00th=[   23], 99.50th=[   31], 99.90th=[   64], 99.95th=[  163],
     | 99.99th=[  182]
   bw (  KiB/s): min=51288, max=307904, per=100.00%, avg=267995.00, stdev=95631.35, samples=7
   iops        : min=12836, max=76976, avg=67001.43, stdev=23902.87, samples=7
  lat (usec)   : 10=40.91%, 20=56.61%, 50=2.21%, 100=0.21%, 250=0.06%
  lat (usec)   : 500=0.01%
  cpu          : usr=37.74%, sys=56.39%, ctx=31, majf=0, minf=13
  IO depths    : 1=100.0%, 2=0.0%, 4=0.0%, 8=0.0%, 16=0.0%, 32=0.0%, >=64=0.0%
     submit    : 0=0.0%, 4=100.0%, 8=0.0%, 16=0.0%, 32=0.0%, 64=0.0%, >=64=0.0%
     complete  : 0=0.0%, 4=100.0%, 8=0.0%, 16=0.0%, 32=0.0%, 64=0.0%, >=64=0.0%
     issued rwts: total=0,262144,0,0 short=0,0,0,0 dropped=0,0,0,0
     latency   : target=0, window=0, percentile=100.00%, depth=1

Run status group 0 (all jobs):
  WRITE: bw=210MiB/s (220MB/s), 210MiB/s-210MiB/s (220MB/s-220MB/s), io=1024MiB (1074MB), run=4870-4870msec

Disk stats (read/write):
  vdc: ios=0/287, sectors=0/2097152, merge=0/0, ticks=0/157055, in_queue=157054, util=22.36%
