buffered-write: (g=0): rw=write, bs=(R) 10.0MiB-10.0MiB, (W) 10.0MiB-10.0MiB, (T) 10.0MiB-10.0MiB, ioengine=psync, iodepth=1
fio-3.36
Starting 1 process

buffered-write: (groupid=0, jobs=1): err= 0: pid=2287: Fri Aug  8 21:33:16 2025
  write: IOPS=37, BW=378MiB/s (397MB/s)(1020MiB/2696msec); 0 zone resets
    clat (usec): min=12344, max=15887, avg=12706.29, stdev=423.07
     lat (usec): min=12710, max=16277, avg=13123.47, stdev=469.44
    clat percentiles (usec):
     |  1.00th=[12387],  5.00th=[12387], 10.00th=[12387], 20.00th=[12518],
     | 30.00th=[12518], 40.00th=[12649], 50.00th=[12649], 60.00th=[12649],
     | 70.00th=[12780], 80.00th=[12911], 90.00th=[12911], 95.00th=[13042],
     | 99.00th=[14615], 99.50th=[15926], 99.90th=[15926], 99.95th=[15926],
     | 99.99th=[15926]
   bw (  KiB/s): min=204800, max=798720, per=100.00%, avg=593920.00, stdev=337143.35, samples=3
   iops        : min=   20, max=   78, avg=58.00, stdev=32.92, samples=3
  lat (msec)   : 20=100.00%
  cpu          : usr=1.86%, sys=88.09%, ctx=18, majf=0, minf=12
  IO depths    : 1=100.0%, 2=0.0%, 4=0.0%, 8=0.0%, 16=0.0%, 32=0.0%, >=64=0.0%
     submit    : 0=0.0%, 4=100.0%, 8=0.0%, 16=0.0%, 32=0.0%, 64=0.0%, >=64=0.0%
     complete  : 0=0.0%, 4=100.0%, 8=0.0%, 16=0.0%, 32=0.0%, 64=0.0%, >=64=0.0%
     issued rwts: total=0,102,0,0 short=0,0,0,0 dropped=0,0,0,0
     latency   : target=0, window=0, percentile=100.00%, depth=1

Run status group 0 (all jobs):
  WRITE: bw=378MiB/s (397MB/s), 378MiB/s-378MiB/s (397MB/s-397MB/s), io=1020MiB (1070MB), run=2696-2696msec

Disk stats (read/write):
  vdc: ios=0/275, sectors=0/2088960, merge=0/1, ticks=0/148408, in_queue=148409, util=38.55%
