buffered-write: (g=0): rw=write, bs=(R) 1024MiB-1024MiB, (W) 1024MiB-1024MiB, (T) 1024MiB-1024MiB, ioengine=psync, iodepth=1
fio-3.36
Starting 1 process

buffered-write: (groupid=0, jobs=1): err= 0: pid=2978: Fri Aug  8 21:34:56 2025
  write: IOPS=0, BW=331MiB/s (348MB/s)(1024MiB/3089msec); 0 zone resets
    clat (nsec): min=1613.5M, max=1613.5M, avg=1613526187.00, stdev= 0.00
     lat (nsec): min=1673.0M, max=1673.0M, avg=1673029612.00, stdev= 0.00
    clat percentiles (msec):
     |  1.00th=[ 1620],  5.00th=[ 1620], 10.00th=[ 1620], 20.00th=[ 1620],
     | 30.00th=[ 1620], 40.00th=[ 1620], 50.00th=[ 1620], 60.00th=[ 1620],
     | 70.00th=[ 1620], 80.00th=[ 1620], 90.00th=[ 1620], 95.00th=[ 1620],
     | 99.00th=[ 1620], 99.50th=[ 1620], 99.90th=[ 1620], 99.95th=[ 1620],
     | 99.99th=[ 1620]
  lat (msec)   : 2000=100.00%
  cpu          : usr=2.10%, sys=89.41%, ctx=15, majf=0, minf=12
  IO depths    : 1=100.0%, 2=0.0%, 4=0.0%, 8=0.0%, 16=0.0%, 32=0.0%, >=64=0.0%
     submit    : 0=0.0%, 4=100.0%, 8=0.0%, 16=0.0%, 32=0.0%, 64=0.0%, >=64=0.0%
     complete  : 0=0.0%, 4=100.0%, 8=0.0%, 16=0.0%, 32=0.0%, 64=0.0%, >=64=0.0%
     issued rwts: total=0,1,0,0 short=0,0,0,0 dropped=0,0,0,0
     latency   : target=0, window=0, percentile=100.00%, depth=1

Run status group 0 (all jobs):
  WRITE: bw=331MiB/s (348MB/s), 331MiB/s-331MiB/s (348MB/s-348MB/s), io=1024MiB (1074MB), run=3089-3089msec

Disk stats (read/write):
  vdc: ios=0/464, sectors=0/3563296, merge=0/2, ticks=0/239689, in_queue=239689, util=51.45%
