buffered-write: (g=0): rw=write, bs=(R) 100MiB-100MiB, (W) 100MiB-100MiB, (T) 100MiB-100MiB, ioengine=psync, iodepth=1
fio-3.36
Starting 1 process

buffered-write: (groupid=0, jobs=1): err= 0: pid=2798: Fri Aug  8 21:34:26 2025
  write: IOPS=5, BW=579MiB/s (608MB/s)(1000MiB/1726msec); 0 zone resets
    clat (usec): min=127026, max=128974, avg=127958.46, stdev=699.76
     lat (msec): min=133, max=136, avg=134.44, stdev= 1.06
    clat percentiles (msec):
     |  1.00th=[  128],  5.00th=[  128], 10.00th=[  128], 20.00th=[  128],
     | 30.00th=[  128], 40.00th=[  128], 50.00th=[  128], 60.00th=[  129],
     | 70.00th=[  129], 80.00th=[  129], 90.00th=[  129], 95.00th=[  129],
     | 99.00th=[  129], 99.50th=[  129], 99.90th=[  129], 99.95th=[  129],
     | 99.99th=[  129]
   bw (  KiB/s): min=819200, max=819200, per=100.00%, avg=819200.00, stdev= 0.00, samples=2
   iops        : min=    8, max=    8, avg= 8.00, stdev= 0.00, samples=2
  lat (msec)   : 250=100.00%
  cpu          : usr=3.82%, sys=95.08%, ctx=11, majf=0, minf=12
  IO depths    : 1=100.0%, 2=0.0%, 4=0.0%, 8=0.0%, 16=0.0%, 32=0.0%, >=64=0.0%
     submit    : 0=0.0%, 4=100.0%, 8=0.0%, 16=0.0%, 32=0.0%, 64=0.0%, >=64=0.0%
     complete  : 0=0.0%, 4=100.0%, 8=0.0%, 16=0.0%, 32=0.0%, 64=0.0%, >=64=0.0%
     issued rwts: total=0,10,0,0 short=0,0,0,0 dropped=0,0,0,0
     latency   : target=0, window=0, percentile=100.00%, depth=1

Run status group 0 (all jobs):
  WRITE: bw=579MiB/s (608MB/s), 579MiB/s-579MiB/s (608MB/s-608MB/s), io=1000MiB (1049MB), run=1726-1726msec

Disk stats (read/write):
  vdc: ios=0/2, sectors=0/0, merge=0/0, ticks=0/2496, in_queue=2497, util=8.16%
