buffered-read: (g=0): rw=read, bs=(R) 1024MiB-1024MiB, (W) 1024MiB-1024MiB, (T) 1024MiB-1024MiB, ioengine=psync, iodepth=1
fio-3.36
Starting 1 process

buffered-read: (groupid=0, jobs=1): err= 0: pid=1279: Sat Aug  9 07:14:02 2025
  read: IOPS=0, BW=609MiB/s (639MB/s)(1024MiB/1681msec)
    clat (nsec): min=1678.7M, max=1678.7M, avg=1678717726.00, stdev= 0.00
     lat (nsec): min=1678.8M, max=1678.8M, avg=1678826684.00, stdev= 0.00
    clat percentiles (msec):
     |  1.00th=[ 1687],  5.00th=[ 1687], 10.00th=[ 1687], 20.00th=[ 1687],
     | 30.00th=[ 1687], 40.00th=[ 1687], 50.00th=[ 1687], 60.00th=[ 1687],
     | 70.00th=[ 1687], 80.00th=[ 1687], 90.00th=[ 1687], 95.00th=[ 1687],
     | 99.00th=[ 1687], 99.50th=[ 1687], 99.90th=[ 1687], 99.95th=[ 1687],
     | 99.99th=[ 1687]
  lat (msec)   : 2000=100.00%
  cpu          : usr=0.30%, sys=98.63%, ctx=3, majf=0, minf=1035
  IO depths    : 1=100.0%, 2=0.0%, 4=0.0%, 8=0.0%, 16=0.0%, 32=0.0%, >=64=0.0%
     submit    : 0=0.0%, 4=100.0%, 8=0.0%, 16=0.0%, 32=0.0%, 64=0.0%, >=64=0.0%
     complete  : 0=0.0%, 4=100.0%, 8=0.0%, 16=0.0%, 32=0.0%, 64=0.0%, >=64=0.0%
     issued rwts: total=1,0,0,0 short=0,0,0,0 dropped=0,0,0,0
     latency   : target=0, window=0, percentile=100.00%, depth=1

Run status group 0 (all jobs):
   READ: bw=609MiB/s (639MB/s), 609MiB/s-609MiB/s (639MB/s-639MB/s), io=1024MiB (1074MB), run=1681-1681msec

Disk stats (read/write):
  vdc: ios=0/0, sectors=0/0, merge=0/0, ticks=0/0, in_queue=0, util=0.00%
