buffered-read: (g=0): rw=read, bs=(R) 1024KiB-1024KiB, (W) 1024KiB-1024KiB, (T) 1024KiB-1024KiB, ioengine=psync, iodepth=1
fio-3.36
Starting 1 process

buffered-read: (groupid=0, jobs=1): err= 0: pid=487: Sat Aug  9 07:11:17 2025
  read: IOPS=720, BW=720MiB/s (755MB/s)(1024MiB/1422msec)
    clat (usec): min=244, max=11069, avg=1379.39, stdev=491.55
     lat (usec): min=245, max=11070, avg=1380.12, stdev=492.69
    clat percentiles (usec):
     |  1.00th=[ 1205],  5.00th=[ 1221], 10.00th=[ 1237], 20.00th=[ 1270],
     | 30.00th=[ 1287], 40.00th=[ 1303], 50.00th=[ 1319], 60.00th=[ 1336],
     | 70.00th=[ 1369], 80.00th=[ 1418], 90.00th=[ 1483], 95.00th=[ 1549],
     | 99.00th=[ 2769], 99.50th=[ 3228], 99.90th=[11076], 99.95th=[11076],
     | 99.99th=[11076]
   bw (  KiB/s): min=723544, max=743984, per=99.51%, avg=733764.00, stdev=14453.26, samples=2
   iops        : min=  706, max=  726, avg=716.00, stdev=14.14, samples=2
  lat (usec)   : 250=0.10%
  lat (msec)   : 2=98.73%, 4=0.88%, 10=0.10%, 20=0.20%
  cpu          : usr=1.55%, sys=96.77%, ctx=1, majf=0, minf=269
  IO depths    : 1=100.0%, 2=0.0%, 4=0.0%, 8=0.0%, 16=0.0%, 32=0.0%, >=64=0.0%
     submit    : 0=0.0%, 4=100.0%, 8=0.0%, 16=0.0%, 32=0.0%, 64=0.0%, >=64=0.0%
     complete  : 0=0.0%, 4=100.0%, 8=0.0%, 16=0.0%, 32=0.0%, 64=0.0%, >=64=0.0%
     issued rwts: total=1024,0,0,0 short=0,0,0,0 dropped=0,0,0,0
     latency   : target=0, window=0, percentile=100.00%, depth=1

Run status group 0 (all jobs):
   READ: bw=720MiB/s (755MB/s), 720MiB/s-720MiB/s (755MB/s-755MB/s), io=1024MiB (1074MB), run=1422-1422msec

Disk stats (read/write):
  vdc: ios=0/0, sectors=0/0, merge=0/0, ticks=0/0, in_queue=0, util=0.00%
