buffered-read: (g=0): rw=read, bs=(R) 100MiB-100MiB, (W) 100MiB-100MiB, (T) 100MiB-100MiB, ioengine=psync, iodepth=1
fio-3.36
Starting 1 process

buffered-read: (groupid=0, jobs=1): err= 0: pid=1042: Fri Aug  8 21:26:06 2025
  read: IOPS=10, BW=1014MiB/s (1063MB/s)(1000MiB/986msec)
    clat (msec): min=89, max=121, avg=98.12, stdev= 8.95
     lat (msec): min=89, max=121, avg=98.14, stdev= 8.99
    clat percentiles (msec):
     |  1.00th=[   90],  5.00th=[   90], 10.00th=[   90], 20.00th=[   93],
     | 30.00th=[   94], 40.00th=[   95], 50.00th=[   95], 60.00th=[   96],
     | 70.00th=[   96], 80.00th=[   97], 90.00th=[  105], 95.00th=[  122],
     | 99.00th=[  122], 99.50th=[  122], 99.90th=[  122], 99.95th=[  122],
     | 99.99th=[  122]
   bw (  KiB/s): min=819200, max=819200, per=78.88%, avg=819200.00, stdev= 0.00, samples=1
   iops        : min=    8, max=    8, avg= 8.00, stdev= 0.00, samples=1
  lat (msec)   : 100=80.00%, 250=20.00%
  cpu          : usr=0.41%, sys=95.43%, ctx=4, majf=0, minf=573
  IO depths    : 1=100.0%, 2=0.0%, 4=0.0%, 8=0.0%, 16=0.0%, 32=0.0%, >=64=0.0%
     submit    : 0=0.0%, 4=100.0%, 8=0.0%, 16=0.0%, 32=0.0%, 64=0.0%, >=64=0.0%
     complete  : 0=0.0%, 4=100.0%, 8=0.0%, 16=0.0%, 32=0.0%, 64=0.0%, >=64=0.0%
     issued rwts: total=10,0,0,0 short=0,0,0,0 dropped=0,0,0,0
     latency   : target=0, window=0, percentile=100.00%, depth=1

Run status group 0 (all jobs):
   READ: bw=1014MiB/s (1063MB/s), 1014MiB/s-1014MiB/s (1063MB/s-1063MB/s), io=1000MiB (1049MB), run=986-986msec

Disk stats (read/write):
  vdc: ios=227/0, sectors=1802256/0, merge=1/0, ticks=201/0, in_queue=201, util=16.84%
