buffered-read: (g=0): rw=read, bs=(R) 1024KiB-1024KiB, (W) 1024KiB-1024KiB, (T) 1024KiB-1024KiB, ioengine=psync, iodepth=1
fio-3.36
Starting 1 process

buffered-read: (groupid=0, jobs=1): err= 0: pid=538: Fri Aug  8 21:25:02 2025
  read: IOPS=1015, BW=1016MiB/s (1065MB/s)(1024MiB/1008msec)
    clat (usec): min=253, max=4993, avg=970.38, stdev=187.81
     lat (usec): min=254, max=5112, avg=971.31, stdev=190.29
    clat percentiles (usec):
     |  1.00th=[  816],  5.00th=[  840], 10.00th=[  865], 20.00th=[  898],
     | 30.00th=[  914], 40.00th=[  930], 50.00th=[  947], 60.00th=[  963],
     | 70.00th=[  988], 80.00th=[ 1020], 90.00th=[ 1090], 95.00th=[ 1139],
     | 99.00th=[ 1237], 99.50th=[ 1336], 99.90th=[ 3261], 99.95th=[ 5014],
     | 99.99th=[ 5014]
   bw (  KiB/s): min=1034240, max=1046528, per=100.00%, avg=1040384.00, stdev=8688.93, samples=2
   iops        : min= 1010, max= 1022, avg=1016.00, stdev= 8.49, samples=2
  lat (usec)   : 500=0.10%, 1000=74.02%
  lat (msec)   : 2=25.59%, 4=0.20%, 10=0.10%
  cpu          : usr=2.78%, sys=88.18%, ctx=10, majf=0, minf=269
  IO depths    : 1=100.0%, 2=0.0%, 4=0.0%, 8=0.0%, 16=0.0%, 32=0.0%, >=64=0.0%
     submit    : 0=0.0%, 4=100.0%, 8=0.0%, 16=0.0%, 32=0.0%, 64=0.0%, >=64=0.0%
     complete  : 0=0.0%, 4=100.0%, 8=0.0%, 16=0.0%, 32=0.0%, 64=0.0%, >=64=0.0%
     issued rwts: total=1024,0,0,0 short=0,0,0,0 dropped=0,0,0,0
     latency   : target=0, window=0, percentile=100.00%, depth=1

Run status group 0 (all jobs):
   READ: bw=1016MiB/s (1065MB/s), 1016MiB/s-1016MiB/s (1065MB/s-1065MB/s), io=1024MiB (1074MB), run=1008-1008msec

Disk stats (read/write):
  vdc: ios=875/0, sectors=1785872/0, merge=0/0, ticks=333/0, in_queue=333, util=32.07%
