buffered-read: (g=0): rw=read, bs=(R) 100MiB-100MiB, (W) 100MiB-100MiB, (T) 100MiB-100MiB, ioengine=psync, iodepth=1
fio-3.36
Starting 1 process

buffered-read: (groupid=0, jobs=1): err= 0: pid=1090: Fri Aug  8 21:26:12 2025
  read: IOPS=10, BW=1012MiB/s (1061MB/s)(1000MiB/988msec)
    clat (msec): min=89, max=122, avg=98.46, stdev= 9.25
     lat (msec): min=89, max=122, avg=98.47, stdev= 9.28
    clat percentiles (msec):
     |  1.00th=[   89],  5.00th=[   89], 10.00th=[   89], 20.00th=[   91],
     | 30.00th=[   94], 40.00th=[   97], 50.00th=[   99], 60.00th=[   99],
     | 70.00th=[   99], 80.00th=[   99], 90.00th=[  100], 95.00th=[  124],
     | 99.00th=[  124], 99.50th=[  124], 99.90th=[  124], 99.95th=[  124],
     | 99.99th=[  124]
   bw (  KiB/s): min=1024000, max=1024000, per=98.80%, avg=1024000.00, stdev= 0.00, samples=1
   iops        : min=   10, max=   10, avg=10.00, stdev= 0.00, samples=1
  lat (msec)   : 100=90.00%, 250=10.00%
  cpu          : usr=0.10%, sys=95.85%, ctx=4, majf=0, minf=573
  IO depths    : 1=100.0%, 2=0.0%, 4=0.0%, 8=0.0%, 16=0.0%, 32=0.0%, >=64=0.0%
     submit    : 0=0.0%, 4=100.0%, 8=0.0%, 16=0.0%, 32=0.0%, 64=0.0%, >=64=0.0%
     complete  : 0=0.0%, 4=100.0%, 8=0.0%, 16=0.0%, 32=0.0%, 64=0.0%, >=64=0.0%
     issued rwts: total=10,0,0,0 short=0,0,0,0 dropped=0,0,0,0
     latency   : target=0, window=0, percentile=100.00%, depth=1

Run status group 0 (all jobs):
   READ: bw=1012MiB/s (1061MB/s), 1012MiB/s-1012MiB/s (1061MB/s-1061MB/s), io=1000MiB (1049MB), run=988-988msec

Disk stats (read/write):
  vdc: ios=226/0, sectors=1802256/0, merge=0/0, ticks=203/0, in_queue=203, util=17.73%
