buffered-read: (g=0): rw=read, bs=(R) 128KiB-128KiB, (W) 128KiB-128KiB, (T) 128KiB-128KiB, ioengine=psync, iodepth=1
fio-3.36
Starting 1 process

buffered-read: (groupid=0, jobs=1): err= 0: pid=1711: Sat Aug  9 07:15:06 2025
  read: IOPS=6350, BW=794MiB/s (832MB/s)(1024MiB/1290msec)
    clat (usec): min=24, max=1861, avg=155.32, stdev=139.45
     lat (usec): min=25, max=1861, avg=155.57, stdev=139.55
    clat percentiles (usec):
     |  1.00th=[   26],  5.00th=[   26], 10.00th=[   27], 20.00th=[   27],
     | 30.00th=[   28], 40.00th=[   29], 50.00th=[  190], 60.00th=[  260],
     | 70.00th=[  265], 80.00th=[  269], 90.00th=[  285], 95.00th=[  310],
     | 99.00th=[  441], 99.50th=[  482], 99.90th=[ 1270], 99.95th=[ 1467],
     | 99.99th=[ 1860]
   bw (  KiB/s): min=779776, max=833024, per=99.21%, avg=806400.00, stdev=37652.02, samples=2
   iops        : min= 6092, max= 6508, avg=6300.00, stdev=294.16, samples=2
  lat (usec)   : 50=49.58%, 100=0.40%, 250=0.01%, 500=49.58%, 750=0.17%
  lat (usec)   : 1000=0.09%
  lat (msec)   : 2=0.16%
  cpu          : usr=5.35%, sys=93.64%, ctx=1, majf=0, minf=44
  IO depths    : 1=100.0%, 2=0.0%, 4=0.0%, 8=0.0%, 16=0.0%, 32=0.0%, >=64=0.0%
     submit    : 0=0.0%, 4=100.0%, 8=0.0%, 16=0.0%, 32=0.0%, 64=0.0%, >=64=0.0%
     complete  : 0=0.0%, 4=100.0%, 8=0.0%, 16=0.0%, 32=0.0%, 64=0.0%, >=64=0.0%
     issued rwts: total=8192,0,0,0 short=0,0,0,0 dropped=0,0,0,0
     latency   : target=0, window=0, percentile=100.00%, depth=1

Run status group 0 (all jobs):
   READ: bw=794MiB/s (832MB/s), 794MiB/s-794MiB/s (832MB/s-832MB/s), io=1024MiB (1074MB), run=1290-1290msec

Disk stats (read/write):
  vdc: ios=0/0, sectors=0/0, merge=0/0, ticks=0/0, in_queue=0, util=0.00%
