buffered-read: (g=0): rw=read, bs=(R) 100MiB-100MiB, (W) 100MiB-100MiB, (T) 100MiB-100MiB, ioengine=psync, iodepth=1
fio-3.36
Starting 1 process

buffered-read: (groupid=0, jobs=1): err= 0: pid=1018: Fri Aug  8 21:26:03 2025
  read: IOPS=9, BW=999MiB/s (1048MB/s)(1000MiB/1001msec)
    clat (msec): min=91, max=132, avg=99.78, stdev=12.96
     lat (msec): min=91, max=132, avg=99.79, stdev=12.99
    clat percentiles (msec):
     |  1.00th=[   92],  5.00th=[   92], 10.00th=[   92], 20.00th=[   93],
     | 30.00th=[   94], 40.00th=[   94], 50.00th=[   95], 60.00th=[   95],
     | 70.00th=[   95], 80.00th=[   96], 90.00th=[  113], 95.00th=[  133],
     | 99.00th=[  133], 99.50th=[  133], 99.90th=[  133], 99.95th=[  133],
     | 99.99th=[  133]
   bw (  KiB/s): min=819200, max=819200, per=80.08%, avg=819200.00, stdev= 0.00, samples=1
   iops        : min=    8, max=    8, avg= 8.00, stdev= 0.00, samples=1
  lat (msec)   : 100=80.00%, 250=20.00%
  cpu          : usr=0.10%, sys=94.01%, ctx=7, majf=0, minf=573
  IO depths    : 1=100.0%, 2=0.0%, 4=0.0%, 8=0.0%, 16=0.0%, 32=0.0%, >=64=0.0%
     submit    : 0=0.0%, 4=100.0%, 8=0.0%, 16=0.0%, 32=0.0%, 64=0.0%, >=64=0.0%
     complete  : 0=0.0%, 4=100.0%, 8=0.0%, 16=0.0%, 32=0.0%, 64=0.0%, >=64=0.0%
     issued rwts: total=10,0,0,0 short=0,0,0,0 dropped=0,0,0,0
     latency   : target=0, window=0, percentile=100.00%, depth=1

Run status group 0 (all jobs):
   READ: bw=999MiB/s (1048MB/s), 999MiB/s-999MiB/s (1048MB/s-1048MB/s), io=1000MiB (1049MB), run=1001-1001msec

Disk stats (read/write):
  vdc: ios=228/0, sectors=1802256/0, merge=2/0, ticks=207/0, in_queue=207, util=19.77%
