buffered-write: (g=0): rw=write, bs=(R) 4096B-4096B, (W) 4096B-4096B, (T) 4096B-4096B, ioengine=psync, iodepth=1
fio-3.36
Starting 1 process

buffered-write: (groupid=0, jobs=1): err= 0: pid=3398: Fri Aug  8 21:36:15 2025
  write: IOPS=60.2k, BW=235MiB/s (247MB/s)(1024MiB/4354msec); 0 zone resets
    clat (usec): min=7, max=651, avg= 9.84, stdev= 5.76
     lat (usec): min=7, max=651, avg=10.05, stdev= 5.88
    clat percentiles (usec):
     |  1.00th=[    9],  5.00th=[    9], 10.00th=[    9], 20.00th=[    9],
     | 30.00th=[    9], 40.00th=[    9], 50.00th=[    9], 60.00th=[    9],
     | 70.00th=[   10], 80.00th=[   10], 90.00th=[   12], 95.00th=[   15],
     | 99.00th=[   23], 99.50th=[   33], 99.90th=[   75], 99.95th=[  163],
     | 99.99th=[  190]
   bw (  KiB/s): min=67408, max=371808, per=100.00%, avg=305909.00, stdev=120103.40, samples=6
   iops        : min=16866, max=92958, avg=76481.50, stdev=30021.25, samples=6
  lat (usec)   : 10=80.45%, 20=17.87%, 50=1.43%, 100=0.19%, 250=0.07%
  lat (usec)   : 500=0.01%, 750=0.01%
  cpu          : usr=43.03%, sys=50.24%, ctx=61, majf=0, minf=13
  IO depths    : 1=100.0%, 2=0.0%, 4=0.0%, 8=0.0%, 16=0.0%, 32=0.0%, >=64=0.0%
     submit    : 0=0.0%, 4=100.0%, 8=0.0%, 16=0.0%, 32=0.0%, 64=0.0%, >=64=0.0%
     complete  : 0=0.0%, 4=100.0%, 8=0.0%, 16=0.0%, 32=0.0%, 64=0.0%, >=64=0.0%
     issued rwts: total=0,262144,0,0 short=0,0,0,0 dropped=0,0,0,0
     latency   : target=0, window=0, percentile=100.00%, depth=1

Run status group 0 (all jobs):
  WRITE: bw=235MiB/s (247MB/s), 235MiB/s-235MiB/s (247MB/s-247MB/s), io=1024MiB (1074MB), run=4354-4354msec

Disk stats (read/write):
  vdc: ios=0/418, sectors=0/3123296, merge=0/2, ticks=0/198469, in_queue=198469, util=38.27%
