buffered-write: (g=0): rw=write, bs=(R) 4096B-4096B, (W) 4096B-4096B, (T) 4096B-4096B, ioengine=psync, iodepth=1
fio-3.36
Starting 1 process

buffered-write: (groupid=0, jobs=1): err= 0: pid=3368: Fri Aug  8 21:36:09 2025
  write: IOPS=57.1k, BW=223MiB/s (234MB/s)(1024MiB/4594msec); 0 zone resets
    clat (usec): min=7, max=403, avg=10.41, stdev= 5.26
     lat (usec): min=7, max=561, avg=10.65, stdev= 5.38
    clat percentiles (usec):
     |  1.00th=[    9],  5.00th=[    9], 10.00th=[    9], 20.00th=[    9],
     | 30.00th=[   10], 40.00th=[   10], 50.00th=[   10], 60.00th=[   10],
     | 70.00th=[   11], 80.00th=[   11], 90.00th=[   12], 95.00th=[   15],
     | 99.00th=[   23], 99.50th=[   31], 99.90th=[   69], 99.95th=[  157],
     | 99.99th=[  178]
   bw (  KiB/s): min= 7480, max=342011, per=100.00%, avg=290980.71, stdev=125072.60, samples=7
   iops        : min= 1894, max=85502, avg=72750.14, stdev=31259.71, samples=7
  lat (usec)   : 10=66.73%, 20=31.38%, 50=1.59%, 100=0.25%, 250=0.05%
  lat (usec)   : 500=0.01%
  cpu          : usr=37.86%, sys=53.78%, ctx=32, majf=0, minf=13
  IO depths    : 1=100.0%, 2=0.0%, 4=0.0%, 8=0.0%, 16=0.0%, 32=0.0%, >=64=0.0%
     submit    : 0=0.0%, 4=100.0%, 8=0.0%, 16=0.0%, 32=0.0%, 64=0.0%, >=64=0.0%
     complete  : 0=0.0%, 4=100.0%, 8=0.0%, 16=0.0%, 32=0.0%, 64=0.0%, >=64=0.0%
     issued rwts: total=0,262144,0,0 short=0,0,0,0 dropped=0,0,0,0
     latency   : target=0, window=0, percentile=100.00%, depth=1

Run status group 0 (all jobs):
  WRITE: bw=223MiB/s (234MB/s), 223MiB/s-223MiB/s (234MB/s-234MB/s), io=1024MiB (1074MB), run=4594-4594msec

Disk stats (read/write):
  vdc: ios=0/277, sectors=0/2097152, merge=0/1, ticks=0/163567, in_queue=163568, util=24.94%
