buffered-read: (g=0): rw=read, bs=(R) 128KiB-128KiB, (W) 128KiB-128KiB, (T) 128KiB-128KiB, ioengine=psync, iodepth=1
fio-3.36
Starting 1 process

buffered-read: (groupid=0, jobs=1): err= 0: pid=1690: Fri Aug  8 21:27:47 2025
  read: IOPS=5863, BW=733MiB/s (769MB/s)(1024MiB/1397msec)
    clat (usec): min=31, max=2152, avg=164.34, stdev=126.88
     lat (usec): min=31, max=2266, avg=165.74, stdev=127.38
    clat percentiles (usec):
     |  1.00th=[   33],  5.00th=[   35], 10.00th=[   37], 20.00th=[   38],
     | 30.00th=[   39], 40.00th=[   45], 50.00th=[  194], 60.00th=[  227],
     | 70.00th=[  265], 80.00th=[  281], 90.00th=[  302], 95.00th=[  338],
     | 99.00th=[  478], 99.50th=[  537], 99.90th=[  701], 99.95th=[  848],
     | 99.99th=[ 2147]
   bw (  KiB/s): min=750115, max=769280, per=100.00%, avg=759697.50, stdev=13551.70, samples=2
   iops        : min= 5864, max= 6008, avg=5936.00, stdev=101.82, samples=2
  lat (usec)   : 50=41.17%, 100=1.23%, 250=21.53%, 500=35.29%, 750=0.70%
  lat (usec)   : 1000=0.06%
  lat (msec)   : 4=0.01%
  cpu          : usr=3.08%, sys=75.95%, ctx=71, majf=0, minf=44
  IO depths    : 1=100.0%, 2=0.0%, 4=0.0%, 8=0.0%, 16=0.0%, 32=0.0%, >=64=0.0%
     submit    : 0=0.0%, 4=100.0%, 8=0.0%, 16=0.0%, 32=0.0%, 64=0.0%, >=64=0.0%
     complete  : 0=0.0%, 4=100.0%, 8=0.0%, 16=0.0%, 32=0.0%, 64=0.0%, >=64=0.0%
     issued rwts: total=8192,0,0,0 short=0,0,0,0 dropped=0,0,0,0
     latency   : target=0, window=0, percentile=100.00%, depth=1

Run status group 0 (all jobs):
   READ: bw=733MiB/s (769MB/s), 733MiB/s-733MiB/s (769MB/s-769MB/s), io=1024MiB (1074MB), run=1397-1397msec

Disk stats (read/write):
  vdc: ios=4008/0, sectors=2051088/0, merge=0/0, ticks=810/0, in_queue=810, util=37.23%
