buffered-read: (g=0): rw=read, bs=(R) 1024KiB-1024KiB, (W) 1024KiB-1024KiB, (T) 1024KiB-1024KiB, ioengine=psync, iodepth=1
fio-3.36
Starting 1 process

buffered-read: (groupid=0, jobs=1): err= 0: pid=414: Sat Aug  9 07:11:07 2025
  read: IOPS=287, BW=287MiB/s (301MB/s)(1024MiB/3563msec)
    clat (usec): min=251, max=119609, avg=3462.49, stdev=3994.15
     lat (usec): min=252, max=119747, avg=3464.31, stdev=3998.22
    clat percentiles (usec):
     |  1.00th=[  1172],  5.00th=[  1188], 10.00th=[  1205], 20.00th=[  1270],
     | 30.00th=[  1434], 40.00th=[  3851], 50.00th=[  4146], 60.00th=[  4293],
     | 70.00th=[  4359], 80.00th=[  4490], 90.00th=[  4686], 95.00th=[  5211],
     | 99.00th=[  7242], 99.50th=[  7832], 99.90th=[ 11469], 99.95th=[120062],
     | 99.99th=[120062]
   bw (  KiB/s): min=212992, max=458752, per=100.00%, avg=295596.86, stdev=108277.90, samples=7
   iops        : min=  208, max=  448, avg=288.57, stdev=105.77, samples=7
  lat (usec)   : 500=0.10%
  lat (msec)   : 2=34.96%, 4=8.79%, 10=55.96%, 20=0.10%, 250=0.10%
  cpu          : usr=1.18%, sys=96.58%, ctx=5, majf=0, minf=270
  IO depths    : 1=100.0%, 2=0.0%, 4=0.0%, 8=0.0%, 16=0.0%, 32=0.0%, >=64=0.0%
     submit    : 0=0.0%, 4=100.0%, 8=0.0%, 16=0.0%, 32=0.0%, 64=0.0%, >=64=0.0%
     complete  : 0=0.0%, 4=100.0%, 8=0.0%, 16=0.0%, 32=0.0%, 64=0.0%, >=64=0.0%
     issued rwts: total=1024,0,0,0 short=0,0,0,0 dropped=0,0,0,0
     latency   : target=0, window=0, percentile=100.00%, depth=1

Run status group 0 (all jobs):
   READ: bw=287MiB/s (301MB/s), 287MiB/s-287MiB/s (301MB/s-301MB/s), io=1024MiB (1074MB), run=3563-3563msec

Disk stats (read/write):
  vdc: ios=0/0, sectors=0/0, merge=0/0, ticks=0/0, in_queue=0, util=0.00%
