buffered-write: (g=0): rw=write, bs=(R) 100MiB-100MiB, (W) 100MiB-100MiB, (T) 100MiB-100MiB, ioengine=psync, iodepth=1
fio-3.36
Starting 1 process

buffered-write: (groupid=0, jobs=1): err= 0: pid=2767: Fri Aug  8 21:34:22 2025
  write: IOPS=3, BW=383MiB/s (402MB/s)(1000MiB/2608msec); 0 zone resets
    clat (msec): min=118, max=124, avg=120.51, stdev= 1.64
     lat (msec): min=123, max=136, avg=127.12, stdev= 3.80
    clat percentiles (msec):
     |  1.00th=[  118],  5.00th=[  118], 10.00th=[  118], 20.00th=[  120],
     | 30.00th=[  120], 40.00th=[  121], 50.00th=[  121], 60.00th=[  121],
     | 70.00th=[  122], 80.00th=[  122], 90.00th=[  122], 95.00th=[  125],
     | 99.00th=[  125], 99.50th=[  125], 99.90th=[  125], 99.95th=[  125],
     | 99.99th=[  125]
   bw (  KiB/s): min=204800, max=819200, per=100.00%, avg=614400.00, stdev=354724.01, samples=3
   iops        : min=    2, max=    8, avg= 6.00, stdev= 3.46, samples=3
  lat (msec)   : 250=100.00%
  cpu          : usr=2.68%, sys=89.00%, ctx=18, majf=0, minf=12
  IO depths    : 1=100.0%, 2=0.0%, 4=0.0%, 8=0.0%, 16=0.0%, 32=0.0%, >=64=0.0%
     submit    : 0=0.0%, 4=100.0%, 8=0.0%, 16=0.0%, 32=0.0%, 64=0.0%, >=64=0.0%
     complete  : 0=0.0%, 4=100.0%, 8=0.0%, 16=0.0%, 32=0.0%, 64=0.0%, >=64=0.0%
     issued rwts: total=0,10,0,0 short=0,0,0,0 dropped=0,0,0,0
     latency   : target=0, window=0, percentile=100.00%, depth=1

Run status group 0 (all jobs):
  WRITE: bw=383MiB/s (402MB/s), 383MiB/s-383MiB/s (402MB/s-402MB/s), io=1000MiB (1049MB), run=2608-2608msec

Disk stats (read/write):
  vdc: ios=0/269, sectors=0/2048000, merge=0/1, ticks=0/152425, in_queue=152425, util=38.91%
