buffered-read: (g=0): rw=read, bs=(R) 10.0MiB-10.0MiB, (W) 10.0MiB-10.0MiB, (T) 10.0MiB-10.0MiB, ioengine=psync, iodepth=1
fio-3.36
Starting 1 process

buffered-read: (groupid=0, jobs=1): err= 0: pid=727: Sat Aug  9 07:12:46 2025
  read: IOPS=71, BW=716MiB/s (751MB/s)(1020MiB/1425msec)
    clat (usec): min=10711, max=33332, avg=13917.61, stdev=3831.61
     lat (usec): min=10713, max=33445, avg=13919.81, stdev=3837.28
    clat percentiles (usec):
     |  1.00th=[10814],  5.00th=[10814], 10.00th=[10945], 20.00th=[11076],
     | 30.00th=[11207], 40.00th=[11207], 50.00th=[14877], 60.00th=[15139],
     | 70.00th=[15270], 80.00th=[15533], 90.00th=[15664], 95.00th=[18220],
     | 99.00th=[31851], 99.50th=[33424], 99.90th=[33424], 99.95th=[33424],
     | 99.99th=[33424]
   bw (  KiB/s): min=694930, max=778240, per=100.00%, avg=736585.00, stdev=58909.07, samples=2
   iops        : min=   67, max=   76, avg=71.50, stdev= 6.36, samples=2
  lat (msec)   : 20=96.08%, 50=3.92%
  cpu          : usr=0.14%, sys=98.60%, ctx=1, majf=0, minf=528
  IO depths    : 1=100.0%, 2=0.0%, 4=0.0%, 8=0.0%, 16=0.0%, 32=0.0%, >=64=0.0%
     submit    : 0=0.0%, 4=100.0%, 8=0.0%, 16=0.0%, 32=0.0%, 64=0.0%, >=64=0.0%
     complete  : 0=0.0%, 4=100.0%, 8=0.0%, 16=0.0%, 32=0.0%, 64=0.0%, >=64=0.0%
     issued rwts: total=102,0,0,0 short=0,0,0,0 dropped=0,0,0,0
     latency   : target=0, window=0, percentile=100.00%, depth=1

Run status group 0 (all jobs):
   READ: bw=716MiB/s (751MB/s), 716MiB/s-716MiB/s (751MB/s-751MB/s), io=1020MiB (1070MB), run=1425-1425msec

Disk stats (read/write):
  vdc: ios=0/0, sectors=0/0, merge=0/0, ticks=0/0, in_queue=0, util=0.00%
