buffered-read: (g=0): rw=read, bs=(R) 128KiB-128KiB, (W) 128KiB-128KiB, (T) 128KiB-128KiB, ioengine=psync, iodepth=1
fio-3.33
Starting 1 process

buffered-read: (groupid=0, jobs=1): err= 0: pid=3987: Thu Aug 14 19:50:54 2025
  read: IOPS=3220, BW=403MiB/s (422MB/s)(512MiB/1272msec)
    clat (usec): min=10, max=1408, avg=309.82, stdev=347.59
     lat (usec): min=10, max=1408, avg=309.90, stdev=347.57
    clat percentiles (usec):
     |  1.00th=[   11],  5.00th=[   11], 10.00th=[   11], 20.00th=[   11],
     | 30.00th=[   11], 40.00th=[   12], 50.00th=[   19], 60.00th=[  375],
     | 70.00th=[  578], 80.00th=[  693], 90.00th=[  824], 95.00th=[  930],
     | 99.00th=[ 1037], 99.50th=[ 1090], 99.90th=[ 1139], 99.95th=[ 1156],
     | 99.99th=[ 1401]
   bw (  KiB/s): min=407552, max=420096, per=100.00%, avg=413824.00, stdev=8869.95, samples=2
   iops        : min= 3184, max= 3282, avg=3233.00, stdev=69.30, samples=2
  lat (usec)   : 20=50.10%, 50=0.61%, 100=0.56%, 250=4.13%, 500=9.35%
  lat (usec)   : 750=20.61%, 1000=12.70%
  lat (msec)   : 2=1.95%
  cpu          : usr=0.31%, sys=6.22%, ctx=2029, majf=0, minf=13
  IO depths    : 1=100.0%, 2=0.0%, 4=0.0%, 8=0.0%, 16=0.0%, 32=0.0%, >=64=0.0%
     submit    : 0=0.0%, 4=100.0%, 8=0.0%, 16=0.0%, 32=0.0%, 64=0.0%, >=64=0.0%
     complete  : 0=0.0%, 4=100.0%, 8=0.0%, 16=0.0%, 32=0.0%, 64=0.0%, >=64=0.0%
     issued rwts: total=4096,0,0,0 short=0,0,0,0 dropped=0,0,0,0
     latency   : target=0, window=0, percentile=100.00%, depth=1

Run status group 0 (all jobs):
   READ: bw=403MiB/s (422MB/s), 403MiB/s-403MiB/s (422MB/s-422MB/s), io=512MiB (537MB), run=1272-1272msec

Disk stats (read/write):
  nvme0n1: ios=3664/0, merge=89/0, ticks=3933/0, in_queue=3933, util=86.22%
