buffered-read: (g=0): rw=read, bs=(R) 10.0MiB-10.0MiB, (W) 10.0MiB-10.0MiB, (T) 10.0MiB-10.0MiB, ioengine=psync, iodepth=1
fio-3.33
Starting 1 process

buffered-read: (groupid=0, jobs=1): err= 0: pid=3258: Thu Aug 14 19:49:38 2025
  read: IOPS=40, BW=401MiB/s (421MB/s)(520MiB/1296msec)
    clat (usec): min=12318, max=25504, avg=24910.93, stdev=1783.44
     lat (usec): min=12319, max=25505, avg=24911.57, stdev=1783.44
    clat percentiles (usec):
     |  1.00th=[12256],  5.00th=[25035], 10.00th=[25035], 20.00th=[25035],
     | 30.00th=[25035], 40.00th=[25035], 50.00th=[25035], 60.00th=[25035],
     | 70.00th=[25035], 80.00th=[25035], 90.00th=[25297], 95.00th=[25297],
     | 99.00th=[25560], 99.50th=[25560], 99.90th=[25560], 99.95th=[25560],
     | 99.99th=[25560]
   bw (  KiB/s): min=409600, max=409600, per=99.69%, avg=409600.00, stdev= 0.00, samples=2
   iops        : min=   40, max=   40, avg=40.00, stdev= 0.00, samples=2
  lat (msec)   : 20=1.92%, 50=98.08%
  cpu          : usr=0.00%, sys=30.12%, ctx=2066, majf=0, minf=646
  IO depths    : 1=100.0%, 2=0.0%, 4=0.0%, 8=0.0%, 16=0.0%, 32=0.0%, >=64=0.0%
     submit    : 0=0.0%, 4=100.0%, 8=0.0%, 16=0.0%, 32=0.0%, 64=0.0%, >=64=0.0%
     complete  : 0=0.0%, 4=100.0%, 8=0.0%, 16=0.0%, 32=0.0%, 64=0.0%, >=64=0.0%
     issued rwts: total=52,0,0,0 short=0,0,0,0 dropped=0,0,0,0
     latency   : target=0, window=0, percentile=100.00%, depth=1

Run status group 0 (all jobs):
   READ: bw=401MiB/s (421MB/s), 401MiB/s-401MiB/s (421MB/s-421MB/s), io=520MiB (545MB), run=1296-1296msec

Disk stats (read/write):
  nvme0n1: ios=3636/0, merge=0/0, ticks=3327/0, in_queue=3327, util=64.10%
