buffered-write: (g=0): rw=write, bs=(R) 100MiB-100MiB, (W) 100MiB-100MiB, (T) 100MiB-100MiB, ioengine=psync, iodepth=1
fio-3.33
Starting 1 process

buffered-write: (groupid=0, jobs=1): err= 0: pid=19219: Fri Aug 15 07:38:28 2025
  write: IOPS=25, BW=2564MiB/s (2689MB/s)(500MiB/195msec); 0 zone resets
    clat (usec): min=26969, max=27878, avg=27621.72, stdev=376.50
     lat (usec): min=34445, max=42278, avg=38953.39, stdev=3097.61
    clat percentiles (usec):
     |  1.00th=[26870],  5.00th=[26870], 10.00th=[26870], 20.00th=[26870],
     | 30.00th=[27657], 40.00th=[27657], 50.00th=[27919], 60.00th=[27919],
     | 70.00th=[27919], 80.00th=[27919], 90.00th=[27919], 95.00th=[27919],
     | 99.00th=[27919], 99.50th=[27919], 99.90th=[27919], 99.95th=[27919],
     | 99.99th=[27919]
  lat (msec)   : 50=100.00%
  cpu          : usr=28.87%, sys=71.65%, ctx=3, majf=0, minf=6
  IO depths    : 1=100.0%, 2=0.0%, 4=0.0%, 8=0.0%, 16=0.0%, 32=0.0%, >=64=0.0%
     submit    : 0=0.0%, 4=100.0%, 8=0.0%, 16=0.0%, 32=0.0%, 64=0.0%, >=64=0.0%
     complete  : 0=0.0%, 4=100.0%, 8=0.0%, 16=0.0%, 32=0.0%, 64=0.0%, >=64=0.0%
     issued rwts: total=0,5,0,0 short=0,0,0,0 dropped=0,0,0,0
     latency   : target=0, window=0, percentile=100.00%, depth=1

Run status group 0 (all jobs):
  WRITE: bw=2564MiB/s (2689MB/s), 2564MiB/s-2564MiB/s (2689MB/s-2689MB/s), io=500MiB (524MB), run=195-195msec

Disk stats (read/write):
  nvme0n1: ios=0/462, merge=0/15, ticks=0/996, in_queue=999, util=14.46%
