buffered-write: (g=0): rw=write, bs=(R) 4096B-4096B, (W) 4096B-4096B, (T) 4096B-4096B, ioengine=psync, iodepth=1
fio-3.33
Starting 1 process

buffered-write: (groupid=0, jobs=1): err= 0: pid=65197: Thu Aug 14 19:59:16 2025
  write: IOPS=146k, BW=570MiB/s (597MB/s)(512MiB/899msec); 0 zone resets
    clat (usec): min=4, max=251, avg= 6.32, stdev= 1.76
     lat (usec): min=4, max=251, avg= 6.41, stdev= 1.77
    clat percentiles (nsec):
     |  1.00th=[ 5344],  5.00th=[ 5600], 10.00th=[ 5728], 20.00th=[ 5920],
     | 30.00th=[ 6048], 40.00th=[ 6112], 50.00th=[ 6240], 60.00th=[ 6304],
     | 70.00th=[ 6432], 80.00th=[ 6560], 90.00th=[ 6752], 95.00th=[ 6944],
     | 99.00th=[ 8096], 99.50th=[ 9152], 99.90th=[25984], 99.95th=[33536],
     | 99.99th=[62208]
   bw (  KiB/s): min=580728, max=580728, per=99.58%, avg=580728.00, stdev= 0.00, samples=1
   iops        : min=145182, max=145182, avg=145182.00, stdev= 0.00, samples=1
  lat (usec)   : 10=99.62%, 20=0.19%, 50=0.17%, 100=0.01%, 250=0.01%
  lat (usec)   : 500=0.01%
  cpu          : usr=11.92%, sys=86.86%, ctx=165, majf=0, minf=6
  IO depths    : 1=100.0%, 2=0.0%, 4=0.0%, 8=0.0%, 16=0.0%, 32=0.0%, >=64=0.0%
     submit    : 0=0.0%, 4=100.0%, 8=0.0%, 16=0.0%, 32=0.0%, 64=0.0%, >=64=0.0%
     complete  : 0=0.0%, 4=100.0%, 8=0.0%, 16=0.0%, 32=0.0%, 64=0.0%, >=64=0.0%
     issued rwts: total=0,131072,0,0 short=0,0,0,0 dropped=0,0,0,0
     latency   : target=0, window=0, percentile=100.00%, depth=1

Run status group 0 (all jobs):
  WRITE: bw=570MiB/s (597MB/s), 570MiB/s-570MiB/s (597MB/s-597MB/s), io=512MiB (537MB), run=899-899msec

Disk stats (read/write):
  nvme0n1: ios=0/12619, merge=0/267, ticks=0/6466, in_queue=6556, util=90.58%
