buffered-read: (g=0): rw=read, bs=(R) 128KiB-128KiB, (W) 128KiB-128KiB, (T) 128KiB-128KiB, ioengine=psync, iodepth=1
fio-3.33
Starting 1 process

buffered-read: (groupid=0, jobs=1): err= 0: pid=3456: Fri Aug 15 07:07:34 2025
  read: IOPS=3175, BW=397MiB/s (416MB/s)(512MiB/1290msec)
    clat (usec): min=19, max=982, avg=313.97, stdev=184.23
     lat (usec): min=19, max=982, avg=314.06, stdev=184.23
    clat percentiles (usec):
     |  1.00th=[   76],  5.00th=[   77], 10.00th=[   78], 20.00th=[   81],
     | 30.00th=[  149], 40.00th=[  221], 50.00th=[  314], 60.00th=[  433],
     | 70.00th=[  474], 80.00th=[  529], 90.00th=[  545], 95.00th=[  553],
     | 99.00th=[  553], 99.50th=[  553], 99.90th=[  594], 99.95th=[  619],
     | 99.99th=[  979]
   bw (  KiB/s): min=405760, max=407296, per=100.00%, avg=406528.00, stdev=1086.12, samples=2
   iops        : min= 3170, max= 3182, avg=3176.00, stdev= 8.49, samples=2
  lat (usec)   : 20=0.02%, 100=22.19%, 250=20.34%, 500=34.23%, 750=23.19%
  lat (usec)   : 1000=0.02%
  cpu          : usr=0.62%, sys=7.14%, ctx=4105, majf=0, minf=13
  IO depths    : 1=100.0%, 2=0.0%, 4=0.0%, 8=0.0%, 16=0.0%, 32=0.0%, >=64=0.0%
     submit    : 0=0.0%, 4=100.0%, 8=0.0%, 16=0.0%, 32=0.0%, 64=0.0%, >=64=0.0%
     complete  : 0=0.0%, 4=100.0%, 8=0.0%, 16=0.0%, 32=0.0%, 64=0.0%, >=64=0.0%
     issued rwts: total=4096,0,0,0 short=0,0,0,0 dropped=0,0,0,0
     latency   : target=0, window=0, percentile=100.00%, depth=1

Run status group 0 (all jobs):
   READ: bw=397MiB/s (416MB/s), 397MiB/s-397MiB/s (416MB/s-416MB/s), io=512MiB (537MB), run=1290-1290msec

Disk stats (read/write):
  nvme0n1: ios=3668/0, merge=89/0, ticks=2225/0, in_queue=2225, util=84.94%
