buffered-write: (g=0): rw=write, bs=(R) 4096B-4096B, (W) 4096B-4096B, (T) 4096B-4096B, ioengine=psync, iodepth=1
fio-3.33
Starting 1 process

buffered-write: (groupid=0, jobs=1): err= 0: pid=24081: Fri Aug 15 07:38:34 2025
  write: IOPS=129k, BW=504MiB/s (529MB/s)(512MiB/1015msec); 0 zone resets
    clat (usec): min=5, max=241, avg= 7.23, stdev= 1.19
     lat (usec): min=5, max=241, avg= 7.32, stdev= 1.19
    clat percentiles (nsec):
     |  1.00th=[ 6304],  5.00th=[ 6560], 10.00th=[ 6688], 20.00th=[ 6816],
     | 30.00th=[ 6944], 40.00th=[ 7072], 50.00th=[ 7136], 60.00th=[ 7264],
     | 70.00th=[ 7392], 80.00th=[ 7584], 90.00th=[ 7776], 95.00th=[ 7904],
     | 99.00th=[ 8768], 99.50th=[ 9536], 99.90th=[18816], 99.95th=[21888],
     | 99.99th=[30848]
   bw (  KiB/s): min=512576, max=522200, per=100.00%, avg=517388.00, stdev=6805.20, samples=2
   iops        : min=128144, max=130550, avg=129347.00, stdev=1701.30, samples=2
  lat (usec)   : 10=99.63%, 20=0.30%, 50=0.07%, 100=0.01%, 250=0.01%
  cpu          : usr=6.21%, sys=93.59%, ctx=8, majf=0, minf=6
  IO depths    : 1=100.0%, 2=0.0%, 4=0.0%, 8=0.0%, 16=0.0%, 32=0.0%, >=64=0.0%
     submit    : 0=0.0%, 4=100.0%, 8=0.0%, 16=0.0%, 32=0.0%, 64=0.0%, >=64=0.0%
     complete  : 0=0.0%, 4=100.0%, 8=0.0%, 16=0.0%, 32=0.0%, 64=0.0%, >=64=0.0%
     issued rwts: total=0,131072,0,0 short=0,0,0,0 dropped=0,0,0,0
     latency   : target=0, window=0, percentile=100.00%, depth=1

Run status group 0 (all jobs):
  WRITE: bw=504MiB/s (529MB/s), 504MiB/s-504MiB/s (529MB/s-529MB/s), io=512MiB (537MB), run=1015-1015msec

Disk stats (read/write):
  nvme0n1: ios=0/16273, merge=0/289, ticks=0/11215, in_queue=11279, util=85.23%
