buffered-read: (g=0): rw=read, bs=(R) 128KiB-128KiB, (W) 128KiB-128KiB, (T) 128KiB-128KiB, ioengine=psync, iodepth=1
fio-3.33
Starting 1 process

buffered-read: (groupid=0, jobs=1): err= 0: pid=3476: Fri Aug 15 07:07:36 2025
  read: IOPS=3175, BW=397MiB/s (416MB/s)(512MiB/1290msec)
    clat (usec): min=36, max=668, avg=313.91, stdev=65.53
     lat (usec): min=36, max=668, avg=314.01, stdev=65.53
    clat percentiles (usec):
     |  1.00th=[   78],  5.00th=[  221], 10.00th=[  314], 20.00th=[  314],
     | 30.00th=[  314], 40.00th=[  314], 50.00th=[  314], 60.00th=[  314],
     | 70.00th=[  314], 80.00th=[  314], 90.00th=[  314], 95.00th=[  433],
     | 99.00th=[  553], 99.50th=[  553], 99.90th=[  562], 99.95th=[  594],
     | 99.99th=[  668]
   bw (  KiB/s): min=406528, max=407040, per=100.00%, avg=406784.00, stdev=362.04, samples=2
   iops        : min= 3176, max= 3180, avg=3178.00, stdev= 2.83, samples=2
  lat (usec)   : 50=0.05%, 100=2.76%, 250=2.49%, 500=91.65%, 750=3.05%
  cpu          : usr=0.85%, sys=6.83%, ctx=4104, majf=0, minf=13
  IO depths    : 1=100.0%, 2=0.0%, 4=0.0%, 8=0.0%, 16=0.0%, 32=0.0%, >=64=0.0%
     submit    : 0=0.0%, 4=100.0%, 8=0.0%, 16=0.0%, 32=0.0%, 64=0.0%, >=64=0.0%
     complete  : 0=0.0%, 4=100.0%, 8=0.0%, 16=0.0%, 32=0.0%, 64=0.0%, >=64=0.0%
     issued rwts: total=4096,0,0,0 short=0,0,0,0 dropped=0,0,0,0
     latency   : target=0, window=0, percentile=100.00%, depth=1

Run status group 0 (all jobs):
   READ: bw=397MiB/s (416MB/s), 397MiB/s-397MiB/s (416MB/s-416MB/s), io=512MiB (537MB), run=1290-1290msec

Disk stats (read/write):
  nvme0n1: ios=3657/0, merge=0/0, ticks=2215/0, in_queue=2214, util=84.62%
