buffered-write: (g=0): rw=write, bs=(R) 10.0MiB-10.0MiB, (W) 10.0MiB-10.0MiB, (T) 10.0MiB-10.0MiB, ioengine=psync, iodepth=1
fio-3.33
Starting 1 process

buffered-write: (groupid=0, jobs=1): err= 0: pid=9645: Thu Aug 14 19:56:20 2025
  write: IOPS=272, BW=2723MiB/s (2855MB/s)(520MiB/191msec); 0 zone resets
    clat (usec): min=1946, max=11744, avg=2640.64, stdev=1315.45
     lat (usec): min=2639, max=12932, avg=3657.23, stdev=1378.84
    clat percentiles (usec):
     |  1.00th=[ 1942],  5.00th=[ 2147], 10.00th=[ 2180], 20.00th=[ 2212],
     | 30.00th=[ 2245], 40.00th=[ 2376], 50.00th=[ 2409], 60.00th=[ 2474],
     | 70.00th=[ 2606], 80.00th=[ 2704], 90.00th=[ 2900], 95.00th=[ 3064],
     | 99.00th=[11731], 99.50th=[11731], 99.90th=[11731], 99.95th=[11731],
     | 99.99th=[11731]
  lat (msec)   : 2=1.92%, 4=96.15%, 20=1.92%
  cpu          : usr=33.68%, sys=60.53%, ctx=127, majf=0, minf=6
  IO depths    : 1=100.0%, 2=0.0%, 4=0.0%, 8=0.0%, 16=0.0%, 32=0.0%, >=64=0.0%
     submit    : 0=0.0%, 4=100.0%, 8=0.0%, 16=0.0%, 32=0.0%, 64=0.0%, >=64=0.0%
     complete  : 0=0.0%, 4=100.0%, 8=0.0%, 16=0.0%, 32=0.0%, 64=0.0%, >=64=0.0%
     issued rwts: total=0,52,0,0 short=0,0,0,0 dropped=0,0,0,0
     latency   : target=0, window=0, percentile=100.00%, depth=1

Run status group 0 (all jobs):
  WRITE: bw=2723MiB/s (2855MB/s), 2723MiB/s-2723MiB/s (2855MB/s-2855MB/s), io=520MiB (545MB), run=191-191msec

Disk stats (read/write):
  nvme0n1: ios=0/3826, merge=0/73, ticks=0/2126, in_queue=2146, util=88.35%
