buffered-write: (g=0): rw=write, bs=(R) 1024KiB-1024KiB, (W) 1024KiB-1024KiB, (T) 1024KiB-1024KiB, ioengine=psync, iodepth=1
fio-3.33
Starting 1 process

buffered-write: (groupid=0, jobs=1): err= 0: pid=8896: Thu Aug 14 19:56:19 2025
  write: IOPS=5505, BW=5505MiB/s (5773MB/s)(512MiB/93msec); 0 zone resets
    clat (usec): min=121, max=977, avg=158.19, stdev=77.05
     lat (usec): min=133, max=988, avg=171.89, stdev=78.62
    clat percentiles (usec):
     |  1.00th=[  126],  5.00th=[  129], 10.00th=[  130], 20.00th=[  133],
     | 30.00th=[  137], 40.00th=[  139], 50.00th=[  143], 60.00th=[  149],
     | 70.00th=[  155], 80.00th=[  163], 90.00th=[  182], 95.00th=[  204],
     | 99.00th=[  701], 99.50th=[  725], 99.90th=[  979], 99.95th=[  979],
     | 99.99th=[  979]
  lat (usec)   : 250=98.05%, 500=0.39%, 750=1.37%, 1000=0.20%
  cpu          : usr=7.61%, sys=83.70%, ctx=42, majf=0, minf=6
  IO depths    : 1=100.0%, 2=0.0%, 4=0.0%, 8=0.0%, 16=0.0%, 32=0.0%, >=64=0.0%
     submit    : 0=0.0%, 4=100.0%, 8=0.0%, 16=0.0%, 32=0.0%, 64=0.0%, >=64=0.0%
     complete  : 0=0.0%, 4=100.0%, 8=0.0%, 16=0.0%, 32=0.0%, 64=0.0%, >=64=0.0%
     issued rwts: total=0,512,0,0 short=0,0,0,0 dropped=0,0,0,0
     latency   : target=0, window=0, percentile=100.00%, depth=1

Run status group 0 (all jobs):
  WRITE: bw=5505MiB/s (5773MB/s), 5505MiB/s-5505MiB/s (5773MB/s-5773MB/s), io=512MiB (537MB), run=93-93msec

Disk stats (read/write):
  nvme0n1: ios=0/0, merge=0/0, ticks=0/0, in_queue=0, util=0.00%
