buffered-write: (g=0): rw=write, bs=(R) 1024MiB-1024MiB, (W) 1024MiB-1024MiB, (T) 1024MiB-1024MiB, ioengine=psync, iodepth=1
fio-3.33
Starting 1 process

buffered-write: (groupid=0, jobs=1): err= 0: pid=58528: Thu Aug 14 19:59:06 2025
  write: IOPS=2, BW=3039MiB/s (3186MB/s)(1024MiB/337msec); 0 zone resets
    clat (nsec): min=235043k, max=235043k, avg=235043481.00, stdev= 0.00
     lat (nsec): min=333454k, max=333454k, avg=333454061.00, stdev= 0.00
    clat percentiles (msec):
     |  1.00th=[  236],  5.00th=[  236], 10.00th=[  236], 20.00th=[  236],
     | 30.00th=[  236], 40.00th=[  236], 50.00th=[  236], 60.00th=[  236],
     | 70.00th=[  236], 80.00th=[  236], 90.00th=[  236], 95.00th=[  236],
     | 99.00th=[  236], 99.50th=[  236], 99.90th=[  236], 99.95th=[  236],
     | 99.99th=[  236]
  lat (msec)   : 250=100.00%
  cpu          : usr=29.17%, sys=69.64%, ctx=4, majf=0, minf=6
  IO depths    : 1=100.0%, 2=0.0%, 4=0.0%, 8=0.0%, 16=0.0%, 32=0.0%, >=64=0.0%
     submit    : 0=0.0%, 4=100.0%, 8=0.0%, 16=0.0%, 32=0.0%, 64=0.0%, >=64=0.0%
     complete  : 0=0.0%, 4=100.0%, 8=0.0%, 16=0.0%, 32=0.0%, 64=0.0%, >=64=0.0%
     issued rwts: total=0,1,0,0 short=0,0,0,0 dropped=0,0,0,0
     latency   : target=0, window=0, percentile=100.00%, depth=1

Run status group 0 (all jobs):
  WRITE: bw=3039MiB/s (3186MB/s), 3039MiB/s-3039MiB/s (3186MB/s-3186MB/s), io=1024MiB (1074MB), run=337-337msec

Disk stats (read/write):
  nvme0n1: ios=3/10738, merge=0/193, ticks=1/5081, in_queue=5155, util=33.01%
