buffered-read: (g=0): rw=read, bs=(R) 128KiB-128KiB, (W) 128KiB-128KiB, (T) 128KiB-128KiB, ioengine=psync, iodepth=1
fio-3.33
Starting 1 process

buffered-read: (groupid=0, jobs=1): err= 0: pid=4108: Thu Aug 14 19:51:04 2025
  read: IOPS=3222, BW=403MiB/s (422MB/s)(512MiB/1271msec)
    clat (usec): min=10, max=1225, avg=309.46, stdev=344.84
     lat (usec): min=10, max=1225, avg=309.54, stdev=344.82
    clat percentiles (usec):
     |  1.00th=[   11],  5.00th=[   11], 10.00th=[   11], 20.00th=[   11],
     | 30.00th=[   12], 40.00th=[   12], 50.00th=[   19], 60.00th=[  388],
     | 70.00th=[  586], 80.00th=[  685], 90.00th=[  816], 95.00th=[  922],
     | 99.00th=[ 1029], 99.50th=[ 1074], 99.90th=[ 1123], 99.95th=[ 1205],
     | 99.99th=[ 1221]
   bw (  KiB/s): min=407552, max=421632, per=100.00%, avg=414592.00, stdev=9956.06, samples=2
   iops        : min= 3184, max= 3294, avg=3239.00, stdev=77.78, samples=2
  lat (usec)   : 20=50.29%, 50=0.44%, 100=0.51%, 250=3.96%, 500=9.20%
  lat (usec)   : 750=21.70%, 1000=12.30%
  lat (msec)   : 2=1.59%
  cpu          : usr=0.00%, sys=6.69%, ctx=2031, majf=0, minf=13
  IO depths    : 1=100.0%, 2=0.0%, 4=0.0%, 8=0.0%, 16=0.0%, 32=0.0%, >=64=0.0%
     submit    : 0=0.0%, 4=100.0%, 8=0.0%, 16=0.0%, 32=0.0%, 64=0.0%, >=64=0.0%
     complete  : 0=0.0%, 4=100.0%, 8=0.0%, 16=0.0%, 32=0.0%, 64=0.0%, >=64=0.0%
     issued rwts: total=4096,0,0,0 short=0,0,0,0 dropped=0,0,0,0
     latency   : target=0, window=0, percentile=100.00%, depth=1

Run status group 0 (all jobs):
   READ: bw=403MiB/s (422MB/s), 403MiB/s-403MiB/s (422MB/s-422MB/s), io=512MiB (537MB), run=1271-1271msec

Disk stats (read/write):
  nvme0n1: ios=3668/0, merge=89/0, ticks=3894/0, in_queue=3894, util=85.26%
