buffered-read: (g=0): rw=read, bs=(R) 1024KiB-1024KiB, (W) 1024KiB-1024KiB, (T) 1024KiB-1024KiB, ioengine=psync, iodepth=1
fio-3.33
Starting 1 process

buffered-read: (groupid=0, jobs=1): err= 0: pid=2997: Thu Aug 14 19:49:16 2025
  read: IOPS=401, BW=402MiB/s (421MB/s)(512MiB/1274msec)
    clat (usec): min=237, max=3220, avg=2485.56, stdev=266.62
     lat (usec): min=237, max=3221, avg=2485.68, stdev=266.61
    clat percentiles (usec):
     |  1.00th=[  375],  5.00th=[ 2507], 10.00th=[ 2507], 20.00th=[ 2507],
     | 30.00th=[ 2507], 40.00th=[ 2507], 50.00th=[ 2507], 60.00th=[ 2507],
     | 70.00th=[ 2507], 80.00th=[ 2507], 90.00th=[ 2507], 95.00th=[ 2540],
     | 99.00th=[ 2737], 99.50th=[ 2868], 99.90th=[ 3228], 99.95th=[ 3228],
     | 99.99th=[ 3228]
   bw (  KiB/s): min=407552, max=417792, per=100.00%, avg=412672.00, stdev=7240.77, samples=2
   iops        : min=  398, max=  408, avg=403.00, stdev= 7.07, samples=2
  lat (usec)   : 250=0.39%, 500=0.78%, 750=0.20%
  lat (msec)   : 2=0.20%, 4=98.44%
  cpu          : usr=0.00%, sys=9.27%, ctx=2028, majf=0, minf=70
  IO depths    : 1=100.0%, 2=0.0%, 4=0.0%, 8=0.0%, 16=0.0%, 32=0.0%, >=64=0.0%
     submit    : 0=0.0%, 4=100.0%, 8=0.0%, 16=0.0%, 32=0.0%, 64=0.0%, >=64=0.0%
     complete  : 0=0.0%, 4=100.0%, 8=0.0%, 16=0.0%, 32=0.0%, 64=0.0%, >=64=0.0%
     issued rwts: total=512,0,0,0 short=0,0,0,0 dropped=0,0,0,0
     latency   : target=0, window=0, percentile=100.00%, depth=1

Run status group 0 (all jobs):
   READ: bw=402MiB/s (421MB/s), 402MiB/s-402MiB/s (421MB/s-421MB/s), io=512MiB (537MB), run=1274-1274msec

Disk stats (read/write):
  nvme0n1: ios=3659/0, merge=89/0, ticks=3826/0, in_queue=3826, util=83.97%
