buffered-write: (g=0): rw=write, bs=(R) 10.0MiB-10.0MiB, (W) 10.0MiB-10.0MiB, (T) 10.0MiB-10.0MiB, ioengine=psync, iodepth=1
fio-3.33
Starting 1 process

buffered-write: (groupid=0, jobs=1): err= 0: pid=10544: Thu Aug 14 19:56:21 2025
  write: IOPS=285, BW=2857MiB/s (2996MB/s)(520MiB/182msec); 0 zone resets
    clat (usec): min=1965, max=11773, avg=2565.07, stdev=1324.18
     lat (usec): min=2582, max=12584, avg=3483.53, stdev=1321.66
    clat percentiles (usec):
     |  1.00th=[ 1958],  5.00th=[ 2089], 10.00th=[ 2180], 20.00th=[ 2212],
     | 30.00th=[ 2212], 40.00th=[ 2245], 50.00th=[ 2278], 60.00th=[ 2376],
     | 70.00th=[ 2474], 80.00th=[ 2638], 90.00th=[ 2835], 95.00th=[ 2900],
     | 99.00th=[11731], 99.50th=[11731], 99.90th=[11731], 99.95th=[11731],
     | 99.99th=[11731]
  lat (msec)   : 2=1.92%, 4=96.15%, 20=1.92%
  cpu          : usr=18.78%, sys=72.38%, ctx=94, majf=0, minf=6
  IO depths    : 1=100.0%, 2=0.0%, 4=0.0%, 8=0.0%, 16=0.0%, 32=0.0%, >=64=0.0%
     submit    : 0=0.0%, 4=100.0%, 8=0.0%, 16=0.0%, 32=0.0%, 64=0.0%, >=64=0.0%
     complete  : 0=0.0%, 4=100.0%, 8=0.0%, 16=0.0%, 32=0.0%, 64=0.0%, >=64=0.0%
     issued rwts: total=0,52,0,0 short=0,0,0,0 dropped=0,0,0,0
     latency   : target=0, window=0, percentile=100.00%, depth=1

Run status group 0 (all jobs):
  WRITE: bw=2857MiB/s (2996MB/s), 2857MiB/s-2857MiB/s (2996MB/s-2996MB/s), io=520MiB (545MB), run=182-182msec

Disk stats (read/write):
  nvme0n1: ios=0/3780, merge=0/66, ticks=0/2061, in_queue=2082, util=72.29%
