buffered-write: (g=0): rw=write, bs=(R) 100MiB-100MiB, (W) 100MiB-100MiB, (T) 100MiB-100MiB, ioengine=psync, iodepth=1
fio-3.33
Starting 1 process

buffered-write: (groupid=0, jobs=1): err= 0: pid=15315: Thu Aug 14 19:56:27 2025
  write: IOPS=25, BW=2510MiB/s (2632MB/s)(600MiB/239msec); 0 zone resets
    clat (usec): min=21367, max=36078, avg=27717.81, stdev=4732.56
     lat (usec): min=32063, max=50961, avg=39150.75, stdev=6261.54
    clat percentiles (usec):
     |  1.00th=[21365],  5.00th=[21365], 10.00th=[21365], 20.00th=[26608],
     | 30.00th=[26608], 40.00th=[27132], 50.00th=[27132], 60.00th=[27395],
     | 70.00th=[27919], 80.00th=[27919], 90.00th=[35914], 95.00th=[35914],
     | 99.00th=[35914], 99.50th=[35914], 99.90th=[35914], 99.95th=[35914],
     | 99.99th=[35914]
  lat (msec)   : 50=100.00%
  cpu          : usr=29.83%, sys=67.65%, ctx=5, majf=0, minf=6
  IO depths    : 1=100.0%, 2=0.0%, 4=0.0%, 8=0.0%, 16=0.0%, 32=0.0%, >=64=0.0%
     submit    : 0=0.0%, 4=100.0%, 8=0.0%, 16=0.0%, 32=0.0%, 64=0.0%, >=64=0.0%
     complete  : 0=0.0%, 4=100.0%, 8=0.0%, 16=0.0%, 32=0.0%, 64=0.0%, >=64=0.0%
     issued rwts: total=0,6,0,0 short=0,0,0,0 dropped=0,0,0,0
     latency   : target=0, window=0, percentile=100.00%, depth=1

Run status group 0 (all jobs):
  WRITE: bw=2510MiB/s (2632MB/s), 2510MiB/s-2510MiB/s (2632MB/s-2632MB/s), io=600MiB (629MB), run=239-239msec

Disk stats (read/write):
  nvme0n1: ios=0/4214, merge=0/61, ticks=0/1978, in_queue=2002, util=62.65%
