buffered-write: (g=0): rw=write, bs=(R) 4096B-4096B, (W) 4096B-4096B, (T) 4096B-4096B, ioengine=psync, iodepth=1
fio-3.33
Starting 1 process

buffered-write: (groupid=0, jobs=1): err= 0: pid=22146: Fri Aug 15 07:38:33 2025
  write: IOPS=128k, BW=501MiB/s (526MB/s)(512MiB/1021msec); 0 zone resets
    clat (usec): min=5, max=261, avg= 7.29, stdev= 1.49
     lat (usec): min=5, max=261, avg= 7.37, stdev= 1.49
    clat percentiles (nsec):
     |  1.00th=[ 6304],  5.00th=[ 6496], 10.00th=[ 6688], 20.00th=[ 6880],
     | 30.00th=[ 7008], 40.00th=[ 7072], 50.00th=[ 7200], 60.00th=[ 7328],
     | 70.00th=[ 7456], 80.00th=[ 7584], 90.00th=[ 7776], 95.00th=[ 7968],
     | 99.00th=[ 8896], 99.50th=[ 9792], 99.90th=[22144], 99.95th=[31360],
     | 99.99th=[49920]
   bw (  KiB/s): min=511152, max=516984, per=100.00%, avg=514068.00, stdev=4123.85, samples=2
   iops        : min=127788, max=129246, avg=128517.00, stdev=1030.96, samples=2
  lat (usec)   : 10=99.54%, 20=0.31%, 50=0.14%, 100=0.01%, 250=0.01%
  lat (usec)   : 500=0.01%
  cpu          : usr=9.71%, sys=89.71%, ctx=178, majf=0, minf=6
  IO depths    : 1=100.0%, 2=0.0%, 4=0.0%, 8=0.0%, 16=0.0%, 32=0.0%, >=64=0.0%
     submit    : 0=0.0%, 4=100.0%, 8=0.0%, 16=0.0%, 32=0.0%, 64=0.0%, >=64=0.0%
     complete  : 0=0.0%, 4=100.0%, 8=0.0%, 16=0.0%, 32=0.0%, 64=0.0%, >=64=0.0%
     issued rwts: total=0,131072,0,0 short=0,0,0,0 dropped=0,0,0,0
     latency   : target=0, window=0, percentile=100.00%, depth=1

Run status group 0 (all jobs):
  WRITE: bw=501MiB/s (526MB/s), 501MiB/s-501MiB/s (526MB/s-526MB/s), io=512MiB (537MB), run=1021-1021msec

Disk stats (read/write):
  nvme0n1: ios=0/16242, merge=0/295, ticks=0/9964, in_queue=10038, util=87.78%
