buffered-write: (g=0): rw=write, bs=(R) 1024KiB-1024KiB, (W) 1024KiB-1024KiB, (T) 1024KiB-1024KiB, ioengine=psync, iodepth=1
fio-3.33
Starting 1 process

buffered-write: (groupid=0, jobs=1): err= 0: pid=44340: Thu Aug 14 19:58:44 2025
  write: IOPS=5818, BW=5818MiB/s (6101MB/s)(512MiB/88msec); 0 zone resets
    clat (usec): min=108, max=355, avg=155.65, stdev=25.79
     lat (usec): min=119, max=372, avg=169.71, stdev=27.33
    clat percentiles (usec):
     |  1.00th=[  115],  5.00th=[  121], 10.00th=[  126], 20.00th=[  135],
     | 30.00th=[  141], 40.00th=[  147], 50.00th=[  155], 60.00th=[  159],
     | 70.00th=[  165], 80.00th=[  174], 90.00th=[  188], 95.00th=[  202],
     | 99.00th=[  223], 99.50th=[  260], 99.90th=[  355], 99.95th=[  355],
     | 99.99th=[  355]
  lat (usec)   : 250=99.41%, 500=0.59%
  cpu          : usr=16.09%, sys=74.71%, ctx=84, majf=0, minf=6
  IO depths    : 1=100.0%, 2=0.0%, 4=0.0%, 8=0.0%, 16=0.0%, 32=0.0%, >=64=0.0%
     submit    : 0=0.0%, 4=100.0%, 8=0.0%, 16=0.0%, 32=0.0%, 64=0.0%, >=64=0.0%
     complete  : 0=0.0%, 4=100.0%, 8=0.0%, 16=0.0%, 32=0.0%, 64=0.0%, >=64=0.0%
     issued rwts: total=0,512,0,0 short=0,0,0,0 dropped=0,0,0,0
     latency   : target=0, window=0, percentile=100.00%, depth=1

Run status group 0 (all jobs):
  WRITE: bw=5818MiB/s (6101MB/s), 5818MiB/s-5818MiB/s (6101MB/s-6101MB/s), io=512MiB (537MB), run=88-88msec

Disk stats (read/write):
  nvme0n1: ios=0/0, merge=0/0, ticks=0/0, in_queue=0, util=0.00%
