buffered-write: (g=0): rw=write, bs=(R) 1024KiB-1024KiB, (W) 1024KiB-1024KiB, (T) 1024KiB-1024KiB, ioengine=psync, iodepth=1
fio-3.33
Starting 1 process

buffered-write: (groupid=0, jobs=1): err= 0: pid=42432: Thu Aug 14 19:58:42 2025
  write: IOPS=5505, BW=5505MiB/s (5773MB/s)(512MiB/93msec); 0 zone resets
    clat (usec): min=115, max=259, avg=159.33, stdev=24.13
     lat (usec): min=127, max=288, avg=173.14, stdev=24.64
    clat percentiles (usec):
     |  1.00th=[  124],  5.00th=[  131], 10.00th=[  133], 20.00th=[  139],
     | 30.00th=[  145], 40.00th=[  153], 50.00th=[  157], 60.00th=[  161],
     | 70.00th=[  165], 80.00th=[  174], 90.00th=[  192], 95.00th=[  212],
     | 99.00th=[  233], 99.50th=[  239], 99.90th=[  260], 99.95th=[  260],
     | 99.99th=[  260]
  lat (usec)   : 250=99.80%, 500=0.20%
  cpu          : usr=11.96%, sys=83.70%, ctx=2, majf=0, minf=6
  IO depths    : 1=100.0%, 2=0.0%, 4=0.0%, 8=0.0%, 16=0.0%, 32=0.0%, >=64=0.0%
     submit    : 0=0.0%, 4=100.0%, 8=0.0%, 16=0.0%, 32=0.0%, 64=0.0%, >=64=0.0%
     complete  : 0=0.0%, 4=100.0%, 8=0.0%, 16=0.0%, 32=0.0%, 64=0.0%, >=64=0.0%
     issued rwts: total=0,512,0,0 short=0,0,0,0 dropped=0,0,0,0
     latency   : target=0, window=0, percentile=100.00%, depth=1

Run status group 0 (all jobs):
  WRITE: bw=5505MiB/s (5773MB/s), 5505MiB/s-5505MiB/s (5773MB/s-5773MB/s), io=512MiB (537MB), run=93-93msec

Disk stats (read/write):
  nvme0n1: ios=0/0, merge=0/0, ticks=0/0, in_queue=0, util=0.00%
