buffered-read: (g=0): rw=read, bs=(R) 4096B-4096B, (W) 4096B-4096B, (T) 4096B-4096B, ioengine=psync, iodepth=1
fio-3.33
Starting 1 process

buffered-read: (groupid=0, jobs=1): err= 0: pid=3356: Fri Aug 15 07:07:26 2025
  read: IOPS=100k, BW=391MiB/s (410MB/s)(512MiB/1309msec)
    clat (nsec): min=629, max=956202, avg=9654.33, stdev=60555.09
     lat (nsec): min=685, max=956257, avg=9705.51, stdev=60554.95
    clat percentiles (nsec):
     |  1.00th=[   652],  5.00th=[   668], 10.00th=[   668], 20.00th=[   668],
     | 30.00th=[   684], 40.00th=[   708], 50.00th=[   836], 60.00th=[   852],
     | 70.00th=[   852], 80.00th=[   892], 90.00th=[   980], 95.00th=[  1144],
     | 99.00th=[444416], 99.50th=[514048], 99.90th=[536576], 99.95th=[536576],
     | 99.99th=[544768]
   bw (  KiB/s): min=400064, max=401152, per=100.00%, avg=400608.00, stdev=769.33, samples=2
   iops        : min=100016, max=100288, avg=100152.00, stdev=192.33, samples=2
  lat (nsec)   : 750=45.77%, 1000=44.25%
  lat (usec)   : 2=6.83%, 4=0.01%, 10=0.02%, 20=0.01%, 50=0.66%
  lat (usec)   : 100=0.22%, 250=0.66%, 500=0.81%, 750=0.78%, 1000=0.01%
  cpu          : usr=5.58%, sys=11.15%, ctx=4108, majf=0, minf=6
  IO depths    : 1=100.0%, 2=0.0%, 4=0.0%, 8=0.0%, 16=0.0%, 32=0.0%, >=64=0.0%
     submit    : 0=0.0%, 4=100.0%, 8=0.0%, 16=0.0%, 32=0.0%, 64=0.0%, >=64=0.0%
     complete  : 0=0.0%, 4=100.0%, 8=0.0%, 16=0.0%, 32=0.0%, 64=0.0%, >=64=0.0%
     issued rwts: total=131072,0,0,0 short=0,0,0,0 dropped=0,0,0,0
     latency   : target=0, window=0, percentile=100.00%, depth=1

Run status group 0 (all jobs):
   READ: bw=391MiB/s (410MB/s), 391MiB/s-391MiB/s (410MB/s-410MB/s), io=512MiB (537MB), run=1309-1309msec

Disk stats (read/write):
  nvme0n1: ios=3617/0, merge=89/0, ticks=2126/0, in_queue=2127, util=77.24%
