buffered-read: (g=0): rw=read, bs=(R) 4096B-4096B, (W) 4096B-4096B, (T) 4096B-4096B, ioengine=psync, iodepth=1
fio-3.33
Starting 1 process

buffered-read: (groupid=0, jobs=1): err= 0: pid=5045: Thu Aug 14 19:52:47 2025
  read: IOPS=449k, BW=1753MiB/s (1839MB/s)(512MiB/292msec)
    clat (nsec): min=629, max=402100, avg=1895.13, stdev=7781.19
     lat (nsec): min=666, max=402156, avg=1945.54, stdev=7781.17
    clat percentiles (nsec):
     |  1.00th=[   652],  5.00th=[   652], 10.00th=[   652], 20.00th=[   668],
     | 30.00th=[   684], 40.00th=[   724], 50.00th=[   796], 60.00th=[   892],
     | 70.00th=[  1020], 80.00th=[  1224], 90.00th=[  1560], 95.00th=[  1896],
     | 99.00th=[ 55552], 99.50th=[ 64256], 99.90th=[ 76288], 99.95th=[ 80384],
     | 99.99th=[107008]
  lat (nsec)   : 750=44.62%, 1000=23.04%
  lat (usec)   : 2=28.07%, 4=2.67%, 10=0.01%, 20=0.02%, 50=0.25%
  lat (usec)   : 100=1.32%, 250=0.01%, 500=0.01%
  cpu          : usr=17.53%, sys=81.44%, ctx=22, majf=0, minf=6
  IO depths    : 1=100.0%, 2=0.0%, 4=0.0%, 8=0.0%, 16=0.0%, 32=0.0%, >=64=0.0%
     submit    : 0=0.0%, 4=100.0%, 8=0.0%, 16=0.0%, 32=0.0%, 64=0.0%, >=64=0.0%
     complete  : 0=0.0%, 4=100.0%, 8=0.0%, 16=0.0%, 32=0.0%, 64=0.0%, >=64=0.0%
     issued rwts: total=131072,0,0,0 short=0,0,0,0 dropped=0,0,0,0
     latency   : target=0, window=0, percentile=100.00%, depth=1

Run status group 0 (all jobs):
   READ: bw=1753MiB/s (1839MB/s), 1753MiB/s-1753MiB/s (1839MB/s-1839MB/s), io=512MiB (537MB), run=292-292msec

Disk stats (read/write):
  nvme0n1: ios=7/0, merge=0/0, ticks=1/0, in_queue=1, util=0.00%
