buffered-read: (g=0): rw=read, bs=(R) 4096B-4096B, (W) 4096B-4096B, (T) 4096B-4096B, ioengine=psync, iodepth=1
fio-3.33
Starting 1 process

buffered-read: (groupid=0, jobs=1): err= 0: pid=3316: Fri Aug 15 07:07:22 2025
  read: IOPS=101k, BW=393MiB/s (412MB/s)(512MiB/1302msec)
    clat (nsec): min=629, max=647591, avg=9563.29, stdev=55839.68
     lat (nsec): min=685, max=647647, avg=9618.71, stdev=55839.49
    clat percentiles (nsec):
     |  1.00th=[   652],  5.00th=[   668], 10.00th=[   668], 20.00th=[   684],
     | 30.00th=[   700], 40.00th=[   836], 50.00th=[   852], 60.00th=[   868],
     | 70.00th=[   908], 80.00th=[   980], 90.00th=[  1144], 95.00th=[  1240],
     | 99.00th=[280576], 99.50th=[485376], 99.90th=[536576], 99.95th=[536576],
     | 99.99th=[536576]
   bw (  KiB/s): min=400576, max=403576, per=99.85%, avg=402076.00, stdev=2121.32, samples=2
   iops        : min=100144, max=100894, avg=100519.00, stdev=530.33, samples=2
  lat (nsec)   : 750=35.82%, 1000=45.45%
  lat (usec)   : 2=15.57%, 4=0.01%, 10=0.02%, 20=0.01%, 50=0.43%
  lat (usec)   : 100=0.10%, 250=0.42%, 500=1.70%, 750=0.47%
  cpu          : usr=5.53%, sys=12.38%, ctx=4107, majf=0, minf=6
  IO depths    : 1=100.0%, 2=0.0%, 4=0.0%, 8=0.0%, 16=0.0%, 32=0.0%, >=64=0.0%
     submit    : 0=0.0%, 4=100.0%, 8=0.0%, 16=0.0%, 32=0.0%, 64=0.0%, >=64=0.0%
     complete  : 0=0.0%, 4=100.0%, 8=0.0%, 16=0.0%, 32=0.0%, 64=0.0%, >=64=0.0%
     issued rwts: total=131072,0,0,0 short=0,0,0,0 dropped=0,0,0,0
     latency   : target=0, window=0, percentile=100.00%, depth=1

Run status group 0 (all jobs):
   READ: bw=393MiB/s (412MB/s), 393MiB/s-393MiB/s (412MB/s-412MB/s), io=512MiB (537MB), run=1302-1302msec

Disk stats (read/write):
  nvme0n1: ios=3620/0, merge=0/0, ticks=2106/0, in_queue=2106, util=75.32%
