buffered-write: (g=0): rw=write, bs=(R) 4096B-4096B, (W) 4096B-4096B, (T) 4096B-4096B, ioengine=psync, iodepth=1
fio-3.33
Starting 1 process

buffered-write: (groupid=0, jobs=1): err= 0: pid=34284: Fri Aug 15 07:38:41 2025
  write: IOPS=127k, BW=496MiB/s (520MB/s)(512MiB/1033msec); 0 zone resets
    clat (usec): min=5, max=399, avg= 7.36, stdev= 4.55
     lat (usec): min=5, max=399, avg= 7.45, stdev= 4.56
    clat percentiles (usec):
     |  1.00th=[    7],  5.00th=[    7], 10.00th=[    7], 20.00th=[    7],
     | 30.00th=[    7], 40.00th=[    8], 50.00th=[    8], 60.00th=[    8],
     | 70.00th=[    8], 80.00th=[    8], 90.00th=[    8], 95.00th=[    8],
     | 99.00th=[    9], 99.50th=[   11], 99.90th=[   35], 99.95th=[  123],
     | 99.99th=[  208]
   bw (  KiB/s): min=507440, max=509024, per=100.00%, avg=508232.00, stdev=1120.06, samples=2
   iops        : min=126860, max=127256, avg=127058.00, stdev=280.01, samples=2
  lat (usec)   : 10=99.50%, 20=0.31%, 50=0.12%, 100=0.02%, 250=0.05%
  lat (usec)   : 500=0.01%
  cpu          : usr=9.21%, sys=88.95%, ctx=240, majf=0, minf=6
  IO depths    : 1=100.0%, 2=0.0%, 4=0.0%, 8=0.0%, 16=0.0%, 32=0.0%, >=64=0.0%
     submit    : 0=0.0%, 4=100.0%, 8=0.0%, 16=0.0%, 32=0.0%, 64=0.0%, >=64=0.0%
     complete  : 0=0.0%, 4=100.0%, 8=0.0%, 16=0.0%, 32=0.0%, 64=0.0%, >=64=0.0%
     issued rwts: total=0,131072,0,0 short=0,0,0,0 dropped=0,0,0,0
     latency   : target=0, window=0, percentile=100.00%, depth=1

Run status group 0 (all jobs):
  WRITE: bw=496MiB/s (520MB/s), 496MiB/s-496MiB/s (520MB/s-520MB/s), io=512MiB (537MB), run=1033-1033msec

Disk stats (read/write):
  nvme0n1: ios=0/18537, merge=0/280, ticks=0/14376, in_queue=14440, util=88.58%
