buffered-read: (g=0): rw=read, bs=(R) 1024KiB-1024KiB, (W) 1024KiB-1024KiB, (T) 1024KiB-1024KiB, ioengine=psync, iodepth=1
fio-3.33
Starting 1 process

buffered-read: (groupid=0, jobs=1): err= 0: pid=2445: Fri Aug 15 07:06:20 2025
  read: IOPS=396, BW=397MiB/s (416MB/s)(512MiB/1291msec)
    clat (usec): min=2280, max=3319, avg=2518.90, stdev=81.26
     lat (usec): min=2280, max=3320, avg=2519.02, stdev=81.27
    clat percentiles (usec):
     |  1.00th=[ 2278],  5.00th=[ 2409], 10.00th=[ 2507], 20.00th=[ 2507],
     | 30.00th=[ 2507], 40.00th=[ 2507], 50.00th=[ 2507], 60.00th=[ 2507],
     | 70.00th=[ 2507], 80.00th=[ 2507], 90.00th=[ 2540], 95.00th=[ 2671],
     | 99.00th=[ 2737], 99.50th=[ 2933], 99.90th=[ 3326], 99.95th=[ 3326],
     | 99.99th=[ 3326]
   bw (  KiB/s): min=405504, max=405504, per=99.85%, avg=405504.00, stdev= 0.00, samples=2
   iops        : min=  396, max=  396, avg=396.00, stdev= 0.00, samples=2
  lat (msec)   : 4=100.00%
  cpu          : usr=0.00%, sys=7.67%, ctx=4103, majf=0, minf=70
  IO depths    : 1=100.0%, 2=0.0%, 4=0.0%, 8=0.0%, 16=0.0%, 32=0.0%, >=64=0.0%
     submit    : 0=0.0%, 4=100.0%, 8=0.0%, 16=0.0%, 32=0.0%, 64=0.0%, >=64=0.0%
     complete  : 0=0.0%, 4=100.0%, 8=0.0%, 16=0.0%, 32=0.0%, 64=0.0%, >=64=0.0%
     issued rwts: total=512,0,0,0 short=0,0,0,0 dropped=0,0,0,0
     latency   : target=0, window=0, percentile=100.00%, depth=1

Run status group 0 (all jobs):
   READ: bw=397MiB/s (416MB/s), 397MiB/s-397MiB/s (416MB/s-416MB/s), io=512MiB (537MB), run=1291-1291msec

Disk stats (read/write):
  nvme0n1: ios=3667/0, merge=84/0, ticks=2229/0, in_queue=2229, util=84.29%
