buffered-write: (g=0): rw=write, bs=(R) 1024KiB-1024KiB, (W) 1024KiB-1024KiB, (T) 1024KiB-1024KiB, ioengine=psync, iodepth=1
fio-3.33
Starting 1 process

buffered-write: (groupid=0, jobs=1): err= 0: pid=3624: Fri Aug 15 07:12:40 2025
  write: IOPS=2245, BW=2246MiB/s (2355MB/s)(512MiB/228msec); 0 zone resets
    clat (usec): min=294, max=582, avg=423.60, stdev=22.05
     lat (usec): min=311, max=591, avg=442.39, stdev=22.49
    clat percentiles (usec):
     |  1.00th=[  363],  5.00th=[  400], 10.00th=[  404], 20.00th=[  408],
     | 30.00th=[  412], 40.00th=[  416], 50.00th=[  420], 60.00th=[  429],
     | 70.00th=[  433], 80.00th=[  437], 90.00th=[  449], 95.00th=[  457],
     | 99.00th=[  490], 99.50th=[  494], 99.90th=[  586], 99.95th=[  586],
     | 99.99th=[  586]
  lat (usec)   : 500=99.80%, 750=0.20%
  cpu          : usr=3.08%, sys=96.48%, ctx=3, majf=0, minf=6
  IO depths    : 1=100.0%, 2=0.0%, 4=0.0%, 8=0.0%, 16=0.0%, 32=0.0%, >=64=0.0%
     submit    : 0=0.0%, 4=100.0%, 8=0.0%, 16=0.0%, 32=0.0%, 64=0.0%, >=64=0.0%
     complete  : 0=0.0%, 4=100.0%, 8=0.0%, 16=0.0%, 32=0.0%, 64=0.0%, >=64=0.0%
     issued rwts: total=0,512,0,0 short=0,0,0,0 dropped=0,0,0,0
     latency   : target=0, window=0, percentile=100.00%, depth=1

Run status group 0 (all jobs):
  WRITE: bw=2246MiB/s (2355MB/s), 2246MiB/s-2246MiB/s (2355MB/s-2355MB/s), io=512MiB (537MB), run=228-228msec

Disk stats (read/write):
  nvme0n1: ios=0/1939, merge=0/45, ticks=0/861, in_queue=874, util=40.16%
