buffered-write: (g=0): rw=write, bs=(R) 10.0MiB-10.0MiB, (W) 10.0MiB-10.0MiB, (T) 10.0MiB-10.0MiB, ioengine=psync, iodepth=1
fio-3.33
Starting 1 process

buffered-write: (groupid=0, jobs=1): err= 0: pid=14029: Fri Aug 15 07:38:22 2025
  write: IOPS=300, BW=3000MiB/s (3146MB/s)(510MiB/170msec); 0 zone resets
    clat (usec): min=2226, max=3907, avg=2471.43, stdev=277.13
     lat (usec): min=2742, max=5340, avg=3321.41, stdev=379.10
    clat percentiles (usec):
     |  1.00th=[ 2212],  5.00th=[ 2278], 10.00th=[ 2278], 20.00th=[ 2311],
     | 30.00th=[ 2343], 40.00th=[ 2343], 50.00th=[ 2376], 60.00th=[ 2376],
     | 70.00th=[ 2474], 80.00th=[ 2573], 90.00th=[ 2737], 95.00th=[ 2868],
     | 99.00th=[ 3916], 99.50th=[ 3916], 99.90th=[ 3916], 99.95th=[ 3916],
     | 99.99th=[ 3916]
  lat (msec)   : 4=100.00%
  cpu          : usr=32.54%, sys=67.46%, ctx=20, majf=0, minf=6
  IO depths    : 1=100.0%, 2=0.0%, 4=0.0%, 8=0.0%, 16=0.0%, 32=0.0%, >=64=0.0%
     submit    : 0=0.0%, 4=100.0%, 8=0.0%, 16=0.0%, 32=0.0%, 64=0.0%, >=64=0.0%
     complete  : 0=0.0%, 4=100.0%, 8=0.0%, 16=0.0%, 32=0.0%, 64=0.0%, >=64=0.0%
     issued rwts: total=0,51,0,0 short=0,0,0,0 dropped=0,0,0,0
     latency   : target=0, window=0, percentile=100.00%, depth=1

Run status group 0 (all jobs):
  WRITE: bw=3000MiB/s (3146MB/s), 3000MiB/s-3000MiB/s (3146MB/s-3146MB/s), io=510MiB (535MB), run=170-170msec

Disk stats (read/write):
  nvme0n1: ios=0/1636, merge=0/37, ticks=0/2056, in_queue=2065, util=35.34%
