buffered-write: (g=0): rw=write, bs=(R) 1024KiB-1024KiB, (W) 1024KiB-1024KiB, (T) 1024KiB-1024KiB, ioengine=psync, iodepth=1
fio-3.33
Starting 1 process

buffered-write: (groupid=0, jobs=1): err= 0: pid=44686: Thu Aug 14 19:58:44 2025
  write: IOPS=6023, BW=6024MiB/s (6316MB/s)(512MiB/85msec); 0 zone resets
    clat (usec): min=106, max=374, avg=146.80, stdev=36.75
     lat (usec): min=119, max=561, avg=163.66, stdev=46.08
    clat percentiles (usec):
     |  1.00th=[  109],  5.00th=[  117], 10.00th=[  118], 20.00th=[  123],
     | 30.00th=[  129], 40.00th=[  135], 50.00th=[  139], 60.00th=[  143],
     | 70.00th=[  151], 80.00th=[  159], 90.00th=[  180], 95.00th=[  210],
     | 99.00th=[  302], 99.50th=[  310], 99.90th=[  375], 99.95th=[  375],
     | 99.99th=[  375]
  lat (usec)   : 250=95.31%, 500=4.69%
  cpu          : usr=15.48%, sys=69.05%, ctx=104, majf=0, minf=6
  IO depths    : 1=100.0%, 2=0.0%, 4=0.0%, 8=0.0%, 16=0.0%, 32=0.0%, >=64=0.0%
     submit    : 0=0.0%, 4=100.0%, 8=0.0%, 16=0.0%, 32=0.0%, 64=0.0%, >=64=0.0%
     complete  : 0=0.0%, 4=100.0%, 8=0.0%, 16=0.0%, 32=0.0%, 64=0.0%, >=64=0.0%
     issued rwts: total=0,512,0,0 short=0,0,0,0 dropped=0,0,0,0
     latency   : target=0, window=0, percentile=100.00%, depth=1

Run status group 0 (all jobs):
  WRITE: bw=6024MiB/s (6316MB/s), 6024MiB/s-6024MiB/s (6316MB/s-6316MB/s), io=512MiB (537MB), run=85-85msec

Disk stats (read/write):
  nvme0n1: ios=0/0, merge=0/0, ticks=0/0, in_queue=0, util=0.00%
