buffered-write: (g=0): rw=write, bs=(R) 1024MiB-1024MiB, (W) 1024MiB-1024MiB, (T) 1024MiB-1024MiB, ioengine=psync, iodepth=1
fio-3.33
Starting 1 process

buffered-write: (groupid=0, jobs=1): err= 0: pid=54669: Thu Aug 14 19:58:59 2025
  write: IOPS=0, BW=361MiB/s (378MB/s)(1024MiB/2839msec); 0 zone resets
    clat (nsec): min=2734.3M, max=2734.3M, avg=2734259239.00, stdev= 0.00
     lat (nsec): min=2837.9M, max=2837.9M, avg=2837884287.00, stdev= 0.00
    clat percentiles (msec):
     |  1.00th=[ 2735],  5.00th=[ 2735], 10.00th=[ 2735], 20.00th=[ 2735],
     | 30.00th=[ 2735], 40.00th=[ 2735], 50.00th=[ 2735], 60.00th=[ 2735],
     | 70.00th=[ 2735], 80.00th=[ 2735], 90.00th=[ 2735], 95.00th=[ 2735],
     | 99.00th=[ 2735], 99.50th=[ 2735], 99.90th=[ 2735], 99.95th=[ 2735],
     | 99.99th=[ 2735]
  lat (msec)   : >=2000=100.00%
  cpu          : usr=3.88%, sys=10.32%, ctx=154, majf=5, minf=15
  IO depths    : 1=100.0%, 2=0.0%, 4=0.0%, 8=0.0%, 16=0.0%, 32=0.0%, >=64=0.0%
     submit    : 0=0.0%, 4=100.0%, 8=0.0%, 16=0.0%, 32=0.0%, 64=0.0%, >=64=0.0%
     complete  : 0=0.0%, 4=100.0%, 8=0.0%, 16=0.0%, 32=0.0%, 64=0.0%, >=64=0.0%
     issued rwts: total=0,1,0,0 short=0,0,0,0 dropped=0,0,0,0
     latency   : target=0, window=0, percentile=100.00%, depth=1

Run status group 0 (all jobs):
  WRITE: bw=361MiB/s (378MB/s), 361MiB/s-361MiB/s (378MB/s-378MB/s), io=1024MiB (1074MB), run=2839-2839msec

Disk stats (read/write):
  nvme0n1: ios=401/26809, merge=142/11197, ticks=981/352878, in_queue=353982, util=41.15%
