buffered-write: (g=0): rw=write, bs=(R) 4096B-4096B, (W) 4096B-4096B, (T) 4096B-4096B, ioengine=psync, iodepth=1
fio-3.33
Starting 1 process

buffered-write: (groupid=0, jobs=1): err= 0: pid=67173: Thu Aug 14 19:59:18 2025
  write: IOPS=148k, BW=578MiB/s (606MB/s)(512MiB/886msec); 0 zone resets
    clat (usec): min=4, max=467, avg= 6.25, stdev= 2.07
     lat (usec): min=4, max=468, avg= 6.34, stdev= 2.08
    clat percentiles (nsec):
     |  1.00th=[ 5344],  5.00th=[ 5600], 10.00th=[ 5728], 20.00th=[ 5856],
     | 30.00th=[ 5984], 40.00th=[ 6048], 50.00th=[ 6176], 60.00th=[ 6304],
     | 70.00th=[ 6368], 80.00th=[ 6496], 90.00th=[ 6688], 95.00th=[ 6880],
     | 99.00th=[ 7968], 99.50th=[ 8768], 99.90th=[19328], 99.95th=[23168],
     | 99.99th=[42240]
   bw (  KiB/s): min=591552, max=591552, per=99.97%, avg=591552.00, stdev= 0.00, samples=1
   iops        : min=147888, max=147888, avg=147888.00, stdev= 0.00, samples=1
  lat (usec)   : 10=99.72%, 20=0.19%, 50=0.08%, 100=0.01%, 250=0.01%
  lat (usec)   : 500=0.01%
  cpu          : usr=10.28%, sys=89.15%, ctx=15, majf=0, minf=6
  IO depths    : 1=100.0%, 2=0.0%, 4=0.0%, 8=0.0%, 16=0.0%, 32=0.0%, >=64=0.0%
     submit    : 0=0.0%, 4=100.0%, 8=0.0%, 16=0.0%, 32=0.0%, 64=0.0%, >=64=0.0%
     complete  : 0=0.0%, 4=100.0%, 8=0.0%, 16=0.0%, 32=0.0%, 64=0.0%, >=64=0.0%
     issued rwts: total=0,131072,0,0 short=0,0,0,0 dropped=0,0,0,0
     latency   : target=0, window=0, percentile=100.00%, depth=1

Run status group 0 (all jobs):
  WRITE: bw=578MiB/s (606MB/s), 578MiB/s-578MiB/s (606MB/s-606MB/s), io=512MiB (537MB), run=886-886msec

Disk stats (read/write):
  nvme0n1: ios=0/10813, merge=0/167, ticks=0/6202, in_queue=6267, util=62.57%
