buffered-read: (g=0): rw=read, bs=(R) 10.0MiB-10.0MiB, (W) 10.0MiB-10.0MiB, (T) 10.0MiB-10.0MiB, ioengine=psync, iodepth=1
fio-3.33
Starting 1 process

buffered-read: (groupid=0, jobs=1): err= 0: pid=4424: Thu Aug 14 19:52:13 2025
  read: IOPS=118, BW=1187MiB/s (1245MB/s)(520MiB/438msec)
    clat (usec): min=7059, max=9275, avg=8399.74, stdev=761.68
     lat (usec): min=7060, max=9275, avg=8400.30, stdev=761.73
    clat percentiles (usec):
     |  1.00th=[ 7046],  5.00th=[ 7111], 10.00th=[ 7111], 20.00th=[ 7242],
     | 30.00th=[ 8160], 40.00th=[ 8848], 50.00th=[ 8848], 60.00th=[ 8848],
     | 70.00th=[ 8848], 80.00th=[ 8848], 90.00th=[ 8979], 95.00th=[ 9110],
     | 99.00th=[ 9241], 99.50th=[ 9241], 99.90th=[ 9241], 99.95th=[ 9241],
     | 99.99th=[ 9241]
  lat (msec)   : 10=100.00%
  cpu          : usr=0.00%, sys=99.08%, ctx=19, majf=0, minf=646
  IO depths    : 1=100.0%, 2=0.0%, 4=0.0%, 8=0.0%, 16=0.0%, 32=0.0%, >=64=0.0%
     submit    : 0=0.0%, 4=100.0%, 8=0.0%, 16=0.0%, 32=0.0%, 64=0.0%, >=64=0.0%
     complete  : 0=0.0%, 4=100.0%, 8=0.0%, 16=0.0%, 32=0.0%, 64=0.0%, >=64=0.0%
     issued rwts: total=52,0,0,0 short=0,0,0,0 dropped=0,0,0,0
     latency   : target=0, window=0, percentile=100.00%, depth=1

Run status group 0 (all jobs):
   READ: bw=1187MiB/s (1245MB/s), 1187MiB/s-1187MiB/s (1245MB/s-1245MB/s), io=520MiB (545MB), run=438-438msec

Disk stats (read/write):
  nvme0n1: ios=10/0, merge=0/0, ticks=1/0, in_queue=1, util=0.80%
