buffered-read: (g=0): rw=read, bs=(R) 1024KiB-1024KiB, (W) 1024KiB-1024KiB, (T) 1024KiB-1024KiB, ioengine=psync, iodepth=1
fio-3.33
Starting 1 process

buffered-read: (groupid=0, jobs=1): err= 0: pid=4304: Thu Aug 14 19:52:09 2025
  read: IOPS=2752, BW=2753MiB/s (2886MB/s)(512MiB/186msec)
    clat (usec): min=277, max=737, avg=359.71, stdev=57.49
     lat (usec): min=277, max=737, avg=359.89, stdev=57.53
    clat percentiles (usec):
     |  1.00th=[  281],  5.00th=[  293], 10.00th=[  306], 20.00th=[  318],
     | 30.00th=[  334], 40.00th=[  343], 50.00th=[  351], 60.00th=[  359],
     | 70.00th=[  367], 80.00th=[  375], 90.00th=[  449], 95.00th=[  474],
     | 99.00th=[  562], 99.50th=[  652], 99.90th=[  734], 99.95th=[  734],
     | 99.99th=[  734]
  lat (usec)   : 500=98.05%, 750=1.95%
  cpu          : usr=0.00%, sys=98.38%, ctx=18, majf=0, minf=70
  IO depths    : 1=100.0%, 2=0.0%, 4=0.0%, 8=0.0%, 16=0.0%, 32=0.0%, >=64=0.0%
     submit    : 0=0.0%, 4=100.0%, 8=0.0%, 16=0.0%, 32=0.0%, 64=0.0%, >=64=0.0%
     complete  : 0=0.0%, 4=100.0%, 8=0.0%, 16=0.0%, 32=0.0%, 64=0.0%, >=64=0.0%
     issued rwts: total=512,0,0,0 short=0,0,0,0 dropped=0,0,0,0
     latency   : target=0, window=0, percentile=100.00%, depth=1

Run status group 0 (all jobs):
   READ: bw=2753MiB/s (2886MB/s), 2753MiB/s-2753MiB/s (2886MB/s-2886MB/s), io=512MiB (537MB), run=186-186msec

Disk stats (read/write):
  nvme0n1: ios=23/0, merge=89/0, ticks=6/0, in_queue=6, util=3.17%
