buffered-read: (g=0): rw=read, bs=(R) 100MiB-100MiB, (W) 100MiB-100MiB, (T) 100MiB-100MiB, ioengine=psync, iodepth=1
fio-3.33
Starting 1 process

buffered-read: (groupid=0, jobs=1): err= 0: pid=4724: Thu Aug 14 19:52:27 2025
  read: IOPS=10, BW=1054MiB/s (1106MB/s)(600MiB/569msec)
    clat (msec): min=89, max=101, avg=94.79, stdev= 4.95
     lat (msec): min=89, max=101, avg=94.79, stdev= 4.95
    clat percentiles (msec):
     |  1.00th=[   90],  5.00th=[   90], 10.00th=[   90], 20.00th=[   90],
     | 30.00th=[   90], 40.00th=[   92], 50.00th=[   92], 60.00th=[   97],
     | 70.00th=[   99], 80.00th=[   99], 90.00th=[  103], 95.00th=[  103],
     | 99.00th=[  103], 99.50th=[  103], 99.90th=[  103], 99.95th=[  103],
     | 99.99th=[  103]
   bw (  KiB/s): min=1024000, max=1024000, per=94.83%, avg=1024000.00, stdev= 0.00, samples=1
   iops        : min=   10, max=   10, avg=10.00, stdev= 0.00, samples=1
  lat (msec)   : 100=83.33%, 250=16.67%
  cpu          : usr=0.00%, sys=99.47%, ctx=26, majf=0, minf=265
  IO depths    : 1=100.0%, 2=0.0%, 4=0.0%, 8=0.0%, 16=0.0%, 32=0.0%, >=64=0.0%
     submit    : 0=0.0%, 4=100.0%, 8=0.0%, 16=0.0%, 32=0.0%, 64=0.0%, >=64=0.0%
     complete  : 0=0.0%, 4=100.0%, 8=0.0%, 16=0.0%, 32=0.0%, 64=0.0%, >=64=0.0%
     issued rwts: total=6,0,0,0 short=0,0,0,0 dropped=0,0,0,0
     latency   : target=0, window=0, percentile=100.00%, depth=1

Run status group 0 (all jobs):
   READ: bw=1054MiB/s (1106MB/s), 1054MiB/s-1054MiB/s (1106MB/s-1106MB/s), io=600MiB (629MB), run=569-569msec

Disk stats (read/write):
  nvme0n1: ios=25/0, merge=89/0, ticks=6/0, in_queue=6, util=0.00%
