buffered-write: (g=0): rw=write, bs=(R) 100MiB-100MiB, (W) 100MiB-100MiB, (T) 100MiB-100MiB, ioengine=psync, iodepth=1
fio-3.33
Starting 1 process

buffered-write: (groupid=0, jobs=1): err= 0: pid=16629: Fri Aug 15 07:38:26 2025
  write: IOPS=24, BW=2439MiB/s (2558MB/s)(500MiB/205msec); 0 zone resets
    clat (usec): min=27079, max=28317, avg=27902.88, stdev=484.67
     lat (usec): min=37786, max=42803, avg=40835.09, stdev=2337.72
    clat percentiles (usec):
     |  1.00th=[27132],  5.00th=[27132], 10.00th=[27132], 20.00th=[27132],
     | 30.00th=[27919], 40.00th=[27919], 50.00th=[28181], 60.00th=[28181],
     | 70.00th=[28181], 80.00th=[28181], 90.00th=[28443], 95.00th=[28443],
     | 99.00th=[28443], 99.50th=[28443], 99.90th=[28443], 99.95th=[28443],
     | 99.99th=[28443]
  lat (msec)   : 50=100.00%
  cpu          : usr=33.33%, sys=66.18%, ctx=1, majf=0, minf=6
  IO depths    : 1=100.0%, 2=0.0%, 4=0.0%, 8=0.0%, 16=0.0%, 32=0.0%, >=64=0.0%
     submit    : 0=0.0%, 4=100.0%, 8=0.0%, 16=0.0%, 32=0.0%, 64=0.0%, >=64=0.0%
     complete  : 0=0.0%, 4=100.0%, 8=0.0%, 16=0.0%, 32=0.0%, 64=0.0%, >=64=0.0%
     issued rwts: total=0,5,0,0 short=0,0,0,0 dropped=0,0,0,0
     latency   : target=0, window=0, percentile=100.00%, depth=1

Run status group 0 (all jobs):
  WRITE: bw=2439MiB/s (2558MB/s), 2439MiB/s-2439MiB/s (2558MB/s-2558MB/s), io=500MiB (524MB), run=205-205msec

Disk stats (read/write):
  nvme0n1: ios=0/835, merge=0/26, ticks=0/435, in_queue=439, util=15.94%
