buffered-write: (g=0): rw=write, bs=(R) 128KiB-128KiB, (W) 128KiB-128KiB, (T) 128KiB-128KiB, ioengine=psync, iodepth=1
fio-3.33
Starting 1 process

buffered-write: (groupid=0, jobs=1): err= 0: pid=48837: Fri Aug 15 07:38:48 2025
  write: IOPS=21.0k, BW=2626MiB/s (2753MB/s)(512MiB/195msec); 0 zone resets
    clat (usec): min=23, max=505, avg=45.84, stdev=24.18
     lat (usec): min=24, max=506, avg=46.81, stdev=24.55
    clat percentiles (usec):
     |  1.00th=[   30],  5.00th=[   35], 10.00th=[   38], 20.00th=[   40],
     | 30.00th=[   41], 40.00th=[   42], 50.00th=[   43], 60.00th=[   43],
     | 70.00th=[   44], 80.00th=[   46], 90.00th=[   51], 95.00th=[   58],
     | 99.00th=[  172], 99.50th=[  212], 99.90th=[  318], 99.95th=[  351],
     | 99.99th=[  506]
  lat (usec)   : 50=89.67%, 100=8.42%, 250=1.46%, 500=0.42%, 750=0.02%
  cpu          : usr=0.00%, sys=91.24%, ctx=265, majf=0, minf=6
  IO depths    : 1=100.0%, 2=0.0%, 4=0.0%, 8=0.0%, 16=0.0%, 32=0.0%, >=64=0.0%
     submit    : 0=0.0%, 4=100.0%, 8=0.0%, 16=0.0%, 32=0.0%, 64=0.0%, >=64=0.0%
     complete  : 0=0.0%, 4=100.0%, 8=0.0%, 16=0.0%, 32=0.0%, 64=0.0%, >=64=0.0%
     issued rwts: total=0,4096,0,0 short=0,0,0,0 dropped=0,0,0,0
     latency   : target=0, window=0, percentile=100.00%, depth=1

Run status group 0 (all jobs):
  WRITE: bw=2626MiB/s (2753MB/s), 2626MiB/s-2626MiB/s (2753MB/s-2753MB/s), io=512MiB (537MB), run=195-195msec

Disk stats (read/write):
  nvme0n1: ios=0/4418, merge=0/69, ticks=0/2561, in_queue=2582, util=81.27%
