buffered-write: (g=0): rw=write, bs=(R) 1024MiB-1024MiB, (W) 1024MiB-1024MiB, (T) 1024MiB-1024MiB, ioengine=psync, iodepth=1
fio-3.33
Starting 1 process

buffered-write: (groupid=0, jobs=1): err= 0: pid=25754: Thu Aug 14 19:56:40 2025
  write: IOPS=2, BW=2901MiB/s (3042MB/s)(1024MiB/353msec); 0 zone resets
    clat (nsec): min=247362k, max=247362k, avg=247361980.00, stdev= 0.00
     lat (nsec): min=350371k, max=350371k, avg=350370721.00, stdev= 0.00
    clat percentiles (msec):
     |  1.00th=[  247],  5.00th=[  247], 10.00th=[  247], 20.00th=[  247],
     | 30.00th=[  247], 40.00th=[  247], 50.00th=[  247], 60.00th=[  247],
     | 70.00th=[  247], 80.00th=[  247], 90.00th=[  247], 95.00th=[  247],
     | 99.00th=[  247], 99.50th=[  247], 99.90th=[  247], 99.95th=[  247],
     | 99.99th=[  247]
  lat (msec)   : 250=100.00%
  cpu          : usr=28.69%, sys=70.17%, ctx=5, majf=0, minf=6
  IO depths    : 1=100.0%, 2=0.0%, 4=0.0%, 8=0.0%, 16=0.0%, 32=0.0%, >=64=0.0%
     submit    : 0=0.0%, 4=100.0%, 8=0.0%, 16=0.0%, 32=0.0%, 64=0.0%, >=64=0.0%
     complete  : 0=0.0%, 4=100.0%, 8=0.0%, 16=0.0%, 32=0.0%, 64=0.0%, >=64=0.0%
     issued rwts: total=0,1,0,0 short=0,0,0,0 dropped=0,0,0,0
     latency   : target=0, window=0, percentile=100.00%, depth=1

Run status group 0 (all jobs):
  WRITE: bw=2901MiB/s (3042MB/s), 2901MiB/s-2901MiB/s (3042MB/s-3042MB/s), io=1024MiB (1074MB), run=353-353msec

Disk stats (read/write):
  nvme0n1: ios=0/18128, merge=0/320, ticks=0/8776, in_queue=8897, util=65.12%
