buffered-write: (g=0): rw=write, bs=(R) 100MiB-100MiB, (W) 100MiB-100MiB, (T) 100MiB-100MiB, ioengine=psync, iodepth=1
fio-3.33
Starting 1 process

buffered-write: (groupid=0, jobs=1): err= 0: pid=51390: Thu Aug 14 19:58:52 2025
  write: IOPS=27, BW=2778MiB/s (2913MB/s)(600MiB/216msec); 0 zone resets
    clat (usec): min=21018, max=27383, avg=25271.61, stdev=2312.84
     lat (usec): min=33683, max=38096, avg=35879.22, stdev=1673.95
    clat percentiles (usec):
     |  1.00th=[21103],  5.00th=[21103], 10.00th=[21103], 20.00th=[24773],
     | 30.00th=[24773], 40.00th=[25297], 50.00th=[25297], 60.00th=[26346],
     | 70.00th=[26870], 80.00th=[26870], 90.00th=[27395], 95.00th=[27395],
     | 99.00th=[27395], 99.50th=[27395], 99.90th=[27395], 99.95th=[27395],
     | 99.99th=[27395]
  lat (msec)   : 50=100.00%
  cpu          : usr=29.77%, sys=70.23%, ctx=3, majf=0, minf=6
  IO depths    : 1=100.0%, 2=0.0%, 4=0.0%, 8=0.0%, 16=0.0%, 32=0.0%, >=64=0.0%
     submit    : 0=0.0%, 4=100.0%, 8=0.0%, 16=0.0%, 32=0.0%, 64=0.0%, >=64=0.0%
     complete  : 0=0.0%, 4=100.0%, 8=0.0%, 16=0.0%, 32=0.0%, 64=0.0%, >=64=0.0%
     issued rwts: total=0,6,0,0 short=0,0,0,0 dropped=0,0,0,0
     latency   : target=0, window=0, percentile=100.00%, depth=1

Run status group 0 (all jobs):
  WRITE: bw=2778MiB/s (2913MB/s), 2778MiB/s-2778MiB/s (2913MB/s-2913MB/s), io=600MiB (629MB), run=216-216msec

Disk stats (read/write):
  nvme0n1: ios=0/4088, merge=0/56, ticks=0/1816, in_queue=1842, util=65.86%
