buffered-read: (g=0): rw=read, bs=(R) 128KiB-128KiB, (W) 128KiB-128KiB, (T) 128KiB-128KiB, ioengine=psync, iodepth=1
fio-3.33
Starting 1 process

buffered-read: (groupid=0, jobs=1): err= 0: pid=5165: Thu Aug 14 19:52:51 2025
  read: IOPS=27.7k, BW=3459MiB/s (3628MB/s)(512MiB/148msec)
    clat (usec): min=14, max=379, avg=35.33, stdev=13.69
     lat (usec): min=14, max=379, avg=35.41, stdev=13.69
    clat percentiles (usec):
     |  1.00th=[   21],  5.00th=[   23], 10.00th=[   24], 20.00th=[   25],
     | 30.00th=[   26], 40.00th=[   27], 50.00th=[   36], 60.00th=[   40],
     | 70.00th=[   47], 80.00th=[   48], 90.00th=[   49], 95.00th=[   49],
     | 99.00th=[   58], 99.50th=[   64], 99.90th=[  180], 99.95th=[  184],
     | 99.99th=[  379]
  lat (usec)   : 20=0.56%, 50=96.51%, 100=2.69%, 250=0.22%, 500=0.02%
  cpu          : usr=0.00%, sys=98.64%, ctx=19, majf=0, minf=13
  IO depths    : 1=100.0%, 2=0.0%, 4=0.0%, 8=0.0%, 16=0.0%, 32=0.0%, >=64=0.0%
     submit    : 0=0.0%, 4=100.0%, 8=0.0%, 16=0.0%, 32=0.0%, 64=0.0%, >=64=0.0%
     complete  : 0=0.0%, 4=100.0%, 8=0.0%, 16=0.0%, 32=0.0%, 64=0.0%, >=64=0.0%
     issued rwts: total=4096,0,0,0 short=0,0,0,0 dropped=0,0,0,0
     latency   : target=0, window=0, percentile=100.00%, depth=1

Run status group 0 (all jobs):
   READ: bw=3459MiB/s (3628MB/s), 3459MiB/s-3459MiB/s (3628MB/s-3628MB/s), io=512MiB (537MB), run=148-148msec

Disk stats (read/write):
  nvme0n1: ios=0/0, merge=0/0, ticks=0/0, in_queue=0, util=0.00%
