buffered-read: (g=0): rw=read, bs=(R) 128KiB-128KiB, (W) 128KiB-128KiB, (T) 128KiB-128KiB, ioengine=psync, iodepth=1
fio-3.33
Starting 1 process

buffered-read: (groupid=0, jobs=1): err= 0: pid=5286: Thu Aug 14 19:52:54 2025
  read: IOPS=31.0k, BW=3879MiB/s (4067MB/s)(512MiB/132msec)
    clat (usec): min=12, max=358, avg=31.68, stdev=12.88
     lat (usec): min=12, max=358, avg=31.74, stdev=12.88
    clat percentiles (usec):
     |  1.00th=[   20],  5.00th=[   21], 10.00th=[   22], 20.00th=[   22],
     | 30.00th=[   23], 40.00th=[   24], 50.00th=[   36], 60.00th=[   40],
     | 70.00th=[   40], 80.00th=[   41], 90.00th=[   41], 95.00th=[   42],
     | 99.00th=[   52], 99.50th=[   59], 99.90th=[  163], 99.95th=[  178],
     | 99.99th=[  359]
  lat (usec)   : 20=2.05%, 50=96.90%, 100=0.81%, 250=0.20%, 500=0.05%
  cpu          : usr=2.29%, sys=95.42%, ctx=20, majf=0, minf=13
  IO depths    : 1=100.0%, 2=0.0%, 4=0.0%, 8=0.0%, 16=0.0%, 32=0.0%, >=64=0.0%
     submit    : 0=0.0%, 4=100.0%, 8=0.0%, 16=0.0%, 32=0.0%, 64=0.0%, >=64=0.0%
     complete  : 0=0.0%, 4=100.0%, 8=0.0%, 16=0.0%, 32=0.0%, 64=0.0%, >=64=0.0%
     issued rwts: total=4096,0,0,0 short=0,0,0,0 dropped=0,0,0,0
     latency   : target=0, window=0, percentile=100.00%, depth=1

Run status group 0 (all jobs):
   READ: bw=3879MiB/s (4067MB/s), 3879MiB/s-3879MiB/s (4067MB/s-4067MB/s), io=512MiB (537MB), run=132-132msec

Disk stats (read/write):
  nvme0n1: ios=0/0, merge=0/0, ticks=0/0, in_queue=0, util=0.00%
