buffered-write: (g=0): rw=write, bs=(R) 1024KiB-1024KiB, (W) 1024KiB-1024KiB, (T) 1024KiB-1024KiB, ioengine=psync, iodepth=1
fio-3.33
Starting 1 process

buffered-write: (groupid=0, jobs=1): err= 0: pid=3976: Fri Aug 15 07:38:14 2025
  write: IOPS=7013, BW=7014MiB/s (7354MB/s)(512MiB/73msec); 0 zone resets
    clat (usec): min=100, max=385, avg=126.48, stdev=39.04
     lat (usec): min=108, max=396, avg=140.77, stdev=41.15
    clat percentiles (usec):
     |  1.00th=[  102],  5.00th=[  104], 10.00th=[  106], 20.00th=[  108],
     | 30.00th=[  110], 40.00th=[  111], 50.00th=[  113], 60.00th=[  116],
     | 70.00th=[  120], 80.00th=[  127], 90.00th=[  190], 95.00th=[  225],
     | 99.00th=[  260], 99.50th=[  277], 99.90th=[  388], 99.95th=[  388],
     | 99.99th=[  388]
  lat (usec)   : 250=98.44%, 500=1.56%
  cpu          : usr=4.17%, sys=81.94%, ctx=66, majf=0, minf=6
  IO depths    : 1=100.0%, 2=0.0%, 4=0.0%, 8=0.0%, 16=0.0%, 32=0.0%, >=64=0.0%
     submit    : 0=0.0%, 4=100.0%, 8=0.0%, 16=0.0%, 32=0.0%, 64=0.0%, >=64=0.0%
     complete  : 0=0.0%, 4=100.0%, 8=0.0%, 16=0.0%, 32=0.0%, 64=0.0%, >=64=0.0%
     issued rwts: total=0,512,0,0 short=0,0,0,0 dropped=0,0,0,0
     latency   : target=0, window=0, percentile=100.00%, depth=1

Run status group 0 (all jobs):
  WRITE: bw=7014MiB/s (7354MB/s), 7014MiB/s-7014MiB/s (7354MB/s-7354MB/s), io=512MiB (537MB), run=73-73msec

Disk stats (read/write):
  nvme0n1: ios=0/0, merge=0/0, ticks=0/0, in_queue=0, util=0.00%
