buffered-read: (g=0): rw=read, bs=(R) 128KiB-128KiB, (W) 128KiB-128KiB, (T) 128KiB-128KiB, ioengine=psync, iodepth=1
fio-3.33
Starting 1 process

buffered-read: (groupid=0, jobs=1): err= 0: pid=5306: Thu Aug 14 19:52:55 2025
  read: IOPS=30.6k, BW=3821MiB/s (4006MB/s)(512MiB/134msec)
    clat (usec): min=11, max=347, avg=32.21, stdev=12.24
     lat (usec): min=11, max=347, avg=32.27, stdev=12.24
    clat percentiles (usec):
     |  1.00th=[   21],  5.00th=[   23], 10.00th=[   23], 20.00th=[   24],
     | 30.00th=[   24], 40.00th=[   25], 50.00th=[   36], 60.00th=[   39],
     | 70.00th=[   40], 80.00th=[   40], 90.00th=[   41], 95.00th=[   42],
     | 99.00th=[   51], 99.50th=[   58], 99.90th=[  167], 99.95th=[  215],
     | 99.99th=[  347]
  lat (usec)   : 20=0.85%, 50=98.14%, 100=0.78%, 250=0.17%, 500=0.05%
  cpu          : usr=0.00%, sys=98.50%, ctx=19, majf=0, minf=13
  IO depths    : 1=100.0%, 2=0.0%, 4=0.0%, 8=0.0%, 16=0.0%, 32=0.0%, >=64=0.0%
     submit    : 0=0.0%, 4=100.0%, 8=0.0%, 16=0.0%, 32=0.0%, 64=0.0%, >=64=0.0%
     complete  : 0=0.0%, 4=100.0%, 8=0.0%, 16=0.0%, 32=0.0%, 64=0.0%, >=64=0.0%
     issued rwts: total=4096,0,0,0 short=0,0,0,0 dropped=0,0,0,0
     latency   : target=0, window=0, percentile=100.00%, depth=1

Run status group 0 (all jobs):
   READ: bw=3821MiB/s (4006MB/s), 3821MiB/s-3821MiB/s (4006MB/s-4006MB/s), io=512MiB (537MB), run=134-134msec

Disk stats (read/write):
  nvme0n1: ios=0/0, merge=0/0, ticks=0/0, in_queue=0, util=0.00%
