buffered-read: (g=0): rw=read, bs=(R) 10.0MiB-10.0MiB, (W) 10.0MiB-10.0MiB, (T) 10.0MiB-10.0MiB, ioengine=psync, iodepth=1
fio-3.33
Starting 1 process

buffered-read: (groupid=0, jobs=1): err= 0: pid=4364: Thu Aug 14 19:52:11 2025
  read: IOPS=120, BW=1201MiB/s (1259MB/s)(520MiB/433msec)
    clat (usec): min=6948, max=9137, avg=8304.09, stdev=754.40
     lat (usec): min=6948, max=9138, avg=8304.62, stdev=754.40
    clat percentiles (usec):
     |  1.00th=[ 6980],  5.00th=[ 6980], 10.00th=[ 7046], 20.00th=[ 7111],
     | 30.00th=[ 8291], 40.00th=[ 8717], 50.00th=[ 8717], 60.00th=[ 8717],
     | 70.00th=[ 8848], 80.00th=[ 8848], 90.00th=[ 8848], 95.00th=[ 8979],
     | 99.00th=[ 9110], 99.50th=[ 9110], 99.90th=[ 9110], 99.95th=[ 9110],
     | 99.99th=[ 9110]
  lat (msec)   : 10=100.00%
  cpu          : usr=0.69%, sys=98.38%, ctx=37, majf=0, minf=646
  IO depths    : 1=100.0%, 2=0.0%, 4=0.0%, 8=0.0%, 16=0.0%, 32=0.0%, >=64=0.0%
     submit    : 0=0.0%, 4=100.0%, 8=0.0%, 16=0.0%, 32=0.0%, 64=0.0%, >=64=0.0%
     complete  : 0=0.0%, 4=100.0%, 8=0.0%, 16=0.0%, 32=0.0%, 64=0.0%, >=64=0.0%
     issued rwts: total=52,0,0,0 short=0,0,0,0 dropped=0,0,0,0
     latency   : target=0, window=0, percentile=100.00%, depth=1

Run status group 0 (all jobs):
   READ: bw=1201MiB/s (1259MB/s), 1201MiB/s-1201MiB/s (1259MB/s-1259MB/s), io=520MiB (545MB), run=433-433msec

Disk stats (read/write):
  nvme0n1: ios=25/0, merge=89/0, ticks=7/0, in_queue=7, util=0.80%
