buffered-read: (g=0): rw=read, bs=(R) 1024KiB-1024KiB, (W) 1024KiB-1024KiB, (T) 1024KiB-1024KiB, ioengine=psync, iodepth=1
fio-3.33
Starting 1 process

buffered-read: (groupid=0, jobs=1): err= 0: pid=2505: Fri Aug 15 07:06:25 2025
  read: IOPS=396, BW=397MiB/s (416MB/s)(512MiB/1291msec)
    clat (usec): min=2286, max=2928, avg=2518.37, stdev=57.27
     lat (usec): min=2286, max=2929, avg=2518.50, stdev=57.28
    clat percentiles (usec):
     |  1.00th=[ 2343],  5.00th=[ 2507], 10.00th=[ 2507], 20.00th=[ 2507],
     | 30.00th=[ 2507], 40.00th=[ 2507], 50.00th=[ 2507], 60.00th=[ 2507],
     | 70.00th=[ 2507], 80.00th=[ 2507], 90.00th=[ 2507], 95.00th=[ 2540],
     | 99.00th=[ 2802], 99.50th=[ 2868], 99.90th=[ 2933], 99.95th=[ 2933],
     | 99.99th=[ 2933]
   bw (  KiB/s): min=405504, max=407552, per=100.00%, avg=406528.00, stdev=1448.15, samples=2
   iops        : min=  396, max=  398, avg=397.00, stdev= 1.41, samples=2
  lat (msec)   : 4=100.00%
  cpu          : usr=0.00%, sys=8.06%, ctx=4105, majf=0, minf=70
  IO depths    : 1=100.0%, 2=0.0%, 4=0.0%, 8=0.0%, 16=0.0%, 32=0.0%, >=64=0.0%
     submit    : 0=0.0%, 4=100.0%, 8=0.0%, 16=0.0%, 32=0.0%, 64=0.0%, >=64=0.0%
     complete  : 0=0.0%, 4=100.0%, 8=0.0%, 16=0.0%, 32=0.0%, 64=0.0%, >=64=0.0%
     issued rwts: total=512,0,0,0 short=0,0,0,0 dropped=0,0,0,0
     latency   : target=0, window=0, percentile=100.00%, depth=1

Run status group 0 (all jobs):
   READ: bw=397MiB/s (416MB/s), 397MiB/s-397MiB/s (416MB/s-416MB/s), io=512MiB (537MB), run=1291-1291msec

Disk stats (read/write):
  nvme0n1: ios=3668/0, merge=89/0, ticks=2224/0, in_queue=2224, util=85.58%
