buffered-write: (g=0): rw=write, bs=(R) 1024MiB-1024MiB, (W) 1024MiB-1024MiB, (T) 1024MiB-1024MiB, ioengine=psync, iodepth=1
fio-3.33
Starting 1 process

buffered-write: (groupid=0, jobs=1): err= 0: pid=18252: Thu Aug 14 19:56:31 2025
  write: IOPS=2, BW=2783MiB/s (2918MB/s)(1024MiB/368msec); 0 zone resets
    clat (nsec): min=256826k, max=256826k, avg=256826425.00, stdev= 0.00
     lat (nsec): min=366639k, max=366639k, avg=366638535.00, stdev= 0.00
    clat percentiles (msec):
     |  1.00th=[  257],  5.00th=[  257], 10.00th=[  257], 20.00th=[  257],
     | 30.00th=[  257], 40.00th=[  257], 50.00th=[  257], 60.00th=[  257],
     | 70.00th=[  257], 80.00th=[  257], 90.00th=[  257], 95.00th=[  257],
     | 99.00th=[  257], 99.50th=[  257], 99.90th=[  257], 99.95th=[  257],
     | 99.99th=[  257]
  lat (msec)   : 500=100.00%
  cpu          : usr=30.25%, sys=70.03%, ctx=17, majf=0, minf=6
  IO depths    : 1=100.0%, 2=0.0%, 4=0.0%, 8=0.0%, 16=0.0%, 32=0.0%, >=64=0.0%
     submit    : 0=0.0%, 4=100.0%, 8=0.0%, 16=0.0%, 32=0.0%, 64=0.0%, >=64=0.0%
     complete  : 0=0.0%, 4=100.0%, 8=0.0%, 16=0.0%, 32=0.0%, 64=0.0%, >=64=0.0%
     issued rwts: total=0,1,0,0 short=0,0,0,0 dropped=0,0,0,0
     latency   : target=0, window=0, percentile=100.00%, depth=1

Run status group 0 (all jobs):
  WRITE: bw=2783MiB/s (2918MB/s), 2783MiB/s-2783MiB/s (2918MB/s-2918MB/s), io=1024MiB (1074MB), run=368-368msec

Disk stats (read/write):
  nvme0n1: ios=7/17597, merge=0/276, ticks=1/7360, in_queue=7473, util=84.72%
