buffered-write: (g=0): rw=write, bs=(R) 128KiB-128KiB, (W) 128KiB-128KiB, (T) 128KiB-128KiB, ioengine=psync, iodepth=1
fio-3.33
Starting 1 process

buffered-write: (groupid=0, jobs=1): err= 0: pid=76423: Thu Aug 14 19:59:28 2025
  write: IOPS=24.4k, BW=3048MiB/s (3196MB/s)(512MiB/168msec); 0 zone resets
    clat (usec): min=23, max=157, avg=38.48, stdev= 6.58
     lat (usec): min=24, max=158, avg=39.33, stdev= 6.79
    clat percentiles (usec):
     |  1.00th=[   30],  5.00th=[   34], 10.00th=[   35], 20.00th=[   36],
     | 30.00th=[   36], 40.00th=[   37], 50.00th=[   38], 60.00th=[   38],
     | 70.00th=[   39], 80.00th=[   41], 90.00th=[   45], 95.00th=[   49],
     | 99.00th=[   68], 99.50th=[   74], 99.90th=[   91], 99.95th=[  102],
     | 99.99th=[  159]
  lat (usec)   : 50=95.36%, 100=4.57%, 250=0.07%
  cpu          : usr=0.00%, sys=94.61%, ctx=142, majf=0, minf=6
  IO depths    : 1=100.0%, 2=0.0%, 4=0.0%, 8=0.0%, 16=0.0%, 32=0.0%, >=64=0.0%
     submit    : 0=0.0%, 4=100.0%, 8=0.0%, 16=0.0%, 32=0.0%, 64=0.0%, >=64=0.0%
     complete  : 0=0.0%, 4=100.0%, 8=0.0%, 16=0.0%, 32=0.0%, 64=0.0%, >=64=0.0%
     issued rwts: total=0,4096,0,0 short=0,0,0,0 dropped=0,0,0,0
     latency   : target=0, window=0, percentile=100.00%, depth=1

Run status group 0 (all jobs):
  WRITE: bw=3048MiB/s (3196MB/s), 3048MiB/s-3048MiB/s (3196MB/s-3196MB/s), io=512MiB (537MB), run=168-168msec

Disk stats (read/write):
  nvme0n1: ios=0/4286, merge=0/72, ticks=0/2396, in_queue=2417, util=88.35%
