buffered-read: (g=0): rw=read, bs=(R) 4096B-4096B, (W) 4096B-4096B, (T) 4096B-4096B, ioengine=psync, iodepth=1
fio-3.33
Starting 1 process

buffered-read: (groupid=0, jobs=1): err= 0: pid=5085: Thu Aug 14 19:52:48 2025
  read: IOPS=457k, BW=1784MiB/s (1871MB/s)(512MiB/287msec)
    clat (nsec): min=611, max=407285, avg=1857.57, stdev=7698.68
     lat (nsec): min=666, max=407341, avg=1908.43, stdev=7698.95
    clat percentiles (nsec):
     |  1.00th=[   652],  5.00th=[   652], 10.00th=[   652], 20.00th=[   668],
     | 30.00th=[   684], 40.00th=[   708], 50.00th=[   756], 60.00th=[   852],
     | 70.00th=[   980], 80.00th=[  1192], 90.00th=[  1496], 95.00th=[  1816],
     | 99.00th=[ 55040], 99.50th=[ 63744], 99.90th=[ 76288], 99.95th=[ 80384],
     | 99.99th=[104960]
  lat (nsec)   : 750=48.70%, 1000=21.82%
  lat (usec)   : 2=25.71%, 4=2.17%, 10=0.01%, 20=0.01%, 50=0.25%
  lat (usec)   : 100=1.31%, 250=0.01%, 500=0.01%
  cpu          : usr=24.83%, sys=73.78%, ctx=23, majf=0, minf=6
  IO depths    : 1=100.0%, 2=0.0%, 4=0.0%, 8=0.0%, 16=0.0%, 32=0.0%, >=64=0.0%
     submit    : 0=0.0%, 4=100.0%, 8=0.0%, 16=0.0%, 32=0.0%, 64=0.0%, >=64=0.0%
     complete  : 0=0.0%, 4=100.0%, 8=0.0%, 16=0.0%, 32=0.0%, 64=0.0%, >=64=0.0%
     issued rwts: total=131072,0,0,0 short=0,0,0,0 dropped=0,0,0,0
     latency   : target=0, window=0, percentile=100.00%, depth=1

Run status group 0 (all jobs):
   READ: bw=1784MiB/s (1871MB/s), 1784MiB/s-1784MiB/s (1871MB/s-1871MB/s), io=512MiB (537MB), run=287-287msec

Disk stats (read/write):
  nvme0n1: ios=7/0, merge=0/0, ticks=1/0, in_queue=1, util=0.00%
