buffered-write: (g=0): rw=write, bs=(R) 10.0MiB-10.0MiB, (W) 10.0MiB-10.0MiB, (T) 10.0MiB-10.0MiB, ioengine=psync, iodepth=1
fio-3.33
Starting 1 process

buffered-write: (groupid=0, jobs=1): err= 0: pid=12892: Thu Aug 14 19:56:24 2025
  write: IOPS=282, BW=2826MiB/s (2963MB/s)(520MiB/184msec); 0 zone resets
    clat (usec): min=1938, max=11376, avg=2534.90, stdev=1272.98
     lat (usec): min=2574, max=12751, avg=3471.44, stdev=1370.88
    clat percentiles (usec):
     |  1.00th=[ 1942],  5.00th=[ 2114], 10.00th=[ 2180], 20.00th=[ 2180],
     | 30.00th=[ 2180], 40.00th=[ 2212], 50.00th=[ 2245], 60.00th=[ 2376],
     | 70.00th=[ 2442], 80.00th=[ 2638], 90.00th=[ 2802], 95.00th=[ 2900],
     | 99.00th=[11338], 99.50th=[11338], 99.90th=[11338], 99.95th=[11338],
     | 99.99th=[11338]
  lat (msec)   : 2=1.92%, 4=96.15%, 20=1.92%
  cpu          : usr=40.44%, sys=55.74%, ctx=5, majf=0, minf=6
  IO depths    : 1=100.0%, 2=0.0%, 4=0.0%, 8=0.0%, 16=0.0%, 32=0.0%, >=64=0.0%
     submit    : 0=0.0%, 4=100.0%, 8=0.0%, 16=0.0%, 32=0.0%, 64=0.0%, >=64=0.0%
     complete  : 0=0.0%, 4=100.0%, 8=0.0%, 16=0.0%, 32=0.0%, 64=0.0%, >=64=0.0%
     issued rwts: total=0,52,0,0 short=0,0,0,0 dropped=0,0,0,0
     latency   : target=0, window=0, percentile=100.00%, depth=1

Run status group 0 (all jobs):
  WRITE: bw=2826MiB/s (2963MB/s), 2826MiB/s-2826MiB/s (2963MB/s-2963MB/s), io=520MiB (545MB), run=184-184msec

Disk stats (read/write):
  nvme0n1: ios=0/3896, merge=0/66, ticks=0/2348, in_queue=2367, util=70.40%
