buffered-read: (g=0): rw=read, bs=(R) 128KiB-128KiB, (W) 128KiB-128KiB, (T) 128KiB-128KiB, ioengine=psync, iodepth=1
fio-3.33
Starting 1 process

buffered-read: (groupid=0, jobs=1): err= 0: pid=4027: Thu Aug 14 19:50:57 2025
  read: IOPS=3220, BW=403MiB/s (422MB/s)(512MiB/1272msec)
    clat (usec): min=12, max=1219, avg=309.40, stdev=337.44
     lat (usec): min=12, max=1219, avg=309.51, stdev=337.41
    clat percentiles (usec):
     |  1.00th=[   13],  5.00th=[   13], 10.00th=[   14], 20.00th=[   14],
     | 30.00th=[   14], 40.00th=[   14], 50.00th=[   23], 60.00th=[  465],
     | 70.00th=[  611], 80.00th=[  619], 90.00th=[  775], 95.00th=[  898],
     | 99.00th=[ 1045], 99.50th=[ 1090], 99.90th=[ 1123], 99.95th=[ 1172],
     | 99.99th=[ 1221]
   bw (  KiB/s): min=407552, max=421120, per=100.00%, avg=414336.00, stdev=9594.02, samples=2
   iops        : min= 3184, max= 3290, avg=3237.00, stdev=74.95, samples=2
  lat (usec)   : 20=49.85%, 50=0.85%, 100=0.49%, 250=4.03%, 500=5.52%
  lat (usec)   : 750=28.22%, 1000=8.96%
  lat (msec)   : 2=2.08%
  cpu          : usr=0.00%, sys=8.65%, ctx=2030, majf=0, minf=13
  IO depths    : 1=100.0%, 2=0.0%, 4=0.0%, 8=0.0%, 16=0.0%, 32=0.0%, >=64=0.0%
     submit    : 0=0.0%, 4=100.0%, 8=0.0%, 16=0.0%, 32=0.0%, 64=0.0%, >=64=0.0%
     complete  : 0=0.0%, 4=100.0%, 8=0.0%, 16=0.0%, 32=0.0%, 64=0.0%, >=64=0.0%
     issued rwts: total=4096,0,0,0 short=0,0,0,0 dropped=0,0,0,0
     latency   : target=0, window=0, percentile=100.00%, depth=1

Run status group 0 (all jobs):
   READ: bw=403MiB/s (422MB/s), 403MiB/s-403MiB/s (422MB/s-422MB/s), io=512MiB (537MB), run=1272-1272msec

Disk stats (read/write):
  nvme0n1: ios=3650/0, merge=0/0, ticks=3829/0, in_queue=3829, util=85.90%
