buffered-read: (g=0): rw=read, bs=(R) 128KiB-128KiB, (W) 128KiB-128KiB, (T) 128KiB-128KiB, ioengine=psync, iodepth=1
fio-3.33
Starting 1 process

buffered-read: (groupid=0, jobs=1): err= 0: pid=3436: Fri Aug 15 07:07:33 2025
  read: IOPS=3175, BW=397MiB/s (416MB/s)(512MiB/1290msec)
    clat (usec): min=20, max=688, avg=314.14, stdev=66.95
     lat (usec): min=21, max=689, avg=314.24, stdev=66.95
    clat percentiles (usec):
     |  1.00th=[   78],  5.00th=[  208], 10.00th=[  314], 20.00th=[  314],
     | 30.00th=[  314], 40.00th=[  314], 50.00th=[  314], 60.00th=[  314],
     | 70.00th=[  314], 80.00th=[  314], 90.00th=[  314], 95.00th=[  433],
     | 99.00th=[  545], 99.50th=[  553], 99.90th=[  553], 99.95th=[  668],
     | 99.99th=[  693]
   bw (  KiB/s): min=405504, max=407040, per=99.96%, avg=406272.00, stdev=1086.12, samples=2
   iops        : min= 3168, max= 3180, avg=3174.00, stdev= 8.49, samples=2
  lat (usec)   : 50=0.02%, 100=2.71%, 250=2.81%, 500=91.41%, 750=3.05%
  cpu          : usr=1.01%, sys=6.67%, ctx=4104, majf=0, minf=13
  IO depths    : 1=100.0%, 2=0.0%, 4=0.0%, 8=0.0%, 16=0.0%, 32=0.0%, >=64=0.0%
     submit    : 0=0.0%, 4=100.0%, 8=0.0%, 16=0.0%, 32=0.0%, 64=0.0%, >=64=0.0%
     complete  : 0=0.0%, 4=100.0%, 8=0.0%, 16=0.0%, 32=0.0%, 64=0.0%, >=64=0.0%
     issued rwts: total=4096,0,0,0 short=0,0,0,0 dropped=0,0,0,0
     latency   : target=0, window=0, percentile=100.00%, depth=1

Run status group 0 (all jobs):
   READ: bw=397MiB/s (416MB/s), 397MiB/s-397MiB/s (416MB/s-416MB/s), io=512MiB (537MB), run=1290-1290msec

Disk stats (read/write):
  nvme0n1: ios=3667/0, merge=89/0, ticks=2229/0, in_queue=2229, util=83.33%
