buffered-write: (g=0): rw=write, bs=(R) 1024MiB-1024MiB, (W) 1024MiB-1024MiB, (T) 1024MiB-1024MiB, ioengine=psync, iodepth=1
fio-3.33
Starting 1 process

buffered-write: (groupid=0, jobs=1): err= 0: pid=23380: Thu Aug 14 19:56:37 2025
  write: IOPS=3, BW=3160MiB/s (3314MB/s)(1024MiB/324msec); 0 zone resets
    clat (nsec): min=252488k, max=252488k, avg=252487628.00, stdev= 0.00
     lat (nsec): min=320387k, max=320387k, avg=320386628.00, stdev= 0.00
    clat percentiles (msec):
     |  1.00th=[  253],  5.00th=[  253], 10.00th=[  253], 20.00th=[  253],
     | 30.00th=[  253], 40.00th=[  253], 50.00th=[  253], 60.00th=[  253],
     | 70.00th=[  253], 80.00th=[  253], 90.00th=[  253], 95.00th=[  253],
     | 99.00th=[  253], 99.50th=[  253], 99.90th=[  253], 99.95th=[  253],
     | 99.99th=[  253]
  lat (msec)   : 500=100.00%
  cpu          : usr=20.12%, sys=79.26%, ctx=3, majf=0, minf=6
  IO depths    : 1=100.0%, 2=0.0%, 4=0.0%, 8=0.0%, 16=0.0%, 32=0.0%, >=64=0.0%
     submit    : 0=0.0%, 4=100.0%, 8=0.0%, 16=0.0%, 32=0.0%, 64=0.0%, >=64=0.0%
     complete  : 0=0.0%, 4=100.0%, 8=0.0%, 16=0.0%, 32=0.0%, 64=0.0%, >=64=0.0%
     issued rwts: total=0,1,0,0 short=0,0,0,0 dropped=0,0,0,0
     latency   : target=0, window=0, percentile=100.00%, depth=1

Run status group 0 (all jobs):
  WRITE: bw=3160MiB/s (3314MB/s), 3160MiB/s-3160MiB/s (3314MB/s-3314MB/s), io=1024MiB (1074MB), run=324-324msec

Disk stats (read/write):
  nvme0n1: ios=0/20104, merge=0/312, ticks=0/9152, in_queue=9279, util=57.97%
