buffered-write: (g=0): rw=write, bs=(R) 100MiB-100MiB, (W) 100MiB-100MiB, (T) 100MiB-100MiB, ioengine=psync, iodepth=1
fio-3.33
Starting 1 process

buffered-write: (groupid=0, jobs=1): err= 0: pid=14557: Fri Aug 15 07:38:23 2025
  write: IOPS=26, BW=2646MiB/s (2774MB/s)(500MiB/189msec); 0 zone resets
    clat (usec): min=26177, max=27741, avg=27168.50, stdev=603.94
     lat (usec): min=33926, max=42251, avg=37775.12, stdev=2996.45
    clat percentiles (usec):
     |  1.00th=[26084],  5.00th=[26084], 10.00th=[26084], 20.00th=[26084],
     | 30.00th=[27132], 40.00th=[27132], 50.00th=[27132], 60.00th=[27132],
     | 70.00th=[27657], 80.00th=[27657], 90.00th=[27657], 95.00th=[27657],
     | 99.00th=[27657], 99.50th=[27657], 99.90th=[27657], 99.95th=[27657],
     | 99.99th=[27657]
  lat (msec)   : 50=100.00%
  cpu          : usr=25.40%, sys=73.54%, ctx=20, majf=0, minf=6
  IO depths    : 1=100.0%, 2=0.0%, 4=0.0%, 8=0.0%, 16=0.0%, 32=0.0%, >=64=0.0%
     submit    : 0=0.0%, 4=100.0%, 8=0.0%, 16=0.0%, 32=0.0%, 64=0.0%, >=64=0.0%
     complete  : 0=0.0%, 4=100.0%, 8=0.0%, 16=0.0%, 32=0.0%, 64=0.0%, >=64=0.0%
     issued rwts: total=0,5,0,0 short=0,0,0,0 dropped=0,0,0,0
     latency   : target=0, window=0, percentile=100.00%, depth=1

Run status group 0 (all jobs):
  WRITE: bw=2646MiB/s (2774MB/s), 2646MiB/s-2646MiB/s (2774MB/s-2774MB/s), io=500MiB (524MB), run=189-189msec

Disk stats (read/write):
  nvme0n1: ios=0/964, merge=0/25, ticks=0/556, in_queue=561, util=20.72%
