buffered-write: (g=0): rw=write, bs=(R) 100MiB-100MiB, (W) 100MiB-100MiB, (T) 100MiB-100MiB, ioengine=psync, iodepth=1
fio-3.33
Starting 1 process

buffered-write: (groupid=0, jobs=1): err= 0: pid=15593: Fri Aug 15 07:38:24 2025
  write: IOPS=24, BW=2427MiB/s (2545MB/s)(500MiB/206msec); 0 zone resets
    clat (usec): min=27520, max=29224, avg=28646.14, stdev=687.97
     lat (usec): min=38547, max=44268, avg=41082.38, stdev=2793.12
    clat percentiles (usec):
     |  1.00th=[27395],  5.00th=[27395], 10.00th=[27395], 20.00th=[27395],
     | 30.00th=[28443], 40.00th=[28443], 50.00th=[28967], 60.00th=[28967],
     | 70.00th=[28967], 80.00th=[28967], 90.00th=[29230], 95.00th=[29230],
     | 99.00th=[29230], 99.50th=[29230], 99.90th=[29230], 99.95th=[29230],
     | 99.99th=[29230]
  lat (msec)   : 50=100.00%
  cpu          : usr=32.20%, sys=67.32%, ctx=16, majf=0, minf=6
  IO depths    : 1=100.0%, 2=0.0%, 4=0.0%, 8=0.0%, 16=0.0%, 32=0.0%, >=64=0.0%
     submit    : 0=0.0%, 4=100.0%, 8=0.0%, 16=0.0%, 32=0.0%, 64=0.0%, >=64=0.0%
     complete  : 0=0.0%, 4=100.0%, 8=0.0%, 16=0.0%, 32=0.0%, 64=0.0%, >=64=0.0%
     issued rwts: total=0,5,0,0 short=0,0,0,0 dropped=0,0,0,0
     latency   : target=0, window=0, percentile=100.00%, depth=1

Run status group 0 (all jobs):
  WRITE: bw=2427MiB/s (2545MB/s), 2427MiB/s-2427MiB/s (2545MB/s-2545MB/s), io=500MiB (524MB), run=206-206msec

Disk stats (read/write):
  nvme0n1: ios=0/801, merge=0/28, ticks=0/625, in_queue=629, util=11.24%
