buffered-write: (g=0): rw=write, bs=(R) 100MiB-100MiB, (W) 100MiB-100MiB, (T) 100MiB-100MiB, ioengine=psync, iodepth=1
fio-3.33
Starting 1 process

buffered-write: (groupid=0, jobs=1): err= 0: pid=13785: Thu Aug 14 19:56:25 2025
  write: IOPS=26, BW=2632MiB/s (2759MB/s)(600MiB/228msec); 0 zone resets
    clat (usec): min=20138, max=34824, avg=26528.09, stdev=4779.70
     lat (usec): min=29991, max=45650, avg=37796.92, stdev=6021.99
    clat percentiles (usec):
     |  1.00th=[20055],  5.00th=[20055], 10.00th=[20055], 20.00th=[25035],
     | 30.00th=[25035], 40.00th=[25297], 50.00th=[25297], 60.00th=[26346],
     | 70.00th=[27395], 80.00th=[27395], 90.00th=[34866], 95.00th=[34866],
     | 99.00th=[34866], 99.50th=[34866], 99.90th=[34866], 99.95th=[34866],
     | 99.99th=[34866]
  lat (msec)   : 50=100.00%
  cpu          : usr=28.19%, sys=70.04%, ctx=13, majf=0, minf=6
  IO depths    : 1=100.0%, 2=0.0%, 4=0.0%, 8=0.0%, 16=0.0%, 32=0.0%, >=64=0.0%
     submit    : 0=0.0%, 4=100.0%, 8=0.0%, 16=0.0%, 32=0.0%, 64=0.0%, >=64=0.0%
     complete  : 0=0.0%, 4=100.0%, 8=0.0%, 16=0.0%, 32=0.0%, 64=0.0%, >=64=0.0%
     issued rwts: total=0,6,0,0 short=0,0,0,0 dropped=0,0,0,0
     latency   : target=0, window=0, percentile=100.00%, depth=1

Run status group 0 (all jobs):
  WRITE: bw=2632MiB/s (2759MB/s), 2632MiB/s-2632MiB/s (2759MB/s-2759MB/s), io=600MiB (629MB), run=228-228msec

Disk stats (read/write):
  nvme0n1: ios=0/4180, merge=0/59, ticks=0/1980, in_queue=2005, util=77.11%
