buffered-write: (g=0): rw=write, bs=(R) 4096B-4096B, (W) 4096B-4096B, (T) 4096B-4096B, ioengine=psync, iodepth=1
fio-3.33
Starting 1 process

buffered-write: (groupid=0, jobs=1): err= 0: pid=66164: Thu Aug 14 19:59:17 2025
  write: IOPS=146k, BW=572MiB/s (600MB/s)(512MiB/895msec); 0 zone resets
    clat (usec): min=4, max=213, avg= 6.28, stdev= 1.65
     lat (usec): min=4, max=213, avg= 6.37, stdev= 1.65
    clat percentiles (nsec):
     |  1.00th=[ 5344],  5.00th=[ 5600], 10.00th=[ 5728], 20.00th=[ 5856],
     | 30.00th=[ 5984], 40.00th=[ 6112], 50.00th=[ 6176], 60.00th=[ 6304],
     | 70.00th=[ 6368], 80.00th=[ 6496], 90.00th=[ 6688], 95.00th=[ 6944],
     | 99.00th=[ 8096], 99.50th=[ 9152], 99.90th=[23680], 99.95th=[35072],
     | 99.99th=[75264]
   bw (  KiB/s): min=582440, max=582440, per=99.43%, avg=582440.00, stdev= 0.00, samples=1
   iops        : min=145610, max=145610, avg=145610.00, stdev= 0.00, samples=1
  lat (usec)   : 10=99.63%, 20=0.23%, 50=0.11%, 100=0.02%, 250=0.01%
  cpu          : usr=10.63%, sys=88.48%, ctx=128, majf=0, minf=6
  IO depths    : 1=100.0%, 2=0.0%, 4=0.0%, 8=0.0%, 16=0.0%, 32=0.0%, >=64=0.0%
     submit    : 0=0.0%, 4=100.0%, 8=0.0%, 16=0.0%, 32=0.0%, 64=0.0%, >=64=0.0%
     complete  : 0=0.0%, 4=100.0%, 8=0.0%, 16=0.0%, 32=0.0%, 64=0.0%, >=64=0.0%
     issued rwts: total=0,131072,0,0 short=0,0,0,0 dropped=0,0,0,0
     latency   : target=0, window=0, percentile=100.00%, depth=1

Run status group 0 (all jobs):
  WRITE: bw=572MiB/s (600MB/s), 572MiB/s-572MiB/s (600MB/s-600MB/s), io=512MiB (537MB), run=895-895msec

Disk stats (read/write):
  nvme0n1: ios=0/9828, merge=0/149, ticks=0/4938, in_queue=5004, util=51.34%
