buffered-write: (g=0): rw=write, bs=(R) 128KiB-128KiB, (W) 128KiB-128KiB, (T) 128KiB-128KiB, ioengine=psync, iodepth=1
fio-3.33
Starting 1 process

buffered-write: (groupid=0, jobs=1): err= 0: pid=76873: Thu Aug 14 19:59:29 2025
  write: IOPS=21.8k, BW=2723MiB/s (2856MB/s)(512MiB/188msec); 0 zone resets
    clat (usec): min=22, max=215, avg=43.44, stdev= 8.23
     lat (usec): min=22, max=216, avg=44.28, stdev= 8.29
    clat percentiles (usec):
     |  1.00th=[   31],  5.00th=[   38], 10.00th=[   40], 20.00th=[   41],
     | 30.00th=[   41], 40.00th=[   42], 50.00th=[   42], 60.00th=[   43],
     | 70.00th=[   44], 80.00th=[   45], 90.00th=[   51], 95.00th=[   56],
     | 99.00th=[   77], 99.50th=[   84], 99.90th=[  109], 99.95th=[  192],
     | 99.99th=[  217]
  lat (usec)   : 50=89.62%, 100=10.16%, 250=0.22%
  cpu          : usr=1.60%, sys=93.05%, ctx=104, majf=0, minf=6
  IO depths    : 1=100.0%, 2=0.0%, 4=0.0%, 8=0.0%, 16=0.0%, 32=0.0%, >=64=0.0%
     submit    : 0=0.0%, 4=100.0%, 8=0.0%, 16=0.0%, 32=0.0%, 64=0.0%, >=64=0.0%
     complete  : 0=0.0%, 4=100.0%, 8=0.0%, 16=0.0%, 32=0.0%, 64=0.0%, >=64=0.0%
     issued rwts: total=0,4096,0,0 short=0,0,0,0 dropped=0,0,0,0
     latency   : target=0, window=0, percentile=100.00%, depth=1

Run status group 0 (all jobs):
  WRITE: bw=2723MiB/s (2856MB/s), 2723MiB/s-2723MiB/s (2856MB/s-2856MB/s), io=512MiB (537MB), run=188-188msec

Disk stats (read/write):
  nvme0n1: ios=0/4150, merge=0/72, ticks=0/2360, in_queue=2382, util=81.93%
