buffered-write: (g=0): rw=write, bs=(R) 128KiB-128KiB, (W) 128KiB-128KiB, (T) 128KiB-128KiB, ioengine=psync, iodepth=1
fio-3.33
Starting 1 process

buffered-write: (groupid=0, jobs=1): err= 0: pid=47307: Fri Aug 15 07:38:48 2025
  write: IOPS=21.2k, BW=2653MiB/s (2782MB/s)(512MiB/193msec); 0 zone resets
    clat (usec): min=26, max=683, avg=45.42, stdev=21.65
     lat (usec): min=27, max=684, avg=46.46, stdev=22.15
    clat percentiles (usec):
     |  1.00th=[   31],  5.00th=[   35], 10.00th=[   38], 20.00th=[   40],
     | 30.00th=[   41], 40.00th=[   42], 50.00th=[   42], 60.00th=[   43],
     | 70.00th=[   44], 80.00th=[   46], 90.00th=[   51], 95.00th=[   58],
     | 99.00th=[  172], 99.50th=[  180], 99.90th=[  247], 99.95th=[  289],
     | 99.99th=[  685]
  lat (usec)   : 50=89.75%, 100=8.40%, 250=1.76%, 500=0.07%, 750=0.02%
  cpu          : usr=1.56%, sys=90.10%, ctx=250, majf=0, minf=6
  IO depths    : 1=100.0%, 2=0.0%, 4=0.0%, 8=0.0%, 16=0.0%, 32=0.0%, >=64=0.0%
     submit    : 0=0.0%, 4=100.0%, 8=0.0%, 16=0.0%, 32=0.0%, 64=0.0%, >=64=0.0%
     complete  : 0=0.0%, 4=100.0%, 8=0.0%, 16=0.0%, 32=0.0%, 64=0.0%, >=64=0.0%
     issued rwts: total=0,4096,0,0 short=0,0,0,0 dropped=0,0,0,0
     latency   : target=0, window=0, percentile=100.00%, depth=1

Run status group 0 (all jobs):
  WRITE: bw=2653MiB/s (2782MB/s), 2653MiB/s-2653MiB/s (2782MB/s-2782MB/s), io=512MiB (537MB), run=193-193msec

Disk stats (read/write):
  nvme0n1: ios=0/4044, merge=0/70, ticks=0/2221, in_queue=2241, util=69.84%
