buffered-read: (g=0): rw=read, bs=(R) 128KiB-128KiB, (W) 128KiB-128KiB, (T) 128KiB-128KiB, ioengine=psync, iodepth=1
fio-3.33
Starting 1 process

buffered-read: (groupid=0, jobs=1): err= 0: pid=5346: Thu Aug 14 19:52:56 2025
  read: IOPS=28.4k, BW=3556MiB/s (3728MB/s)(512MiB/144msec)
    clat (usec): min=14, max=357, avg=34.36, stdev=12.01
     lat (usec): min=14, max=357, avg=34.43, stdev=12.00
    clat percentiles (usec):
     |  1.00th=[   23],  5.00th=[   24], 10.00th=[   25], 20.00th=[   26],
     | 30.00th=[   26], 40.00th=[   27], 50.00th=[   37], 60.00th=[   40],
     | 70.00th=[   41], 80.00th=[   44], 90.00th=[   45], 95.00th=[   46],
     | 99.00th=[   52], 99.50th=[   59], 99.90th=[  178], 99.95th=[  184],
     | 99.99th=[  359]
  lat (usec)   : 20=0.20%, 50=98.41%, 100=1.17%, 250=0.20%, 500=0.02%
  cpu          : usr=0.00%, sys=98.60%, ctx=18, majf=0, minf=13
  IO depths    : 1=100.0%, 2=0.0%, 4=0.0%, 8=0.0%, 16=0.0%, 32=0.0%, >=64=0.0%
     submit    : 0=0.0%, 4=100.0%, 8=0.0%, 16=0.0%, 32=0.0%, 64=0.0%, >=64=0.0%
     complete  : 0=0.0%, 4=100.0%, 8=0.0%, 16=0.0%, 32=0.0%, 64=0.0%, >=64=0.0%
     issued rwts: total=4096,0,0,0 short=0,0,0,0 dropped=0,0,0,0
     latency   : target=0, window=0, percentile=100.00%, depth=1

Run status group 0 (all jobs):
   READ: bw=3556MiB/s (3728MB/s), 3556MiB/s-3556MiB/s (3728MB/s-3728MB/s), io=512MiB (537MB), run=144-144msec

Disk stats (read/write):
  nvme0n1: ios=0/0, merge=0/0, ticks=0/0, in_queue=0, util=0.00%
