buffered-write: (g=0): rw=write, bs=(R) 10.0MiB-10.0MiB, (W) 10.0MiB-10.0MiB, (T) 10.0MiB-10.0MiB, ioengine=psync, iodepth=1
fio-3.33
Starting 1 process

buffered-write: (groupid=0, jobs=1): err= 0: pid=13501: Fri Aug 15 07:38:22 2025
  write: IOPS=324, BW=3248MiB/s (3406MB/s)(510MiB/157msec); 0 zone resets
    clat (usec): min=2074, max=2938, avg=2260.97, stdev=178.66
     lat (usec): min=2583, max=3843, avg=3070.25, stdev=266.01
    clat percentiles (usec):
     |  1.00th=[ 2073],  5.00th=[ 2089], 10.00th=[ 2114], 20.00th=[ 2147],
     | 30.00th=[ 2147], 40.00th=[ 2180], 50.00th=[ 2180], 60.00th=[ 2212],
     | 70.00th=[ 2311], 80.00th=[ 2409], 90.00th=[ 2507], 95.00th=[ 2606],
     | 99.00th=[ 2933], 99.50th=[ 2933], 99.90th=[ 2933], 99.95th=[ 2933],
     | 99.99th=[ 2933]
  lat (msec)   : 4=100.00%
  cpu          : usr=30.13%, sys=70.51%, ctx=8, majf=0, minf=6
  IO depths    : 1=100.0%, 2=0.0%, 4=0.0%, 8=0.0%, 16=0.0%, 32=0.0%, >=64=0.0%
     submit    : 0=0.0%, 4=100.0%, 8=0.0%, 16=0.0%, 32=0.0%, 64=0.0%, >=64=0.0%
     complete  : 0=0.0%, 4=100.0%, 8=0.0%, 16=0.0%, 32=0.0%, 64=0.0%, >=64=0.0%
     issued rwts: total=0,51,0,0 short=0,0,0,0 dropped=0,0,0,0
     latency   : target=0, window=0, percentile=100.00%, depth=1

Run status group 0 (all jobs):
  WRITE: bw=3248MiB/s (3406MB/s), 3248MiB/s-3248MiB/s (3406MB/s-3406MB/s), io=510MiB (535MB), run=157-157msec

Disk stats (read/write):
  nvme0n1: ios=0/2138, merge=0/39, ticks=0/1422, in_queue=1434, util=49.80%
