buffered-write: (g=0): rw=write, bs=(R) 1024MiB-1024MiB, (W) 1024MiB-1024MiB, (T) 1024MiB-1024MiB, ioengine=psync, iodepth=1
fio-3.33
Starting 1 process

buffered-write: (groupid=0, jobs=1): err= 0: pid=22126: Thu Aug 14 19:56:35 2025
  write: IOPS=2, BW=2516MiB/s (2638MB/s)(1024MiB/407msec); 0 zone resets
    clat (nsec): min=253156k, max=253156k, avg=253155869.00, stdev= 0.00
     lat (nsec): min=405914k, max=405914k, avg=405914387.00, stdev= 0.00
    clat percentiles (msec):
     |  1.00th=[  253],  5.00th=[  253], 10.00th=[  253], 20.00th=[  253],
     | 30.00th=[  253], 40.00th=[  253], 50.00th=[  253], 60.00th=[  253],
     | 70.00th=[  253], 80.00th=[  253], 90.00th=[  253], 95.00th=[  253],
     | 99.00th=[  253], 99.50th=[  253], 99.90th=[  253], 99.95th=[  253],
     | 99.99th=[  253]
  lat (msec)   : 500=100.00%
  cpu          : usr=37.68%, sys=62.81%, ctx=2, majf=0, minf=6
  IO depths    : 1=100.0%, 2=0.0%, 4=0.0%, 8=0.0%, 16=0.0%, 32=0.0%, >=64=0.0%
     submit    : 0=0.0%, 4=100.0%, 8=0.0%, 16=0.0%, 32=0.0%, 64=0.0%, >=64=0.0%
     complete  : 0=0.0%, 4=100.0%, 8=0.0%, 16=0.0%, 32=0.0%, 64=0.0%, >=64=0.0%
     issued rwts: total=0,1,0,0 short=0,0,0,0 dropped=0,0,0,0
     latency   : target=0, window=0, percentile=100.00%, depth=1

Run status group 0 (all jobs):
  WRITE: bw=2516MiB/s (2638MB/s), 2516MiB/s-2516MiB/s (2638MB/s-2638MB/s), io=1024MiB (1074MB), run=407-407msec

Disk stats (read/write):
  nvme0n1: ios=0/17799, merge=0/279, ticks=0/7421, in_queue=7529, util=84.17%
