buffered-write: (g=0): rw=write, bs=(R) 100MiB-100MiB, (W) 100MiB-100MiB, (T) 100MiB-100MiB, ioengine=psync, iodepth=1
fio-3.33
Starting 1 process

buffered-write: (groupid=0, jobs=1): err= 0: pid=51940: Thu Aug 14 19:58:53 2025
  write: IOPS=25, BW=2521MiB/s (2643MB/s)(600MiB/238msec); 0 zone resets
    clat (usec): min=20623, max=30451, avg=26682.80, stdev=3268.86
     lat (usec): min=31181, max=46343, avg=39529.45, stdev=5264.75
    clat percentiles (usec):
     |  1.00th=[20579],  5.00th=[20579], 10.00th=[20579], 20.00th=[26608],
     | 30.00th=[26608], 40.00th=[26870], 50.00th=[26870], 60.00th=[27395],
     | 70.00th=[27919], 80.00th=[27919], 90.00th=[30540], 95.00th=[30540],
     | 99.00th=[30540], 99.50th=[30540], 99.90th=[30540], 99.95th=[30540],
     | 99.99th=[30540]
  lat (msec)   : 50=100.00%
  cpu          : usr=32.07%, sys=62.03%, ctx=107, majf=0, minf=6
  IO depths    : 1=100.0%, 2=0.0%, 4=0.0%, 8=0.0%, 16=0.0%, 32=0.0%, >=64=0.0%
     submit    : 0=0.0%, 4=100.0%, 8=0.0%, 16=0.0%, 32=0.0%, 64=0.0%, >=64=0.0%
     complete  : 0=0.0%, 4=100.0%, 8=0.0%, 16=0.0%, 32=0.0%, 64=0.0%, >=64=0.0%
     issued rwts: total=0,6,0,0 short=0,0,0,0 dropped=0,0,0,0
     latency   : target=0, window=0, percentile=100.00%, depth=1

Run status group 0 (all jobs):
  WRITE: bw=2521MiB/s (2643MB/s), 2521MiB/s-2521MiB/s (2643MB/s-2643MB/s), io=600MiB (629MB), run=238-238msec

Disk stats (read/write):
  nvme0n1: ios=0/3889, merge=0/57, ticks=0/1614, in_queue=1639, util=67.47%
