buffered-write: (g=0): rw=write, bs=(R) 4096B-4096B, (W) 4096B-4096B, (T) 4096B-4096B, ioengine=psync, iodepth=1
fio-3.33
Starting 1 process

buffered-write: (groupid=0, jobs=1): err= 0: pid=19848: Fri Aug 15 07:38:32 2025
  write: IOPS=127k, BW=495MiB/s (519MB/s)(512MiB/1035msec); 0 zone resets
    clat (usec): min=5, max=387, avg= 7.38, stdev= 3.83
     lat (usec): min=5, max=387, avg= 7.47, stdev= 3.84
    clat percentiles (usec):
     |  1.00th=[    7],  5.00th=[    7], 10.00th=[    7], 20.00th=[    7],
     | 30.00th=[    8], 40.00th=[    8], 50.00th=[    8], 60.00th=[    8],
     | 70.00th=[    8], 80.00th=[    8], 90.00th=[    8], 95.00th=[    9],
     | 99.00th=[   10], 99.50th=[   11], 99.90th=[   39], 99.95th=[   95],
     | 99.99th=[  182]
   bw (  KiB/s): min=506840, max=507480, per=100.00%, avg=507160.00, stdev=452.55, samples=2
   iops        : min=126710, max=126870, avg=126790.00, stdev=113.14, samples=2
  lat (usec)   : 10=99.42%, 20=0.34%, 50=0.17%, 100=0.02%, 250=0.05%
  lat (usec)   : 500=0.01%
  cpu          : usr=11.41%, sys=86.75%, ctx=399, majf=0, minf=6
  IO depths    : 1=100.0%, 2=0.0%, 4=0.0%, 8=0.0%, 16=0.0%, 32=0.0%, >=64=0.0%
     submit    : 0=0.0%, 4=100.0%, 8=0.0%, 16=0.0%, 32=0.0%, 64=0.0%, >=64=0.0%
     complete  : 0=0.0%, 4=100.0%, 8=0.0%, 16=0.0%, 32=0.0%, 64=0.0%, >=64=0.0%
     issued rwts: total=0,131072,0,0 short=0,0,0,0 dropped=0,0,0,0
     latency   : target=0, window=0, percentile=100.00%, depth=1

Run status group 0 (all jobs):
  WRITE: bw=495MiB/s (519MB/s), 495MiB/s-495MiB/s (519MB/s-519MB/s), io=512MiB (537MB), run=1035-1035msec

Disk stats (read/write):
  nvme0n1: ios=0/15418, merge=0/281, ticks=0/9110, in_queue=9175, util=78.96%
