buffered-read: (g=0): rw=read, bs=(R) 4096B-4096B, (W) 4096B-4096B, (T) 4096B-4096B, ioengine=psync, iodepth=1
fio-3.33
Starting 1 process

buffered-read: (groupid=0, jobs=1): err= 0: pid=5145: Thu Aug 14 19:52:50 2025
  read: IOPS=455k, BW=1778MiB/s (1864MB/s)(512MiB/288msec)
    clat (nsec): min=629, max=401897, avg=1861.39, stdev=7632.59
     lat (nsec): min=685, max=401952, avg=1912.89, stdev=7637.90
    clat percentiles (nsec):
     |  1.00th=[  652],  5.00th=[  652], 10.00th=[  652], 20.00th=[  668],
     | 30.00th=[  684], 40.00th=[  708], 50.00th=[  780], 60.00th=[  868],
     | 70.00th=[ 1004], 80.00th=[ 1192], 90.00th=[ 1512], 95.00th=[ 1848],
     | 99.00th=[55040], 99.50th=[62720], 99.90th=[75264], 99.95th=[79360],
     | 99.99th=[96768]
  lat (nsec)   : 750=47.15%, 1000=22.50%
  lat (usec)   : 2=26.37%, 4=2.38%, 10=0.02%, 20=0.01%, 50=0.29%
  lat (usec)   : 100=1.28%, 250=0.01%, 500=0.01%
  cpu          : usr=23.00%, sys=75.61%, ctx=21, majf=0, minf=6
  IO depths    : 1=100.0%, 2=0.0%, 4=0.0%, 8=0.0%, 16=0.0%, 32=0.0%, >=64=0.0%
     submit    : 0=0.0%, 4=100.0%, 8=0.0%, 16=0.0%, 32=0.0%, 64=0.0%, >=64=0.0%
     complete  : 0=0.0%, 4=100.0%, 8=0.0%, 16=0.0%, 32=0.0%, 64=0.0%, >=64=0.0%
     issued rwts: total=131072,0,0,0 short=0,0,0,0 dropped=0,0,0,0
     latency   : target=0, window=0, percentile=100.00%, depth=1

Run status group 0 (all jobs):
   READ: bw=1778MiB/s (1864MB/s), 1778MiB/s-1778MiB/s (1864MB/s-1864MB/s), io=512MiB (537MB), run=288-288msec

Disk stats (read/write):
  nvme0n1: ios=7/0, merge=0/0, ticks=1/0, in_queue=1, util=0.00%
