buffered-write: (g=0): rw=write, bs=(R) 128KiB-128KiB, (W) 128KiB-128KiB, (T) 128KiB-128KiB, ioengine=psync, iodepth=1
fio-3.33
Starting 1 process

buffered-write: (groupid=0, jobs=1): err= 0: pid=40682: Thu Aug 14 19:56:59 2025
  write: IOPS=23.5k, BW=2943MiB/s (3085MB/s)(512MiB/174msec); 0 zone resets
    clat (usec): min=26, max=232, avg=39.73, stdev= 9.46
     lat (usec): min=27, max=233, avg=40.57, stdev= 9.50
    clat percentiles (usec):
     |  1.00th=[   30],  5.00th=[   33], 10.00th=[   34], 20.00th=[   35],
     | 30.00th=[   36], 40.00th=[   38], 50.00th=[   39], 60.00th=[   40],
     | 70.00th=[   41], 80.00th=[   43], 90.00th=[   46], 95.00th=[   51],
     | 99.00th=[   89], 99.50th=[   98], 99.90th=[  122], 99.95th=[  159],
     | 99.99th=[  233]
  lat (usec)   : 50=94.58%, 100=4.96%, 250=0.46%
  cpu          : usr=6.36%, sys=89.02%, ctx=7, majf=0, minf=6
  IO depths    : 1=100.0%, 2=0.0%, 4=0.0%, 8=0.0%, 16=0.0%, 32=0.0%, >=64=0.0%
     submit    : 0=0.0%, 4=100.0%, 8=0.0%, 16=0.0%, 32=0.0%, 64=0.0%, >=64=0.0%
     complete  : 0=0.0%, 4=100.0%, 8=0.0%, 16=0.0%, 32=0.0%, 64=0.0%, >=64=0.0%
     issued rwts: total=0,4096,0,0 short=0,0,0,0 dropped=0,0,0,0
     latency   : target=0, window=0, percentile=100.00%, depth=1

Run status group 0 (all jobs):
  WRITE: bw=2943MiB/s (3085MB/s), 2943MiB/s-2943MiB/s (3085MB/s-3085MB/s), io=512MiB (537MB), run=174-174msec

Disk stats (read/write):
  nvme0n1: ios=0/3912, merge=0/61, ticks=0/2836, in_queue=2862, util=53.01%
