buffered-write: (g=0): rw=write, bs=(R) 4096B-4096B, (W) 4096B-4096B, (T) 4096B-4096B, ioengine=psync, iodepth=1
fio-3.33
Starting 1 process

buffered-write: (groupid=0, jobs=1): err= 0: pid=36785: Fri Aug 15 07:38:44 2025
  write: IOPS=128k, BW=500MiB/s (524MB/s)(512MiB/1025msec); 0 zone resets
    clat (usec): min=5, max=346, avg= 7.31, stdev= 2.16
     lat (usec): min=5, max=346, avg= 7.40, stdev= 2.17
    clat percentiles (nsec):
     |  1.00th=[ 6240],  5.00th=[ 6496], 10.00th=[ 6624], 20.00th=[ 6816],
     | 30.00th=[ 6944], 40.00th=[ 7072], 50.00th=[ 7200], 60.00th=[ 7328],
     | 70.00th=[ 7456], 80.00th=[ 7584], 90.00th=[ 7776], 95.00th=[ 7968],
     | 99.00th=[ 9024], 99.50th=[14784], 99.90th=[34048], 99.95th=[39168],
     | 99.99th=[61696]
   bw (  KiB/s): min=510168, max=515048, per=100.00%, avg=512608.00, stdev=3450.68, samples=2
   iops        : min=127542, max=128762, avg=128152.00, stdev=862.67, samples=2
  lat (usec)   : 10=99.34%, 20=0.36%, 50=0.28%, 100=0.01%, 250=0.01%
  lat (usec)   : 500=0.01%
  cpu          : usr=10.35%, sys=88.28%, ctx=619, majf=0, minf=6
  IO depths    : 1=100.0%, 2=0.0%, 4=0.0%, 8=0.0%, 16=0.0%, 32=0.0%, >=64=0.0%
     submit    : 0=0.0%, 4=100.0%, 8=0.0%, 16=0.0%, 32=0.0%, 64=0.0%, >=64=0.0%
     complete  : 0=0.0%, 4=100.0%, 8=0.0%, 16=0.0%, 32=0.0%, 64=0.0%, >=64=0.0%
     issued rwts: total=0,131072,0,0 short=0,0,0,0 dropped=0,0,0,0
     latency   : target=0, window=0, percentile=100.00%, depth=1

Run status group 0 (all jobs):
  WRITE: bw=500MiB/s (524MB/s), 500MiB/s-500MiB/s (524MB/s-524MB/s), io=512MiB (537MB), run=1025-1025msec

Disk stats (read/write):
  nvme0n1: ios=0/18668, merge=0/292, ticks=0/14946, in_queue=15012, util=91.78%
