buffered-read: (g=0): rw=read, bs=(R) 4096B-4096B, (W) 4096B-4096B, (T) 4096B-4096B, ioengine=psync, iodepth=1
fio-3.33
Starting 1 process

buffered-read: (groupid=0, jobs=1): err= 0: pid=3196: Fri Aug 15 07:07:11 2025
  read: IOPS=101k, BW=396MiB/s (415MB/s)(512MiB/1293msec)
    clat (nsec): min=648, max=581981, avg=9408.55, stdev=48501.62
     lat (nsec): min=685, max=582056, avg=9477.89, stdev=48501.39
    clat percentiles (nsec):
     |  1.00th=[   668],  5.00th=[   684], 10.00th=[   868], 20.00th=[   908],
     | 30.00th=[   924], 40.00th=[   924], 50.00th=[   948], 60.00th=[  1096],
     | 70.00th=[  1112], 80.00th=[  1128], 90.00th=[  1208], 95.00th=[  1432],
     | 99.00th=[268288], 99.50th=[268288], 99.90th=[497664], 99.95th=[514048],
     | 99.99th=[536576]
   bw (  KiB/s): min=404672, max=406272, per=100.00%, avg=405472.00, stdev=1131.37, samples=2
   iops        : min=101168, max=101568, avg=101368.00, stdev=282.84, samples=2
  lat (nsec)   : 750=6.30%, 1000=48.50%
  lat (usec)   : 2=42.04%, 4=0.01%, 10=0.03%, 20=0.01%, 50=0.08%
  lat (usec)   : 100=0.05%, 250=0.09%, 500=2.82%, 750=0.10%
  cpu          : usr=7.74%, sys=14.16%, ctx=4109, majf=0, minf=6
  IO depths    : 1=100.0%, 2=0.0%, 4=0.0%, 8=0.0%, 16=0.0%, 32=0.0%, >=64=0.0%
     submit    : 0=0.0%, 4=100.0%, 8=0.0%, 16=0.0%, 32=0.0%, 64=0.0%, >=64=0.0%
     complete  : 0=0.0%, 4=100.0%, 8=0.0%, 16=0.0%, 32=0.0%, 64=0.0%, >=64=0.0%
     issued rwts: total=131072,0,0,0 short=0,0,0,0 dropped=0,0,0,0
     latency   : target=0, window=0, percentile=100.00%, depth=1

Run status group 0 (all jobs):
   READ: bw=396MiB/s (415MB/s), 396MiB/s-396MiB/s (415MB/s-415MB/s), io=512MiB (537MB), run=1293-1293msec

Disk stats (read/write):
  nvme0n1: ios=3662/0, merge=89/0, ticks=2069/0, in_queue=2070, util=72.12%
