buffered-write: (g=0): rw=write, bs=(R) 4096B-4096B, (W) 4096B-4096B, (T) 4096B-4096B, ioengine=psync, iodepth=1
fio-3.33
Starting 1 process

buffered-write: (groupid=0, jobs=1): err= 0: pid=25838: Fri Aug 15 07:38:36 2025
  write: IOPS=126k, BW=493MiB/s (517MB/s)(512MiB/1039msec); 0 zone resets
    clat (usec): min=5, max=388, avg= 7.38, stdev= 3.56
     lat (usec): min=5, max=388, avg= 7.47, stdev= 3.60
    clat percentiles (usec):
     |  1.00th=[    7],  5.00th=[    7], 10.00th=[    7], 20.00th=[    7],
     | 30.00th=[    8], 40.00th=[    8], 50.00th=[    8], 60.00th=[    8],
     | 70.00th=[    8], 80.00th=[    8], 90.00th=[    8], 95.00th=[    9],
     | 99.00th=[    9], 99.50th=[   11], 99.90th=[   32], 99.95th=[   53],
     | 99.99th=[  188]
   bw (  KiB/s): min=504224, max=505672, per=100.00%, avg=504948.00, stdev=1023.89, samples=2
   iops        : min=126056, max=126418, avg=126237.00, stdev=255.97, samples=2
  lat (usec)   : 10=99.48%, 20=0.32%, 50=0.15%, 100=0.02%, 250=0.03%
  lat (usec)   : 500=0.01%
  cpu          : usr=11.37%, sys=87.09%, ctx=291, majf=0, minf=6
  IO depths    : 1=100.0%, 2=0.0%, 4=0.0%, 8=0.0%, 16=0.0%, 32=0.0%, >=64=0.0%
     submit    : 0=0.0%, 4=100.0%, 8=0.0%, 16=0.0%, 32=0.0%, 64=0.0%, >=64=0.0%
     complete  : 0=0.0%, 4=100.0%, 8=0.0%, 16=0.0%, 32=0.0%, 64=0.0%, >=64=0.0%
     issued rwts: total=0,131072,0,0 short=0,0,0,0 dropped=0,0,0,0
     latency   : target=0, window=0, percentile=100.00%, depth=1

Run status group 0 (all jobs):
  WRITE: bw=493MiB/s (517MB/s), 493MiB/s-493MiB/s (517MB/s-517MB/s), io=512MiB (537MB), run=1039-1039msec

Disk stats (read/write):
  nvme0n1: ios=0/18193, merge=0/293, ticks=0/12968, in_queue=13036, util=90.67%
