buffered-read: (g=0): rw=read, bs=(R) 1024KiB-1024KiB, (W) 1024KiB-1024KiB, (T) 1024KiB-1024KiB, ioengine=psync, iodepth=1
fio-3.33
Starting 1 process

buffered-read: (groupid=0, jobs=1): err= 0: pid=4344: Thu Aug 14 19:52:10 2025
  read: IOPS=2876, BW=2876MiB/s (3016MB/s)(512MiB/178msec)
    clat (usec): min=280, max=741, avg=345.19, stdev=44.72
     lat (usec): min=280, max=742, avg=345.34, stdev=44.73
    clat percentiles (usec):
     |  1.00th=[  281],  5.00th=[  289], 10.00th=[  293], 20.00th=[  306],
     | 30.00th=[  334], 40.00th=[  343], 50.00th=[  351], 60.00th=[  355],
     | 70.00th=[  359], 80.00th=[  367], 90.00th=[  379], 95.00th=[  388],
     | 99.00th=[  502], 99.50th=[  668], 99.90th=[  742], 99.95th=[  742],
     | 99.99th=[  742]
  lat (usec)   : 500=99.02%, 750=0.98%
  cpu          : usr=0.00%, sys=98.87%, ctx=18, majf=0, minf=70
  IO depths    : 1=100.0%, 2=0.0%, 4=0.0%, 8=0.0%, 16=0.0%, 32=0.0%, >=64=0.0%
     submit    : 0=0.0%, 4=100.0%, 8=0.0%, 16=0.0%, 32=0.0%, 64=0.0%, >=64=0.0%
     complete  : 0=0.0%, 4=100.0%, 8=0.0%, 16=0.0%, 32=0.0%, 64=0.0%, >=64=0.0%
     issued rwts: total=512,0,0,0 short=0,0,0,0 dropped=0,0,0,0
     latency   : target=0, window=0, percentile=100.00%, depth=1

Run status group 0 (all jobs):
   READ: bw=2876MiB/s (3016MB/s), 2876MiB/s-2876MiB/s (3016MB/s-3016MB/s), io=512MiB (537MB), run=178-178msec

Disk stats (read/write):
  nvme0n1: ios=9/0, merge=0/0, ticks=1/0, in_queue=1, util=0.00%
