buffered-write: (g=0): rw=write, bs=(R) 128KiB-128KiB, (W) 128KiB-128KiB, (T) 128KiB-128KiB, ioengine=psync, iodepth=1
fio-3.33
Starting 1 process

buffered-write: (groupid=0, jobs=1): err= 0: pid=72891: Thu Aug 14 19:59:25 2025
  write: IOPS=21.2k, BW=2653MiB/s (2782MB/s)(512MiB/193msec); 0 zone resets
    clat (usec): min=20, max=362, avg=40.14, stdev=24.43
     lat (usec): min=21, max=363, avg=41.09, stdev=24.91
    clat percentiles (usec):
     |  1.00th=[   28],  5.00th=[   32], 10.00th=[   34], 20.00th=[   35],
     | 30.00th=[   36], 40.00th=[   37], 50.00th=[   37], 60.00th=[   38],
     | 70.00th=[   39], 80.00th=[   41], 90.00th=[   43], 95.00th=[   48],
     | 99.00th=[  163], 99.50th=[  273], 99.90th=[  343], 99.95th=[  351],
     | 99.99th=[  363]
  lat (usec)   : 50=95.58%, 100=3.17%, 250=0.63%, 500=0.61%
  cpu          : usr=3.65%, sys=78.12%, ctx=202, majf=0, minf=6
  IO depths    : 1=100.0%, 2=0.0%, 4=0.0%, 8=0.0%, 16=0.0%, 32=0.0%, >=64=0.0%
     submit    : 0=0.0%, 4=100.0%, 8=0.0%, 16=0.0%, 32=0.0%, 64=0.0%, >=64=0.0%
     complete  : 0=0.0%, 4=100.0%, 8=0.0%, 16=0.0%, 32=0.0%, 64=0.0%, >=64=0.0%
     issued rwts: total=0,4096,0,0 short=0,0,0,0 dropped=0,0,0,0
     latency   : target=0, window=0, percentile=100.00%, depth=1

Run status group 0 (all jobs):
  WRITE: bw=2653MiB/s (2782MB/s), 2653MiB/s-2653MiB/s (2782MB/s-2782MB/s), io=512MiB (537MB), run=193-193msec

Disk stats (read/write):
  nvme0n1: ios=4/4048, merge=0/63, ticks=1/2005, in_queue=2029, util=83.53%
