buffered-write: (g=0): rw=write, bs=(R) 10.0MiB-10.0MiB, (W) 10.0MiB-10.0MiB, (T) 10.0MiB-10.0MiB, ioengine=psync, iodepth=1
fio-3.33
Starting 1 process

buffered-write: (groupid=0, jobs=1): err= 0: pid=46713: Thu Aug 14 19:58:47 2025
  write: IOPS=281, BW=2811MiB/s (2947MB/s)(520MiB/185msec); 0 zone resets
    clat (usec): min=1986, max=2959, avg=2561.99, stdev=249.31
     lat (usec): min=2748, max=4052, avg=3530.43, stdev=294.32
    clat percentiles (usec):
     |  1.00th=[ 1991],  5.00th=[ 2212], 10.00th=[ 2245], 20.00th=[ 2245],
     | 30.00th=[ 2311], 40.00th=[ 2540], 50.00th=[ 2671], 60.00th=[ 2704],
     | 70.00th=[ 2737], 80.00th=[ 2769], 90.00th=[ 2802], 95.00th=[ 2900],
     | 99.00th=[ 2966], 99.50th=[ 2966], 99.90th=[ 2966], 99.95th=[ 2966],
     | 99.99th=[ 2966]
  lat (msec)   : 2=1.92%, 4=98.08%
  cpu          : usr=32.07%, sys=66.85%, ctx=37, majf=0, minf=6
  IO depths    : 1=100.0%, 2=0.0%, 4=0.0%, 8=0.0%, 16=0.0%, 32=0.0%, >=64=0.0%
     submit    : 0=0.0%, 4=100.0%, 8=0.0%, 16=0.0%, 32=0.0%, 64=0.0%, >=64=0.0%
     complete  : 0=0.0%, 4=100.0%, 8=0.0%, 16=0.0%, 32=0.0%, 64=0.0%, >=64=0.0%
     issued rwts: total=0,52,0,0 short=0,0,0,0 dropped=0,0,0,0
     latency   : target=0, window=0, percentile=100.00%, depth=1

Run status group 0 (all jobs):
  WRITE: bw=2811MiB/s (2947MB/s), 2811MiB/s-2811MiB/s (2947MB/s-2947MB/s), io=520MiB (545MB), run=185-185msec

Disk stats (read/write):
  nvme0n1: ios=0/4380, merge=0/69, ticks=0/1867, in_queue=1894, util=81.93%
