buffered-read: (g=0): rw=read, bs=(R) 1024KiB-1024KiB, (W) 1024KiB-1024KiB, (T) 1024KiB-1024KiB, ioengine=psync, iodepth=1
fio-3.33
Starting 1 process

buffered-read: (groupid=0, jobs=1): err= 0: pid=1989: Fri Aug 15 07:06:14 2025
  read: IOPS=385, BW=386MiB/s (404MB/s)(512MiB/1328msec)
    clat (usec): min=2324, max=5971, avg=2586.81, stdev=280.73
     lat (usec): min=2324, max=5972, avg=2587.29, stdev=280.77
    clat percentiles (usec):
     |  1.00th=[ 2409],  5.00th=[ 2474], 10.00th=[ 2474], 20.00th=[ 2507],
     | 30.00th=[ 2507], 40.00th=[ 2507], 50.00th=[ 2507], 60.00th=[ 2507],
     | 70.00th=[ 2540], 80.00th=[ 2573], 90.00th=[ 2737], 95.00th=[ 2933],
     | 99.00th=[ 3654], 99.50th=[ 4178], 99.90th=[ 5997], 99.95th=[ 5997],
     | 99.99th=[ 5997]
   bw (  KiB/s): min=391168, max=401408, per=100.00%, avg=396288.00, stdev=7240.77, samples=2
   iops        : min=  382, max=  392, avg=387.00, stdev= 7.07, samples=2
  lat (msec)   : 4=99.22%, 10=0.78%
  cpu          : usr=0.00%, sys=18.09%, ctx=4046, majf=0, minf=70
  IO depths    : 1=100.0%, 2=0.0%, 4=0.0%, 8=0.0%, 16=0.0%, 32=0.0%, >=64=0.0%
     submit    : 0=0.0%, 4=100.0%, 8=0.0%, 16=0.0%, 32=0.0%, 64=0.0%, >=64=0.0%
     complete  : 0=0.0%, 4=100.0%, 8=0.0%, 16=0.0%, 32=0.0%, 64=0.0%, >=64=0.0%
     issued rwts: total=512,0,0,0 short=0,0,0,0 dropped=0,0,0,0
     latency   : target=0, window=0, percentile=100.00%, depth=1

Run status group 0 (all jobs):
   READ: bw=386MiB/s (404MB/s), 386MiB/s-386MiB/s (404MB/s-404MB/s), io=512MiB (537MB), run=1328-1328msec

Disk stats (read/write):
  nvme0n1: ios=3705/0, merge=125/0, ticks=2225/0, in_queue=2226, util=76.92%
