buffered-write: (g=0): rw=write, bs=(R) 1024KiB-1024KiB, (W) 1024KiB-1024KiB, (T) 1024KiB-1024KiB, ioengine=psync, iodepth=1
fio-3.33
Starting 1 process

buffered-write: (groupid=0, jobs=1): err= 0: pid=8216: Fri Aug 15 07:38:17 2025
  write: IOPS=7013, BW=7014MiB/s (7354MB/s)(512MiB/73msec); 0 zone resets
    clat (usec): min=97, max=406, avg=123.92, stdev=40.03
     lat (usec): min=107, max=421, avg=141.25, stdev=45.75
    clat percentiles (usec):
     |  1.00th=[  100],  5.00th=[  102], 10.00th=[  103], 20.00th=[  105],
     | 30.00th=[  106], 40.00th=[  109], 50.00th=[  110], 60.00th=[  113],
     | 70.00th=[  118], 80.00th=[  125], 90.00th=[  157], 95.00th=[  233],
     | 99.00th=[  277], 99.50th=[  322], 99.90th=[  408], 99.95th=[  408],
     | 99.99th=[  408]
  lat (usec)   : 100=1.76%, 250=96.29%, 500=1.95%
  cpu          : usr=8.33%, sys=73.61%, ctx=133, majf=0, minf=6
  IO depths    : 1=100.0%, 2=0.0%, 4=0.0%, 8=0.0%, 16=0.0%, 32=0.0%, >=64=0.0%
     submit    : 0=0.0%, 4=100.0%, 8=0.0%, 16=0.0%, 32=0.0%, 64=0.0%, >=64=0.0%
     complete  : 0=0.0%, 4=100.0%, 8=0.0%, 16=0.0%, 32=0.0%, 64=0.0%, >=64=0.0%
     issued rwts: total=0,512,0,0 short=0,0,0,0 dropped=0,0,0,0
     latency   : target=0, window=0, percentile=100.00%, depth=1

Run status group 0 (all jobs):
  WRITE: bw=7014MiB/s (7354MB/s), 7014MiB/s-7014MiB/s (7354MB/s-7354MB/s), io=512MiB (537MB), run=73-73msec

Disk stats (read/write):
  nvme0n1: ios=0/0, merge=0/0, ticks=0/0, in_queue=0, util=0.00%
