buffered-write: (g=0): rw=write, bs=(R) 4096B-4096B, (W) 4096B-4096B, (T) 4096B-4096B, ioengine=psync, iodepth=1
fio-3.33
Starting 1 process

buffered-write: (groupid=0, jobs=1): err= 0: pid=36661: Thu Aug 14 19:56:54 2025
  write: IOPS=189k, BW=737MiB/s (772MB/s)(512MiB/695msec); 0 zone resets
    clat (usec): min=3, max=214, avg= 4.79, stdev= 1.26
     lat (usec): min=3, max=214, avg= 4.88, stdev= 1.26
    clat percentiles (nsec):
     |  1.00th=[ 3920],  5.00th=[ 4192], 10.00th=[ 4320], 20.00th=[ 4448],
     | 30.00th=[ 4576], 40.00th=[ 4640], 50.00th=[ 4768], 60.00th=[ 4832],
     | 70.00th=[ 4896], 80.00th=[ 5024], 90.00th=[ 5216], 95.00th=[ 5408],
     | 99.00th=[ 6304], 99.50th=[ 7008], 99.90th=[17536], 99.95th=[22656],
     | 99.99th=[36608]
   bw (  KiB/s): min=753232, max=753232, per=99.85%, avg=753232.00, stdev= 0.00, samples=1
   iops        : min=188308, max=188308, avg=188308.00, stdev= 0.00, samples=1
  lat (usec)   : 4=1.46%, 10=98.39%, 20=0.07%, 50=0.07%, 100=0.01%
  lat (usec)   : 250=0.01%
  cpu          : usr=13.11%, sys=85.73%, ctx=15, majf=0, minf=6
  IO depths    : 1=100.0%, 2=0.0%, 4=0.0%, 8=0.0%, 16=0.0%, 32=0.0%, >=64=0.0%
     submit    : 0=0.0%, 4=100.0%, 8=0.0%, 16=0.0%, 32=0.0%, 64=0.0%, >=64=0.0%
     complete  : 0=0.0%, 4=100.0%, 8=0.0%, 16=0.0%, 32=0.0%, 64=0.0%, >=64=0.0%
     issued rwts: total=0,131072,0,0 short=0,0,0,0 dropped=0,0,0,0
     latency   : target=0, window=0, percentile=100.00%, depth=1

Run status group 0 (all jobs):
  WRITE: bw=737MiB/s (772MB/s), 737MiB/s-737MiB/s (772MB/s-772MB/s), io=512MiB (537MB), run=695-695msec

Disk stats (read/write):
  nvme0n1: ios=0/14000, merge=0/183, ticks=0/10773, in_queue=10823, util=64.71%
