buffered-write: (g=0): rw=write, bs=(R) 1024KiB-1024KiB, (W) 1024KiB-1024KiB, (T) 1024KiB-1024KiB, ioengine=psync, iodepth=1
fio-3.33
Starting 1 process

buffered-write: (groupid=0, jobs=1): err= 0: pid=6626: Fri Aug 15 07:38:15 2025
  write: IOPS=7211, BW=7211MiB/s (7562MB/s)(512MiB/71msec); 0 zone resets
    clat (usec): min=95, max=435, avg=122.92, stdev=43.08
     lat (usec): min=108, max=448, avg=136.30, stdev=43.84
    clat percentiles (usec):
     |  1.00th=[   98],  5.00th=[  100], 10.00th=[  101], 20.00th=[  103],
     | 30.00th=[  105], 40.00th=[  105], 50.00th=[  108], 60.00th=[  110],
     | 70.00th=[  114], 80.00th=[  122], 90.00th=[  204], 95.00th=[  233],
     | 99.00th=[  253], 99.50th=[  310], 99.90th=[  437], 99.95th=[  437],
     | 99.99th=[  437]
  lat (usec)   : 100=4.10%, 250=94.73%, 500=1.17%
  cpu          : usr=8.57%, sys=75.71%, ctx=61, majf=0, minf=6
  IO depths    : 1=100.0%, 2=0.0%, 4=0.0%, 8=0.0%, 16=0.0%, 32=0.0%, >=64=0.0%
     submit    : 0=0.0%, 4=100.0%, 8=0.0%, 16=0.0%, 32=0.0%, 64=0.0%, >=64=0.0%
     complete  : 0=0.0%, 4=100.0%, 8=0.0%, 16=0.0%, 32=0.0%, 64=0.0%, >=64=0.0%
     issued rwts: total=0,512,0,0 short=0,0,0,0 dropped=0,0,0,0
     latency   : target=0, window=0, percentile=100.00%, depth=1

Run status group 0 (all jobs):
  WRITE: bw=7211MiB/s (7562MB/s), 7211MiB/s-7211MiB/s (7562MB/s-7562MB/s), io=512MiB (537MB), run=71-71msec

Disk stats (read/write):
  nvme0n1: ios=0/0, merge=0/0, ticks=0/0, in_queue=0, util=0.00%
