buffered-write: (g=0): rw=write, bs=(R) 4096B-4096B, (W) 4096B-4096B, (T) 4096B-4096B, ioengine=psync, iodepth=1
fio-3.33
Starting 1 process

buffered-write: (groupid=0, jobs=1): err= 0: pid=27289: Fri Aug 15 07:38:37 2025
  write: IOPS=126k, BW=494MiB/s (518MB/s)(512MiB/1037msec); 0 zone resets
    clat (usec): min=5, max=288, avg= 7.39, stdev= 3.97
     lat (usec): min=5, max=289, avg= 7.48, stdev= 4.00
    clat percentiles (usec):
     |  1.00th=[    7],  5.00th=[    7], 10.00th=[    7], 20.00th=[    7],
     | 30.00th=[    8], 40.00th=[    8], 50.00th=[    8], 60.00th=[    8],
     | 70.00th=[    8], 80.00th=[    8], 90.00th=[    8], 95.00th=[    9],
     | 99.00th=[   10], 99.50th=[   11], 99.90th=[   31], 99.95th=[   58],
     | 99.99th=[  204]
   bw (  KiB/s): min=506088, max=506712, per=100.00%, avg=506400.00, stdev=441.23, samples=2
   iops        : min=126522, max=126678, avg=126600.00, stdev=110.31, samples=2
  lat (usec)   : 10=99.47%, 20=0.33%, 50=0.14%, 100=0.02%, 250=0.04%
  lat (usec)   : 500=0.01%
  cpu          : usr=9.56%, sys=89.09%, ctx=261, majf=0, minf=6
  IO depths    : 1=100.0%, 2=0.0%, 4=0.0%, 8=0.0%, 16=0.0%, 32=0.0%, >=64=0.0%
     submit    : 0=0.0%, 4=100.0%, 8=0.0%, 16=0.0%, 32=0.0%, 64=0.0%, >=64=0.0%
     complete  : 0=0.0%, 4=100.0%, 8=0.0%, 16=0.0%, 32=0.0%, 64=0.0%, >=64=0.0%
     issued rwts: total=0,131072,0,0 short=0,0,0,0 dropped=0,0,0,0
     latency   : target=0, window=0, percentile=100.00%, depth=1

Run status group 0 (all jobs):
  WRITE: bw=494MiB/s (518MB/s), 494MiB/s-494MiB/s (518MB/s-518MB/s), io=512MiB (537MB), run=1037-1037msec

Disk stats (read/write):
  nvme0n1: ios=0/17950, merge=0/297, ticks=0/14055, in_queue=14119, util=88.58%
