buffered-write: (g=0): rw=write, bs=(R) 4096B-4096B, (W) 4096B-4096B, (T) 4096B-4096B, ioengine=psync, iodepth=1
fio-3.33
Starting 1 process

buffered-write: (groupid=0, jobs=1): err= 0: pid=62992: Thu Aug 14 19:59:13 2025
  write: IOPS=147k, BW=573MiB/s (601MB/s)(512MiB/893msec); 0 zone resets
    clat (usec): min=4, max=127, avg= 6.27, stdev= 1.06
     lat (usec): min=4, max=127, avg= 6.36, stdev= 1.07
    clat percentiles (nsec):
     |  1.00th=[ 5344],  5.00th=[ 5600], 10.00th=[ 5728], 20.00th=[ 5856],
     | 30.00th=[ 5984], 40.00th=[ 6112], 50.00th=[ 6176], 60.00th=[ 6304],
     | 70.00th=[ 6432], 80.00th=[ 6560], 90.00th=[ 6752], 95.00th=[ 7008],
     | 99.00th=[ 8256], 99.50th=[ 9280], 99.90th=[22912], 99.95th=[26752],
     | 99.99th=[34560]
   bw (  KiB/s): min=585304, max=585304, per=99.69%, avg=585304.00, stdev= 0.00, samples=1
   iops        : min=146326, max=146326, avg=146326.00, stdev= 0.00, samples=1
  lat (usec)   : 10=99.66%, 20=0.21%, 50=0.13%, 100=0.01%, 250=0.01%
  cpu          : usr=6.61%, sys=92.49%, ctx=17, majf=0, minf=6
  IO depths    : 1=100.0%, 2=0.0%, 4=0.0%, 8=0.0%, 16=0.0%, 32=0.0%, >=64=0.0%
     submit    : 0=0.0%, 4=100.0%, 8=0.0%, 16=0.0%, 32=0.0%, 64=0.0%, >=64=0.0%
     complete  : 0=0.0%, 4=100.0%, 8=0.0%, 16=0.0%, 32=0.0%, 64=0.0%, >=64=0.0%
     issued rwts: total=0,131072,0,0 short=0,0,0,0 dropped=0,0,0,0
     latency   : target=0, window=0, percentile=100.00%, depth=1

Run status group 0 (all jobs):
  WRITE: bw=573MiB/s (601MB/s), 573MiB/s-573MiB/s (601MB/s-601MB/s), io=512MiB (537MB), run=893-893msec

Disk stats (read/write):
  nvme0n1: ios=1/9260, merge=1/248, ticks=0/3144, in_queue=3232, util=89.30%
