buffered-read: (g=0): rw=read, bs=(R) 1024KiB-1024KiB, (W) 1024KiB-1024KiB, (T) 1024KiB-1024KiB, ioengine=psync, iodepth=1
fio-3.33
Starting 1 process

buffered-read: (groupid=0, jobs=1): err= 0: pid=4204: Thu Aug 14 19:52:06 2025
  read: IOPS=2639, BW=2639MiB/s (2767MB/s)(512MiB/194msec)
    clat (usec): min=247, max=822, avg=375.45, stdev=61.82
     lat (usec): min=247, max=823, avg=375.56, stdev=61.84
    clat percentiles (usec):
     |  1.00th=[  253],  5.00th=[  262], 10.00th=[  285], 20.00th=[  334],
     | 30.00th=[  347], 40.00th=[  379], 50.00th=[  388], 60.00th=[  400],
     | 70.00th=[  404], 80.00th=[  412], 90.00th=[  424], 95.00th=[  445],
     | 99.00th=[  529], 99.50th=[  734], 99.90th=[  824], 99.95th=[  824],
     | 99.99th=[  824]
  lat (usec)   : 250=0.59%, 500=97.66%, 750=1.56%, 1000=0.20%
  cpu          : usr=0.00%, sys=98.96%, ctx=19, majf=0, minf=70
  IO depths    : 1=100.0%, 2=0.0%, 4=0.0%, 8=0.0%, 16=0.0%, 32=0.0%, >=64=0.0%
     submit    : 0=0.0%, 4=100.0%, 8=0.0%, 16=0.0%, 32=0.0%, 64=0.0%, >=64=0.0%
     complete  : 0=0.0%, 4=100.0%, 8=0.0%, 16=0.0%, 32=0.0%, 64=0.0%, >=64=0.0%
     issued rwts: total=512,0,0,0 short=0,0,0,0 dropped=0,0,0,0
     latency   : target=0, window=0, percentile=100.00%, depth=1

Run status group 0 (all jobs):
   READ: bw=2639MiB/s (2767MB/s), 2639MiB/s-2639MiB/s (2767MB/s-2767MB/s), io=512MiB (537MB), run=194-194msec

Disk stats (read/write):
  nvme0n1: ios=22/0, merge=89/0, ticks=6/0, in_queue=6, util=4.76%
