buffered-write: (g=0): rw=write, bs=(R) 4096B-4096B, (W) 4096B-4096B, (T) 4096B-4096B, ioengine=psync, iodepth=1
fio-3.33
Starting 1 process

buffered-write: (groupid=0, jobs=1): err= 0: pid=68991: Thu Aug 14 19:59:20 2025
  write: IOPS=146k, BW=571MiB/s (599MB/s)(512MiB/896msec); 0 zone resets
    clat (usec): min=4, max=298, avg= 6.30, stdev= 1.56
     lat (usec): min=4, max=298, avg= 6.39, stdev= 1.56
    clat percentiles (nsec):
     |  1.00th=[ 5344],  5.00th=[ 5600], 10.00th=[ 5728], 20.00th=[ 5920],
     | 30.00th=[ 6048], 40.00th=[ 6112], 50.00th=[ 6240], 60.00th=[ 6304],
     | 70.00th=[ 6432], 80.00th=[ 6560], 90.00th=[ 6752], 95.00th=[ 6944],
     | 99.00th=[ 8032], 99.50th=[ 8896], 99.90th=[21120], 99.95th=[24704],
     | 99.99th=[34048]
   bw (  KiB/s): min=582472, max=582472, per=99.54%, avg=582472.00, stdev= 0.00, samples=1
   iops        : min=145618, max=145618, avg=145618.00, stdev= 0.00, samples=1
  lat (usec)   : 10=99.71%, 20=0.18%, 50=0.11%, 100=0.01%, 250=0.01%
  lat (usec)   : 500=0.01%
  cpu          : usr=13.30%, sys=85.81%, ctx=15, majf=0, minf=6
  IO depths    : 1=100.0%, 2=0.0%, 4=0.0%, 8=0.0%, 16=0.0%, 32=0.0%, >=64=0.0%
     submit    : 0=0.0%, 4=100.0%, 8=0.0%, 16=0.0%, 32=0.0%, 64=0.0%, >=64=0.0%
     complete  : 0=0.0%, 4=100.0%, 8=0.0%, 16=0.0%, 32=0.0%, 64=0.0%, >=64=0.0%
     issued rwts: total=0,131072,0,0 short=0,0,0,0 dropped=0,0,0,0
     latency   : target=0, window=0, percentile=100.00%, depth=1

Run status group 0 (all jobs):
  WRITE: bw=571MiB/s (599MB/s), 571MiB/s-571MiB/s (599MB/s-599MB/s), io=512MiB (537MB), run=896-896msec

Disk stats (read/write):
  nvme0n1: ios=0/15915, merge=0/286, ticks=0/10690, in_queue=10759, util=92.18%
