buffered-write: (g=0): rw=write, bs=(R) 1024KiB-1024KiB, (W) 1024KiB-1024KiB, (T) 1024KiB-1024KiB, ioengine=psync, iodepth=1
fio-3.33
Starting 1 process

buffered-write: (groupid=0, jobs=1): err= 0: pid=5404: Thu Aug 14 19:56:15 2025
  write: IOPS=5446, BW=5447MiB/s (5711MB/s)(512MiB/94msec); 0 zone resets
    clat (usec): min=128, max=929, avg=167.53, stdev=87.32
     lat (usec): min=141, max=950, avg=181.51, stdev=88.86
    clat percentiles (usec):
     |  1.00th=[  131],  5.00th=[  135], 10.00th=[  137], 20.00th=[  141],
     | 30.00th=[  143], 40.00th=[  145], 50.00th=[  151], 60.00th=[  155],
     | 70.00th=[  163], 80.00th=[  169], 90.00th=[  186], 95.00th=[  204],
     | 99.00th=[  750], 99.50th=[  881], 99.90th=[  930], 99.95th=[  930],
     | 99.99th=[  930]
  lat (usec)   : 250=96.68%, 500=1.56%, 750=0.78%, 1000=0.98%
  cpu          : usr=11.83%, sys=86.02%, ctx=11, majf=0, minf=6
  IO depths    : 1=100.0%, 2=0.0%, 4=0.0%, 8=0.0%, 16=0.0%, 32=0.0%, >=64=0.0%
     submit    : 0=0.0%, 4=100.0%, 8=0.0%, 16=0.0%, 32=0.0%, 64=0.0%, >=64=0.0%
     complete  : 0=0.0%, 4=100.0%, 8=0.0%, 16=0.0%, 32=0.0%, 64=0.0%, >=64=0.0%
     issued rwts: total=0,512,0,0 short=0,0,0,0 dropped=0,0,0,0
     latency   : target=0, window=0, percentile=100.00%, depth=1

Run status group 0 (all jobs):
  WRITE: bw=5447MiB/s (5711MB/s), 5447MiB/s-5447MiB/s (5711MB/s-5711MB/s), io=512MiB (537MB), run=94-94msec

Disk stats (read/write):
  nvme0n1: ios=0/0, merge=0/0, ticks=0/0, in_queue=0, util=0.00%
