buffered-write: (g=0): rw=write, bs=(R) 4096B-4096B, (W) 4096B-4096B, (T) 4096B-4096B, ioengine=psync, iodepth=1
fio-3.33
Starting 1 process

buffered-write: (groupid=0, jobs=1): err= 0: pid=64204: Thu Aug 14 19:59:14 2025
  write: IOPS=147k, BW=575MiB/s (603MB/s)(512MiB/890msec); 0 zone resets
    clat (usec): min=4, max=139, avg= 6.26, stdev= 1.41
     lat (usec): min=4, max=139, avg= 6.35, stdev= 1.42
    clat percentiles (nsec):
     |  1.00th=[ 5344],  5.00th=[ 5600], 10.00th=[ 5728], 20.00th=[ 5856],
     | 30.00th=[ 5984], 40.00th=[ 6048], 50.00th=[ 6176], 60.00th=[ 6240],
     | 70.00th=[ 6368], 80.00th=[ 6496], 90.00th=[ 6752], 95.00th=[ 6944],
     | 99.00th=[ 8256], 99.50th=[ 9408], 99.90th=[24448], 99.95th=[35584],
     | 99.99th=[51456]
   bw (  KiB/s): min=581768, max=581768, per=98.76%, avg=581768.00, stdev= 0.00, samples=1
   iops        : min=145442, max=145442, avg=145442.00, stdev= 0.00, samples=1
  lat (usec)   : 10=99.62%, 20=0.23%, 50=0.14%, 100=0.01%, 250=0.01%
  cpu          : usr=9.34%, sys=89.88%, ctx=142, majf=0, minf=6
  IO depths    : 1=100.0%, 2=0.0%, 4=0.0%, 8=0.0%, 16=0.0%, 32=0.0%, >=64=0.0%
     submit    : 0=0.0%, 4=100.0%, 8=0.0%, 16=0.0%, 32=0.0%, 64=0.0%, >=64=0.0%
     complete  : 0=0.0%, 4=100.0%, 8=0.0%, 16=0.0%, 32=0.0%, 64=0.0%, >=64=0.0%
     issued rwts: total=0,131072,0,0 short=0,0,0,0 dropped=0,0,0,0
     latency   : target=0, window=0, percentile=100.00%, depth=1

Run status group 0 (all jobs):
  WRITE: bw=575MiB/s (603MB/s), 575MiB/s-575MiB/s (603MB/s-603MB/s), io=512MiB (537MB), run=890-890msec

Disk stats (read/write):
  nvme0n1: ios=0/9830, merge=0/234, ticks=0/4595, in_queue=4661, util=87.70%
