buffered-write: (g=0): rw=write, bs=(R) 4096B-4096B, (W) 4096B-4096B, (T) 4096B-4096B, ioengine=psync, iodepth=1
fio-3.33
Starting 1 process

buffered-write: (groupid=0, jobs=1): err= 0: pid=70727: Thu Aug 14 19:59:23 2025
  write: IOPS=146k, BW=571MiB/s (599MB/s)(512MiB/896msec); 0 zone resets
    clat (usec): min=4, max=390, avg= 6.32, stdev= 4.66
     lat (usec): min=4, max=390, avg= 6.41, stdev= 4.66
    clat percentiles (usec):
     |  1.00th=[    6],  5.00th=[    6], 10.00th=[    6], 20.00th=[    6],
     | 30.00th=[    6], 40.00th=[    7], 50.00th=[    7], 60.00th=[    7],
     | 70.00th=[    7], 80.00th=[    7], 90.00th=[    7], 95.00th=[    7],
     | 99.00th=[    8], 99.50th=[    9], 99.90th=[   23], 99.95th=[   45],
     | 99.99th=[  235]
   bw (  KiB/s): min=579264, max=579264, per=99.00%, avg=579264.00, stdev= 0.00, samples=1
   iops        : min=144816, max=144816, avg=144816.00, stdev= 0.00, samples=1
  lat (usec)   : 10=99.67%, 20=0.19%, 50=0.09%, 100=0.01%, 250=0.04%
  lat (usec)   : 500=0.01%
  cpu          : usr=6.15%, sys=91.96%, ctx=74, majf=0, minf=6
  IO depths    : 1=100.0%, 2=0.0%, 4=0.0%, 8=0.0%, 16=0.0%, 32=0.0%, >=64=0.0%
     submit    : 0=0.0%, 4=100.0%, 8=0.0%, 16=0.0%, 32=0.0%, 64=0.0%, >=64=0.0%
     complete  : 0=0.0%, 4=100.0%, 8=0.0%, 16=0.0%, 32=0.0%, 64=0.0%, >=64=0.0%
     issued rwts: total=0,131072,0,0 short=0,0,0,0 dropped=0,0,0,0
     latency   : target=0, window=0, percentile=100.00%, depth=1

Run status group 0 (all jobs):
  WRITE: bw=571MiB/s (599MB/s), 571MiB/s-571MiB/s (599MB/s-599MB/s), io=512MiB (537MB), run=896-896msec

Disk stats (read/write):
  nvme0n1: ios=0/12542, merge=0/194, ticks=0/8695, in_queue=8747, util=70.05%
