buffered-write: (g=0): rw=write, bs=(R) 1024MiB-1024MiB, (W) 1024MiB-1024MiB, (T) 1024MiB-1024MiB, ioengine=psync, iodepth=1
fio-3.33
Starting 1 process

buffered-write: (groupid=0, jobs=1): err= 0: pid=29614: Thu Aug 14 19:56:44 2025
  write: IOPS=3, BW=3122MiB/s (3274MB/s)(1024MiB/328msec); 0 zone resets
    clat (nsec): min=252607k, max=252607k, avg=252607443.00, stdev= 0.00
     lat (nsec): min=323541k, max=323541k, avg=323540647.00, stdev= 0.00
    clat percentiles (msec):
     |  1.00th=[  253],  5.00th=[  253], 10.00th=[  253], 20.00th=[  253],
     | 30.00th=[  253], 40.00th=[  253], 50.00th=[  253], 60.00th=[  253],
     | 70.00th=[  253], 80.00th=[  253], 90.00th=[  253], 95.00th=[  253],
     | 99.00th=[  253], 99.50th=[  253], 99.90th=[  253], 99.95th=[  253],
     | 99.99th=[  253]
  lat (msec)   : 500=100.00%
  cpu          : usr=21.71%, sys=76.15%, ctx=2, majf=0, minf=6
  IO depths    : 1=100.0%, 2=0.0%, 4=0.0%, 8=0.0%, 16=0.0%, 32=0.0%, >=64=0.0%
     submit    : 0=0.0%, 4=100.0%, 8=0.0%, 16=0.0%, 32=0.0%, 64=0.0%, >=64=0.0%
     complete  : 0=0.0%, 4=100.0%, 8=0.0%, 16=0.0%, 32=0.0%, 64=0.0%, >=64=0.0%
     issued rwts: total=0,1,0,0 short=0,0,0,0 dropped=0,0,0,0
     latency   : target=0, window=0, percentile=100.00%, depth=1

Run status group 0 (all jobs):
  WRITE: bw=3122MiB/s (3274MB/s), 3122MiB/s-3122MiB/s (3274MB/s-3274MB/s), io=1024MiB (1074MB), run=328-328msec

Disk stats (read/write):
  nvme0n1: ios=0/16387, merge=0/238, ticks=0/6834, in_queue=6933, util=77.76%
