buffered-write: (g=0): rw=write, bs=(R) 100MiB-100MiB, (W) 100MiB-100MiB, (T) 100MiB-100MiB, ioengine=psync, iodepth=1
fio-3.33
Starting 1 process

buffered-write: (groupid=0, jobs=1): err= 0: pid=14816: Thu Aug 14 19:56:26 2025
  write: IOPS=26, BW=2679MiB/s (2809MB/s)(600MiB/224msec); 0 zone resets
    clat (usec): min=19973, max=35161, avg=26816.01, stdev=4922.76
     lat (usec): min=29694, max=45889, avg=36674.05, stdev=5519.42
    clat percentiles (usec):
     |  1.00th=[20055],  5.00th=[20055], 10.00th=[20055], 20.00th=[25035],
     | 30.00th=[25035], 40.00th=[26084], 50.00th=[26084], 60.00th=[26608],
     | 70.00th=[27919], 80.00th=[27919], 90.00th=[35390], 95.00th=[35390],
     | 99.00th=[35390], 99.50th=[35390], 99.90th=[35390], 99.95th=[35390],
     | 99.99th=[35390]
  lat (msec)   : 20=16.67%, 50=83.33%
  cpu          : usr=22.42%, sys=72.65%, ctx=70, majf=0, minf=6
  IO depths    : 1=100.0%, 2=0.0%, 4=0.0%, 8=0.0%, 16=0.0%, 32=0.0%, >=64=0.0%
     submit    : 0=0.0%, 4=100.0%, 8=0.0%, 16=0.0%, 32=0.0%, 64=0.0%, >=64=0.0%
     complete  : 0=0.0%, 4=100.0%, 8=0.0%, 16=0.0%, 32=0.0%, 64=0.0%, >=64=0.0%
     issued rwts: total=0,6,0,0 short=0,0,0,0 dropped=0,0,0,0
     latency   : target=0, window=0, percentile=100.00%, depth=1

Run status group 0 (all jobs):
  WRITE: bw=2679MiB/s (2809MB/s), 2679MiB/s-2679MiB/s (2809MB/s-2809MB/s), io=600MiB (629MB), run=224-224msec

Disk stats (read/write):
  nvme0n1: ios=0/3932, merge=0/68, ticks=0/1806, in_queue=1830, util=76.80%
