buffered-write: (g=0): rw=write, bs=(R) 4096B-4096B, (W) 4096B-4096B, (T) 4096B-4096B, ioengine=psync, iodepth=1
fio-3.33
Starting 1 process

buffered-write: (groupid=0, jobs=1): err= 0: pid=35356: Thu Aug 14 19:56:52 2025
  write: IOPS=186k, BW=727MiB/s (763MB/s)(512MiB/704msec); 0 zone resets
    clat (usec): min=3, max=316, avg= 4.86, stdev= 3.75
     lat (usec): min=3, max=316, avg= 4.95, stdev= 3.76
    clat percentiles (usec):
     |  1.00th=[    4],  5.00th=[    5], 10.00th=[    5], 20.00th=[    5],
     | 30.00th=[    5], 40.00th=[    5], 50.00th=[    5], 60.00th=[    5],
     | 70.00th=[    5], 80.00th=[    6], 90.00th=[    6], 95.00th=[    6],
     | 99.00th=[    7], 99.50th=[    8], 99.90th=[   26], 99.95th=[   50],
     | 99.99th=[  221]
   bw (  KiB/s): min=740736, max=740736, per=99.46%, avg=740736.00, stdev= 0.00, samples=1
   iops        : min=185184, max=185184, avg=185184.00, stdev= 0.00, samples=1
  lat (usec)   : 4=1.65%, 10=98.04%, 20=0.15%, 50=0.12%, 100=0.02%
  lat (usec)   : 250=0.02%, 500=0.01%
  cpu          : usr=14.79%, sys=82.50%, ctx=257, majf=0, minf=6
  IO depths    : 1=100.0%, 2=0.0%, 4=0.0%, 8=0.0%, 16=0.0%, 32=0.0%, >=64=0.0%
     submit    : 0=0.0%, 4=100.0%, 8=0.0%, 16=0.0%, 32=0.0%, 64=0.0%, >=64=0.0%
     complete  : 0=0.0%, 4=100.0%, 8=0.0%, 16=0.0%, 32=0.0%, 64=0.0%, >=64=0.0%
     issued rwts: total=0,131072,0,0 short=0,0,0,0 dropped=0,0,0,0
     latency   : target=0, window=0, percentile=100.00%, depth=1

Run status group 0 (all jobs):
  WRITE: bw=727MiB/s (763MB/s), 727MiB/s-727MiB/s (763MB/s-763MB/s), io=512MiB (537MB), run=704-704msec

Disk stats (read/write):
  nvme0n1: ios=0/13741, merge=0/184, ticks=0/10521, in_queue=10569, util=57.75%
