buffered-read: (g=0): rw=read, bs=(R) 1024KiB-1024KiB, (W) 1024KiB-1024KiB, (T) 1024KiB-1024KiB, ioengine=psync, iodepth=1
fio-3.33
Starting 1 process

buffered-read: (groupid=0, jobs=1): err= 0: pid=2410: Fri Aug 15 07:06:19 2025
  read: IOPS=378, BW=378MiB/s (397MB/s)(512MiB/1354msec)
    clat (usec): min=2369, max=5752, avg=2639.51, stdev=333.66
     lat (usec): min=2369, max=5752, avg=2639.85, stdev=333.72
    clat percentiles (usec):
     |  1.00th=[ 2442],  5.00th=[ 2507], 10.00th=[ 2507], 20.00th=[ 2507],
     | 30.00th=[ 2507], 40.00th=[ 2507], 50.00th=[ 2507], 60.00th=[ 2507],
     | 70.00th=[ 2507], 80.00th=[ 2606], 90.00th=[ 3097], 95.00th=[ 3425],
     | 99.00th=[ 3851], 99.50th=[ 4146], 99.90th=[ 5735], 99.95th=[ 5735],
     | 99.99th=[ 5735]
   bw (  KiB/s): min=360448, max=399360, per=98.11%, avg=379904.00, stdev=27514.94, samples=2
   iops        : min=  352, max=  390, avg=371.00, stdev=26.87, samples=2
  lat (msec)   : 4=99.02%, 10=0.98%
  cpu          : usr=0.00%, sys=12.86%, ctx=3994, majf=0, minf=70
  IO depths    : 1=100.0%, 2=0.0%, 4=0.0%, 8=0.0%, 16=0.0%, 32=0.0%, >=64=0.0%
     submit    : 0=0.0%, 4=100.0%, 8=0.0%, 16=0.0%, 32=0.0%, 64=0.0%, >=64=0.0%
     complete  : 0=0.0%, 4=100.0%, 8=0.0%, 16=0.0%, 32=0.0%, 64=0.0%, >=64=0.0%
     issued rwts: total=512,0,0,0 short=0,0,0,0 dropped=0,0,0,0
     latency   : target=0, window=0, percentile=100.00%, depth=1

Run status group 0 (all jobs):
   READ: bw=378MiB/s (397MB/s), 378MiB/s-378MiB/s (397MB/s-397MB/s), io=512MiB (537MB), run=1354-1354msec

Disk stats (read/write):
  nvme0n1: ios=3785/0, merge=750/0, ticks=2420/0, in_queue=2421, util=80.77%
