buffered-read: (g=0): rw=read, bs=(R) 4096B-4096B, (W) 4096B-4096B, (T) 4096B-4096B, ioengine=psync, iodepth=1
fio-3.33
Starting 1 process

buffered-read: (groupid=0, jobs=1): err= 0: pid=3256: Fri Aug 15 07:07:17 2025
  read: IOPS=101k, BW=395MiB/s (415MB/s)(512MiB/1295msec)
    clat (nsec): min=629, max=859350, avg=9522.90, stdev=51140.42
     lat (nsec): min=685, max=859405, avg=9577.01, stdev=51140.30
    clat percentiles (nsec):
     |  1.00th=[   668],  5.00th=[   668], 10.00th=[   668], 20.00th=[   684],
     | 30.00th=[   684], 40.00th=[   796], 50.00th=[   836], 60.00th=[   852],
     | 70.00th=[   892], 80.00th=[   964], 90.00th=[  1128], 95.00th=[  1240],
     | 99.00th=[280576], 99.50th=[280576], 99.90th=[514048], 99.95th=[518144],
     | 99.99th=[536576]
   bw (  KiB/s): min=402112, max=407040, per=99.93%, avg=404576.00, stdev=3484.62, samples=2
   iops        : min=100528, max=101760, avg=101144.00, stdev=871.16, samples=2
  lat (nsec)   : 750=39.05%, 1000=43.52%
  lat (usec)   : 2=14.28%, 4=0.01%, 10=0.02%, 20=0.01%, 50=0.14%
  lat (usec)   : 100=0.04%, 250=0.16%, 500=2.62%, 750=0.16%, 1000=0.01%
  cpu          : usr=3.40%, sys=14.37%, ctx=4107, majf=0, minf=6
  IO depths    : 1=100.0%, 2=0.0%, 4=0.0%, 8=0.0%, 16=0.0%, 32=0.0%, >=64=0.0%
     submit    : 0=0.0%, 4=100.0%, 8=0.0%, 16=0.0%, 32=0.0%, 64=0.0%, >=64=0.0%
     complete  : 0=0.0%, 4=100.0%, 8=0.0%, 16=0.0%, 32=0.0%, 64=0.0%, >=64=0.0%
     issued rwts: total=131072,0,0,0 short=0,0,0,0 dropped=0,0,0,0
     latency   : target=0, window=0, percentile=100.00%, depth=1

Run status group 0 (all jobs):
   READ: bw=395MiB/s (415MB/s), 395MiB/s-395MiB/s (415MB/s-415MB/s), io=512MiB (537MB), run=1295-1295msec

Disk stats (read/write):
  nvme0n1: ios=3655/0, merge=89/0, ticks=2121/0, in_queue=2121, util=76.60%
