buffered-write: (g=0): rw=write, bs=(R) 1024MiB-1024MiB, (W) 1024MiB-1024MiB, (T) 1024MiB-1024MiB, ioengine=psync, iodepth=1
fio-3.33
Starting 1 process

buffered-write: (groupid=0, jobs=1): err= 0: pid=59915: Thu Aug 14 19:59:09 2025
  write: IOPS=2, BW=2606MiB/s (2732MB/s)(1024MiB/393msec); 0 zone resets
    clat (nsec): min=241503k, max=241503k, avg=241503303.00, stdev= 0.00
     lat (nsec): min=391936k, max=391936k, avg=391935958.00, stdev= 0.00
    clat percentiles (msec):
     |  1.00th=[  243],  5.00th=[  243], 10.00th=[  243], 20.00th=[  243],
     | 30.00th=[  243], 40.00th=[  243], 50.00th=[  243], 60.00th=[  243],
     | 70.00th=[  243], 80.00th=[  243], 90.00th=[  243], 95.00th=[  243],
     | 99.00th=[  243], 99.50th=[  243], 99.90th=[  243], 99.95th=[  243],
     | 99.99th=[  243]
  lat (msec)   : 250=100.00%
  cpu          : usr=38.01%, sys=60.20%, ctx=44, majf=0, minf=6
  IO depths    : 1=100.0%, 2=0.0%, 4=0.0%, 8=0.0%, 16=0.0%, 32=0.0%, >=64=0.0%
     submit    : 0=0.0%, 4=100.0%, 8=0.0%, 16=0.0%, 32=0.0%, 64=0.0%, >=64=0.0%
     complete  : 0=0.0%, 4=100.0%, 8=0.0%, 16=0.0%, 32=0.0%, 64=0.0%, >=64=0.0%
     issued rwts: total=0,1,0,0 short=0,0,0,0 dropped=0,0,0,0
     latency   : target=0, window=0, percentile=100.00%, depth=1

Run status group 0 (all jobs):
  WRITE: bw=2606MiB/s (2732MB/s), 2606MiB/s-2606MiB/s (2732MB/s-2732MB/s), io=1024MiB (1074MB), run=393-393msec

Disk stats (read/write):
  nvme0n1: ios=100/11675, merge=21/182, ticks=39/5085, in_queue=5194, util=46.47%
