buffered-write: (g=0): rw=write, bs=(R) 4096B-4096B, (W) 4096B-4096B, (T) 4096B-4096B, ioengine=psync, iodepth=1
fio-3.33
Starting 1 process

buffered-write: (groupid=0, jobs=1): err= 0: pid=32725: Thu Aug 14 19:56:48 2025
  write: IOPS=182k, BW=709MiB/s (744MB/s)(512MiB/722msec); 0 zone resets
    clat (usec): min=3, max=356, avg= 5.02, stdev= 1.56
     lat (usec): min=3, max=356, avg= 5.11, stdev= 1.56
    clat percentiles (nsec):
     |  1.00th=[ 4080],  5.00th=[ 4320], 10.00th=[ 4448], 20.00th=[ 4640],
     | 30.00th=[ 4704], 40.00th=[ 4832], 50.00th=[ 4960], 60.00th=[ 5024],
     | 70.00th=[ 5152], 80.00th=[ 5280], 90.00th=[ 5472], 95.00th=[ 5728],
     | 99.00th=[ 6944], 99.50th=[ 7840], 99.90th=[21376], 99.95th=[24960],
     | 99.99th=[43264]
   bw (  KiB/s): min=727792, max=727792, per=100.00%, avg=727792.00, stdev= 0.00, samples=1
   iops        : min=181948, max=181948, avg=181948.00, stdev= 0.00, samples=1
  lat (usec)   : 4=0.46%, 10=99.32%, 20=0.10%, 50=0.11%, 100=0.01%
  lat (usec)   : 250=0.01%, 500=0.01%
  cpu          : usr=12.07%, sys=87.24%, ctx=22, majf=0, minf=6
  IO depths    : 1=100.0%, 2=0.0%, 4=0.0%, 8=0.0%, 16=0.0%, 32=0.0%, >=64=0.0%
     submit    : 0=0.0%, 4=100.0%, 8=0.0%, 16=0.0%, 32=0.0%, 64=0.0%, >=64=0.0%
     complete  : 0=0.0%, 4=100.0%, 8=0.0%, 16=0.0%, 32=0.0%, 64=0.0%, >=64=0.0%
     issued rwts: total=0,131072,0,0 short=0,0,0,0 dropped=0,0,0,0
     latency   : target=0, window=0, percentile=100.00%, depth=1

Run status group 0 (all jobs):
  WRITE: bw=709MiB/s (744MB/s), 709MiB/s-709MiB/s (744MB/s-744MB/s), io=512MiB (537MB), run=722-722msec

Disk stats (read/write):
  nvme0n1: ios=0/13606, merge=0/166, ticks=0/10650, in_queue=10700, util=69.52%
