buffered-write: (g=0): rw=write, bs=(R) 10.0MiB-10.0MiB, (W) 10.0MiB-10.0MiB, (T) 10.0MiB-10.0MiB, ioengine=psync, iodepth=1
fio-3.33
Starting 1 process

buffered-write: (groupid=0, jobs=1): err= 0: pid=48472: Thu Aug 14 19:58:49 2025
  write: IOPS=276, BW=2766MiB/s (2900MB/s)(520MiB/188msec); 0 zone resets
    clat (usec): min=2016, max=3250, avg=2597.60, stdev=316.76
     lat (usec): min=2708, max=4499, avg=3513.53, stdev=418.42
    clat percentiles (usec):
     |  1.00th=[ 2024],  5.00th=[ 2212], 10.00th=[ 2212], 20.00th=[ 2245],
     | 30.00th=[ 2311], 40.00th=[ 2507], 50.00th=[ 2606], 60.00th=[ 2704],
     | 70.00th=[ 2802], 80.00th=[ 2868], 90.00th=[ 2999], 95.00th=[ 3195],
     | 99.00th=[ 3261], 99.50th=[ 3261], 99.90th=[ 3261], 99.95th=[ 3261],
     | 99.99th=[ 3261]
  lat (msec)   : 4=100.00%
  cpu          : usr=13.90%, sys=74.33%, ctx=160, majf=0, minf=7
  IO depths    : 1=100.0%, 2=0.0%, 4=0.0%, 8=0.0%, 16=0.0%, 32=0.0%, >=64=0.0%
     submit    : 0=0.0%, 4=100.0%, 8=0.0%, 16=0.0%, 32=0.0%, 64=0.0%, >=64=0.0%
     complete  : 0=0.0%, 4=100.0%, 8=0.0%, 16=0.0%, 32=0.0%, 64=0.0%, >=64=0.0%
     issued rwts: total=0,52,0,0 short=0,0,0,0 dropped=0,0,0,0
     latency   : target=0, window=0, percentile=100.00%, depth=1

Run status group 0 (all jobs):
  WRITE: bw=2766MiB/s (2900MB/s), 2766MiB/s-2766MiB/s (2900MB/s-2900MB/s), io=520MiB (545MB), run=188-188msec

Disk stats (read/write):
  nvme0n1: ios=0/3383, merge=0/65, ticks=0/1498, in_queue=1519, util=55.34%
