buffered-read: (g=0): rw=read, bs=(R) 4096B-4096B, (W) 4096B-4096B, (T) 4096B-4096B, ioengine=psync, iodepth=1
fio-3.33
Starting 1 process

buffered-read: (groupid=0, jobs=1): err= 0: pid=3827: Thu Aug 14 19:50:40 2025
  read: IOPS=103k, BW=402MiB/s (422MB/s)(512MiB/1273msec)
    clat (nsec): min=629, max=1106.4k, avg=9382.92, stdev=68879.29
     lat (nsec): min=685, max=1106.5k, avg=9433.57, stdev=68879.22
    clat percentiles (nsec):
     |  1.00th=[   668],  5.00th=[   668], 10.00th=[   668], 20.00th=[   684],
     | 30.00th=[   684], 40.00th=[   700], 50.00th=[   724], 60.00th=[   836],
     | 70.00th=[   852], 80.00th=[   868], 90.00th=[   908], 95.00th=[  1004],
     | 99.00th=[561152], 99.50th=[561152], 99.90th=[561152], 99.95th=[569344],
     | 99.99th=[610304]
   bw (  KiB/s): min=407040, max=420096, per=100.00%, avg=413568.00, stdev=9231.99, samples=2
   iops        : min=101760, max=105024, avg=103392.00, stdev=2308.00, samples=2
  lat (nsec)   : 750=52.04%, 1000=42.96%
  lat (usec)   : 2=3.43%, 4=0.01%, 10=0.02%, 20=0.01%, 50=0.01%
  lat (usec)   : 100=0.01%, 250=0.01%, 500=0.01%, 750=1.53%, 1000=0.01%
  lat (msec)   : 2=0.01%
  cpu          : usr=4.32%, sys=9.28%, ctx=2031, majf=0, minf=6
  IO depths    : 1=100.0%, 2=0.0%, 4=0.0%, 8=0.0%, 16=0.0%, 32=0.0%, >=64=0.0%
     submit    : 0=0.0%, 4=100.0%, 8=0.0%, 16=0.0%, 32=0.0%, 64=0.0%, >=64=0.0%
     complete  : 0=0.0%, 4=100.0%, 8=0.0%, 16=0.0%, 32=0.0%, 64=0.0%, >=64=0.0%
     issued rwts: total=131072,0,0,0 short=0,0,0,0 dropped=0,0,0,0
     latency   : target=0, window=0, percentile=100.00%, depth=1

Run status group 0 (all jobs):
   READ: bw=402MiB/s (422MB/s), 402MiB/s-402MiB/s (422MB/s-422MB/s), io=512MiB (537MB), run=1273-1273msec

Disk stats (read/write):
  nvme0n1: ios=3647/0, merge=0/0, ticks=3707/0, in_queue=3708, util=79.17%
