buffered-write: (g=0): rw=write, bs=(R) 1024MiB-1024MiB, (W) 1024MiB-1024MiB, (T) 1024MiB-1024MiB, ioengine=psync, iodepth=1
fio-3.33
Starting 1 process

buffered-write: (groupid=0, jobs=1): err= 0: pid=59202: Thu Aug 14 19:59:08 2025
  write: IOPS=2, BW=3021MiB/s (3167MB/s)(1024MiB/339msec); 0 zone resets
    clat (nsec): min=235568k, max=235568k, avg=235567897.00, stdev= 0.00
     lat (nsec): min=338153k, max=338153k, avg=338153148.00, stdev= 0.00
    clat percentiles (msec):
     |  1.00th=[  236],  5.00th=[  236], 10.00th=[  236], 20.00th=[  236],
     | 30.00th=[  236], 40.00th=[  236], 50.00th=[  236], 60.00th=[  236],
     | 70.00th=[  236], 80.00th=[  236], 90.00th=[  236], 95.00th=[  236],
     | 99.00th=[  236], 99.50th=[  236], 99.90th=[  236], 99.95th=[  236],
     | 99.99th=[  236]
  lat (msec)   : 250=100.00%
  cpu          : usr=30.18%, sys=69.82%, ctx=2, majf=0, minf=6
  IO depths    : 1=100.0%, 2=0.0%, 4=0.0%, 8=0.0%, 16=0.0%, 32=0.0%, >=64=0.0%
     submit    : 0=0.0%, 4=100.0%, 8=0.0%, 16=0.0%, 32=0.0%, 64=0.0%, >=64=0.0%
     complete  : 0=0.0%, 4=100.0%, 8=0.0%, 16=0.0%, 32=0.0%, 64=0.0%, >=64=0.0%
     issued rwts: total=0,1,0,0 short=0,0,0,0 dropped=0,0,0,0
     latency   : target=0, window=0, percentile=100.00%, depth=1

Run status group 0 (all jobs):
  WRITE: bw=3021MiB/s (3167MB/s), 3021MiB/s-3021MiB/s (3167MB/s-3167MB/s), io=1024MiB (1074MB), run=339-339msec

Disk stats (read/write):
  nvme0n1: ios=3/11301, merge=0/195, ticks=0/5414, in_queue=5483, util=41.67%
