buffered-write: (g=0): rw=write, bs=(R) 128KiB-128KiB, (W) 128KiB-128KiB, (T) 128KiB-128KiB, ioengine=psync, iodepth=1
fio-3.33
Starting 1 process

buffered-write: (groupid=0, jobs=1): err= 0: pid=74230: Thu Aug 14 19:59:26 2025
  write: IOPS=24.2k, BW=3030MiB/s (3177MB/s)(512MiB/169msec); 0 zone resets
    clat (usec): min=18, max=410, avg=38.83, stdev=28.03
     lat (usec): min=19, max=411, avg=39.86, stdev=28.65
    clat percentiles (usec):
     |  1.00th=[   23],  5.00th=[   29], 10.00th=[   31], 20.00th=[   33],
     | 30.00th=[   34], 40.00th=[   35], 50.00th=[   35], 60.00th=[   36],
     | 70.00th=[   37], 80.00th=[   38], 90.00th=[   39], 95.00th=[   45],
     | 99.00th=[  223], 99.50th=[  243], 99.90th=[  281], 99.95th=[  322],
     | 99.99th=[  412]
  lat (usec)   : 20=0.07%, 50=95.90%, 100=1.95%, 250=1.64%, 500=0.44%
  cpu          : usr=4.17%, sys=82.74%, ctx=209, majf=0, minf=6
  IO depths    : 1=100.0%, 2=0.0%, 4=0.0%, 8=0.0%, 16=0.0%, 32=0.0%, >=64=0.0%
     submit    : 0=0.0%, 4=100.0%, 8=0.0%, 16=0.0%, 32=0.0%, 64=0.0%, >=64=0.0%
     complete  : 0=0.0%, 4=100.0%, 8=0.0%, 16=0.0%, 32=0.0%, 64=0.0%, >=64=0.0%
     issued rwts: total=0,4096,0,0 short=0,0,0,0 dropped=0,0,0,0
     latency   : target=0, window=0, percentile=100.00%, depth=1

Run status group 0 (all jobs):
  WRITE: bw=3030MiB/s (3177MB/s), 3030MiB/s-3030MiB/s (3177MB/s-3177MB/s), io=512MiB (537MB), run=169-169msec

Disk stats (read/write):
  nvme0n1: ios=0/4159, merge=0/49, ticks=0/2242, in_queue=2263, util=68.53%
