buffered-read: (g=0): rw=read, bs=(R) 128KiB-128KiB, (W) 128KiB-128KiB, (T) 128KiB-128KiB, ioengine=psync, iodepth=1
fio-3.33
Starting 1 process

buffered-read: (groupid=0, jobs=1): err= 0: pid=3516: Fri Aug 15 07:07:40 2025
  read: IOPS=3175, BW=397MiB/s (416MB/s)(512MiB/1290msec)
    clat (usec): min=20, max=684, avg=314.11, stdev=65.92
     lat (usec): min=21, max=684, avg=314.22, stdev=65.92
    clat percentiles (usec):
     |  1.00th=[   78],  5.00th=[  217], 10.00th=[  314], 20.00th=[  314],
     | 30.00th=[  314], 40.00th=[  314], 50.00th=[  314], 60.00th=[  314],
     | 70.00th=[  314], 80.00th=[  314], 90.00th=[  314], 95.00th=[  433],
     | 99.00th=[  553], 99.50th=[  553], 99.90th=[  562], 99.95th=[  586],
     | 99.99th=[  685]
   bw (  KiB/s): min=405760, max=407040, per=99.99%, avg=406400.00, stdev=905.10, samples=2
   iops        : min= 3170, max= 3180, avg=3175.00, stdev= 7.07, samples=2
  lat (usec)   : 50=0.02%, 100=2.51%, 250=2.95%, 500=91.70%, 750=2.81%
  cpu          : usr=0.00%, sys=7.76%, ctx=4104, majf=0, minf=13
  IO depths    : 1=100.0%, 2=0.0%, 4=0.0%, 8=0.0%, 16=0.0%, 32=0.0%, >=64=0.0%
     submit    : 0=0.0%, 4=100.0%, 8=0.0%, 16=0.0%, 32=0.0%, 64=0.0%, >=64=0.0%
     complete  : 0=0.0%, 4=100.0%, 8=0.0%, 16=0.0%, 32=0.0%, 64=0.0%, >=64=0.0%
     issued rwts: total=4096,0,0,0 short=0,0,0,0 dropped=0,0,0,0
     latency   : target=0, window=0, percentile=100.00%, depth=1

Run status group 0 (all jobs):
   READ: bw=397MiB/s (416MB/s), 397MiB/s-397MiB/s (416MB/s-416MB/s), io=512MiB (537MB), run=1290-1290msec

Disk stats (read/write):
  nvme0n1: ios=3667/0, merge=89/0, ticks=2228/0, in_queue=2228, util=85.26%
