buffered-write: (g=0): rw=write, bs=(R) 4096B-4096B, (W) 4096B-4096B, (T) 4096B-4096B, ioengine=psync, iodepth=1
fio-3.33
Starting 1 process

buffered-write: (groupid=0, jobs=1): err= 0: pid=36000: Thu Aug 14 19:56:53 2025
  write: IOPS=189k, BW=739MiB/s (775MB/s)(512MiB/693msec); 0 zone resets
    clat (usec): min=3, max=102, avg= 4.78, stdev= 1.07
     lat (usec): min=3, max=102, avg= 4.87, stdev= 1.08
    clat percentiles (nsec):
     |  1.00th=[ 3920],  5.00th=[ 4128], 10.00th=[ 4256], 20.00th=[ 4448],
     | 30.00th=[ 4512], 40.00th=[ 4640], 50.00th=[ 4704], 60.00th=[ 4832],
     | 70.00th=[ 4896], 80.00th=[ 5024], 90.00th=[ 5216], 95.00th=[ 5408],
     | 99.00th=[ 6240], 99.50th=[ 7008], 99.90th=[19072], 99.95th=[23680],
     | 99.99th=[40704]
   bw (  KiB/s): min=755048, max=755048, per=99.80%, avg=755048.00, stdev= 0.00, samples=1
   iops        : min=188762, max=188762, avg=188762.00, stdev= 0.00, samples=1
  lat (usec)   : 4=1.78%, 10=98.04%, 20=0.09%, 50=0.08%, 100=0.01%
  lat (usec)   : 250=0.01%
  cpu          : usr=10.26%, sys=88.73%, ctx=58, majf=0, minf=6
  IO depths    : 1=100.0%, 2=0.0%, 4=0.0%, 8=0.0%, 16=0.0%, 32=0.0%, >=64=0.0%
     submit    : 0=0.0%, 4=100.0%, 8=0.0%, 16=0.0%, 32=0.0%, 64=0.0%, >=64=0.0%
     complete  : 0=0.0%, 4=100.0%, 8=0.0%, 16=0.0%, 32=0.0%, 64=0.0%, >=64=0.0%
     issued rwts: total=0,131072,0,0 short=0,0,0,0 dropped=0,0,0,0
     latency   : target=0, window=0, percentile=100.00%, depth=1

Run status group 0 (all jobs):
  WRITE: bw=739MiB/s (775MB/s), 739MiB/s-739MiB/s (775MB/s-775MB/s), io=512MiB (537MB), run=693-693msec

Disk stats (read/write):
  nvme0n1: ios=0/13983, merge=0/215, ticks=0/10617, in_queue=10667, util=91.98%
