buffered-read: (g=0): rw=read, bs=(R) 128KiB-128KiB, (W) 128KiB-128KiB, (T) 128KiB-128KiB, ioengine=psync, iodepth=1
fio-3.33
Starting 1 process

buffered-read: (groupid=0, jobs=1): err= 0: pid=4088: Thu Aug 14 19:51:02 2025
  read: IOPS=3222, BW=403MiB/s (422MB/s)(512MiB/1271msec)
    clat (usec): min=10, max=1412, avg=309.57, stdev=347.12
     lat (usec): min=10, max=1412, avg=309.65, stdev=347.10
    clat percentiles (usec):
     |  1.00th=[   11],  5.00th=[   11], 10.00th=[   11], 20.00th=[   11],
     | 30.00th=[   11], 40.00th=[   12], 50.00th=[   20], 60.00th=[  375],
     | 70.00th=[  586], 80.00th=[  693], 90.00th=[  816], 95.00th=[  930],
     | 99.00th=[ 1037], 99.50th=[ 1090], 99.90th=[ 1188], 99.95th=[ 1205],
     | 99.99th=[ 1418]
   bw (  KiB/s): min=407552, max=420608, per=100.00%, avg=414080.00, stdev=9231.99, samples=2
   iops        : min= 3184, max= 3286, avg=3235.00, stdev=72.12, samples=2
  lat (usec)   : 20=50.00%, 50=0.71%, 100=0.73%, 250=3.93%, 500=9.35%
  lat (usec)   : 750=21.07%, 1000=12.16%
  lat (msec)   : 2=2.05%
  cpu          : usr=0.00%, sys=6.54%, ctx=2029, majf=0, minf=13
  IO depths    : 1=100.0%, 2=0.0%, 4=0.0%, 8=0.0%, 16=0.0%, 32=0.0%, >=64=0.0%
     submit    : 0=0.0%, 4=100.0%, 8=0.0%, 16=0.0%, 32=0.0%, 64=0.0%, >=64=0.0%
     complete  : 0=0.0%, 4=100.0%, 8=0.0%, 16=0.0%, 32=0.0%, 64=0.0%, >=64=0.0%
     issued rwts: total=4096,0,0,0 short=0,0,0,0 dropped=0,0,0,0
     latency   : target=0, window=0, percentile=100.00%, depth=1

Run status group 0 (all jobs):
   READ: bw=403MiB/s (422MB/s), 403MiB/s-403MiB/s (422MB/s-422MB/s), io=512MiB (537MB), run=1271-1271msec

Disk stats (read/write):
  nvme0n1: ios=3657/0, merge=28/0, ticks=3907/0, in_queue=3908, util=87.18%
