buffered-write: (g=0): rw=write, bs=(R) 10.0MiB-10.0MiB, (W) 10.0MiB-10.0MiB, (T) 10.0MiB-10.0MiB, ioengine=psync, iodepth=1
fio-3.33
Starting 1 process

buffered-write: (groupid=0, jobs=1): err= 0: pid=11317: Thu Aug 14 19:56:22 2025
  write: IOPS=278, BW=2781MiB/s (2916MB/s)(520MiB/187msec); 0 zone resets
    clat (usec): min=1911, max=11543, avg=2564.84, stdev=1304.13
     lat (usec): min=2398, max=12903, avg=3500.34, stdev=1396.58
    clat percentiles (usec):
     |  1.00th=[ 1909],  5.00th=[ 2114], 10.00th=[ 2147], 20.00th=[ 2180],
     | 30.00th=[ 2212], 40.00th=[ 2212], 50.00th=[ 2245], 60.00th=[ 2343],
     | 70.00th=[ 2474], 80.00th=[ 2638], 90.00th=[ 2900], 95.00th=[ 3097],
     | 99.00th=[11600], 99.50th=[11600], 99.90th=[11600], 99.95th=[11600],
     | 99.99th=[11600]
  lat (msec)   : 2=1.92%, 4=96.15%, 20=1.92%
  cpu          : usr=16.13%, sys=75.81%, ctx=88, majf=0, minf=6
  IO depths    : 1=100.0%, 2=0.0%, 4=0.0%, 8=0.0%, 16=0.0%, 32=0.0%, >=64=0.0%
     submit    : 0=0.0%, 4=100.0%, 8=0.0%, 16=0.0%, 32=0.0%, 64=0.0%, >=64=0.0%
     complete  : 0=0.0%, 4=100.0%, 8=0.0%, 16=0.0%, 32=0.0%, 64=0.0%, >=64=0.0%
     issued rwts: total=0,52,0,0 short=0,0,0,0 dropped=0,0,0,0
     latency   : target=0, window=0, percentile=100.00%, depth=1

Run status group 0 (all jobs):
  WRITE: bw=2781MiB/s (2916MB/s), 2781MiB/s-2781MiB/s (2916MB/s-2916MB/s), io=520MiB (545MB), run=187-187msec

Disk stats (read/write):
  nvme0n1: ios=0/3858, merge=0/69, ticks=0/2225, in_queue=2245, util=77.11%
