buffered-write: (g=0): rw=write, bs=(R) 4096B-4096B, (W) 4096B-4096B, (T) 4096B-4096B, ioengine=psync, iodepth=1
fio-3.33
Starting 1 process

buffered-write: (groupid=0, jobs=1): err= 0: pid=32033: Thu Aug 14 19:56:47 2025
  write: IOPS=188k, BW=736MiB/s (771MB/s)(512MiB/696msec); 0 zone resets
    clat (usec): min=3, max=323, avg= 4.83, stdev= 1.88
     lat (usec): min=3, max=324, avg= 4.92, stdev= 1.91
    clat percentiles (nsec):
     |  1.00th=[ 3984],  5.00th=[ 4192], 10.00th=[ 4320], 20.00th=[ 4448],
     | 30.00th=[ 4576], 40.00th=[ 4640], 50.00th=[ 4768], 60.00th=[ 4832],
     | 70.00th=[ 4960], 80.00th=[ 5088], 90.00th=[ 5216], 95.00th=[ 5408],
     | 99.00th=[ 6304], 99.50th=[ 7136], 99.90th=[19840], 99.95th=[26752],
     | 99.99th=[66048]
   bw (  KiB/s): min=753776, max=753776, per=100.00%, avg=753776.00, stdev= 0.00, samples=1
   iops        : min=188444, max=188444, avg=188444.00, stdev= 0.00, samples=1
  lat (usec)   : 4=1.14%, 10=98.64%, 20=0.12%, 50=0.08%, 100=0.01%
  lat (usec)   : 250=0.01%, 500=0.01%
  cpu          : usr=13.24%, sys=85.76%, ctx=135, majf=0, minf=6
  IO depths    : 1=100.0%, 2=0.0%, 4=0.0%, 8=0.0%, 16=0.0%, 32=0.0%, >=64=0.0%
     submit    : 0=0.0%, 4=100.0%, 8=0.0%, 16=0.0%, 32=0.0%, 64=0.0%, >=64=0.0%
     complete  : 0=0.0%, 4=100.0%, 8=0.0%, 16=0.0%, 32=0.0%, 64=0.0%, >=64=0.0%
     issued rwts: total=0,131072,0,0 short=0,0,0,0 dropped=0,0,0,0
     latency   : target=0, window=0, percentile=100.00%, depth=1

Run status group 0 (all jobs):
  WRITE: bw=736MiB/s (771MB/s), 736MiB/s-736MiB/s (771MB/s-771MB/s), io=512MiB (537MB), run=696-696msec

Disk stats (read/write):
  nvme0n1: ios=0/13017, merge=0/147, ticks=0/9967, in_queue=10016, util=90.37%
