buffered-write: (g=0): rw=write, bs=(R) 10.0MiB-10.0MiB, (W) 10.0MiB-10.0MiB, (T) 10.0MiB-10.0MiB, ioengine=psync, iodepth=1
fio-3.33
Starting 1 process

buffered-write: (groupid=0, jobs=1): err= 0: pid=48859: Thu Aug 14 19:58:49 2025
  write: IOPS=258, BW=2587MiB/s (2713MB/s)(520MiB/201msec); 0 zone resets
    clat (usec): min=2264, max=3305, avg=2754.95, stdev=311.34
     lat (usec): min=2870, max=4742, avg=3825.66, stdev=459.59
    clat percentiles (usec):
     |  1.00th=[ 2278],  5.00th=[ 2311], 10.00th=[ 2376], 20.00th=[ 2409],
     | 30.00th=[ 2474], 40.00th=[ 2638], 50.00th=[ 2802], 60.00th=[ 2933],
     | 70.00th=[ 2966], 80.00th=[ 3032], 90.00th=[ 3163], 95.00th=[ 3261],
     | 99.00th=[ 3294], 99.50th=[ 3294], 99.90th=[ 3294], 99.95th=[ 3294],
     | 99.99th=[ 3294]
  lat (msec)   : 4=100.00%
  cpu          : usr=28.00%, sys=67.50%, ctx=59, majf=0, minf=6
  IO depths    : 1=100.0%, 2=0.0%, 4=0.0%, 8=0.0%, 16=0.0%, 32=0.0%, >=64=0.0%
     submit    : 0=0.0%, 4=100.0%, 8=0.0%, 16=0.0%, 32=0.0%, 64=0.0%, >=64=0.0%
     complete  : 0=0.0%, 4=100.0%, 8=0.0%, 16=0.0%, 32=0.0%, 64=0.0%, >=64=0.0%
     issued rwts: total=0,52,0,0 short=0,0,0,0 dropped=0,0,0,0
     latency   : target=0, window=0, percentile=100.00%, depth=1

Run status group 0 (all jobs):
  WRITE: bw=2587MiB/s (2713MB/s), 2587MiB/s-2587MiB/s (2713MB/s-2713MB/s), io=520MiB (545MB), run=201-201msec

Disk stats (read/write):
  nvme0n1: ios=0/4032, merge=0/73, ticks=0/1726, in_queue=1751, util=78.71%
