buffered-write: (g=0): rw=write, bs=(R) 4096B-4096B, (W) 4096B-4096B, (T) 4096B-4096B, ioengine=psync, iodepth=1
fio-3.33
Starting 1 process

buffered-write: (groupid=0, jobs=1): err= 0: pid=31571: Fri Aug 15 07:38:40 2025
  write: IOPS=127k, BW=496MiB/s (520MB/s)(512MiB/1032msec); 0 zone resets
    clat (usec): min=5, max=255, avg= 7.36, stdev= 1.49
     lat (usec): min=5, max=255, avg= 7.45, stdev= 1.49
    clat percentiles (nsec):
     |  1.00th=[ 6304],  5.00th=[ 6560], 10.00th=[ 6752], 20.00th=[ 6880],
     | 30.00th=[ 7008], 40.00th=[ 7136], 50.00th=[ 7328], 60.00th=[ 7456],
     | 70.00th=[ 7584], 80.00th=[ 7712], 90.00th=[ 7904], 95.00th=[ 8096],
     | 99.00th=[ 9024], 99.50th=[ 9792], 99.90th=[23424], 99.95th=[31616],
     | 99.99th=[50944]
   bw (  KiB/s): min=508550, max=508688, per=100.00%, avg=508619.00, stdev=97.58, samples=2
   iops        : min=127137, max=127172, avg=127154.50, stdev=24.75, samples=2
  lat (usec)   : 10=99.56%, 20=0.30%, 50=0.13%, 100=0.01%, 250=0.01%
  lat (usec)   : 500=0.01%
  cpu          : usr=7.66%, sys=91.66%, ctx=116, majf=0, minf=6
  IO depths    : 1=100.0%, 2=0.0%, 4=0.0%, 8=0.0%, 16=0.0%, 32=0.0%, >=64=0.0%
     submit    : 0=0.0%, 4=100.0%, 8=0.0%, 16=0.0%, 32=0.0%, 64=0.0%, >=64=0.0%
     complete  : 0=0.0%, 4=100.0%, 8=0.0%, 16=0.0%, 32=0.0%, 64=0.0%, >=64=0.0%
     issued rwts: total=0,131072,0,0 short=0,0,0,0 dropped=0,0,0,0
     latency   : target=0, window=0, percentile=100.00%, depth=1

Run status group 0 (all jobs):
  WRITE: bw=496MiB/s (520MB/s), 496MiB/s-496MiB/s (520MB/s-520MB/s), io=512MiB (537MB), run=1032-1032msec

Disk stats (read/write):
  nvme0n1: ios=0/17588, merge=0/281, ticks=0/15062, in_queue=15124, util=87.78%
