buffered-write: (g=0): rw=write, bs=(R) 100MiB-100MiB, (W) 100MiB-100MiB, (T) 100MiB-100MiB, ioengine=psync, iodepth=1
fio-3.33
Starting 1 process

buffered-write: (groupid=0, jobs=1): err= 0: pid=18701: Fri Aug 15 07:38:28 2025
  write: IOPS=27, BW=2778MiB/s (2913MB/s)(500MiB/180msec); 0 zone resets
    clat (usec): min=25699, max=26964, avg=26439.56, stdev=490.71
     lat (usec): min=33134, max=37319, avg=35784.87, stdev=1586.94
    clat percentiles (usec):
     |  1.00th=[25822],  5.00th=[25822], 10.00th=[25822], 20.00th=[25822],
     | 30.00th=[26346], 40.00th=[26346], 50.00th=[26346], 60.00th=[26346],
     | 70.00th=[26870], 80.00th=[26870], 90.00th=[26870], 95.00th=[26870],
     | 99.00th=[26870], 99.50th=[26870], 99.90th=[26870], 99.95th=[26870],
     | 99.99th=[26870]
  lat (msec)   : 50=100.00%
  cpu          : usr=24.58%, sys=75.42%, ctx=1, majf=0, minf=6
  IO depths    : 1=100.0%, 2=0.0%, 4=0.0%, 8=0.0%, 16=0.0%, 32=0.0%, >=64=0.0%
     submit    : 0=0.0%, 4=100.0%, 8=0.0%, 16=0.0%, 32=0.0%, 64=0.0%, >=64=0.0%
     complete  : 0=0.0%, 4=100.0%, 8=0.0%, 16=0.0%, 32=0.0%, 64=0.0%, >=64=0.0%
     issued rwts: total=0,5,0,0 short=0,0,0,0 dropped=0,0,0,0
     latency   : target=0, window=0, percentile=100.00%, depth=1

Run status group 0 (all jobs):
  WRITE: bw=2778MiB/s (2913MB/s), 2778MiB/s-2778MiB/s (2913MB/s-2913MB/s), io=500MiB (524MB), run=180-180msec

Disk stats (read/write):
  nvme0n1: ios=0/121, merge=0/4, ticks=0/181, in_queue=192, util=12.75%
