buffered-read: (g=0): rw=read, bs=(R) 4096B-4096B, (W) 4096B-4096B, (T) 4096B-4096B, ioengine=psync, iodepth=1
fio-3.33
Starting 1 process

buffered-read: (groupid=0, jobs=1): err= 0: pid=3887: Thu Aug 14 19:50:45 2025
  read: IOPS=103k, BW=402MiB/s (421MB/s)(512MiB/1274msec)
    clat (nsec): min=648, max=1045.0k, avg=9390.91, stdev=69524.89
     lat (nsec): min=685, max=1045.0k, avg=9441.35, stdev=69524.83
    clat percentiles (nsec):
     |  1.00th=[   668],  5.00th=[   668], 10.00th=[   668], 20.00th=[   684],
     | 30.00th=[   684], 40.00th=[   684], 50.00th=[   708], 60.00th=[   836],
     | 70.00th=[   852], 80.00th=[   868], 90.00th=[   908], 95.00th=[   980],
     | 99.00th=[561152], 99.50th=[561152], 99.90th=[569344], 99.95th=[659456],
     | 99.99th=[897024]
   bw (  KiB/s): min=406016, max=420096, per=100.00%, avg=413056.00, stdev=9956.06, samples=2
   iops        : min=101504, max=105024, avg=103264.00, stdev=2489.02, samples=2
  lat (nsec)   : 750=56.99%, 1000=38.44%
  lat (usec)   : 2=3.00%, 4=0.01%, 10=0.02%, 20=0.01%, 100=0.01%
  lat (usec)   : 250=0.01%, 500=0.02%, 750=1.47%, 1000=0.03%
  lat (msec)   : 2=0.01%
  cpu          : usr=3.77%, sys=9.74%, ctx=2031, majf=0, minf=6
  IO depths    : 1=100.0%, 2=0.0%, 4=0.0%, 8=0.0%, 16=0.0%, 32=0.0%, >=64=0.0%
     submit    : 0=0.0%, 4=100.0%, 8=0.0%, 16=0.0%, 32=0.0%, 64=0.0%, >=64=0.0%
     complete  : 0=0.0%, 4=100.0%, 8=0.0%, 16=0.0%, 32=0.0%, 64=0.0%, >=64=0.0%
     issued rwts: total=131072,0,0,0 short=0,0,0,0 dropped=0,0,0,0
     latency   : target=0, window=0, percentile=100.00%, depth=1

Run status group 0 (all jobs):
   READ: bw=402MiB/s (421MB/s), 402MiB/s-402MiB/s (421MB/s-421MB/s), io=512MiB (537MB), run=1274-1274msec

Disk stats (read/write):
  nvme0n1: ios=3659/0, merge=89/0, ticks=3729/0, in_queue=3729, util=81.09%
