buffered-read: (g=0): rw=read, bs=(R) 100MiB-100MiB, (W) 100MiB-100MiB, (T) 100MiB-100MiB, ioengine=psync, iodepth=1
fio-3.33
Starting 1 process

buffered-read: (groupid=0, jobs=1): err= 0: pid=4744: Thu Aug 14 19:52:28 2025
  read: IOPS=11, BW=1117MiB/s (1172MB/s)(600MiB/537msec)
    clat (usec): min=83608, max=96428, avg=89374.93, stdev=4935.51
     lat (usec): min=83609, max=96428, avg=89375.58, stdev=4935.41
    clat percentiles (usec):
     |  1.00th=[83362],  5.00th=[83362], 10.00th=[83362], 20.00th=[84411],
     | 30.00th=[84411], 40.00th=[89654], 50.00th=[89654], 60.00th=[89654],
     | 70.00th=[92799], 80.00th=[92799], 90.00th=[95945], 95.00th=[95945],
     | 99.00th=[95945], 99.50th=[95945], 99.90th=[95945], 99.95th=[95945],
     | 99.99th=[95945]
   bw (  KiB/s): min=1024000, max=1024000, per=89.50%, avg=1024000.00, stdev= 0.00, samples=1
   iops        : min=   10, max=   10, avg=10.00, stdev= 0.00, samples=1
  lat (msec)   : 100=100.00%
  cpu          : usr=0.00%, sys=99.63%, ctx=23, majf=0, minf=2312
  IO depths    : 1=100.0%, 2=0.0%, 4=0.0%, 8=0.0%, 16=0.0%, 32=0.0%, >=64=0.0%
     submit    : 0=0.0%, 4=100.0%, 8=0.0%, 16=0.0%, 32=0.0%, 64=0.0%, >=64=0.0%
     complete  : 0=0.0%, 4=100.0%, 8=0.0%, 16=0.0%, 32=0.0%, 64=0.0%, >=64=0.0%
     issued rwts: total=6,0,0,0 short=0,0,0,0 dropped=0,0,0,0
     latency   : target=0, window=0, percentile=100.00%, depth=1

Run status group 0 (all jobs):
   READ: bw=1117MiB/s (1172MB/s), 1117MiB/s-1117MiB/s (1172MB/s-1172MB/s), io=600MiB (629MB), run=537-537msec

Disk stats (read/write):
  nvme0n1: ios=24/0, merge=89/0, ticks=6/0, in_queue=6, util=0.80%
