buffered-write: (g=0): rw=write, bs=(R) 128KiB-128KiB, (W) 128KiB-128KiB, (T) 128KiB-128KiB, ioengine=psync, iodepth=1
fio-3.33
Starting 1 process

buffered-write: (groupid=0, jobs=1): err= 0: pid=38441: Thu Aug 14 19:56:56 2025
  write: IOPS=25.1k, BW=3141MiB/s (3294MB/s)(512MiB/163msec); 0 zone resets
    clat (usec): min=25, max=301, avg=37.16, stdev= 8.93
     lat (usec): min=26, max=302, avg=37.98, stdev= 8.96
    clat percentiles (usec):
     |  1.00th=[   30],  5.00th=[   33], 10.00th=[   34], 20.00th=[   35],
     | 30.00th=[   35], 40.00th=[   36], 50.00th=[   36], 60.00th=[   37],
     | 70.00th=[   38], 80.00th=[   39], 90.00th=[   42], 95.00th=[   45],
     | 99.00th=[   85], 99.50th=[   90], 99.90th=[  113], 99.95th=[  180],
     | 99.99th=[  302]
  lat (usec)   : 50=97.53%, 100=2.25%, 250=0.20%, 500=0.02%
  cpu          : usr=1.85%, sys=93.21%, ctx=9, majf=0, minf=6
  IO depths    : 1=100.0%, 2=0.0%, 4=0.0%, 8=0.0%, 16=0.0%, 32=0.0%, >=64=0.0%
     submit    : 0=0.0%, 4=100.0%, 8=0.0%, 16=0.0%, 32=0.0%, 64=0.0%, >=64=0.0%
     complete  : 0=0.0%, 4=100.0%, 8=0.0%, 16=0.0%, 32=0.0%, 64=0.0%, >=64=0.0%
     issued rwts: total=0,4096,0,0 short=0,0,0,0 dropped=0,0,0,0
     latency   : target=0, window=0, percentile=100.00%, depth=1

Run status group 0 (all jobs):
  WRITE: bw=3141MiB/s (3294MB/s), 3141MiB/s-3141MiB/s (3294MB/s-3294MB/s), io=512MiB (537MB), run=163-163msec

Disk stats (read/write):
  nvme0n1: ios=0/4193, merge=0/67, ticks=0/2848, in_queue=2867, util=78.71%
