buffered-write: (g=0): rw=write, bs=(R) 4096B-4096B, (W) 4096B-4096B, (T) 4096B-4096B, ioengine=psync, iodepth=1
fio-3.33
Starting 1 process

buffered-write: (groupid=0, jobs=1): err= 0: pid=30678: Thu Aug 14 19:56:45 2025
  write: IOPS=183k, BW=714MiB/s (749MB/s)(512MiB/717msec); 0 zone resets
    clat (usec): min=3, max=228, avg= 4.99, stdev= 1.47
     lat (usec): min=3, max=228, avg= 5.08, stdev= 1.49
    clat percentiles (nsec):
     |  1.00th=[ 4080],  5.00th=[ 4320], 10.00th=[ 4448], 20.00th=[ 4576],
     | 30.00th=[ 4704], 40.00th=[ 4768], 50.00th=[ 4896], 60.00th=[ 5024],
     | 70.00th=[ 5152], 80.00th=[ 5216], 90.00th=[ 5408], 95.00th=[ 5664],
     | 99.00th=[ 6880], 99.50th=[ 7904], 99.90th=[21888], 99.95th=[26496],
     | 99.99th=[62208]
   bw (  KiB/s): min=731024, max=731024, per=99.97%, avg=731024.00, stdev= 0.00, samples=1
   iops        : min=182756, max=182756, avg=182756.00, stdev= 0.00, samples=1
  lat (usec)   : 4=0.48%, 10=99.29%, 20=0.11%, 50=0.11%, 100=0.01%
  lat (usec)   : 250=0.01%
  cpu          : usr=11.59%, sys=88.13%, ctx=51, majf=0, minf=6
  IO depths    : 1=100.0%, 2=0.0%, 4=0.0%, 8=0.0%, 16=0.0%, 32=0.0%, >=64=0.0%
     submit    : 0=0.0%, 4=100.0%, 8=0.0%, 16=0.0%, 32=0.0%, 64=0.0%, >=64=0.0%
     complete  : 0=0.0%, 4=100.0%, 8=0.0%, 16=0.0%, 32=0.0%, 64=0.0%, >=64=0.0%
     issued rwts: total=0,131072,0,0 short=0,0,0,0 dropped=0,0,0,0
     latency   : target=0, window=0, percentile=100.00%, depth=1

Run status group 0 (all jobs):
  WRITE: bw=714MiB/s (749MB/s), 714MiB/s-714MiB/s (749MB/s-749MB/s), io=512MiB (537MB), run=717-717msec

Disk stats (read/write):
  nvme0n1: ios=0/12499, merge=0/171, ticks=0/9195, in_queue=9246, util=73.80%
