buffered-read: (g=0): rw=read, bs=(R) 128KiB-128KiB, (W) 128KiB-128KiB, (T) 128KiB-128KiB, ioengine=psync, iodepth=1
fio-3.33
Starting 1 process

buffered-read: (groupid=0, jobs=1): err= 0: pid=5245: Thu Aug 14 19:52:53 2025
  read: IOPS=30.8k, BW=3850MiB/s (4037MB/s)(512MiB/133msec)
    clat (usec): min=11, max=355, avg=31.79, stdev=11.91
     lat (usec): min=11, max=355, avg=31.86, stdev=11.91
    clat percentiles (usec):
     |  1.00th=[   21],  5.00th=[   23], 10.00th=[   23], 20.00th=[   24],
     | 30.00th=[   24], 40.00th=[   25], 50.00th=[   35], 60.00th=[   38],
     | 70.00th=[   39], 80.00th=[   40], 90.00th=[   40], 95.00th=[   41],
     | 99.00th=[   49], 99.50th=[   59], 99.90th=[  165], 99.95th=[  182],
     | 99.99th=[  355]
  lat (usec)   : 20=0.95%, 50=98.19%, 100=0.63%, 250=0.17%, 500=0.05%
  cpu          : usr=5.30%, sys=92.42%, ctx=24, majf=0, minf=13
  IO depths    : 1=100.0%, 2=0.0%, 4=0.0%, 8=0.0%, 16=0.0%, 32=0.0%, >=64=0.0%
     submit    : 0=0.0%, 4=100.0%, 8=0.0%, 16=0.0%, 32=0.0%, 64=0.0%, >=64=0.0%
     complete  : 0=0.0%, 4=100.0%, 8=0.0%, 16=0.0%, 32=0.0%, 64=0.0%, >=64=0.0%
     issued rwts: total=4096,0,0,0 short=0,0,0,0 dropped=0,0,0,0
     latency   : target=0, window=0, percentile=100.00%, depth=1

Run status group 0 (all jobs):
   READ: bw=3850MiB/s (4037MB/s), 3850MiB/s-3850MiB/s (4037MB/s-4037MB/s), io=512MiB (537MB), run=133-133msec

Disk stats (read/write):
  nvme0n1: ios=0/0, merge=0/0, ticks=0/0, in_queue=0, util=0.00%
