buffered-read: (g=0): rw=read, bs=(R) 1024KiB-1024KiB, (W) 1024KiB-1024KiB, (T) 1024KiB-1024KiB, ioengine=psync, iodepth=1
fio-3.33
Starting 1 process

buffered-read: (groupid=0, jobs=1): err= 0: pid=2525: Fri Aug 15 07:06:27 2025
  read: IOPS=396, BW=397MiB/s (416MB/s)(512MiB/1291msec)
    clat (usec): min=2287, max=3205, avg=2519.54, stdev=67.88
     lat (usec): min=2287, max=3206, avg=2519.67, stdev=67.90
    clat percentiles (usec):
     |  1.00th=[ 2311],  5.00th=[ 2474], 10.00th=[ 2507], 20.00th=[ 2507],
     | 30.00th=[ 2507], 40.00th=[ 2507], 50.00th=[ 2507], 60.00th=[ 2507],
     | 70.00th=[ 2507], 80.00th=[ 2507], 90.00th=[ 2540], 95.00th=[ 2606],
     | 99.00th=[ 2802], 99.50th=[ 2868], 99.90th=[ 3195], 99.95th=[ 3195],
     | 99.99th=[ 3195]
   bw (  KiB/s): min=405504, max=405504, per=99.85%, avg=405504.00, stdev= 0.00, samples=2
   iops        : min=  396, max=  396, avg=396.00, stdev= 0.00, samples=2
  lat (msec)   : 4=100.00%
  cpu          : usr=0.23%, sys=8.60%, ctx=4103, majf=0, minf=70
  IO depths    : 1=100.0%, 2=0.0%, 4=0.0%, 8=0.0%, 16=0.0%, 32=0.0%, >=64=0.0%
     submit    : 0=0.0%, 4=100.0%, 8=0.0%, 16=0.0%, 32=0.0%, 64=0.0%, >=64=0.0%
     complete  : 0=0.0%, 4=100.0%, 8=0.0%, 16=0.0%, 32=0.0%, 64=0.0%, >=64=0.0%
     issued rwts: total=512,0,0,0 short=0,0,0,0 dropped=0,0,0,0
     latency   : target=0, window=0, percentile=100.00%, depth=1

Run status group 0 (all jobs):
   READ: bw=397MiB/s (416MB/s), 397MiB/s-397MiB/s (416MB/s-416MB/s), io=512MiB (537MB), run=1291-1291msec

Disk stats (read/write):
  nvme0n1: ios=3666/0, merge=89/0, ticks=2215/0, in_queue=2216, util=82.05%
