buffered-read: (g=0): rw=read, bs=(R) 1024KiB-1024KiB, (W) 1024KiB-1024KiB, (T) 1024KiB-1024KiB, ioengine=psync, iodepth=1
fio-3.33
Starting 1 process

buffered-read: (groupid=0, jobs=1): err= 0: pid=2485: Fri Aug 15 07:06:24 2025
  read: IOPS=396, BW=397MiB/s (416MB/s)(512MiB/1291msec)
    clat (usec): min=2288, max=3020, avg=2518.80, stdev=60.04
     lat (usec): min=2288, max=3020, avg=2519.04, stdev=60.05
    clat percentiles (usec):
     |  1.00th=[ 2376],  5.00th=[ 2507], 10.00th=[ 2507], 20.00th=[ 2507],
     | 30.00th=[ 2507], 40.00th=[ 2507], 50.00th=[ 2507], 60.00th=[ 2507],
     | 70.00th=[ 2507], 80.00th=[ 2507], 90.00th=[ 2507], 95.00th=[ 2573],
     | 99.00th=[ 2802], 99.50th=[ 2933], 99.90th=[ 3032], 99.95th=[ 3032],
     | 99.99th=[ 3032]
   bw (  KiB/s): min=403456, max=407552, per=99.85%, avg=405504.00, stdev=2896.31, samples=2
   iops        : min=  394, max=  398, avg=396.00, stdev= 2.83, samples=2
  lat (msec)   : 4=100.00%
  cpu          : usr=0.70%, sys=10.08%, ctx=4104, majf=0, minf=70
  IO depths    : 1=100.0%, 2=0.0%, 4=0.0%, 8=0.0%, 16=0.0%, 32=0.0%, >=64=0.0%
     submit    : 0=0.0%, 4=100.0%, 8=0.0%, 16=0.0%, 32=0.0%, 64=0.0%, >=64=0.0%
     complete  : 0=0.0%, 4=100.0%, 8=0.0%, 16=0.0%, 32=0.0%, 64=0.0%, >=64=0.0%
     issued rwts: total=512,0,0,0 short=0,0,0,0 dropped=0,0,0,0
     latency   : target=0, window=0, percentile=100.00%, depth=1

Run status group 0 (all jobs):
   READ: bw=397MiB/s (416MB/s), 397MiB/s-397MiB/s (416MB/s-416MB/s), io=512MiB (537MB), run=1291-1291msec

Disk stats (read/write):
  nvme0n1: ios=3666/0, merge=89/0, ticks=2198/0, in_queue=2198, util=81.73%
