buffered-read: (g=0): rw=read, bs=(R) 10.0MiB-10.0MiB, (W) 10.0MiB-10.0MiB, (T) 10.0MiB-10.0MiB, ioengine=psync, iodepth=1
fio-3.33
Starting 1 process

buffered-read: (groupid=0, jobs=1): err= 0: pid=4504: Thu Aug 14 19:52:17 2025
  read: IOPS=119, BW=1195MiB/s (1253MB/s)(520MiB/435msec)
    clat (usec): min=6990, max=9168, avg=8350.93, stdev=773.47
     lat (usec): min=6991, max=9168, avg=8351.76, stdev=773.28
    clat percentiles (usec):
     |  1.00th=[ 6980],  5.00th=[ 6980], 10.00th=[ 7046], 20.00th=[ 7177],
     | 30.00th=[ 8094], 40.00th=[ 8717], 50.00th=[ 8717], 60.00th=[ 8848],
     | 70.00th=[ 8848], 80.00th=[ 8848], 90.00th=[ 8979], 95.00th=[ 9110],
     | 99.00th=[ 9110], 99.50th=[ 9110], 99.90th=[ 9110], 99.95th=[ 9110],
     | 99.99th=[ 9110]
  lat (msec)   : 10=100.00%
  cpu          : usr=0.00%, sys=99.08%, ctx=45, majf=0, minf=646
  IO depths    : 1=100.0%, 2=0.0%, 4=0.0%, 8=0.0%, 16=0.0%, 32=0.0%, >=64=0.0%
     submit    : 0=0.0%, 4=100.0%, 8=0.0%, 16=0.0%, 32=0.0%, 64=0.0%, >=64=0.0%
     complete  : 0=0.0%, 4=100.0%, 8=0.0%, 16=0.0%, 32=0.0%, 64=0.0%, >=64=0.0%
     issued rwts: total=52,0,0,0 short=0,0,0,0 dropped=0,0,0,0
     latency   : target=0, window=0, percentile=100.00%, depth=1

Run status group 0 (all jobs):
   READ: bw=1195MiB/s (1253MB/s), 1195MiB/s-1195MiB/s (1253MB/s-1253MB/s), io=520MiB (545MB), run=435-435msec

Disk stats (read/write):
  nvme0n1: ios=24/0, merge=89/0, ticks=7/0, in_queue=7, util=0.80%
