buffered-write: (g=0): rw=write, bs=(R) 100MiB-100MiB, (W) 100MiB-100MiB, (T) 100MiB-100MiB, ioengine=psync, iodepth=1
fio-3.33
Starting 1 process

buffered-write: (groupid=0, jobs=1): err= 0: pid=52986: Thu Aug 14 19:58:54 2025
  write: IOPS=25, BW=2575MiB/s (2700MB/s)(600MiB/233msec); 0 zone resets
    clat (usec): min=21685, max=31302, avg=27162.82, stdev=3203.36
     lat (usec): min=28488, max=43044, avg=38580.74, stdev=5329.66
    clat percentiles (usec):
     |  1.00th=[21627],  5.00th=[21627], 10.00th=[21627], 20.00th=[26084],
     | 30.00th=[26084], 40.00th=[27395], 50.00th=[27395], 60.00th=[28181],
     | 70.00th=[28443], 80.00th=[28443], 90.00th=[31327], 95.00th=[31327],
     | 99.00th=[31327], 99.50th=[31327], 99.90th=[31327], 99.95th=[31327],
     | 99.99th=[31327]
  lat (msec)   : 50=100.00%
  cpu          : usr=28.45%, sys=68.10%, ctx=25, majf=0, minf=6
  IO depths    : 1=100.0%, 2=0.0%, 4=0.0%, 8=0.0%, 16=0.0%, 32=0.0%, >=64=0.0%
     submit    : 0=0.0%, 4=100.0%, 8=0.0%, 16=0.0%, 32=0.0%, 64=0.0%, >=64=0.0%
     complete  : 0=0.0%, 4=100.0%, 8=0.0%, 16=0.0%, 32=0.0%, 64=0.0%, >=64=0.0%
     issued rwts: total=0,6,0,0 short=0,0,0,0 dropped=0,0,0,0
     latency   : target=0, window=0, percentile=100.00%, depth=1

Run status group 0 (all jobs):
  WRITE: bw=2575MiB/s (2700MB/s), 2575MiB/s-2575MiB/s (2700MB/s-2700MB/s), io=600MiB (629MB), run=233-233msec

Disk stats (read/write):
  nvme0n1: ios=0/3791, merge=0/68, ticks=0/1588, in_queue=1611, util=73.90%
