buffered-write: (g=0): rw=write, bs=(R) 1024MiB-1024MiB, (W) 1024MiB-1024MiB, (T) 1024MiB-1024MiB, ioengine=psync, iodepth=1
fio-3.33
Starting 1 process

buffered-write: (groupid=0, jobs=1): err= 0: pid=56639: Thu Aug 14 19:59:02 2025
  write: IOPS=3, BW=3413MiB/s (3579MB/s)(1024MiB/300msec); 0 zone resets
    clat (nsec): min=224693k, max=224693k, avg=224692511.00, stdev= 0.00
     lat (nsec): min=295056k, max=295056k, avg=295055906.00, stdev= 0.00
    clat percentiles (msec):
     |  1.00th=[  226],  5.00th=[  226], 10.00th=[  226], 20.00th=[  226],
     | 30.00th=[  226], 40.00th=[  226], 50.00th=[  226], 60.00th=[  226],
     | 70.00th=[  226], 80.00th=[  226], 90.00th=[  226], 95.00th=[  226],
     | 99.00th=[  226], 99.50th=[  226], 99.90th=[  226], 99.95th=[  226],
     | 99.99th=[  226]
  lat (msec)   : 250=100.00%
  cpu          : usr=23.75%, sys=74.58%, ctx=9, majf=0, minf=6
  IO depths    : 1=100.0%, 2=0.0%, 4=0.0%, 8=0.0%, 16=0.0%, 32=0.0%, >=64=0.0%
     submit    : 0=0.0%, 4=100.0%, 8=0.0%, 16=0.0%, 32=0.0%, 64=0.0%, >=64=0.0%
     complete  : 0=0.0%, 4=100.0%, 8=0.0%, 16=0.0%, 32=0.0%, 64=0.0%, >=64=0.0%
     issued rwts: total=0,1,0,0 short=0,0,0,0 dropped=0,0,0,0
     latency   : target=0, window=0, percentile=100.00%, depth=1

Run status group 0 (all jobs):
  WRITE: bw=3413MiB/s (3579MB/s), 3413MiB/s-3413MiB/s (3579MB/s-3579MB/s), io=1024MiB (1074MB), run=300-300msec

Disk stats (read/write):
  nvme0n1: ios=23/10438, merge=30/160, ticks=10/4275, in_queue=4346, util=48.14%
