buffered-write: (g=0): rw=write, bs=(R) 100MiB-100MiB, (W) 100MiB-100MiB, (T) 100MiB-100MiB, ioengine=psync, iodepth=1
fio-3.33
Starting 1 process

buffered-write: (groupid=0, jobs=1): err= 0: pid=49284: Thu Aug 14 19:58:50 2025
  write: IOPS=27, BW=2727MiB/s (2860MB/s)(600MiB/220msec); 0 zone resets
    clat (usec): min=21138, max=31612, avg=26666.73, stdev=3444.90
     lat (usec): min=27529, max=42922, avg=36195.71, stdev=5746.62
    clat percentiles (usec):
     |  1.00th=[21103],  5.00th=[21103], 10.00th=[21103], 20.00th=[25822],
     | 30.00th=[25822], 40.00th=[25822], 50.00th=[25822], 60.00th=[27132],
     | 70.00th=[28181], 80.00th=[28181], 90.00th=[31589], 95.00th=[31589],
     | 99.00th=[31589], 99.50th=[31589], 99.90th=[31589], 99.95th=[31589],
     | 99.99th=[31589]
  lat (msec)   : 50=100.00%
  cpu          : usr=26.94%, sys=67.12%, ctx=58, majf=0, minf=6
  IO depths    : 1=100.0%, 2=0.0%, 4=0.0%, 8=0.0%, 16=0.0%, 32=0.0%, >=64=0.0%
     submit    : 0=0.0%, 4=100.0%, 8=0.0%, 16=0.0%, 32=0.0%, 64=0.0%, >=64=0.0%
     complete  : 0=0.0%, 4=100.0%, 8=0.0%, 16=0.0%, 32=0.0%, 64=0.0%, >=64=0.0%
     issued rwts: total=0,6,0,0 short=0,0,0,0 dropped=0,0,0,0
     latency   : target=0, window=0, percentile=100.00%, depth=1

Run status group 0 (all jobs):
  WRITE: bw=2727MiB/s (2860MB/s), 2727MiB/s-2727MiB/s (2860MB/s-2860MB/s), io=600MiB (629MB), run=220-220msec

Disk stats (read/write):
  nvme0n1: ios=0/4185, merge=0/57, ticks=0/1734, in_queue=1760, util=64.26%
