buffered-read: (g=0): rw=read, bs=(R) 1024KiB-1024KiB, (W) 1024KiB-1024KiB, (T) 1024KiB-1024KiB, ioengine=psync, iodepth=1
fio-3.33
Starting 1 process

buffered-read: (groupid=0, jobs=1): err= 0: pid=4284: Thu Aug 14 19:52:08 2025
  read: IOPS=2925, BW=2926MiB/s (3068MB/s)(512MiB/175msec)
    clat (usec): min=274, max=749, avg=340.06, stdev=44.69
     lat (usec): min=274, max=750, avg=340.17, stdev=44.70
    clat percentiles (usec):
     |  1.00th=[  277],  5.00th=[  285], 10.00th=[  289], 20.00th=[  297],
     | 30.00th=[  330], 40.00th=[  338], 50.00th=[  343], 60.00th=[  351],
     | 70.00th=[  355], 80.00th=[  359], 90.00th=[  375], 95.00th=[  392],
     | 99.00th=[  486], 99.50th=[  652], 99.90th=[  750], 99.95th=[  750],
     | 99.99th=[  750]
  lat (usec)   : 500=99.02%, 750=0.98%
  cpu          : usr=0.00%, sys=98.85%, ctx=18, majf=0, minf=70
  IO depths    : 1=100.0%, 2=0.0%, 4=0.0%, 8=0.0%, 16=0.0%, 32=0.0%, >=64=0.0%
     submit    : 0=0.0%, 4=100.0%, 8=0.0%, 16=0.0%, 32=0.0%, 64=0.0%, >=64=0.0%
     complete  : 0=0.0%, 4=100.0%, 8=0.0%, 16=0.0%, 32=0.0%, 64=0.0%, >=64=0.0%
     issued rwts: total=512,0,0,0 short=0,0,0,0 dropped=0,0,0,0
     latency   : target=0, window=0, percentile=100.00%, depth=1

Run status group 0 (all jobs):
   READ: bw=2926MiB/s (3068MB/s), 2926MiB/s-2926MiB/s (3068MB/s-3068MB/s), io=512MiB (537MB), run=175-175msec

Disk stats (read/write):
  nvme0n1: ios=9/0, merge=0/0, ticks=2/0, in_queue=1, util=1.61%
