buffered-write: (g=0): rw=write, bs=(R) 100MiB-100MiB, (W) 100MiB-100MiB, (T) 100MiB-100MiB, ioengine=psync, iodepth=1
fio-3.33
Starting 1 process

buffered-write: (groupid=0, jobs=1): err= 0: pid=17743: Thu Aug 14 19:56:30 2025
  write: IOPS=24, BW=2479MiB/s (2600MB/s)(600MiB/242msec); 0 zone resets
    clat (usec): min=20931, max=35812, avg=27234.79, stdev=4839.83
     lat (usec): min=30837, max=46713, avg=39537.90, stdev=5282.61
    clat percentiles (usec):
     |  1.00th=[20841],  5.00th=[20841], 10.00th=[20841], 20.00th=[25297],
     | 30.00th=[25297], 40.00th=[26870], 50.00th=[26870], 60.00th=[26870],
     | 70.00th=[27395], 80.00th=[27395], 90.00th=[35914], 95.00th=[35914],
     | 99.00th=[35914], 99.50th=[35914], 99.90th=[35914], 99.95th=[35914],
     | 99.99th=[35914]
  lat (msec)   : 50=100.00%
  cpu          : usr=29.05%, sys=66.80%, ctx=34, majf=0, minf=6
  IO depths    : 1=100.0%, 2=0.0%, 4=0.0%, 8=0.0%, 16=0.0%, 32=0.0%, >=64=0.0%
     submit    : 0=0.0%, 4=100.0%, 8=0.0%, 16=0.0%, 32=0.0%, 64=0.0%, >=64=0.0%
     complete  : 0=0.0%, 4=100.0%, 8=0.0%, 16=0.0%, 32=0.0%, 64=0.0%, >=64=0.0%
     issued rwts: total=0,6,0,0 short=0,0,0,0 dropped=0,0,0,0
     latency   : target=0, window=0, percentile=100.00%, depth=1

Run status group 0 (all jobs):
  WRITE: bw=2479MiB/s (2600MB/s), 2479MiB/s-2479MiB/s (2600MB/s-2600MB/s), io=600MiB (629MB), run=242-242msec

Disk stats (read/write):
  nvme0n1: ios=0/4262, merge=0/63, ticks=0/1984, in_queue=2008, util=70.68%
