buffered-write: (g=0): rw=write, bs=(R) 10.0MiB-10.0MiB, (W) 10.0MiB-10.0MiB, (T) 10.0MiB-10.0MiB, ioengine=psync, iodepth=1
fio-3.33
Starting 1 process

buffered-write: (groupid=0, jobs=1): err= 0: pid=45017: Thu Aug 14 19:58:45 2025
  write: IOPS=275, BW=2751MiB/s (2885MB/s)(520MiB/189msec); 0 zone resets
    clat (usec): min=2122, max=3236, avg=2604.51, stdev=225.94
     lat (usec): min=2824, max=4052, avg=3618.83, stdev=311.34
    clat percentiles (usec):
     |  1.00th=[ 2114],  5.00th=[ 2343], 10.00th=[ 2343], 20.00th=[ 2376],
     | 30.00th=[ 2409], 40.00th=[ 2507], 50.00th=[ 2671], 60.00th=[ 2769],
     | 70.00th=[ 2769], 80.00th=[ 2802], 90.00th=[ 2835], 95.00th=[ 2868],
     | 99.00th=[ 3228], 99.50th=[ 3228], 99.90th=[ 3228], 99.95th=[ 3228],
     | 99.99th=[ 3228]
  lat (msec)   : 4=100.00%
  cpu          : usr=29.26%, sys=71.81%, ctx=12, majf=0, minf=6
  IO depths    : 1=100.0%, 2=0.0%, 4=0.0%, 8=0.0%, 16=0.0%, 32=0.0%, >=64=0.0%
     submit    : 0=0.0%, 4=100.0%, 8=0.0%, 16=0.0%, 32=0.0%, 64=0.0%, >=64=0.0%
     complete  : 0=0.0%, 4=100.0%, 8=0.0%, 16=0.0%, 32=0.0%, 64=0.0%, >=64=0.0%
     issued rwts: total=0,52,0,0 short=0,0,0,0 dropped=0,0,0,0
     latency   : target=0, window=0, percentile=100.00%, depth=1

Run status group 0 (all jobs):
  WRITE: bw=2751MiB/s (2885MB/s), 2751MiB/s-2751MiB/s (2885MB/s-2885MB/s), io=520MiB (545MB), run=189-189msec

Disk stats (read/write):
  nvme0n1: ios=0/4315, merge=0/60, ticks=0/1867, in_queue=1895, util=81.93%
