buffered-write: (g=0): rw=write, bs=(R) 10.0MiB-10.0MiB, (W) 10.0MiB-10.0MiB, (T) 10.0MiB-10.0MiB, ioengine=psync, iodepth=1
fio-3.33
Starting 1 process

buffered-write: (groupid=0, jobs=1): err= 0: pid=47596: Thu Aug 14 19:58:48 2025
  write: IOPS=278, BW=2781MiB/s (2916MB/s)(520MiB/187msec); 0 zone resets
    clat (usec): min=2094, max=3081, avg=2585.69, stdev=230.26
     lat (usec): min=2775, max=4076, avg=3547.40, stdev=369.58
    clat percentiles (usec):
     |  1.00th=[ 2089],  5.00th=[ 2212], 10.00th=[ 2311], 20.00th=[ 2343],
     | 30.00th=[ 2376], 40.00th=[ 2540], 50.00th=[ 2638], 60.00th=[ 2737],
     | 70.00th=[ 2769], 80.00th=[ 2802], 90.00th=[ 2835], 95.00th=[ 2835],
     | 99.00th=[ 3097], 99.50th=[ 3097], 99.90th=[ 3097], 99.95th=[ 3097],
     | 99.99th=[ 3097]
  lat (msec)   : 4=100.00%
  cpu          : usr=25.27%, sys=73.66%, ctx=17, majf=0, minf=6
  IO depths    : 1=100.0%, 2=0.0%, 4=0.0%, 8=0.0%, 16=0.0%, 32=0.0%, >=64=0.0%
     submit    : 0=0.0%, 4=100.0%, 8=0.0%, 16=0.0%, 32=0.0%, 64=0.0%, >=64=0.0%
     complete  : 0=0.0%, 4=100.0%, 8=0.0%, 16=0.0%, 32=0.0%, 64=0.0%, >=64=0.0%
     issued rwts: total=0,52,0,0 short=0,0,0,0 dropped=0,0,0,0
     latency   : target=0, window=0, percentile=100.00%, depth=1

Run status group 0 (all jobs):
  WRITE: bw=2781MiB/s (2916MB/s), 2781MiB/s-2781MiB/s (2916MB/s-2916MB/s), io=520MiB (545MB), run=187-187msec

Disk stats (read/write):
  nvme0n1: ios=0/3927, merge=0/58, ticks=0/1722, in_queue=1755, util=35.34%
