buffered-write: (g=0): rw=write, bs=(R) 1024KiB-1024KiB, (W) 1024KiB-1024KiB, (T) 1024KiB-1024KiB, ioengine=psync, iodepth=1
fio-3.33
Starting 1 process

buffered-write: (groupid=0, jobs=1): err= 0: pid=41339: Thu Aug 14 19:58:41 2025
  write: IOPS=5224, BW=5224MiB/s (5478MB/s)(512MiB/98msec); 0 zone resets
    clat (usec): min=127, max=385, avg=167.78, stdev=30.38
     lat (usec): min=135, max=399, avg=182.04, stdev=31.24
    clat percentiles (usec):
     |  1.00th=[  133],  5.00th=[  137], 10.00th=[  139], 20.00th=[  143],
     | 30.00th=[  151], 40.00th=[  159], 50.00th=[  163], 60.00th=[  167],
     | 70.00th=[  174], 80.00th=[  184], 90.00th=[  202], 95.00th=[  219],
     | 99.00th=[  281], 99.50th=[  351], 99.90th=[  388], 99.95th=[  388],
     | 99.99th=[  388]
  lat (usec)   : 250=97.85%, 500=2.15%
  cpu          : usr=3.09%, sys=88.66%, ctx=24, majf=0, minf=6
  IO depths    : 1=100.0%, 2=0.0%, 4=0.0%, 8=0.0%, 16=0.0%, 32=0.0%, >=64=0.0%
     submit    : 0=0.0%, 4=100.0%, 8=0.0%, 16=0.0%, 32=0.0%, 64=0.0%, >=64=0.0%
     complete  : 0=0.0%, 4=100.0%, 8=0.0%, 16=0.0%, 32=0.0%, 64=0.0%, >=64=0.0%
     issued rwts: total=0,512,0,0 short=0,0,0,0 dropped=0,0,0,0
     latency   : target=0, window=0, percentile=100.00%, depth=1

Run status group 0 (all jobs):
  WRITE: bw=5224MiB/s (5478MB/s), 5224MiB/s-5224MiB/s (5478MB/s-5478MB/s), io=512MiB (537MB), run=98-98msec

Disk stats (read/write):
  nvme0n1: ios=0/0, merge=0/0, ticks=0/0, in_queue=0, util=0.00%
