buffered-read: (g=0): rw=read, bs=(R) 4096B-4096B, (W) 4096B-4096B, (T) 4096B-4096B, ioengine=psync, iodepth=1
fio-3.33
Starting 1 process

buffered-read: (groupid=0, jobs=1): err= 0: pid=3907: Thu Aug 14 19:50:47 2025
  read: IOPS=103k, BW=402MiB/s (422MB/s)(512MiB/1273msec)
    clat (nsec): min=629, max=1106.8k, avg=9382.97, stdev=71296.65
     lat (nsec): min=685, max=1106.9k, avg=9433.67, stdev=71296.67
    clat percentiles (nsec):
     |  1.00th=[    668],  5.00th=[    668], 10.00th=[    668],
     | 20.00th=[    684], 30.00th=[    684], 40.00th=[    700],
     | 50.00th=[    724], 60.00th=[    836], 70.00th=[    852],
     | 80.00th=[    868], 90.00th=[    908], 95.00th=[   1004],
     | 99.00th=[ 561152], 99.50th=[ 561152], 99.90th=[ 782336],
     | 99.95th=[ 946176], 99.99th=[1028096]
   bw (  KiB/s): min=407040, max=420608, per=100.00%, avg=413824.00, stdev=9594.02, samples=2
   iops        : min=101760, max=105152, avg=103456.00, stdev=2398.51, samples=2
  lat (nsec)   : 750=53.52%, 1000=41.42%
  lat (usec)   : 2=3.46%, 4=0.03%, 10=0.02%, 20=0.01%, 100=0.05%
  lat (usec)   : 250=0.04%, 500=0.03%, 750=1.32%, 1000=0.07%
  lat (msec)   : 2=0.04%
  cpu          : usr=6.76%, sys=6.84%, ctx=2031, majf=0, minf=6
  IO depths    : 1=100.0%, 2=0.0%, 4=0.0%, 8=0.0%, 16=0.0%, 32=0.0%, >=64=0.0%
     submit    : 0=0.0%, 4=100.0%, 8=0.0%, 16=0.0%, 32=0.0%, 64=0.0%, >=64=0.0%
     complete  : 0=0.0%, 4=100.0%, 8=0.0%, 16=0.0%, 32=0.0%, 64=0.0%, >=64=0.0%
     issued rwts: total=131072,0,0,0 short=0,0,0,0 dropped=0,0,0,0
     latency   : target=0, window=0, percentile=100.00%, depth=1

Run status group 0 (all jobs):
   READ: bw=402MiB/s (422MB/s), 402MiB/s-402MiB/s (422MB/s-422MB/s), io=512MiB (537MB), run=1273-1273msec

Disk stats (read/write):
  nvme0n1: ios=3648/0, merge=0/0, ticks=3743/0, in_queue=3743, util=78.85%
