buffered-write: (g=0): rw=write, bs=(R) 1024MiB-1024MiB, (W) 1024MiB-1024MiB, (T) 1024MiB-1024MiB, ioengine=psync, iodepth=1
fio-3.33
Starting 1 process

buffered-write: (groupid=0, jobs=1): err= 0: pid=55977: Thu Aug 14 19:59:01 2025
  write: IOPS=2, BW=2909MiB/s (3050MB/s)(1024MiB/352msec); 0 zone resets
    clat (nsec): min=279661k, max=279661k, avg=279660676.00, stdev= 0.00
     lat (nsec): min=350872k, max=350872k, avg=350871902.00, stdev= 0.00
    clat percentiles (msec):
     |  1.00th=[  279],  5.00th=[  279], 10.00th=[  279], 20.00th=[  279],
     | 30.00th=[  279], 40.00th=[  279], 50.00th=[  279], 60.00th=[  279],
     | 70.00th=[  279], 80.00th=[  279], 90.00th=[  279], 95.00th=[  279],
     | 99.00th=[  279], 99.50th=[  279], 99.90th=[  279], 99.95th=[  279],
     | 99.99th=[  279]
  lat (msec)   : 500=100.00%
  cpu          : usr=19.94%, sys=79.20%, ctx=26, majf=0, minf=6
  IO depths    : 1=100.0%, 2=0.0%, 4=0.0%, 8=0.0%, 16=0.0%, 32=0.0%, >=64=0.0%
     submit    : 0=0.0%, 4=100.0%, 8=0.0%, 16=0.0%, 32=0.0%, 64=0.0%, >=64=0.0%
     complete  : 0=0.0%, 4=100.0%, 8=0.0%, 16=0.0%, 32=0.0%, 64=0.0%, >=64=0.0%
     issued rwts: total=0,1,0,0 short=0,0,0,0 dropped=0,0,0,0
     latency   : target=0, window=0, percentile=100.00%, depth=1

Run status group 0 (all jobs):
  WRITE: bw=2909MiB/s (3050MB/s), 2909MiB/s-2909MiB/s (3050MB/s-3050MB/s), io=1024MiB (1074MB), run=352-352msec

Disk stats (read/write):
  nvme0n1: ios=288/11215, merge=21/165, ticks=191/4691, in_queue=4970, util=52.91%
