buffered-read: (g=0): rw=read, bs=(R) 128KiB-128KiB, (W) 128KiB-128KiB, (T) 128KiB-128KiB, ioengine=psync, iodepth=1
fio-3.33
Starting 1 process

buffered-read: (groupid=0, jobs=1): err= 0: pid=4007: Thu Aug 14 19:50:55 2025
  read: IOPS=3220, BW=403MiB/s (422MB/s)(512MiB/1272msec)
    clat (usec): min=10, max=1532, avg=309.72, stdev=346.03
     lat (usec): min=10, max=1532, avg=309.79, stdev=346.01
    clat percentiles (usec):
     |  1.00th=[   11],  5.00th=[   11], 10.00th=[   11], 20.00th=[   11],
     | 30.00th=[   11], 40.00th=[   12], 50.00th=[   20], 60.00th=[  379],
     | 70.00th=[  586], 80.00th=[  693], 90.00th=[  816], 95.00th=[  930],
     | 99.00th=[ 1029], 99.50th=[ 1090], 99.90th=[ 1172], 99.95th=[ 1172],
     | 99.99th=[ 1532]
   bw (  KiB/s): min=407552, max=420096, per=100.00%, avg=413824.00, stdev=8869.95, samples=2
   iops        : min= 3184, max= 3282, avg=3233.00, stdev=69.30, samples=2
  lat (usec)   : 20=50.10%, 50=0.63%, 100=0.44%, 250=4.08%, 500=9.45%
  lat (usec)   : 750=21.34%, 1000=12.13%
  lat (msec)   : 2=1.83%
  cpu          : usr=0.00%, sys=6.53%, ctx=2027, majf=0, minf=13
  IO depths    : 1=100.0%, 2=0.0%, 4=0.0%, 8=0.0%, 16=0.0%, 32=0.0%, >=64=0.0%
     submit    : 0=0.0%, 4=100.0%, 8=0.0%, 16=0.0%, 32=0.0%, 64=0.0%, >=64=0.0%
     complete  : 0=0.0%, 4=100.0%, 8=0.0%, 16=0.0%, 32=0.0%, 64=0.0%, >=64=0.0%
     issued rwts: total=4096,0,0,0 short=0,0,0,0 dropped=0,0,0,0
     latency   : target=0, window=0, percentile=100.00%, depth=1

Run status group 0 (all jobs):
   READ: bw=403MiB/s (422MB/s), 403MiB/s-403MiB/s (422MB/s-422MB/s), io=512MiB (537MB), run=1272-1272msec

Disk stats (read/write):
  nvme0n1: ios=3667/0, merge=89/0, ticks=3916/0, in_queue=3915, util=87.18%
