buffered-write: (g=0): rw=write, bs=(R) 4096B-4096B, (W) 4096B-4096B, (T) 4096B-4096B, ioengine=psync, iodepth=1
fio-3.33
Starting 1 process

buffered-write: (groupid=0, jobs=1): err= 0: pid=33388: Thu Aug 14 19:56:49 2025
  write: IOPS=186k, BW=725MiB/s (760MB/s)(512MiB/706msec); 0 zone resets
    clat (nsec): min=3408, max=104815, avg=4782.40, stdev=948.19
     lat (nsec): min=3500, max=104907, avg=4868.49, stdev=958.15
    clat percentiles (nsec):
     |  1.00th=[ 3920],  5.00th=[ 4192], 10.00th=[ 4256], 20.00th=[ 4448],
     | 30.00th=[ 4512], 40.00th=[ 4640], 50.00th=[ 4704], 60.00th=[ 4832],
     | 70.00th=[ 4896], 80.00th=[ 5024], 90.00th=[ 5216], 95.00th=[ 5408],
     | 99.00th=[ 6304], 99.50th=[ 7136], 99.90th=[17280], 99.95th=[21376],
     | 99.99th=[29312]
   bw (  KiB/s): min=733832, max=733832, per=98.82%, avg=733832.00, stdev= 0.00, samples=1
   iops        : min=183458, max=183458, avg=183458.00, stdev= 0.00, samples=1
  lat (usec)   : 4=1.75%, 10=98.10%, 20=0.09%, 50=0.06%, 100=0.01%
  lat (usec)   : 250=0.01%
  cpu          : usr=10.64%, sys=86.81%, ctx=11, majf=0, minf=6
  IO depths    : 1=100.0%, 2=0.0%, 4=0.0%, 8=0.0%, 16=0.0%, 32=0.0%, >=64=0.0%
     submit    : 0=0.0%, 4=100.0%, 8=0.0%, 16=0.0%, 32=0.0%, 64=0.0%, >=64=0.0%
     complete  : 0=0.0%, 4=100.0%, 8=0.0%, 16=0.0%, 32=0.0%, 64=0.0%, >=64=0.0%
     issued rwts: total=0,131072,0,0 short=0,0,0,0 dropped=0,0,0,0
     latency   : target=0, window=0, percentile=100.00%, depth=1

Run status group 0 (all jobs):
  WRITE: bw=725MiB/s (760MB/s), 725MiB/s-725MiB/s (760MB/s-760MB/s), io=512MiB (537MB), run=706-706msec

Disk stats (read/write):
  nvme0n1: ios=0/13570, merge=0/212, ticks=0/10606, in_queue=10656, util=90.91%
