buffered-write: (g=0): rw=write, bs=(R) 1024KiB-1024KiB, (W) 1024KiB-1024KiB, (T) 1024KiB-1024KiB, ioengine=psync, iodepth=1
fio-3.33
Starting 1 process

buffered-write: (groupid=0, jobs=1): err= 0: pid=6066: Thu Aug 14 19:56:16 2025
  write: IOPS=5505, BW=5505MiB/s (5773MB/s)(512MiB/93msec); 0 zone resets
    clat (usec): min=124, max=899, avg=158.78, stdev=75.74
     lat (usec): min=137, max=916, avg=172.40, stdev=77.40
    clat percentiles (usec):
     |  1.00th=[  129],  5.00th=[  135], 10.00th=[  135], 20.00th=[  137],
     | 30.00th=[  139], 40.00th=[  141], 50.00th=[  143], 60.00th=[  151],
     | 70.00th=[  155], 80.00th=[  161], 90.00th=[  174], 95.00th=[  192],
     | 99.00th=[  717], 99.50th=[  750], 99.90th=[  898], 99.95th=[  898],
     | 99.99th=[  898]
  lat (usec)   : 250=98.44%, 750=1.17%, 1000=0.39%
  cpu          : usr=16.30%, sys=77.17%, ctx=7, majf=0, minf=6
  IO depths    : 1=100.0%, 2=0.0%, 4=0.0%, 8=0.0%, 16=0.0%, 32=0.0%, >=64=0.0%
     submit    : 0=0.0%, 4=100.0%, 8=0.0%, 16=0.0%, 32=0.0%, 64=0.0%, >=64=0.0%
     complete  : 0=0.0%, 4=100.0%, 8=0.0%, 16=0.0%, 32=0.0%, 64=0.0%, >=64=0.0%
     issued rwts: total=0,512,0,0 short=0,0,0,0 dropped=0,0,0,0
     latency   : target=0, window=0, percentile=100.00%, depth=1

Run status group 0 (all jobs):
  WRITE: bw=5505MiB/s (5773MB/s), 5505MiB/s-5505MiB/s (5773MB/s-5773MB/s), io=512MiB (537MB), run=93-93msec

Disk stats (read/write):
  nvme0n1: ios=0/0, merge=0/0, ticks=0/0, in_queue=0, util=0.00%
