buffered-read: (g=0): rw=read, bs=(R) 4096B-4096B, (W) 4096B-4096B, (T) 4096B-4096B, ioengine=psync, iodepth=1
fio-3.33
Starting 1 process

buffered-read: (groupid=0, jobs=1): err= 0: pid=3236: Fri Aug 15 07:07:15 2025
  read: IOPS=102k, BW=397MiB/s (416MB/s)(512MiB/1290msec)
    clat (nsec): min=629, max=699722, avg=9508.58, stdev=48826.72
     lat (nsec): min=685, max=699778, avg=9560.08, stdev=48826.57
    clat percentiles (nsec):
     |  1.00th=[   652],  5.00th=[   668], 10.00th=[   668], 20.00th=[   668],
     | 30.00th=[   684], 40.00th=[   724], 50.00th=[   836], 60.00th=[   852],
     | 70.00th=[   868], 80.00th=[   892], 90.00th=[   980], 95.00th=[  1112],
     | 99.00th=[280576], 99.50th=[280576], 99.90th=[280576], 99.95th=[354304],
     | 99.99th=[514048]
   bw (  KiB/s): min=405904, max=407088, per=100.00%, avg=406496.00, stdev=837.21, samples=2
   iops        : min=101476, max=101772, avg=101624.00, stdev=209.30, samples=2
  lat (nsec)   : 750=42.56%, 1000=47.88%
  lat (usec)   : 2=6.41%, 4=0.01%, 10=0.02%, 20=0.01%, 50=0.01%
  lat (usec)   : 100=0.01%, 250=0.02%, 500=3.07%, 750=0.02%
  cpu          : usr=3.65%, sys=13.27%, ctx=4106, majf=0, minf=6
  IO depths    : 1=100.0%, 2=0.0%, 4=0.0%, 8=0.0%, 16=0.0%, 32=0.0%, >=64=0.0%
     submit    : 0=0.0%, 4=100.0%, 8=0.0%, 16=0.0%, 32=0.0%, 64=0.0%, >=64=0.0%
     complete  : 0=0.0%, 4=100.0%, 8=0.0%, 16=0.0%, 32=0.0%, 64=0.0%, >=64=0.0%
     issued rwts: total=131072,0,0,0 short=0,0,0,0 dropped=0,0,0,0
     latency   : target=0, window=0, percentile=100.00%, depth=1

Run status group 0 (all jobs):
   READ: bw=397MiB/s (416MB/s), 397MiB/s-397MiB/s (416MB/s-416MB/s), io=512MiB (537MB), run=1290-1290msec

Disk stats (read/write):
  nvme0n1: ios=3673/0, merge=119/0, ticks=2118/0, in_queue=2118, util=76.60%
