buffered-write: (g=0): rw=write, bs=(R) 128KiB-128KiB, (W) 128KiB-128KiB, (T) 128KiB-128KiB, ioengine=psync, iodepth=1
fio-3.33
Starting 1 process

buffered-write: (groupid=0, jobs=1): err= 0: pid=37705: Thu Aug 14 19:56:55 2025
  write: IOPS=25.4k, BW=3180MiB/s (3335MB/s)(512MiB/161msec); 0 zone resets
    clat (usec): min=25, max=262, avg=37.02, stdev= 9.79
     lat (usec): min=26, max=264, avg=37.86, stdev= 9.87
    clat percentiles (usec):
     |  1.00th=[   29],  5.00th=[   32], 10.00th=[   33], 20.00th=[   34],
     | 30.00th=[   35], 40.00th=[   35], 50.00th=[   36], 60.00th=[   36],
     | 70.00th=[   37], 80.00th=[   38], 90.00th=[   42], 95.00th=[   47],
     | 99.00th=[   83], 99.50th=[   91], 99.90th=[  145], 99.95th=[  178],
     | 99.99th=[  265]
  lat (usec)   : 50=96.17%, 100=3.61%, 250=0.20%, 500=0.02%
  cpu          : usr=4.38%, sys=89.38%, ctx=153, majf=0, minf=6
  IO depths    : 1=100.0%, 2=0.0%, 4=0.0%, 8=0.0%, 16=0.0%, 32=0.0%, >=64=0.0%
     submit    : 0=0.0%, 4=100.0%, 8=0.0%, 16=0.0%, 32=0.0%, 64=0.0%, >=64=0.0%
     complete  : 0=0.0%, 4=100.0%, 8=0.0%, 16=0.0%, 32=0.0%, 64=0.0%, >=64=0.0%
     issued rwts: total=0,4096,0,0 short=0,0,0,0 dropped=0,0,0,0
     latency   : target=0, window=0, percentile=100.00%, depth=1

Run status group 0 (all jobs):
  WRITE: bw=3180MiB/s (3335MB/s), 3180MiB/s-3180MiB/s (3335MB/s-3335MB/s), io=512MiB (537MB), run=161-161msec

Disk stats (read/write):
  nvme0n1: ios=0/4043, merge=0/59, ticks=0/2828, in_queue=2846, util=22.40%
