buffered-write: (g=0): rw=write, bs=(R) 10.0MiB-10.0MiB, (W) 10.0MiB-10.0MiB, (T) 10.0MiB-10.0MiB, ioengine=psync, iodepth=1
fio-3.33
Starting 1 process

buffered-write: (groupid=0, jobs=1): err= 0: pid=12129: Thu Aug 14 19:56:23 2025
  write: IOPS=284, BW=2842MiB/s (2980MB/s)(520MiB/183msec); 0 zone resets
    clat (usec): min=1962, max=11525, avg=2546.01, stdev=1294.15
     lat (usec): min=2580, max=12714, avg=3497.26, stdev=1363.13
    clat percentiles (usec):
     |  1.00th=[ 1958],  5.00th=[ 2114], 10.00th=[ 2147], 20.00th=[ 2180],
     | 30.00th=[ 2180], 40.00th=[ 2212], 50.00th=[ 2278], 60.00th=[ 2376],
     | 70.00th=[ 2474], 80.00th=[ 2606], 90.00th=[ 2868], 95.00th=[ 2933],
     | 99.00th=[11469], 99.50th=[11469], 99.90th=[11469], 99.95th=[11469],
     | 99.99th=[11469]
  lat (msec)   : 2=1.92%, 4=96.15%, 20=1.92%
  cpu          : usr=21.98%, sys=75.82%, ctx=19, majf=0, minf=6
  IO depths    : 1=100.0%, 2=0.0%, 4=0.0%, 8=0.0%, 16=0.0%, 32=0.0%, >=64=0.0%
     submit    : 0=0.0%, 4=100.0%, 8=0.0%, 16=0.0%, 32=0.0%, 64=0.0%, >=64=0.0%
     complete  : 0=0.0%, 4=100.0%, 8=0.0%, 16=0.0%, 32=0.0%, 64=0.0%, >=64=0.0%
     issued rwts: total=0,52,0,0 short=0,0,0,0 dropped=0,0,0,0
     latency   : target=0, window=0, percentile=100.00%, depth=1

Run status group 0 (all jobs):
  WRITE: bw=2842MiB/s (2980MB/s), 2842MiB/s-2842MiB/s (2980MB/s-2980MB/s), io=520MiB (545MB), run=183-183msec

Disk stats (read/write):
  nvme0n1: ios=0/4018, merge=0/68, ticks=0/2506, in_queue=2525, util=41.77%
