buffered-read: (g=0): rw=read, bs=(R) 1024KiB-1024KiB, (W) 1024KiB-1024KiB, (T) 1024KiB-1024KiB, ioengine=psync, iodepth=1
fio-3.33
Starting 1 process

buffered-read: (groupid=0, jobs=1): err= 0: pid=4184: Thu Aug 14 19:52:05 2025
  read: IOPS=2625, BW=2626MiB/s (2753MB/s)(512MiB/195msec)
    clat (usec): min=293, max=786, avg=377.47, stdev=50.60
     lat (usec): min=293, max=786, avg=377.58, stdev=50.62
    clat percentiles (usec):
     |  1.00th=[  302],  5.00th=[  310], 10.00th=[  314], 20.00th=[  322],
     | 30.00th=[  371], 40.00th=[  379], 50.00th=[  383], 60.00th=[  392],
     | 70.00th=[  396], 80.00th=[  404], 90.00th=[  412], 95.00th=[  429],
     | 99.00th=[  553], 99.50th=[  717], 99.90th=[  791], 99.95th=[  791],
     | 99.99th=[  791]
  lat (usec)   : 500=98.44%, 750=1.17%, 1000=0.39%
  cpu          : usr=0.00%, sys=98.45%, ctx=19, majf=0, minf=70
  IO depths    : 1=100.0%, 2=0.0%, 4=0.0%, 8=0.0%, 16=0.0%, 32=0.0%, >=64=0.0%
     submit    : 0=0.0%, 4=100.0%, 8=0.0%, 16=0.0%, 32=0.0%, 64=0.0%, >=64=0.0%
     complete  : 0=0.0%, 4=100.0%, 8=0.0%, 16=0.0%, 32=0.0%, 64=0.0%, >=64=0.0%
     issued rwts: total=512,0,0,0 short=0,0,0,0 dropped=0,0,0,0
     latency   : target=0, window=0, percentile=100.00%, depth=1

Run status group 0 (all jobs):
   READ: bw=2626MiB/s (2753MB/s), 2626MiB/s-2626MiB/s (2753MB/s-2753MB/s), io=512MiB (537MB), run=195-195msec

Disk stats (read/write):
  nvme0n1: ios=9/0, merge=0/0, ticks=1/0, in_queue=1, util=0.00%
