buffered-write: (g=0): rw=write, bs=(R) 10.0MiB-10.0MiB, (W) 10.0MiB-10.0MiB, (T) 10.0MiB-10.0MiB, ioengine=psync, iodepth=1
fio-3.33
Starting 1 process

buffered-write: (groupid=0, jobs=1): err= 0: pid=45866: Thu Aug 14 19:58:46 2025
  write: IOPS=269, BW=2694MiB/s (2825MB/s)(520MiB/193msec); 0 zone resets
    clat (usec): min=1925, max=3726, avg=2740.37, stdev=398.26
     lat (usec): min=2700, max=4811, avg=3631.68, stdev=508.77
    clat percentiles (usec):
     |  1.00th=[ 1926],  5.00th=[ 2245], 10.00th=[ 2311], 20.00th=[ 2343],
     | 30.00th=[ 2376], 40.00th=[ 2540], 50.00th=[ 2868], 60.00th=[ 2933],
     | 70.00th=[ 2966], 80.00th=[ 2999], 90.00th=[ 3097], 95.00th=[ 3490],
     | 99.00th=[ 3720], 99.50th=[ 3720], 99.90th=[ 3720], 99.95th=[ 3720],
     | 99.99th=[ 3720]
  lat (msec)   : 2=1.92%, 4=98.08%
  cpu          : usr=17.19%, sys=73.44%, ctx=98, majf=0, minf=6
  IO depths    : 1=100.0%, 2=0.0%, 4=0.0%, 8=0.0%, 16=0.0%, 32=0.0%, >=64=0.0%
     submit    : 0=0.0%, 4=100.0%, 8=0.0%, 16=0.0%, 32=0.0%, 64=0.0%, >=64=0.0%
     complete  : 0=0.0%, 4=100.0%, 8=0.0%, 16=0.0%, 32=0.0%, 64=0.0%, >=64=0.0%
     issued rwts: total=0,52,0,0 short=0,0,0,0 dropped=0,0,0,0
     latency   : target=0, window=0, percentile=100.00%, depth=1

Run status group 0 (all jobs):
  WRITE: bw=2694MiB/s (2825MB/s), 2694MiB/s-2694MiB/s (2825MB/s-2825MB/s), io=520MiB (545MB), run=193-193msec

Disk stats (read/write):
  nvme0n1: ios=0/3987, merge=0/73, ticks=0/1694, in_queue=1718, util=80.32%
