buffered-read: (g=0): rw=read, bs=(R) 128KiB-128KiB, (W) 128KiB-128KiB, (T) 128KiB-128KiB, ioengine=psync, iodepth=1
fio-3.33
Starting 1 process

buffered-read: (groupid=0, jobs=1): err= 0: pid=3396: Fri Aug 15 07:07:29 2025
  read: IOPS=3175, BW=397MiB/s (416MB/s)(512MiB/1290msec)
    clat (usec): min=19, max=667, avg=313.95, stdev=61.77
     lat (usec): min=19, max=667, avg=314.04, stdev=61.77
    clat percentiles (usec):
     |  1.00th=[   78],  5.00th=[  310], 10.00th=[  314], 20.00th=[  314],
     | 30.00th=[  314], 40.00th=[  314], 50.00th=[  314], 60.00th=[  314],
     | 70.00th=[  314], 80.00th=[  314], 90.00th=[  314], 95.00th=[  408],
     | 99.00th=[  545], 99.50th=[  553], 99.90th=[  553], 99.95th=[  594],
     | 99.99th=[  668]
   bw (  KiB/s): min=406227, max=407040, per=100.00%, avg=406633.50, stdev=574.88, samples=2
   iops        : min= 3173, max= 3180, avg=3176.50, stdev= 4.95, samples=2
  lat (usec)   : 20=0.02%, 100=2.39%, 250=2.27%, 500=92.63%, 750=2.69%
  cpu          : usr=1.01%, sys=6.67%, ctx=4104, majf=0, minf=13
  IO depths    : 1=100.0%, 2=0.0%, 4=0.0%, 8=0.0%, 16=0.0%, 32=0.0%, >=64=0.0%
     submit    : 0=0.0%, 4=100.0%, 8=0.0%, 16=0.0%, 32=0.0%, 64=0.0%, >=64=0.0%
     complete  : 0=0.0%, 4=100.0%, 8=0.0%, 16=0.0%, 32=0.0%, 64=0.0%, >=64=0.0%
     issued rwts: total=4096,0,0,0 short=0,0,0,0 dropped=0,0,0,0
     latency   : target=0, window=0, percentile=100.00%, depth=1

Run status group 0 (all jobs):
   READ: bw=397MiB/s (416MB/s), 397MiB/s-397MiB/s (416MB/s-416MB/s), io=512MiB (537MB), run=1290-1290msec

Disk stats (read/write):
  nvme0n1: ios=3656/0, merge=0/0, ticks=2213/0, in_queue=2213, util=84.94%
