buffered-write: (g=0): rw=write, bs=(R) 128KiB-128KiB, (W) 128KiB-128KiB, (T) 128KiB-128KiB, ioengine=psync, iodepth=1
fio-3.33
Starting 1 process

buffered-write: (groupid=0, jobs=1): err= 0: pid=40926: Fri Aug 15 07:38:46 2025
  write: IOPS=23.3k, BW=2909MiB/s (3050MB/s)(512MiB/176msec); 0 zone resets
    clat (usec): min=27, max=273, avg=41.59, stdev= 8.13
     lat (usec): min=29, max=274, avg=42.42, stdev= 8.14
    clat percentiles (usec):
     |  1.00th=[   33],  5.00th=[   36], 10.00th=[   37], 20.00th=[   38],
     | 30.00th=[   39], 40.00th=[   40], 50.00th=[   41], 60.00th=[   43],
     | 70.00th=[   44], 80.00th=[   45], 90.00th=[   48], 95.00th=[   51],
     | 99.00th=[   61], 99.50th=[   68], 99.90th=[  149], 99.95th=[  159],
     | 99.99th=[  273]
  lat (usec)   : 50=94.38%, 100=5.37%, 250=0.22%, 500=0.02%
  cpu          : usr=0.00%, sys=98.86%, ctx=22, majf=0, minf=6
  IO depths    : 1=100.0%, 2=0.0%, 4=0.0%, 8=0.0%, 16=0.0%, 32=0.0%, >=64=0.0%
     submit    : 0=0.0%, 4=100.0%, 8=0.0%, 16=0.0%, 32=0.0%, 64=0.0%, >=64=0.0%
     complete  : 0=0.0%, 4=100.0%, 8=0.0%, 16=0.0%, 32=0.0%, 64=0.0%, >=64=0.0%
     issued rwts: total=0,4096,0,0 short=0,0,0,0 dropped=0,0,0,0
     latency   : target=0, window=0, percentile=100.00%, depth=1

Run status group 0 (all jobs):
  WRITE: bw=2909MiB/s (3050MB/s), 2909MiB/s-2909MiB/s (3050MB/s-3050MB/s), io=512MiB (537MB), run=176-176msec

Disk stats (read/write):
  nvme0n1: ios=0/3923, merge=0/66, ticks=0/3292, in_queue=3309, util=73.02%
