buffered-read: (g=0): rw=read, bs=(R) 10.0MiB-10.0MiB, (W) 10.0MiB-10.0MiB, (T) 10.0MiB-10.0MiB, ioengine=psync, iodepth=1
fio-3.33
Starting 1 process

buffered-read: (groupid=0, jobs=1): err= 0: pid=3158: Thu Aug 14 19:49:30 2025
  read: IOPS=40, BW=401MiB/s (420MB/s)(520MiB/1297msec)
    clat (usec): min=12536, max=26180, avg=24927.43, stdev=1761.50
     lat (usec): min=12537, max=26180, avg=24928.02, stdev=1761.47
    clat percentiles (usec):
     |  1.00th=[12518],  5.00th=[25035], 10.00th=[25035], 20.00th=[25035],
     | 30.00th=[25035], 40.00th=[25035], 50.00th=[25035], 60.00th=[25035],
     | 70.00th=[25035], 80.00th=[25035], 90.00th=[25297], 95.00th=[25297],
     | 99.00th=[26084], 99.50th=[26084], 99.90th=[26084], 99.95th=[26084],
     | 99.99th=[26084]
   bw (  KiB/s): min=409600, max=409600, per=99.77%, avg=409600.00, stdev= 0.00, samples=2
   iops        : min=   40, max=   40, avg=40.00, stdev= 0.00, samples=2
  lat (msec)   : 20=1.92%, 50=98.08%
  cpu          : usr=0.00%, sys=30.86%, ctx=2061, majf=0, minf=646
  IO depths    : 1=100.0%, 2=0.0%, 4=0.0%, 8=0.0%, 16=0.0%, 32=0.0%, >=64=0.0%
     submit    : 0=0.0%, 4=100.0%, 8=0.0%, 16=0.0%, 32=0.0%, 64=0.0%, >=64=0.0%
     complete  : 0=0.0%, 4=100.0%, 8=0.0%, 16=0.0%, 32=0.0%, 64=0.0%, >=64=0.0%
     issued rwts: total=52,0,0,0 short=0,0,0,0 dropped=0,0,0,0
     latency   : target=0, window=0, percentile=100.00%, depth=1

Run status group 0 (all jobs):
   READ: bw=401MiB/s (420MB/s), 401MiB/s-401MiB/s (420MB/s-420MB/s), io=520MiB (545MB), run=1297-1297msec

Disk stats (read/write):
  nvme0n1: ios=3648/0, merge=89/0, ticks=3330/0, in_queue=3329, util=63.78%
