buffered-write: (g=0): rw=write, bs=(R) 100MiB-100MiB, (W) 100MiB-100MiB, (T) 100MiB-100MiB, ioengine=psync, iodepth=1
fio-3.33
Starting 1 process

buffered-write: (groupid=0, jobs=1): err= 0: pid=53636: Thu Aug 14 19:58:55 2025
  write: IOPS=26, BW=2620MiB/s (2747MB/s)(600MiB/229msec); 0 zone resets
    clat (usec): min=20698, max=28856, avg=25789.16, stdev=2923.30
     lat (usec): min=30653, max=43762, avg=37602.67, stdev=4197.53
    clat percentiles (usec):
     |  1.00th=[20579],  5.00th=[20579], 10.00th=[20579], 20.00th=[24249],
     | 30.00th=[24249], 40.00th=[26084], 50.00th=[26084], 60.00th=[27395],
     | 70.00th=[27395], 80.00th=[27395], 90.00th=[28967], 95.00th=[28967],
     | 99.00th=[28967], 99.50th=[28967], 99.90th=[28967], 99.95th=[28967],
     | 99.99th=[28967]
  lat (msec)   : 50=100.00%
  cpu          : usr=32.02%, sys=66.67%, ctx=7, majf=0, minf=6
  IO depths    : 1=100.0%, 2=0.0%, 4=0.0%, 8=0.0%, 16=0.0%, 32=0.0%, >=64=0.0%
     submit    : 0=0.0%, 4=100.0%, 8=0.0%, 16=0.0%, 32=0.0%, 64=0.0%, >=64=0.0%
     complete  : 0=0.0%, 4=100.0%, 8=0.0%, 16=0.0%, 32=0.0%, 64=0.0%, >=64=0.0%
     issued rwts: total=0,6,0,0 short=0,0,0,0 dropped=0,0,0,0
     latency   : target=0, window=0, percentile=100.00%, depth=1

Run status group 0 (all jobs):
  WRITE: bw=2620MiB/s (2747MB/s), 2620MiB/s-2620MiB/s (2747MB/s-2747MB/s), io=600MiB (629MB), run=229-229msec

Disk stats (read/write):
  nvme0n1: ios=0/4808, merge=0/63, ticks=0/1873, in_queue=1901, util=61.04%
