buffered-write: (g=0): rw=write, bs=(R) 1024MiB-1024MiB, (W) 1024MiB-1024MiB, (T) 1024MiB-1024MiB, ioengine=psync, iodepth=1
fio-3.33
Starting 1 process

buffered-write: (groupid=0, jobs=1): err= 0: pid=60607: Thu Aug 14 19:59:11 2025
  write: IOPS=2, BW=3039MiB/s (3186MB/s)(1024MiB/337msec); 0 zone resets
    clat (nsec): min=231724k, max=231724k, avg=231724363.00, stdev= 0.00
     lat (nsec): min=334896k, max=334896k, avg=334896421.00, stdev= 0.00
    clat percentiles (msec):
     |  1.00th=[  232],  5.00th=[  232], 10.00th=[  232], 20.00th=[  232],
     | 30.00th=[  232], 40.00th=[  232], 50.00th=[  232], 60.00th=[  232],
     | 70.00th=[  232], 80.00th=[  232], 90.00th=[  232], 95.00th=[  232],
     | 99.00th=[  232], 99.50th=[  232], 99.90th=[  232], 99.95th=[  232],
     | 99.99th=[  232]
  lat (msec)   : 250=100.00%
  cpu          : usr=30.95%, sys=68.45%, ctx=13, majf=0, minf=6
  IO depths    : 1=100.0%, 2=0.0%, 4=0.0%, 8=0.0%, 16=0.0%, 32=0.0%, >=64=0.0%
     submit    : 0=0.0%, 4=100.0%, 8=0.0%, 16=0.0%, 32=0.0%, 64=0.0%, >=64=0.0%
     complete  : 0=0.0%, 4=100.0%, 8=0.0%, 16=0.0%, 32=0.0%, 64=0.0%, >=64=0.0%
     issued rwts: total=0,1,0,0 short=0,0,0,0 dropped=0,0,0,0
     latency   : target=0, window=0, percentile=100.00%, depth=1

Run status group 0 (all jobs):
  WRITE: bw=3039MiB/s (3186MB/s), 3039MiB/s-3039MiB/s (3186MB/s-3186MB/s), io=1024MiB (1074MB), run=337-337msec

Disk stats (read/write):
  nvme0n1: ios=0/7372, merge=0/175, ticks=0/1137, in_queue=1254, util=46.89%
