buffered-read: (g=0): rw=read, bs=(R) 128KiB-128KiB, (W) 128KiB-128KiB, (T) 128KiB-128KiB, ioengine=psync, iodepth=1
fio-3.33
Starting 1 process

buffered-read: (groupid=0, jobs=1): err= 0: pid=3496: Fri Aug 15 07:07:38 2025
  read: IOPS=3172, BW=397MiB/s (416MB/s)(512MiB/1291msec)
    clat (usec): min=21, max=911, avg=314.20, stdev=31.73
     lat (usec): min=21, max=911, avg=314.30, stdev=31.73
    clat percentiles (usec):
     |  1.00th=[  281],  5.00th=[  314], 10.00th=[  314], 20.00th=[  314],
     | 30.00th=[  314], 40.00th=[  314], 50.00th=[  314], 60.00th=[  314],
     | 70.00th=[  314], 80.00th=[  314], 90.00th=[  314], 95.00th=[  314],
     | 99.00th=[  437], 99.50th=[  506], 99.90th=[  709], 99.95th=[  725],
     | 99.99th=[  914]
   bw (  KiB/s): min=405248, max=407040, per=100.00%, avg=406144.00, stdev=1267.14, samples=2
   iops        : min= 3166, max= 3180, avg=3173.00, stdev= 9.90, samples=2
  lat (usec)   : 50=0.10%, 100=0.22%, 250=0.56%, 500=98.61%, 750=0.46%
  lat (usec)   : 1000=0.05%
  cpu          : usr=0.00%, sys=7.83%, ctx=4103, majf=0, minf=13
  IO depths    : 1=100.0%, 2=0.0%, 4=0.0%, 8=0.0%, 16=0.0%, 32=0.0%, >=64=0.0%
     submit    : 0=0.0%, 4=100.0%, 8=0.0%, 16=0.0%, 32=0.0%, 64=0.0%, >=64=0.0%
     complete  : 0=0.0%, 4=100.0%, 8=0.0%, 16=0.0%, 32=0.0%, 64=0.0%, >=64=0.0%
     issued rwts: total=4096,0,0,0 short=0,0,0,0 dropped=0,0,0,0
     latency   : target=0, window=0, percentile=100.00%, depth=1

Run status group 0 (all jobs):
   READ: bw=397MiB/s (416MB/s), 397MiB/s-397MiB/s (416MB/s-416MB/s), io=512MiB (537MB), run=1291-1291msec

Disk stats (read/write):
  nvme0n1: ios=3667/0, merge=89/0, ticks=2225/0, in_queue=2225, util=84.94%
