buffered-write: (g=0): rw=write, bs=(R) 4096B-4096B, (W) 4096B-4096B, (T) 4096B-4096B, ioengine=psync, iodepth=1
fio-3.33
Starting 1 process

buffered-write: (groupid=0, jobs=1): err= 0: pid=68120: Thu Aug 14 19:59:19 2025
  write: IOPS=149k, BW=584MiB/s (612MB/s)(512MiB/877msec); 0 zone resets
    clat (usec): min=4, max=166, avg= 6.18, stdev= 1.00
     lat (usec): min=4, max=166, avg= 6.27, stdev= 1.02
    clat percentiles (nsec):
     |  1.00th=[ 5280],  5.00th=[ 5536], 10.00th=[ 5664], 20.00th=[ 5792],
     | 30.00th=[ 5920], 40.00th=[ 6048], 50.00th=[ 6112], 60.00th=[ 6240],
     | 70.00th=[ 6304], 80.00th=[ 6432], 90.00th=[ 6624], 95.00th=[ 6816],
     | 99.00th=[ 7840], 99.50th=[ 8768], 99.90th=[20096], 99.95th=[24192],
     | 99.99th=[31360]
   bw (  KiB/s): min=599360, max=599360, per=100.00%, avg=599360.00, stdev= 0.00, samples=1
   iops        : min=149840, max=149840, avg=149840.00, stdev= 0.00, samples=1
  lat (usec)   : 10=99.74%, 20=0.15%, 50=0.10%, 100=0.01%, 250=0.01%
  cpu          : usr=10.84%, sys=88.70%, ctx=8, majf=0, minf=6
  IO depths    : 1=100.0%, 2=0.0%, 4=0.0%, 8=0.0%, 16=0.0%, 32=0.0%, >=64=0.0%
     submit    : 0=0.0%, 4=100.0%, 8=0.0%, 16=0.0%, 32=0.0%, 64=0.0%, >=64=0.0%
     complete  : 0=0.0%, 4=100.0%, 8=0.0%, 16=0.0%, 32=0.0%, 64=0.0%, >=64=0.0%
     issued rwts: total=0,131072,0,0 short=0,0,0,0 dropped=0,0,0,0
     latency   : target=0, window=0, percentile=100.00%, depth=1

Run status group 0 (all jobs):
  WRITE: bw=584MiB/s (612MB/s), 584MiB/s-584MiB/s (612MB/s-612MB/s), io=512MiB (537MB), run=877-877msec

Disk stats (read/write):
  nvme0n1: ios=3/12401, merge=4/161, ticks=1/8086, in_queue=8142, util=68.98%
