buffered-write: (g=0): rw=write, bs=(R) 1024KiB-1024KiB, (W) 1024KiB-1024KiB, (T) 1024KiB-1024KiB, ioengine=psync, iodepth=1
fio-3.33
Starting 1 process

buffered-write: (groupid=0, jobs=1): err= 0: pid=3446: Fri Aug 15 07:38:13 2025
  write: IOPS=6481, BW=6481MiB/s (6796MB/s)(512MiB/79msec); 0 zone resets
    clat (usec): min=101, max=720, avg=131.59, stdev=49.16
     lat (usec): min=112, max=735, avg=151.46, stdev=56.01
    clat percentiles (usec):
     |  1.00th=[  103],  5.00th=[  105], 10.00th=[  106], 20.00th=[  108],
     | 30.00th=[  110], 40.00th=[  111], 50.00th=[  113], 60.00th=[  122],
     | 70.00th=[  129], 80.00th=[  137], 90.00th=[  198], 95.00th=[  215],
     | 99.00th=[  314], 99.50th=[  359], 99.90th=[  717], 99.95th=[  717],
     | 99.99th=[  717]
  lat (usec)   : 250=97.66%, 500=2.15%, 750=0.20%
  cpu          : usr=7.69%, sys=71.79%, ctx=178, majf=0, minf=6
  IO depths    : 1=100.0%, 2=0.0%, 4=0.0%, 8=0.0%, 16=0.0%, 32=0.0%, >=64=0.0%
     submit    : 0=0.0%, 4=100.0%, 8=0.0%, 16=0.0%, 32=0.0%, 64=0.0%, >=64=0.0%
     complete  : 0=0.0%, 4=100.0%, 8=0.0%, 16=0.0%, 32=0.0%, 64=0.0%, >=64=0.0%
     issued rwts: total=0,512,0,0 short=0,0,0,0 dropped=0,0,0,0
     latency   : target=0, window=0, percentile=100.00%, depth=1

Run status group 0 (all jobs):
  WRITE: bw=6481MiB/s (6796MB/s), 6481MiB/s-6481MiB/s (6796MB/s-6796MB/s), io=512MiB (537MB), run=79-79msec

Disk stats (read/write):
  nvme0n1: ios=0/0, merge=0/0, ticks=0/0, in_queue=0, util=0.00%
