buffered-read: (g=0): rw=read, bs=(R) 4096B-4096B, (W) 4096B-4096B, (T) 4096B-4096B, ioengine=psync, iodepth=1
fio-3.33
Starting 1 process

buffered-read: (groupid=0, jobs=1): err= 0: pid=3336: Fri Aug 15 07:07:24 2025
  read: IOPS=101k, BW=394MiB/s (414MB/s)(512MiB/1298msec)
    clat (nsec): min=629, max=648932, avg=9567.94, stdev=54804.49
     lat (nsec): min=666, max=648969, avg=9619.09, stdev=54804.34
    clat percentiles (nsec):
     |  1.00th=[   652],  5.00th=[   668], 10.00th=[   668], 20.00th=[   668],
     | 30.00th=[   684], 40.00th=[   684], 50.00th=[   724], 60.00th=[   836],
     | 70.00th=[   852], 80.00th=[   892], 90.00th=[   980], 95.00th=[  1128],
     | 99.00th=[280576], 99.50th=[444416], 99.90th=[522240], 99.95th=[536576],
     | 99.99th=[536576]
   bw (  KiB/s): min=400832, max=405760, per=99.85%, avg=403296.00, stdev=3484.62, samples=2
   iops        : min=100208, max=101440, avg=100824.00, stdev=871.16, samples=2
  lat (nsec)   : 750=51.09%, 1000=38.92%
  lat (usec)   : 2=6.83%, 4=0.01%, 10=0.02%, 20=0.01%, 50=0.32%
  lat (usec)   : 100=0.13%, 250=0.31%, 500=1.98%, 750=0.39%
  cpu          : usr=3.93%, sys=12.80%, ctx=4108, majf=0, minf=6
  IO depths    : 1=100.0%, 2=0.0%, 4=0.0%, 8=0.0%, 16=0.0%, 32=0.0%, >=64=0.0%
     submit    : 0=0.0%, 4=100.0%, 8=0.0%, 16=0.0%, 32=0.0%, 64=0.0%, >=64=0.0%
     complete  : 0=0.0%, 4=100.0%, 8=0.0%, 16=0.0%, 32=0.0%, 64=0.0%, >=64=0.0%
     issued rwts: total=131072,0,0,0 short=0,0,0,0 dropped=0,0,0,0
     latency   : target=0, window=0, percentile=100.00%, depth=1

Run status group 0 (all jobs):
   READ: bw=394MiB/s (414MB/s), 394MiB/s-394MiB/s (414MB/s-414MB/s), io=512MiB (537MB), run=1298-1298msec

Disk stats (read/write):
  nvme0n1: ios=3645/0, merge=89/0, ticks=2117/0, in_queue=2118, util=78.21%
