buffered-write: (g=0): rw=write, bs=(R) 100MiB-100MiB, (W) 100MiB-100MiB, (T) 100MiB-100MiB, ioengine=psync, iodepth=1
fio-3.33
Starting 1 process

buffered-write: (groupid=0, jobs=1): err= 0: pid=54158: Thu Aug 14 19:58:55 2025
  write: IOPS=25, BW=2597MiB/s (2724MB/s)(600MiB/231msec); 0 zone resets
    clat (usec): min=19997, max=27693, avg=25635.36, stdev=2890.91
     lat (usec): min=33037, max=42678, avg=38436.06, stdev=3165.36
    clat percentiles (usec):
     |  1.00th=[20055],  5.00th=[20055], 10.00th=[20055], 20.00th=[25560],
     | 30.00th=[25560], 40.00th=[25822], 50.00th=[25822], 60.00th=[27132],
     | 70.00th=[27657], 80.00th=[27657], 90.00th=[27657], 95.00th=[27657],
     | 99.00th=[27657], 99.50th=[27657], 99.90th=[27657], 99.95th=[27657],
     | 99.99th=[27657]
  lat (msec)   : 20=16.67%, 50=83.33%
  cpu          : usr=31.30%, sys=68.70%, ctx=10, majf=0, minf=6
  IO depths    : 1=100.0%, 2=0.0%, 4=0.0%, 8=0.0%, 16=0.0%, 32=0.0%, >=64=0.0%
     submit    : 0=0.0%, 4=100.0%, 8=0.0%, 16=0.0%, 32=0.0%, 64=0.0%, >=64=0.0%
     complete  : 0=0.0%, 4=100.0%, 8=0.0%, 16=0.0%, 32=0.0%, 64=0.0%, >=64=0.0%
     issued rwts: total=0,6,0,0 short=0,0,0,0 dropped=0,0,0,0
     latency   : target=0, window=0, percentile=100.00%, depth=1

Run status group 0 (all jobs):
  WRITE: bw=2597MiB/s (2724MB/s), 2597MiB/s-2597MiB/s (2724MB/s-2724MB/s), io=600MiB (629MB), run=231-231msec

Disk stats (read/write):
  nvme0n1: ios=0/4955, merge=0/67, ticks=0/1859, in_queue=1884, util=81.93%
