buffered-write: (g=0): rw=write, bs=(R) 1024MiB-1024MiB, (W) 1024MiB-1024MiB, (T) 1024MiB-1024MiB, ioengine=psync, iodepth=1
fio-3.33
Starting 1 process

buffered-write: (groupid=0, jobs=1): err= 0: pid=57897: Thu Aug 14 19:59:05 2025
  write: IOPS=2, BW=2994MiB/s (3140MB/s)(1024MiB/342msec); 0 zone resets
    clat (nsec): min=237283k, max=237283k, avg=237282818.00, stdev= 0.00
     lat (nsec): min=341269k, max=341269k, avg=341269225.00, stdev= 0.00
    clat percentiles (msec):
     |  1.00th=[  239],  5.00th=[  239], 10.00th=[  239], 20.00th=[  239],
     | 30.00th=[  239], 40.00th=[  239], 50.00th=[  239], 60.00th=[  239],
     | 70.00th=[  239], 80.00th=[  239], 90.00th=[  239], 95.00th=[  239],
     | 99.00th=[  239], 99.50th=[  239], 99.90th=[  239], 99.95th=[  239],
     | 99.99th=[  239]
  lat (msec)   : 250=100.00%
  cpu          : usr=30.50%, sys=69.21%, ctx=17, majf=0, minf=6
  IO depths    : 1=100.0%, 2=0.0%, 4=0.0%, 8=0.0%, 16=0.0%, 32=0.0%, >=64=0.0%
     submit    : 0=0.0%, 4=100.0%, 8=0.0%, 16=0.0%, 32=0.0%, 64=0.0%, >=64=0.0%
     complete  : 0=0.0%, 4=100.0%, 8=0.0%, 16=0.0%, 32=0.0%, 64=0.0%, >=64=0.0%
     issued rwts: total=0,1,0,0 short=0,0,0,0 dropped=0,0,0,0
     latency   : target=0, window=0, percentile=100.00%, depth=1

Run status group 0 (all jobs):
  WRITE: bw=2994MiB/s (3140MB/s), 2994MiB/s-2994MiB/s (3140MB/s-3140MB/s), io=1024MiB (1074MB), run=342-342msec

Disk stats (read/write):
  nvme0n1: ios=45/11887, merge=0/206, ticks=21/5592, in_queue=5686, util=43.23%
