buffered-read: (g=0): rw=read, bs=(R) 128KiB-128KiB, (W) 128KiB-128KiB, (T) 128KiB-128KiB, ioengine=psync, iodepth=1
fio-3.33
Starting 1 process

buffered-read: (groupid=0, jobs=1): err= 0: pid=3967: Thu Aug 14 19:50:52 2025
  read: IOPS=3222, BW=403MiB/s (422MB/s)(512MiB/1271msec)
    clat (usec): min=10, max=1224, avg=309.48, stdev=344.84
     lat (usec): min=10, max=1224, avg=309.56, stdev=344.82
    clat percentiles (usec):
     |  1.00th=[   11],  5.00th=[   11], 10.00th=[   11], 20.00th=[   11],
     | 30.00th=[   11], 40.00th=[   12], 50.00th=[   16], 60.00th=[  379],
     | 70.00th=[  586], 80.00th=[  685], 90.00th=[  816], 95.00th=[  922],
     | 99.00th=[ 1029], 99.50th=[ 1074], 99.90th=[ 1139], 99.95th=[ 1156],
     | 99.99th=[ 1221]
   bw (  KiB/s): min=407552, max=422144, per=100.00%, avg=414848.00, stdev=10318.10, samples=2
   iops        : min= 3184, max= 3298, avg=3241.00, stdev=80.61, samples=2
  lat (usec)   : 20=50.56%, 50=0.17%, 100=0.39%, 250=3.98%, 500=9.16%
  lat (usec)   : 750=21.24%, 1000=12.67%
  lat (msec)   : 2=1.83%
  cpu          : usr=0.63%, sys=5.91%, ctx=2029, majf=0, minf=13
  IO depths    : 1=100.0%, 2=0.0%, 4=0.0%, 8=0.0%, 16=0.0%, 32=0.0%, >=64=0.0%
     submit    : 0=0.0%, 4=100.0%, 8=0.0%, 16=0.0%, 32=0.0%, 64=0.0%, >=64=0.0%
     complete  : 0=0.0%, 4=100.0%, 8=0.0%, 16=0.0%, 32=0.0%, 64=0.0%, >=64=0.0%
     issued rwts: total=4096,0,0,0 short=0,0,0,0 dropped=0,0,0,0
     latency   : target=0, window=0, percentile=100.00%, depth=1

Run status group 0 (all jobs):
   READ: bw=403MiB/s (422MB/s), 403MiB/s-403MiB/s (422MB/s-422MB/s), io=512MiB (537MB), run=1271-1271msec

Disk stats (read/write):
  nvme0n1: ios=3653/0, merge=0/0, ticks=3895/0, in_queue=3895, util=88.46%
