buffered-write: (g=0): rw=write, bs=(R) 128KiB-128KiB, (W) 128KiB-128KiB, (T) 128KiB-128KiB, ioengine=psync, iodepth=1
fio-3.33
Starting 1 process

buffered-write: (groupid=0, jobs=1): err= 0: pid=39957: Thu Aug 14 19:56:58 2025
  write: IOPS=25.0k, BW=3122MiB/s (3274MB/s)(512MiB/164msec); 0 zone resets
    clat (usec): min=24, max=269, avg=38.21, stdev=10.52
     lat (usec): min=25, max=270, avg=39.08, stdev=10.62
    clat percentiles (usec):
     |  1.00th=[   30],  5.00th=[   32], 10.00th=[   34], 20.00th=[   34],
     | 30.00th=[   35], 40.00th=[   36], 50.00th=[   36], 60.00th=[   37],
     | 70.00th=[   38], 80.00th=[   40], 90.00th=[   44], 95.00th=[   52],
     | 99.00th=[   91], 99.50th=[   95], 99.90th=[  133], 99.95th=[  184],
     | 99.99th=[  269]
  lat (usec)   : 50=94.60%, 100=5.18%, 250=0.20%, 500=0.02%
  cpu          : usr=0.00%, sys=96.32%, ctx=178, majf=0, minf=6
  IO depths    : 1=100.0%, 2=0.0%, 4=0.0%, 8=0.0%, 16=0.0%, 32=0.0%, >=64=0.0%
     submit    : 0=0.0%, 4=100.0%, 8=0.0%, 16=0.0%, 32=0.0%, 64=0.0%, >=64=0.0%
     complete  : 0=0.0%, 4=100.0%, 8=0.0%, 16=0.0%, 32=0.0%, 64=0.0%, >=64=0.0%
     issued rwts: total=0,4096,0,0 short=0,0,0,0 dropped=0,0,0,0
     latency   : target=0, window=0, percentile=100.00%, depth=1

Run status group 0 (all jobs):
  WRITE: bw=3122MiB/s (3274MB/s), 3122MiB/s-3122MiB/s (3274MB/s-3274MB/s), io=512MiB (537MB), run=164-164msec

Disk stats (read/write):
  nvme0n1: ios=0/4436, merge=0/72, ticks=0/2925, in_queue=2944, util=81.93%
