buffered-write: (g=0): rw=write, bs=(R) 128KiB-128KiB, (W) 128KiB-128KiB, (T) 128KiB-128KiB, ioengine=psync, iodepth=1
fio-3.33
Starting 1 process

buffered-write: (groupid=0, jobs=1): err= 0: pid=73815: Thu Aug 14 19:59:26 2025
  write: IOPS=19.9k, BW=2485MiB/s (2606MB/s)(512MiB/206msec); 0 zone resets
    clat (usec): min=22, max=238, avg=43.59, stdev= 6.53
     lat (usec): min=23, max=239, avg=44.43, stdev= 6.58
    clat percentiles (usec):
     |  1.00th=[   31],  5.00th=[   39], 10.00th=[   40], 20.00th=[   41],
     | 30.00th=[   42], 40.00th=[   42], 50.00th=[   43], 60.00th=[   44],
     | 70.00th=[   45], 80.00th=[   46], 90.00th=[   50], 95.00th=[   55],
     | 99.00th=[   63], 99.50th=[   69], 99.90th=[   93], 99.95th=[  128],
     | 99.99th=[  239]
  lat (usec)   : 50=90.19%, 100=9.72%, 250=0.10%
  cpu          : usr=0.00%, sys=87.86%, ctx=8, majf=0, minf=6
  IO depths    : 1=100.0%, 2=0.0%, 4=0.0%, 8=0.0%, 16=0.0%, 32=0.0%, >=64=0.0%
     submit    : 0=0.0%, 4=100.0%, 8=0.0%, 16=0.0%, 32=0.0%, 64=0.0%, >=64=0.0%
     complete  : 0=0.0%, 4=100.0%, 8=0.0%, 16=0.0%, 32=0.0%, 64=0.0%, >=64=0.0%
     issued rwts: total=0,4096,0,0 short=0,0,0,0 dropped=0,0,0,0
     latency   : target=0, window=0, percentile=100.00%, depth=1

Run status group 0 (all jobs):
  WRITE: bw=2485MiB/s (2606MB/s), 2485MiB/s-2485MiB/s (2606MB/s-2606MB/s), io=512MiB (537MB), run=206-206msec

Disk stats (read/write):
  nvme0n1: ios=0/3557, merge=0/50, ticks=0/2072, in_queue=2100, util=55.34%
