buffered-write: (g=0): rw=write, bs=(R) 128KiB-128KiB, (W) 128KiB-128KiB, (T) 128KiB-128KiB, ioengine=psync, iodepth=1
fio-3.33
Starting 1 process

buffered-write: (groupid=0, jobs=1): err= 0: pid=42725: Fri Aug 15 07:38:47 2025
  write: IOPS=24.5k, BW=3066MiB/s (3215MB/s)(512MiB/167msec); 0 zone resets
    clat (usec): min=28, max=242, avg=39.17, stdev= 6.75
     lat (usec): min=29, max=243, avg=40.08, stdev= 6.80
    clat percentiles (usec):
     |  1.00th=[   32],  5.00th=[   35], 10.00th=[   36], 20.00th=[   37],
     | 30.00th=[   38], 40.00th=[   38], 50.00th=[   39], 60.00th=[   39],
     | 70.00th=[   40], 80.00th=[   41], 90.00th=[   44], 95.00th=[   47],
     | 99.00th=[   66], 99.50th=[   73], 99.90th=[  104], 99.95th=[  115],
     | 99.99th=[  243]
  lat (usec)   : 50=96.73%, 100=3.12%, 250=0.15%
  cpu          : usr=6.63%, sys=90.96%, ctx=132, majf=0, minf=6
  IO depths    : 1=100.0%, 2=0.0%, 4=0.0%, 8=0.0%, 16=0.0%, 32=0.0%, >=64=0.0%
     submit    : 0=0.0%, 4=100.0%, 8=0.0%, 16=0.0%, 32=0.0%, 64=0.0%, >=64=0.0%
     complete  : 0=0.0%, 4=100.0%, 8=0.0%, 16=0.0%, 32=0.0%, 64=0.0%, >=64=0.0%
     issued rwts: total=0,4096,0,0 short=0,0,0,0 dropped=0,0,0,0
     latency   : target=0, window=0, percentile=100.00%, depth=1

Run status group 0 (all jobs):
  WRITE: bw=3066MiB/s (3215MB/s), 3066MiB/s-3066MiB/s (3215MB/s-3215MB/s), io=512MiB (537MB), run=167-167msec

Disk stats (read/write):
  nvme0n1: ios=0/4084, merge=0/62, ticks=0/3640, in_queue=3657, util=72.29%
