buffered-write: (g=0): rw=write, bs=(R) 100MiB-100MiB, (W) 100MiB-100MiB, (T) 100MiB-100MiB, ioengine=psync, iodepth=1
fio-3.33
Starting 1 process

buffered-write: (groupid=0, jobs=1): err= 0: pid=17665: Fri Aug 15 07:38:27 2025
  write: IOPS=25, BW=2513MiB/s (2635MB/s)(500MiB/199msec); 0 zone resets
    clat (usec): min=26325, max=27644, avg=26780.38, stdev=543.41
     lat (usec): min=37183, max=42227, avg=39737.11, stdev=2051.49
    clat percentiles (usec):
     |  1.00th=[26346],  5.00th=[26346], 10.00th=[26346], 20.00th=[26346],
     | 30.00th=[26346], 40.00th=[26346], 50.00th=[26608], 60.00th=[26608],
     | 70.00th=[26870], 80.00th=[26870], 90.00th=[27657], 95.00th=[27657],
     | 99.00th=[27657], 99.50th=[27657], 99.90th=[27657], 99.95th=[27657],
     | 99.99th=[27657]
  lat (msec)   : 50=100.00%
  cpu          : usr=30.30%, sys=67.68%, ctx=4, majf=0, minf=6
  IO depths    : 1=100.0%, 2=0.0%, 4=0.0%, 8=0.0%, 16=0.0%, 32=0.0%, >=64=0.0%
     submit    : 0=0.0%, 4=100.0%, 8=0.0%, 16=0.0%, 32=0.0%, 64=0.0%, >=64=0.0%
     complete  : 0=0.0%, 4=100.0%, 8=0.0%, 16=0.0%, 32=0.0%, 64=0.0%, >=64=0.0%
     issued rwts: total=0,5,0,0 short=0,0,0,0 dropped=0,0,0,0
     latency   : target=0, window=0, percentile=100.00%, depth=1

Run status group 0 (all jobs):
  WRITE: bw=2513MiB/s (2635MB/s), 2513MiB/s-2513MiB/s (2635MB/s-2635MB/s), io=500MiB (524MB), run=199-199msec

Disk stats (read/write):
  nvme0n1: ios=0/403, merge=0/17, ticks=0/515, in_queue=521, util=11.16%
