buffered-read: (g=0): rw=read, bs=(R) 128KiB-128KiB, (W) 128KiB-128KiB, (T) 128KiB-128KiB, ioengine=psync, iodepth=1
fio-3.33
Starting 1 process

buffered-read: (groupid=0, jobs=1): err= 0: pid=3376: Fri Aug 15 07:07:27 2025
  read: IOPS=3172, BW=397MiB/s (416MB/s)(512MiB/1291msec)
    clat (usec): min=19, max=733, avg=314.12, stdev=60.23
     lat (usec): min=20, max=734, avg=314.24, stdev=60.23
    clat percentiles (usec):
     |  1.00th=[   78],  5.00th=[  310], 10.00th=[  314], 20.00th=[  314],
     | 30.00th=[  314], 40.00th=[  314], 50.00th=[  314], 60.00th=[  314],
     | 70.00th=[  314], 80.00th=[  314], 90.00th=[  314], 95.00th=[  392],
     | 99.00th=[  545], 99.50th=[  553], 99.90th=[  553], 99.95th=[  627],
     | 99.99th=[  734]
   bw (  KiB/s): min=405504, max=407040, per=100.00%, avg=406272.00, stdev=1086.12, samples=2
   iops        : min= 3168, max= 3180, avg=3174.00, stdev= 8.49, samples=2
  lat (usec)   : 20=0.02%, 100=2.25%, 250=2.12%, 500=93.07%, 750=2.54%
  cpu          : usr=0.00%, sys=8.29%, ctx=4104, majf=0, minf=13
  IO depths    : 1=100.0%, 2=0.0%, 4=0.0%, 8=0.0%, 16=0.0%, 32=0.0%, >=64=0.0%
     submit    : 0=0.0%, 4=100.0%, 8=0.0%, 16=0.0%, 32=0.0%, 64=0.0%, >=64=0.0%
     complete  : 0=0.0%, 4=100.0%, 8=0.0%, 16=0.0%, 32=0.0%, 64=0.0%, >=64=0.0%
     issued rwts: total=4096,0,0,0 short=0,0,0,0 dropped=0,0,0,0
     latency   : target=0, window=0, percentile=100.00%, depth=1

Run status group 0 (all jobs):
   READ: bw=397MiB/s (416MB/s), 397MiB/s-397MiB/s (416MB/s-416MB/s), io=512MiB (537MB), run=1291-1291msec

Disk stats (read/write):
  nvme0n1: ios=3667/0, merge=89/0, ticks=2226/0, in_queue=2226, util=84.29%
