buffered-write: (g=0): rw=write, bs=(R) 1024MiB-1024MiB, (W) 1024MiB-1024MiB, (T) 1024MiB-1024MiB, ioengine=psync, iodepth=1
fio-3.33
Starting 1 process

buffered-write: (groupid=0, jobs=1): err= 0: pid=61865: Thu Aug 14 19:59:12 2025
  write: IOPS=3, BW=3103MiB/s (3254MB/s)(1024MiB/330msec); 0 zone resets
    clat (nsec): min=230116k, max=230116k, avg=230115537.00, stdev= 0.00
     lat (nsec): min=328278k, max=328278k, avg=328278225.00, stdev= 0.00
    clat percentiles (msec):
     |  1.00th=[  230],  5.00th=[  230], 10.00th=[  230], 20.00th=[  230],
     | 30.00th=[  230], 40.00th=[  230], 50.00th=[  230], 60.00th=[  230],
     | 70.00th=[  230], 80.00th=[  230], 90.00th=[  230], 95.00th=[  230],
     | 99.00th=[  230], 99.50th=[  230], 99.90th=[  230], 99.95th=[  230],
     | 99.99th=[  230]
  lat (msec)   : 250=100.00%
  cpu          : usr=30.09%, sys=69.00%, ctx=2, majf=0, minf=6
  IO depths    : 1=100.0%, 2=0.0%, 4=0.0%, 8=0.0%, 16=0.0%, 32=0.0%, >=64=0.0%
     submit    : 0=0.0%, 4=100.0%, 8=0.0%, 16=0.0%, 32=0.0%, 64=0.0%, >=64=0.0%
     complete  : 0=0.0%, 4=100.0%, 8=0.0%, 16=0.0%, 32=0.0%, 64=0.0%, >=64=0.0%
     issued rwts: total=0,1,0,0 short=0,0,0,0 dropped=0,0,0,0
     latency   : target=0, window=0, percentile=100.00%, depth=1

Run status group 0 (all jobs):
  WRITE: bw=3103MiB/s (3254MB/s), 3103MiB/s-3103MiB/s (3254MB/s-3254MB/s), io=1024MiB (1074MB), run=330-330msec

Disk stats (read/write):
  nvme0n1: ios=0/8085, merge=0/203, ticks=0/1855, in_queue=1956, util=49.68%
