buffered-read: (g=0): rw=read, bs=(R) 100MiB-100MiB, (W) 100MiB-100MiB, (T) 100MiB-100MiB, ioengine=psync, iodepth=1
fio-3.33
Starting 1 process

buffered-read: (groupid=0, jobs=1): err= 0: pid=4704: Thu Aug 14 19:52:26 2025
  read: IOPS=11, BW=1109MiB/s (1163MB/s)(600MiB/541msec)
    clat (usec): min=88055, max=95370, avg=89998.49, stdev=2825.34
     lat (usec): min=88056, max=95371, avg=89999.20, stdev=2825.45
    clat percentiles (usec):
     |  1.00th=[87557],  5.00th=[87557], 10.00th=[87557], 20.00th=[88605],
     | 30.00th=[88605], 40.00th=[88605], 50.00th=[88605], 60.00th=[88605],
     | 70.00th=[90702], 80.00th=[90702], 90.00th=[94897], 95.00th=[94897],
     | 99.00th=[94897], 99.50th=[94897], 99.90th=[94897], 99.95th=[94897],
     | 99.99th=[94897]
   bw (  KiB/s): min=1021956, max=1021956, per=89.99%, avg=1021956.00, stdev= 0.00, samples=1
   iops        : min=    9, max=    9, avg= 9.00, stdev= 0.00, samples=1
  lat (msec)   : 100=100.00%
  cpu          : usr=0.00%, sys=99.07%, ctx=25, majf=0, minf=2312
  IO depths    : 1=100.0%, 2=0.0%, 4=0.0%, 8=0.0%, 16=0.0%, 32=0.0%, >=64=0.0%
     submit    : 0=0.0%, 4=100.0%, 8=0.0%, 16=0.0%, 32=0.0%, 64=0.0%, >=64=0.0%
     complete  : 0=0.0%, 4=100.0%, 8=0.0%, 16=0.0%, 32=0.0%, 64=0.0%, >=64=0.0%
     issued rwts: total=6,0,0,0 short=0,0,0,0 dropped=0,0,0,0
     latency   : target=0, window=0, percentile=100.00%, depth=1

Run status group 0 (all jobs):
   READ: bw=1109MiB/s (1163MB/s), 1109MiB/s-1109MiB/s (1163MB/s-1163MB/s), io=600MiB (629MB), run=541-541msec

Disk stats (read/write):
  nvme0n1: ios=10/0, merge=0/0, ticks=2/0, in_queue=2, util=0.00%
