buffered-write: (g=0): rw=write, bs=(R) 100MiB-100MiB, (W) 100MiB-100MiB, (T) 100MiB-100MiB, ioengine=psync, iodepth=1
fio-3.33
Starting 1 process

buffered-write: (groupid=0, jobs=1): err= 0: pid=16773: Thu Aug 14 19:56:28 2025
  write: IOPS=24, BW=2490MiB/s (2611MB/s)(600MiB/241msec); 0 zone resets
    clat (usec): min=21567, max=36500, avg=27847.30, stdev=4825.53
     lat (usec): min=36090, max=47453, avg=39869.37, stdev=4047.53
    clat percentiles (usec):
     |  1.00th=[21627],  5.00th=[21627], 10.00th=[21627], 20.00th=[26608],
     | 30.00th=[26608], 40.00th=[27395], 50.00th=[27395], 60.00th=[27395],
     | 70.00th=[27657], 80.00th=[27657], 90.00th=[36439], 95.00th=[36439],
     | 99.00th=[36439], 99.50th=[36439], 99.90th=[36439], 99.95th=[36439],
     | 99.99th=[36439]
  lat (msec)   : 50=100.00%
  cpu          : usr=32.08%, sys=64.58%, ctx=48, majf=0, minf=6
  IO depths    : 1=100.0%, 2=0.0%, 4=0.0%, 8=0.0%, 16=0.0%, 32=0.0%, >=64=0.0%
     submit    : 0=0.0%, 4=100.0%, 8=0.0%, 16=0.0%, 32=0.0%, 64=0.0%, >=64=0.0%
     complete  : 0=0.0%, 4=100.0%, 8=0.0%, 16=0.0%, 32=0.0%, 64=0.0%, >=64=0.0%
     issued rwts: total=0,6,0,0 short=0,0,0,0 dropped=0,0,0,0
     latency   : target=0, window=0, percentile=100.00%, depth=1

Run status group 0 (all jobs):
  WRITE: bw=2490MiB/s (2611MB/s), 2490MiB/s-2490MiB/s (2611MB/s-2611MB/s), io=600MiB (629MB), run=241-241msec

Disk stats (read/write):
  nvme0n1: ios=0/3713, merge=0/68, ticks=0/1989, in_queue=2015, util=77.11%
