buffered-read: (g=0): rw=read, bs=(R) 1024MiB-1024MiB, (W) 1024MiB-1024MiB, (T) 1024MiB-1024MiB, ioengine=psync, iodepth=1
fio-3.33
Starting 1 process

buffered-read: (groupid=0, jobs=1): err= 0: pid=4785: Thu Aug 14 19:52:31 2025
  read: IOPS=0, BW=985MiB/s (1032MB/s)(1024MiB/1040msec)
    clat (nsec): min=1039.3M, max=1039.3M, avg=1039257421.00, stdev= 0.00
     lat (nsec): min=1039.3M, max=1039.3M, avg=1039258143.00, stdev= 0.00
    clat percentiles (msec):
     |  1.00th=[ 1036],  5.00th=[ 1036], 10.00th=[ 1036], 20.00th=[ 1036],
     | 30.00th=[ 1036], 40.00th=[ 1036], 50.00th=[ 1036], 60.00th=[ 1036],
     | 70.00th=[ 1036], 80.00th=[ 1036], 90.00th=[ 1036], 95.00th=[ 1036],
     | 99.00th=[ 1036], 99.50th=[ 1036], 99.90th=[ 1036], 99.95th=[ 1036],
     | 99.99th=[ 1036]
  lat (msec)   : 2000=100.00%
  cpu          : usr=0.00%, sys=99.52%, ctx=61, majf=0, minf=2085
  IO depths    : 1=100.0%, 2=0.0%, 4=0.0%, 8=0.0%, 16=0.0%, 32=0.0%, >=64=0.0%
     submit    : 0=0.0%, 4=100.0%, 8=0.0%, 16=0.0%, 32=0.0%, 64=0.0%, >=64=0.0%
     complete  : 0=0.0%, 4=100.0%, 8=0.0%, 16=0.0%, 32=0.0%, 64=0.0%, >=64=0.0%
     issued rwts: total=1,0,0,0 short=0,0,0,0 dropped=0,0,0,0
     latency   : target=0, window=0, percentile=100.00%, depth=1

Run status group 0 (all jobs):
   READ: bw=985MiB/s (1032MB/s), 985MiB/s-985MiB/s (1032MB/s-1032MB/s), io=1024MiB (1074MB), run=1040-1040msec

Disk stats (read/write):
  nvme0n1: ios=32/0, merge=89/0, ticks=7/0, in_queue=7, util=0.00%
