buffered-write: (g=0): rw=write, bs=(R) 1024KiB-1024KiB, (W) 1024KiB-1024KiB, (T) 1024KiB-1024KiB, ioengine=psync, iodepth=1
fio-3.33
Starting 1 process

buffered-write: (groupid=0, jobs=1): err= 0: pid=7874: Thu Aug 14 19:56:18 2025
  write: IOPS=5626, BW=5626MiB/s (5900MB/s)(512MiB/91msec); 0 zone resets
    clat (usec): min=107, max=1328, avg=161.28, stdev=90.12
     lat (usec): min=121, max=1357, avg=175.33, stdev=91.95
    clat percentiles (usec):
     |  1.00th=[  115],  5.00th=[  128], 10.00th=[  133], 20.00th=[  135],
     | 30.00th=[  139], 40.00th=[  141], 50.00th=[  145], 60.00th=[  151],
     | 70.00th=[  159], 80.00th=[  167], 90.00th=[  182], 95.00th=[  202],
     | 99.00th=[  693], 99.50th=[  857], 99.90th=[ 1336], 99.95th=[ 1336],
     | 99.99th=[ 1336]
  lat (usec)   : 250=98.44%, 750=0.78%, 1000=0.59%
  lat (msec)   : 2=0.20%
  cpu          : usr=7.78%, sys=82.22%, ctx=103, majf=0, minf=6
  IO depths    : 1=100.0%, 2=0.0%, 4=0.0%, 8=0.0%, 16=0.0%, 32=0.0%, >=64=0.0%
     submit    : 0=0.0%, 4=100.0%, 8=0.0%, 16=0.0%, 32=0.0%, 64=0.0%, >=64=0.0%
     complete  : 0=0.0%, 4=100.0%, 8=0.0%, 16=0.0%, 32=0.0%, 64=0.0%, >=64=0.0%
     issued rwts: total=0,512,0,0 short=0,0,0,0 dropped=0,0,0,0
     latency   : target=0, window=0, percentile=100.00%, depth=1

Run status group 0 (all jobs):
  WRITE: bw=5626MiB/s (5900MB/s), 5626MiB/s-5626MiB/s (5900MB/s-5900MB/s), io=512MiB (537MB), run=91-91msec

Disk stats (read/write):
  nvme0n1: ios=0/0, merge=0/0, ticks=0/0, in_queue=0, util=0.00%
