buffered-read: (g=0): rw=read, bs=(R) 4096B-4096B, (W) 4096B-4096B, (T) 4096B-4096B, ioengine=psync, iodepth=1
fio-3.33
Starting 1 process

buffered-read: (groupid=0, jobs=1): err= 0: pid=3216: Fri Aug 15 07:07:13 2025
  read: IOPS=100k, BW=392MiB/s (411MB/s)(512MiB/1307msec)
    clat (nsec): min=630, max=573352, avg=9634.97, stdev=60385.34
     lat (nsec): min=685, max=573407, avg=9686.44, stdev=60385.22
    clat percentiles (nsec):
     |  1.00th=[   668],  5.00th=[   668], 10.00th=[   668], 20.00th=[   684],
     | 30.00th=[   684], 40.00th=[   708], 50.00th=[   836], 60.00th=[   852],
     | 70.00th=[   868], 80.00th=[   892], 90.00th=[  1004], 95.00th=[  1144],
     | 99.00th=[444416], 99.50th=[514048], 99.90th=[536576], 99.95th=[536576],
     | 99.99th=[536576]
   bw (  KiB/s): min=401088, max=401664, per=100.00%, avg=401376.00, stdev=407.29, samples=2
   iops        : min=100272, max=100416, avg=100344.00, stdev=101.82, samples=2
  lat (nsec)   : 750=43.45%, 1000=46.41%
  lat (usec)   : 2=7.00%, 4=0.01%, 10=0.01%, 50=0.65%, 100=0.24%
  lat (usec)   : 250=0.65%, 500=0.81%, 750=0.77%
  cpu          : usr=5.21%, sys=11.56%, ctx=4105, majf=0, minf=6
  IO depths    : 1=100.0%, 2=0.0%, 4=0.0%, 8=0.0%, 16=0.0%, 32=0.0%, >=64=0.0%
     submit    : 0=0.0%, 4=100.0%, 8=0.0%, 16=0.0%, 32=0.0%, 64=0.0%, >=64=0.0%
     complete  : 0=0.0%, 4=100.0%, 8=0.0%, 16=0.0%, 32=0.0%, 64=0.0%, >=64=0.0%
     issued rwts: total=131072,0,0,0 short=0,0,0,0 dropped=0,0,0,0
     latency   : target=0, window=0, percentile=100.00%, depth=1

Run status group 0 (all jobs):
   READ: bw=392MiB/s (411MB/s), 392MiB/s-392MiB/s (411MB/s-411MB/s), io=512MiB (537MB), run=1307-1307msec

Disk stats (read/write):
  nvme0n1: ios=3609/0, merge=0/0, ticks=2112/0, in_queue=2111, util=77.24%
