buffered-read: (g=0): rw=read, bs=(R) 4096B-4096B, (W) 4096B-4096B, (T) 4096B-4096B, ioengine=psync, iodepth=1
fio-3.33
Starting 1 process

buffered-read: (groupid=0, jobs=1): err= 0: pid=5025: Thu Aug 14 19:52:46 2025
  read: IOPS=452k, BW=1766MiB/s (1851MB/s)(512MiB/290msec)
    clat (nsec): min=611, max=437027, avg=1878.71, stdev=7759.18
     lat (nsec): min=666, max=437064, avg=1929.97, stdev=7762.29
    clat percentiles (nsec):
     |  1.00th=[   652],  5.00th=[   652], 10.00th=[   652], 20.00th=[   668],
     | 30.00th=[   684], 40.00th=[   708], 50.00th=[   780], 60.00th=[   868],
     | 70.00th=[  1004], 80.00th=[  1208], 90.00th=[  1496], 95.00th=[  1832],
     | 99.00th=[ 55040], 99.50th=[ 64256], 99.90th=[ 76288], 99.95th=[ 79360],
     | 99.99th=[104960]
  lat (nsec)   : 750=46.22%, 1000=22.80%
  lat (usec)   : 2=27.04%, 4=2.32%, 10=0.02%, 20=0.02%, 50=0.26%
  lat (usec)   : 100=1.30%, 250=0.01%, 500=0.01%
  cpu          : usr=23.53%, sys=75.09%, ctx=28, majf=0, minf=6
  IO depths    : 1=100.0%, 2=0.0%, 4=0.0%, 8=0.0%, 16=0.0%, 32=0.0%, >=64=0.0%
     submit    : 0=0.0%, 4=100.0%, 8=0.0%, 16=0.0%, 32=0.0%, 64=0.0%, >=64=0.0%
     complete  : 0=0.0%, 4=100.0%, 8=0.0%, 16=0.0%, 32=0.0%, 64=0.0%, >=64=0.0%
     issued rwts: total=131072,0,0,0 short=0,0,0,0 dropped=0,0,0,0
     latency   : target=0, window=0, percentile=100.00%, depth=1

Run status group 0 (all jobs):
   READ: bw=1766MiB/s (1851MB/s), 1766MiB/s-1766MiB/s (1851MB/s-1851MB/s), io=512MiB (537MB), run=290-290msec

Disk stats (read/write):
  nvme0n1: ios=21/0, merge=89/0, ticks=6/0, in_queue=6, util=3.17%
