buffered-read: (g=0): rw=read, bs=(R) 128KiB-128KiB, (W) 128KiB-128KiB, (T) 128KiB-128KiB, ioengine=psync, iodepth=1
fio-3.33
Starting 1 process

buffered-read: (groupid=0, jobs=1): err= 0: pid=3556: Fri Aug 15 07:07:43 2025
  read: IOPS=3177, BW=397MiB/s (417MB/s)(512MiB/1289msec)
    clat (usec): min=20, max=684, avg=313.84, stdev=66.08
     lat (usec): min=20, max=684, avg=313.93, stdev=66.08
    clat percentiles (usec):
     |  1.00th=[   78],  5.00th=[  204], 10.00th=[  314], 20.00th=[  314],
     | 30.00th=[  314], 40.00th=[  314], 50.00th=[  314], 60.00th=[  314],
     | 70.00th=[  314], 80.00th=[  314], 90.00th=[  314], 95.00th=[  433],
     | 99.00th=[  545], 99.50th=[  553], 99.90th=[  553], 99.95th=[  594],
     | 99.99th=[  685]
   bw (  KiB/s): min=406528, max=407040, per=100.00%, avg=406784.00, stdev=362.04, samples=2
   iops        : min= 3176, max= 3180, avg=3178.00, stdev= 2.83, samples=2
  lat (usec)   : 50=0.02%, 100=2.59%, 250=2.93%, 500=91.58%, 750=2.88%
  cpu          : usr=0.47%, sys=7.22%, ctx=4105, majf=0, minf=13
  IO depths    : 1=100.0%, 2=0.0%, 4=0.0%, 8=0.0%, 16=0.0%, 32=0.0%, >=64=0.0%
     submit    : 0=0.0%, 4=100.0%, 8=0.0%, 16=0.0%, 32=0.0%, 64=0.0%, >=64=0.0%
     complete  : 0=0.0%, 4=100.0%, 8=0.0%, 16=0.0%, 32=0.0%, 64=0.0%, >=64=0.0%
     issued rwts: total=4096,0,0,0 short=0,0,0,0 dropped=0,0,0,0
     latency   : target=0, window=0, percentile=100.00%, depth=1

Run status group 0 (all jobs):
   READ: bw=397MiB/s (417MB/s), 397MiB/s-397MiB/s (417MB/s-417MB/s), io=512MiB (537MB), run=1289-1289msec

Disk stats (read/write):
  nvme0n1: ios=3658/0, merge=0/0, ticks=2214/0, in_queue=2214, util=84.94%
