buffered-read: (g=0): rw=read, bs=(R) 128KiB-128KiB, (W) 128KiB-128KiB, (T) 128KiB-128KiB, ioengine=psync, iodepth=1
fio-3.33
Starting 1 process

buffered-read: (groupid=0, jobs=1): err= 0: pid=4047: Thu Aug 14 19:50:59 2025
  read: IOPS=3220, BW=403MiB/s (422MB/s)(512MiB/1272msec)
    clat (usec): min=10, max=1390, avg=309.85, stdev=346.96
     lat (usec): min=10, max=1390, avg=309.93, stdev=346.94
    clat percentiles (usec):
     |  1.00th=[   11],  5.00th=[   11], 10.00th=[   11], 20.00th=[   11],
     | 30.00th=[   12], 40.00th=[   12], 50.00th=[   21], 60.00th=[  375],
     | 70.00th=[  578], 80.00th=[  693], 90.00th=[  816], 95.00th=[  930],
     | 99.00th=[ 1045], 99.50th=[ 1090], 99.90th=[ 1205], 99.95th=[ 1287],
     | 99.99th=[ 1385]
   bw (  KiB/s): min=407040, max=420096, per=100.00%, avg=413568.00, stdev=9231.99, samples=2
   iops        : min= 3180, max= 3282, avg=3231.00, stdev=72.12, samples=2
  lat (usec)   : 20=49.98%, 50=0.78%, 100=0.46%, 250=3.93%, 500=9.57%
  lat (usec)   : 750=20.90%, 1000=12.48%
  lat (msec)   : 2=1.90%
  cpu          : usr=0.24%, sys=6.37%, ctx=2029, majf=0, minf=13
  IO depths    : 1=100.0%, 2=0.0%, 4=0.0%, 8=0.0%, 16=0.0%, 32=0.0%, >=64=0.0%
     submit    : 0=0.0%, 4=100.0%, 8=0.0%, 16=0.0%, 32=0.0%, 64=0.0%, >=64=0.0%
     complete  : 0=0.0%, 4=100.0%, 8=0.0%, 16=0.0%, 32=0.0%, 64=0.0%, >=64=0.0%
     issued rwts: total=4096,0,0,0 short=0,0,0,0 dropped=0,0,0,0
     latency   : target=0, window=0, percentile=100.00%, depth=1

Run status group 0 (all jobs):
   READ: bw=403MiB/s (422MB/s), 403MiB/s-403MiB/s (422MB/s-422MB/s), io=512MiB (537MB), run=1272-1272msec

Disk stats (read/write):
  nvme0n1: ios=3673/0, merge=114/0, ticks=3942/0, in_queue=3942, util=85.90%
