buffered-read: (g=0): rw=read, bs=(R) 1024KiB-1024KiB, (W) 1024KiB-1024KiB, (T) 1024KiB-1024KiB, ioengine=psync, iodepth=1
fio-3.33
Starting 1 process

buffered-read: (groupid=0, jobs=1): err= 0: pid=4244: Thu Aug 14 19:52:07 2025
  read: IOPS=2959, BW=2960MiB/s (3103MB/s)(512MiB/173msec)
    clat (usec): min=259, max=736, avg=336.35, stdev=42.45
     lat (usec): min=259, max=736, avg=336.47, stdev=42.47
    clat percentiles (usec):
     |  1.00th=[  277],  5.00th=[  285], 10.00th=[  289], 20.00th=[  302],
     | 30.00th=[  322], 40.00th=[  334], 50.00th=[  338], 60.00th=[  347],
     | 70.00th=[  351], 80.00th=[  355], 90.00th=[  367], 95.00th=[  379],
     | 99.00th=[  478], 99.50th=[  570], 99.90th=[  734], 99.95th=[  734],
     | 99.99th=[  734]
  lat (usec)   : 500=99.02%, 750=0.98%
  cpu          : usr=0.00%, sys=98.84%, ctx=24, majf=0, minf=70
  IO depths    : 1=100.0%, 2=0.0%, 4=0.0%, 8=0.0%, 16=0.0%, 32=0.0%, >=64=0.0%
     submit    : 0=0.0%, 4=100.0%, 8=0.0%, 16=0.0%, 32=0.0%, 64=0.0%, >=64=0.0%
     complete  : 0=0.0%, 4=100.0%, 8=0.0%, 16=0.0%, 32=0.0%, 64=0.0%, >=64=0.0%
     issued rwts: total=512,0,0,0 short=0,0,0,0 dropped=0,0,0,0
     latency   : target=0, window=0, percentile=100.00%, depth=1

Run status group 0 (all jobs):
   READ: bw=2960MiB/s (3103MB/s), 2960MiB/s-2960MiB/s (3103MB/s-3103MB/s), io=512MiB (537MB), run=173-173msec

Disk stats (read/write):
  nvme0n1: ios=11/0, merge=0/0, ticks=1/0, in_queue=2, util=0.00%
