buffered-write: (g=0): rw=write, bs=(R) 128KiB-128KiB, (W) 128KiB-128KiB, (T) 128KiB-128KiB, ioengine=psync, iodepth=1
fio-3.33
Starting 1 process

buffered-write: (groupid=0, jobs=1): err= 0: pid=75511: Thu Aug 14 19:59:28 2025
  write: IOPS=22.9k, BW=2860MiB/s (2999MB/s)(512MiB/179msec); 0 zone resets
    clat (usec): min=19, max=400, avg=41.15, stdev=24.64
     lat (usec): min=20, max=401, avg=41.97, stdev=24.65
    clat percentiles (usec):
     |  1.00th=[   29],  5.00th=[   34], 10.00th=[   35], 20.00th=[   36],
     | 30.00th=[   37], 40.00th=[   38], 50.00th=[   39], 60.00th=[   40],
     | 70.00th=[   41], 80.00th=[   42], 90.00th=[   44], 95.00th=[   47],
     | 99.00th=[  184], 99.50th=[  277], 99.90th=[  306], 99.95th=[  318],
     | 99.99th=[  400]
  lat (usec)   : 20=0.05%, 50=96.51%, 100=2.32%, 250=0.34%, 500=0.78%
  cpu          : usr=2.25%, sys=89.33%, ctx=52, majf=0, minf=6
  IO depths    : 1=100.0%, 2=0.0%, 4=0.0%, 8=0.0%, 16=0.0%, 32=0.0%, >=64=0.0%
     submit    : 0=0.0%, 4=100.0%, 8=0.0%, 16=0.0%, 32=0.0%, 64=0.0%, >=64=0.0%
     complete  : 0=0.0%, 4=100.0%, 8=0.0%, 16=0.0%, 32=0.0%, 64=0.0%, >=64=0.0%
     issued rwts: total=0,4096,0,0 short=0,0,0,0 dropped=0,0,0,0
     latency   : target=0, window=0, percentile=100.00%, depth=1

Run status group 0 (all jobs):
  WRITE: bw=2860MiB/s (2999MB/s), 2860MiB/s-2860MiB/s (2999MB/s-2999MB/s), io=512MiB (537MB), run=179-179msec

Disk stats (read/write):
  nvme0n1: ios=0/4212, merge=0/49, ticks=0/2274, in_queue=2296, util=61.04%
