buffered-write: (g=0): rw=write, bs=(R) 1024KiB-1024KiB, (W) 1024KiB-1024KiB, (T) 1024KiB-1024KiB, ioengine=psync, iodepth=1
fio-3.33
Starting 1 process

buffered-write: (groupid=0, jobs=1): err= 0: pid=5388: Fri Aug 15 07:38:15 2025
  write: IOPS=5818, BW=5818MiB/s (6101MB/s)(512MiB/88msec); 0 zone resets
    clat (usec): min=115, max=454, avg=149.73, stdev=43.27
     lat (usec): min=125, max=474, avg=168.68, stdev=49.59
    clat percentiles (usec):
     |  1.00th=[  118],  5.00th=[  121], 10.00th=[  122], 20.00th=[  124],
     | 30.00th=[  126], 40.00th=[  129], 50.00th=[  135], 60.00th=[  139],
     | 70.00th=[  145], 80.00th=[  163], 90.00th=[  231], 95.00th=[  247],
     | 99.00th=[  293], 99.50th=[  343], 99.90th=[  453], 99.95th=[  453],
     | 99.99th=[  453]
  lat (usec)   : 250=95.70%, 500=4.30%
  cpu          : usr=3.45%, sys=75.86%, ctx=184, majf=0, minf=6
  IO depths    : 1=100.0%, 2=0.0%, 4=0.0%, 8=0.0%, 16=0.0%, 32=0.0%, >=64=0.0%
     submit    : 0=0.0%, 4=100.0%, 8=0.0%, 16=0.0%, 32=0.0%, 64=0.0%, >=64=0.0%
     complete  : 0=0.0%, 4=100.0%, 8=0.0%, 16=0.0%, 32=0.0%, 64=0.0%, >=64=0.0%
     issued rwts: total=0,512,0,0 short=0,0,0,0 dropped=0,0,0,0
     latency   : target=0, window=0, percentile=100.00%, depth=1

Run status group 0 (all jobs):
  WRITE: bw=5818MiB/s (6101MB/s), 5818MiB/s-5818MiB/s (6101MB/s-6101MB/s), io=512MiB (537MB), run=88-88msec

Disk stats (read/write):
  nvme0n1: ios=0/0, merge=0/0, ticks=0/0, in_queue=0, util=0.00%
