buffered-write: (g=0): rw=write, bs=(R) 1024MiB-1024MiB, (W) 1024MiB-1024MiB, (T) 1024MiB-1024MiB, ioengine=psync, iodepth=1
fio-3.33
Starting 1 process

buffered-write: (groupid=0, jobs=1): err= 0: pid=19538: Thu Aug 14 19:56:33 2025
  write: IOPS=3, BW=3170MiB/s (3324MB/s)(1024MiB/323msec); 0 zone resets
    clat (nsec): min=251405k, max=251405k, avg=251405370.00, stdev= 0.00
     lat (nsec): min=320595k, max=320595k, avg=320594980.00, stdev= 0.00
    clat percentiles (msec):
     |  1.00th=[  251],  5.00th=[  251], 10.00th=[  251], 20.00th=[  251],
     | 30.00th=[  251], 40.00th=[  251], 50.00th=[  251], 60.00th=[  251],
     | 70.00th=[  251], 80.00th=[  251], 90.00th=[  251], 95.00th=[  251],
     | 99.00th=[  251], 99.50th=[  251], 99.90th=[  251], 99.95th=[  251],
     | 99.99th=[  251]
  lat (msec)   : 500=100.00%
  cpu          : usr=20.81%, sys=77.64%, ctx=5, majf=0, minf=6
  IO depths    : 1=100.0%, 2=0.0%, 4=0.0%, 8=0.0%, 16=0.0%, 32=0.0%, >=64=0.0%
     submit    : 0=0.0%, 4=100.0%, 8=0.0%, 16=0.0%, 32=0.0%, 64=0.0%, >=64=0.0%
     complete  : 0=0.0%, 4=100.0%, 8=0.0%, 16=0.0%, 32=0.0%, 64=0.0%, >=64=0.0%
     issued rwts: total=0,1,0,0 short=0,0,0,0 dropped=0,0,0,0
     latency   : target=0, window=0, percentile=100.00%, depth=1

Run status group 0 (all jobs):
  WRITE: bw=3170MiB/s (3324MB/s), 3170MiB/s-3170MiB/s (3324MB/s-3324MB/s), io=1024MiB (1074MB), run=323-323msec

Disk stats (read/write):
  nvme0n1: ios=0/19777, merge=0/351, ticks=0/8930, in_queue=9056, util=77.82%
