buffered-write: (g=0): rw=write, bs=(R) 1024MiB-1024MiB, (W) 1024MiB-1024MiB, (T) 1024MiB-1024MiB, ioengine=psync, iodepth=1
fio-3.33
Starting 1 process

buffered-write: (groupid=0, jobs=1): err= 0: pid=27077: Thu Aug 14 19:56:41 2025
  write: IOPS=2, BW=2592MiB/s (2718MB/s)(1024MiB/395msec); 0 zone resets
    clat (nsec): min=253987k, max=253987k, avg=253987406.00, stdev= 0.00
     lat (nsec): min=392198k, max=392198k, avg=392197832.00, stdev= 0.00
    clat percentiles (msec):
     |  1.00th=[  255],  5.00th=[  255], 10.00th=[  255], 20.00th=[  255],
     | 30.00th=[  255], 40.00th=[  255], 50.00th=[  255], 60.00th=[  255],
     | 70.00th=[  255], 80.00th=[  255], 90.00th=[  255], 95.00th=[  255],
     | 99.00th=[  255], 99.50th=[  255], 99.90th=[  255], 99.95th=[  255],
     | 99.99th=[  255]
  lat (msec)   : 500=100.00%
  cpu          : usr=35.28%, sys=63.45%, ctx=3, majf=0, minf=6
  IO depths    : 1=100.0%, 2=0.0%, 4=0.0%, 8=0.0%, 16=0.0%, 32=0.0%, >=64=0.0%
     submit    : 0=0.0%, 4=100.0%, 8=0.0%, 16=0.0%, 32=0.0%, 64=0.0%, >=64=0.0%
     complete  : 0=0.0%, 4=100.0%, 8=0.0%, 16=0.0%, 32=0.0%, 64=0.0%, >=64=0.0%
     issued rwts: total=0,1,0,0 short=0,0,0,0 dropped=0,0,0,0
     latency   : target=0, window=0, percentile=100.00%, depth=1

Run status group 0 (all jobs):
  WRITE: bw=2592MiB/s (2718MB/s), 2592MiB/s-2592MiB/s (2718MB/s-2718MB/s), io=1024MiB (1074MB), run=395-395msec

Disk stats (read/write):
  nvme0n1: ios=0/19083, merge=0/347, ticks=0/8806, in_queue=8927, util=77.50%
