buffered-write: (g=0): rw=write, bs=(R) 10.0MiB-10.0MiB, (W) 10.0MiB-10.0MiB, (T) 10.0MiB-10.0MiB, ioengine=psync, iodepth=1
fio-3.33
Starting 1 process

buffered-write: (groupid=0, jobs=1): err= 0: pid=11917: Fri Aug 15 07:38:20 2025
  write: IOPS=307, BW=3072MiB/s (3222MB/s)(510MiB/166msec); 0 zone resets
    clat (usec): min=2210, max=3610, avg=2438.34, stdev=257.93
     lat (usec): min=2695, max=4464, avg=3244.43, stdev=300.48
    clat percentiles (usec):
     |  1.00th=[ 2212],  5.00th=[ 2212], 10.00th=[ 2245], 20.00th=[ 2278],
     | 30.00th=[ 2311], 40.00th=[ 2311], 50.00th=[ 2343], 60.00th=[ 2376],
     | 70.00th=[ 2376], 80.00th=[ 2638], 90.00th=[ 2802], 95.00th=[ 2868],
     | 99.00th=[ 3621], 99.50th=[ 3621], 99.90th=[ 3621], 99.95th=[ 3621],
     | 99.99th=[ 3621]
  lat (msec)   : 4=100.00%
  cpu          : usr=24.24%, sys=76.97%, ctx=11, majf=0, minf=6
  IO depths    : 1=100.0%, 2=0.0%, 4=0.0%, 8=0.0%, 16=0.0%, 32=0.0%, >=64=0.0%
     submit    : 0=0.0%, 4=100.0%, 8=0.0%, 16=0.0%, 32=0.0%, 64=0.0%, >=64=0.0%
     complete  : 0=0.0%, 4=100.0%, 8=0.0%, 16=0.0%, 32=0.0%, 64=0.0%, >=64=0.0%
     issued rwts: total=0,51,0,0 short=0,0,0,0 dropped=0,0,0,0
     latency   : target=0, window=0, percentile=100.00%, depth=1

Run status group 0 (all jobs):
  WRITE: bw=3072MiB/s (3222MB/s), 3072MiB/s-3072MiB/s (3222MB/s-3222MB/s), io=510MiB (535MB), run=166-166msec

Disk stats (read/write):
  nvme0n1: ios=0/1276, merge=0/52, ticks=0/784, in_queue=795, util=1.61%
