buffered-read: (g=0): rw=read, bs=(R) 1024MiB-1024MiB, (W) 1024MiB-1024MiB, (T) 1024MiB-1024MiB, ioengine=psync, iodepth=1
fio-3.33
Starting 1 process

buffered-read: (groupid=0, jobs=1): err= 0: pid=4825: Thu Aug 14 19:52:34 2025
  read: IOPS=0, BW=957MiB/s (1003MB/s)(1024MiB/1070msec)
    clat (nsec): min=1069.7M, max=1069.7M, avg=1069701763.00, stdev= 0.00
     lat (nsec): min=1069.7M, max=1069.7M, avg=1069702374.00, stdev= 0.00
    clat percentiles (msec):
     |  1.00th=[ 1070],  5.00th=[ 1070], 10.00th=[ 1070], 20.00th=[ 1070],
     | 30.00th=[ 1070], 40.00th=[ 1070], 50.00th=[ 1070], 60.00th=[ 1070],
     | 70.00th=[ 1070], 80.00th=[ 1070], 90.00th=[ 1070], 95.00th=[ 1070],
     | 99.00th=[ 1070], 99.50th=[ 1070], 99.90th=[ 1070], 99.95th=[ 1070],
     | 99.99th=[ 1070]
  lat (msec)   : 2000=100.00%
  cpu          : usr=0.00%, sys=99.63%, ctx=48, majf=0, minf=2085
  IO depths    : 1=100.0%, 2=0.0%, 4=0.0%, 8=0.0%, 16=0.0%, 32=0.0%, >=64=0.0%
     submit    : 0=0.0%, 4=100.0%, 8=0.0%, 16=0.0%, 32=0.0%, 64=0.0%, >=64=0.0%
     complete  : 0=0.0%, 4=100.0%, 8=0.0%, 16=0.0%, 32=0.0%, 64=0.0%, >=64=0.0%
     issued rwts: total=1,0,0,0 short=0,0,0,0 dropped=0,0,0,0
     latency   : target=0, window=0, percentile=100.00%, depth=1

Run status group 0 (all jobs):
   READ: bw=957MiB/s (1003MB/s), 957MiB/s-957MiB/s (1003MB/s-1003MB/s), io=1024MiB (1074MB), run=1070-1070msec

Disk stats (read/write):
  nvme0n1: ios=30/0, merge=89/0, ticks=8/0, in_queue=8, util=0.40%
