buffered-write: (g=0): rw=write, bs=(R) 100MiB-100MiB, (W) 100MiB-100MiB, (T) 100MiB-100MiB, ioengine=psync, iodepth=1
fio-3.33
Starting 1 process

buffered-write: (groupid=0, jobs=1): err= 0: pid=50285: Thu Aug 14 19:58:51 2025
  write: IOPS=26, BW=2691MiB/s (2821MB/s)(600MiB/223msec); 0 zone resets
    clat (usec): min=19611, max=28370, avg=25571.68, stdev=3146.87
     lat (usec): min=29453, max=39836, avg=36950.95, stdev=3989.49
    clat percentiles (usec):
     |  1.00th=[19530],  5.00th=[19530], 10.00th=[19530], 20.00th=[25297],
     | 30.00th=[25297], 40.00th=[25560], 50.00th=[25560], 60.00th=[26608],
     | 70.00th=[27657], 80.00th=[27657], 90.00th=[28443], 95.00th=[28443],
     | 99.00th=[28443], 99.50th=[28443], 99.90th=[28443], 99.95th=[28443],
     | 99.99th=[28443]
  lat (msec)   : 20=16.67%, 50=83.33%
  cpu          : usr=32.43%, sys=68.02%, ctx=2, majf=0, minf=6
  IO depths    : 1=100.0%, 2=0.0%, 4=0.0%, 8=0.0%, 16=0.0%, 32=0.0%, >=64=0.0%
     submit    : 0=0.0%, 4=100.0%, 8=0.0%, 16=0.0%, 32=0.0%, 64=0.0%, >=64=0.0%
     complete  : 0=0.0%, 4=100.0%, 8=0.0%, 16=0.0%, 32=0.0%, 64=0.0%, >=64=0.0%
     issued rwts: total=0,6,0,0 short=0,0,0,0 dropped=0,0,0,0
     latency   : target=0, window=0, percentile=100.00%, depth=1

Run status group 0 (all jobs):
  WRITE: bw=2691MiB/s (2821MB/s), 2691MiB/s-2691MiB/s (2821MB/s-2821MB/s), io=600MiB (629MB), run=223-223msec

Disk stats (read/write):
  nvme0n1: ios=0/4081, merge=0/63, ticks=0/1822, in_queue=1848, util=59.44%
