buffered-write: (g=0): rw=write, bs=(R) 4096B-4096B, (W) 4096B-4096B, (T) 4096B-4096B, ioengine=psync, iodepth=1
fio-3.33
Starting 1 process

buffered-write: (groupid=0, jobs=1): err= 0: pid=31359: Thu Aug 14 19:56:46 2025
  write: IOPS=189k, BW=740MiB/s (776MB/s)(512MiB/692msec); 0 zone resets
    clat (usec): min=3, max=370, avg= 4.80, stdev= 1.83
     lat (usec): min=3, max=370, avg= 4.89, stdev= 1.83
    clat percentiles (nsec):
     |  1.00th=[ 3952],  5.00th=[ 4192], 10.00th=[ 4256], 20.00th=[ 4384],
     | 30.00th=[ 4512], 40.00th=[ 4576], 50.00th=[ 4704], 60.00th=[ 4768],
     | 70.00th=[ 4896], 80.00th=[ 5088], 90.00th=[ 5216], 95.00th=[ 5472],
     | 99.00th=[ 6432], 99.50th=[ 7456], 99.90th=[21120], 99.95th=[28288],
     | 99.99th=[70144]
   bw (  KiB/s): min=753240, max=753240, per=99.42%, avg=753240.00, stdev= 0.00, samples=1
   iops        : min=188310, max=188310, avg=188310.00, stdev= 0.00, samples=1
  lat (usec)   : 4=1.36%, 10=98.38%, 20=0.15%, 50=0.09%, 100=0.02%
  lat (usec)   : 250=0.01%, 500=0.01%
  cpu          : usr=14.33%, sys=84.95%, ctx=136, majf=0, minf=6
  IO depths    : 1=100.0%, 2=0.0%, 4=0.0%, 8=0.0%, 16=0.0%, 32=0.0%, >=64=0.0%
     submit    : 0=0.0%, 4=100.0%, 8=0.0%, 16=0.0%, 32=0.0%, 64=0.0%, >=64=0.0%
     complete  : 0=0.0%, 4=100.0%, 8=0.0%, 16=0.0%, 32=0.0%, 64=0.0%, >=64=0.0%
     issued rwts: total=0,131072,0,0 short=0,0,0,0 dropped=0,0,0,0
     latency   : target=0, window=0, percentile=100.00%, depth=1

Run status group 0 (all jobs):
  WRITE: bw=740MiB/s (776MB/s), 740MiB/s-740MiB/s (776MB/s-776MB/s), io=512MiB (537MB), run=692-692msec

Disk stats (read/write):
  nvme0n1: ios=0/12781, merge=0/149, ticks=0/9692, in_queue=9743, util=88.77%
