buffered-read: (g=0): rw=read, bs=(R) 10.0MiB-10.0MiB, (W) 10.0MiB-10.0MiB, (T) 10.0MiB-10.0MiB, ioengine=psync, iodepth=1
fio-3.33
Starting 1 process

buffered-read: (groupid=0, jobs=1): err= 0: pid=4131: Mon Aug 11 19:49:49 2025
  read: IOPS=100, BW=1006MiB/s (1055MB/s)(1020MiB/1014msec)
    clat (usec): min=8794, max=11312, avg=9925.05, stdev=628.65
     lat (usec): min=8795, max=11312, avg=9925.66, stdev=628.63
    clat percentiles (usec):
     |  1.00th=[ 8848],  5.00th=[ 8979], 10.00th=[ 9241], 20.00th=[ 9372],
     | 30.00th=[ 9503], 40.00th=[ 9634], 50.00th=[ 9765], 60.00th=[ 9896],
     | 70.00th=[10159], 80.00th=[10683], 90.00th=[10945], 95.00th=[10945],
     | 99.00th=[11207], 99.50th=[11338], 99.90th=[11338], 99.95th=[11338],
     | 99.99th=[11338]
   bw (  KiB/s): min=983040, max=1064960, per=99.41%, avg=1024000.00, stdev=57926.19, samples=2
   iops        : min=   96, max=  104, avg=100.00, stdev= 5.66, samples=2
  lat (msec)   : 10=60.78%, 20=39.22%
  cpu          : usr=0.69%, sys=98.91%, ctx=52, majf=0, minf=646
  IO depths    : 1=100.0%, 2=0.0%, 4=0.0%, 8=0.0%, 16=0.0%, 32=0.0%, >=64=0.0%
     submit    : 0=0.0%, 4=100.0%, 8=0.0%, 16=0.0%, 32=0.0%, 64=0.0%, >=64=0.0%
     complete  : 0=0.0%, 4=100.0%, 8=0.0%, 16=0.0%, 32=0.0%, 64=0.0%, >=64=0.0%
     issued rwts: total=102,0,0,0 short=0,0,0,0 dropped=0,0,0,0
     latency   : target=0, window=0, percentile=100.00%, depth=1

Run status group 0 (all jobs):
   READ: bw=1006MiB/s (1055MB/s), 1006MiB/s-1006MiB/s (1055MB/s-1055MB/s), io=1020MiB (1070MB), run=1014-1014msec

Disk stats (read/write):
  nvme0n1: ios=32/0, merge=89/0, ticks=7/0, in_queue=7, util=0.00%
