buffered-write: (g=0): rw=write, bs=(R) 1024KiB-1024KiB, (W) 1024KiB-1024KiB, (T) 1024KiB-1024KiB, ioengine=psync, iodepth=1
fio-3.33
Starting 1 process

buffered-write: (groupid=0, jobs=1): err= 0: pid=4102: Mon Aug 11 19:15:17 2025
  write: IOPS=1595, BW=1595MiB/s (1672MB/s)(1024MiB/642msec); 0 zone resets
    clat (usec): min=407, max=918, avg=593.31, stdev=74.08
     lat (usec): min=422, max=1008, avg=610.59, stdev=75.22
    clat percentiles (usec):
     |  1.00th=[  420],  5.00th=[  441], 10.00th=[  469], 20.00th=[  523],
     | 30.00th=[  578], 40.00th=[  603], 50.00th=[  619], 60.00th=[  635],
     | 70.00th=[  635], 80.00th=[  644], 90.00th=[  660], 95.00th=[  676],
     | 99.00th=[  717], 99.50th=[  734], 99.90th=[  807], 99.95th=[  922],
     | 99.99th=[  922]
   bw (  MiB/s): min= 1598, max= 1598, per=100.00%, avg=1598.00, stdev= 0.00, samples=1
   iops        : min= 1598, max= 1598, avg=1598.00, stdev= 0.00, samples=1
  lat (usec)   : 500=16.60%, 750=83.01%, 1000=0.39%
  cpu          : usr=2.34%, sys=97.04%, ctx=39, majf=0, minf=6
  IO depths    : 1=100.0%, 2=0.0%, 4=0.0%, 8=0.0%, 16=0.0%, 32=0.0%, >=64=0.0%
     submit    : 0=0.0%, 4=100.0%, 8=0.0%, 16=0.0%, 32=0.0%, 64=0.0%, >=64=0.0%
     complete  : 0=0.0%, 4=100.0%, 8=0.0%, 16=0.0%, 32=0.0%, 64=0.0%, >=64=0.0%
     issued rwts: total=0,1024,0,0 short=0,0,0,0 dropped=0,0,0,0
     latency   : target=0, window=0, percentile=100.00%, depth=1

Run status group 0 (all jobs):
  WRITE: bw=1595MiB/s (1672MB/s), 1595MiB/s-1595MiB/s (1672MB/s-1672MB/s), io=1024MiB (1074MB), run=642-642msec

Disk stats (read/write):
  nvme0n1: ios=0/0, merge=0/0, ticks=0/0, in_queue=0, util=0.00%
