buffered-read: (g=0): rw=read, bs=(R) 1024MiB-1024MiB, (W) 1024MiB-1024MiB, (T) 1024MiB-1024MiB, ioengine=psync, iodepth=1
fio-3.33
Starting 1 process

buffered-read: (groupid=0, jobs=1): err= 0: pid=4433: Mon Aug 11 19:50:12 2025
  read: IOPS=0, BW=816MiB/s (856MB/s)(1024MiB/1255msec)
    clat (nsec): min=1254.7M, max=1254.7M, avg=1254748326.00, stdev= 0.00
     lat (nsec): min=1254.7M, max=1254.7M, avg=1254748993.00, stdev= 0.00
    clat percentiles (msec):
     |  1.00th=[ 1250],  5.00th=[ 1250], 10.00th=[ 1250], 20.00th=[ 1250],
     | 30.00th=[ 1250], 40.00th=[ 1250], 50.00th=[ 1250], 60.00th=[ 1250],
     | 70.00th=[ 1250], 80.00th=[ 1250], 90.00th=[ 1250], 95.00th=[ 1250],
     | 99.00th=[ 1250], 99.50th=[ 1250], 99.90th=[ 1250], 99.95th=[ 1250],
     | 99.99th=[ 1250]
  lat (msec)   : 2000=100.00%
  cpu          : usr=0.00%, sys=99.68%, ctx=57, majf=0, minf=65542
  IO depths    : 1=100.0%, 2=0.0%, 4=0.0%, 8=0.0%, 16=0.0%, 32=0.0%, >=64=0.0%
     submit    : 0=0.0%, 4=100.0%, 8=0.0%, 16=0.0%, 32=0.0%, 64=0.0%, >=64=0.0%
     complete  : 0=0.0%, 4=100.0%, 8=0.0%, 16=0.0%, 32=0.0%, 64=0.0%, >=64=0.0%
     issued rwts: total=1,0,0,0 short=0,0,0,0 dropped=0,0,0,0
     latency   : target=0, window=0, percentile=100.00%, depth=1

Run status group 0 (all jobs):
   READ: bw=816MiB/s (856MB/s), 816MiB/s-816MiB/s (856MB/s-856MB/s), io=1024MiB (1074MB), run=1255-1255msec

Disk stats (read/write):
  nvme0n1: ios=32/0, merge=89/0, ticks=8/0, in_queue=8, util=0.64%
