buffered-read: (g=0): rw=read, bs=(R) 128KiB-128KiB, (W) 128KiB-128KiB, (T) 128KiB-128KiB, ioengine=psync, iodepth=1
fio-3.33
Starting 1 process

buffered-read: (groupid=0, jobs=1): err= 0: pid=3473: Fri Aug 15 06:57:57 2025
  read: IOPS=3175, BW=397MiB/s (416MB/s)(512MiB/1290msec)
    clat (usec): min=70, max=679, avg=314.09, stdev=61.88
     lat (usec): min=70, max=679, avg=314.18, stdev=61.89
    clat percentiles (usec):
     |  1.00th=[   78],  5.00th=[  310], 10.00th=[  314], 20.00th=[  314],
     | 30.00th=[  314], 40.00th=[  314], 50.00th=[  314], 60.00th=[  314],
     | 70.00th=[  314], 80.00th=[  314], 90.00th=[  314], 95.00th=[  404],
     | 99.00th=[  545], 99.50th=[  553], 99.90th=[  553], 99.95th=[  586],
     | 99.99th=[  676]
   bw (  KiB/s): min=406272, max=406528, per=99.99%, avg=406400.00, stdev=181.02, samples=2
   iops        : min= 3174, max= 3176, avg=3175.00, stdev= 1.41, samples=2
  lat (usec)   : 100=2.39%, 250=2.20%, 500=92.87%, 750=2.54%
  cpu          : usr=0.70%, sys=8.84%, ctx=4105, majf=0, minf=13
  IO depths    : 1=100.0%, 2=0.0%, 4=0.0%, 8=0.0%, 16=0.0%, 32=0.0%, >=64=0.0%
     submit    : 0=0.0%, 4=100.0%, 8=0.0%, 16=0.0%, 32=0.0%, 64=0.0%, >=64=0.0%
     complete  : 0=0.0%, 4=100.0%, 8=0.0%, 16=0.0%, 32=0.0%, 64=0.0%, >=64=0.0%
     issued rwts: total=4096,0,0,0 short=0,0,0,0 dropped=0,0,0,0
     latency   : target=0, window=0, percentile=100.00%, depth=1

Run status group 0 (all jobs):
   READ: bw=397MiB/s (416MB/s), 397MiB/s-397MiB/s (416MB/s-416MB/s), io=512MiB (537MB), run=1290-1290msec

Disk stats (read/write):
  nvme0n1: ios=3667/0, merge=89/0, ticks=2209/0, in_queue=2208, util=82.69%
