buffered-read: (g=0): rw=read, bs=(R) 4096B-4096B, (W) 4096B-4096B, (T) 4096B-4096B, ioengine=psync, iodepth=1
fio-3.33
Starting 1 process

buffered-read: (groupid=0, jobs=1): err= 0: pid=4634: Mon Aug 11 19:50:27 2025
  read: IOPS=344k, BW=1342MiB/s (1407MB/s)(1024MiB/763msec)
    clat (nsec): min=629, max=511073, avg=2580.51, stdev=13762.01
     lat (nsec): min=685, max=511128, avg=2631.33, stdev=13762.14
    clat percentiles (nsec):
     |  1.00th=[   652],  5.00th=[   652], 10.00th=[   652], 20.00th=[   668],
     | 30.00th=[   668], 40.00th=[   668], 50.00th=[   668], 60.00th=[   684],
     | 70.00th=[   740], 80.00th=[  1020], 90.00th=[  1544], 95.00th=[  2008],
     | 99.00th=[105984], 99.50th=[114176], 99.90th=[132096], 99.95th=[146432],
     | 99.99th=[181248]
   bw (  MiB/s): min= 1324, max= 1324, per=98.68%, avg=1324.38, stdev= 0.00, samples=1
   iops        : min=339042, max=339042, avg=339042.00, stdev= 0.00, samples=1
  lat (nsec)   : 750=70.56%, 1000=8.79%
  lat (usec)   : 2=15.61%, 4=3.29%, 10=0.17%, 20=0.01%, 50=0.01%
  lat (usec)   : 100=0.34%, 250=1.22%, 500=0.01%, 750=0.01%
  cpu          : usr=14.04%, sys=85.70%, ctx=44, majf=0, minf=6
  IO depths    : 1=100.0%, 2=0.0%, 4=0.0%, 8=0.0%, 16=0.0%, 32=0.0%, >=64=0.0%
     submit    : 0=0.0%, 4=100.0%, 8=0.0%, 16=0.0%, 32=0.0%, 64=0.0%, >=64=0.0%
     complete  : 0=0.0%, 4=100.0%, 8=0.0%, 16=0.0%, 32=0.0%, 64=0.0%, >=64=0.0%
     issued rwts: total=262144,0,0,0 short=0,0,0,0 dropped=0,0,0,0
     latency   : target=0, window=0, percentile=100.00%, depth=1

Run status group 0 (all jobs):
   READ: bw=1342MiB/s (1407MB/s), 1342MiB/s-1342MiB/s (1407MB/s-1407MB/s), io=1024MiB (1074MB), run=763-763msec

Disk stats (read/write):
  nvme0n1: ios=30/0, merge=89/0, ticks=7/0, in_queue=7, util=0.00%
