buffered-write: (g=0): rw=write, bs=(R) 4096B-4096B, (W) 4096B-4096B, (T) 4096B-4096B, ioengine=psync, iodepth=1
fio-3.33
Starting 1 process

buffered-write: (groupid=0, jobs=1): err= 0: pid=5222: Mon Aug 11 19:16:11 2025
  write: IOPS=269k, BW=1051MiB/s (1102MB/s)(1024MiB/974msec); 0 zone resets
    clat (nsec): min=1963, max=73612, avg=3264.38, stdev=662.45
     lat (nsec): min=2055, max=73705, avg=3358.82, stdev=667.18
    clat percentiles (nsec):
     |  1.00th=[ 2320],  5.00th=[ 2512], 10.00th=[ 2640], 20.00th=[ 2800],
     | 30.00th=[ 2992], 40.00th=[ 3120], 50.00th=[ 3248], 60.00th=[ 3376],
     | 70.00th=[ 3504], 80.00th=[ 3664], 90.00th=[ 3856], 95.00th=[ 4016],
     | 99.00th=[ 4384], 99.50th=[ 4640], 99.90th=[ 6752], 99.95th=[10048],
     | 99.99th=[20608]
   bw (  KiB/s): min=1016704, max=1016704, per=94.44%, avg=1016704.00, stdev= 0.00, samples=1
   iops        : min=254178, max=254178, avg=254178.00, stdev= 0.00, samples=1
  lat (usec)   : 2=0.01%, 4=94.22%, 10=5.73%, 20=0.04%, 50=0.01%
  lat (usec)   : 100=0.01%
  cpu          : usr=13.05%, sys=86.64%, ctx=22, majf=0, minf=7
  IO depths    : 1=100.0%, 2=0.0%, 4=0.0%, 8=0.0%, 16=0.0%, 32=0.0%, >=64=0.0%
     submit    : 0=0.0%, 4=100.0%, 8=0.0%, 16=0.0%, 32=0.0%, 64=0.0%, >=64=0.0%
     complete  : 0=0.0%, 4=100.0%, 8=0.0%, 16=0.0%, 32=0.0%, 64=0.0%, >=64=0.0%
     issued rwts: total=0,262144,0,0 short=0,0,0,0 dropped=0,0,0,0
     latency   : target=0, window=0, percentile=100.00%, depth=1

Run status group 0 (all jobs):
  WRITE: bw=1051MiB/s (1102MB/s), 1051MiB/s-1051MiB/s (1102MB/s-1102MB/s), io=1024MiB (1074MB), run=974-974msec

Disk stats (read/write):
  nvme0n1: ios=0/0, merge=0/0, ticks=0/0, in_queue=0, util=0.00%
