buffered-write: (g=0): rw=write, bs=(R) 1024MiB-1024MiB, (W) 1024MiB-1024MiB, (T) 1024MiB-1024MiB, ioengine=psync, iodepth=1
fio-3.33
Starting 1 process

buffered-write: (groupid=0, jobs=1): err= 0: pid=5039: Mon Aug 11 19:16:00 2025
  write: IOPS=1, BW=1486MiB/s (1558MB/s)(1024MiB/689msec); 0 zone resets
    clat (nsec): min=574036k, max=574036k, avg=574035996.00, stdev= 0.00
     lat (nsec): min=675202k, max=675202k, avg=675202091.00, stdev= 0.00
    clat percentiles (msec):
     |  1.00th=[  575],  5.00th=[  575], 10.00th=[  575], 20.00th=[  575],
     | 30.00th=[  575], 40.00th=[  575], 50.00th=[  575], 60.00th=[  575],
     | 70.00th=[  575], 80.00th=[  575], 90.00th=[  575], 95.00th=[  575],
     | 99.00th=[  575], 99.50th=[  575], 99.90th=[  575], 99.95th=[  575],
     | 99.99th=[  575]
  lat (msec)   : 750=100.00%
  cpu          : usr=15.12%, sys=84.74%, ctx=11, majf=0, minf=6
  IO depths    : 1=100.0%, 2=0.0%, 4=0.0%, 8=0.0%, 16=0.0%, 32=0.0%, >=64=0.0%
     submit    : 0=0.0%, 4=100.0%, 8=0.0%, 16=0.0%, 32=0.0%, 64=0.0%, >=64=0.0%
     complete  : 0=0.0%, 4=100.0%, 8=0.0%, 16=0.0%, 32=0.0%, 64=0.0%, >=64=0.0%
     issued rwts: total=0,1,0,0 short=0,0,0,0 dropped=0,0,0,0
     latency   : target=0, window=0, percentile=100.00%, depth=1

Run status group 0 (all jobs):
  WRITE: bw=1486MiB/s (1558MB/s), 1486MiB/s-1486MiB/s (1558MB/s-1558MB/s), io=1024MiB (1074MB), run=689-689msec

Disk stats (read/write):
  nvme0n1: ios=0/0, merge=0/0, ticks=0/0, in_queue=0, util=0.00%
