buffered-read: (g=0): rw=read, bs=(R) 100MiB-100MiB, (W) 100MiB-100MiB, (T) 100MiB-100MiB, ioengine=psync, iodepth=1
fio-3.33
Starting 1 process

buffered-read: (groupid=0, jobs=1): err= 0: pid=4211: Mon Aug 11 19:49:55 2025
  read: IOPS=9, BW=979MiB/s (1027MB/s)(1000MiB/1021msec)
    clat (msec): min=87, max=130, avg=102.06, stdev=13.10
     lat (msec): min=87, max=130, avg=102.06, stdev=13.10
    clat percentiles (msec):
     |  1.00th=[   88],  5.00th=[   88], 10.00th=[   88], 20.00th=[   90],
     | 30.00th=[   93], 40.00th=[   95], 50.00th=[   97], 60.00th=[  101],
     | 70.00th=[  106], 80.00th=[  110], 90.00th=[  114], 95.00th=[  131],
     | 99.00th=[  131], 99.50th=[  131], 99.90th=[  131], 99.95th=[  131],
     | 99.99th=[  131]
   bw (  KiB/s): min=817564, max=1024000, per=91.81%, avg=920782.00, stdev=145972.30, samples=2
   iops        : min=    7, max=   10, avg= 8.50, stdev= 2.12, samples=2
  lat (msec)   : 100=50.00%, 250=50.00%
  cpu          : usr=0.00%, sys=99.41%, ctx=44, majf=0, minf=6406
  IO depths    : 1=100.0%, 2=0.0%, 4=0.0%, 8=0.0%, 16=0.0%, 32=0.0%, >=64=0.0%
     submit    : 0=0.0%, 4=100.0%, 8=0.0%, 16=0.0%, 32=0.0%, 64=0.0%, >=64=0.0%
     complete  : 0=0.0%, 4=100.0%, 8=0.0%, 16=0.0%, 32=0.0%, 64=0.0%, >=64=0.0%
     issued rwts: total=10,0,0,0 short=0,0,0,0 dropped=0,0,0,0
     latency   : target=0, window=0, percentile=100.00%, depth=1

Run status group 0 (all jobs):
   READ: bw=979MiB/s (1027MB/s), 979MiB/s-979MiB/s (1027MB/s-1027MB/s), io=1000MiB (1049MB), run=1021-1021msec

Disk stats (read/write):
  nvme0n1: ios=31/0, merge=89/0, ticks=7/0, in_queue=7, util=0.40%
