buffered-write: (g=0): rw=write, bs=(R) 1024KiB-1024KiB, (W) 1024KiB-1024KiB, (T) 1024KiB-1024KiB, ioengine=psync, iodepth=1
fio-3.33
Starting 1 process

buffered-write: (groupid=0, jobs=1): err= 0: pid=3704: Fri Aug 15 07:03:05 2025
  write: IOPS=1422, BW=1422MiB/s (1491MB/s)(512MiB/360msec); 0 zone resets
    clat (usec): min=467, max=807, avg=677.05, stdev=40.34
     lat (usec): min=485, max=831, avg=699.49, stdev=40.80
    clat percentiles (usec):
     |  1.00th=[  529],  5.00th=[  611], 10.00th=[  627], 20.00th=[  652],
     | 30.00th=[  668], 40.00th=[  676], 50.00th=[  685], 60.00th=[  693],
     | 70.00th=[  693], 80.00th=[  701], 90.00th=[  717], 95.00th=[  725],
     | 99.00th=[  775], 99.50th=[  799], 99.90th=[  807], 99.95th=[  807],
     | 99.99th=[  807]
  lat (usec)   : 500=0.98%, 750=97.27%, 1000=1.76%
  cpu          : usr=5.29%, sys=94.43%, ctx=12, majf=0, minf=6
  IO depths    : 1=100.0%, 2=0.0%, 4=0.0%, 8=0.0%, 16=0.0%, 32=0.0%, >=64=0.0%
     submit    : 0=0.0%, 4=100.0%, 8=0.0%, 16=0.0%, 32=0.0%, 64=0.0%, >=64=0.0%
     complete  : 0=0.0%, 4=100.0%, 8=0.0%, 16=0.0%, 32=0.0%, 64=0.0%, >=64=0.0%
     issued rwts: total=0,512,0,0 short=0,0,0,0 dropped=0,0,0,0
     latency   : target=0, window=0, percentile=100.00%, depth=1

Run status group 0 (all jobs):
  WRITE: bw=1422MiB/s (1491MB/s), 1422MiB/s-1422MiB/s (1491MB/s-1491MB/s), io=512MiB (537MB), run=360-360msec

Disk stats (read/write):
  nvme0n1: ios=0/0, merge=0/0, ticks=0/0, in_queue=0, util=0.00%
