buffered-write: (g=0): rw=write, bs=(R) 100MiB-100MiB, (W) 100MiB-100MiB, (T) 100MiB-100MiB, ioengine=psync, iodepth=1
fio-3.33
Starting 1 process

buffered-write: (groupid=0, jobs=1): err= 0: pid=4649: Mon Aug 11 19:15:38 2025
  write: IOPS=11, BW=1192MiB/s (1250MB/s)(1000MiB/839msec); 0 zone resets
    clat (usec): min=68116, max=77207, avg=72052.55, stdev=2813.86
     lat (usec): min=77754, max=90793, avg=82543.27, stdev=3911.33
    clat percentiles (usec):
     |  1.00th=[67634],  5.00th=[67634], 10.00th=[67634], 20.00th=[68682],
     | 30.00th=[70779], 40.00th=[70779], 50.00th=[71828], 60.00th=[72877],
     | 70.00th=[73925], 80.00th=[73925], 90.00th=[73925], 95.00th=[77071],
     | 99.00th=[77071], 99.50th=[77071], 99.90th=[77071], 99.95th=[77071],
     | 99.99th=[77071]
   bw (  KiB/s): min=1024000, max=1024000, per=83.90%, avg=1024000.00, stdev= 0.00, samples=1
   iops        : min=   10, max=   10, avg=10.00, stdev= 0.00, samples=1
  lat (msec)   : 100=100.00%
  cpu          : usr=11.81%, sys=88.07%, ctx=24, majf=0, minf=6
  IO depths    : 1=100.0%, 2=0.0%, 4=0.0%, 8=0.0%, 16=0.0%, 32=0.0%, >=64=0.0%
     submit    : 0=0.0%, 4=100.0%, 8=0.0%, 16=0.0%, 32=0.0%, 64=0.0%, >=64=0.0%
     complete  : 0=0.0%, 4=100.0%, 8=0.0%, 16=0.0%, 32=0.0%, 64=0.0%, >=64=0.0%
     issued rwts: total=0,10,0,0 short=0,0,0,0 dropped=0,0,0,0
     latency   : target=0, window=0, percentile=100.00%, depth=1

Run status group 0 (all jobs):
  WRITE: bw=1192MiB/s (1250MB/s), 1192MiB/s-1192MiB/s (1250MB/s-1250MB/s), io=1000MiB (1049MB), run=839-839msec

Disk stats (read/write):
  nvme0n1: ios=0/0, merge=0/0, ticks=0/0, in_queue=0, util=0.00%
