buffered-write: (g=0): rw=write, bs=(R) 4096B-4096B, (W) 4096B-4096B, (T) 4096B-4096B, ioengine=psync, iodepth=1
fio-3.33
Starting 1 process

buffered-write: (groupid=0, jobs=1): err= 0: pid=4198: Fri Aug 15 07:03:33 2025
  write: IOPS=167k, BW=651MiB/s (682MB/s)(512MiB/787msec); 0 zone resets
    clat (nsec): min=3870, max=98112, avg=5611.25, stdev=606.33
     lat (nsec): min=3944, max=98186, avg=5686.40, stdev=606.87
    clat percentiles (nsec):
     |  1.00th=[ 4640],  5.00th=[ 4896], 10.00th=[ 5088], 20.00th=[ 5216],
     | 30.00th=[ 5344], 40.00th=[ 5472], 50.00th=[ 5600], 60.00th=[ 5728],
     | 70.00th=[ 5856], 80.00th=[ 5984], 90.00th=[ 6112], 95.00th=[ 6240],
     | 99.00th=[ 6496], 99.50th=[ 6624], 99.90th=[ 9920], 99.95th=[11584],
     | 99.99th=[16768]
   bw (  KiB/s): min=679976, max=679976, per=100.00%, avg=679976.00, stdev= 0.00, samples=1
   iops        : min=169994, max=169994, avg=169994.00, stdev= 0.00, samples=1
  lat (usec)   : 4=0.01%, 10=99.90%, 20=0.09%, 50=0.01%, 100=0.01%
  cpu          : usr=10.05%, sys=89.57%, ctx=13, majf=0, minf=6
  IO depths    : 1=100.0%, 2=0.0%, 4=0.0%, 8=0.0%, 16=0.0%, 32=0.0%, >=64=0.0%
     submit    : 0=0.0%, 4=100.0%, 8=0.0%, 16=0.0%, 32=0.0%, 64=0.0%, >=64=0.0%
     complete  : 0=0.0%, 4=100.0%, 8=0.0%, 16=0.0%, 32=0.0%, 64=0.0%, >=64=0.0%
     issued rwts: total=0,131072,0,0 short=0,0,0,0 dropped=0,0,0,0
     latency   : target=0, window=0, percentile=100.00%, depth=1

Run status group 0 (all jobs):
  WRITE: bw=651MiB/s (682MB/s), 651MiB/s-651MiB/s (682MB/s-682MB/s), io=512MiB (537MB), run=787-787msec

Disk stats (read/write):
  nvme0n1: ios=0/0, merge=0/0, ticks=0/0, in_queue=0, util=0.00%
