buffered-write: (g=0): rw=write, bs=(R) 100MiB-100MiB, (W) 100MiB-100MiB, (T) 100MiB-100MiB, ioengine=psync, iodepth=1
fio-3.33
Starting 1 process

buffered-write: (groupid=0, jobs=1): err= 0: pid=3932: Fri Aug 15 07:03:19 2025
  write: IOPS=13, BW=1319MiB/s (1383MB/s)(500MiB/379msec); 0 zone resets
    clat (usec): min=62102, max=69529, avg=65460.69, stdev=3055.58
     lat (usec): min=69047, max=80841, avg=75653.66, stdev=4706.04
    clat percentiles (usec):
     |  1.00th=[62129],  5.00th=[62129], 10.00th=[62129], 20.00th=[62129],
     | 30.00th=[62653], 40.00th=[62653], 50.00th=[65799], 60.00th=[65799],
     | 70.00th=[66847], 80.00th=[66847], 90.00th=[69731], 95.00th=[69731],
     | 99.00th=[69731], 99.50th=[69731], 99.90th=[69731], 99.95th=[69731],
     | 99.99th=[69731]
  lat (msec)   : 100=100.00%
  cpu          : usr=15.08%, sys=84.92%, ctx=13, majf=0, minf=6
  IO depths    : 1=100.0%, 2=0.0%, 4=0.0%, 8=0.0%, 16=0.0%, 32=0.0%, >=64=0.0%
     submit    : 0=0.0%, 4=100.0%, 8=0.0%, 16=0.0%, 32=0.0%, 64=0.0%, >=64=0.0%
     complete  : 0=0.0%, 4=100.0%, 8=0.0%, 16=0.0%, 32=0.0%, 64=0.0%, >=64=0.0%
     issued rwts: total=0,5,0,0 short=0,0,0,0 dropped=0,0,0,0
     latency   : target=0, window=0, percentile=100.00%, depth=1

Run status group 0 (all jobs):
  WRITE: bw=1319MiB/s (1383MB/s), 1319MiB/s-1319MiB/s (1383MB/s-1383MB/s), io=500MiB (524MB), run=379-379msec

Disk stats (read/write):
  nvme0n1: ios=0/0, merge=0/0, ticks=0/0, in_queue=0, util=0.00%
