buffered-read: (g=0): rw=read, bs=(R) 4096B-4096B, (W) 4096B-4096B, (T) 4096B-4096B, ioengine=psync, iodepth=1
fio-3.33
Starting 1 process

buffered-read: (groupid=0, jobs=1): err= 0: pid=3272: Thu Aug 14 22:45:22 2025
  read: IOPS=102k, BW=398MiB/s (417MB/s)(512MiB/1288msec)
    clat (nsec): min=629, max=1103.5k, avg=9498.16, stdev=70623.14
     lat (nsec): min=685, max=1103.5k, avg=9548.79, stdev=70623.07
    clat percentiles (nsec):
     |  1.00th=[    652],  5.00th=[    668], 10.00th=[    668],
     | 20.00th=[    668], 30.00th=[    684], 40.00th=[    684],
     | 50.00th=[    740], 60.00th=[    836], 70.00th=[    852],
     | 80.00th=[    892], 90.00th=[   1080], 95.00th=[   1128],
     | 99.00th=[ 552960], 99.50th=[ 561152], 99.90th=[ 626688],
     | 99.95th=[ 856064], 99.99th=[1028096]
   bw (  KiB/s): min=406976, max=407552, per=100.00%, avg=407264.00, stdev=407.29, samples=2
   iops        : min=101744, max=101888, avg=101816.00, stdev=101.82, samples=2
  lat (nsec)   : 750=50.58%, 1000=34.31%
  lat (usec)   : 2=13.48%, 4=0.03%, 10=0.04%, 20=0.01%, 50=0.01%
  lat (usec)   : 100=0.03%, 250=0.03%, 500=0.03%, 750=1.40%, 1000=0.06%
  lat (msec)   : 2=0.02%
  cpu          : usr=4.82%, sys=9.71%, ctx=2049, majf=0, minf=6
  IO depths    : 1=100.0%, 2=0.0%, 4=0.0%, 8=0.0%, 16=0.0%, 32=0.0%, >=64=0.0%
     submit    : 0=0.0%, 4=100.0%, 8=0.0%, 16=0.0%, 32=0.0%, 64=0.0%, >=64=0.0%
     complete  : 0=0.0%, 4=100.0%, 8=0.0%, 16=0.0%, 32=0.0%, 64=0.0%, >=64=0.0%
     issued rwts: total=131072,0,0,0 short=0,0,0,0 dropped=0,0,0,0
     latency   : target=0, window=0, percentile=100.00%, depth=1

Run status group 0 (all jobs):
   READ: bw=398MiB/s (417MB/s), 398MiB/s-398MiB/s (417MB/s-417MB/s), io=512MiB (537MB), run=1288-1288msec

Disk stats (read/write):
  nvme0n1: ios=3656/0, merge=0/0, ticks=3717/0, in_queue=3717, util=78.85%
