buffered-read: (g=0): rw=read, bs=(R) 128KiB-128KiB, (W) 128KiB-128KiB, (T) 128KiB-128KiB, ioengine=psync, iodepth=1
fio-3.33
Starting 1 process

buffered-read: (groupid=0, jobs=1): err= 0: pid=3437: Thu Aug 14 22:45:36 2025
  read: IOPS=3129, BW=391MiB/s (410MB/s)(512MiB/1309msec)
    clat (usec): min=10, max=9967, avg=318.85, stdev=406.04
     lat (usec): min=10, max=9967, avg=318.92, stdev=406.02
    clat percentiles (usec):
     |  1.00th=[   11],  5.00th=[   12], 10.00th=[   12], 20.00th=[   13],
     | 30.00th=[   14], 40.00th=[   15], 50.00th=[   61], 60.00th=[  400],
     | 70.00th=[  586], 80.00th=[  693], 90.00th=[  824], 95.00th=[  930],
     | 99.00th=[ 1045], 99.50th=[ 1090], 99.90th=[ 1237], 99.95th=[ 1467],
     | 99.99th=[10028]
   bw (  KiB/s): min=406016, max=407552, per=100.00%, avg=406784.00, stdev=1086.12, samples=2
   iops        : min= 3172, max= 3184, avg=3178.00, stdev= 8.49, samples=2
  lat (usec)   : 20=49.73%, 50=0.24%, 100=0.51%, 250=4.57%, 500=8.54%
  lat (usec)   : 750=21.88%, 1000=12.26%
  lat (msec)   : 2=2.22%, 10=0.05%
  cpu          : usr=0.00%, sys=7.26%, ctx=2052, majf=0, minf=13
  IO depths    : 1=100.0%, 2=0.0%, 4=0.0%, 8=0.0%, 16=0.0%, 32=0.0%, >=64=0.0%
     submit    : 0=0.0%, 4=100.0%, 8=0.0%, 16=0.0%, 32=0.0%, 64=0.0%, >=64=0.0%
     complete  : 0=0.0%, 4=100.0%, 8=0.0%, 16=0.0%, 32=0.0%, 64=0.0%, >=64=0.0%
     issued rwts: total=4096,0,0,0 short=0,0,0,0 dropped=0,0,0,0
     latency   : target=0, window=0, percentile=100.00%, depth=1

Run status group 0 (all jobs):
   READ: bw=391MiB/s (410MB/s), 391MiB/s-391MiB/s (410MB/s-410MB/s), io=512MiB (537MB), run=1309-1309msec

Disk stats (read/write):
  nvme0n1: ios=3605/39, merge=114/9, ticks=3903/68, in_queue=3993, util=88.14%
