buffered-write: (g=0): rw=write, bs=(R) 1024KiB-1024KiB, (W) 1024KiB-1024KiB, (T) 1024KiB-1024KiB, ioengine=psync, iodepth=1
fio-3.33
Starting 1 process

buffered-write: (groupid=0, jobs=1): err= 0: pid=4337: Mon Aug 11 19:15:25 2025
  write: IOPS=1646, BW=1646MiB/s (1726MB/s)(1024MiB/622msec); 0 zone resets
    clat (usec): min=400, max=960, avg=574.73, stdev=67.25
     lat (usec): min=414, max=1061, avg=592.07, stdev=68.51
    clat percentiles (usec):
     |  1.00th=[  412],  5.00th=[  429], 10.00th=[  465], 20.00th=[  515],
     | 30.00th=[  553], 40.00th=[  586], 50.00th=[  603], 60.00th=[  611],
     | 70.00th=[  619], 80.00th=[  627], 90.00th=[  635], 95.00th=[  652],
     | 99.00th=[  668], 99.50th=[  676], 99.90th=[  766], 99.95th=[  963],
     | 99.99th=[  963]
   bw (  MiB/s): min= 1654, max= 1654, per=100.00%, avg=1654.00, stdev= 0.00, samples=1
   iops        : min= 1654, max= 1654, avg=1654.00, stdev= 0.00, samples=1
  lat (usec)   : 500=18.07%, 750=81.74%, 1000=0.20%
  cpu          : usr=1.77%, sys=97.75%, ctx=10, majf=0, minf=6
  IO depths    : 1=100.0%, 2=0.0%, 4=0.0%, 8=0.0%, 16=0.0%, 32=0.0%, >=64=0.0%
     submit    : 0=0.0%, 4=100.0%, 8=0.0%, 16=0.0%, 32=0.0%, 64=0.0%, >=64=0.0%
     complete  : 0=0.0%, 4=100.0%, 8=0.0%, 16=0.0%, 32=0.0%, 64=0.0%, >=64=0.0%
     issued rwts: total=0,1024,0,0 short=0,0,0,0 dropped=0,0,0,0
     latency   : target=0, window=0, percentile=100.00%, depth=1

Run status group 0 (all jobs):
  WRITE: bw=1646MiB/s (1726MB/s), 1646MiB/s-1646MiB/s (1726MB/s-1726MB/s), io=1024MiB (1074MB), run=622-622msec

Disk stats (read/write):
  nvme0n1: ios=0/0, merge=0/0, ticks=0/0, in_queue=0, util=0.00%
