buffered-write: (g=0): rw=write, bs=(R) 128KiB-128KiB, (W) 128KiB-128KiB, (T) 128KiB-128KiB, ioengine=psync, iodepth=1
fio-3.33
Starting 1 process

buffered-write: (groupid=0, jobs=1): err= 0: pid=5586: Mon Aug 11 19:16:26 2025
  write: IOPS=13.0k, BW=1628MiB/s (1707MB/s)(1024MiB/629msec); 0 zone resets
    clat (usec): min=46, max=288, avg=73.64, stdev=10.92
     lat (usec): min=47, max=289, avg=74.47, stdev=10.95
    clat percentiles (usec):
     |  1.00th=[   52],  5.00th=[   56], 10.00th=[   59], 20.00th=[   65],
     | 30.00th=[   71], 40.00th=[   75], 50.00th=[   77], 60.00th=[   78],
     | 70.00th=[   79], 80.00th=[   81], 90.00th=[   84], 95.00th=[   87],
     | 99.00th=[   99], 99.50th=[  112], 99.90th=[  151], 99.95th=[  180],
     | 99.99th=[  289]
   bw (  MiB/s): min= 1620, max= 1620, per=99.56%, avg=1620.75, stdev= 0.00, samples=1
   iops        : min=12966, max=12966, avg=12966.00, stdev= 0.00, samples=1
  lat (usec)   : 50=0.24%, 100=98.88%, 250=0.85%, 500=0.02%
  cpu          : usr=3.03%, sys=96.50%, ctx=21, majf=0, minf=6
  IO depths    : 1=100.0%, 2=0.0%, 4=0.0%, 8=0.0%, 16=0.0%, 32=0.0%, >=64=0.0%
     submit    : 0=0.0%, 4=100.0%, 8=0.0%, 16=0.0%, 32=0.0%, 64=0.0%, >=64=0.0%
     complete  : 0=0.0%, 4=100.0%, 8=0.0%, 16=0.0%, 32=0.0%, 64=0.0%, >=64=0.0%
     issued rwts: total=0,8192,0,0 short=0,0,0,0 dropped=0,0,0,0
     latency   : target=0, window=0, percentile=100.00%, depth=1

Run status group 0 (all jobs):
  WRITE: bw=1628MiB/s (1707MB/s), 1628MiB/s-1628MiB/s (1707MB/s-1707MB/s), io=1024MiB (1074MB), run=629-629msec

Disk stats (read/write):
  nvme0n1: ios=0/0, merge=0/0, ticks=0/0, in_queue=0, util=0.00%
