buffered-read: (g=0): rw=read, bs=(R) 1024KiB-1024KiB, (W) 1024KiB-1024KiB, (T) 1024KiB-1024KiB, ioengine=psync, iodepth=1
fio-3.33
Starting 1 process

buffered-read: (groupid=0, jobs=1): err= 0: pid=2496: Thu Aug 14 22:44:01 2025
  read: IOPS=397, BW=397MiB/s (417MB/s)(512MiB/1289msec)
    clat (usec): min=2029, max=3192, avg=2513.33, stdev=110.80
     lat (usec): min=2029, max=3193, avg=2513.58, stdev=110.80
    clat percentiles (usec):
     |  1.00th=[ 2114],  5.00th=[ 2343], 10.00th=[ 2507], 20.00th=[ 2507],
     | 30.00th=[ 2507], 40.00th=[ 2507], 50.00th=[ 2507], 60.00th=[ 2507],
     | 70.00th=[ 2507], 80.00th=[ 2507], 90.00th=[ 2540], 95.00th=[ 2704],
     | 99.00th=[ 2868], 99.50th=[ 2999], 99.90th=[ 3195], 99.95th=[ 3195],
     | 99.99th=[ 3195]
   bw (  KiB/s): min=405504, max=407552, per=99.95%, avg=406528.00, stdev=1448.15, samples=2
   iops        : min=  396, max=  398, avg=397.00, stdev= 1.41, samples=2
  lat (msec)   : 4=100.00%
  cpu          : usr=0.39%, sys=8.07%, ctx=2048, majf=0, minf=70
  IO depths    : 1=100.0%, 2=0.0%, 4=0.0%, 8=0.0%, 16=0.0%, 32=0.0%, >=64=0.0%
     submit    : 0=0.0%, 4=100.0%, 8=0.0%, 16=0.0%, 32=0.0%, 64=0.0%, >=64=0.0%
     complete  : 0=0.0%, 4=100.0%, 8=0.0%, 16=0.0%, 32=0.0%, 64=0.0%, >=64=0.0%
     issued rwts: total=512,0,0,0 short=0,0,0,0 dropped=0,0,0,0
     latency   : target=0, window=0, percentile=100.00%, depth=1

Run status group 0 (all jobs):
   READ: bw=397MiB/s (417MB/s), 397MiB/s-397MiB/s (417MB/s-417MB/s), io=512MiB (537MB), run=1289-1289msec

Disk stats (read/write):
  nvme0n1: ios=3665/0, merge=89/0, ticks=3876/0, in_queue=3875, util=85.90%
