buffered-write: (g=0): rw=write, bs=(R) 128KiB-128KiB, (W) 128KiB-128KiB, (T) 128KiB-128KiB, ioengine=psync, iodepth=1
fio-3.33
Starting 1 process

buffered-write: (groupid=0, jobs=1): err= 0: pid=5560: Mon Aug 11 19:16:25 2025
  write: IOPS=12.4k, BW=1549MiB/s (1624MB/s)(1024MiB/661msec); 0 zone resets
    clat (usec): min=50, max=287, avg=77.34, stdev=11.23
     lat (usec): min=51, max=288, avg=78.16, stdev=11.25
    clat percentiles (usec):
     |  1.00th=[   55],  5.00th=[   58], 10.00th=[   62], 20.00th=[   69],
     | 30.00th=[   74], 40.00th=[   78], 50.00th=[   81], 60.00th=[   82],
     | 70.00th=[   84], 80.00th=[   86], 90.00th=[   88], 95.00th=[   90],
     | 99.00th=[  101], 99.50th=[  109], 99.90th=[  141], 99.95th=[  212],
     | 99.99th=[  289]
   bw (  MiB/s): min= 1536, max= 1536, per=99.15%, avg=1536.00, stdev= 0.00, samples=1
   iops        : min=12288, max=12288, avg=12288.00, stdev= 0.00, samples=1
  lat (usec)   : 100=98.91%, 250=1.07%, 500=0.01%
  cpu          : usr=2.27%, sys=97.27%, ctx=20, majf=0, minf=6
  IO depths    : 1=100.0%, 2=0.0%, 4=0.0%, 8=0.0%, 16=0.0%, 32=0.0%, >=64=0.0%
     submit    : 0=0.0%, 4=100.0%, 8=0.0%, 16=0.0%, 32=0.0%, 64=0.0%, >=64=0.0%
     complete  : 0=0.0%, 4=100.0%, 8=0.0%, 16=0.0%, 32=0.0%, 64=0.0%, >=64=0.0%
     issued rwts: total=0,8192,0,0 short=0,0,0,0 dropped=0,0,0,0
     latency   : target=0, window=0, percentile=100.00%, depth=1

Run status group 0 (all jobs):
  WRITE: bw=1549MiB/s (1624MB/s), 1549MiB/s-1549MiB/s (1624MB/s-1624MB/s), io=1024MiB (1074MB), run=661-661msec

Disk stats (read/write):
  nvme0n1: ios=0/0, merge=0/0, ticks=0/0, in_queue=0, util=0.00%
