buffered-write: (g=0): rw=write, bs=(R) 10.0MiB-10.0MiB, (W) 10.0MiB-10.0MiB, (T) 10.0MiB-10.0MiB, ioengine=psync, iodepth=1
fio-3.33
Starting 1 process

buffered-write: (groupid=0, jobs=1): err= 0: pid=3788: Fri Aug 15 07:03:10 2025
  write: IOPS=113, BW=1138MiB/s (1194MB/s)(510MiB/448msec); 0 zone resets
    clat (usec): min=6305, max=8732, avg=7856.99, stdev=543.61
     lat (usec): min=7363, max=9620, avg=8769.71, stdev=586.91
    clat percentiles (usec):
     |  1.00th=[ 6325],  5.00th=[ 6718], 10.00th=[ 6915], 20.00th=[ 7373],
     | 30.00th=[ 7898], 40.00th=[ 7963], 50.00th=[ 8094], 60.00th=[ 8094],
     | 70.00th=[ 8160], 80.00th=[ 8225], 90.00th=[ 8356], 95.00th=[ 8455],
     | 99.00th=[ 8717], 99.50th=[ 8717], 99.90th=[ 8717], 99.95th=[ 8717],
     | 99.99th=[ 8717]
  lat (msec)   : 10=100.00%
  cpu          : usr=8.95%, sys=90.16%, ctx=9, majf=0, minf=6
  IO depths    : 1=100.0%, 2=0.0%, 4=0.0%, 8=0.0%, 16=0.0%, 32=0.0%, >=64=0.0%
     submit    : 0=0.0%, 4=100.0%, 8=0.0%, 16=0.0%, 32=0.0%, 64=0.0%, >=64=0.0%
     complete  : 0=0.0%, 4=100.0%, 8=0.0%, 16=0.0%, 32=0.0%, 64=0.0%, >=64=0.0%
     issued rwts: total=0,51,0,0 short=0,0,0,0 dropped=0,0,0,0
     latency   : target=0, window=0, percentile=100.00%, depth=1

Run status group 0 (all jobs):
  WRITE: bw=1138MiB/s (1194MB/s), 1138MiB/s-1138MiB/s (1194MB/s-1194MB/s), io=510MiB (535MB), run=448-448msec

Disk stats (read/write):
  nvme0n1: ios=0/2, merge=0/11, ticks=0/1, in_queue=1, util=0.80%
