buffered-write: (g=0): rw=write, bs=(R) 100MiB-100MiB, (W) 100MiB-100MiB, (T) 100MiB-100MiB, ioengine=psync, iodepth=1
fio-3.33
Starting 1 process

buffered-write: (groupid=0, jobs=1): err= 0: pid=3884: Fri Aug 15 07:03:16 2025
  write: IOPS=13, BW=1355MiB/s (1421MB/s)(500MiB/369msec); 0 zone resets
    clat (usec): min=61342, max=69356, avg=64638.15, stdev=3268.56
     lat (usec): min=70707, max=78765, avg=73596.84, stdev=3487.13
    clat percentiles (usec):
     |  1.00th=[61604],  5.00th=[61604], 10.00th=[61604], 20.00th=[61604],
     | 30.00th=[62129], 40.00th=[62129], 50.00th=[64226], 60.00th=[64226],
     | 70.00th=[66323], 80.00th=[66323], 90.00th=[69731], 95.00th=[69731],
     | 99.00th=[69731], 99.50th=[69731], 99.90th=[69731], 99.95th=[69731],
     | 99.99th=[69731]
  lat (msec)   : 100=100.00%
  cpu          : usr=12.77%, sys=86.96%, ctx=18, majf=0, minf=6
  IO depths    : 1=100.0%, 2=0.0%, 4=0.0%, 8=0.0%, 16=0.0%, 32=0.0%, >=64=0.0%
     submit    : 0=0.0%, 4=100.0%, 8=0.0%, 16=0.0%, 32=0.0%, 64=0.0%, >=64=0.0%
     complete  : 0=0.0%, 4=100.0%, 8=0.0%, 16=0.0%, 32=0.0%, 64=0.0%, >=64=0.0%
     issued rwts: total=0,5,0,0 short=0,0,0,0 dropped=0,0,0,0
     latency   : target=0, window=0, percentile=100.00%, depth=1

Run status group 0 (all jobs):
  WRITE: bw=1355MiB/s (1421MB/s), 1355MiB/s-1355MiB/s (1421MB/s-1421MB/s), io=500MiB (524MB), run=369-369msec

Disk stats (read/write):
  nvme0n1: ios=0/0, merge=0/0, ticks=0/0, in_queue=0, util=0.00%
