buffered-write: (g=0): rw=write, bs=(R) 10.0MiB-10.0MiB, (W) 10.0MiB-10.0MiB, (T) 10.0MiB-10.0MiB, ioengine=psync, iodepth=1
fio-3.33
Starting 1 process

buffered-write: (groupid=0, jobs=1): err= 0: pid=4363: Mon Aug 11 19:15:27 2025
  write: IOPS=124, BW=1247MiB/s (1308MB/s)(1020MiB/818msec); 0 zone resets
    clat (usec): min=5259, max=7581, avg=6928.88, stdev=531.86
     lat (usec): min=5765, max=8663, avg=7881.63, stdev=588.56
    clat percentiles (usec):
     |  1.00th=[ 5538],  5.00th=[ 5866], 10.00th=[ 6128], 20.00th=[ 6456],
     | 30.00th=[ 6718], 40.00th=[ 6915], 50.00th=[ 7046], 60.00th=[ 7177],
     | 70.00th=[ 7242], 80.00th=[ 7373], 90.00th=[ 7504], 95.00th=[ 7570],
     | 99.00th=[ 7570], 99.50th=[ 7570], 99.90th=[ 7570], 99.95th=[ 7570],
     | 99.99th=[ 7570]
   bw (  MiB/s): min= 1240, max= 1240, per=99.44%, avg=1240.00, stdev= 0.00, samples=1
   iops        : min=  124, max=  124, avg=124.00, stdev= 0.00, samples=1
  lat (msec)   : 10=100.00%
  cpu          : usr=10.65%, sys=88.98%, ctx=13, majf=0, minf=6
  IO depths    : 1=100.0%, 2=0.0%, 4=0.0%, 8=0.0%, 16=0.0%, 32=0.0%, >=64=0.0%
     submit    : 0=0.0%, 4=100.0%, 8=0.0%, 16=0.0%, 32=0.0%, 64=0.0%, >=64=0.0%
     complete  : 0=0.0%, 4=100.0%, 8=0.0%, 16=0.0%, 32=0.0%, 64=0.0%, >=64=0.0%
     issued rwts: total=0,102,0,0 short=0,0,0,0 dropped=0,0,0,0
     latency   : target=0, window=0, percentile=100.00%, depth=1

Run status group 0 (all jobs):
  WRITE: bw=1247MiB/s (1308MB/s), 1247MiB/s-1247MiB/s (1308MB/s-1308MB/s), io=1020MiB (1070MB), run=818-818msec

Disk stats (read/write):
  nvme0n1: ios=0/2, merge=0/15, ticks=0/1, in_queue=0, util=0.53%
