buffered-write: (g=0): rw=write, bs=(R) 128KiB-128KiB, (W) 128KiB-128KiB, (T) 128KiB-128KiB, ioengine=psync, iodepth=1
fio-3.33
Starting 1 process

buffered-write: (groupid=0, jobs=1): err= 0: pid=5612: Mon Aug 11 19:16:27 2025
  write: IOPS=12.6k, BW=1571MiB/s (1647MB/s)(1024MiB/652msec); 0 zone resets
    clat (usec): min=48, max=316, avg=76.19, stdev=10.77
     lat (usec): min=48, max=332, avg=77.06, stdev=10.83
    clat percentiles (usec):
     |  1.00th=[   54],  5.00th=[   58], 10.00th=[   62], 20.00th=[   68],
     | 30.00th=[   73], 40.00th=[   77], 50.00th=[   79], 60.00th=[   81],
     | 70.00th=[   82], 80.00th=[   84], 90.00th=[   87], 95.00th=[   89],
     | 99.00th=[  100], 99.50th=[  109], 99.90th=[  130], 99.95th=[  143],
     | 99.99th=[  318]
   bw (  MiB/s): min= 1558, max= 1558, per=99.25%, avg=1558.75, stdev= 0.00, samples=1
   iops        : min=12470, max=12470, avg=12470.00, stdev= 0.00, samples=1
  lat (usec)   : 50=0.04%, 100=98.99%, 250=0.95%, 500=0.02%
  cpu          : usr=2.30%, sys=97.24%, ctx=14, majf=0, minf=6
  IO depths    : 1=100.0%, 2=0.0%, 4=0.0%, 8=0.0%, 16=0.0%, 32=0.0%, >=64=0.0%
     submit    : 0=0.0%, 4=100.0%, 8=0.0%, 16=0.0%, 32=0.0%, 64=0.0%, >=64=0.0%
     complete  : 0=0.0%, 4=100.0%, 8=0.0%, 16=0.0%, 32=0.0%, 64=0.0%, >=64=0.0%
     issued rwts: total=0,8192,0,0 short=0,0,0,0 dropped=0,0,0,0
     latency   : target=0, window=0, percentile=100.00%, depth=1

Run status group 0 (all jobs):
  WRITE: bw=1571MiB/s (1647MB/s), 1571MiB/s-1571MiB/s (1647MB/s-1647MB/s), io=1024MiB (1074MB), run=652-652msec

Disk stats (read/write):
  nvme0n1: ios=0/2, merge=0/13, ticks=0/1, in_queue=1, util=0.00%
