buffered-read: (g=0): rw=read, bs=(R) 1024KiB-1024KiB, (W) 1024KiB-1024KiB, (T) 1024KiB-1024KiB, ioengine=psync, iodepth=1
fio-3.33
Starting 1 process

buffered-read: (groupid=0, jobs=1): err= 0: pid=3831: Mon Aug 11 19:49:28 2025
  read: IOPS=1067, BW=1068MiB/s (1120MB/s)(1024MiB/959msec)
    clat (usec): min=571, max=1458, avg=933.58, stdev=152.46
     lat (usec): min=572, max=1458, avg=933.79, stdev=152.47
    clat percentiles (usec):
     |  1.00th=[  668],  5.00th=[  685], 10.00th=[  693], 20.00th=[  725],
     | 30.00th=[  857], 40.00th=[  963], 50.00th=[  988], 60.00th=[ 1012],
     | 70.00th=[ 1029], 80.00th=[ 1057], 90.00th=[ 1090], 95.00th=[ 1139],
     | 99.00th=[ 1205], 99.50th=[ 1270], 99.90th=[ 1418], 99.95th=[ 1450],
     | 99.99th=[ 1450]
   bw (  KiB/s): min=1005604, max=1005604, per=91.97%, avg=1005604.00, stdev= 0.00, samples=1
   iops        : min=  982, max=  982, avg=982.00, stdev= 0.00, samples=1
  lat (usec)   : 750=23.24%, 1000=32.03%
  lat (msec)   : 2=44.73%
  cpu          : usr=0.31%, sys=98.96%, ctx=66, majf=0, minf=70
  IO depths    : 1=100.0%, 2=0.0%, 4=0.0%, 8=0.0%, 16=0.0%, 32=0.0%, >=64=0.0%
     submit    : 0=0.0%, 4=100.0%, 8=0.0%, 16=0.0%, 32=0.0%, 64=0.0%, >=64=0.0%
     complete  : 0=0.0%, 4=100.0%, 8=0.0%, 16=0.0%, 32=0.0%, 64=0.0%, >=64=0.0%
     issued rwts: total=1024,0,0,0 short=0,0,0,0 dropped=0,0,0,0
     latency   : target=0, window=0, percentile=100.00%, depth=1

Run status group 0 (all jobs):
   READ: bw=1068MiB/s (1120MB/s), 1068MiB/s-1068MiB/s (1120MB/s-1120MB/s), io=1024MiB (1074MB), run=959-959msec

Disk stats (read/write):
  nvme0n1: ios=18/0, merge=0/0, ticks=2/0, in_queue=3, util=0.00%
