buffered-write: (g=0): rw=write, bs=(R) 128KiB-128KiB, (W) 128KiB-128KiB, (T) 128KiB-128KiB, ioengine=psync, iodepth=1
fio-3.33
Starting 1 process

buffered-write: (groupid=0, jobs=1): err= 0: pid=4222: Fri Aug 15 07:03:35 2025
  write: IOPS=12.1k, BW=1510MiB/s (1584MB/s)(512MiB/339msec); 0 zone resets
    clat (usec): min=37, max=281, avg=81.20, stdev= 7.66
     lat (usec): min=38, max=282, avg=82.07, stdev= 7.67
    clat percentiles (usec):
     |  1.00th=[   61],  5.00th=[   74], 10.00th=[   76], 20.00th=[   78],
     | 30.00th=[   80], 40.00th=[   81], 50.00th=[   82], 60.00th=[   82],
     | 70.00th=[   84], 80.00th=[   85], 90.00th=[   87], 95.00th=[   89],
     | 99.00th=[  108], 99.50th=[  114], 99.90th=[  145], 99.95th=[  163],
     | 99.99th=[  281]
  lat (usec)   : 50=0.27%, 100=97.83%, 250=1.88%, 500=0.02%
  cpu          : usr=3.25%, sys=96.45%, ctx=4, majf=0, minf=6
  IO depths    : 1=100.0%, 2=0.0%, 4=0.0%, 8=0.0%, 16=0.0%, 32=0.0%, >=64=0.0%
     submit    : 0=0.0%, 4=100.0%, 8=0.0%, 16=0.0%, 32=0.0%, 64=0.0%, >=64=0.0%
     complete  : 0=0.0%, 4=100.0%, 8=0.0%, 16=0.0%, 32=0.0%, 64=0.0%, >=64=0.0%
     issued rwts: total=0,4096,0,0 short=0,0,0,0 dropped=0,0,0,0
     latency   : target=0, window=0, percentile=100.00%, depth=1

Run status group 0 (all jobs):
  WRITE: bw=1510MiB/s (1584MB/s), 1510MiB/s-1510MiB/s (1584MB/s-1584MB/s), io=512MiB (537MB), run=339-339msec

Disk stats (read/write):
  nvme0n1: ios=0/0, merge=0/0, ticks=0/0, in_queue=0, util=0.00%
