buffered-read: (g=0): rw=read, bs=(R) 128KiB-128KiB, (W) 128KiB-128KiB, (T) 128KiB-128KiB, ioengine=psync, iodepth=1
fio-3.33
Starting 1 process

buffered-read: (groupid=0, jobs=1): err= 0: pid=3553: Fri Aug 15 06:58:04 2025
  read: IOPS=3177, BW=397MiB/s (417MB/s)(512MiB/1289msec)
    clat (usec): min=69, max=671, avg=313.87, stdev=93.99
     lat (usec): min=69, max=672, avg=313.97, stdev=93.99
    clat percentiles (usec):
     |  1.00th=[   77],  5.00th=[   79], 10.00th=[  310], 20.00th=[  314],
     | 30.00th=[  314], 40.00th=[  314], 50.00th=[  314], 60.00th=[  314],
     | 70.00th=[  314], 80.00th=[  314], 90.00th=[  416], 95.00th=[  545],
     | 99.00th=[  553], 99.50th=[  553], 99.90th=[  562], 99.95th=[  603],
     | 99.99th=[  676]
   bw (  KiB/s): min=406272, max=407296, per=100.00%, avg=406784.00, stdev=724.08, samples=2
   iops        : min= 3174, max= 3182, avg=3178.00, stdev= 5.66, samples=2
  lat (usec)   : 100=6.49%, 250=3.17%, 500=83.74%, 750=6.59%
  cpu          : usr=0.23%, sys=9.32%, ctx=4104, majf=0, minf=13
  IO depths    : 1=100.0%, 2=0.0%, 4=0.0%, 8=0.0%, 16=0.0%, 32=0.0%, >=64=0.0%
     submit    : 0=0.0%, 4=100.0%, 8=0.0%, 16=0.0%, 32=0.0%, 64=0.0%, >=64=0.0%
     complete  : 0=0.0%, 4=100.0%, 8=0.0%, 16=0.0%, 32=0.0%, 64=0.0%, >=64=0.0%
     issued rwts: total=4096,0,0,0 short=0,0,0,0 dropped=0,0,0,0
     latency   : target=0, window=0, percentile=100.00%, depth=1

Run status group 0 (all jobs):
   READ: bw=397MiB/s (417MB/s), 397MiB/s-397MiB/s (417MB/s-417MB/s), io=512MiB (537MB), run=1289-1289msec

Disk stats (read/write):
  nvme0n1: ios=3655/0, merge=0/0, ticks=2193/0, in_queue=2193, util=82.05%
