buffered-read: (g=0): rw=read, bs=(R) 4096B-4096B, (W) 4096B-4096B, (T) 4096B-4096B, ioengine=psync, iodepth=1
fio-3.33
Starting 1 process

buffered-read: (groupid=0, jobs=1): err= 0: pid=3357: Thu Aug 14 22:45:29 2025
  read: IOPS=102k, BW=398MiB/s (417MB/s)(512MiB/1288msec)
    clat (nsec): min=629, max=1101.6k, avg=9496.71, stdev=69521.97
     lat (nsec): min=685, max=1101.6k, avg=9547.63, stdev=69521.91
    clat percentiles (nsec):
     |  1.00th=[   652],  5.00th=[   668], 10.00th=[   668], 20.00th=[   684],
     | 30.00th=[   684], 40.00th=[   724], 50.00th=[   836], 60.00th=[   836],
     | 70.00th=[   852], 80.00th=[   868], 90.00th=[  1004], 95.00th=[  1112],
     | 99.00th=[552960], 99.50th=[561152], 99.90th=[561152], 99.95th=[569344],
     | 99.99th=[962560]
   bw (  KiB/s): min=407488, max=407552, per=100.00%, avg=407520.00, stdev=45.25, samples=2
   iops        : min=101872, max=101888, avg=101880.00, stdev=11.31, samples=2
  lat (nsec)   : 750=43.86%, 1000=46.14%
  lat (usec)   : 2=8.40%, 4=0.01%, 10=0.02%, 20=0.01%, 100=0.01%
  lat (usec)   : 250=0.01%, 500=0.01%, 750=1.52%, 1000=0.01%
  lat (msec)   : 2=0.01%
  cpu          : usr=5.59%, sys=8.94%, ctx=2050, majf=0, minf=6
  IO depths    : 1=100.0%, 2=0.0%, 4=0.0%, 8=0.0%, 16=0.0%, 32=0.0%, >=64=0.0%
     submit    : 0=0.0%, 4=100.0%, 8=0.0%, 16=0.0%, 32=0.0%, 64=0.0%, >=64=0.0%
     complete  : 0=0.0%, 4=100.0%, 8=0.0%, 16=0.0%, 32=0.0%, 64=0.0%, >=64=0.0%
     issued rwts: total=131072,0,0,0 short=0,0,0,0 dropped=0,0,0,0
     latency   : target=0, window=0, percentile=100.00%, depth=1

Run status group 0 (all jobs):
   READ: bw=398MiB/s (417MB/s), 398MiB/s-398MiB/s (417MB/s-417MB/s), io=512MiB (537MB), run=1288-1288msec

Disk stats (read/write):
  nvme0n1: ios=3639/0, merge=89/0, ticks=3694/0, in_queue=3693, util=80.13%
