buffered-read: (g=0): rw=read, bs=(R) 1024KiB-1024KiB, (W) 1024KiB-1024KiB, (T) 1024KiB-1024KiB, ioengine=psync, iodepth=1
fio-3.33
Starting 1 process

buffered-read: (groupid=0, jobs=1): err= 0: pid=3791: Mon Aug 11 19:49:25 2025
  read: IOPS=1018, BW=1019MiB/s (1068MB/s)(1024MiB/1005msec)
    clat (usec): min=607, max=1471, avg=978.08, stdev=156.44
     lat (usec): min=607, max=1472, avg=978.30, stdev=156.46
    clat percentiles (usec):
     |  1.00th=[  717],  5.00th=[  742], 10.00th=[  758], 20.00th=[  775],
     | 30.00th=[  832], 40.00th=[ 1004], 50.00th=[ 1057], 60.00th=[ 1074],
     | 70.00th=[ 1090], 80.00th=[ 1106], 90.00th=[ 1139], 95.00th=[ 1172],
     | 99.00th=[ 1254], 99.50th=[ 1270], 99.90th=[ 1467], 99.95th=[ 1467],
     | 99.99th=[ 1467]
   bw (  KiB/s): min=937984, max=1146880, per=99.91%, avg=1042432.00, stdev=147711.78, samples=2
   iops        : min=  916, max= 1120, avg=1018.00, stdev=144.25, samples=2
  lat (usec)   : 750=6.74%, 1000=32.71%
  lat (msec)   : 2=60.55%
  cpu          : usr=0.00%, sys=99.60%, ctx=55, majf=0, minf=70
  IO depths    : 1=100.0%, 2=0.0%, 4=0.0%, 8=0.0%, 16=0.0%, 32=0.0%, >=64=0.0%
     submit    : 0=0.0%, 4=100.0%, 8=0.0%, 16=0.0%, 32=0.0%, 64=0.0%, >=64=0.0%
     complete  : 0=0.0%, 4=100.0%, 8=0.0%, 16=0.0%, 32=0.0%, 64=0.0%, >=64=0.0%
     issued rwts: total=1024,0,0,0 short=0,0,0,0 dropped=0,0,0,0
     latency   : target=0, window=0, percentile=100.00%, depth=1

Run status group 0 (all jobs):
   READ: bw=1019MiB/s (1068MB/s), 1019MiB/s-1019MiB/s (1068MB/s-1068MB/s), io=1024MiB (1074MB), run=1005-1005msec

Disk stats (read/write):
  nvme0n1: ios=31/0, merge=89/0, ticks=8/0, in_queue=8, util=0.40%
