buffered-write: (g=0): rw=write, bs=(R) 128KiB-128KiB, (W) 128KiB-128KiB, (T) 128KiB-128KiB, ioengine=psync, iodepth=1
fio-3.33
Starting 1 process

buffered-write: (groupid=0, jobs=1): err= 0: pid=4210: Fri Aug 15 07:03:34 2025
  write: IOPS=11.6k, BW=1455MiB/s (1525MB/s)(512MiB/352msec); 0 zone resets
    clat (usec): min=38, max=730, avg=84.22, stdev=13.74
     lat (usec): min=39, max=731, avg=85.08, stdev=13.78
    clat percentiles (usec):
     |  1.00th=[   59],  5.00th=[   76], 10.00th=[   78], 20.00th=[   81],
     | 30.00th=[   82], 40.00th=[   83], 50.00th=[   84], 60.00th=[   85],
     | 70.00th=[   86], 80.00th=[   88], 90.00th=[   90], 95.00th=[   93],
     | 99.00th=[  117], 99.50th=[  131], 99.90th=[  202], 99.95th=[  249],
     | 99.99th=[  734]
  lat (usec)   : 50=0.29%, 100=97.12%, 250=2.54%, 500=0.02%, 750=0.02%
  cpu          : usr=0.00%, sys=98.86%, ctx=16, majf=0, minf=6
  IO depths    : 1=100.0%, 2=0.0%, 4=0.0%, 8=0.0%, 16=0.0%, 32=0.0%, >=64=0.0%
     submit    : 0=0.0%, 4=100.0%, 8=0.0%, 16=0.0%, 32=0.0%, 64=0.0%, >=64=0.0%
     complete  : 0=0.0%, 4=100.0%, 8=0.0%, 16=0.0%, 32=0.0%, 64=0.0%, >=64=0.0%
     issued rwts: total=0,4096,0,0 short=0,0,0,0 dropped=0,0,0,0
     latency   : target=0, window=0, percentile=100.00%, depth=1

Run status group 0 (all jobs):
  WRITE: bw=1455MiB/s (1525MB/s), 1455MiB/s-1455MiB/s (1525MB/s-1525MB/s), io=512MiB (537MB), run=352-352msec

Disk stats (read/write):
  nvme0n1: ios=5/0, merge=0/0, ticks=11/0, in_queue=11, util=4.80%
