buffered-write: (g=0): rw=write, bs=(R) 10.0MiB-10.0MiB, (W) 10.0MiB-10.0MiB, (T) 10.0MiB-10.0MiB, ioengine=psync, iodepth=1
fio-3.33
Starting 1 process

buffered-write: (groupid=0, jobs=1): err= 0: pid=4441: Mon Aug 11 19:15:30 2025
  write: IOPS=140, BW=1401MiB/s (1469MB/s)(1020MiB/728msec); 0 zone resets
    clat (usec): min=4985, max=7219, avg=6191.76, stdev=422.73
     lat (usec): min=5680, max=8173, avg=6996.76, stdev=439.57
    clat percentiles (usec):
     |  1.00th=[ 5080],  5.00th=[ 5342], 10.00th=[ 5669], 20.00th=[ 5866],
     | 30.00th=[ 5997], 40.00th=[ 6128], 50.00th=[ 6259], 60.00th=[ 6325],
     | 70.00th=[ 6521], 80.00th=[ 6587], 90.00th=[ 6652], 95.00th=[ 6652],
     | 99.00th=[ 6980], 99.50th=[ 7242], 99.90th=[ 7242], 99.95th=[ 7242],
     | 99.99th=[ 7242]
   bw (  MiB/s): min= 1400, max= 1400, per=99.92%, avg=1400.00, stdev= 0.00, samples=1
   iops        : min=  140, max=  140, avg=140.00, stdev= 0.00, samples=1
  lat (msec)   : 10=100.00%
  cpu          : usr=10.87%, sys=89.00%, ctx=48, majf=0, minf=6
  IO depths    : 1=100.0%, 2=0.0%, 4=0.0%, 8=0.0%, 16=0.0%, 32=0.0%, >=64=0.0%
     submit    : 0=0.0%, 4=100.0%, 8=0.0%, 16=0.0%, 32=0.0%, 64=0.0%, >=64=0.0%
     complete  : 0=0.0%, 4=100.0%, 8=0.0%, 16=0.0%, 32=0.0%, 64=0.0%, >=64=0.0%
     issued rwts: total=0,102,0,0 short=0,0,0,0 dropped=0,0,0,0
     latency   : target=0, window=0, percentile=100.00%, depth=1

Run status group 0 (all jobs):
  WRITE: bw=1401MiB/s (1469MB/s), 1401MiB/s-1401MiB/s (1469MB/s-1469MB/s), io=1020MiB (1070MB), run=728-728msec

Disk stats (read/write):
  nvme0n1: ios=0/0, merge=0/0, ticks=0/0, in_queue=0, util=0.00%
