buffered-read: (g=0): rw=read, bs=(R) 4096B-4096B, (W) 4096B-4096B, (T) 4096B-4096B, ioengine=psync, iodepth=1
fio-3.33
Starting 1 process

buffered-read: (groupid=0, jobs=1): err= 0: pid=4574: Mon Aug 11 19:50:24 2025
  read: IOPS=337k, BW=1315MiB/s (1378MB/s)(1024MiB/779msec)
    clat (nsec): min=629, max=534403, avg=2626.29, stdev=13882.45
     lat (nsec): min=685, max=534459, avg=2679.34, stdev=13882.47
    clat percentiles (nsec):
     |  1.00th=[   652],  5.00th=[   652], 10.00th=[   652], 20.00th=[   668],
     | 30.00th=[   668], 40.00th=[   668], 50.00th=[   684], 60.00th=[   740],
     | 70.00th=[   892], 80.00th=[  1096], 90.00th=[  1576], 95.00th=[  2064],
     | 99.00th=[105984], 99.50th=[114176], 99.90th=[138240], 99.95th=[146432],
     | 99.99th=[179200]
   bw (  MiB/s): min= 1275, max= 1275, per=97.01%, avg=1275.17, stdev= 0.00, samples=1
   iops        : min=326446, max=326446, avg=326446.00, stdev= 0.00, samples=1
  lat (nsec)   : 750=60.72%, 1000=16.28%
  lat (usec)   : 2=17.49%, 4=3.78%, 10=0.14%, 20=0.02%, 50=0.01%
  lat (usec)   : 100=0.34%, 250=1.21%, 500=0.01%, 750=0.01%
  cpu          : usr=14.27%, sys=85.22%, ctx=47, majf=0, minf=6
  IO depths    : 1=100.0%, 2=0.0%, 4=0.0%, 8=0.0%, 16=0.0%, 32=0.0%, >=64=0.0%
     submit    : 0=0.0%, 4=100.0%, 8=0.0%, 16=0.0%, 32=0.0%, 64=0.0%, >=64=0.0%
     complete  : 0=0.0%, 4=100.0%, 8=0.0%, 16=0.0%, 32=0.0%, 64=0.0%, >=64=0.0%
     issued rwts: total=262144,0,0,0 short=0,0,0,0 dropped=0,0,0,0
     latency   : target=0, window=0, percentile=100.00%, depth=1

Run status group 0 (all jobs):
   READ: bw=1315MiB/s (1378MB/s), 1315MiB/s-1315MiB/s (1378MB/s-1378MB/s), io=1024MiB (1074MB), run=779-779msec

Disk stats (read/write):
  nvme0n1: ios=30/0, merge=89/0, ticks=7/0, in_queue=7, util=0.53%
