buffered-read: (g=0): rw=read, bs=(R) 1024MiB-1024MiB, (W) 1024MiB-1024MiB, (T) 1024MiB-1024MiB, ioengine=psync, iodepth=1
fio-3.33
Starting 1 process

buffered-read: (groupid=0, jobs=1): err= 0: pid=4473: Mon Aug 11 19:50:16 2025
  read: IOPS=0, BW=803MiB/s (842MB/s)(1024MiB/1275msec)
    clat (nsec): min=1274.1M, max=1274.1M, avg=1274085214.00, stdev= 0.00
     lat (nsec): min=1274.1M, max=1274.1M, avg=1274085881.00, stdev= 0.00
    clat percentiles (msec):
     |  1.00th=[ 1267],  5.00th=[ 1267], 10.00th=[ 1267], 20.00th=[ 1267],
     | 30.00th=[ 1267], 40.00th=[ 1267], 50.00th=[ 1267], 60.00th=[ 1267],
     | 70.00th=[ 1267], 80.00th=[ 1267], 90.00th=[ 1267], 95.00th=[ 1267],
     | 99.00th=[ 1267], 99.50th=[ 1267], 99.90th=[ 1267], 99.95th=[ 1267],
     | 99.99th=[ 1267]
  lat (msec)   : 2000=100.00%
  cpu          : usr=0.00%, sys=99.53%, ctx=52, majf=0, minf=65542
  IO depths    : 1=100.0%, 2=0.0%, 4=0.0%, 8=0.0%, 16=0.0%, 32=0.0%, >=64=0.0%
     submit    : 0=0.0%, 4=100.0%, 8=0.0%, 16=0.0%, 32=0.0%, 64=0.0%, >=64=0.0%
     complete  : 0=0.0%, 4=100.0%, 8=0.0%, 16=0.0%, 32=0.0%, 64=0.0%, >=64=0.0%
     issued rwts: total=1,0,0,0 short=0,0,0,0 dropped=0,0,0,0
     latency   : target=0, window=0, percentile=100.00%, depth=1

Run status group 0 (all jobs):
   READ: bw=803MiB/s (842MB/s), 803MiB/s-803MiB/s (842MB/s-842MB/s), io=1024MiB (1074MB), run=1275-1275msec

Disk stats (read/write):
  nvme0n1: ios=31/0, merge=89/0, ticks=7/0, in_queue=7, util=0.96%
