buffered-read: (g=0): rw=read, bs=(R) 128KiB-128KiB, (W) 128KiB-128KiB, (T) 128KiB-128KiB, ioengine=psync, iodepth=1
fio-3.33
Starting 1 process

buffered-read: (groupid=0, jobs=1): err= 0: pid=4774: Mon Aug 11 19:50:36 2025
  read: IOPS=12.9k, BW=1608MiB/s (1686MB/s)(1024MiB/637msec)
    clat (usec): min=8, max=505, avg=77.06, stdev=63.44
     lat (usec): min=9, max=505, avg=77.13, stdev=63.42
    clat percentiles (usec):
     |  1.00th=[   11],  5.00th=[   11], 10.00th=[   12], 20.00th=[   13],
     | 30.00th=[   14], 40.00th=[   21], 50.00th=[   56], 60.00th=[  127],
     | 70.00th=[  137], 80.00th=[  143], 90.00th=[  147], 95.00th=[  153],
     | 99.00th=[  184], 99.50th=[  200], 99.90th=[  318], 99.95th=[  338],
     | 99.99th=[  506]
   bw (  MiB/s): min= 1606, max= 1606, per=99.94%, avg=1606.50, stdev= 0.00, samples=1
   iops        : min=12852, max=12852, avg=12852.00, stdev= 0.00, samples=1
  lat (usec)   : 10=0.89%, 20=38.15%, 50=10.93%, 100=0.87%, 250=48.95%
  lat (usec)   : 500=0.21%, 750=0.01%
  cpu          : usr=0.00%, sys=99.53%, ctx=40, majf=0, minf=13
  IO depths    : 1=100.0%, 2=0.0%, 4=0.0%, 8=0.0%, 16=0.0%, 32=0.0%, >=64=0.0%
     submit    : 0=0.0%, 4=100.0%, 8=0.0%, 16=0.0%, 32=0.0%, 64=0.0%, >=64=0.0%
     complete  : 0=0.0%, 4=100.0%, 8=0.0%, 16=0.0%, 32=0.0%, 64=0.0%, >=64=0.0%
     issued rwts: total=8192,0,0,0 short=0,0,0,0 dropped=0,0,0,0
     latency   : target=0, window=0, percentile=100.00%, depth=1

Run status group 0 (all jobs):
   READ: bw=1608MiB/s (1686MB/s), 1608MiB/s-1608MiB/s (1686MB/s-1686MB/s), io=1024MiB (1074MB), run=637-637msec

Disk stats (read/write):
  nvme0n1: ios=12/0, merge=0/0, ticks=1/0, in_queue=1, util=0.00%
