buffered-read: (g=0): rw=read, bs=(R) 100MiB-100MiB, (W) 100MiB-100MiB, (T) 100MiB-100MiB, ioengine=psync, iodepth=1
fio-3.33
Starting 1 process

buffered-read: (groupid=0, jobs=1): err= 0: pid=4231: Mon Aug 11 19:49:57 2025
  read: IOPS=9, BW=925MiB/s (970MB/s)(1000MiB/1081msec)
    clat (msec): min=95, max=132, avg=108.08, stdev=10.50
     lat (msec): min=95, max=132, avg=108.08, stdev=10.50
    clat percentiles (msec):
     |  1.00th=[   95],  5.00th=[   95], 10.00th=[   95], 20.00th=[   95],
     | 30.00th=[  104], 40.00th=[  107], 50.00th=[  109], 60.00th=[  110],
     | 70.00th=[  110], 80.00th=[  111], 90.00th=[  111], 95.00th=[  133],
     | 99.00th=[  133], 99.50th=[  133], 99.90th=[  133], 99.95th=[  133],
     | 99.99th=[  133]
   bw (  KiB/s): min=819200, max=1024000, per=97.29%, avg=921600.00, stdev=144815.47, samples=2
   iops        : min=    8, max=   10, avg= 9.00, stdev= 1.41, samples=2
  lat (msec)   : 100=20.00%, 250=80.00%
  cpu          : usr=0.00%, sys=99.44%, ctx=50, majf=0, minf=6406
  IO depths    : 1=100.0%, 2=0.0%, 4=0.0%, 8=0.0%, 16=0.0%, 32=0.0%, >=64=0.0%
     submit    : 0=0.0%, 4=100.0%, 8=0.0%, 16=0.0%, 32=0.0%, 64=0.0%, >=64=0.0%
     complete  : 0=0.0%, 4=100.0%, 8=0.0%, 16=0.0%, 32=0.0%, 64=0.0%, >=64=0.0%
     issued rwts: total=10,0,0,0 short=0,0,0,0 dropped=0,0,0,0
     latency   : target=0, window=0, percentile=100.00%, depth=1

Run status group 0 (all jobs):
   READ: bw=925MiB/s (970MB/s), 925MiB/s-925MiB/s (970MB/s-970MB/s), io=1000MiB (1049MB), run=1081-1081msec

Disk stats (read/write):
  nvme0n1: ios=30/0, merge=89/0, ticks=7/0, in_queue=8, util=0.80%
