buffered-write: (g=0): rw=write, bs=(R) 128KiB-128KiB, (W) 128KiB-128KiB, (T) 128KiB-128KiB, ioengine=psync, iodepth=1
fio-3.33
Starting 1 process

buffered-write: (groupid=0, jobs=1): err= 0: pid=5404: Mon Aug 11 19:16:20 2025
  write: IOPS=12.8k, BW=1603MiB/s (1680MB/s)(1024MiB/639msec); 0 zone resets
    clat (usec): min=41, max=332, avg=74.67, stdev=10.68
     lat (usec): min=42, max=333, avg=75.49, stdev=10.70
    clat percentiles (usec):
     |  1.00th=[   52],  5.00th=[   57], 10.00th=[   60], 20.00th=[   66],
     | 30.00th=[   71], 40.00th=[   76], 50.00th=[   78], 60.00th=[   79],
     | 70.00th=[   81], 80.00th=[   83], 90.00th=[   85], 95.00th=[   88],
     | 99.00th=[   98], 99.50th=[  105], 99.90th=[  127], 99.95th=[  143],
     | 99.99th=[  334]
   bw (  MiB/s): min= 1594, max= 1594, per=99.50%, avg=1594.50, stdev= 0.00, samples=1
   iops        : min=12756, max=12756, avg=12756.00, stdev= 0.00, samples=1
  lat (usec)   : 50=0.23%, 100=98.97%, 250=0.78%, 500=0.01%
  cpu          : usr=1.72%, sys=97.96%, ctx=12, majf=0, minf=6
  IO depths    : 1=100.0%, 2=0.0%, 4=0.0%, 8=0.0%, 16=0.0%, 32=0.0%, >=64=0.0%
     submit    : 0=0.0%, 4=100.0%, 8=0.0%, 16=0.0%, 32=0.0%, 64=0.0%, >=64=0.0%
     complete  : 0=0.0%, 4=100.0%, 8=0.0%, 16=0.0%, 32=0.0%, 64=0.0%, >=64=0.0%
     issued rwts: total=0,8192,0,0 short=0,0,0,0 dropped=0,0,0,0
     latency   : target=0, window=0, percentile=100.00%, depth=1

Run status group 0 (all jobs):
  WRITE: bw=1603MiB/s (1680MB/s), 1603MiB/s-1603MiB/s (1680MB/s-1680MB/s), io=1024MiB (1074MB), run=639-639msec

Disk stats (read/write):
  nvme0n1: ios=0/0, merge=0/0, ticks=0/0, in_queue=0, util=0.00%
