buffered-write: (g=0): rw=write, bs=(R) 4096B-4096B, (W) 4096B-4096B, (T) 4096B-4096B, ioengine=psync, iodepth=1
fio-3.33
Starting 1 process

buffered-write: (groupid=0, jobs=1): err= 0: pid=5274: Mon Aug 11 19:16:13 2025
  write: IOPS=282k, BW=1101MiB/s (1155MB/s)(1024MiB/930msec); 0 zone resets
    clat (nsec): min=1926, max=380174, avg=3080.05, stdev=1245.01
     lat (usec): min=2, max=380, avg= 3.18, stdev= 1.25
    clat percentiles (nsec):
     |  1.00th=[ 2256],  5.00th=[ 2416], 10.00th=[ 2512], 20.00th=[ 2672],
     | 30.00th=[ 2800], 40.00th=[ 2928], 50.00th=[ 3024], 60.00th=[ 3152],
     | 70.00th=[ 3312], 80.00th=[ 3440], 90.00th=[ 3632], 95.00th=[ 3824],
     | 99.00th=[ 4256], 99.50th=[ 4448], 99.90th=[ 5664], 99.95th=[ 8256],
     | 99.99th=[21120]
   bw (  MiB/s): min= 1073, max= 1073, per=97.49%, avg=1073.41, stdev= 0.00, samples=1
   iops        : min=274794, max=274794, avg=274794.00, stdev= 0.00, samples=1
  lat (usec)   : 2=0.01%, 4=97.37%, 10=2.59%, 20=0.03%, 50=0.01%
  lat (usec)   : 100=0.01%, 250=0.01%, 500=0.01%
  cpu          : usr=15.82%, sys=83.53%, ctx=54, majf=0, minf=6
  IO depths    : 1=100.0%, 2=0.0%, 4=0.0%, 8=0.0%, 16=0.0%, 32=0.0%, >=64=0.0%
     submit    : 0=0.0%, 4=100.0%, 8=0.0%, 16=0.0%, 32=0.0%, 64=0.0%, >=64=0.0%
     complete  : 0=0.0%, 4=100.0%, 8=0.0%, 16=0.0%, 32=0.0%, 64=0.0%, >=64=0.0%
     issued rwts: total=0,262144,0,0 short=0,0,0,0 dropped=0,0,0,0
     latency   : target=0, window=0, percentile=100.00%, depth=1

Run status group 0 (all jobs):
  WRITE: bw=1101MiB/s (1155MB/s), 1101MiB/s-1101MiB/s (1155MB/s-1155MB/s), io=1024MiB (1074MB), run=930-930msec

Disk stats (read/write):
  nvme0n1: ios=0/0, merge=0/0, ticks=0/0, in_queue=0, util=0.00%
