buffered-write: (g=0): rw=write, bs=(R) 128KiB-128KiB, (W) 128KiB-128KiB, (T) 128KiB-128KiB, ioengine=psync, iodepth=1
fio-3.33
Starting 1 process

buffered-write: (groupid=0, jobs=1): err= 0: pid=4282: Fri Aug 15 07:03:38 2025
  write: IOPS=11.7k, BW=1467MiB/s (1538MB/s)(512MiB/349msec); 0 zone resets
    clat (usec): min=46, max=437, avg=83.41, stdev=10.38
     lat (usec): min=48, max=438, avg=84.26, stdev=10.40
    clat percentiles (usec):
     |  1.00th=[   62],  5.00th=[   74], 10.00th=[   76], 20.00th=[   79],
     | 30.00th=[   81], 40.00th=[   82], 50.00th=[   83], 60.00th=[   85],
     | 70.00th=[   86], 80.00th=[   88], 90.00th=[   91], 95.00th=[   94],
     | 99.00th=[  113], 99.50th=[  126], 99.90th=[  161], 99.95th=[  206],
     | 99.99th=[  437]
  lat (usec)   : 50=0.12%, 100=97.58%, 250=2.25%, 500=0.05%
  cpu          : usr=4.31%, sys=95.11%, ctx=30, majf=0, minf=6
  IO depths    : 1=100.0%, 2=0.0%, 4=0.0%, 8=0.0%, 16=0.0%, 32=0.0%, >=64=0.0%
     submit    : 0=0.0%, 4=100.0%, 8=0.0%, 16=0.0%, 32=0.0%, 64=0.0%, >=64=0.0%
     complete  : 0=0.0%, 4=100.0%, 8=0.0%, 16=0.0%, 32=0.0%, 64=0.0%, >=64=0.0%
     issued rwts: total=0,4096,0,0 short=0,0,0,0 dropped=0,0,0,0
     latency   : target=0, window=0, percentile=100.00%, depth=1

Run status group 0 (all jobs):
  WRITE: bw=1467MiB/s (1538MB/s), 1467MiB/s-1467MiB/s (1538MB/s-1538MB/s), io=512MiB (537MB), run=349-349msec

Disk stats (read/write):
  nvme0n1: ios=0/0, merge=0/0, ticks=0/0, in_queue=0, util=0.00%
