buffered-read: (g=0): rw=read, bs=(R) 100MiB-100MiB, (W) 100MiB-100MiB, (T) 100MiB-100MiB, ioengine=psync, iodepth=1
fio-3.33
Starting 1 process

buffered-read: (groupid=0, jobs=1): err= 0: pid=4191: Mon Aug 11 19:49:54 2025
  read: IOPS=9, BW=946MiB/s (992MB/s)(1000MiB/1057msec)
    clat (msec): min=87, max=132, avg=105.62, stdev=14.89
     lat (msec): min=87, max=132, avg=105.62, stdev=14.89
    clat percentiles (msec):
     |  1.00th=[   88],  5.00th=[   88], 10.00th=[   88], 20.00th=[   89],
     | 30.00th=[   96], 40.00th=[   99], 50.00th=[  100], 60.00th=[  104],
     | 70.00th=[  112], 80.00th=[  118], 90.00th=[  123], 95.00th=[  133],
     | 99.00th=[  133], 99.50th=[  133], 99.90th=[  133], 99.95th=[  133],
     | 99.99th=[  133]
   bw (  KiB/s): min=819200, max=1024000, per=95.13%, avg=921600.00, stdev=144815.47, samples=2
   iops        : min=    8, max=   10, avg= 9.00, stdev= 1.41, samples=2
  lat (msec)   : 100=50.00%, 250=50.00%
  cpu          : usr=0.28%, sys=99.15%, ctx=54, majf=0, minf=6406
  IO depths    : 1=100.0%, 2=0.0%, 4=0.0%, 8=0.0%, 16=0.0%, 32=0.0%, >=64=0.0%
     submit    : 0=0.0%, 4=100.0%, 8=0.0%, 16=0.0%, 32=0.0%, 64=0.0%, >=64=0.0%
     complete  : 0=0.0%, 4=100.0%, 8=0.0%, 16=0.0%, 32=0.0%, 64=0.0%, >=64=0.0%
     issued rwts: total=10,0,0,0 short=0,0,0,0 dropped=0,0,0,0
     latency   : target=0, window=0, percentile=100.00%, depth=1

Run status group 0 (all jobs):
   READ: bw=946MiB/s (992MB/s), 946MiB/s-946MiB/s (992MB/s-992MB/s), io=1000MiB (1049MB), run=1057-1057msec

Disk stats (read/write):
  nvme0n1: ios=30/0, merge=89/0, ticks=7/0, in_queue=6, util=0.40%
