buffered-read: (g=0): rw=read, bs=(R) 4096B-4096B, (W) 4096B-4096B, (T) 4096B-4096B, ioengine=psync, iodepth=1
fio-3.33
Starting 1 process

buffered-read: (groupid=0, jobs=1): err= 0: pid=3218: Thu Aug 14 22:45:19 2025
  read: IOPS=102k, BW=397MiB/s (417MB/s)(512MiB/1289msec)
    clat (nsec): min=629, max=1102.5k, avg=9502.05, stdev=69818.61
     lat (nsec): min=685, max=1102.6k, avg=9553.01, stdev=69818.58
    clat percentiles (nsec):
     |  1.00th=[   652],  5.00th=[   668], 10.00th=[   668], 20.00th=[   668],
     | 30.00th=[   684], 40.00th=[   708], 50.00th=[   812], 60.00th=[   836],
     | 70.00th=[   852], 80.00th=[   868], 90.00th=[  1004], 95.00th=[  1112],
     | 99.00th=[552960], 99.50th=[561152], 99.90th=[569344], 99.95th=[643072],
     | 99.99th=[970752]
   bw (  KiB/s): min=406464, max=407552, per=100.00%, avg=407008.00, stdev=769.33, samples=2
   iops        : min=101616, max=101888, avg=101752.00, stdev=192.33, samples=2
  lat (nsec)   : 750=44.08%, 1000=45.59%
  lat (usec)   : 2=8.72%, 4=0.02%, 10=0.03%, 20=0.01%, 100=0.01%
  lat (usec)   : 250=0.02%, 500=0.02%, 750=1.48%, 1000=0.03%
  lat (msec)   : 2=0.01%
  cpu          : usr=3.80%, sys=10.64%, ctx=2052, majf=0, minf=6
  IO depths    : 1=100.0%, 2=0.0%, 4=0.0%, 8=0.0%, 16=0.0%, 32=0.0%, >=64=0.0%
     submit    : 0=0.0%, 4=100.0%, 8=0.0%, 16=0.0%, 32=0.0%, 64=0.0%, >=64=0.0%
     complete  : 0=0.0%, 4=100.0%, 8=0.0%, 16=0.0%, 32=0.0%, 64=0.0%, >=64=0.0%
     issued rwts: total=131072,0,0,0 short=0,0,0,0 dropped=0,0,0,0
     latency   : target=0, window=0, percentile=100.00%, depth=1

Run status group 0 (all jobs):
   READ: bw=397MiB/s (417MB/s), 397MiB/s-397MiB/s (417MB/s-417MB/s), io=512MiB (537MB), run=1289-1289msec

Disk stats (read/write):
  nvme0n1: ios=3667/0, merge=89/0, ticks=3727/0, in_queue=3728, util=78.85%
