buffered-write: (g=0): rw=write, bs=(R) 10.0MiB-10.0MiB, (W) 10.0MiB-10.0MiB, (T) 10.0MiB-10.0MiB, ioengine=psync, iodepth=1
fio-3.33
Starting 1 process

buffered-write: (groupid=0, jobs=1): err= 0: pid=3776: Fri Aug 15 07:03:09 2025
  write: IOPS=123, BW=1232MiB/s (1292MB/s)(510MiB/414msec); 0 zone resets
    clat (usec): min=6569, max=7827, avg=7164.05, stdev=237.48
     lat (usec): min=7474, max=8885, avg=8091.18, stdev=296.52
    clat percentiles (usec):
     |  1.00th=[ 6587],  5.00th=[ 6849], 10.00th=[ 6915], 20.00th=[ 7046],
     | 30.00th=[ 7046], 40.00th=[ 7111], 50.00th=[ 7111], 60.00th=[ 7177],
     | 70.00th=[ 7177], 80.00th=[ 7308], 90.00th=[ 7373], 95.00th=[ 7767],
     | 99.00th=[ 7832], 99.50th=[ 7832], 99.90th=[ 7832], 99.95th=[ 7832],
     | 99.99th=[ 7832]
  lat (msec)   : 10=100.00%
  cpu          : usr=0.73%, sys=98.79%, ctx=11, majf=0, minf=6
  IO depths    : 1=100.0%, 2=0.0%, 4=0.0%, 8=0.0%, 16=0.0%, 32=0.0%, >=64=0.0%
     submit    : 0=0.0%, 4=100.0%, 8=0.0%, 16=0.0%, 32=0.0%, 64=0.0%, >=64=0.0%
     complete  : 0=0.0%, 4=100.0%, 8=0.0%, 16=0.0%, 32=0.0%, 64=0.0%, >=64=0.0%
     issued rwts: total=0,51,0,0 short=0,0,0,0 dropped=0,0,0,0
     latency   : target=0, window=0, percentile=100.00%, depth=1

Run status group 0 (all jobs):
  WRITE: bw=1232MiB/s (1292MB/s), 1232MiB/s-1232MiB/s (1292MB/s-1292MB/s), io=510MiB (535MB), run=414-414msec

Disk stats (read/write):
  nvme0n1: ios=0/0, merge=0/0, ticks=0/0, in_queue=0, util=0.00%
