buffered-read: (g=0): rw=read, bs=(R) 10.0MiB-10.0MiB, (W) 10.0MiB-10.0MiB, (T) 10.0MiB-10.0MiB, ioengine=psync, iodepth=1
fio-3.33
Starting 1 process

buffered-read: (groupid=0, jobs=1): err= 0: pid=2588: Fri Aug 15 06:56:56 2025
  read: IOPS=37, BW=379MiB/s (398MB/s)(510MiB/1344msec)
    clat (usec): min=25060, max=32744, avg=26331.55, stdev=2261.63
     lat (usec): min=25061, max=32745, avg=26332.35, stdev=2261.64
    clat percentiles (usec):
     |  1.00th=[25035],  5.00th=[25035], 10.00th=[25035], 20.00th=[25035],
     | 30.00th=[25035], 40.00th=[25035], 50.00th=[25035], 60.00th=[25297],
     | 70.00th=[25297], 80.00th=[27132], 90.00th=[30802], 95.00th=[32113],
     | 99.00th=[32637], 99.50th=[32637], 99.90th=[32637], 99.95th=[32637],
     | 99.99th=[32637]
   bw (  KiB/s): min=348160, max=409600, per=97.51%, avg=378880.00, stdev=43444.64, samples=2
   iops        : min=   34, max=   40, avg=37.00, stdev= 4.24, samples=2
  lat (msec)   : 50=100.00%
  cpu          : usr=0.00%, sys=32.46%, ctx=4045, majf=0, minf=646
  IO depths    : 1=100.0%, 2=0.0%, 4=0.0%, 8=0.0%, 16=0.0%, 32=0.0%, >=64=0.0%
     submit    : 0=0.0%, 4=100.0%, 8=0.0%, 16=0.0%, 32=0.0%, 64=0.0%, >=64=0.0%
     complete  : 0=0.0%, 4=100.0%, 8=0.0%, 16=0.0%, 32=0.0%, 64=0.0%, >=64=0.0%
     issued rwts: total=51,0,0,0 short=0,0,0,0 dropped=0,0,0,0
     latency   : target=0, window=0, percentile=100.00%, depth=1

Run status group 0 (all jobs):
   READ: bw=379MiB/s (398MB/s), 379MiB/s-379MiB/s (398MB/s-398MB/s), io=510MiB (535MB), run=1344-1344msec

Disk stats (read/write):
  nvme0n1: ios=3799/0, merge=770/0, ticks=2245/0, in_queue=2245, util=64.74%
