buffered-read: (g=0): rw=read, bs=(R) 128KiB-128KiB, (W) 128KiB-128KiB, (T) 128KiB-128KiB, ioengine=psync, iodepth=1
fio-3.33
Starting 1 process

buffered-read: (groupid=0, jobs=1): err= 0: pid=4834: Mon Aug 11 19:50:39 2025
  read: IOPS=12.8k, BW=1595MiB/s (1672MB/s)(1024MiB/642msec)
    clat (usec): min=9, max=503, avg=77.78, stdev=63.24
     lat (usec): min=9, max=503, avg=77.85, stdev=63.23
    clat percentiles (usec):
     |  1.00th=[   11],  5.00th=[   12], 10.00th=[   13], 20.00th=[   14],
     | 30.00th=[   15], 40.00th=[   23], 50.00th=[   57], 60.00th=[  128],
     | 70.00th=[  137], 80.00th=[  143], 90.00th=[  147], 95.00th=[  155],
     | 99.00th=[  188], 99.50th=[  206], 99.90th=[  326], 99.95th=[  330],
     | 99.99th=[  502]
   bw (  MiB/s): min= 1588, max= 1588, per=99.59%, avg=1588.50, stdev= 0.00, samples=1
   iops        : min=12708, max=12708, avg=12708.00, stdev= 0.00, samples=1
  lat (usec)   : 10=0.32%, 20=36.77%, 50=12.88%, 100=0.77%, 250=49.07%
  lat (usec)   : 500=0.18%, 750=0.01%
  cpu          : usr=1.09%, sys=98.13%, ctx=40, majf=0, minf=13
  IO depths    : 1=100.0%, 2=0.0%, 4=0.0%, 8=0.0%, 16=0.0%, 32=0.0%, >=64=0.0%
     submit    : 0=0.0%, 4=100.0%, 8=0.0%, 16=0.0%, 32=0.0%, 64=0.0%, >=64=0.0%
     complete  : 0=0.0%, 4=100.0%, 8=0.0%, 16=0.0%, 32=0.0%, 64=0.0%, >=64=0.0%
     issued rwts: total=8192,0,0,0 short=0,0,0,0 dropped=0,0,0,0
     latency   : target=0, window=0, percentile=100.00%, depth=1

Run status group 0 (all jobs):
   READ: bw=1595MiB/s (1672MB/s), 1595MiB/s-1595MiB/s (1672MB/s-1672MB/s), io=1024MiB (1074MB), run=642-642msec

Disk stats (read/write):
  nvme0n1: ios=12/0, merge=0/0, ticks=1/0, in_queue=1, util=0.00%
