buffered-read: (g=0): rw=read, bs=(R) 10.0MiB-10.0MiB, (W) 10.0MiB-10.0MiB, (T) 10.0MiB-10.0MiB, ioengine=psync, iodepth=1
fio-3.33
Starting 1 process

buffered-read: (groupid=0, jobs=1): err= 0: pid=3991: Mon Aug 11 19:49:39 2025
  read: IOPS=84, BW=844MiB/s (885MB/s)(1020MiB/1209msec)
    clat (usec): min=7948, max=14177, avg=11841.40, stdev=1819.04
     lat (usec): min=7949, max=14178, avg=11841.95, stdev=1819.07
    clat percentiles (usec):
     |  1.00th=[ 7963],  5.00th=[ 8586], 10.00th=[ 9110], 20.00th=[ 9896],
     | 30.00th=[10552], 40.00th=[11338], 50.00th=[12387], 60.00th=[13042],
     | 70.00th=[13173], 80.00th=[13566], 90.00th=[13829], 95.00th=[13960],
     | 99.00th=[14091], 99.50th=[14222], 99.90th=[14222], 99.95th=[14222],
     | 99.99th=[14222]
   bw (  KiB/s): min=797125, max=860160, per=95.92%, avg=828642.50, stdev=44572.48, samples=2
   iops        : min=   77, max=   84, avg=80.50, stdev= 4.95, samples=2
  lat (msec)   : 10=20.59%, 20=79.41%
  cpu          : usr=0.00%, sys=99.83%, ctx=49, majf=0, minf=647
  IO depths    : 1=100.0%, 2=0.0%, 4=0.0%, 8=0.0%, 16=0.0%, 32=0.0%, >=64=0.0%
     submit    : 0=0.0%, 4=100.0%, 8=0.0%, 16=0.0%, 32=0.0%, 64=0.0%, >=64=0.0%
     complete  : 0=0.0%, 4=100.0%, 8=0.0%, 16=0.0%, 32=0.0%, 64=0.0%, >=64=0.0%
     issued rwts: total=102,0,0,0 short=0,0,0,0 dropped=0,0,0,0
     latency   : target=0, window=0, percentile=100.00%, depth=1

Run status group 0 (all jobs):
   READ: bw=844MiB/s (885MB/s), 844MiB/s-844MiB/s (885MB/s-885MB/s), io=1020MiB (1070MB), run=1209-1209msec

Disk stats (read/write):
  nvme0n1: ios=18/0, merge=0/0, ticks=2/0, in_queue=2, util=0.00%
