buffered-read: (g=0): rw=read, bs=(R) 10.0MiB-10.0MiB, (W) 10.0MiB-10.0MiB, (T) 10.0MiB-10.0MiB, ioengine=psync, iodepth=1
fio-3.33
Starting 1 process

buffered-read: (groupid=0, jobs=1): err= 0: pid=4111: Mon Aug 11 19:49:48 2025
  read: IOPS=89, BW=899MiB/s (943MB/s)(1020MiB/1134msec)
    clat (usec): min=9015, max=12919, avg=11105.32, stdev=1313.08
     lat (usec): min=9015, max=12920, avg=11105.90, stdev=1313.07
    clat percentiles (usec):
     |  1.00th=[ 8979],  5.00th=[ 9110], 10.00th=[ 9241], 20.00th=[ 9503],
     | 30.00th=[10028], 40.00th=[10814], 50.00th=[11600], 60.00th=[11994],
     | 70.00th=[12125], 80.00th=[12256], 90.00th=[12518], 95.00th=[12649],
     | 99.00th=[12911], 99.50th=[12911], 99.90th=[12911], 99.95th=[12911],
     | 99.99th=[12911]
   bw (  KiB/s): min=838003, max=983040, per=98.86%, avg=910521.50, stdev=102556.65, samples=2
   iops        : min=   81, max=   96, avg=88.50, stdev=10.61, samples=2
  lat (msec)   : 10=28.43%, 20=71.57%
  cpu          : usr=0.00%, sys=99.74%, ctx=58, majf=0, minf=646
  IO depths    : 1=100.0%, 2=0.0%, 4=0.0%, 8=0.0%, 16=0.0%, 32=0.0%, >=64=0.0%
     submit    : 0=0.0%, 4=100.0%, 8=0.0%, 16=0.0%, 32=0.0%, 64=0.0%, >=64=0.0%
     complete  : 0=0.0%, 4=100.0%, 8=0.0%, 16=0.0%, 32=0.0%, 64=0.0%, >=64=0.0%
     issued rwts: total=102,0,0,0 short=0,0,0,0 dropped=0,0,0,0
     latency   : target=0, window=0, percentile=100.00%, depth=1

Run status group 0 (all jobs):
   READ: bw=899MiB/s (943MB/s), 899MiB/s-899MiB/s (943MB/s-943MB/s), io=1020MiB (1070MB), run=1134-1134msec

Disk stats (read/write):
  nvme0n1: ios=15/0, merge=0/0, ticks=1/0, in_queue=2, util=0.00%
