buffered-read: (g=0): rw=read, bs=(R) 1024KiB-1024KiB, (W) 1024KiB-1024KiB, (T) 1024KiB-1024KiB, ioengine=psync, iodepth=1
fio-3.33
Starting 1 process

buffered-read: (groupid=0, jobs=1): err= 0: pid=3951: Mon Aug 11 19:49:36 2025
  read: IOPS=1286, BW=1286MiB/s (1349MB/s)(1024MiB/796msec)
    clat (usec): min=586, max=1339, avg=775.06, stdev=122.06
     lat (usec): min=586, max=1339, avg=775.24, stdev=122.07
    clat percentiles (usec):
     |  1.00th=[  644],  5.00th=[  660], 10.00th=[  668], 20.00th=[  685],
     | 30.00th=[  693], 40.00th=[  701], 50.00th=[  717], 60.00th=[  734],
     | 70.00th=[  791], 80.00th=[  930], 90.00th=[  971], 95.00th=[ 1004],
     | 99.00th=[ 1057], 99.50th=[ 1074], 99.90th=[ 1156], 99.95th=[ 1336],
     | 99.99th=[ 1336]
   bw (  MiB/s): min= 1360, max= 1360, per=100.00%, avg=1360.00, stdev= 0.00, samples=1
   iops        : min= 1360, max= 1360, avg=1360.00, stdev= 0.00, samples=1
  lat (usec)   : 750=64.06%, 1000=30.18%
  lat (msec)   : 2=5.76%
  cpu          : usr=0.00%, sys=99.62%, ctx=47, majf=0, minf=70
  IO depths    : 1=100.0%, 2=0.0%, 4=0.0%, 8=0.0%, 16=0.0%, 32=0.0%, >=64=0.0%
     submit    : 0=0.0%, 4=100.0%, 8=0.0%, 16=0.0%, 32=0.0%, 64=0.0%, >=64=0.0%
     complete  : 0=0.0%, 4=100.0%, 8=0.0%, 16=0.0%, 32=0.0%, 64=0.0%, >=64=0.0%
     issued rwts: total=1024,0,0,0 short=0,0,0,0 dropped=0,0,0,0
     latency   : target=0, window=0, percentile=100.00%, depth=1

Run status group 0 (all jobs):
   READ: bw=1286MiB/s (1349MB/s), 1286MiB/s-1286MiB/s (1349MB/s-1349MB/s), io=1024MiB (1074MB), run=796-796msec

Disk stats (read/write):
  nvme0n1: ios=30/0, merge=89/0, ticks=8/0, in_queue=7, util=1.07%
