buffered-read: (g=0): rw=read, bs=(R) 1024KiB-1024KiB, (W) 1024KiB-1024KiB, (T) 1024KiB-1024KiB, ioengine=psync, iodepth=1
fio-3.33
Starting 1 process

buffered-read: (groupid=0, jobs=1): err= 0: pid=2536: Thu Aug 14 22:44:04 2025
  read: IOPS=397, BW=398MiB/s (417MB/s)(512MiB/1288msec)
    clat (usec): min=2032, max=3064, avg=2512.57, stdev=199.75
     lat (usec): min=2032, max=3065, avg=2512.72, stdev=199.75
    clat percentiles (usec):
     |  1.00th=[ 2089],  5.00th=[ 2147], 10.00th=[ 2245], 20.00th=[ 2343],
     | 30.00th=[ 2409], 40.00th=[ 2474], 50.00th=[ 2507], 60.00th=[ 2573],
     | 70.00th=[ 2606], 80.00th=[ 2704], 90.00th=[ 2769], 95.00th=[ 2835],
     | 99.00th=[ 2933], 99.50th=[ 2966], 99.90th=[ 3064], 99.95th=[ 3064],
     | 99.99th=[ 3064]
   bw (  KiB/s): min=405504, max=409600, per=100.00%, avg=407552.00, stdev=2896.31, samples=2
   iops        : min=  396, max=  400, avg=398.00, stdev= 2.83, samples=2
  lat (msec)   : 4=100.00%
  cpu          : usr=0.00%, sys=7.46%, ctx=2049, majf=0, minf=70
  IO depths    : 1=100.0%, 2=0.0%, 4=0.0%, 8=0.0%, 16=0.0%, 32=0.0%, >=64=0.0%
     submit    : 0=0.0%, 4=100.0%, 8=0.0%, 16=0.0%, 32=0.0%, 64=0.0%, >=64=0.0%
     complete  : 0=0.0%, 4=100.0%, 8=0.0%, 16=0.0%, 32=0.0%, 64=0.0%, >=64=0.0%
     issued rwts: total=512,0,0,0 short=0,0,0,0 dropped=0,0,0,0
     latency   : target=0, window=0, percentile=100.00%, depth=1

Run status group 0 (all jobs):
   READ: bw=398MiB/s (417MB/s), 398MiB/s-398MiB/s (417MB/s-417MB/s), io=512MiB (537MB), run=1288-1288msec

Disk stats (read/write):
  nvme0n1: ios=3655/0, merge=0/0, ticks=3875/0, in_queue=3876, util=84.29%
