buffered-write: (g=0): rw=write, bs=(R) 1024KiB-1024KiB, (W) 1024KiB-1024KiB, (T) 1024KiB-1024KiB, ioengine=psync, iodepth=1
fio-3.33
Starting 1 process

buffered-write: (groupid=0, jobs=1): err= 0: pid=4128: Mon Aug 11 19:15:18 2025
  write: IOPS=1759, BW=1759MiB/s (1845MB/s)(1024MiB/582msec); 0 zone resets
    clat (usec): min=364, max=943, avg=538.17, stdev=70.22
     lat (usec): min=377, max=1065, avg=551.77, stdev=71.15
    clat percentiles (usec):
     |  1.00th=[  375],  5.00th=[  396], 10.00th=[  424], 20.00th=[  474],
     | 30.00th=[  529], 40.00th=[  545], 50.00th=[  562], 60.00th=[  570],
     | 70.00th=[  578], 80.00th=[  586], 90.00th=[  611], 95.00th=[  627],
     | 99.00th=[  660], 99.50th=[  676], 99.90th=[  750], 99.95th=[  947],
     | 99.99th=[  947]
   bw (  MiB/s): min= 1770, max= 1770, per=100.00%, avg=1770.00, stdev= 0.00, samples=1
   iops        : min= 1770, max= 1770, avg=1770.00, stdev= 0.00, samples=1
  lat (usec)   : 500=22.56%, 750=77.25%, 1000=0.20%
  cpu          : usr=2.58%, sys=96.73%, ctx=18, majf=0, minf=6
  IO depths    : 1=100.0%, 2=0.0%, 4=0.0%, 8=0.0%, 16=0.0%, 32=0.0%, >=64=0.0%
     submit    : 0=0.0%, 4=100.0%, 8=0.0%, 16=0.0%, 32=0.0%, 64=0.0%, >=64=0.0%
     complete  : 0=0.0%, 4=100.0%, 8=0.0%, 16=0.0%, 32=0.0%, 64=0.0%, >=64=0.0%
     issued rwts: total=0,1024,0,0 short=0,0,0,0 dropped=0,0,0,0
     latency   : target=0, window=0, percentile=100.00%, depth=1

Run status group 0 (all jobs):
  WRITE: bw=1759MiB/s (1845MB/s), 1759MiB/s-1759MiB/s (1845MB/s-1845MB/s), io=1024MiB (1074MB), run=582-582msec

Disk stats (read/write):
  nvme0n1: ios=0/0, merge=0/0, ticks=0/0, in_queue=0, util=0.00%
