buffered-read: (g=0): rw=read, bs=(R) 128KiB-128KiB, (W) 128KiB-128KiB, (T) 128KiB-128KiB, ioengine=psync, iodepth=1
fio-3.33
Starting 1 process

buffered-read: (groupid=0, jobs=1): err= 0: pid=4914: Mon Aug 11 19:50:43 2025
  read: IOPS=13.0k, BW=1628MiB/s (1707MB/s)(1024MiB/629msec)
    clat (usec): min=9, max=500, avg=76.10, stdev=62.67
     lat (usec): min=9, max=500, avg=76.16, stdev=62.66
    clat percentiles (usec):
     |  1.00th=[   11],  5.00th=[   11], 10.00th=[   12], 20.00th=[   13],
     | 30.00th=[   15], 40.00th=[   21], 50.00th=[   81], 60.00th=[  124],
     | 70.00th=[  135], 80.00th=[  141], 90.00th=[  147], 95.00th=[  153],
     | 99.00th=[  182], 99.50th=[  198], 99.90th=[  326], 99.95th=[  347],
     | 99.99th=[  502]
   bw (  MiB/s): min= 1614, max= 1614, per=99.16%, avg=1614.25, stdev= 0.00, samples=1
   iops        : min=12914, max=12914, avg=12914.00, stdev= 0.00, samples=1
  lat (usec)   : 10=0.35%, 20=39.10%, 50=10.46%, 100=1.33%, 250=48.54%
  lat (usec)   : 500=0.20%, 750=0.02%
  cpu          : usr=0.00%, sys=99.52%, ctx=55, majf=0, minf=13
  IO depths    : 1=100.0%, 2=0.0%, 4=0.0%, 8=0.0%, 16=0.0%, 32=0.0%, >=64=0.0%
     submit    : 0=0.0%, 4=100.0%, 8=0.0%, 16=0.0%, 32=0.0%, 64=0.0%, >=64=0.0%
     complete  : 0=0.0%, 4=100.0%, 8=0.0%, 16=0.0%, 32=0.0%, 64=0.0%, >=64=0.0%
     issued rwts: total=8192,0,0,0 short=0,0,0,0 dropped=0,0,0,0
     latency   : target=0, window=0, percentile=100.00%, depth=1

Run status group 0 (all jobs):
   READ: bw=1628MiB/s (1707MB/s), 1628MiB/s-1628MiB/s (1707MB/s-1707MB/s), io=1024MiB (1074MB), run=629-629msec

Disk stats (read/write):
  nvme0n1: ios=26/0, merge=89/0, ticks=7/0, in_queue=6, util=0.80%
