buffered-write: (g=0): rw=write, bs=(R) 4096B-4096B, (W) 4096B-4096B, (T) 4096B-4096B, ioengine=psync, iodepth=1
fio-3.33
Starting 1 process

buffered-write: (groupid=0, jobs=1): err= 0: pid=5248: Mon Aug 11 19:16:12 2025
  write: IOPS=286k, BW=1119MiB/s (1173MB/s)(1024MiB/915msec); 0 zone resets
    clat (nsec): min=1889, max=109094, avg=3019.56, stdev=569.31
     lat (nsec): min=1982, max=109224, avg=3116.45, stdev=575.07
    clat percentiles (nsec):
     |  1.00th=[ 2256],  5.00th=[ 2384], 10.00th=[ 2480], 20.00th=[ 2608],
     | 30.00th=[ 2736], 40.00th=[ 2832], 50.00th=[ 2960], 60.00th=[ 3088],
     | 70.00th=[ 3248], 80.00th=[ 3408], 90.00th=[ 3632], 95.00th=[ 3856],
     | 99.00th=[ 4192], 99.50th=[ 4384], 99.90th=[ 5344], 99.95th=[ 7072],
     | 99.99th=[14400]
   bw (  MiB/s): min= 1082, max= 1082, per=96.70%, avg=1082.16, stdev= 0.00, samples=1
   iops        : min=277034, max=277034, avg=277034.00, stdev= 0.00, samples=1
  lat (usec)   : 2=0.01%, 4=96.96%, 10=3.02%, 20=0.02%, 50=0.01%
  lat (usec)   : 100=0.01%, 250=0.01%
  cpu          : usr=19.15%, sys=80.85%, ctx=13, majf=0, minf=6
  IO depths    : 1=100.0%, 2=0.0%, 4=0.0%, 8=0.0%, 16=0.0%, 32=0.0%, >=64=0.0%
     submit    : 0=0.0%, 4=100.0%, 8=0.0%, 16=0.0%, 32=0.0%, 64=0.0%, >=64=0.0%
     complete  : 0=0.0%, 4=100.0%, 8=0.0%, 16=0.0%, 32=0.0%, 64=0.0%, >=64=0.0%
     issued rwts: total=0,262144,0,0 short=0,0,0,0 dropped=0,0,0,0
     latency   : target=0, window=0, percentile=100.00%, depth=1

Run status group 0 (all jobs):
  WRITE: bw=1119MiB/s (1173MB/s), 1119MiB/s-1119MiB/s (1173MB/s-1173MB/s), io=1024MiB (1074MB), run=915-915msec

Disk stats (read/write):
  nvme0n1: ios=0/0, merge=0/0, ticks=0/0, in_queue=0, util=0.00%
