buffered-write: (g=0): rw=write, bs=(R) 4096B-4096B, (W) 4096B-4096B, (T) 4096B-4096B, ioengine=psync, iodepth=1
fio-3.33
Starting 1 process

buffered-write: (groupid=0, jobs=1): err= 0: pid=4186: Fri Aug 15 07:03:32 2025
  write: IOPS=169k, BW=661MiB/s (694MB/s)(512MiB/774msec); 0 zone resets
    clat (nsec): min=3926, max=54704, avg=5515.34, stdev=502.67
     lat (nsec): min=4000, max=54759, avg=5590.75, stdev=503.71
    clat percentiles (nsec):
     |  1.00th=[ 4640],  5.00th=[ 4832], 10.00th=[ 5024], 20.00th=[ 5216],
     | 30.00th=[ 5280], 40.00th=[ 5408], 50.00th=[ 5536], 60.00th=[ 5600],
     | 70.00th=[ 5728], 80.00th=[ 5856], 90.00th=[ 5984], 95.00th=[ 6112],
     | 99.00th=[ 6368], 99.50th=[ 6496], 99.90th=[ 9408], 99.95th=[11072],
     | 99.99th=[17024]
   bw (  KiB/s): min=687584, max=687584, per=100.00%, avg=687584.00, stdev= 0.00, samples=1
   iops        : min=171896, max=171896, avg=171896.00, stdev= 0.00, samples=1
  lat (usec)   : 4=0.01%, 10=99.92%, 20=0.07%, 50=0.01%, 100=0.01%
  cpu          : usr=8.15%, sys=91.46%, ctx=8, majf=0, minf=6
  IO depths    : 1=100.0%, 2=0.0%, 4=0.0%, 8=0.0%, 16=0.0%, 32=0.0%, >=64=0.0%
     submit    : 0=0.0%, 4=100.0%, 8=0.0%, 16=0.0%, 32=0.0%, 64=0.0%, >=64=0.0%
     complete  : 0=0.0%, 4=100.0%, 8=0.0%, 16=0.0%, 32=0.0%, 64=0.0%, >=64=0.0%
     issued rwts: total=0,131072,0,0 short=0,0,0,0 dropped=0,0,0,0
     latency   : target=0, window=0, percentile=100.00%, depth=1

Run status group 0 (all jobs):
  WRITE: bw=661MiB/s (694MB/s), 661MiB/s-661MiB/s (694MB/s-694MB/s), io=512MiB (537MB), run=774-774msec

Disk stats (read/write):
  nvme0n1: ios=0/0, merge=0/0, ticks=0/0, in_queue=0, util=0.00%
