buffered-write: (g=0): rw=write, bs=(R) 100MiB-100MiB, (W) 100MiB-100MiB, (T) 100MiB-100MiB, ioengine=psync, iodepth=1
fio-3.33
Starting 1 process

buffered-write: (groupid=0, jobs=1): err= 0: pid=4623: Mon Aug 11 19:15:37 2025
  write: IOPS=14, BW=1464MiB/s (1535MB/s)(1000MiB/683msec); 0 zone resets
    clat (usec): min=53021, max=63123, avg=56913.37, stdev=2765.14
     lat (usec): min=63540, max=71965, avg=66847.27, stdev=2625.25
    clat percentiles (usec):
     |  1.00th=[53216],  5.00th=[53216], 10.00th=[53216], 20.00th=[54789],
     | 30.00th=[55313], 40.00th=[56361], 50.00th=[56886], 60.00th=[56886],
     | 70.00th=[56886], 80.00th=[56886], 90.00th=[59507], 95.00th=[63177],
     | 99.00th=[63177], 99.50th=[63177], 99.90th=[63177], 99.95th=[63177],
     | 99.99th=[63177]
   bw (  MiB/s): min= 1400, max= 1400, per=95.62%, avg=1400.00, stdev= 0.00, samples=1
   iops        : min=   14, max=   14, avg=14.00, stdev= 0.00, samples=1
  lat (msec)   : 100=100.00%
  cpu          : usr=14.08%, sys=85.92%, ctx=30, majf=0, minf=6
  IO depths    : 1=100.0%, 2=0.0%, 4=0.0%, 8=0.0%, 16=0.0%, 32=0.0%, >=64=0.0%
     submit    : 0=0.0%, 4=100.0%, 8=0.0%, 16=0.0%, 32=0.0%, 64=0.0%, >=64=0.0%
     complete  : 0=0.0%, 4=100.0%, 8=0.0%, 16=0.0%, 32=0.0%, 64=0.0%, >=64=0.0%
     issued rwts: total=0,10,0,0 short=0,0,0,0 dropped=0,0,0,0
     latency   : target=0, window=0, percentile=100.00%, depth=1

Run status group 0 (all jobs):
  WRITE: bw=1464MiB/s (1535MB/s), 1464MiB/s-1464MiB/s (1535MB/s-1535MB/s), io=1000MiB (1049MB), run=683-683msec

Disk stats (read/write):
  nvme0n1: ios=0/0, merge=0/0, ticks=0/0, in_queue=0, util=0.00%
