buffered-write: (g=0): rw=write, bs=(R) 1024KiB-1024KiB, (W) 1024KiB-1024KiB, (T) 1024KiB-1024KiB, ioengine=psync, iodepth=1
fio-3.33
Starting 1 process

buffered-write: (groupid=0, jobs=1): err= 0: pid=4206: Mon Aug 11 19:15:21 2025
  write: IOPS=1617, BW=1618MiB/s (1696MB/s)(1024MiB/633msec); 0 zone resets
    clat (usec): min=403, max=977, avg=584.35, stdev=70.58
     lat (usec): min=417, max=1104, avg=602.13, stdev=71.64
    clat percentiles (usec):
     |  1.00th=[  416],  5.00th=[  437], 10.00th=[  474], 20.00th=[  529],
     | 30.00th=[  562], 40.00th=[  594], 50.00th=[  611], 60.00th=[  619],
     | 70.00th=[  627], 80.00th=[  635], 90.00th=[  644], 95.00th=[  660],
     | 99.00th=[  685], 99.50th=[  725], 99.90th=[  947], 99.95th=[  979],
     | 99.99th=[  979]
   bw (  MiB/s): min= 1626, max= 1626, per=100.00%, avg=1626.00, stdev= 0.00, samples=1
   iops        : min= 1626, max= 1626, avg=1626.00, stdev= 0.00, samples=1
  lat (usec)   : 500=17.38%, 750=82.23%, 1000=0.39%
  cpu          : usr=3.01%, sys=96.20%, ctx=13, majf=0, minf=6
  IO depths    : 1=100.0%, 2=0.0%, 4=0.0%, 8=0.0%, 16=0.0%, 32=0.0%, >=64=0.0%
     submit    : 0=0.0%, 4=100.0%, 8=0.0%, 16=0.0%, 32=0.0%, 64=0.0%, >=64=0.0%
     complete  : 0=0.0%, 4=100.0%, 8=0.0%, 16=0.0%, 32=0.0%, 64=0.0%, >=64=0.0%
     issued rwts: total=0,1024,0,0 short=0,0,0,0 dropped=0,0,0,0
     latency   : target=0, window=0, percentile=100.00%, depth=1

Run status group 0 (all jobs):
  WRITE: bw=1618MiB/s (1696MB/s), 1618MiB/s-1618MiB/s (1696MB/s-1696MB/s), io=1024MiB (1074MB), run=633-633msec

Disk stats (read/write):
  nvme0n1: ios=0/2, merge=0/10, ticks=0/0, in_queue=1, util=0.00%
