buffered-write: (g=0): rw=write, bs=(R) 4096B-4096B, (W) 4096B-4096B, (T) 4096B-4096B, ioengine=psync, iodepth=1
fio-3.33
Starting 1 process

buffered-write: (groupid=0, jobs=1): err= 0: pid=5352: Mon Aug 11 19:16:17 2025
  write: IOPS=286k, BW=1115MiB/s (1170MB/s)(1024MiB/918msec); 0 zone resets
    clat (nsec): min=1963, max=63538, avg=3027.22, stdev=532.88
     lat (nsec): min=2055, max=66242, avg=3123.88, stdev=536.68
    clat percentiles (nsec):
     |  1.00th=[ 2256],  5.00th=[ 2384], 10.00th=[ 2480], 20.00th=[ 2640],
     | 30.00th=[ 2736], 40.00th=[ 2864], 50.00th=[ 2960], 60.00th=[ 3120],
     | 70.00th=[ 3248], 80.00th=[ 3408], 90.00th=[ 3600], 95.00th=[ 3792],
     | 99.00th=[ 4128], 99.50th=[ 4320], 99.90th=[ 5472], 99.95th=[ 7584],
     | 99.99th=[14272]
   bw (  MiB/s): min= 1081, max= 1081, per=96.98%, avg=1081.76, stdev= 0.00, samples=1
   iops        : min=276930, max=276930, avg=276930.00, stdev= 0.00, samples=1
  lat (usec)   : 2=0.01%, 4=97.87%, 10=2.10%, 20=0.02%, 50=0.01%
  lat (usec)   : 100=0.01%
  cpu          : usr=12.98%, sys=86.70%, ctx=10, majf=0, minf=6
  IO depths    : 1=100.0%, 2=0.0%, 4=0.0%, 8=0.0%, 16=0.0%, 32=0.0%, >=64=0.0%
     submit    : 0=0.0%, 4=100.0%, 8=0.0%, 16=0.0%, 32=0.0%, 64=0.0%, >=64=0.0%
     complete  : 0=0.0%, 4=100.0%, 8=0.0%, 16=0.0%, 32=0.0%, 64=0.0%, >=64=0.0%
     issued rwts: total=0,262144,0,0 short=0,0,0,0 dropped=0,0,0,0
     latency   : target=0, window=0, percentile=100.00%, depth=1

Run status group 0 (all jobs):
  WRITE: bw=1115MiB/s (1170MB/s), 1115MiB/s-1115MiB/s (1170MB/s-1170MB/s), io=1024MiB (1074MB), run=918-918msec

Disk stats (read/write):
  nvme0n1: ios=0/0, merge=0/0, ticks=0/0, in_queue=0, util=0.00%
