buffered-write: (g=0): rw=write, bs=(R) 4096B-4096B, (W) 4096B-4096B, (T) 4096B-4096B, ioengine=psync, iodepth=1
fio-3.33
Starting 1 process

buffered-write: (groupid=0, jobs=1): err= 0: pid=4102: Fri Aug 15 07:03:25 2025
  write: IOPS=166k, BW=650MiB/s (681MB/s)(512MiB/788msec); 0 zone resets
    clat (usec): min=3, max=262, avg= 5.62, stdev= 1.05
     lat (usec): min=3, max=262, avg= 5.70, stdev= 1.05
    clat percentiles (nsec):
     |  1.00th=[ 4768],  5.00th=[ 5024], 10.00th=[ 5088], 20.00th=[ 5280],
     | 30.00th=[ 5408], 40.00th=[ 5536], 50.00th=[ 5664], 60.00th=[ 5728],
     | 70.00th=[ 5856], 80.00th=[ 5920], 90.00th=[ 6048], 95.00th=[ 6176],
     | 99.00th=[ 6432], 99.50th=[ 6624], 99.90th=[10304], 99.95th=[12736],
     | 99.99th=[22400]
   bw (  KiB/s): min=666832, max=666832, per=100.00%, avg=666832.00, stdev= 0.00, samples=1
   iops        : min=166708, max=166708, avg=166708.00, stdev= 0.00, samples=1
  lat (usec)   : 4=0.01%, 10=99.89%, 20=0.09%, 50=0.01%, 100=0.01%
  lat (usec)   : 250=0.01%, 500=0.01%
  cpu          : usr=12.07%, sys=87.42%, ctx=11, majf=0, minf=6
  IO depths    : 1=100.0%, 2=0.0%, 4=0.0%, 8=0.0%, 16=0.0%, 32=0.0%, >=64=0.0%
     submit    : 0=0.0%, 4=100.0%, 8=0.0%, 16=0.0%, 32=0.0%, 64=0.0%, >=64=0.0%
     complete  : 0=0.0%, 4=100.0%, 8=0.0%, 16=0.0%, 32=0.0%, 64=0.0%, >=64=0.0%
     issued rwts: total=0,131072,0,0 short=0,0,0,0 dropped=0,0,0,0
     latency   : target=0, window=0, percentile=100.00%, depth=1

Run status group 0 (all jobs):
  WRITE: bw=650MiB/s (681MB/s), 650MiB/s-650MiB/s (681MB/s-681MB/s), io=512MiB (537MB), run=788-788msec

Disk stats (read/write):
  nvme0n1: ios=0/0, merge=0/0, ticks=0/0, in_queue=0, util=0.00%
