buffered-write: (g=0): rw=write, bs=(R) 4096B-4096B, (W) 4096B-4096B, (T) 4096B-4096B, ioengine=psync, iodepth=1
fio-3.33
Starting 1 process

buffered-write: (groupid=0, jobs=1): err= 0: pid=5170: Mon Aug 11 19:16:08 2025
  write: IOPS=271k, BW=1058MiB/s (1109MB/s)(1024MiB/968msec); 0 zone resets
    clat (nsec): min=1926, max=173244, avg=3230.92, stdev=675.31
     lat (nsec): min=2037, max=176077, avg=3325.69, stdev=679.57
    clat percentiles (nsec):
     |  1.00th=[ 2320],  5.00th=[ 2512], 10.00th=[ 2640], 20.00th=[ 2800],
     | 30.00th=[ 2960], 40.00th=[ 3088], 50.00th=[ 3216], 60.00th=[ 3344],
     | 70.00th=[ 3472], 80.00th=[ 3632], 90.00th=[ 3824], 95.00th=[ 4016],
     | 99.00th=[ 4384], 99.50th=[ 4576], 99.90th=[ 6560], 99.95th=[ 9792],
     | 99.99th=[16512]
   bw (  KiB/s): min=1020088, max=1020088, per=94.17%, avg=1020088.00, stdev= 0.00, samples=1
   iops        : min=255022, max=255022, avg=255022.00, stdev= 0.00, samples=1
  lat (usec)   : 2=0.01%, 4=94.96%, 10=5.00%, 20=0.04%, 50=0.01%
  lat (usec)   : 100=0.01%, 250=0.01%
  cpu          : usr=13.96%, sys=85.83%, ctx=12, majf=0, minf=6
  IO depths    : 1=100.0%, 2=0.0%, 4=0.0%, 8=0.0%, 16=0.0%, 32=0.0%, >=64=0.0%
     submit    : 0=0.0%, 4=100.0%, 8=0.0%, 16=0.0%, 32=0.0%, 64=0.0%, >=64=0.0%
     complete  : 0=0.0%, 4=100.0%, 8=0.0%, 16=0.0%, 32=0.0%, 64=0.0%, >=64=0.0%
     issued rwts: total=0,262144,0,0 short=0,0,0,0 dropped=0,0,0,0
     latency   : target=0, window=0, percentile=100.00%, depth=1

Run status group 0 (all jobs):
  WRITE: bw=1058MiB/s (1109MB/s), 1058MiB/s-1058MiB/s (1109MB/s-1109MB/s), io=1024MiB (1074MB), run=968-968msec

Disk stats (read/write):
  nvme0n1: ios=0/0, merge=0/0, ticks=0/0, in_queue=0, util=0.00%
