buffered-write: (g=0): rw=write, bs=(R) 1024KiB-1024KiB, (W) 1024KiB-1024KiB, (T) 1024KiB-1024KiB, ioengine=psync, iodepth=1
fio-3.33
Starting 1 process

buffered-write: (groupid=0, jobs=1): err= 0: pid=4180: Mon Aug 11 19:15:20 2025
  write: IOPS=1654, BW=1654MiB/s (1735MB/s)(1024MiB/619msec); 0 zone resets
    clat (usec): min=396, max=1038, avg=569.73, stdev=66.93
     lat (usec): min=412, max=1130, avg=588.21, stdev=68.05
    clat percentiles (usec):
     |  1.00th=[  404],  5.00th=[  429], 10.00th=[  461], 20.00th=[  506],
     | 30.00th=[  553], 40.00th=[  578], 50.00th=[  594], 60.00th=[  603],
     | 70.00th=[  611], 80.00th=[  619], 90.00th=[  635], 95.00th=[  644],
     | 99.00th=[  668], 99.50th=[  685], 99.90th=[  701], 99.95th=[ 1037],
     | 99.99th=[ 1037]
   bw (  MiB/s): min= 1660, max= 1660, per=100.00%, avg=1660.00, stdev= 0.00, samples=1
   iops        : min= 1660, max= 1660, avg=1660.00, stdev= 0.00, samples=1
  lat (usec)   : 500=18.46%, 750=81.45%
  lat (msec)   : 2=0.10%
  cpu          : usr=5.02%, sys=94.66%, ctx=6, majf=0, minf=6
  IO depths    : 1=100.0%, 2=0.0%, 4=0.0%, 8=0.0%, 16=0.0%, 32=0.0%, >=64=0.0%
     submit    : 0=0.0%, 4=100.0%, 8=0.0%, 16=0.0%, 32=0.0%, 64=0.0%, >=64=0.0%
     complete  : 0=0.0%, 4=100.0%, 8=0.0%, 16=0.0%, 32=0.0%, 64=0.0%, >=64=0.0%
     issued rwts: total=0,1024,0,0 short=0,0,0,0 dropped=0,0,0,0
     latency   : target=0, window=0, percentile=100.00%, depth=1

Run status group 0 (all jobs):
  WRITE: bw=1654MiB/s (1735MB/s), 1654MiB/s-1654MiB/s (1735MB/s-1735MB/s), io=1024MiB (1074MB), run=619-619msec

Disk stats (read/write):
  nvme0n1: ios=0/0, merge=0/0, ticks=0/0, in_queue=0, util=0.00%
