buffered-read: (g=0): rw=read, bs=(R) 1024KiB-1024KiB, (W) 1024KiB-1024KiB, (T) 1024KiB-1024KiB, ioengine=psync, iodepth=1
fio-3.33
Starting 1 process

buffered-read: (groupid=0, jobs=1): err= 0: pid=3851: Mon Aug 11 19:49:29 2025
  read: IOPS=1309, BW=1309MiB/s (1373MB/s)(1024MiB/782msec)
    clat (usec): min=554, max=1324, avg=761.23, stdev=117.38
     lat (usec): min=554, max=1324, avg=761.43, stdev=117.40
    clat percentiles (usec):
     |  1.00th=[  644],  5.00th=[  660], 10.00th=[  668], 20.00th=[  676],
     | 30.00th=[  693], 40.00th=[  701], 50.00th=[  709], 60.00th=[  725],
     | 70.00th=[  750], 80.00th=[  857], 90.00th=[  971], 95.00th=[ 1012],
     | 99.00th=[ 1074], 99.50th=[ 1123], 99.90th=[ 1270], 99.95th=[ 1319],
     | 99.99th=[ 1319]
   bw (  MiB/s): min= 1356, max= 1356, per=100.00%, avg=1356.00, stdev= 0.00, samples=1
   iops        : min= 1356, max= 1356, avg=1356.00, stdev= 0.00, samples=1
  lat (usec)   : 750=69.04%, 1000=25.00%
  lat (msec)   : 2=5.96%
  cpu          : usr=0.38%, sys=98.85%, ctx=47, majf=0, minf=70
  IO depths    : 1=100.0%, 2=0.0%, 4=0.0%, 8=0.0%, 16=0.0%, 32=0.0%, >=64=0.0%
     submit    : 0=0.0%, 4=100.0%, 8=0.0%, 16=0.0%, 32=0.0%, 64=0.0%, >=64=0.0%
     complete  : 0=0.0%, 4=100.0%, 8=0.0%, 16=0.0%, 32=0.0%, 64=0.0%, >=64=0.0%
     issued rwts: total=1024,0,0,0 short=0,0,0,0 dropped=0,0,0,0
     latency   : target=0, window=0, percentile=100.00%, depth=1

Run status group 0 (all jobs):
   READ: bw=1309MiB/s (1373MB/s), 1309MiB/s-1309MiB/s (1373MB/s-1373MB/s), io=1024MiB (1074MB), run=782-782msec

Disk stats (read/write):
  nvme0n1: ios=30/0, merge=89/0, ticks=7/0, in_queue=7, util=0.53%
