buffered-write: (g=0): rw=write, bs=(R) 100MiB-100MiB, (W) 100MiB-100MiB, (T) 100MiB-100MiB, ioengine=psync, iodepth=1
fio-3.33
Starting 1 process

buffered-write: (groupid=0, jobs=1): err= 0: pid=4753: Mon Aug 11 19:15:43 2025
  write: IOPS=11, BW=1190MiB/s (1248MB/s)(1000MiB/840msec); 0 zone resets
    clat (usec): min=68307, max=77856, avg=72344.46, stdev=2769.56
     lat (usec): min=77790, max=89881, avg=82551.61, stdev=3195.11
    clat percentiles (usec):
     |  1.00th=[68682],  5.00th=[68682], 10.00th=[68682], 20.00th=[68682],
     | 30.00th=[70779], 40.00th=[70779], 50.00th=[71828], 60.00th=[72877],
     | 70.00th=[73925], 80.00th=[73925], 90.00th=[73925], 95.00th=[78119],
     | 99.00th=[78119], 99.50th=[78119], 99.90th=[78119], 99.95th=[78119],
     | 99.99th=[78119]
   bw (  KiB/s): min=1024000, max=1024000, per=84.00%, avg=1024000.00, stdev= 0.00, samples=1
   iops        : min=   10, max=   10, avg=10.00, stdev= 0.00, samples=1
  lat (msec)   : 100=100.00%
  cpu          : usr=12.87%, sys=86.65%, ctx=17, majf=0, minf=6
  IO depths    : 1=100.0%, 2=0.0%, 4=0.0%, 8=0.0%, 16=0.0%, 32=0.0%, >=64=0.0%
     submit    : 0=0.0%, 4=100.0%, 8=0.0%, 16=0.0%, 32=0.0%, 64=0.0%, >=64=0.0%
     complete  : 0=0.0%, 4=100.0%, 8=0.0%, 16=0.0%, 32=0.0%, 64=0.0%, >=64=0.0%
     issued rwts: total=0,10,0,0 short=0,0,0,0 dropped=0,0,0,0
     latency   : target=0, window=0, percentile=100.00%, depth=1

Run status group 0 (all jobs):
  WRITE: bw=1190MiB/s (1248MB/s), 1190MiB/s-1190MiB/s (1248MB/s-1248MB/s), io=1000MiB (1049MB), run=840-840msec

Disk stats (read/write):
  nvme0n1: ios=0/2, merge=0/14, ticks=0/1, in_queue=1, util=0.00%
