buffered-read: (g=0): rw=read, bs=(R) 4096B-4096B, (W) 4096B-4096B, (T) 4096B-4096B, ioengine=psync, iodepth=1
fio-3.33
Starting 1 process

buffered-read: (groupid=0, jobs=1): err= 0: pid=3213: Fri Aug 15 06:57:35 2025
  read: IOPS=102k, BW=397MiB/s (416MB/s)(512MiB/1290msec)
    clat (nsec): min=630, max=574500, avg=9399.56, stdev=47285.49
     lat (nsec): min=685, max=574574, avg=9467.75, stdev=47285.51
    clat percentiles (nsec):
     |  1.00th=[   668],  5.00th=[   756], 10.00th=[   852], 20.00th=[   924],
     | 30.00th=[   948], 40.00th=[   980], 50.00th=[  1096], 60.00th=[  1112],
     | 70.00th=[  1128], 80.00th=[  1160], 90.00th=[  1320], 95.00th=[  1496],
     | 99.00th=[268288], 99.50th=[276480], 99.90th=[374784], 99.95th=[460800],
     | 99.99th=[514048]
   bw (  KiB/s): min=405696, max=407040, per=99.99%, avg=406368.00, stdev=950.35, samples=2
   iops        : min=101424, max=101760, avg=101592.00, stdev=237.59, samples=2
  lat (nsec)   : 750=4.59%, 1000=37.44%
  lat (usec)   : 2=54.81%, 4=0.02%, 10=0.02%, 20=0.01%, 50=0.04%
  lat (usec)   : 100=0.02%, 250=0.05%, 500=2.98%, 750=0.04%
  cpu          : usr=6.05%, sys=16.45%, ctx=4113, majf=0, minf=6
  IO depths    : 1=100.0%, 2=0.0%, 4=0.0%, 8=0.0%, 16=0.0%, 32=0.0%, >=64=0.0%
     submit    : 0=0.0%, 4=100.0%, 8=0.0%, 16=0.0%, 32=0.0%, 64=0.0%, >=64=0.0%
     complete  : 0=0.0%, 4=100.0%, 8=0.0%, 16=0.0%, 32=0.0%, 64=0.0%, >=64=0.0%
     issued rwts: total=131072,0,0,0 short=0,0,0,0 dropped=0,0,0,0
     latency   : target=0, window=0, percentile=100.00%, depth=1

Run status group 0 (all jobs):
   READ: bw=397MiB/s (416MB/s), 397MiB/s-397MiB/s (416MB/s-416MB/s), io=512MiB (537MB), run=1290-1290msec

Disk stats (read/write):
  nvme0n1: ios=3656/0, merge=0/0, ticks=2050/0, in_queue=2050, util=71.79%
