buffered-write: (g=0): rw=write, bs=(R) 128KiB-128KiB, (W) 128KiB-128KiB, (T) 128KiB-128KiB, ioengine=psync, iodepth=1
fio-3.33
Starting 1 process

buffered-write: (groupid=0, jobs=1): err= 0: pid=4258: Fri Aug 15 07:03:37 2025
  write: IOPS=11.7k, BW=1463MiB/s (1534MB/s)(512MiB/350msec); 0 zone resets
    clat (usec): min=42, max=174, avg=83.64, stdev= 7.33
     lat (usec): min=43, max=174, avg=84.48, stdev= 7.35
    clat percentiles (usec):
     |  1.00th=[   61],  5.00th=[   76], 10.00th=[   78], 20.00th=[   80],
     | 30.00th=[   82], 40.00th=[   83], 50.00th=[   84], 60.00th=[   85],
     | 70.00th=[   86], 80.00th=[   88], 90.00th=[   90], 95.00th=[   92],
     | 99.00th=[  113], 99.50th=[  119], 99.90th=[  141], 99.95th=[  145],
     | 99.99th=[  176]
  lat (usec)   : 50=0.07%, 100=97.56%, 250=2.37%
  cpu          : usr=2.01%, sys=96.85%, ctx=3, majf=0, minf=6
  IO depths    : 1=100.0%, 2=0.0%, 4=0.0%, 8=0.0%, 16=0.0%, 32=0.0%, >=64=0.0%
     submit    : 0=0.0%, 4=100.0%, 8=0.0%, 16=0.0%, 32=0.0%, 64=0.0%, >=64=0.0%
     complete  : 0=0.0%, 4=100.0%, 8=0.0%, 16=0.0%, 32=0.0%, 64=0.0%, >=64=0.0%
     issued rwts: total=0,4096,0,0 short=0,0,0,0 dropped=0,0,0,0
     latency   : target=0, window=0, percentile=100.00%, depth=1

Run status group 0 (all jobs):
  WRITE: bw=1463MiB/s (1534MB/s), 1463MiB/s-1463MiB/s (1534MB/s-1534MB/s), io=512MiB (537MB), run=350-350msec

Disk stats (read/write):
  nvme0n1: ios=0/0, merge=0/0, ticks=0/0, in_queue=0, util=0.00%
