buffered-write: (g=0): rw=write, bs=(R) 1024MiB-1024MiB, (W) 1024MiB-1024MiB, (T) 1024MiB-1024MiB, ioengine=psync, iodepth=1
fio-3.33
Starting 1 process

buffered-write: (groupid=0, jobs=1): err= 0: pid=4987: Mon Aug 11 19:15:57 2025
  write: IOPS=1, BW=1184MiB/s (1241MB/s)(1024MiB/865msec); 0 zone resets
    clat (nsec): min=704225k, max=704225k, avg=704224757.00, stdev= 0.00
     lat (nsec): min=851708k, max=851708k, avg=851708024.00, stdev= 0.00
    clat percentiles (msec):
     |  1.00th=[  701],  5.00th=[  701], 10.00th=[  701], 20.00th=[  701],
     | 30.00th=[  701], 40.00th=[  701], 50.00th=[  701], 60.00th=[  701],
     | 70.00th=[  701], 80.00th=[  701], 90.00th=[  701], 95.00th=[  701],
     | 99.00th=[  701], 99.50th=[  701], 99.90th=[  701], 99.95th=[  701],
     | 99.99th=[  701]
  lat (msec)   : 750=100.00%
  cpu          : usr=17.13%, sys=83.22%, ctx=16, majf=0, minf=6
  IO depths    : 1=100.0%, 2=0.0%, 4=0.0%, 8=0.0%, 16=0.0%, 32=0.0%, >=64=0.0%
     submit    : 0=0.0%, 4=100.0%, 8=0.0%, 16=0.0%, 32=0.0%, 64=0.0%, >=64=0.0%
     complete  : 0=0.0%, 4=100.0%, 8=0.0%, 16=0.0%, 32=0.0%, 64=0.0%, >=64=0.0%
     issued rwts: total=0,1,0,0 short=0,0,0,0 dropped=0,0,0,0
     latency   : target=0, window=0, percentile=100.00%, depth=1

Run status group 0 (all jobs):
  WRITE: bw=1184MiB/s (1241MB/s), 1184MiB/s-1184MiB/s (1241MB/s-1241MB/s), io=1024MiB (1074MB), run=865-865msec

Disk stats (read/write):
  nvme0n1: ios=0/0, merge=0/0, ticks=0/0, in_queue=0, util=0.00%
