buffered-write: (g=0): rw=write, bs=(R) 10.0MiB-10.0MiB, (W) 10.0MiB-10.0MiB, (T) 10.0MiB-10.0MiB, ioengine=psync, iodepth=1
fio-3.33
Starting 1 process

buffered-write: (groupid=0, jobs=1): err= 0: pid=4415: Mon Aug 11 19:15:29 2025
  write: IOPS=130, BW=1308MiB/s (1371MB/s)(1020MiB/780msec); 0 zone resets
    clat (usec): min=5135, max=7290, avg=6642.92, stdev=478.25
     lat (usec): min=6121, max=8440, avg=7502.86, stdev=492.50
    clat percentiles (usec):
     |  1.00th=[ 5211],  5.00th=[ 5669], 10.00th=[ 6063], 20.00th=[ 6259],
     | 30.00th=[ 6456], 40.00th=[ 6587], 50.00th=[ 6718], 60.00th=[ 6849],
     | 70.00th=[ 6915], 80.00th=[ 7111], 90.00th=[ 7177], 95.00th=[ 7177],
     | 99.00th=[ 7308], 99.50th=[ 7308], 99.90th=[ 7308], 99.95th=[ 7308],
     | 99.99th=[ 7308]
   bw (  MiB/s): min= 1300, max= 1300, per=99.41%, avg=1300.00, stdev= 0.00, samples=1
   iops        : min=  130, max=  130, avg=130.00, stdev= 0.00, samples=1
  lat (msec)   : 10=100.00%
  cpu          : usr=11.42%, sys=88.58%, ctx=15, majf=0, minf=6
  IO depths    : 1=100.0%, 2=0.0%, 4=0.0%, 8=0.0%, 16=0.0%, 32=0.0%, >=64=0.0%
     submit    : 0=0.0%, 4=100.0%, 8=0.0%, 16=0.0%, 32=0.0%, 64=0.0%, >=64=0.0%
     complete  : 0=0.0%, 4=100.0%, 8=0.0%, 16=0.0%, 32=0.0%, 64=0.0%, >=64=0.0%
     issued rwts: total=0,102,0,0 short=0,0,0,0 dropped=0,0,0,0
     latency   : target=0, window=0, percentile=100.00%, depth=1

Run status group 0 (all jobs):
  WRITE: bw=1308MiB/s (1371MB/s), 1308MiB/s-1308MiB/s (1371MB/s-1371MB/s), io=1020MiB (1070MB), run=780-780msec

Disk stats (read/write):
  nvme0n1: ios=0/0, merge=0/0, ticks=0/0, in_queue=0, util=0.00%
