buffered-read: (g=0): rw=read, bs=(R) 128KiB-128KiB, (W) 128KiB-128KiB, (T) 128KiB-128KiB, ioengine=psync, iodepth=1
fio-3.33
Starting 1 process

buffered-read: (groupid=0, jobs=1): err= 0: pid=4874: Mon Aug 11 19:50:41 2025
  read: IOPS=12.8k, BW=1605MiB/s (1683MB/s)(1024MiB/638msec)
    clat (usec): min=8, max=518, avg=77.19, stdev=63.71
     lat (usec): min=8, max=518, avg=77.25, stdev=63.70
    clat percentiles (usec):
     |  1.00th=[   10],  5.00th=[   11], 10.00th=[   11], 20.00th=[   12],
     | 30.00th=[   15], 40.00th=[   22], 50.00th=[   62], 60.00th=[  126],
     | 70.00th=[  137], 80.00th=[  143], 90.00th=[  149], 95.00th=[  155],
     | 99.00th=[  186], 99.50th=[  210], 99.90th=[  330], 99.95th=[  371],
     | 99.99th=[  519]
   bw (  MiB/s): min= 1590, max= 1590, per=99.10%, avg=1590.50, stdev= 0.00, samples=1
   iops        : min=12724, max=12724, avg=12724.00, stdev= 0.00, samples=1
  lat (usec)   : 10=1.35%, 20=35.99%, 50=12.60%, 100=1.16%, 250=48.68%
  lat (usec)   : 500=0.21%, 750=0.01%
  cpu          : usr=0.47%, sys=98.59%, ctx=58, majf=0, minf=13
  IO depths    : 1=100.0%, 2=0.0%, 4=0.0%, 8=0.0%, 16=0.0%, 32=0.0%, >=64=0.0%
     submit    : 0=0.0%, 4=100.0%, 8=0.0%, 16=0.0%, 32=0.0%, 64=0.0%, >=64=0.0%
     complete  : 0=0.0%, 4=100.0%, 8=0.0%, 16=0.0%, 32=0.0%, 64=0.0%, >=64=0.0%
     issued rwts: total=8192,0,0,0 short=0,0,0,0 dropped=0,0,0,0
     latency   : target=0, window=0, percentile=100.00%, depth=1

Run status group 0 (all jobs):
   READ: bw=1605MiB/s (1683MB/s), 1605MiB/s-1605MiB/s (1683MB/s-1683MB/s), io=1024MiB (1074MB), run=638-638msec

Disk stats (read/write):
  nvme0n1: ios=26/0, merge=89/0, ticks=7/0, in_queue=6, util=1.59%
