buffered-write: (g=0): rw=write, bs=(R) 10.0MiB-10.0MiB, (W) 10.0MiB-10.0MiB, (T) 10.0MiB-10.0MiB, ioengine=psync, iodepth=1
fio-3.33
Starting 1 process

buffered-write: (groupid=0, jobs=1): err= 0: pid=4571: Mon Aug 11 19:15:35 2025
  write: IOPS=137, BW=1375MiB/s (1441MB/s)(1020MiB/742msec); 0 zone resets
    clat (usec): min=5017, max=7223, avg=6329.44, stdev=440.28
     lat (usec): min=5802, max=8178, avg=7126.46, stdev=475.85
    clat percentiles (usec):
     |  1.00th=[ 5145],  5.00th=[ 5473], 10.00th=[ 5735], 20.00th=[ 5997],
     | 30.00th=[ 6128], 40.00th=[ 6325], 50.00th=[ 6390], 60.00th=[ 6587],
     | 70.00th=[ 6587], 80.00th=[ 6718], 90.00th=[ 6783], 95.00th=[ 6783],
     | 99.00th=[ 7046], 99.50th=[ 7242], 99.90th=[ 7242], 99.95th=[ 7242],
     | 99.99th=[ 7242]
   bw (  MiB/s): min= 1360, max= 1360, per=98.93%, avg=1360.00, stdev= 0.00, samples=1
   iops        : min=  136, max=  136, avg=136.00, stdev= 0.00, samples=1
  lat (msec)   : 10=100.00%
  cpu          : usr=10.12%, sys=89.34%, ctx=35, majf=0, minf=7
  IO depths    : 1=100.0%, 2=0.0%, 4=0.0%, 8=0.0%, 16=0.0%, 32=0.0%, >=64=0.0%
     submit    : 0=0.0%, 4=100.0%, 8=0.0%, 16=0.0%, 32=0.0%, 64=0.0%, >=64=0.0%
     complete  : 0=0.0%, 4=100.0%, 8=0.0%, 16=0.0%, 32=0.0%, 64=0.0%, >=64=0.0%
     issued rwts: total=0,102,0,0 short=0,0,0,0 dropped=0,0,0,0
     latency   : target=0, window=0, percentile=100.00%, depth=1

Run status group 0 (all jobs):
  WRITE: bw=1375MiB/s (1441MB/s), 1375MiB/s-1375MiB/s (1441MB/s-1441MB/s), io=1020MiB (1070MB), run=742-742msec

Disk stats (read/write):
  nvme0n1: ios=0/0, merge=0/0, ticks=0/0, in_queue=0, util=0.00%
