buffered-write: (g=0): rw=write, bs=(R) 10.0MiB-10.0MiB, (W) 10.0MiB-10.0MiB, (T) 10.0MiB-10.0MiB, ioengine=psync, iodepth=1
fio-3.33
Starting 1 process

buffered-write: (groupid=0, jobs=1): err= 0: pid=4519: Mon Aug 11 19:15:33 2025
  write: IOPS=137, BW=1373MiB/s (1439MB/s)(1020MiB/743msec); 0 zone resets
    clat (usec): min=5094, max=7251, avg=6346.87, stdev=425.81
     lat (usec): min=5870, max=8214, avg=7140.63, stdev=451.37
    clat percentiles (usec):
     |  1.00th=[ 5211],  5.00th=[ 5604], 10.00th=[ 5800], 20.00th=[ 6063],
     | 30.00th=[ 6194], 40.00th=[ 6325], 50.00th=[ 6390], 60.00th=[ 6521],
     | 70.00th=[ 6652], 80.00th=[ 6718], 90.00th=[ 6783], 95.00th=[ 6783],
     | 99.00th=[ 7046], 99.50th=[ 7242], 99.90th=[ 7242], 99.95th=[ 7242],
     | 99.99th=[ 7242]
   bw (  MiB/s): min= 1357, max= 1357, per=98.87%, avg=1357.29, stdev= 0.00, samples=1
   iops        : min=  135, max=  135, avg=135.00, stdev= 0.00, samples=1
  lat (msec)   : 10=100.00%
  cpu          : usr=11.46%, sys=88.54%, ctx=18, majf=0, minf=6
  IO depths    : 1=100.0%, 2=0.0%, 4=0.0%, 8=0.0%, 16=0.0%, 32=0.0%, >=64=0.0%
     submit    : 0=0.0%, 4=100.0%, 8=0.0%, 16=0.0%, 32=0.0%, 64=0.0%, >=64=0.0%
     complete  : 0=0.0%, 4=100.0%, 8=0.0%, 16=0.0%, 32=0.0%, 64=0.0%, >=64=0.0%
     issued rwts: total=0,102,0,0 short=0,0,0,0 dropped=0,0,0,0
     latency   : target=0, window=0, percentile=100.00%, depth=1

Run status group 0 (all jobs):
  WRITE: bw=1373MiB/s (1439MB/s), 1373MiB/s-1373MiB/s (1439MB/s-1439MB/s), io=1020MiB (1070MB), run=743-743msec

Disk stats (read/write):
  nvme0n1: ios=1/0, merge=0/0, ticks=1/0, in_queue=0, util=0.00%
