buffered-read: (g=0): rw=read, bs=(R) 128KiB-128KiB, (W) 128KiB-128KiB, (T) 128KiB-128KiB, ioengine=psync, iodepth=1
fio-3.33
Starting 1 process

buffered-read: (groupid=0, jobs=1): err= 0: pid=4894: Mon Aug 11 19:50:42 2025
  read: IOPS=13.0k, BW=1628MiB/s (1707MB/s)(1024MiB/629msec)
    clat (usec): min=8, max=507, avg=76.20, stdev=63.13
     lat (usec): min=8, max=507, avg=76.26, stdev=63.12
    clat percentiles (usec):
     |  1.00th=[   10],  5.00th=[   10], 10.00th=[   11], 20.00th=[   12],
     | 30.00th=[   14], 40.00th=[   22], 50.00th=[   60], 60.00th=[  125],
     | 70.00th=[  137], 80.00th=[  143], 90.00th=[  147], 95.00th=[  153],
     | 99.00th=[  182], 99.50th=[  194], 99.90th=[  318], 99.95th=[  326],
     | 99.99th=[  506]
   bw (  MiB/s): min= 1616, max= 1616, per=99.26%, avg=1616.00, stdev= 0.00, samples=1
   iops        : min=12928, max=12928, avg=12928.00, stdev= 0.00, samples=1
  lat (usec)   : 10=5.86%, 20=32.59%, 50=11.52%, 100=0.96%, 250=48.86%
  lat (usec)   : 500=0.18%, 750=0.01%
  cpu          : usr=1.11%, sys=98.09%, ctx=44, majf=0, minf=13
  IO depths    : 1=100.0%, 2=0.0%, 4=0.0%, 8=0.0%, 16=0.0%, 32=0.0%, >=64=0.0%
     submit    : 0=0.0%, 4=100.0%, 8=0.0%, 16=0.0%, 32=0.0%, 64=0.0%, >=64=0.0%
     complete  : 0=0.0%, 4=100.0%, 8=0.0%, 16=0.0%, 32=0.0%, 64=0.0%, >=64=0.0%
     issued rwts: total=8192,0,0,0 short=0,0,0,0 dropped=0,0,0,0
     latency   : target=0, window=0, percentile=100.00%, depth=1

Run status group 0 (all jobs):
   READ: bw=1628MiB/s (1707MB/s), 1628MiB/s-1628MiB/s (1707MB/s-1707MB/s), io=1024MiB (1074MB), run=629-629msec

Disk stats (read/write):
  nvme0n1: ios=27/0, merge=89/0, ticks=7/0, in_queue=7, util=0.80%
