buffered-write: (g=0): rw=write, bs=(R) 100MiB-100MiB, (W) 100MiB-100MiB, (T) 100MiB-100MiB, ioengine=psync, iodepth=1
fio-3.33
Starting 1 process

buffered-write: (groupid=0, jobs=1): err= 0: pid=4675: Mon Aug 11 19:15:39 2025
  write: IOPS=14, BW=1473MiB/s (1544MB/s)(1000MiB/679msec); 0 zone resets
    clat (usec): min=52834, max=64680, avg=56676.52, stdev=3348.45
     lat (usec): min=58783, max=74311, avg=66528.08, stdev=3965.43
    clat percentiles (usec):
     |  1.00th=[52691],  5.00th=[52691], 10.00th=[52691], 20.00th=[53740],
     | 30.00th=[53740], 40.00th=[56361], 50.00th=[56361], 60.00th=[56361],
     | 70.00th=[56886], 80.00th=[57934], 90.00th=[58459], 95.00th=[64750],
     | 99.00th=[64750], 99.50th=[64750], 99.90th=[64750], 99.95th=[64750],
     | 99.99th=[64750]
   bw (  MiB/s): min= 1400, max= 1400, per=95.06%, avg=1400.00, stdev= 0.00, samples=1
   iops        : min=   14, max=   14, avg=14.00, stdev= 0.00, samples=1
  lat (msec)   : 100=100.00%
  cpu          : usr=14.75%, sys=84.66%, ctx=21, majf=0, minf=6
  IO depths    : 1=100.0%, 2=0.0%, 4=0.0%, 8=0.0%, 16=0.0%, 32=0.0%, >=64=0.0%
     submit    : 0=0.0%, 4=100.0%, 8=0.0%, 16=0.0%, 32=0.0%, 64=0.0%, >=64=0.0%
     complete  : 0=0.0%, 4=100.0%, 8=0.0%, 16=0.0%, 32=0.0%, 64=0.0%, >=64=0.0%
     issued rwts: total=0,10,0,0 short=0,0,0,0 dropped=0,0,0,0
     latency   : target=0, window=0, percentile=100.00%, depth=1

Run status group 0 (all jobs):
  WRITE: bw=1473MiB/s (1544MB/s), 1473MiB/s-1473MiB/s (1544MB/s-1544MB/s), io=1000MiB (1049MB), run=679-679msec

Disk stats (read/write):
  nvme0n1: ios=0/0, merge=0/0, ticks=0/0, in_queue=0, util=0.00%
