buffered-read: (g=0): rw=read, bs=(R) 10.0MiB-10.0MiB, (W) 10.0MiB-10.0MiB, (T) 10.0MiB-10.0MiB, ioengine=psync, iodepth=1
fio-3.33
Starting 1 process

buffered-read: (groupid=0, jobs=1): err= 0: pid=4151: Mon Aug 11 19:49:51 2025
  read: IOPS=106, BW=1069MiB/s (1121MB/s)(1020MiB/954msec)
    clat (usec): min=8383, max=11703, avg=9337.70, stdev=728.13
     lat (usec): min=8383, max=11704, avg=9338.25, stdev=728.10
    clat percentiles (usec):
     |  1.00th=[ 8455],  5.00th=[ 8455], 10.00th=[ 8586], 20.00th=[ 8717],
     | 30.00th=[ 8848], 40.00th=[ 8979], 50.00th=[ 9110], 60.00th=[ 9503],
     | 70.00th=[ 9765], 80.00th=[ 9896], 90.00th=[10421], 95.00th=[10814],
     | 99.00th=[11076], 99.50th=[11731], 99.90th=[11731], 99.95th=[11731],
     | 99.99th=[11731]
   bw (  MiB/s): min= 1080, max= 1080, per=100.00%, avg=1080.00, stdev= 0.00, samples=1
   iops        : min=  108, max=  108, avg=108.00, stdev= 0.00, samples=1
  lat (msec)   : 10=83.33%, 20=16.67%
  cpu          : usr=0.31%, sys=99.27%, ctx=63, majf=0, minf=646
  IO depths    : 1=100.0%, 2=0.0%, 4=0.0%, 8=0.0%, 16=0.0%, 32=0.0%, >=64=0.0%
     submit    : 0=0.0%, 4=100.0%, 8=0.0%, 16=0.0%, 32=0.0%, 64=0.0%, >=64=0.0%
     complete  : 0=0.0%, 4=100.0%, 8=0.0%, 16=0.0%, 32=0.0%, 64=0.0%, >=64=0.0%
     issued rwts: total=102,0,0,0 short=0,0,0,0 dropped=0,0,0,0
     latency   : target=0, window=0, percentile=100.00%, depth=1

Run status group 0 (all jobs):
   READ: bw=1069MiB/s (1121MB/s), 1069MiB/s-1069MiB/s (1121MB/s-1121MB/s), io=1020MiB (1070MB), run=954-954msec

Disk stats (read/write):
  nvme0n1: ios=19/0, merge=0/0, ticks=3/0, in_queue=2, util=0.00%
