buffered-write: (g=0): rw=write, bs=(R) 1024KiB-1024KiB, (W) 1024KiB-1024KiB, (T) 1024KiB-1024KiB, ioengine=psync, iodepth=1
fio-3.33
Starting 1 process

buffered-write: (groupid=0, jobs=1): err= 0: pid=3680: Fri Aug 15 07:03:04 2025
  write: IOPS=1488, BW=1488MiB/s (1561MB/s)(512MiB/344msec); 0 zone resets
    clat (usec): min=447, max=895, avg=649.26, stdev=42.94
     lat (usec): min=463, max=917, avg=667.96, stdev=43.15
    clat percentiles (usec):
     |  1.00th=[  502],  5.00th=[  586], 10.00th=[  603], 20.00th=[  627],
     | 30.00th=[  635], 40.00th=[  644], 50.00th=[  652], 60.00th=[  660],
     | 70.00th=[  660], 80.00th=[  676], 90.00th=[  693], 95.00th=[  709],
     | 99.00th=[  775], 99.50th=[  807], 99.90th=[  898], 99.95th=[  898],
     | 99.99th=[  898]
  lat (usec)   : 500=0.98%, 750=97.46%, 1000=1.56%
  cpu          : usr=2.04%, sys=96.79%, ctx=14, majf=0, minf=6
  IO depths    : 1=100.0%, 2=0.0%, 4=0.0%, 8=0.0%, 16=0.0%, 32=0.0%, >=64=0.0%
     submit    : 0=0.0%, 4=100.0%, 8=0.0%, 16=0.0%, 32=0.0%, 64=0.0%, >=64=0.0%
     complete  : 0=0.0%, 4=100.0%, 8=0.0%, 16=0.0%, 32=0.0%, 64=0.0%, >=64=0.0%
     issued rwts: total=0,512,0,0 short=0,0,0,0 dropped=0,0,0,0
     latency   : target=0, window=0, percentile=100.00%, depth=1

Run status group 0 (all jobs):
  WRITE: bw=1488MiB/s (1561MB/s), 1488MiB/s-1488MiB/s (1561MB/s-1561MB/s), io=512MiB (537MB), run=344-344msec

Disk stats (read/write):
  nvme0n1: ios=0/0, merge=0/0, ticks=0/0, in_queue=0, util=0.00%
