buffered-read: (g=0): rw=read, bs=(R) 4096B-4096B, (W) 4096B-4096B, (T) 4096B-4096B, ioengine=psync, iodepth=1
fio-3.33
Starting 1 process

buffered-read: (groupid=0, jobs=1): err= 0: pid=3233: Fri Aug 15 06:57:37 2025
  read: IOPS=102k, BW=397MiB/s (416MB/s)(512MiB/1290msec)
    clat (nsec): min=648, max=583371, avg=9509.75, stdev=48683.15
     lat (nsec): min=703, max=583426, avg=9560.95, stdev=48682.95
    clat percentiles (nsec):
     |  1.00th=[   668],  5.00th=[   668], 10.00th=[   684], 20.00th=[   684],
     | 30.00th=[   708], 40.00th=[   724], 50.00th=[   836], 60.00th=[   852],
     | 70.00th=[   868], 80.00th=[   908], 90.00th=[  1064], 95.00th=[  1144],
     | 99.00th=[280576], 99.50th=[280576], 99.90th=[280576], 99.95th=[342016],
     | 99.99th=[493568]
   bw (  KiB/s): min=405440, max=407296, per=99.99%, avg=406368.00, stdev=1312.39, samples=2
   iops        : min=101360, max=101824, avg=101592.00, stdev=328.10, samples=2
  lat (nsec)   : 750=41.85%, 1000=46.21%
  lat (usec)   : 2=8.76%, 4=0.03%, 10=0.02%, 20=0.01%, 50=0.01%
  lat (usec)   : 100=0.01%, 250=0.02%, 500=3.07%, 750=0.01%
  cpu          : usr=5.74%, sys=11.48%, ctx=4107, majf=0, minf=6
  IO depths    : 1=100.0%, 2=0.0%, 4=0.0%, 8=0.0%, 16=0.0%, 32=0.0%, >=64=0.0%
     submit    : 0=0.0%, 4=100.0%, 8=0.0%, 16=0.0%, 32=0.0%, 64=0.0%, >=64=0.0%
     complete  : 0=0.0%, 4=100.0%, 8=0.0%, 16=0.0%, 32=0.0%, 64=0.0%, >=64=0.0%
     issued rwts: total=131072,0,0,0 short=0,0,0,0 dropped=0,0,0,0
     latency   : target=0, window=0, percentile=100.00%, depth=1

Run status group 0 (all jobs):
   READ: bw=397MiB/s (416MB/s), 397MiB/s-397MiB/s (416MB/s-416MB/s), io=512MiB (537MB), run=1290-1290msec

Disk stats (read/write):
  nvme0n1: ios=3667/0, merge=89/0, ticks=2119/0, in_queue=2119, util=76.92%
