buffered-write: (g=0): rw=write, bs=(R) 1024KiB-1024KiB, (W) 1024KiB-1024KiB, (T) 1024KiB-1024KiB, ioengine=psync, iodepth=1
fio-3.33
Starting 1 process

buffered-write: (groupid=0, jobs=1): err= 0: pid=3655: Fri Aug 15 07:03:03 2025
  write: IOPS=1519, BW=1519MiB/s (1593MB/s)(512MiB/337msec); 0 zone resets
    clat (usec): min=454, max=937, avg=634.26, stdev=36.86
     lat (usec): min=466, max=958, avg=654.03, stdev=36.95
    clat percentiles (usec):
     |  1.00th=[  494],  5.00th=[  578], 10.00th=[  603], 20.00th=[  619],
     | 30.00th=[  627], 40.00th=[  635], 50.00th=[  635], 60.00th=[  644],
     | 70.00th=[  644], 80.00th=[  652], 90.00th=[  668], 95.00th=[  676],
     | 99.00th=[  725], 99.50th=[  734], 99.90th=[  938], 99.95th=[  938],
     | 99.99th=[  938]
  lat (usec)   : 500=1.17%, 750=98.44%, 1000=0.39%
  cpu          : usr=3.27%, sys=96.13%, ctx=5, majf=0, minf=6
  IO depths    : 1=100.0%, 2=0.0%, 4=0.0%, 8=0.0%, 16=0.0%, 32=0.0%, >=64=0.0%
     submit    : 0=0.0%, 4=100.0%, 8=0.0%, 16=0.0%, 32=0.0%, 64=0.0%, >=64=0.0%
     complete  : 0=0.0%, 4=100.0%, 8=0.0%, 16=0.0%, 32=0.0%, 64=0.0%, >=64=0.0%
     issued rwts: total=0,512,0,0 short=0,0,0,0 dropped=0,0,0,0
     latency   : target=0, window=0, percentile=100.00%, depth=1

Run status group 0 (all jobs):
  WRITE: bw=1519MiB/s (1593MB/s), 1519MiB/s-1519MiB/s (1593MB/s-1593MB/s), io=512MiB (537MB), run=337-337msec

Disk stats (read/write):
  nvme0n1: ios=0/0, merge=0/0, ticks=0/0, in_queue=0, util=0.00%
