buffered-write: (g=0): rw=write, bs=(R) 10.0MiB-10.0MiB, (W) 10.0MiB-10.0MiB, (T) 10.0MiB-10.0MiB, ioengine=psync, iodepth=1
fio-3.33
Starting 1 process

buffered-write: (groupid=0, jobs=1): err= 0: pid=3848: Fri Aug 15 07:03:13 2025
  write: IOPS=117, BW=1172MiB/s (1229MB/s)(510MiB/435msec); 0 zone resets
    clat (usec): min=6665, max=8361, avg=7548.86, stdev=322.93
     lat (usec): min=7591, max=9450, avg=8506.16, stdev=368.30
    clat percentiles (usec):
     |  1.00th=[ 6652],  5.00th=[ 7046], 10.00th=[ 7111], 20.00th=[ 7177],
     | 30.00th=[ 7439], 40.00th=[ 7570], 50.00th=[ 7635], 60.00th=[ 7701],
     | 70.00th=[ 7701], 80.00th=[ 7767], 90.00th=[ 7832], 95.00th=[ 7898],
     | 99.00th=[ 8356], 99.50th=[ 8356], 99.90th=[ 8356], 99.95th=[ 8356],
     | 99.99th=[ 8356]
  lat (msec)   : 10=100.00%
  cpu          : usr=14.98%, sys=85.25%, ctx=20, majf=0, minf=6
  IO depths    : 1=100.0%, 2=0.0%, 4=0.0%, 8=0.0%, 16=0.0%, 32=0.0%, >=64=0.0%
     submit    : 0=0.0%, 4=100.0%, 8=0.0%, 16=0.0%, 32=0.0%, 64=0.0%, >=64=0.0%
     complete  : 0=0.0%, 4=100.0%, 8=0.0%, 16=0.0%, 32=0.0%, 64=0.0%, >=64=0.0%
     issued rwts: total=0,51,0,0 short=0,0,0,0 dropped=0,0,0,0
     latency   : target=0, window=0, percentile=100.00%, depth=1

Run status group 0 (all jobs):
  WRITE: bw=1172MiB/s (1229MB/s), 1172MiB/s-1172MiB/s (1229MB/s-1229MB/s), io=510MiB (535MB), run=435-435msec

Disk stats (read/write):
  nvme0n1: ios=0/0, merge=0/0, ticks=0/0, in_queue=0, util=0.00%
