buffered-write: (g=0): rw=write, bs=(R) 1024KiB-1024KiB, (W) 1024KiB-1024KiB, (T) 1024KiB-1024KiB, ioengine=psync, iodepth=1
fio-3.33
Starting 1 process

buffered-write: (groupid=0, jobs=1): err= 0: pid=3607: Fri Aug 15 07:03:00 2025
  write: IOPS=1484, BW=1484MiB/s (1556MB/s)(512MiB/345msec); 0 zone resets
    clat (usec): min=452, max=759, avg=646.77, stdev=33.86
     lat (usec): min=474, max=781, avg=669.48, stdev=34.32
    clat percentiles (usec):
     |  1.00th=[  494],  5.00th=[  603], 10.00th=[  619], 20.00th=[  635],
     | 30.00th=[  635], 40.00th=[  644], 50.00th=[  652], 60.00th=[  652],
     | 70.00th=[  660], 80.00th=[  668], 90.00th=[  685], 95.00th=[  693],
     | 99.00th=[  725], 99.50th=[  734], 99.90th=[  758], 99.95th=[  758],
     | 99.99th=[  758]
  lat (usec)   : 500=1.17%, 750=98.44%, 1000=0.39%
  cpu          : usr=0.87%, sys=97.97%, ctx=7, majf=0, minf=6
  IO depths    : 1=100.0%, 2=0.0%, 4=0.0%, 8=0.0%, 16=0.0%, 32=0.0%, >=64=0.0%
     submit    : 0=0.0%, 4=100.0%, 8=0.0%, 16=0.0%, 32=0.0%, 64=0.0%, >=64=0.0%
     complete  : 0=0.0%, 4=100.0%, 8=0.0%, 16=0.0%, 32=0.0%, 64=0.0%, >=64=0.0%
     issued rwts: total=0,512,0,0 short=0,0,0,0 dropped=0,0,0,0
     latency   : target=0, window=0, percentile=100.00%, depth=1

Run status group 0 (all jobs):
  WRITE: bw=1484MiB/s (1556MB/s), 1484MiB/s-1484MiB/s (1556MB/s-1556MB/s), io=512MiB (537MB), run=345-345msec

Disk stats (read/write):
  nvme0n1: ios=0/0, merge=0/0, ticks=0/0, in_queue=0, util=0.00%
