buffered-read: (g=0): rw=read, bs=(R) 1024KiB-1024KiB, (W) 1024KiB-1024KiB, (T) 1024KiB-1024KiB, ioengine=psync, iodepth=1
fio-3.33
Starting 1 process

buffered-read: (groupid=0, jobs=1): err= 0: pid=6447: Fri Aug 15 06:10:55 2025
  read: IOPS=835, BW=835MiB/s (876MB/s)(512MiB/613msec)
    clat (usec): min=971, max=1670, avg=1192.47, stdev=102.42
     lat (usec): min=971, max=1671, avg=1192.84, stdev=102.46
    clat percentiles (usec):
     |  1.00th=[ 1037],  5.00th=[ 1057], 10.00th=[ 1074], 20.00th=[ 1106],
     | 30.00th=[ 1156], 40.00th=[ 1172], 50.00th=[ 1188], 60.00th=[ 1205],
     | 70.00th=[ 1221], 80.00th=[ 1237], 90.00th=[ 1287], 95.00th=[ 1450],
     | 99.00th=[ 1532], 99.50th=[ 1549], 99.90th=[ 1663], 99.95th=[ 1663],
     | 99.99th=[ 1663]
   bw (  KiB/s): min=851968, max=851968, per=99.61%, avg=851968.00, stdev= 0.00, samples=1
   iops        : min=  832, max=  832, avg=832.00, stdev= 0.00, samples=1
  lat (usec)   : 1000=0.39%
  lat (msec)   : 2=99.61%
  cpu          : usr=0.49%, sys=56.05%, ctx=1975, majf=0, minf=70
  IO depths    : 1=100.0%, 2=0.0%, 4=0.0%, 8=0.0%, 16=0.0%, 32=0.0%, >=64=0.0%
     submit    : 0=0.0%, 4=100.0%, 8=0.0%, 16=0.0%, 32=0.0%, 64=0.0%, >=64=0.0%
     complete  : 0=0.0%, 4=100.0%, 8=0.0%, 16=0.0%, 32=0.0%, 64=0.0%, >=64=0.0%
     issued rwts: total=512,0,0,0 short=0,0,0,0 dropped=0,0,0,0
     latency   : target=0, window=0, percentile=100.00%, depth=1

Run status group 0 (all jobs):
   READ: bw=835MiB/s (876MB/s), 835MiB/s-835MiB/s (876MB/s-876MB/s), io=512MiB (537MB), run=613-613msec

Disk stats (read/write):
  nvme0n1: ios=1313/0, merge=0/0, ticks=313/0, in_queue=312, util=28.86%
