buffered-write: (g=0): rw=write, bs=(R) 1024KiB-1024KiB, (W) 1024KiB-1024KiB, (T) 1024KiB-1024KiB, ioengine=psync, iodepth=1
fio-3.33
Starting 1 process

buffered-write: (groupid=0, jobs=1): err= 0: pid=3643: Fri Aug 15 07:03:02 2025
  write: IOPS=1488, BW=1488MiB/s (1561MB/s)(512MiB/344msec); 0 zone resets
    clat (usec): min=386, max=1062, avg=648.46, stdev=40.36
     lat (usec): min=403, max=1084, avg=666.63, stdev=40.47
    clat percentiles (usec):
     |  1.00th=[  482],  5.00th=[  586], 10.00th=[  619], 20.00th=[  635],
     | 30.00th=[  644], 40.00th=[  644], 50.00th=[  652], 60.00th=[  660],
     | 70.00th=[  660], 80.00th=[  668], 90.00th=[  685], 95.00th=[  693],
     | 99.00th=[  709], 99.50th=[  734], 99.90th=[ 1057], 99.95th=[ 1057],
     | 99.99th=[ 1057]
  lat (usec)   : 500=1.17%, 750=98.63%
  lat (msec)   : 2=0.20%
  cpu          : usr=2.04%, sys=97.08%, ctx=3, majf=0, minf=6
  IO depths    : 1=100.0%, 2=0.0%, 4=0.0%, 8=0.0%, 16=0.0%, 32=0.0%, >=64=0.0%
     submit    : 0=0.0%, 4=100.0%, 8=0.0%, 16=0.0%, 32=0.0%, 64=0.0%, >=64=0.0%
     complete  : 0=0.0%, 4=100.0%, 8=0.0%, 16=0.0%, 32=0.0%, 64=0.0%, >=64=0.0%
     issued rwts: total=0,512,0,0 short=0,0,0,0 dropped=0,0,0,0
     latency   : target=0, window=0, percentile=100.00%, depth=1

Run status group 0 (all jobs):
  WRITE: bw=1488MiB/s (1561MB/s), 1488MiB/s-1488MiB/s (1561MB/s-1561MB/s), io=512MiB (537MB), run=344-344msec

Disk stats (read/write):
  nvme0n1: ios=0/0, merge=0/0, ticks=0/0, in_queue=0, util=0.00%
