buffered-read: (g=0): rw=read, bs=(R) 1024KiB-1024KiB, (W) 1024KiB-1024KiB, (T) 1024KiB-1024KiB, ioengine=psync, iodepth=1
fio-3.33
Starting 1 process

buffered-read: (groupid=0, jobs=1): err= 0: pid=3871: Mon Aug 11 19:49:30 2025
  read: IOPS=1193, BW=1193MiB/s (1251MB/s)(1024MiB/858msec)
    clat (usec): min=608, max=1300, avg=834.34, stdev=71.38
     lat (usec): min=608, max=1300, avg=834.52, stdev=71.38
    clat percentiles (usec):
     |  1.00th=[  676],  5.00th=[  709], 10.00th=[  734], 20.00th=[  791],
     | 30.00th=[  824], 40.00th=[  832], 50.00th=[  840], 60.00th=[  848],
     | 70.00th=[  857], 80.00th=[  873], 90.00th=[  914], 95.00th=[  963],
     | 99.00th=[ 1037], 99.50th=[ 1074], 99.90th=[ 1172], 99.95th=[ 1303],
     | 99.99th=[ 1303]
   bw (  MiB/s): min= 1174, max= 1174, per=98.37%, avg=1174.00, stdev= 0.00, samples=1
   iops        : min= 1174, max= 1174, avg=1174.00, stdev= 0.00, samples=1
  lat (usec)   : 750=14.16%, 1000=83.30%
  lat (msec)   : 2=2.54%
  cpu          : usr=0.00%, sys=99.30%, ctx=88, majf=0, minf=70
  IO depths    : 1=100.0%, 2=0.0%, 4=0.0%, 8=0.0%, 16=0.0%, 32=0.0%, >=64=0.0%
     submit    : 0=0.0%, 4=100.0%, 8=0.0%, 16=0.0%, 32=0.0%, 64=0.0%, >=64=0.0%
     complete  : 0=0.0%, 4=100.0%, 8=0.0%, 16=0.0%, 32=0.0%, 64=0.0%, >=64=0.0%
     issued rwts: total=1024,0,0,0 short=0,0,0,0 dropped=0,0,0,0
     latency   : target=0, window=0, percentile=100.00%, depth=1

Run status group 0 (all jobs):
   READ: bw=1193MiB/s (1251MB/s), 1193MiB/s-1193MiB/s (1251MB/s-1251MB/s), io=1024MiB (1074MB), run=858-858msec

Disk stats (read/write):
  nvme0n1: ios=30/0, merge=89/0, ticks=7/0, in_queue=7, util=0.00%
