buffered-read: (g=0): rw=read, bs=(R) 10.0MiB-10.0MiB, (W) 10.0MiB-10.0MiB, (T) 10.0MiB-10.0MiB, ioengine=psync, iodepth=1
fio-3.33
Starting 1 process

buffered-read: (groupid=0, jobs=1): err= 0: pid=4031: Mon Aug 11 19:49:42 2025
  read: IOPS=109, BW=1099MiB/s (1153MB/s)(1020MiB/928msec)
    clat (usec): min=7632, max=12280, avg=9089.28, stdev=1292.54
     lat (usec): min=7632, max=12281, avg=9089.83, stdev=1292.50
    clat percentiles (usec):
     |  1.00th=[ 7635],  5.00th=[ 7832], 10.00th=[ 7832], 20.00th=[ 8029],
     | 30.00th=[ 8160], 40.00th=[ 8291], 50.00th=[ 8586], 60.00th=[ 9110],
     | 70.00th=[ 9372], 80.00th=[10290], 90.00th=[11338], 95.00th=[11731],
     | 99.00th=[12125], 99.50th=[12256], 99.90th=[12256], 99.95th=[12256],
     | 99.99th=[12256]
   bw (  MiB/s): min= 1160, max= 1160, per=100.00%, avg=1160.00, stdev= 0.00, samples=1
   iops        : min=  116, max=  116, avg=116.00, stdev= 0.00, samples=1
  lat (msec)   : 10=75.49%, 20=24.51%
  cpu          : usr=0.00%, sys=99.68%, ctx=83, majf=0, minf=646
  IO depths    : 1=100.0%, 2=0.0%, 4=0.0%, 8=0.0%, 16=0.0%, 32=0.0%, >=64=0.0%
     submit    : 0=0.0%, 4=100.0%, 8=0.0%, 16=0.0%, 32=0.0%, 64=0.0%, >=64=0.0%
     complete  : 0=0.0%, 4=100.0%, 8=0.0%, 16=0.0%, 32=0.0%, 64=0.0%, >=64=0.0%
     issued rwts: total=102,0,0,0 short=0,0,0,0 dropped=0,0,0,0
     latency   : target=0, window=0, percentile=100.00%, depth=1

Run status group 0 (all jobs):
   READ: bw=1099MiB/s (1153MB/s), 1099MiB/s-1099MiB/s (1153MB/s-1153MB/s), io=1020MiB (1070MB), run=928-928msec

Disk stats (read/write):
  nvme0n1: ios=33/0, merge=89/0, ticks=7/0, in_queue=7, util=0.40%
