buffered-write: (g=0): rw=write, bs=(R) 1024KiB-1024KiB, (W) 1024KiB-1024KiB, (T) 1024KiB-1024KiB, ioengine=psync, iodepth=1
fio-3.33
Starting 1 process

buffered-write: (groupid=0, jobs=1): err= 0: pid=3728: Fri Aug 15 07:03:06 2025
  write: IOPS=1501, BW=1501MiB/s (1574MB/s)(512MiB/341msec); 0 zone resets
    clat (usec): min=442, max=886, avg=644.86, stdev=38.61
     lat (usec): min=460, max=905, avg=663.04, stdev=38.89
    clat percentiles (usec):
     |  1.00th=[  490],  5.00th=[  586], 10.00th=[  611], 20.00th=[  627],
     | 30.00th=[  635], 40.00th=[  644], 50.00th=[  644], 60.00th=[  652],
     | 70.00th=[  660], 80.00th=[  668], 90.00th=[  676], 95.00th=[  693],
     | 99.00th=[  717], 99.50th=[  824], 99.90th=[  889], 99.95th=[  889],
     | 99.99th=[  889]
  lat (usec)   : 500=1.37%, 750=98.05%, 1000=0.59%
  cpu          : usr=2.06%, sys=96.76%, ctx=4, majf=0, minf=6
  IO depths    : 1=100.0%, 2=0.0%, 4=0.0%, 8=0.0%, 16=0.0%, 32=0.0%, >=64=0.0%
     submit    : 0=0.0%, 4=100.0%, 8=0.0%, 16=0.0%, 32=0.0%, 64=0.0%, >=64=0.0%
     complete  : 0=0.0%, 4=100.0%, 8=0.0%, 16=0.0%, 32=0.0%, 64=0.0%, >=64=0.0%
     issued rwts: total=0,512,0,0 short=0,0,0,0 dropped=0,0,0,0
     latency   : target=0, window=0, percentile=100.00%, depth=1

Run status group 0 (all jobs):
  WRITE: bw=1501MiB/s (1574MB/s), 1501MiB/s-1501MiB/s (1574MB/s-1574MB/s), io=512MiB (537MB), run=341-341msec

Disk stats (read/write):
  nvme0n1: ios=0/0, merge=0/0, ticks=0/0, in_queue=0, util=0.00%
