buffered-write: (g=0): rw=write, bs=(R) 10.0MiB-10.0MiB, (W) 10.0MiB-10.0MiB, (T) 10.0MiB-10.0MiB, ioengine=psync, iodepth=1
fio-3.33
Starting 1 process

buffered-write: (groupid=0, jobs=1): err= 0: pid=3824: Fri Aug 15 07:03:12 2025
  write: IOPS=126, BW=1269MiB/s (1330MB/s)(510MiB/402msec); 0 zone resets
    clat (usec): min=6322, max=8228, avg=6927.58, stdev=418.71
     lat (usec): min=6875, max=9233, avg=7858.19, stdev=487.91
    clat percentiles (usec):
     |  1.00th=[ 6325],  5.00th=[ 6456], 10.00th=[ 6652], 20.00th=[ 6652],
     | 30.00th=[ 6718], 40.00th=[ 6783], 50.00th=[ 6783], 60.00th=[ 6849],
     | 70.00th=[ 6915], 80.00th=[ 7111], 90.00th=[ 7504], 95.00th=[ 8160],
     | 99.00th=[ 8225], 99.50th=[ 8225], 99.90th=[ 8225], 99.95th=[ 8225],
     | 99.99th=[ 8225]
  lat (msec)   : 10=100.00%
  cpu          : usr=19.70%, sys=80.80%, ctx=1, majf=0, minf=6
  IO depths    : 1=100.0%, 2=0.0%, 4=0.0%, 8=0.0%, 16=0.0%, 32=0.0%, >=64=0.0%
     submit    : 0=0.0%, 4=100.0%, 8=0.0%, 16=0.0%, 32=0.0%, 64=0.0%, >=64=0.0%
     complete  : 0=0.0%, 4=100.0%, 8=0.0%, 16=0.0%, 32=0.0%, 64=0.0%, >=64=0.0%
     issued rwts: total=0,51,0,0 short=0,0,0,0 dropped=0,0,0,0
     latency   : target=0, window=0, percentile=100.00%, depth=1

Run status group 0 (all jobs):
  WRITE: bw=1269MiB/s (1330MB/s), 1269MiB/s-1269MiB/s (1330MB/s-1330MB/s), io=510MiB (535MB), run=402-402msec

Disk stats (read/write):
  nvme0n1: ios=0/0, merge=0/0, ticks=0/0, in_queue=0, util=0.00%
