buffered-read: (g=0): rw=read, bs=(R) 1024KiB-1024KiB, (W) 1024KiB-1024KiB, (T) 1024KiB-1024KiB, ioengine=psync, iodepth=1
fio-3.33
Starting 1 process

buffered-read: (groupid=0, jobs=1): err= 0: pid=2026: Fri Aug 15 06:56:40 2025
  read: IOPS=390, BW=390MiB/s (409MB/s)(512MiB/1312msec)
    clat (usec): min=2415, max=4355, avg=2557.54, stdev=175.84
     lat (usec): min=2415, max=4355, avg=2557.87, stdev=175.94
    clat percentiles (usec):
     |  1.00th=[ 2442],  5.00th=[ 2474], 10.00th=[ 2507], 20.00th=[ 2507],
     | 30.00th=[ 2507], 40.00th=[ 2507], 50.00th=[ 2507], 60.00th=[ 2507],
     | 70.00th=[ 2507], 80.00th=[ 2507], 90.00th=[ 2704], 95.00th=[ 2900],
     | 99.00th=[ 3261], 99.50th=[ 3523], 99.90th=[ 4359], 99.95th=[ 4359],
     | 99.99th=[ 4359]
   bw (  KiB/s): min=389120, max=403456, per=99.17%, avg=396288.00, stdev=10137.08, samples=2
   iops        : min=  380, max=  394, avg=387.00, stdev= 9.90, samples=2
  lat (msec)   : 4=99.80%, 10=0.20%
  cpu          : usr=0.92%, sys=13.50%, ctx=4073, majf=0, minf=70
  IO depths    : 1=100.0%, 2=0.0%, 4=0.0%, 8=0.0%, 16=0.0%, 32=0.0%, >=64=0.0%
     submit    : 0=0.0%, 4=100.0%, 8=0.0%, 16=0.0%, 32=0.0%, 64=0.0%, >=64=0.0%
     complete  : 0=0.0%, 4=100.0%, 8=0.0%, 16=0.0%, 32=0.0%, 64=0.0%, >=64=0.0%
     issued rwts: total=512,0,0,0 short=0,0,0,0 dropped=0,0,0,0
     latency   : target=0, window=0, percentile=100.00%, depth=1

Run status group 0 (all jobs):
   READ: bw=390MiB/s (409MB/s), 390MiB/s-390MiB/s (409MB/s-409MB/s), io=512MiB (537MB), run=1312-1312msec

Disk stats (read/write):
  nvme0n1: ios=3846/0, merge=761/0, ticks=2307/0, in_queue=2307, util=78.91%
