buffered-write: (g=0): rw=write, bs=(R) 100MiB-100MiB, (W) 100MiB-100MiB, (T) 100MiB-100MiB, ioengine=psync, iodepth=1
fio-3.33
Starting 1 process

buffered-write: (groupid=0, jobs=1): err= 0: pid=4727: Mon Aug 11 19:15:42 2025
  write: IOPS=12, BW=1215MiB/s (1274MB/s)(1000MiB/823msec); 0 zone resets
    clat (usec): min=67026, max=74427, avg=70629.92, stdev=2459.24
     lat (usec): min=75892, max=86390, avg=80869.14, stdev=3622.33
    clat percentiles (usec):
     |  1.00th=[66847],  5.00th=[66847], 10.00th=[66847], 20.00th=[68682],
     | 30.00th=[68682], 40.00th=[68682], 50.00th=[70779], 60.00th=[70779],
     | 70.00th=[71828], 80.00th=[72877], 90.00th=[72877], 95.00th=[73925],
     | 99.00th=[73925], 99.50th=[73925], 99.90th=[73925], 99.95th=[73925],
     | 99.99th=[73925]
   bw (  MiB/s): min= 1200, max= 1200, per=98.76%, avg=1200.00, stdev= 0.00, samples=1
   iops        : min=   12, max=   12, avg=12.00, stdev= 0.00, samples=1
  lat (msec)   : 100=100.00%
  cpu          : usr=12.17%, sys=87.83%, ctx=22, majf=0, minf=6
  IO depths    : 1=100.0%, 2=0.0%, 4=0.0%, 8=0.0%, 16=0.0%, 32=0.0%, >=64=0.0%
     submit    : 0=0.0%, 4=100.0%, 8=0.0%, 16=0.0%, 32=0.0%, 64=0.0%, >=64=0.0%
     complete  : 0=0.0%, 4=100.0%, 8=0.0%, 16=0.0%, 32=0.0%, 64=0.0%, >=64=0.0%
     issued rwts: total=0,10,0,0 short=0,0,0,0 dropped=0,0,0,0
     latency   : target=0, window=0, percentile=100.00%, depth=1

Run status group 0 (all jobs):
  WRITE: bw=1215MiB/s (1274MB/s), 1215MiB/s-1215MiB/s (1274MB/s-1274MB/s), io=1000MiB (1049MB), run=823-823msec

Disk stats (read/write):
  nvme0n1: ios=0/0, merge=0/0, ticks=0/0, in_queue=0, util=0.00%
