buffered-read: (g=0): rw=read, bs=(R) 10.0MiB-10.0MiB, (W) 10.0MiB-10.0MiB, (T) 10.0MiB-10.0MiB, ioengine=psync, iodepth=1
fio-3.33
Starting 1 process

buffered-read: (groupid=0, jobs=1): err= 0: pid=4071: Mon Aug 11 19:49:45 2025
  read: IOPS=108, BW=1085MiB/s (1138MB/s)(1020MiB/940msec)
    clat (usec): min=7845, max=12477, avg=9206.16, stdev=1096.99
     lat (usec): min=7845, max=12478, avg=9206.67, stdev=1097.03
    clat percentiles (usec):
     |  1.00th=[ 7832],  5.00th=[ 7963], 10.00th=[ 8029], 20.00th=[ 8225],
     | 30.00th=[ 8291], 40.00th=[ 8455], 50.00th=[ 8848], 60.00th=[ 9503],
     | 70.00th=[ 9896], 80.00th=[10290], 90.00th=[10814], 95.00th=[11338],
     | 99.00th=[11469], 99.50th=[12518], 99.90th=[12518], 99.95th=[12518],
     | 99.99th=[12518]
   bw (  MiB/s): min= 1100, max= 1100, per=100.00%, avg=1100.00, stdev= 0.00, samples=1
   iops        : min=  110, max=  110, avg=110.00, stdev= 0.00, samples=1
  lat (msec)   : 10=72.55%, 20=27.45%
  cpu          : usr=0.32%, sys=99.36%, ctx=48, majf=0, minf=646
  IO depths    : 1=100.0%, 2=0.0%, 4=0.0%, 8=0.0%, 16=0.0%, 32=0.0%, >=64=0.0%
     submit    : 0=0.0%, 4=100.0%, 8=0.0%, 16=0.0%, 32=0.0%, 64=0.0%, >=64=0.0%
     complete  : 0=0.0%, 4=100.0%, 8=0.0%, 16=0.0%, 32=0.0%, 64=0.0%, >=64=0.0%
     issued rwts: total=102,0,0,0 short=0,0,0,0 dropped=0,0,0,0
     latency   : target=0, window=0, percentile=100.00%, depth=1

Run status group 0 (all jobs):
   READ: bw=1085MiB/s (1138MB/s), 1085MiB/s-1085MiB/s (1138MB/s-1138MB/s), io=1020MiB (1070MB), run=940-940msec

Disk stats (read/write):
  nvme0n1: ios=18/0, merge=0/0, ticks=3/0, in_queue=2, util=0.40%
