buffered-read: (g=0): rw=read, bs=(R) 1024MiB-1024MiB, (W) 1024MiB-1024MiB, (T) 1024MiB-1024MiB, ioengine=psync, iodepth=1
fio-3.33
Starting 1 process

buffered-read: (groupid=0, jobs=1): err= 0: pid=3116: Thu Aug 14 22:45:07 2025
  read: IOPS=0, BW=387MiB/s (406MB/s)(1024MiB/2645msec)
    clat (nsec): min=2645.0M, max=2645.0M, avg=2644952304.00, stdev= 0.00
     lat (nsec): min=2645.0M, max=2645.0M, avg=2644953174.00, stdev= 0.00
    clat percentiles (msec):
     |  1.00th=[ 2635],  5.00th=[ 2635], 10.00th=[ 2635], 20.00th=[ 2635],
     | 30.00th=[ 2635], 40.00th=[ 2635], 50.00th=[ 2635], 60.00th=[ 2635],
     | 70.00th=[ 2635], 80.00th=[ 2635], 90.00th=[ 2635], 95.00th=[ 2635],
     | 99.00th=[ 2635], 99.50th=[ 2635], 99.90th=[ 2635], 99.95th=[ 2635],
     | 99.99th=[ 2635]
  lat (msec)   : >=2000=100.00%
  cpu          : usr=0.00%, sys=32.00%, ctx=4070, majf=0, minf=2085
  IO depths    : 1=100.0%, 2=0.0%, 4=0.0%, 8=0.0%, 16=0.0%, 32=0.0%, >=64=0.0%
     submit    : 0=0.0%, 4=100.0%, 8=0.0%, 16=0.0%, 32=0.0%, 64=0.0%, >=64=0.0%
     complete  : 0=0.0%, 4=100.0%, 8=0.0%, 16=0.0%, 32=0.0%, 64=0.0%, >=64=0.0%
     issued rwts: total=1,0,0,0 short=0,0,0,0 dropped=0,0,0,0
     latency   : target=0, window=0, percentile=100.00%, depth=1

Run status group 0 (all jobs):
   READ: bw=387MiB/s (406MB/s), 387MiB/s-387MiB/s (406MB/s-406MB/s), io=1024MiB (1074MB), run=2645-2645msec

Disk stats (read/write):
  nvme0n1: ios=7439/0, merge=89/0, ticks=6819/0, in_queue=6819, util=66.96%
