buffered-write: (g=0): rw=write, bs=(R) 4096B-4096B, (W) 4096B-4096B, (T) 4096B-4096B, ioengine=psync, iodepth=1
fio-3.33
Starting 1 process

buffered-write: (groupid=0, jobs=1): err= 0: pid=4138: Fri Aug 15 07:03:28 2025
  write: IOPS=163k, BW=636MiB/s (667MB/s)(512MiB/805msec); 0 zone resets
    clat (nsec): min=3871, max=102389, avg=5746.93, stdev=980.00
     lat (nsec): min=3945, max=102463, avg=5822.42, stdev=981.10
    clat percentiles (nsec):
     |  1.00th=[ 4768],  5.00th=[ 5024], 10.00th=[ 5152], 20.00th=[ 5344],
     | 30.00th=[ 5472], 40.00th=[ 5664], 50.00th=[ 5792], 60.00th=[ 5920],
     | 70.00th=[ 5984], 80.00th=[ 6048], 90.00th=[ 6176], 95.00th=[ 6304],
     | 99.00th=[ 6496], 99.50th=[ 6752], 99.90th=[11712], 99.95th=[15296],
     | 99.99th=[45312]
   bw (  KiB/s): min=661184, max=661184, per=100.00%, avg=661184.00, stdev= 0.00, samples=1
   iops        : min=165296, max=165296, avg=165296.00, stdev= 0.00, samples=1
  lat (usec)   : 4=0.01%, 10=99.84%, 20=0.12%, 50=0.02%, 100=0.01%
  lat (usec)   : 250=0.01%
  cpu          : usr=10.32%, sys=89.30%, ctx=32, majf=0, minf=6
  IO depths    : 1=100.0%, 2=0.0%, 4=0.0%, 8=0.0%, 16=0.0%, 32=0.0%, >=64=0.0%
     submit    : 0=0.0%, 4=100.0%, 8=0.0%, 16=0.0%, 32=0.0%, 64=0.0%, >=64=0.0%
     complete  : 0=0.0%, 4=100.0%, 8=0.0%, 16=0.0%, 32=0.0%, 64=0.0%, >=64=0.0%
     issued rwts: total=0,131072,0,0 short=0,0,0,0 dropped=0,0,0,0
     latency   : target=0, window=0, percentile=100.00%, depth=1

Run status group 0 (all jobs):
  WRITE: bw=636MiB/s (667MB/s), 636MiB/s-636MiB/s (667MB/s-667MB/s), io=512MiB (537MB), run=805-805msec

Disk stats (read/write):
  nvme0n1: ios=0/0, merge=0/0, ticks=0/0, in_queue=0, util=0.00%
