buffered-write: (g=0): rw=write, bs=(R) 128KiB-128KiB, (W) 128KiB-128KiB, (T) 128KiB-128KiB, ioengine=psync, iodepth=1
fio-3.33
Starting 1 process

buffered-write: (groupid=0, jobs=1): err= 0: pid=5508: Mon Aug 11 19:16:23 2025
  write: IOPS=12.8k, BW=1603MiB/s (1680MB/s)(1024MiB/639msec); 0 zone resets
    clat (usec): min=47, max=317, avg=74.71, stdev=11.07
     lat (usec): min=48, max=325, avg=75.56, stdev=11.11
    clat percentiles (usec):
     |  1.00th=[   52],  5.00th=[   56], 10.00th=[   60], 20.00th=[   66],
     | 30.00th=[   71], 40.00th=[   75], 50.00th=[   77], 60.00th=[   79],
     | 70.00th=[   80], 80.00th=[   83], 90.00th=[   87], 95.00th=[   90],
     | 99.00th=[   98], 99.50th=[  109], 99.90th=[  131], 99.95th=[  153],
     | 99.99th=[  318]
   bw (  MiB/s): min= 1593, max= 1593, per=99.41%, avg=1593.00, stdev= 0.00, samples=1
   iops        : min=12744, max=12744, avg=12744.00, stdev= 0.00, samples=1
  lat (usec)   : 50=0.18%, 100=98.96%, 250=0.83%, 500=0.02%
  cpu          : usr=4.23%, sys=95.45%, ctx=9, majf=0, minf=6
  IO depths    : 1=100.0%, 2=0.0%, 4=0.0%, 8=0.0%, 16=0.0%, 32=0.0%, >=64=0.0%
     submit    : 0=0.0%, 4=100.0%, 8=0.0%, 16=0.0%, 32=0.0%, 64=0.0%, >=64=0.0%
     complete  : 0=0.0%, 4=100.0%, 8=0.0%, 16=0.0%, 32=0.0%, 64=0.0%, >=64=0.0%
     issued rwts: total=0,8192,0,0 short=0,0,0,0 dropped=0,0,0,0
     latency   : target=0, window=0, percentile=100.00%, depth=1

Run status group 0 (all jobs):
  WRITE: bw=1603MiB/s (1680MB/s), 1603MiB/s-1603MiB/s (1680MB/s-1680MB/s), io=1024MiB (1074MB), run=639-639msec

Disk stats (read/write):
  nvme0n1: ios=0/0, merge=0/0, ticks=0/0, in_queue=0, util=0.00%
