buffered-read: (g=0): rw=read, bs=(R) 1024KiB-1024KiB, (W) 1024KiB-1024KiB, (T) 1024KiB-1024KiB, ioengine=psync, iodepth=1
fio-3.33
Starting 1 process

buffered-read: (groupid=0, jobs=1): err= 0: pid=3891: Mon Aug 11 19:49:32 2025
  read: IOPS=965, BW=965MiB/s (1012MB/s)(1024MiB/1061msec)
    clat (usec): min=644, max=91366, avg=1033.53, stdev=2828.61
     lat (usec): min=645, max=91367, avg=1033.72, stdev=2828.61
    clat percentiles (usec):
     |  1.00th=[  717],  5.00th=[  742], 10.00th=[  758], 20.00th=[  775],
     | 30.00th=[  857], 40.00th=[  963], 50.00th=[  996], 60.00th=[ 1012],
     | 70.00th=[ 1020], 80.00th=[ 1045], 90.00th=[ 1090], 95.00th=[ 1106],
     | 99.00th=[ 1205], 99.50th=[ 1237], 99.90th=[ 1450], 99.95th=[91751],
     | 99.99th=[91751]
   bw (  KiB/s): min=962560, max=995328, per=99.05%, avg=978944.00, stdev=23170.48, samples=2
   iops        : min=  940, max=  972, avg=956.00, stdev=22.63, samples=2
  lat (usec)   : 750=7.62%, 1000=45.12%
  lat (msec)   : 2=47.17%, 100=0.10%
  cpu          : usr=0.00%, sys=90.94%, ctx=49, majf=0, minf=70
  IO depths    : 1=100.0%, 2=0.0%, 4=0.0%, 8=0.0%, 16=0.0%, 32=0.0%, >=64=0.0%
     submit    : 0=0.0%, 4=100.0%, 8=0.0%, 16=0.0%, 32=0.0%, 64=0.0%, >=64=0.0%
     complete  : 0=0.0%, 4=100.0%, 8=0.0%, 16=0.0%, 32=0.0%, 64=0.0%, >=64=0.0%
     issued rwts: total=1024,0,0,0 short=0,0,0,0 dropped=0,0,0,0
     latency   : target=0, window=0, percentile=100.00%, depth=1

Run status group 0 (all jobs):
   READ: bw=965MiB/s (1012MB/s), 965MiB/s-965MiB/s (1012MB/s-1012MB/s), io=1024MiB (1074MB), run=1061-1061msec

Disk stats (read/write):
  nvme0n1: ios=16/0, merge=0/0, ticks=93/0, in_queue=93, util=9.23%
