buffered-read: (g=0): rw=read, bs=(R) 128KiB-128KiB, (W) 128KiB-128KiB, (T) 128KiB-128KiB, ioengine=psync, iodepth=1
fio-3.33
Starting 1 process

buffered-read: (groupid=0, jobs=1): err= 0: pid=3417: Thu Aug 14 22:45:34 2025
  read: IOPS=3180, BW=398MiB/s (417MB/s)(512MiB/1288msec)
    clat (usec): min=10, max=1170, avg=313.61, stdev=310.70
     lat (usec): min=10, max=1170, avg=313.69, stdev=310.68
    clat percentiles (usec):
     |  1.00th=[   11],  5.00th=[   11], 10.00th=[   11], 20.00th=[   12],
     | 30.00th=[   13], 40.00th=[   13], 50.00th=[   62], 60.00th=[  611],
     | 70.00th=[  619], 80.00th=[  619], 90.00th=[  619], 95.00th=[  627],
     | 99.00th=[  955], 99.50th=[ 1037], 99.90th=[ 1106], 99.95th=[ 1139],
     | 99.99th=[ 1172]
   bw (  KiB/s): min=407040, max=407552, per=100.00%, avg=407296.00, stdev=362.04, samples=2
   iops        : min= 3180, max= 3184, avg=3182.00, stdev= 2.83, samples=2
  lat (usec)   : 20=49.85%, 50=0.10%, 100=0.15%, 250=1.03%, 500=0.98%
  lat (usec)   : 750=45.70%, 1000=1.46%
  lat (msec)   : 2=0.73%
  cpu          : usr=0.00%, sys=7.15%, ctx=2048, majf=0, minf=13
  IO depths    : 1=100.0%, 2=0.0%, 4=0.0%, 8=0.0%, 16=0.0%, 32=0.0%, >=64=0.0%
     submit    : 0=0.0%, 4=100.0%, 8=0.0%, 16=0.0%, 32=0.0%, 64=0.0%, >=64=0.0%
     complete  : 0=0.0%, 4=100.0%, 8=0.0%, 16=0.0%, 32=0.0%, 64=0.0%, >=64=0.0%
     issued rwts: total=4096,0,0,0 short=0,0,0,0 dropped=0,0,0,0
     latency   : target=0, window=0, percentile=100.00%, depth=1

Run status group 0 (all jobs):
   READ: bw=398MiB/s (417MB/s), 398MiB/s-398MiB/s (417MB/s-417MB/s), io=512MiB (537MB), run=1288-1288msec

Disk stats (read/write):
  nvme0n1: ios=3654/0, merge=0/0, ticks=3877/0, in_queue=3876, util=86.54%
