buffered-write: (g=0): rw=write, bs=(R) 1024MiB-1024MiB, (W) 1024MiB-1024MiB, (T) 1024MiB-1024MiB, ioengine=psync, iodepth=1
fio-3.33
Starting 1 process

buffered-write: (groupid=0, jobs=1): err= 0: pid=5118: Mon Aug 11 19:16:06 2025
  write: IOPS=1, BW=1229MiB/s (1289MB/s)(1024MiB/833msec); 0 zone resets
    clat (nsec): min=753473k, max=753473k, avg=753473243.00, stdev= 0.00
     lat (nsec): min=819540k, max=819540k, avg=819540040.00, stdev= 0.00
    clat percentiles (msec):
     |  1.00th=[  751],  5.00th=[  751], 10.00th=[  751], 20.00th=[  751],
     | 30.00th=[  751], 40.00th=[  751], 50.00th=[  751], 60.00th=[  751],
     | 70.00th=[  751], 80.00th=[  751], 90.00th=[  751], 95.00th=[  751],
     | 99.00th=[  751], 99.50th=[  751], 99.90th=[  751], 99.95th=[  751],
     | 99.99th=[  751]
  lat (msec)   : 1000=100.00%
  cpu          : usr=8.17%, sys=91.71%, ctx=7, majf=0, minf=6
  IO depths    : 1=100.0%, 2=0.0%, 4=0.0%, 8=0.0%, 16=0.0%, 32=0.0%, >=64=0.0%
     submit    : 0=0.0%, 4=100.0%, 8=0.0%, 16=0.0%, 32=0.0%, 64=0.0%, >=64=0.0%
     complete  : 0=0.0%, 4=100.0%, 8=0.0%, 16=0.0%, 32=0.0%, 64=0.0%, >=64=0.0%
     issued rwts: total=0,1,0,0 short=0,0,0,0 dropped=0,0,0,0
     latency   : target=0, window=0, percentile=100.00%, depth=1

Run status group 0 (all jobs):
  WRITE: bw=1229MiB/s (1289MB/s), 1229MiB/s-1229MiB/s (1289MB/s-1289MB/s), io=1024MiB (1074MB), run=833-833msec

Disk stats (read/write):
  nvme0n1: ios=0/2, merge=0/12, ticks=0/1, in_queue=1, util=0.00%
