buffered-write: (g=0): rw=write, bs=(R) 10.0MiB-10.0MiB, (W) 10.0MiB-10.0MiB, (T) 10.0MiB-10.0MiB, ioengine=psync, iodepth=1
fio-3.33
Starting 1 process

buffered-write: (groupid=0, jobs=1): err= 0: pid=4493: Mon Aug 11 19:15:32 2025
  write: IOPS=136, BW=1365MiB/s (1432MB/s)(1020MiB/747msec); 0 zone resets
    clat (usec): min=5082, max=7268, avg=6452.00, stdev=478.50
     lat (usec): min=5803, max=8146, avg=7182.25, stdev=511.77
    clat percentiles (usec):
     |  1.00th=[ 5211],  5.00th=[ 5473], 10.00th=[ 5800], 20.00th=[ 6063],
     | 30.00th=[ 6194], 40.00th=[ 6456], 50.00th=[ 6521], 60.00th=[ 6652],
     | 70.00th=[ 6783], 80.00th=[ 6915], 90.00th=[ 6980], 95.00th=[ 7046],
     | 99.00th=[ 7111], 99.50th=[ 7242], 99.90th=[ 7242], 99.95th=[ 7242],
     | 99.99th=[ 7242]
   bw (  MiB/s): min= 1360, max= 1360, per=99.60%, avg=1360.00, stdev= 0.00, samples=1
   iops        : min=  136, max=  136, avg=136.00, stdev= 0.00, samples=1
  lat (msec)   : 10=100.00%
  cpu          : usr=12.06%, sys=88.07%, ctx=16, majf=0, minf=6
  IO depths    : 1=100.0%, 2=0.0%, 4=0.0%, 8=0.0%, 16=0.0%, 32=0.0%, >=64=0.0%
     submit    : 0=0.0%, 4=100.0%, 8=0.0%, 16=0.0%, 32=0.0%, 64=0.0%, >=64=0.0%
     complete  : 0=0.0%, 4=100.0%, 8=0.0%, 16=0.0%, 32=0.0%, 64=0.0%, >=64=0.0%
     issued rwts: total=0,102,0,0 short=0,0,0,0 dropped=0,0,0,0
     latency   : target=0, window=0, percentile=100.00%, depth=1

Run status group 0 (all jobs):
  WRITE: bw=1365MiB/s (1432MB/s), 1365MiB/s-1365MiB/s (1432MB/s-1432MB/s), io=1020MiB (1070MB), run=747-747msec

Disk stats (read/write):
  nvme0n1: ios=0/0, merge=0/0, ticks=0/0, in_queue=0, util=0.00%
