buffered-read: (g=0): rw=read, bs=(R) 10.0MiB-10.0MiB, (W) 10.0MiB-10.0MiB, (T) 10.0MiB-10.0MiB, ioengine=psync, iodepth=1
fio-3.33
Starting 1 process

buffered-read: (groupid=0, jobs=1): err= 0: pid=2716: Thu Aug 14 22:44:20 2025
  read: IOPS=39, BW=397MiB/s (417MB/s)(520MiB/1309msec)
    clat (usec): min=24928, max=26590, avg=25160.59, stdev=249.53
     lat (usec): min=24929, max=26591, avg=25161.49, stdev=249.49
    clat percentiles (usec):
     |  1.00th=[25035],  5.00th=[25035], 10.00th=[25035], 20.00th=[25035],
     | 30.00th=[25035], 40.00th=[25035], 50.00th=[25035], 60.00th=[25035],
     | 70.00th=[25035], 80.00th=[25035], 90.00th=[25035], 95.00th=[25297],
     | 99.00th=[26608], 99.50th=[26608], 99.90th=[26608], 99.95th=[26608],
     | 99.99th=[26608]
   bw (  KiB/s): min=389120, max=409600, per=98.18%, avg=399360.00, stdev=14481.55, samples=2
   iops        : min=   38, max=   40, avg=39.00, stdev= 1.41, samples=2
  lat (msec)   : 50=100.00%
  cpu          : usr=0.00%, sys=33.64%, ctx=2077, majf=0, minf=646
  IO depths    : 1=100.0%, 2=0.0%, 4=0.0%, 8=0.0%, 16=0.0%, 32=0.0%, >=64=0.0%
     submit    : 0=0.0%, 4=100.0%, 8=0.0%, 16=0.0%, 32=0.0%, 64=0.0%, >=64=0.0%
     complete  : 0=0.0%, 4=100.0%, 8=0.0%, 16=0.0%, 32=0.0%, 64=0.0%, >=64=0.0%
     issued rwts: total=52,0,0,0 short=0,0,0,0 dropped=0,0,0,0
     latency   : target=0, window=0, percentile=100.00%, depth=1

Run status group 0 (all jobs):
   READ: bw=397MiB/s (417MB/s), 397MiB/s-397MiB/s (417MB/s-417MB/s), io=520MiB (545MB), run=1309-1309msec

Disk stats (read/write):
  nvme0n1: ios=3665/0, merge=89/0, ticks=3300/0, in_queue=3300, util=60.58%
