buffered-write: (g=0): rw=write, bs=(R) 4096B-4096B, (W) 4096B-4096B, (T) 4096B-4096B, ioengine=psync, iodepth=1
fio-3.33
Starting 1 process

buffered-write: (groupid=0, jobs=1): err= 0: pid=5196: Mon Aug 11 19:16:10 2025
  write: IOPS=272k, BW=1063MiB/s (1115MB/s)(1024MiB/963msec); 0 zone resets
    clat (nsec): min=1815, max=164040, avg=3219.82, stdev=728.04
     lat (nsec): min=1907, max=164151, avg=3310.42, stdev=730.84
    clat percentiles (nsec):
     |  1.00th=[ 2288],  5.00th=[ 2448], 10.00th=[ 2544], 20.00th=[ 2736],
     | 30.00th=[ 2896], 40.00th=[ 3024], 50.00th=[ 3184], 60.00th=[ 3344],
     | 70.00th=[ 3504], 80.00th=[ 3664], 90.00th=[ 3888], 95.00th=[ 4080],
     | 99.00th=[ 4512], 99.50th=[ 4704], 99.90th=[ 6432], 99.95th=[10432],
     | 99.99th=[17280]
   bw (  MiB/s): min= 1067, max= 1067, per=100.00%, avg=1067.56, stdev= 0.00, samples=1
   iops        : min=273296, max=273296, avg=273296.00, stdev= 0.00, samples=1
  lat (usec)   : 2=0.01%, 4=93.20%, 10=6.74%, 20=0.05%, 50=0.01%
  lat (usec)   : 100=0.01%, 250=0.01%
  cpu          : usr=13.62%, sys=86.07%, ctx=15, majf=0, minf=6
  IO depths    : 1=100.0%, 2=0.0%, 4=0.0%, 8=0.0%, 16=0.0%, 32=0.0%, >=64=0.0%
     submit    : 0=0.0%, 4=100.0%, 8=0.0%, 16=0.0%, 32=0.0%, 64=0.0%, >=64=0.0%
     complete  : 0=0.0%, 4=100.0%, 8=0.0%, 16=0.0%, 32=0.0%, 64=0.0%, >=64=0.0%
     issued rwts: total=0,262144,0,0 short=0,0,0,0 dropped=0,0,0,0
     latency   : target=0, window=0, percentile=100.00%, depth=1

Run status group 0 (all jobs):
  WRITE: bw=1063MiB/s (1115MB/s), 1063MiB/s-1063MiB/s (1115MB/s-1115MB/s), io=1024MiB (1074MB), run=963-963msec

Disk stats (read/write):
  nvme0n1: ios=0/0, merge=0/0, ticks=0/0, in_queue=0, util=0.00%
