buffered-read: (g=0): rw=read, bs=(R) 10.0MiB-10.0MiB, (W) 10.0MiB-10.0MiB, (T) 10.0MiB-10.0MiB, ioengine=psync, iodepth=1
fio-3.33
Starting 1 process

buffered-read: (groupid=0, jobs=1): err= 0: pid=4091: Mon Aug 11 19:49:46 2025
  read: IOPS=89, BW=892MiB/s (936MB/s)(1020MiB/1143msec)
    clat (usec): min=9224, max=12940, avg=11193.65, stdev=726.08
     lat (usec): min=9226, max=12940, avg=11194.27, stdev=726.09
    clat percentiles (usec):
     |  1.00th=[ 9634],  5.00th=[ 9765], 10.00th=[10159], 20.00th=[10552],
     | 30.00th=[10814], 40.00th=[11207], 50.00th=[11338], 60.00th=[11600],
     | 70.00th=[11600], 80.00th=[11863], 90.00th=[11994], 95.00th=[11994],
     | 99.00th=[12256], 99.50th=[12911], 99.90th=[12911], 99.95th=[12911],
     | 99.99th=[12911]
   bw (  KiB/s): min=860160, max=942080, per=98.61%, avg=901120.00, stdev=57926.19, samples=2
   iops        : min=   84, max=   92, avg=88.00, stdev= 5.66, samples=2
  lat (msec)   : 10=6.86%, 20=93.14%
  cpu          : usr=0.00%, sys=99.56%, ctx=80, majf=0, minf=646
  IO depths    : 1=100.0%, 2=0.0%, 4=0.0%, 8=0.0%, 16=0.0%, 32=0.0%, >=64=0.0%
     submit    : 0=0.0%, 4=100.0%, 8=0.0%, 16=0.0%, 32=0.0%, 64=0.0%, >=64=0.0%
     complete  : 0=0.0%, 4=100.0%, 8=0.0%, 16=0.0%, 32=0.0%, 64=0.0%, >=64=0.0%
     issued rwts: total=102,0,0,0 short=0,0,0,0 dropped=0,0,0,0
     latency   : target=0, window=0, percentile=100.00%, depth=1

Run status group 0 (all jobs):
   READ: bw=892MiB/s (936MB/s), 892MiB/s-892MiB/s (936MB/s-936MB/s), io=1020MiB (1070MB), run=1143-1143msec

Disk stats (read/write):
  nvme0n1: ios=30/0, merge=89/0, ticks=8/0, in_queue=9, util=0.40%
