buffered-read: (g=0): rw=read, bs=(R) 128KiB-128KiB, (W) 128KiB-128KiB, (T) 128KiB-128KiB, ioengine=psync, iodepth=1
fio-3.33
Starting 1 process

buffered-read: (groupid=0, jobs=1): err= 0: pid=4814: Mon Aug 11 19:50:38 2025
  read: IOPS=12.8k, BW=1603MiB/s (1680MB/s)(1024MiB/639msec)
    clat (usec): min=9, max=522, avg=77.40, stdev=64.14
     lat (usec): min=9, max=522, avg=77.46, stdev=64.13
    clat percentiles (usec):
     |  1.00th=[   10],  5.00th=[   11], 10.00th=[   11], 20.00th=[   12],
     | 30.00th=[   14], 40.00th=[   22], 50.00th=[   64], 60.00th=[  127],
     | 70.00th=[  137], 80.00th=[  143], 90.00th=[  149], 95.00th=[  153],
     | 99.00th=[  186], 99.50th=[  200], 99.90th=[  330], 99.95th=[  351],
     | 99.99th=[  523]
   bw (  MiB/s): min= 1595, max= 1595, per=99.57%, avg=1595.56, stdev= 0.00, samples=1
   iops        : min=12764, max=12764, avg=12764.00, stdev= 0.00, samples=1
  lat (usec)   : 10=2.66%, 20=36.19%, 50=11.04%, 100=0.79%, 250=49.11%
  lat (usec)   : 500=0.18%, 750=0.02%
  cpu          : usr=1.10%, sys=98.12%, ctx=40, majf=0, minf=13
  IO depths    : 1=100.0%, 2=0.0%, 4=0.0%, 8=0.0%, 16=0.0%, 32=0.0%, >=64=0.0%
     submit    : 0=0.0%, 4=100.0%, 8=0.0%, 16=0.0%, 32=0.0%, 64=0.0%, >=64=0.0%
     complete  : 0=0.0%, 4=100.0%, 8=0.0%, 16=0.0%, 32=0.0%, 64=0.0%, >=64=0.0%
     issued rwts: total=8192,0,0,0 short=0,0,0,0 dropped=0,0,0,0
     latency   : target=0, window=0, percentile=100.00%, depth=1

Run status group 0 (all jobs):
   READ: bw=1603MiB/s (1680MB/s), 1603MiB/s-1603MiB/s (1680MB/s-1680MB/s), io=1024MiB (1074MB), run=639-639msec

Disk stats (read/write):
  nvme0n1: ios=12/0, merge=0/0, ticks=1/0, in_queue=1, util=0.80%
