buffered-write: (g=0): rw=write, bs=(R) 100MiB-100MiB, (W) 100MiB-100MiB, (T) 100MiB-100MiB, ioengine=psync, iodepth=1
fio-3.33
Starting 1 process

buffered-write: (groupid=0, jobs=1): err= 0: pid=4805: Mon Aug 11 19:15:45 2025
  write: IOPS=14, BW=1453MiB/s (1524MB/s)(1000MiB/688msec); 0 zone resets
    clat (usec): min=51940, max=63480, avg=55978.71, stdev=3202.41
     lat (usec): min=63048, max=73244, avg=67421.86, stdev=3108.30
    clat percentiles (usec):
     |  1.00th=[52167],  5.00th=[52167], 10.00th=[52167], 20.00th=[52691],
     | 30.00th=[53216], 40.00th=[55837], 50.00th=[55837], 60.00th=[55837],
     | 70.00th=[56361], 80.00th=[57410], 90.00th=[57410], 95.00th=[63701],
     | 99.00th=[63701], 99.50th=[63701], 99.90th=[63701], 99.95th=[63701],
     | 99.99th=[63701]
   bw (  MiB/s): min= 1400, max= 1400, per=96.32%, avg=1400.00, stdev= 0.00, samples=1
   iops        : min=   14, max=   14, avg=14.00, stdev= 0.00, samples=1
  lat (msec)   : 100=100.00%
  cpu          : usr=16.89%, sys=83.41%, ctx=23, majf=0, minf=6
  IO depths    : 1=100.0%, 2=0.0%, 4=0.0%, 8=0.0%, 16=0.0%, 32=0.0%, >=64=0.0%
     submit    : 0=0.0%, 4=100.0%, 8=0.0%, 16=0.0%, 32=0.0%, 64=0.0%, >=64=0.0%
     complete  : 0=0.0%, 4=100.0%, 8=0.0%, 16=0.0%, 32=0.0%, 64=0.0%, >=64=0.0%
     issued rwts: total=0,10,0,0 short=0,0,0,0 dropped=0,0,0,0
     latency   : target=0, window=0, percentile=100.00%, depth=1

Run status group 0 (all jobs):
  WRITE: bw=1453MiB/s (1524MB/s), 1453MiB/s-1453MiB/s (1524MB/s-1524MB/s), io=1000MiB (1049MB), run=688-688msec

Disk stats (read/write):
  nvme0n1: ios=0/0, merge=0/0, ticks=0/0, in_queue=0, util=0.00%
