buffered-write: (g=0): rw=write, bs=(R) 1024MiB-1024MiB, (W) 1024MiB-1024MiB, (T) 1024MiB-1024MiB, ioengine=psync, iodepth=1
fio-3.33
Starting 1 process

buffered-write: (groupid=0, jobs=1): err= 0: pid=4909: Mon Aug 11 19:15:51 2025
  write: IOPS=1, BW=1193MiB/s (1251MB/s)(1024MiB/858msec); 0 zone resets
    clat (nsec): min=746447k, max=746447k, avg=746446705.00, stdev= 0.00
     lat (nsec): min=843992k, max=843992k, avg=843991789.00, stdev= 0.00
    clat percentiles (msec):
     |  1.00th=[  743],  5.00th=[  743], 10.00th=[  743], 20.00th=[  743],
     | 30.00th=[  743], 40.00th=[  743], 50.00th=[  743], 60.00th=[  743],
     | 70.00th=[  743], 80.00th=[  743], 90.00th=[  743], 95.00th=[  743],
     | 99.00th=[  743], 99.50th=[  743], 99.90th=[  743], 99.95th=[  743],
     | 99.99th=[  743]
  lat (msec)   : 750=100.00%
  cpu          : usr=11.55%, sys=88.10%, ctx=29, majf=0, minf=6
  IO depths    : 1=100.0%, 2=0.0%, 4=0.0%, 8=0.0%, 16=0.0%, 32=0.0%, >=64=0.0%
     submit    : 0=0.0%, 4=100.0%, 8=0.0%, 16=0.0%, 32=0.0%, 64=0.0%, >=64=0.0%
     complete  : 0=0.0%, 4=100.0%, 8=0.0%, 16=0.0%, 32=0.0%, 64=0.0%, >=64=0.0%
     issued rwts: total=0,1,0,0 short=0,0,0,0 dropped=0,0,0,0
     latency   : target=0, window=0, percentile=100.00%, depth=1

Run status group 0 (all jobs):
  WRITE: bw=1193MiB/s (1251MB/s), 1193MiB/s-1193MiB/s (1251MB/s-1251MB/s), io=1024MiB (1074MB), run=858-858msec

Disk stats (read/write):
  nvme0n1: ios=0/0, merge=0/0, ticks=0/0, in_queue=0, util=0.00%
