buffered-write: (g=0): rw=write, bs=(R) 100MiB-100MiB, (W) 100MiB-100MiB, (T) 100MiB-100MiB, ioengine=psync, iodepth=1
fio-3.33
Starting 1 process

buffered-write: (groupid=0, jobs=1): err= 0: pid=4779: Mon Aug 11 19:15:44 2025
  write: IOPS=11, BW=1193MiB/s (1251MB/s)(1000MiB/838msec); 0 zone resets
    clat (usec): min=63231, max=72832, avg=68387.07, stdev=2939.83
     lat (usec): min=77429, max=87267, avg=82415.17, stdev=3378.02
    clat percentiles (usec):
     |  1.00th=[63177],  5.00th=[63177], 10.00th=[63177], 20.00th=[64226],
     | 30.00th=[66847], 40.00th=[67634], 50.00th=[68682], 60.00th=[69731],
     | 70.00th=[69731], 80.00th=[70779], 90.00th=[70779], 95.00th=[72877],
     | 99.00th=[72877], 99.50th=[72877], 99.90th=[72877], 99.95th=[72877],
     | 99.99th=[72877]
   bw (  MiB/s): min= 1200, max= 1200, per=100.00%, avg=1200.00, stdev= 0.00, samples=1
   iops        : min=   12, max=   12, avg=12.00, stdev= 0.00, samples=1
  lat (msec)   : 100=100.00%
  cpu          : usr=17.68%, sys=82.44%, ctx=26, majf=0, minf=6
  IO depths    : 1=100.0%, 2=0.0%, 4=0.0%, 8=0.0%, 16=0.0%, 32=0.0%, >=64=0.0%
     submit    : 0=0.0%, 4=100.0%, 8=0.0%, 16=0.0%, 32=0.0%, 64=0.0%, >=64=0.0%
     complete  : 0=0.0%, 4=100.0%, 8=0.0%, 16=0.0%, 32=0.0%, 64=0.0%, >=64=0.0%
     issued rwts: total=0,10,0,0 short=0,0,0,0 dropped=0,0,0,0
     latency   : target=0, window=0, percentile=100.00%, depth=1

Run status group 0 (all jobs):
  WRITE: bw=1193MiB/s (1251MB/s), 1193MiB/s-1193MiB/s (1251MB/s-1251MB/s), io=1000MiB (1049MB), run=838-838msec

Disk stats (read/write):
  nvme0n1: ios=1/0, merge=0/0, ticks=0/0, in_queue=0, util=0.00%
