buffered-read: (g=0): rw=read, bs=(R) 4096B-4096B, (W) 4096B-4096B, (T) 4096B-4096B, ioengine=psync, iodepth=1
fio-3.33
Starting 1 process

buffered-read: (groupid=0, jobs=1): err= 0: pid=3273: Fri Aug 15 06:57:41 2025
  read: IOPS=102k, BW=397MiB/s (417MB/s)(512MiB/1289msec)
    clat (nsec): min=649, max=646166, avg=9499.70, stdev=48424.40
     lat (nsec): min=703, max=646222, avg=9551.18, stdev=48424.20
    clat percentiles (nsec):
     |  1.00th=[   684],  5.00th=[   684], 10.00th=[   684], 20.00th=[   708],
     | 30.00th=[   708], 40.00th=[   740], 50.00th=[   852], 60.00th=[   868],
     | 70.00th=[   892], 80.00th=[   908], 90.00th=[  1020], 95.00th=[  1144],
     | 99.00th=[280576], 99.50th=[280576], 99.90th=[280576], 99.95th=[280576],
     | 99.99th=[428032]
   bw (  KiB/s): min=406424, max=407080, per=100.00%, avg=406752.00, stdev=463.86, samples=2
   iops        : min=101606, max=101770, avg=101688.00, stdev=115.97, samples=2
  lat (nsec)   : 750=41.57%, 1000=47.75%
  lat (usec)   : 2=7.51%, 4=0.02%, 10=0.02%, 20=0.01%, 50=0.01%
  lat (usec)   : 100=0.01%, 250=0.01%, 500=3.11%, 750=0.01%
  cpu          : usr=4.58%, sys=12.73%, ctx=4106, majf=0, minf=6
  IO depths    : 1=100.0%, 2=0.0%, 4=0.0%, 8=0.0%, 16=0.0%, 32=0.0%, >=64=0.0%
     submit    : 0=0.0%, 4=100.0%, 8=0.0%, 16=0.0%, 32=0.0%, 64=0.0%, >=64=0.0%
     complete  : 0=0.0%, 4=100.0%, 8=0.0%, 16=0.0%, 32=0.0%, 64=0.0%, >=64=0.0%
     issued rwts: total=131072,0,0,0 short=0,0,0,0 dropped=0,0,0,0
     latency   : target=0, window=0, percentile=100.00%, depth=1

Run status group 0 (all jobs):
   READ: bw=397MiB/s (417MB/s), 397MiB/s-397MiB/s (417MB/s-417MB/s), io=512MiB (537MB), run=1289-1289msec

Disk stats (read/write):
  nvme0n1: ios=3657/0, merge=0/0, ticks=2104/0, in_queue=2104, util=76.28%
