buffered-write: (g=0): rw=write, bs=(R) 128KiB-128KiB, (W) 128KiB-128KiB, (T) 128KiB-128KiB, ioengine=psync, iodepth=1
fio-3.33
Starting 1 process

buffered-write: (groupid=0, jobs=1): err= 0: pid=5534: Mon Aug 11 19:16:24 2025
  write: IOPS=12.7k, BW=1583MiB/s (1660MB/s)(1024MiB/647msec); 0 zone resets
    clat (usec): min=42, max=300, avg=75.86, stdev=11.19
     lat (usec): min=43, max=300, avg=76.70, stdev=11.33
    clat percentiles (usec):
     |  1.00th=[   53],  5.00th=[   57], 10.00th=[   61], 20.00th=[   68],
     | 30.00th=[   72], 40.00th=[   77], 50.00th=[   79], 60.00th=[   80],
     | 70.00th=[   82], 80.00th=[   84], 90.00th=[   87], 95.00th=[   89],
     | 99.00th=[  101], 99.50th=[  109], 99.90th=[  174], 99.95th=[  210],
     | 99.99th=[  302]
   bw (  MiB/s): min= 1571, max= 1571, per=99.29%, avg=1571.50, stdev= 0.00, samples=1
   iops        : min=12572, max=12572, avg=12572.00, stdev= 0.00, samples=1
  lat (usec)   : 50=0.09%, 100=98.86%, 250=1.04%, 500=0.01%
  cpu          : usr=1.70%, sys=97.52%, ctx=23, majf=0, minf=6
  IO depths    : 1=100.0%, 2=0.0%, 4=0.0%, 8=0.0%, 16=0.0%, 32=0.0%, >=64=0.0%
     submit    : 0=0.0%, 4=100.0%, 8=0.0%, 16=0.0%, 32=0.0%, 64=0.0%, >=64=0.0%
     complete  : 0=0.0%, 4=100.0%, 8=0.0%, 16=0.0%, 32=0.0%, 64=0.0%, >=64=0.0%
     issued rwts: total=0,8192,0,0 short=0,0,0,0 dropped=0,0,0,0
     latency   : target=0, window=0, percentile=100.00%, depth=1

Run status group 0 (all jobs):
  WRITE: bw=1583MiB/s (1660MB/s), 1583MiB/s-1583MiB/s (1660MB/s-1660MB/s), io=1024MiB (1074MB), run=647-647msec

Disk stats (read/write):
  nvme0n1: ios=0/0, merge=0/0, ticks=0/0, in_queue=0, util=0.00%
