buffered-write: (g=0): rw=write, bs=(R) 4096B-4096B, (W) 4096B-4096B, (T) 4096B-4096B, ioengine=psync, iodepth=1
fio-3.33
Starting 1 process

buffered-write: (groupid=0, jobs=1): err= 0: pid=4174: Fri Aug 15 07:03:31 2025
  write: IOPS=167k, BW=651MiB/s (682MB/s)(512MiB/787msec); 0 zone resets
    clat (nsec): min=3777, max=87834, avg=5617.19, stdev=585.81
     lat (nsec): min=3851, max=87926, avg=5692.57, stdev=588.24
    clat percentiles (nsec):
     |  1.00th=[ 4640],  5.00th=[ 4896], 10.00th=[ 5024], 20.00th=[ 5216],
     | 30.00th=[ 5344], 40.00th=[ 5472], 50.00th=[ 5600], 60.00th=[ 5728],
     | 70.00th=[ 5856], 80.00th=[ 5984], 90.00th=[ 6176], 95.00th=[ 6304],
     | 99.00th=[ 6496], 99.50th=[ 6688], 99.90th=[ 9792], 99.95th=[11584],
     | 99.99th=[18560]
   bw (  KiB/s): min=683512, max=683512, per=100.00%, avg=683512.00, stdev= 0.00, samples=1
   iops        : min=170878, max=170878, avg=170878.00, stdev= 0.00, samples=1
  lat (usec)   : 4=0.01%, 10=99.91%, 20=0.08%, 50=0.01%, 100=0.01%
  cpu          : usr=8.52%, sys=91.35%, ctx=7, majf=0, minf=6
  IO depths    : 1=100.0%, 2=0.0%, 4=0.0%, 8=0.0%, 16=0.0%, 32=0.0%, >=64=0.0%
     submit    : 0=0.0%, 4=100.0%, 8=0.0%, 16=0.0%, 32=0.0%, 64=0.0%, >=64=0.0%
     complete  : 0=0.0%, 4=100.0%, 8=0.0%, 16=0.0%, 32=0.0%, 64=0.0%, >=64=0.0%
     issued rwts: total=0,131072,0,0 short=0,0,0,0 dropped=0,0,0,0
     latency   : target=0, window=0, percentile=100.00%, depth=1

Run status group 0 (all jobs):
  WRITE: bw=651MiB/s (682MB/s), 651MiB/s-651MiB/s (682MB/s-682MB/s), io=512MiB (537MB), run=787-787msec

Disk stats (read/write):
  nvme0n1: ios=0/0, merge=0/0, ticks=0/0, in_queue=0, util=0.00%
