buffered-read: (g=0): rw=read, bs=(R) 128KiB-128KiB, (W) 128KiB-128KiB, (T) 128KiB-128KiB, ioengine=psync, iodepth=1
fio-3.33
Starting 1 process

buffered-read: (groupid=0, jobs=1): err= 0: pid=3520: Thu Aug 14 22:45:43 2025
  read: IOPS=3177, BW=397MiB/s (417MB/s)(512MiB/1289msec)
    clat (usec): min=10, max=1320, avg=313.87, stdev=347.90
     lat (usec): min=10, max=1320, avg=313.94, stdev=347.88
    clat percentiles (usec):
     |  1.00th=[   11],  5.00th=[   11], 10.00th=[   11], 20.00th=[   12],
     | 30.00th=[   13], 40.00th=[   14], 50.00th=[   63], 60.00th=[  379],
     | 70.00th=[  578], 80.00th=[  701], 90.00th=[  832], 95.00th=[  930],
     | 99.00th=[ 1045], 99.50th=[ 1090], 99.90th=[ 1123], 99.95th=[ 1270],
     | 99.99th=[ 1319]
   bw (  KiB/s): min=406016, max=407552, per=100.00%, avg=406784.00, stdev=1086.12, samples=2
   iops        : min= 3172, max= 3184, avg=3178.00, stdev= 8.49, samples=2
  lat (usec)   : 20=49.78%, 50=0.17%, 100=0.51%, 250=4.66%, 500=9.01%
  lat (usec)   : 750=20.65%, 1000=13.23%
  lat (msec)   : 2=1.98%
  cpu          : usr=0.00%, sys=7.07%, ctx=2049, majf=0, minf=13
  IO depths    : 1=100.0%, 2=0.0%, 4=0.0%, 8=0.0%, 16=0.0%, 32=0.0%, >=64=0.0%
     submit    : 0=0.0%, 4=100.0%, 8=0.0%, 16=0.0%, 32=0.0%, 64=0.0%, >=64=0.0%
     complete  : 0=0.0%, 4=100.0%, 8=0.0%, 16=0.0%, 32=0.0%, 64=0.0%, >=64=0.0%
     issued rwts: total=4096,0,0,0 short=0,0,0,0 dropped=0,0,0,0
     latency   : target=0, window=0, percentile=100.00%, depth=1

Run status group 0 (all jobs):
   READ: bw=397MiB/s (417MB/s), 397MiB/s-397MiB/s (417MB/s-417MB/s), io=512MiB (537MB), run=1289-1289msec

Disk stats (read/write):
  nvme0n1: ios=3664/0, merge=89/0, ticks=3924/0, in_queue=3924, util=88.14%
