buffered-read: (g=0): rw=read, bs=(R) 4096B-4096B, (W) 4096B-4096B, (T) 4096B-4096B, ioengine=psync, iodepth=1
fio-3.33
Starting 1 process

buffered-read: (groupid=0, jobs=1): err= 0: pid=4674: Mon Aug 11 19:50:30 2025
  read: IOPS=347k, BW=1356MiB/s (1422MB/s)(1024MiB/755msec)
    clat (nsec): min=629, max=484557, avg=2547.99, stdev=13603.64
     lat (nsec): min=685, max=484594, avg=2598.99, stdev=13603.64
    clat percentiles (nsec):
     |  1.00th=[   652],  5.00th=[   652], 10.00th=[   652], 20.00th=[   668],
     | 30.00th=[   668], 40.00th=[   668], 50.00th=[   668], 60.00th=[   684],
     | 70.00th=[   740], 80.00th=[  1004], 90.00th=[  1480], 95.00th=[  1912],
     | 99.00th=[104960], 99.50th=[113152], 99.90th=[124416], 99.95th=[144384],
     | 99.99th=[183296]
   bw (  MiB/s): min= 1342, max= 1342, per=98.99%, avg=1342.66, stdev= 0.00, samples=1
   iops        : min=343722, max=343722, avg=343722.00, stdev= 0.00, samples=1
  lat (nsec)   : 750=70.99%, 1000=8.73%
  lat (usec)   : 2=15.75%, 4=2.81%, 10=0.13%, 20=0.01%, 50=0.01%
  lat (usec)   : 100=0.37%, 250=1.19%, 500=0.01%
  cpu          : usr=16.45%, sys=82.89%, ctx=44, majf=0, minf=6
  IO depths    : 1=100.0%, 2=0.0%, 4=0.0%, 8=0.0%, 16=0.0%, 32=0.0%, >=64=0.0%
     submit    : 0=0.0%, 4=100.0%, 8=0.0%, 16=0.0%, 32=0.0%, 64=0.0%, >=64=0.0%
     complete  : 0=0.0%, 4=100.0%, 8=0.0%, 16=0.0%, 32=0.0%, 64=0.0%, >=64=0.0%
     issued rwts: total=262144,0,0,0 short=0,0,0,0 dropped=0,0,0,0
     latency   : target=0, window=0, percentile=100.00%, depth=1

Run status group 0 (all jobs):
   READ: bw=1356MiB/s (1422MB/s), 1356MiB/s-1356MiB/s (1422MB/s-1422MB/s), io=1024MiB (1074MB), run=755-755msec

Disk stats (read/write):
  nvme0n1: ios=31/0, merge=89/0, ticks=7/0, in_queue=7, util=1.07%
