buffered-write: (g=0): rw=write, bs=(R) 10.0MiB-10.0MiB, (W) 10.0MiB-10.0MiB, (T) 10.0MiB-10.0MiB, ioengine=psync, iodepth=1
fio-3.33
Starting 1 process

buffered-write: (groupid=0, jobs=1): err= 0: pid=4467: Mon Aug 11 19:15:31 2025
  write: IOPS=134, BW=1342MiB/s (1407MB/s)(1020MiB/760msec); 0 zone resets
    clat (usec): min=5023, max=7365, avg=6467.42, stdev=490.50
     lat (usec): min=5949, max=8368, avg=7318.26, stdev=497.94
    clat percentiles (usec):
     |  1.00th=[ 5211],  5.00th=[ 5473], 10.00th=[ 5866], 20.00th=[ 6063],
     | 30.00th=[ 6259], 40.00th=[ 6390], 50.00th=[ 6587], 60.00th=[ 6652],
     | 70.00th=[ 6783], 80.00th=[ 6915], 90.00th=[ 6980], 95.00th=[ 7046],
     | 99.00th=[ 7177], 99.50th=[ 7373], 99.90th=[ 7373], 99.95th=[ 7373],
     | 99.99th=[ 7373]
   bw (  MiB/s): min= 1320, max= 1320, per=98.35%, avg=1320.00, stdev= 0.00, samples=1
   iops        : min=  132, max=  132, avg=132.00, stdev= 0.00, samples=1
  lat (msec)   : 10=100.00%
  cpu          : usr=9.34%, sys=90.39%, ctx=14, majf=0, minf=6
  IO depths    : 1=100.0%, 2=0.0%, 4=0.0%, 8=0.0%, 16=0.0%, 32=0.0%, >=64=0.0%
     submit    : 0=0.0%, 4=100.0%, 8=0.0%, 16=0.0%, 32=0.0%, 64=0.0%, >=64=0.0%
     complete  : 0=0.0%, 4=100.0%, 8=0.0%, 16=0.0%, 32=0.0%, 64=0.0%, >=64=0.0%
     issued rwts: total=0,102,0,0 short=0,0,0,0 dropped=0,0,0,0
     latency   : target=0, window=0, percentile=100.00%, depth=1

Run status group 0 (all jobs):
  WRITE: bw=1342MiB/s (1407MB/s), 1342MiB/s-1342MiB/s (1407MB/s-1407MB/s), io=1020MiB (1070MB), run=760-760msec

Disk stats (read/write):
  nvme0n1: ios=0/0, merge=0/0, ticks=0/0, in_queue=0, util=0.00%
