buffered-read: (g=0): rw=read, bs=(R) 1024KiB-1024KiB, (W) 1024KiB-1024KiB, (T) 1024KiB-1024KiB, ioengine=psync, iodepth=1
fio-3.33
Starting 1 process

buffered-read: (groupid=0, jobs=1): err= 0: pid=3771: Mon Aug 11 19:49:24 2025
  read: IOPS=1060, BW=1060MiB/s (1112MB/s)(1024MiB/966msec)
    clat (usec): min=679, max=1512, avg=939.70, stdev=145.44
     lat (usec): min=680, max=1512, avg=939.91, stdev=145.46
    clat percentiles (usec):
     |  1.00th=[  701],  5.00th=[  725], 10.00th=[  750], 20.00th=[  758],
     | 30.00th=[  799], 40.00th=[  930], 50.00th=[  996], 60.00th=[ 1012],
     | 70.00th=[ 1037], 80.00th=[ 1057], 90.00th=[ 1106], 95.00th=[ 1139],
     | 99.00th=[ 1237], 99.50th=[ 1270], 99.90th=[ 1319], 99.95th=[ 1516],
     | 99.99th=[ 1516]
   bw (  KiB/s): min=978944, max=978944, per=90.19%, avg=978944.00, stdev= 0.00, samples=1
   iops        : min=  956, max=  956, avg=956.00, stdev= 0.00, samples=1
  lat (usec)   : 750=12.11%, 1000=41.02%
  lat (msec)   : 2=46.88%
  cpu          : usr=0.73%, sys=98.76%, ctx=44, majf=0, minf=70
  IO depths    : 1=100.0%, 2=0.0%, 4=0.0%, 8=0.0%, 16=0.0%, 32=0.0%, >=64=0.0%
     submit    : 0=0.0%, 4=100.0%, 8=0.0%, 16=0.0%, 32=0.0%, 64=0.0%, >=64=0.0%
     complete  : 0=0.0%, 4=100.0%, 8=0.0%, 16=0.0%, 32=0.0%, 64=0.0%, >=64=0.0%
     issued rwts: total=1024,0,0,0 short=0,0,0,0 dropped=0,0,0,0
     latency   : target=0, window=0, percentile=100.00%, depth=1

Run status group 0 (all jobs):
   READ: bw=1060MiB/s (1112MB/s), 1060MiB/s-1060MiB/s (1112MB/s-1112MB/s), io=1024MiB (1074MB), run=966-966msec

Disk stats (read/write):
  nvme0n1: ios=18/0, merge=0/0, ticks=2/0, in_queue=3, util=0.00%
