buffered-write: (g=0): rw=write, bs=(R) 128KiB-128KiB, (W) 128KiB-128KiB, (T) 128KiB-128KiB, ioengine=psync, iodepth=1
fio-3.33
Starting 1 process

buffered-write: (groupid=0, jobs=1): err= 0: pid=5430: Mon Aug 11 19:16:20 2025
  write: IOPS=12.6k, BW=1580MiB/s (1657MB/s)(1024MiB/648msec); 0 zone resets
    clat (usec): min=47, max=211, avg=75.89, stdev=10.08
     lat (usec): min=48, max=230, avg=76.72, stdev=10.13
    clat percentiles (usec):
     |  1.00th=[   53],  5.00th=[   58], 10.00th=[   61], 20.00th=[   68],
     | 30.00th=[   73], 40.00th=[   77], 50.00th=[   79], 60.00th=[   80],
     | 70.00th=[   82], 80.00th=[   84], 90.00th=[   86], 95.00th=[   89],
     | 99.00th=[   99], 99.50th=[  105], 99.90th=[  119], 99.95th=[  126],
     | 99.99th=[  212]
   bw (  MiB/s): min= 1569, max= 1569, per=99.32%, avg=1569.50, stdev= 0.00, samples=1
   iops        : min=12556, max=12556, avg=12556.00, stdev= 0.00, samples=1
  lat (usec)   : 50=0.06%, 100=99.12%, 250=0.82%
  cpu          : usr=1.08%, sys=98.15%, ctx=9, majf=0, minf=6
  IO depths    : 1=100.0%, 2=0.0%, 4=0.0%, 8=0.0%, 16=0.0%, 32=0.0%, >=64=0.0%
     submit    : 0=0.0%, 4=100.0%, 8=0.0%, 16=0.0%, 32=0.0%, 64=0.0%, >=64=0.0%
     complete  : 0=0.0%, 4=100.0%, 8=0.0%, 16=0.0%, 32=0.0%, 64=0.0%, >=64=0.0%
     issued rwts: total=0,8192,0,0 short=0,0,0,0 dropped=0,0,0,0
     latency   : target=0, window=0, percentile=100.00%, depth=1

Run status group 0 (all jobs):
  WRITE: bw=1580MiB/s (1657MB/s), 1580MiB/s-1580MiB/s (1657MB/s-1657MB/s), io=1024MiB (1074MB), run=648-648msec

Disk stats (read/write):
  nvme0n1: ios=0/0, merge=0/0, ticks=0/0, in_queue=0, util=0.00%
