buffered-read: (g=0): rw=read, bs=(R) 1024KiB-1024KiB, (W) 1024KiB-1024KiB, (T) 1024KiB-1024KiB, ioengine=psync, iodepth=1
fio-3.33
Starting 1 process

buffered-read: (groupid=0, jobs=1): err= 0: pid=2136: Fri Aug 15 06:56:42 2025
  read: IOPS=398, BW=398MiB/s (417MB/s)(512MiB/1286msec)
    clat (usec): min=2462, max=3174, avg=2508.06, stdev=42.36
     lat (usec): min=2462, max=3175, avg=2508.32, stdev=42.38
    clat percentiles (usec):
     |  1.00th=[ 2474],  5.00th=[ 2507], 10.00th=[ 2507], 20.00th=[ 2507],
     | 30.00th=[ 2507], 40.00th=[ 2507], 50.00th=[ 2507], 60.00th=[ 2507],
     | 70.00th=[ 2507], 80.00th=[ 2507], 90.00th=[ 2507], 95.00th=[ 2507],
     | 99.00th=[ 2704], 99.50th=[ 2737], 99.90th=[ 3163], 99.95th=[ 3163],
     | 99.99th=[ 3163]
   bw (  KiB/s): min=407552, max=407552, per=99.97%, avg=407552.00, stdev= 0.00, samples=2
   iops        : min=  398, max=  398, avg=398.00, stdev= 0.00, samples=2
  lat (msec)   : 4=100.00%
  cpu          : usr=0.23%, sys=10.19%, ctx=4106, majf=0, minf=71
  IO depths    : 1=100.0%, 2=0.0%, 4=0.0%, 8=0.0%, 16=0.0%, 32=0.0%, >=64=0.0%
     submit    : 0=0.0%, 4=100.0%, 8=0.0%, 16=0.0%, 32=0.0%, 64=0.0%, >=64=0.0%
     complete  : 0=0.0%, 4=100.0%, 8=0.0%, 16=0.0%, 32=0.0%, 64=0.0%, >=64=0.0%
     issued rwts: total=512,0,0,0 short=0,0,0,0 dropped=0,0,0,0
     latency   : target=0, window=0, percentile=100.00%, depth=1

Run status group 0 (all jobs):
   READ: bw=398MiB/s (417MB/s), 398MiB/s-398MiB/s (417MB/s-417MB/s), io=512MiB (537MB), run=1286-1286msec

Disk stats (read/write):
  nvme0n1: ios=3667/0, merge=0/0, ticks=2184/0, in_queue=2183, util=82.69%
