buffered-write: (g=0): rw=write, bs=(R) 4096B-4096B, (W) 4096B-4096B, (T) 4096B-4096B, ioengine=psync, iodepth=1
fio-3.33
Starting 1 process

buffered-write: (groupid=0, jobs=1): err= 0: pid=4126: Fri Aug 15 07:03:27 2025
  write: IOPS=167k, BW=654MiB/s (686MB/s)(512MiB/783msec); 0 zone resets
    clat (usec): min=3, max=387, avg= 5.58, stdev= 1.28
     lat (usec): min=3, max=387, avg= 5.66, stdev= 1.28
    clat percentiles (nsec):
     |  1.00th=[ 4704],  5.00th=[ 4896], 10.00th=[ 5024], 20.00th=[ 5216],
     | 30.00th=[ 5344], 40.00th=[ 5472], 50.00th=[ 5600], 60.00th=[ 5664],
     | 70.00th=[ 5792], 80.00th=[ 5920], 90.00th=[ 6048], 95.00th=[ 6176],
     | 99.00th=[ 6432], 99.50th=[ 6624], 99.90th=[10048], 99.95th=[12096],
     | 99.99th=[21632]
   bw (  KiB/s): min=678171, max=678171, per=100.00%, avg=678171.00, stdev= 0.00, samples=1
   iops        : min=169542, max=169542, avg=169542.00, stdev= 0.00, samples=1
  lat (usec)   : 4=0.01%, 10=99.89%, 20=0.09%, 50=0.01%, 100=0.01%
  lat (usec)   : 250=0.01%, 500=0.01%
  cpu          : usr=10.61%, sys=88.75%, ctx=18, majf=0, minf=6
  IO depths    : 1=100.0%, 2=0.0%, 4=0.0%, 8=0.0%, 16=0.0%, 32=0.0%, >=64=0.0%
     submit    : 0=0.0%, 4=100.0%, 8=0.0%, 16=0.0%, 32=0.0%, 64=0.0%, >=64=0.0%
     complete  : 0=0.0%, 4=100.0%, 8=0.0%, 16=0.0%, 32=0.0%, 64=0.0%, >=64=0.0%
     issued rwts: total=0,131072,0,0 short=0,0,0,0 dropped=0,0,0,0
     latency   : target=0, window=0, percentile=100.00%, depth=1

Run status group 0 (all jobs):
  WRITE: bw=654MiB/s (686MB/s), 654MiB/s-654MiB/s (686MB/s-686MB/s), io=512MiB (537MB), run=783-783msec

Disk stats (read/write):
  nvme0n1: ios=0/0, merge=0/0, ticks=0/0, in_queue=0, util=0.00%
