buffered-read: (g=0): rw=read, bs=(R) 128KiB-128KiB, (W) 128KiB-128KiB, (T) 128KiB-128KiB, ioengine=psync, iodepth=1
fio-3.33
Starting 1 process

buffered-read: (groupid=0, jobs=1): err= 0: pid=3393: Fri Aug 15 06:57:50 2025
  read: IOPS=3172, BW=397MiB/s (416MB/s)(512MiB/1291msec)
    clat (usec): min=46, max=670, avg=314.12, stdev=80.51
     lat (usec): min=46, max=670, avg=314.22, stdev=80.51
    clat percentiles (usec):
     |  1.00th=[   77],  5.00th=[  119], 10.00th=[  310], 20.00th=[  314],
     | 30.00th=[  314], 40.00th=[  314], 50.00th=[  314], 60.00th=[  314],
     | 70.00th=[  314], 80.00th=[  314], 90.00th=[  318], 95.00th=[  482],
     | 99.00th=[  553], 99.50th=[  553], 99.90th=[  578], 99.95th=[  594],
     | 99.99th=[  668]
   bw (  KiB/s): min=405504, max=407040, per=100.00%, avg=406272.00, stdev=1086.12, samples=2
   iops        : min= 3168, max= 3180, avg=3174.00, stdev= 8.49, samples=2
  lat (usec)   : 50=0.02%, 100=4.64%, 250=2.73%, 500=87.96%, 750=4.64%
  cpu          : usr=0.39%, sys=9.30%, ctx=4109, majf=0, minf=13
  IO depths    : 1=100.0%, 2=0.0%, 4=0.0%, 8=0.0%, 16=0.0%, 32=0.0%, >=64=0.0%
     submit    : 0=0.0%, 4=100.0%, 8=0.0%, 16=0.0%, 32=0.0%, 64=0.0%, >=64=0.0%
     complete  : 0=0.0%, 4=100.0%, 8=0.0%, 16=0.0%, 32=0.0%, 64=0.0%, >=64=0.0%
     issued rwts: total=4096,0,0,0 short=0,0,0,0 dropped=0,0,0,0
     latency   : target=0, window=0, percentile=100.00%, depth=1

Run status group 0 (all jobs):
   READ: bw=397MiB/s (416MB/s), 397MiB/s-397MiB/s (416MB/s-416MB/s), io=512MiB (537MB), run=1291-1291msec

Disk stats (read/write):
  nvme0n1: ios=3672/0, merge=119/0, ticks=2211/0, in_queue=2211, util=83.33%
