buffered-read: (g=0): rw=read, bs=(R) 128KiB-128KiB, (W) 128KiB-128KiB, (T) 128KiB-128KiB, ioengine=psync, iodepth=1
fio-3.33
Starting 1 process

buffered-read: (groupid=0, jobs=1): err= 0: pid=3397: Thu Aug 14 22:45:32 2025
  read: IOPS=3177, BW=397MiB/s (417MB/s)(512MiB/1289msec)
    clat (usec): min=10, max=1371, avg=313.85, stdev=344.50
     lat (usec): min=10, max=1371, avg=313.93, stdev=344.47
    clat percentiles (usec):
     |  1.00th=[   11],  5.00th=[   11], 10.00th=[   11], 20.00th=[   12],
     | 30.00th=[   13], 40.00th=[   14], 50.00th=[   62], 60.00th=[  408],
     | 70.00th=[  586], 80.00th=[  693], 90.00th=[  816], 95.00th=[  922],
     | 99.00th=[ 1037], 99.50th=[ 1057], 99.90th=[ 1139], 99.95th=[ 1156],
     | 99.99th=[ 1369]
   bw (  KiB/s): min=406528, max=407040, per=100.00%, avg=406784.00, stdev=362.04, samples=2
   iops        : min= 3176, max= 3180, avg=3178.00, stdev= 2.83, samples=2
  lat (usec)   : 20=49.71%, 50=0.24%, 100=0.39%, 250=4.22%, 500=8.96%
  lat (usec)   : 750=22.49%, 1000=12.16%
  lat (msec)   : 2=1.83%
  cpu          : usr=0.00%, sys=7.14%, ctx=2050, majf=0, minf=13
  IO depths    : 1=100.0%, 2=0.0%, 4=0.0%, 8=0.0%, 16=0.0%, 32=0.0%, >=64=0.0%
     submit    : 0=0.0%, 4=100.0%, 8=0.0%, 16=0.0%, 32=0.0%, 64=0.0%, >=64=0.0%
     complete  : 0=0.0%, 4=100.0%, 8=0.0%, 16=0.0%, 32=0.0%, 64=0.0%, >=64=0.0%
     issued rwts: total=4096,0,0,0 short=0,0,0,0 dropped=0,0,0,0
     latency   : target=0, window=0, percentile=100.00%, depth=1

Run status group 0 (all jobs):
   READ: bw=397MiB/s (417MB/s), 397MiB/s-397MiB/s (417MB/s-417MB/s), io=512MiB (537MB), run=1289-1289msec

Disk stats (read/write):
  nvme0n1: ios=3665/0, merge=89/0, ticks=3910/0, in_queue=3910, util=86.22%
