buffered-write: (g=0): rw=write, bs=(R) 1024MiB-1024MiB, (W) 1024MiB-1024MiB, (T) 1024MiB-1024MiB, ioengine=psync, iodepth=1
fio-3.33
Starting 1 process

buffered-write: (groupid=0, jobs=1): err= 0: pid=5013: Mon Aug 11 19:15:59 2025
  write: IOPS=1, BW=1393MiB/s (1461MB/s)(1024MiB/735msec); 0 zone resets
    clat (nsec): min=572459k, max=572459k, avg=572459429.00, stdev= 0.00
     lat (nsec): min=721307k, max=721307k, avg=721307055.00, stdev= 0.00
    clat percentiles (msec):
     |  1.00th=[  575],  5.00th=[  575], 10.00th=[  575], 20.00th=[  575],
     | 30.00th=[  575], 40.00th=[  575], 50.00th=[  575], 60.00th=[  575],
     | 70.00th=[  575], 80.00th=[  575], 90.00th=[  575], 95.00th=[  575],
     | 99.00th=[  575], 99.50th=[  575], 99.90th=[  575], 99.95th=[  575],
     | 99.99th=[  575]
  lat (msec)   : 750=100.00%
  cpu          : usr=20.71%, sys=79.43%, ctx=26, majf=0, minf=6
  IO depths    : 1=100.0%, 2=0.0%, 4=0.0%, 8=0.0%, 16=0.0%, 32=0.0%, >=64=0.0%
     submit    : 0=0.0%, 4=100.0%, 8=0.0%, 16=0.0%, 32=0.0%, 64=0.0%, >=64=0.0%
     complete  : 0=0.0%, 4=100.0%, 8=0.0%, 16=0.0%, 32=0.0%, 64=0.0%, >=64=0.0%
     issued rwts: total=0,1,0,0 short=0,0,0,0 dropped=0,0,0,0
     latency   : target=0, window=0, percentile=100.00%, depth=1

Run status group 0 (all jobs):
  WRITE: bw=1393MiB/s (1461MB/s), 1393MiB/s-1393MiB/s (1461MB/s-1461MB/s), io=1024MiB (1074MB), run=735-735msec

Disk stats (read/write):
  nvme0n1: ios=0/0, merge=0/0, ticks=0/0, in_queue=0, util=0.00%
