buffered-read: (g=0): rw=read, bs=(R) 1024MiB-1024MiB, (W) 1024MiB-1024MiB, (T) 1024MiB-1024MiB, ioengine=psync, iodepth=1
fio-3.33
Starting 1 process

buffered-read: (groupid=0, jobs=1): err= 0: pid=3016: Thu Aug 14 22:44:52 2025
  read: IOPS=0, BW=387MiB/s (406MB/s)(1024MiB/2644msec)
    clat (nsec): min=2643.5M, max=2643.5M, avg=2643517903.00, stdev= 0.00
     lat (nsec): min=2643.5M, max=2643.5M, avg=2643518662.00, stdev= 0.00
    clat percentiles (msec):
     |  1.00th=[ 2635],  5.00th=[ 2635], 10.00th=[ 2635], 20.00th=[ 2635],
     | 30.00th=[ 2635], 40.00th=[ 2635], 50.00th=[ 2635], 60.00th=[ 2635],
     | 70.00th=[ 2635], 80.00th=[ 2635], 90.00th=[ 2635], 95.00th=[ 2635],
     | 99.00th=[ 2635], 99.50th=[ 2635], 99.90th=[ 2635], 99.95th=[ 2635],
     | 99.99th=[ 2635]
  lat (msec)   : >=2000=100.00%
  cpu          : usr=0.00%, sys=29.10%, ctx=4068, majf=0, minf=2085
  IO depths    : 1=100.0%, 2=0.0%, 4=0.0%, 8=0.0%, 16=0.0%, 32=0.0%, >=64=0.0%
     submit    : 0=0.0%, 4=100.0%, 8=0.0%, 16=0.0%, 32=0.0%, 64=0.0%, >=64=0.0%
     complete  : 0=0.0%, 4=100.0%, 8=0.0%, 16=0.0%, 32=0.0%, 64=0.0%, >=64=0.0%
     issued rwts: total=1,0,0,0 short=0,0,0,0 dropped=0,0,0,0
     latency   : target=0, window=0, percentile=100.00%, depth=1

Run status group 0 (all jobs):
   READ: bw=387MiB/s (406MB/s), 387MiB/s-387MiB/s (406MB/s-406MB/s), io=1024MiB (1074MB), run=2644-2644msec

Disk stats (read/write):
  nvme0n1: ios=7445/0, merge=119/0, ticks=6971/0, in_queue=6971, util=69.36%
