buffered-read: (g=0): rw=read, bs=(R) 100MiB-100MiB, (W) 100MiB-100MiB, (T) 100MiB-100MiB, ioengine=psync, iodepth=1
fio-3.33
Starting 1 process

buffered-read: (groupid=0, jobs=1): err= 0: pid=4171: Mon Aug 11 19:49:52 2025
  read: IOPS=9, BW=933MiB/s (978MB/s)(1000MiB/1072msec)
    clat (msec): min=89, max=134, avg=107.09, stdev=14.03
     lat (msec): min=89, max=134, avg=107.09, stdev=14.03
    clat percentiles (msec):
     |  1.00th=[   90],  5.00th=[   90], 10.00th=[   90], 20.00th=[   94],
     | 30.00th=[   96], 40.00th=[   99], 50.00th=[  104], 60.00th=[  108],
     | 70.00th=[  113], 80.00th=[  117], 90.00th=[  120], 95.00th=[  136],
     | 99.00th=[  136], 99.50th=[  136], 99.90th=[  136], 99.95th=[  136],
     | 99.99th=[  136]
   bw (  KiB/s): min=819200, max=1024000, per=96.48%, avg=921600.00, stdev=144815.47, samples=2
   iops        : min=    8, max=   10, avg= 9.00, stdev= 1.41, samples=2
  lat (msec)   : 100=40.00%, 250=60.00%
  cpu          : usr=0.00%, sys=99.53%, ctx=40, majf=0, minf=6406
  IO depths    : 1=100.0%, 2=0.0%, 4=0.0%, 8=0.0%, 16=0.0%, 32=0.0%, >=64=0.0%
     submit    : 0=0.0%, 4=100.0%, 8=0.0%, 16=0.0%, 32=0.0%, 64=0.0%, >=64=0.0%
     complete  : 0=0.0%, 4=100.0%, 8=0.0%, 16=0.0%, 32=0.0%, 64=0.0%, >=64=0.0%
     issued rwts: total=10,0,0,0 short=0,0,0,0 dropped=0,0,0,0
     latency   : target=0, window=0, percentile=100.00%, depth=1

Run status group 0 (all jobs):
   READ: bw=933MiB/s (978MB/s), 933MiB/s-933MiB/s (978MB/s-978MB/s), io=1000MiB (1049MB), run=1072-1072msec

Disk stats (read/write):
  nvme0n1: ios=29/0, merge=89/0, ticks=7/0, in_queue=7, util=0.00%
