buffered-read: (g=0): rw=read, bs=(R) 10.0MiB-10.0MiB, (W) 10.0MiB-10.0MiB, (T) 10.0MiB-10.0MiB, ioengine=psync, iodepth=1
fio-3.33
Starting 1 process

buffered-read: (groupid=0, jobs=1): err= 0: pid=2683: Fri Aug 15 06:57:03 2025
  read: IOPS=39, BW=397MiB/s (416MB/s)(510MiB/1285msec)
    clat (usec): min=25077, max=26120, avg=25180.72, stdev=188.13
     lat (usec): min=25077, max=26121, avg=25181.44, stdev=188.11
    clat percentiles (usec):
     |  1.00th=[25035],  5.00th=[25035], 10.00th=[25035], 20.00th=[25035],
     | 30.00th=[25035], 40.00th=[25035], 50.00th=[25035], 60.00th=[25035],
     | 70.00th=[25035], 80.00th=[25035], 90.00th=[25297], 95.00th=[25560],
     | 99.00th=[26084], 99.50th=[26084], 99.90th=[26084], 99.95th=[26084],
     | 99.99th=[26084]
   bw (  KiB/s): min=389120, max=409600, per=98.26%, avg=399360.00, stdev=14481.55, samples=2
   iops        : min=   38, max=   40, avg=39.00, stdev= 1.41, samples=2
  lat (msec)   : 50=100.00%
  cpu          : usr=0.23%, sys=30.69%, ctx=4087, majf=0, minf=646
  IO depths    : 1=100.0%, 2=0.0%, 4=0.0%, 8=0.0%, 16=0.0%, 32=0.0%, >=64=0.0%
     submit    : 0=0.0%, 4=100.0%, 8=0.0%, 16=0.0%, 32=0.0%, 64=0.0%, >=64=0.0%
     complete  : 0=0.0%, 4=100.0%, 8=0.0%, 16=0.0%, 32=0.0%, 64=0.0%, >=64=0.0%
     issued rwts: total=51,0,0,0 short=0,0,0,0 dropped=0,0,0,0
     latency   : target=0, window=0, percentile=100.00%, depth=1

Run status group 0 (all jobs):
   READ: bw=397MiB/s (416MB/s), 397MiB/s-397MiB/s (416MB/s-416MB/s), io=510MiB (535MB), run=1285-1285msec

Disk stats (read/write):
  nvme0n1: ios=3669/0, merge=89/0, ticks=1962/0, in_queue=1962, util=62.82%
