buffered-read: (g=0): rw=read, bs=(R) 10.0MiB-10.0MiB, (W) 10.0MiB-10.0MiB, (T) 10.0MiB-10.0MiB, ioengine=psync, iodepth=1
fio-3.33
Starting 1 process

buffered-read: (groupid=0, jobs=1): err= 0: pid=4051: Mon Aug 11 19:49:43 2025
  read: IOPS=105, BW=1050MiB/s (1101MB/s)(1020MiB/971msec)
    clat (usec): min=8349, max=12072, avg=9505.20, stdev=767.44
     lat (usec): min=8350, max=12073, avg=9505.81, stdev=767.47
    clat percentiles (usec):
     |  1.00th=[ 8455],  5.00th=[ 8586], 10.00th=[ 8717], 20.00th=[ 8848],
     | 30.00th=[ 8979], 40.00th=[ 9110], 50.00th=[ 9241], 60.00th=[ 9503],
     | 70.00th=[ 9765], 80.00th=[10159], 90.00th=[10683], 95.00th=[10814],
     | 99.00th=[11076], 99.50th=[12125], 99.90th=[12125], 99.95th=[12125],
     | 99.99th=[12125]
   bw (  MiB/s): min= 1060, max= 1060, per=100.00%, avg=1060.00, stdev= 0.00, samples=1
   iops        : min=  106, max=  106, avg=106.00, stdev= 0.00, samples=1
  lat (msec)   : 10=74.51%, 20=25.49%
  cpu          : usr=0.00%, sys=99.59%, ctx=65, majf=0, minf=646
  IO depths    : 1=100.0%, 2=0.0%, 4=0.0%, 8=0.0%, 16=0.0%, 32=0.0%, >=64=0.0%
     submit    : 0=0.0%, 4=100.0%, 8=0.0%, 16=0.0%, 32=0.0%, 64=0.0%, >=64=0.0%
     complete  : 0=0.0%, 4=100.0%, 8=0.0%, 16=0.0%, 32=0.0%, 64=0.0%, >=64=0.0%
     issued rwts: total=102,0,0,0 short=0,0,0,0 dropped=0,0,0,0
     latency   : target=0, window=0, percentile=100.00%, depth=1

Run status group 0 (all jobs):
   READ: bw=1050MiB/s (1101MB/s), 1050MiB/s-1050MiB/s (1101MB/s-1101MB/s), io=1020MiB (1070MB), run=971-971msec

Disk stats (read/write):
  nvme0n1: ios=31/0, merge=89/0, ticks=8/0, in_queue=7, util=0.00%
