buffered-read: (g=0): rw=read, bs=(R) 128KiB-128KiB, (W) 128KiB-128KiB, (T) 128KiB-128KiB, ioengine=psync, iodepth=1
fio-3.33
Starting 1 process

buffered-read: (groupid=0, jobs=1): err= 0: pid=3580: Thu Aug 14 22:45:48 2025
  read: IOPS=3177, BW=397MiB/s (417MB/s)(512MiB/1289msec)
    clat (usec): min=10, max=1484, avg=313.93, stdev=346.70
     lat (usec): min=10, max=1484, avg=314.01, stdev=346.68
    clat percentiles (usec):
     |  1.00th=[   11],  5.00th=[   12], 10.00th=[   12], 20.00th=[   12],
     | 30.00th=[   13], 40.00th=[   15], 50.00th=[   61], 60.00th=[  400],
     | 70.00th=[  586], 80.00th=[  701], 90.00th=[  824], 95.00th=[  930],
     | 99.00th=[ 1045], 99.50th=[ 1090], 99.90th=[ 1156], 99.95th=[ 1172],
     | 99.99th=[ 1483]
   bw (  KiB/s): min=406016, max=407552, per=100.00%, avg=406784.00, stdev=1086.12, samples=2
   iops        : min= 3172, max= 3184, avg=3178.00, stdev= 8.49, samples=2
  lat (usec)   : 20=49.61%, 50=0.34%, 100=0.49%, 250=4.64%, 500=9.03%
  lat (usec)   : 750=21.14%, 1000=12.89%
  lat (msec)   : 2=1.86%
  cpu          : usr=0.00%, sys=7.30%, ctx=2049, majf=0, minf=13
  IO depths    : 1=100.0%, 2=0.0%, 4=0.0%, 8=0.0%, 16=0.0%, 32=0.0%, >=64=0.0%
     submit    : 0=0.0%, 4=100.0%, 8=0.0%, 16=0.0%, 32=0.0%, 64=0.0%, >=64=0.0%
     complete  : 0=0.0%, 4=100.0%, 8=0.0%, 16=0.0%, 32=0.0%, 64=0.0%, >=64=0.0%
     issued rwts: total=4096,0,0,0 short=0,0,0,0 dropped=0,0,0,0
     latency   : target=0, window=0, percentile=100.00%, depth=1

Run status group 0 (all jobs):
   READ: bw=397MiB/s (417MB/s), 397MiB/s-397MiB/s (417MB/s-417MB/s), io=512MiB (537MB), run=1289-1289msec

Disk stats (read/write):
  nvme0n1: ios=3666/0, merge=89/0, ticks=3905/0, in_queue=3905, util=86.54%
