buffered-read: (g=0): rw=read, bs=(R) 4096B-4096B, (W) 4096B-4096B, (T) 4096B-4096B, ioengine=psync, iodepth=1
fio-3.33
Starting 1 process

buffered-read: (groupid=0, jobs=1): err= 0: pid=3196: Thu Aug 14 22:45:17 2025
  read: IOPS=101k, BW=396MiB/s (415MB/s)(512MiB/1293msec)
    clat (nsec): min=629, max=1175.3k, avg=9532.42, stdev=70420.10
     lat (nsec): min=685, max=1175.3k, avg=9583.20, stdev=70420.06
    clat percentiles (nsec):
     |  1.00th=[   652],  5.00th=[   668], 10.00th=[   668], 20.00th=[   668],
     | 30.00th=[   668], 40.00th=[   684], 50.00th=[   684], 60.00th=[   724],
     | 70.00th=[   836], 80.00th=[   868], 90.00th=[  1020], 95.00th=[  1096],
     | 99.00th=[561152], 99.50th=[561152], 99.90th=[569344], 99.95th=[716800],
     | 99.99th=[970752]
   bw (  KiB/s): min=406976, max=408064, per=100.00%, avg=407520.00, stdev=769.33, samples=2
   iops        : min=101744, max=102016, avg=101880.00, stdev=192.33, samples=2
  lat (nsec)   : 750=63.10%, 1000=25.89%
  lat (usec)   : 2=9.41%, 4=0.02%, 10=0.02%, 20=0.01%, 50=0.01%
  lat (usec)   : 100=0.01%, 250=0.02%, 500=0.02%, 750=1.47%, 1000=0.03%
  lat (msec)   : 2=0.01%
  cpu          : usr=4.80%, sys=9.37%, ctx=2044, majf=0, minf=6
  IO depths    : 1=100.0%, 2=0.0%, 4=0.0%, 8=0.0%, 16=0.0%, 32=0.0%, >=64=0.0%
     submit    : 0=0.0%, 4=100.0%, 8=0.0%, 16=0.0%, 32=0.0%, 64=0.0%, >=64=0.0%
     complete  : 0=0.0%, 4=100.0%, 8=0.0%, 16=0.0%, 32=0.0%, 64=0.0%, >=64=0.0%
     issued rwts: total=131072,0,0,0 short=0,0,0,0 dropped=0,0,0,0
     latency   : target=0, window=0, percentile=100.00%, depth=1

Run status group 0 (all jobs):
   READ: bw=396MiB/s (415MB/s), 396MiB/s-396MiB/s (415MB/s-415MB/s), io=512MiB (537MB), run=1293-1293msec

Disk stats (read/write):
  nvme0n1: ios=3669/0, merge=117/0, ticks=3735/0, in_queue=3735, util=79.17%
