buffered-read: (g=0): rw=read, bs=(R) 4096B-4096B, (W) 4096B-4096B, (T) 4096B-4096B, ioengine=psync, iodepth=1
fio-3.33
Starting 1 process

buffered-read: (groupid=0, jobs=1): err= 0: pid=3176: Thu Aug 14 22:45:15 2025
  read: IOPS=102k, BW=398MiB/s (417MB/s)(512MiB/1288msec)
    clat (nsec): min=629, max=1161.3k, avg=9494.97, stdev=70659.08
     lat (nsec): min=685, max=1161.3k, avg=9545.74, stdev=70659.03
    clat percentiles (nsec):
     |  1.00th=[    652],  5.00th=[    668], 10.00th=[    668],
     | 20.00th=[    668], 30.00th=[    684], 40.00th=[    708],
     | 50.00th=[    812], 60.00th=[    836], 70.00th=[    852],
     | 80.00th=[    868], 90.00th=[   1032], 95.00th=[   1112],
     | 99.00th=[ 552960], 99.50th=[ 561152], 99.90th=[ 618496],
     | 99.95th=[ 880640], 99.99th=[1019904]
   bw (  KiB/s): min=406976, max=408064, per=100.00%, avg=407520.00, stdev=769.33, samples=2
   iops        : min=101744, max=102016, avg=101880.00, stdev=192.33, samples=2
  lat (nsec)   : 750=45.43%, 1000=42.98%
  lat (usec)   : 2=9.96%, 4=0.03%, 10=0.04%, 20=0.01%, 50=0.01%
  lat (usec)   : 100=0.03%, 250=0.03%, 500=0.03%, 750=1.40%, 1000=0.05%
  lat (msec)   : 2=0.02%
  cpu          : usr=5.05%, sys=9.48%, ctx=2049, majf=0, minf=6
  IO depths    : 1=100.0%, 2=0.0%, 4=0.0%, 8=0.0%, 16=0.0%, 32=0.0%, >=64=0.0%
     submit    : 0=0.0%, 4=100.0%, 8=0.0%, 16=0.0%, 32=0.0%, 64=0.0%, >=64=0.0%
     complete  : 0=0.0%, 4=100.0%, 8=0.0%, 16=0.0%, 32=0.0%, 64=0.0%, >=64=0.0%
     issued rwts: total=131072,0,0,0 short=0,0,0,0 dropped=0,0,0,0
     latency   : target=0, window=0, percentile=100.00%, depth=1

Run status group 0 (all jobs):
   READ: bw=398MiB/s (417MB/s), 398MiB/s-398MiB/s (417MB/s-417MB/s), io=512MiB (537MB), run=1288-1288msec

Disk stats (read/write):
  nvme0n1: ios=3657/0, merge=0/0, ticks=3721/0, in_queue=3720, util=79.17%
