buffered-write: (g=0): rw=write, bs=(R) 4096B-4096B, (W) 4096B-4096B, (T) 4096B-4096B, ioengine=psync, iodepth=1
fio-3.33
Starting 1 process

buffered-write: (groupid=0, jobs=1): err= 0: pid=4114: Fri Aug 15 07:03:26 2025
  write: IOPS=166k, BW=650MiB/s (681MB/s)(512MiB/788msec); 0 zone resets
    clat (usec): min=3, max=522, avg= 5.62, stdev= 2.20
     lat (usec): min=4, max=522, avg= 5.70, stdev= 2.20
    clat percentiles (nsec):
     |  1.00th=[ 4640],  5.00th=[ 4896], 10.00th=[ 5024], 20.00th=[ 5216],
     | 30.00th=[ 5344], 40.00th=[ 5472], 50.00th=[ 5600], 60.00th=[ 5728],
     | 70.00th=[ 5856], 80.00th=[ 5984], 90.00th=[ 6112], 95.00th=[ 6240],
     | 99.00th=[ 6624], 99.50th=[ 6880], 99.90th=[11200], 99.95th=[14016],
     | 99.99th=[50944]
   bw (  KiB/s): min=670352, max=670352, per=100.00%, avg=670352.00, stdev= 0.00, samples=1
   iops        : min=167588, max=167588, avg=167588.00, stdev= 0.00, samples=1
  lat (usec)   : 4=0.01%, 10=99.86%, 20=0.11%, 50=0.02%, 100=0.01%
  lat (usec)   : 250=0.01%, 500=0.01%, 750=0.01%
  cpu          : usr=9.02%, sys=90.47%, ctx=48, majf=0, minf=6
  IO depths    : 1=100.0%, 2=0.0%, 4=0.0%, 8=0.0%, 16=0.0%, 32=0.0%, >=64=0.0%
     submit    : 0=0.0%, 4=100.0%, 8=0.0%, 16=0.0%, 32=0.0%, 64=0.0%, >=64=0.0%
     complete  : 0=0.0%, 4=100.0%, 8=0.0%, 16=0.0%, 32=0.0%, 64=0.0%, >=64=0.0%
     issued rwts: total=0,131072,0,0 short=0,0,0,0 dropped=0,0,0,0
     latency   : target=0, window=0, percentile=100.00%, depth=1

Run status group 0 (all jobs):
  WRITE: bw=650MiB/s (681MB/s), 650MiB/s-650MiB/s (681MB/s-681MB/s), io=512MiB (537MB), run=788-788msec

Disk stats (read/write):
  nvme0n1: ios=0/2, merge=0/15, ticks=0/10, in_queue=10, util=1.07%
