buffered-read: (g=0): rw=read, bs=(R) 4096B-4096B, (W) 4096B-4096B, (T) 4096B-4096B, ioengine=psync, iodepth=1
fio-3.33
Starting 1 process

buffered-read: (groupid=0, jobs=1): err= 0: pid=4734: Mon Aug 11 19:50:33 2025
  read: IOPS=342k, BW=1335MiB/s (1400MB/s)(1024MiB/767msec)
    clat (nsec): min=629, max=670129, avg=2596.14, stdev=13881.29
     lat (nsec): min=685, max=670185, avg=2647.65, stdev=13881.51
    clat percentiles (nsec):
     |  1.00th=[   652],  5.00th=[   652], 10.00th=[   652], 20.00th=[   668],
     | 30.00th=[   668], 40.00th=[   668], 50.00th=[   668], 60.00th=[   684],
     | 70.00th=[   756], 80.00th=[  1048], 90.00th=[  1544], 95.00th=[  2008],
     | 99.00th=[107008], 99.50th=[114176], 99.90th=[127488], 99.95th=[144384],
     | 99.99th=[185344]
   bw (  MiB/s): min= 1311, max= 1311, per=98.23%, avg=1311.44, stdev= 0.00, samples=1
   iops        : min=335728, max=335728, avg=335728.00, stdev= 0.00, samples=1
  lat (nsec)   : 750=69.75%, 1000=8.80%
  lat (usec)   : 2=16.41%, 4=3.32%, 10=0.14%, 20=0.01%, 50=0.01%
  lat (usec)   : 100=0.28%, 250=1.27%, 500=0.01%, 750=0.01%
  cpu          : usr=17.23%, sys=82.11%, ctx=40, majf=0, minf=6
  IO depths    : 1=100.0%, 2=0.0%, 4=0.0%, 8=0.0%, 16=0.0%, 32=0.0%, >=64=0.0%
     submit    : 0=0.0%, 4=100.0%, 8=0.0%, 16=0.0%, 32=0.0%, 64=0.0%, >=64=0.0%
     complete  : 0=0.0%, 4=100.0%, 8=0.0%, 16=0.0%, 32=0.0%, 64=0.0%, >=64=0.0%
     issued rwts: total=262144,0,0,0 short=0,0,0,0 dropped=0,0,0,0
     latency   : target=0, window=0, percentile=100.00%, depth=1

Run status group 0 (all jobs):
   READ: bw=1335MiB/s (1400MB/s), 1335MiB/s-1335MiB/s (1400MB/s-1400MB/s), io=1024MiB (1074MB), run=767-767msec

Disk stats (read/write):
  nvme0n1: ios=30/0, merge=89/0, ticks=6/0, in_queue=7, util=1.07%
