buffered-read: (g=0): rw=read, bs=(R) 4096B-4096B, (W) 4096B-4096B, (T) 4096B-4096B, ioengine=psync, iodepth=1
fio-3.33
Starting 1 process

buffered-read: (groupid=0, jobs=1): err= 0: pid=3293: Fri Aug 15 06:57:42 2025
  read: IOPS=102k, BW=397MiB/s (416MB/s)(512MiB/1291msec)
    clat (nsec): min=648, max=583834, avg=9513.90, stdev=49728.41
     lat (nsec): min=685, max=583889, avg=9565.02, stdev=49728.28
    clat percentiles (nsec):
     |  1.00th=[   668],  5.00th=[   668], 10.00th=[   684], 20.00th=[   684],
     | 30.00th=[   708], 40.00th=[   756], 50.00th=[   852], 60.00th=[   868],
     | 70.00th=[   892], 80.00th=[   924], 90.00th=[  1096], 95.00th=[  1160],
     | 99.00th=[280576], 99.50th=[280576], 99.90th=[452608], 99.95th=[509952],
     | 99.99th=[536576]
   bw (  KiB/s): min=405440, max=407296, per=100.00%, avg=406368.00, stdev=1312.39, samples=2
   iops        : min=101360, max=101824, avg=101592.00, stdev=328.10, samples=2
  lat (nsec)   : 750=39.97%, 1000=44.70%
  lat (usec)   : 2=12.18%, 4=0.01%, 10=0.02%, 20=0.01%, 50=0.07%
  lat (usec)   : 100=0.03%, 250=0.08%, 500=2.87%, 750=0.08%
  cpu          : usr=4.73%, sys=12.64%, ctx=4105, majf=0, minf=6
  IO depths    : 1=100.0%, 2=0.0%, 4=0.0%, 8=0.0%, 16=0.0%, 32=0.0%, >=64=0.0%
     submit    : 0=0.0%, 4=100.0%, 8=0.0%, 16=0.0%, 32=0.0%, 64=0.0%, >=64=0.0%
     complete  : 0=0.0%, 4=100.0%, 8=0.0%, 16=0.0%, 32=0.0%, 64=0.0%, >=64=0.0%
     issued rwts: total=131072,0,0,0 short=0,0,0,0 dropped=0,0,0,0
     latency   : target=0, window=0, percentile=100.00%, depth=1

Run status group 0 (all jobs):
   READ: bw=397MiB/s (416MB/s), 397MiB/s-397MiB/s (416MB/s-416MB/s), io=512MiB (537MB), run=1291-1291msec

Disk stats (read/write):
  nvme0n1: ios=3666/0, merge=89/0, ticks=2109/0, in_queue=2108, util=77.88%
