buffered-write: (g=0): rw=write, bs=(R) 1024KiB-1024KiB, (W) 1024KiB-1024KiB, (T) 1024KiB-1024KiB, ioengine=psync, iodepth=1
fio-3.33
Starting 1 process

buffered-write: (groupid=0, jobs=1): err= 0: pid=3619: Fri Aug 15 07:03:01 2025
  write: IOPS=1454, BW=1455MiB/s (1525MB/s)(512MiB/352msec); 0 zone resets
    clat (usec): min=455, max=805, avg=663.47, stdev=36.71
     lat (usec): min=472, max=828, avg=682.85, stdev=37.41
    clat percentiles (usec):
     |  1.00th=[  510],  5.00th=[  603], 10.00th=[  627], 20.00th=[  652],
     | 30.00th=[  660], 40.00th=[  660], 50.00th=[  668], 60.00th=[  668],
     | 70.00th=[  676], 80.00th=[  685], 90.00th=[  701], 95.00th=[  709],
     | 99.00th=[  734], 99.50th=[  791], 99.90th=[  807], 99.95th=[  807],
     | 99.99th=[  807]
  lat (usec)   : 500=0.78%, 750=98.44%, 1000=0.78%
  cpu          : usr=4.27%, sys=94.30%, ctx=1, majf=0, minf=6
  IO depths    : 1=100.0%, 2=0.0%, 4=0.0%, 8=0.0%, 16=0.0%, 32=0.0%, >=64=0.0%
     submit    : 0=0.0%, 4=100.0%, 8=0.0%, 16=0.0%, 32=0.0%, 64=0.0%, >=64=0.0%
     complete  : 0=0.0%, 4=100.0%, 8=0.0%, 16=0.0%, 32=0.0%, 64=0.0%, >=64=0.0%
     issued rwts: total=0,512,0,0 short=0,0,0,0 dropped=0,0,0,0
     latency   : target=0, window=0, percentile=100.00%, depth=1

Run status group 0 (all jobs):
  WRITE: bw=1455MiB/s (1525MB/s), 1455MiB/s-1455MiB/s (1525MB/s-1525MB/s), io=512MiB (537MB), run=352-352msec

Disk stats (read/write):
  nvme0n1: ios=0/0, merge=0/0, ticks=0/0, in_queue=0, util=0.00%
