buffered-read: (g=0): rw=read, bs=(R) 4096B-4096B, (W) 4096B-4096B, (T) 4096B-4096B, ioengine=psync, iodepth=1
fio-3.33
Starting 1 process

buffered-read: (groupid=0, jobs=1): err= 0: pid=4654: Mon Aug 11 19:50:29 2025
  read: IOPS=341k, BW=1332MiB/s (1396MB/s)(1024MiB/769msec)
    clat (nsec): min=629, max=538144, avg=2589.16, stdev=13723.22
     lat (nsec): min=685, max=538199, avg=2641.77, stdev=13723.40
    clat percentiles (nsec):
     |  1.00th=[   652],  5.00th=[   652], 10.00th=[   652], 20.00th=[   668],
     | 30.00th=[   668], 40.00th=[   668], 50.00th=[   684], 60.00th=[   756],
     | 70.00th=[   836], 80.00th=[  1032], 90.00th=[  1544], 95.00th=[  2008],
     | 99.00th=[104960], 99.50th=[113152], 99.90th=[132096], 99.95th=[148480],
     | 99.99th=[187392]
   bw (  MiB/s): min= 1324, max= 1324, per=99.50%, avg=1324.94, stdev= 0.00, samples=1
   iops        : min=339184, max=339184, avg=339184.00, stdev= 0.00, samples=1
  lat (nsec)   : 750=59.88%, 1000=18.85%
  lat (usec)   : 2=16.27%, 4=3.27%, 10=0.14%, 20=0.01%, 50=0.01%
  lat (usec)   : 100=0.38%, 250=1.18%, 500=0.01%, 750=0.01%
  cpu          : usr=16.67%, sys=82.42%, ctx=71, majf=0, minf=6
  IO depths    : 1=100.0%, 2=0.0%, 4=0.0%, 8=0.0%, 16=0.0%, 32=0.0%, >=64=0.0%
     submit    : 0=0.0%, 4=100.0%, 8=0.0%, 16=0.0%, 32=0.0%, 64=0.0%, >=64=0.0%
     complete  : 0=0.0%, 4=100.0%, 8=0.0%, 16=0.0%, 32=0.0%, 64=0.0%, >=64=0.0%
     issued rwts: total=262144,0,0,0 short=0,0,0,0 dropped=0,0,0,0
     latency   : target=0, window=0, percentile=100.00%, depth=1

Run status group 0 (all jobs):
   READ: bw=1332MiB/s (1396MB/s), 1332MiB/s-1332MiB/s (1396MB/s-1396MB/s), io=1024MiB (1074MB), run=769-769msec

Disk stats (read/write):
  nvme0n1: ios=16/0, merge=0/0, ticks=2/0, in_queue=2, util=0.53%
