buffered-write: (g=0): rw=write, bs=(R) 4096B-4096B, (W) 4096B-4096B, (T) 4096B-4096B, ioengine=psync, iodepth=1
fio-3.33
Starting 1 process

buffered-write: (groupid=0, jobs=1): err= 0: pid=4150: Fri Aug 15 07:03:29 2025
  write: IOPS=162k, BW=632MiB/s (663MB/s)(512MiB/810msec); 0 zone resets
    clat (usec): min=3, max=430, avg= 5.79, stdev= 1.68
     lat (usec): min=4, max=430, avg= 5.86, stdev= 1.68
    clat percentiles (nsec):
     |  1.00th=[ 4896],  5.00th=[ 5088], 10.00th=[ 5216], 20.00th=[ 5408],
     | 30.00th=[ 5600], 40.00th=[ 5664], 50.00th=[ 5792], 60.00th=[ 5920],
     | 70.00th=[ 5984], 80.00th=[ 6112], 90.00th=[ 6240], 95.00th=[ 6304],
     | 99.00th=[ 6624], 99.50th=[ 6816], 99.90th=[11200], 99.95th=[14528],
     | 99.99th=[33536]
   bw (  KiB/s): min=654976, max=654976, per=100.00%, avg=654976.00, stdev= 0.00, samples=1
   iops        : min=163744, max=163744, avg=163744.00, stdev= 0.00, samples=1
  lat (usec)   : 4=0.01%, 10=99.87%, 20=0.11%, 50=0.02%, 100=0.01%
  lat (usec)   : 250=0.01%, 500=0.01%
  cpu          : usr=7.29%, sys=92.46%, ctx=17, majf=0, minf=6
  IO depths    : 1=100.0%, 2=0.0%, 4=0.0%, 8=0.0%, 16=0.0%, 32=0.0%, >=64=0.0%
     submit    : 0=0.0%, 4=100.0%, 8=0.0%, 16=0.0%, 32=0.0%, 64=0.0%, >=64=0.0%
     complete  : 0=0.0%, 4=100.0%, 8=0.0%, 16=0.0%, 32=0.0%, 64=0.0%, >=64=0.0%
     issued rwts: total=0,131072,0,0 short=0,0,0,0 dropped=0,0,0,0
     latency   : target=0, window=0, percentile=100.00%, depth=1

Run status group 0 (all jobs):
  WRITE: bw=632MiB/s (663MB/s), 632MiB/s-632MiB/s (663MB/s-663MB/s), io=512MiB (537MB), run=810-810msec

Disk stats (read/write):
  nvme0n1: ios=0/0, merge=0/0, ticks=0/0, in_queue=0, util=0.00%
