buffered-read: (g=0): rw=read, bs=(R) 4096B-4096B, (W) 4096B-4096B, (T) 4096B-4096B, ioengine=psync, iodepth=1
fio-3.33
Starting 1 process

buffered-read: (groupid=0, jobs=1): err= 0: pid=3333: Fri Aug 15 06:57:46 2025
  read: IOPS=102k, BW=397MiB/s (416MB/s)(512MiB/1290msec)
    clat (nsec): min=629, max=582667, avg=9508.92, stdev=48527.35
     lat (nsec): min=685, max=582723, avg=9560.08, stdev=48527.17
    clat percentiles (nsec):
     |  1.00th=[   668],  5.00th=[   668], 10.00th=[   684], 20.00th=[   684],
     | 30.00th=[   700], 40.00th=[   724], 50.00th=[   836], 60.00th=[   852],
     | 70.00th=[   868], 80.00th=[   908], 90.00th=[  1080], 95.00th=[  1144],
     | 99.00th=[280576], 99.50th=[280576], 99.90th=[280576], 99.95th=[280576],
     | 99.99th=[444416]
   bw (  KiB/s): min=406272, max=406464, per=99.99%, avg=406368.00, stdev=135.76, samples=2
   iops        : min=101568, max=101616, avg=101592.00, stdev=33.94, samples=2
  lat (nsec)   : 750=44.55%, 1000=42.73%
  lat (usec)   : 2=9.55%, 4=0.02%, 10=0.02%, 20=0.01%, 50=0.01%
  lat (usec)   : 100=0.01%, 250=0.01%, 500=3.11%, 750=0.01%
  cpu          : usr=4.50%, sys=12.72%, ctx=4105, majf=0, minf=6
  IO depths    : 1=100.0%, 2=0.0%, 4=0.0%, 8=0.0%, 16=0.0%, 32=0.0%, >=64=0.0%
     submit    : 0=0.0%, 4=100.0%, 8=0.0%, 16=0.0%, 32=0.0%, 64=0.0%, >=64=0.0%
     complete  : 0=0.0%, 4=100.0%, 8=0.0%, 16=0.0%, 32=0.0%, 64=0.0%, >=64=0.0%
     issued rwts: total=131072,0,0,0 short=0,0,0,0 dropped=0,0,0,0
     latency   : target=0, window=0, percentile=100.00%, depth=1

Run status group 0 (all jobs):
   READ: bw=397MiB/s (416MB/s), 397MiB/s-397MiB/s (416MB/s-416MB/s), io=512MiB (537MB), run=1290-1290msec

Disk stats (read/write):
  nvme0n1: ios=3668/0, merge=89/0, ticks=2120/0, in_queue=2120, util=77.24%
