buffered-read: (g=0): rw=read, bs=(R) 1024KiB-1024KiB, (W) 1024KiB-1024KiB, (T) 1024KiB-1024KiB, ioengine=psync, iodepth=1
fio-3.33
Starting 1 process

buffered-read: (groupid=0, jobs=1): err= 0: pid=1987: Fri Aug 15 06:56:38 2025
  read: IOPS=348, BW=348MiB/s (365MB/s)(512MiB/1470msec)
    clat (usec): min=2363, max=4331, avg=2866.04, stdev=537.82
     lat (usec): min=2363, max=4331, avg=2866.47, stdev=537.86
    clat percentiles (usec):
     |  1.00th=[ 2442],  5.00th=[ 2474], 10.00th=[ 2507], 20.00th=[ 2507],
     | 30.00th=[ 2507], 40.00th=[ 2507], 50.00th=[ 2507], 60.00th=[ 2606],
     | 70.00th=[ 2966], 80.00th=[ 3687], 90.00th=[ 3752], 95.00th=[ 3818],
     | 99.00th=[ 4228], 99.50th=[ 4293], 99.90th=[ 4359], 99.95th=[ 4359],
     | 99.99th=[ 4359]
   bw (  KiB/s): min=329728, max=407552, per=100.00%, avg=368640.00, stdev=55029.88, samples=2
   iops        : min=  322, max=  398, avg=360.00, stdev=53.74, samples=2
  lat (msec)   : 4=97.85%, 10=2.15%
  cpu          : usr=0.54%, sys=11.98%, ctx=4040, majf=0, minf=70
  IO depths    : 1=100.0%, 2=0.0%, 4=0.0%, 8=0.0%, 16=0.0%, 32=0.0%, >=64=0.0%
     submit    : 0=0.0%, 4=100.0%, 8=0.0%, 16=0.0%, 32=0.0%, 64=0.0%, >=64=0.0%
     complete  : 0=0.0%, 4=100.0%, 8=0.0%, 16=0.0%, 32=0.0%, 64=0.0%, >=64=0.0%
     issued rwts: total=512,0,0,0 short=0,0,0,0 dropped=0,0,0,0
     latency   : target=0, window=0, percentile=100.00%, depth=1

Run status group 0 (all jobs):
   READ: bw=348MiB/s (365MB/s), 348MiB/s-348MiB/s (365MB/s-365MB/s), io=512MiB (537MB), run=1470-1470msec

Disk stats (read/write):
  nvme0n1: ios=4688/8, merge=1210/15, ticks=3740/2, in_queue=3742, util=79.95%
