buffered-read: (g=0): rw=read, bs=(R) 1024KiB-1024KiB, (W) 1024KiB-1024KiB, (T) 1024KiB-1024KiB, ioengine=psync, iodepth=1
fio-3.33
Starting 1 process

buffered-read: (groupid=0, jobs=1): err= 0: pid=1967: Fri Aug 15 06:56:37 2025
  read: IOPS=399, BW=399MiB/s (419MB/s)(512MiB/1282msec)
    clat (usec): min=2455, max=3038, avg=2501.98, stdev=50.01
     lat (usec): min=2455, max=3038, avg=2502.13, stdev=50.02
    clat percentiles (usec):
     |  1.00th=[ 2474],  5.00th=[ 2474], 10.00th=[ 2507], 20.00th=[ 2507],
     | 30.00th=[ 2507], 40.00th=[ 2507], 50.00th=[ 2507], 60.00th=[ 2507],
     | 70.00th=[ 2507], 80.00th=[ 2507], 90.00th=[ 2507], 95.00th=[ 2507],
     | 99.00th=[ 2737], 99.50th=[ 2966], 99.90th=[ 3032], 99.95th=[ 3032],
     | 99.99th=[ 3032]
   bw (  KiB/s): min=407552, max=409600, per=99.91%, avg=408576.00, stdev=1448.15, samples=2
   iops        : min=  398, max=  400, avg=399.00, stdev= 1.41, samples=2
  lat (msec)   : 4=100.00%
  cpu          : usr=0.00%, sys=10.30%, ctx=4105, majf=0, minf=70
  IO depths    : 1=100.0%, 2=0.0%, 4=0.0%, 8=0.0%, 16=0.0%, 32=0.0%, >=64=0.0%
     submit    : 0=0.0%, 4=100.0%, 8=0.0%, 16=0.0%, 32=0.0%, 64=0.0%, >=64=0.0%
     complete  : 0=0.0%, 4=100.0%, 8=0.0%, 16=0.0%, 32=0.0%, 64=0.0%, >=64=0.0%
     issued rwts: total=512,0,0,0 short=0,0,0,0 dropped=0,0,0,0
     latency   : target=0, window=0, percentile=100.00%, depth=1

Run status group 0 (all jobs):
   READ: bw=399MiB/s (419MB/s), 399MiB/s-399MiB/s (419MB/s-419MB/s), io=512MiB (537MB), run=1282-1282msec

Disk stats (read/write):
  nvme0n1: ios=3687/0, merge=89/0, ticks=2198/0, in_queue=2199, util=82.96%
