buffered-write: (g=0): rw=write, bs=(R) 10.0MiB-10.0MiB, (W) 10.0MiB-10.0MiB, (T) 10.0MiB-10.0MiB, ioengine=psync, iodepth=1
fio-3.33
Starting 1 process

buffered-write: (groupid=0, jobs=1): err= 0: pid=3800: Fri Aug 15 07:03:11 2025
  write: IOPS=127, BW=1275MiB/s (1337MB/s)(510MiB/400msec); 0 zone resets
    clat (usec): min=6311, max=8044, avg=6913.86, stdev=381.26
     lat (usec): min=6882, max=9078, avg=7823.42, stdev=442.66
    clat percentiles (usec):
     |  1.00th=[ 6325],  5.00th=[ 6521], 10.00th=[ 6587], 20.00th=[ 6652],
     | 30.00th=[ 6718], 40.00th=[ 6783], 50.00th=[ 6783], 60.00th=[ 6849],
     | 70.00th=[ 6980], 80.00th=[ 7111], 90.00th=[ 7308], 95.00th=[ 7963],
     | 99.00th=[ 8029], 99.50th=[ 8029], 99.90th=[ 8029], 99.95th=[ 8029],
     | 99.99th=[ 8029]
  lat (msec)   : 10=100.00%
  cpu          : usr=11.78%, sys=87.97%, ctx=10, majf=0, minf=6
  IO depths    : 1=100.0%, 2=0.0%, 4=0.0%, 8=0.0%, 16=0.0%, 32=0.0%, >=64=0.0%
     submit    : 0=0.0%, 4=100.0%, 8=0.0%, 16=0.0%, 32=0.0%, 64=0.0%, >=64=0.0%
     complete  : 0=0.0%, 4=100.0%, 8=0.0%, 16=0.0%, 32=0.0%, 64=0.0%, >=64=0.0%
     issued rwts: total=0,51,0,0 short=0,0,0,0 dropped=0,0,0,0
     latency   : target=0, window=0, percentile=100.00%, depth=1

Run status group 0 (all jobs):
  WRITE: bw=1275MiB/s (1337MB/s), 1275MiB/s-1275MiB/s (1337MB/s-1337MB/s), io=510MiB (535MB), run=400-400msec

Disk stats (read/write):
  nvme0n1: ios=0/0, merge=0/0, ticks=0/0, in_queue=0, util=0.00%
