buffered-read: (g=0): rw=read, bs=(R) 4096B-4096B, (W) 4096B-4096B, (T) 4096B-4096B, ioengine=psync, iodepth=1
fio-3.33
Starting 1 process

buffered-read: (groupid=0, jobs=1): err= 0: pid=3173: Fri Aug 15 06:57:32 2025
  read: IOPS=101k, BW=396MiB/s (416MB/s)(512MiB/1292msec)
    clat (nsec): min=648, max=586314, avg=9522.61, stdev=49681.02
     lat (nsec): min=685, max=586370, avg=9573.69, stdev=49680.86
    clat percentiles (nsec):
     |  1.00th=[   668],  5.00th=[   668], 10.00th=[   668], 20.00th=[   684],
     | 30.00th=[   684], 40.00th=[   708], 50.00th=[   836], 60.00th=[   852],
     | 70.00th=[   868], 80.00th=[   892], 90.00th=[  1064], 95.00th=[  1144],
     | 99.00th=[280576], 99.50th=[280576], 99.90th=[440320], 99.95th=[509952],
     | 99.99th=[536576]
   bw (  KiB/s): min=404160, max=407040, per=99.95%, avg=405600.00, stdev=2036.47, samples=2
   iops        : min=101040, max=101760, avg=101400.00, stdev=509.12, samples=2
  lat (nsec)   : 750=45.79%, 1000=42.01%
  lat (usec)   : 2=9.03%, 4=0.02%, 10=0.01%, 20=0.01%, 50=0.06%
  lat (usec)   : 100=0.03%, 250=0.06%, 500=2.92%, 750=0.06%
  cpu          : usr=6.58%, sys=10.53%, ctx=4106, majf=0, minf=6
  IO depths    : 1=100.0%, 2=0.0%, 4=0.0%, 8=0.0%, 16=0.0%, 32=0.0%, >=64=0.0%
     submit    : 0=0.0%, 4=100.0%, 8=0.0%, 16=0.0%, 32=0.0%, 64=0.0%, >=64=0.0%
     complete  : 0=0.0%, 4=100.0%, 8=0.0%, 16=0.0%, 32=0.0%, 64=0.0%, >=64=0.0%
     issued rwts: total=131072,0,0,0 short=0,0,0,0 dropped=0,0,0,0
     latency   : target=0, window=0, percentile=100.00%, depth=1

Run status group 0 (all jobs):
   READ: bw=396MiB/s (416MB/s), 396MiB/s-396MiB/s (416MB/s-416MB/s), io=512MiB (537MB), run=1292-1292msec

Disk stats (read/write):
  nvme0n1: ios=3662/0, merge=89/0, ticks=2121/0, in_queue=2121, util=78.53%
