buffered-read: (g=0): rw=read, bs=(R) 4096B-4096B, (W) 4096B-4096B, (T) 4096B-4096B, ioengine=psync, iodepth=1
fio-3.33
Starting 1 process

buffered-read: (groupid=0, jobs=1): err= 0: pid=4714: Mon Aug 11 19:50:32 2025
  read: IOPS=345k, BW=1349MiB/s (1415MB/s)(1024MiB/759msec)
    clat (nsec): min=629, max=483076, avg=2561.78, stdev=13661.61
     lat (nsec): min=685, max=483132, avg=2612.83, stdev=13661.65
    clat percentiles (nsec):
     |  1.00th=[   652],  5.00th=[   652], 10.00th=[   652], 20.00th=[   652],
     | 30.00th=[   668], 40.00th=[   668], 50.00th=[   668], 60.00th=[   684],
     | 70.00th=[   740], 80.00th=[  1020], 90.00th=[  1496], 95.00th=[  1944],
     | 99.00th=[105984], 99.50th=[113152], 99.90th=[127488], 99.95th=[142336],
     | 99.99th=[177152]
   bw (  MiB/s): min= 1325, max= 1325, per=98.28%, avg=1325.94, stdev= 0.00, samples=1
   iops        : min=339440, max=339440, avg=339440.00, stdev= 0.00, samples=1
  lat (nsec)   : 750=70.43%, 1000=8.68%
  lat (usec)   : 2=16.18%, 4=3.01%, 10=0.11%, 20=0.01%, 50=0.01%
  lat (usec)   : 100=0.34%, 250=1.21%, 500=0.01%
  cpu          : usr=15.70%, sys=83.77%, ctx=40, majf=0, minf=6
  IO depths    : 1=100.0%, 2=0.0%, 4=0.0%, 8=0.0%, 16=0.0%, 32=0.0%, >=64=0.0%
     submit    : 0=0.0%, 4=100.0%, 8=0.0%, 16=0.0%, 32=0.0%, 64=0.0%, >=64=0.0%
     complete  : 0=0.0%, 4=100.0%, 8=0.0%, 16=0.0%, 32=0.0%, 64=0.0%, >=64=0.0%
     issued rwts: total=262144,0,0,0 short=0,0,0,0 dropped=0,0,0,0
     latency   : target=0, window=0, percentile=100.00%, depth=1

Run status group 0 (all jobs):
   READ: bw=1349MiB/s (1415MB/s), 1349MiB/s-1349MiB/s (1415MB/s-1415MB/s), io=1024MiB (1074MB), run=759-759msec

Disk stats (read/write):
  nvme0n1: ios=31/0, merge=89/0, ticks=7/0, in_queue=7, util=0.53%
