buffered-write: (g=0): rw=write, bs=(R) 100MiB-100MiB, (W) 100MiB-100MiB, (T) 100MiB-100MiB, ioengine=psync, iodepth=1
fio-3.33
Starting 1 process

buffered-write: (groupid=0, jobs=1): err= 0: pid=3860: Fri Aug 15 07:03:14 2025
  write: IOPS=13, BW=1302MiB/s (1365MB/s)(500MiB/384msec); 0 zone resets
    clat (usec): min=62447, max=68476, avg=65095.39, stdev=2349.18
     lat (usec): min=72233, max=81236, avg=76668.44, stdev=3365.15
    clat percentiles (usec):
     |  1.00th=[62653],  5.00th=[62653], 10.00th=[62653], 20.00th=[62653],
     | 30.00th=[63177], 40.00th=[63177], 50.00th=[65274], 60.00th=[65274],
     | 70.00th=[65799], 80.00th=[65799], 90.00th=[68682], 95.00th=[68682],
     | 99.00th=[68682], 99.50th=[68682], 99.90th=[68682], 99.95th=[68682],
     | 99.99th=[68682]
  lat (msec)   : 100=100.00%
  cpu          : usr=14.62%, sys=85.38%, ctx=1, majf=0, minf=6
  IO depths    : 1=100.0%, 2=0.0%, 4=0.0%, 8=0.0%, 16=0.0%, 32=0.0%, >=64=0.0%
     submit    : 0=0.0%, 4=100.0%, 8=0.0%, 16=0.0%, 32=0.0%, 64=0.0%, >=64=0.0%
     complete  : 0=0.0%, 4=100.0%, 8=0.0%, 16=0.0%, 32=0.0%, 64=0.0%, >=64=0.0%
     issued rwts: total=0,5,0,0 short=0,0,0,0 dropped=0,0,0,0
     latency   : target=0, window=0, percentile=100.00%, depth=1

Run status group 0 (all jobs):
  WRITE: bw=1302MiB/s (1365MB/s), 1302MiB/s-1302MiB/s (1365MB/s-1365MB/s), io=500MiB (524MB), run=384-384msec

Disk stats (read/write):
  nvme0n1: ios=0/0, merge=0/0, ticks=0/0, in_queue=0, util=0.00%
