buffered-write: (g=0): rw=write, bs=(R) 128KiB-128KiB, (W) 128KiB-128KiB, (T) 128KiB-128KiB, ioengine=psync, iodepth=1
fio-3.33
Starting 1 process

buffered-write: (groupid=0, jobs=1): err= 0: pid=4318: Fri Aug 15 07:03:40 2025
  write: IOPS=12.3k, BW=1533MiB/s (1607MB/s)(512MiB/334msec); 0 zone resets
    clat (usec): min=36, max=147, avg=79.81, stdev= 6.33
     lat (usec): min=37, max=148, avg=80.66, stdev= 6.34
    clat percentiles (usec):
     |  1.00th=[   63],  5.00th=[   73], 10.00th=[   74], 20.00th=[   77],
     | 30.00th=[   78], 40.00th=[   79], 50.00th=[   80], 60.00th=[   81],
     | 70.00th=[   83], 80.00th=[   84], 90.00th=[   86], 95.00th=[   88],
     | 99.00th=[  104], 99.50th=[  109], 99.90th=[  125], 99.95th=[  131],
     | 99.99th=[  147]
  lat (usec)   : 50=0.07%, 100=98.44%, 250=1.49%
  cpu          : usr=0.00%, sys=99.10%, ctx=1, majf=0, minf=6
  IO depths    : 1=100.0%, 2=0.0%, 4=0.0%, 8=0.0%, 16=0.0%, 32=0.0%, >=64=0.0%
     submit    : 0=0.0%, 4=100.0%, 8=0.0%, 16=0.0%, 32=0.0%, 64=0.0%, >=64=0.0%
     complete  : 0=0.0%, 4=100.0%, 8=0.0%, 16=0.0%, 32=0.0%, 64=0.0%, >=64=0.0%
     issued rwts: total=0,4096,0,0 short=0,0,0,0 dropped=0,0,0,0
     latency   : target=0, window=0, percentile=100.00%, depth=1

Run status group 0 (all jobs):
  WRITE: bw=1533MiB/s (1607MB/s), 1533MiB/s-1533MiB/s (1607MB/s-1607MB/s), io=512MiB (537MB), run=334-334msec

Disk stats (read/write):
  nvme0n1: ios=0/0, merge=0/0, ticks=0/0, in_queue=0, util=0.00%
