buffered-write: (g=0): rw=write, bs=(R) 100MiB-100MiB, (W) 100MiB-100MiB, (T) 100MiB-100MiB, ioengine=psync, iodepth=1
fio-3.33
Starting 1 process

buffered-write: (groupid=0, jobs=1): err= 0: pid=3872: Fri Aug 15 07:03:15 2025
  write: IOPS=12, BW=1241MiB/s (1301MB/s)(500MiB/403msec); 0 zone resets
    clat (usec): min=66553, max=71069, avg=68377.97, stdev=1672.07
     lat (usec): min=78226, max=82611, avg=80498.22, stdev=1874.03
    clat percentiles (usec):
     |  1.00th=[66323],  5.00th=[66323], 10.00th=[66323], 20.00th=[66323],
     | 30.00th=[67634], 40.00th=[67634], 50.00th=[67634], 60.00th=[67634],
     | 70.00th=[68682], 80.00th=[68682], 90.00th=[70779], 95.00th=[70779],
     | 99.00th=[70779], 99.50th=[70779], 99.90th=[70779], 99.95th=[70779],
     | 99.99th=[70779]
  lat (msec)   : 100=100.00%
  cpu          : usr=15.42%, sys=84.58%, ctx=14, majf=0, minf=6
  IO depths    : 1=100.0%, 2=0.0%, 4=0.0%, 8=0.0%, 16=0.0%, 32=0.0%, >=64=0.0%
     submit    : 0=0.0%, 4=100.0%, 8=0.0%, 16=0.0%, 32=0.0%, 64=0.0%, >=64=0.0%
     complete  : 0=0.0%, 4=100.0%, 8=0.0%, 16=0.0%, 32=0.0%, 64=0.0%, >=64=0.0%
     issued rwts: total=0,5,0,0 short=0,0,0,0 dropped=0,0,0,0
     latency   : target=0, window=0, percentile=100.00%, depth=1

Run status group 0 (all jobs):
  WRITE: bw=1241MiB/s (1301MB/s), 1241MiB/s-1241MiB/s (1301MB/s-1301MB/s), io=500MiB (524MB), run=403-403msec

Disk stats (read/write):
  nvme0n1: ios=0/0, merge=0/0, ticks=0/0, in_queue=0, util=0.00%
