buffered-write: (g=0): rw=write, bs=(R) 10.0MiB-10.0MiB, (W) 10.0MiB-10.0MiB, (T) 10.0MiB-10.0MiB, ioengine=psync, iodepth=1
fio-3.33
Starting 1 process

buffered-write: (groupid=0, jobs=1): err= 0: pid=3740: Fri Aug 15 07:03:07 2025
  write: IOPS=128, BW=1281MiB/s (1344MB/s)(510MiB/398msec); 0 zone resets
    clat (usec): min=6216, max=8438, avg=6866.71, stdev=509.88
     lat (usec): min=7063, max=9306, avg=7787.92, stdev=560.78
    clat percentiles (usec):
     |  1.00th=[ 6194],  5.00th=[ 6456], 10.00th=[ 6456], 20.00th=[ 6521],
     | 30.00th=[ 6587], 40.00th=[ 6652], 50.00th=[ 6652], 60.00th=[ 6718],
     | 70.00th=[ 6915], 80.00th=[ 7111], 90.00th=[ 7504], 95.00th=[ 8455],
     | 99.00th=[ 8455], 99.50th=[ 8455], 99.90th=[ 8455], 99.95th=[ 8455],
     | 99.99th=[ 8455]
  lat (msec)   : 10=100.00%
  cpu          : usr=9.32%, sys=90.18%, ctx=18, majf=0, minf=6
  IO depths    : 1=100.0%, 2=0.0%, 4=0.0%, 8=0.0%, 16=0.0%, 32=0.0%, >=64=0.0%
     submit    : 0=0.0%, 4=100.0%, 8=0.0%, 16=0.0%, 32=0.0%, 64=0.0%, >=64=0.0%
     complete  : 0=0.0%, 4=100.0%, 8=0.0%, 16=0.0%, 32=0.0%, 64=0.0%, >=64=0.0%
     issued rwts: total=0,51,0,0 short=0,0,0,0 dropped=0,0,0,0
     latency   : target=0, window=0, percentile=100.00%, depth=1

Run status group 0 (all jobs):
  WRITE: bw=1281MiB/s (1344MB/s), 1281MiB/s-1281MiB/s (1344MB/s-1344MB/s), io=510MiB (535MB), run=398-398msec

Disk stats (read/write):
  nvme0n1: ios=0/0, merge=0/0, ticks=0/0, in_queue=0, util=0.00%
