buffered-write: (g=0): rw=write, bs=(R) 10.0MiB-10.0MiB, (W) 10.0MiB-10.0MiB, (T) 10.0MiB-10.0MiB, ioengine=psync, iodepth=1
fio-3.33
Starting 1 process

buffered-write: (groupid=0, jobs=1): err= 0: pid=3752: Fri Aug 15 07:03:08 2025
  write: IOPS=120, BW=1203MiB/s (1261MB/s)(510MiB/424msec); 0 zone resets
    clat (usec): min=6750, max=7935, avg=7354.32, stdev=205.56
     lat (usec): min=7282, max=9096, avg=8297.27, stdev=337.82
    clat percentiles (usec):
     |  1.00th=[ 6783],  5.00th=[ 7046], 10.00th=[ 7177], 20.00th=[ 7177],
     | 30.00th=[ 7308], 40.00th=[ 7308], 50.00th=[ 7373], 60.00th=[ 7373],
     | 70.00th=[ 7439], 80.00th=[ 7439], 90.00th=[ 7570], 95.00th=[ 7767],
     | 99.00th=[ 7963], 99.50th=[ 7963], 99.90th=[ 7963], 99.95th=[ 7963],
     | 99.99th=[ 7963]
  lat (msec)   : 10=100.00%
  cpu          : usr=9.69%, sys=90.31%, ctx=7, majf=0, minf=6
  IO depths    : 1=100.0%, 2=0.0%, 4=0.0%, 8=0.0%, 16=0.0%, 32=0.0%, >=64=0.0%
     submit    : 0=0.0%, 4=100.0%, 8=0.0%, 16=0.0%, 32=0.0%, 64=0.0%, >=64=0.0%
     complete  : 0=0.0%, 4=100.0%, 8=0.0%, 16=0.0%, 32=0.0%, 64=0.0%, >=64=0.0%
     issued rwts: total=0,51,0,0 short=0,0,0,0 dropped=0,0,0,0
     latency   : target=0, window=0, percentile=100.00%, depth=1

Run status group 0 (all jobs):
  WRITE: bw=1203MiB/s (1261MB/s), 1203MiB/s-1203MiB/s (1261MB/s-1261MB/s), io=510MiB (535MB), run=424-424msec

Disk stats (read/write):
  nvme0n1: ios=0/0, merge=0/0, ticks=0/0, in_queue=0, util=0.00%
