buffered-read: (g=0): rw=read, bs=(R) 128KiB-128KiB, (W) 128KiB-128KiB, (T) 128KiB-128KiB, ioengine=psync, iodepth=1
fio-3.33
Starting 1 process

buffered-read: (groupid=0, jobs=1): err= 0: pid=3480: Thu Aug 14 22:45:39 2025
  read: IOPS=3180, BW=398MiB/s (417MB/s)(512MiB/1288msec)
    clat (usec): min=10, max=1083, avg=313.83, stdev=314.70
     lat (usec): min=10, max=1083, avg=313.91, stdev=314.67
    clat percentiles (usec):
     |  1.00th=[   11],  5.00th=[   11], 10.00th=[   12], 20.00th=[   12],
     | 30.00th=[   13], 40.00th=[   14], 50.00th=[   64], 60.00th=[  611],
     | 70.00th=[  619], 80.00th=[  619], 90.00th=[  619], 95.00th=[  627],
     | 99.00th=[ 1004], 99.50th=[ 1057], 99.90th=[ 1090], 99.95th=[ 1090],
     | 99.99th=[ 1090]
   bw (  KiB/s): min=407040, max=407040, per=100.00%, avg=407040.00, stdev= 0.00, samples=2
   iops        : min= 3180, max= 3180, avg=3180.00, stdev= 0.00, samples=2
  lat (usec)   : 20=49.73%, 50=0.22%, 100=0.15%, 250=1.54%, 500=1.20%
  lat (usec)   : 750=43.70%, 1000=2.44%
  lat (msec)   : 2=1.03%
  cpu          : usr=0.00%, sys=7.23%, ctx=2049, majf=0, minf=13
  IO depths    : 1=100.0%, 2=0.0%, 4=0.0%, 8=0.0%, 16=0.0%, 32=0.0%, >=64=0.0%
     submit    : 0=0.0%, 4=100.0%, 8=0.0%, 16=0.0%, 32=0.0%, 64=0.0%, >=64=0.0%
     complete  : 0=0.0%, 4=100.0%, 8=0.0%, 16=0.0%, 32=0.0%, 64=0.0%, >=64=0.0%
     issued rwts: total=4096,0,0,0 short=0,0,0,0 dropped=0,0,0,0
     latency   : target=0, window=0, percentile=100.00%, depth=1

Run status group 0 (all jobs):
   READ: bw=398MiB/s (417MB/s), 398MiB/s-398MiB/s (417MB/s-417MB/s), io=512MiB (537MB), run=1288-1288msec

Disk stats (read/write):
  nvme0n1: ios=3667/0, merge=89/0, ticks=3898/0, in_queue=3898, util=85.90%
