buffered-read: (g=0): rw=read, bs=(R) 128KiB-128KiB, (W) 128KiB-128KiB, (T) 128KiB-128KiB, ioengine=psync, iodepth=1
fio-3.33
Starting 1 process

buffered-read: (groupid=0, jobs=1): err= 0: pid=3560: Thu Aug 14 22:45:46 2025
  read: IOPS=3180, BW=398MiB/s (417MB/s)(512MiB/1288msec)
    clat (usec): min=10, max=1160, avg=313.64, stdev=343.83
     lat (usec): min=10, max=1160, avg=313.72, stdev=343.82
    clat percentiles (usec):
     |  1.00th=[   11],  5.00th=[   11], 10.00th=[   11], 20.00th=[   12],
     | 30.00th=[   13], 40.00th=[   14], 50.00th=[   62], 60.00th=[  408],
     | 70.00th=[  586], 80.00th=[  693], 90.00th=[  807], 95.00th=[  922],
     | 99.00th=[ 1045], 99.50th=[ 1090], 99.90th=[ 1090], 99.95th=[ 1139],
     | 99.99th=[ 1156]
   bw (  KiB/s): min=407040, max=407552, per=100.00%, avg=407296.00, stdev=362.04, samples=2
   iops        : min= 3180, max= 3184, avg=3182.00, stdev= 2.83, samples=2
  lat (usec)   : 20=49.71%, 50=0.24%, 100=0.32%, 250=4.66%, 500=8.25%
  lat (usec)   : 750=22.63%, 1000=12.55%
  lat (msec)   : 2=1.64%
  cpu          : usr=0.00%, sys=7.23%, ctx=2049, majf=0, minf=13
  IO depths    : 1=100.0%, 2=0.0%, 4=0.0%, 8=0.0%, 16=0.0%, 32=0.0%, >=64=0.0%
     submit    : 0=0.0%, 4=100.0%, 8=0.0%, 16=0.0%, 32=0.0%, 64=0.0%, >=64=0.0%
     complete  : 0=0.0%, 4=100.0%, 8=0.0%, 16=0.0%, 32=0.0%, 64=0.0%, >=64=0.0%
     issued rwts: total=4096,0,0,0 short=0,0,0,0 dropped=0,0,0,0
     latency   : target=0, window=0, percentile=100.00%, depth=1

Run status group 0 (all jobs):
   READ: bw=398MiB/s (417MB/s), 398MiB/s-398MiB/s (417MB/s-417MB/s), io=512MiB (537MB), run=1288-1288msec

Disk stats (read/write):
  nvme0n1: ios=3656/0, merge=0/0, ticks=3896/0, in_queue=3896, util=86.54%
