buffered-read: (g=0): rw=read, bs=(R) 1024KiB-1024KiB, (W) 1024KiB-1024KiB, (T) 1024KiB-1024KiB, ioengine=psync, iodepth=1
fio-3.33
Starting 1 process

buffered-read: (groupid=0, jobs=1): err= 0: pid=6487: Fri Aug 15 06:10:58 2025
  read: IOPS=733, BW=734MiB/s (769MB/s)(512MiB/698msec)
    clat (usec): min=975, max=1905, avg=1358.11, stdev=162.17
     lat (usec): min=975, max=1906, avg=1358.48, stdev=162.22
    clat percentiles (usec):
     |  1.00th=[ 1057],  5.00th=[ 1106], 10.00th=[ 1139], 20.00th=[ 1188],
     | 30.00th=[ 1237], 40.00th=[ 1287], 50.00th=[ 1385], 60.00th=[ 1434],
     | 70.00th=[ 1483], 80.00th=[ 1516], 90.00th=[ 1549], 95.00th=[ 1582],
     | 99.00th=[ 1631], 99.50th=[ 1778], 99.90th=[ 1909], 99.95th=[ 1909],
     | 99.99th=[ 1909]
   bw (  KiB/s): min=729088, max=729088, per=97.07%, avg=729088.00, stdev= 0.00, samples=1
   iops        : min=  712, max=  712, avg=712.00, stdev= 0.00, samples=1
  lat (usec)   : 1000=0.20%
  lat (msec)   : 2=99.80%
  cpu          : usr=0.00%, sys=53.66%, ctx=1570, majf=0, minf=70
  IO depths    : 1=100.0%, 2=0.0%, 4=0.0%, 8=0.0%, 16=0.0%, 32=0.0%, >=64=0.0%
     submit    : 0=0.0%, 4=100.0%, 8=0.0%, 16=0.0%, 32=0.0%, 64=0.0%, >=64=0.0%
     complete  : 0=0.0%, 4=100.0%, 8=0.0%, 16=0.0%, 32=0.0%, 64=0.0%, >=64=0.0%
     issued rwts: total=512,0,0,0 short=0,0,0,0 dropped=0,0,0,0
     latency   : target=0, window=0, percentile=100.00%, depth=1

Run status group 0 (all jobs):
   READ: bw=734MiB/s (769MB/s), 734MiB/s-734MiB/s (769MB/s-769MB/s), io=512MiB (537MB), run=698-698msec

Disk stats (read/write):
  nvme0n1: ios=1905/0, merge=89/0, ticks=451/0, in_queue=450, util=34.22%
