buffered-read: (g=0): rw=read, bs=(R) 128KiB-128KiB, (W) 128KiB-128KiB, (T) 128KiB-128KiB, ioengine=psync, iodepth=1
fio-3.33
Starting 1 process

buffered-read: (groupid=0, jobs=1): err= 0: pid=3500: Thu Aug 14 22:45:41 2025
  read: IOPS=3180, BW=398MiB/s (417MB/s)(512MiB/1288msec)
    clat (usec): min=10, max=1185, avg=313.70, stdev=344.19
     lat (usec): min=10, max=1185, avg=313.78, stdev=344.17
    clat percentiles (usec):
     |  1.00th=[   11],  5.00th=[   12], 10.00th=[   12], 20.00th=[   12],
     | 30.00th=[   13], 40.00th=[   15], 50.00th=[   61], 60.00th=[  400],
     | 70.00th=[  586], 80.00th=[  701], 90.00th=[  816], 95.00th=[  922],
     | 99.00th=[ 1020], 99.50th=[ 1074], 99.90th=[ 1123], 99.95th=[ 1156],
     | 99.99th=[ 1188]
   bw (  KiB/s): min=406528, max=408064, per=100.00%, avg=407296.00, stdev=1086.12, samples=2
   iops        : min= 3176, max= 3188, avg=3182.00, stdev= 8.49, samples=2
  lat (usec)   : 20=49.63%, 50=0.32%, 100=0.46%, 250=4.66%, 500=8.35%
  lat (usec)   : 750=21.92%, 1000=13.04%
  lat (msec)   : 2=1.61%
  cpu          : usr=0.23%, sys=6.99%, ctx=2049, majf=0, minf=13
  IO depths    : 1=100.0%, 2=0.0%, 4=0.0%, 8=0.0%, 16=0.0%, 32=0.0%, >=64=0.0%
     submit    : 0=0.0%, 4=100.0%, 8=0.0%, 16=0.0%, 32=0.0%, 64=0.0%, >=64=0.0%
     complete  : 0=0.0%, 4=100.0%, 8=0.0%, 16=0.0%, 32=0.0%, 64=0.0%, >=64=0.0%
     issued rwts: total=4096,0,0,0 short=0,0,0,0 dropped=0,0,0,0
     latency   : target=0, window=0, percentile=100.00%, depth=1

Run status group 0 (all jobs):
   READ: bw=398MiB/s (417MB/s), 398MiB/s-398MiB/s (417MB/s-417MB/s), io=512MiB (537MB), run=1288-1288msec

Disk stats (read/write):
  nvme0n1: ios=3668/0, merge=89/0, ticks=3891/0, in_queue=3891, util=83.65%
