buffered-write: (g=0): rw=write, bs=(R) 10.0MiB-10.0MiB, (W) 10.0MiB-10.0MiB, (T) 10.0MiB-10.0MiB, ioengine=psync, iodepth=1
fio-3.33
Starting 1 process

buffered-write: (groupid=0, jobs=1): err= 0: pid=4597: Mon Aug 11 19:15:36 2025
  write: IOPS=138, BW=1382MiB/s (1449MB/s)(1020MiB/738msec); 0 zone resets
    clat (usec): min=5030, max=7021, avg=6294.11, stdev=417.67
     lat (usec): min=5804, max=7775, avg=7091.71, stdev=436.95
    clat percentiles (usec):
     |  1.00th=[ 5145],  5.00th=[ 5473], 10.00th=[ 5735], 20.00th=[ 5997],
     | 30.00th=[ 6128], 40.00th=[ 6259], 50.00th=[ 6325], 60.00th=[ 6456],
     | 70.00th=[ 6587], 80.00th=[ 6652], 90.00th=[ 6718], 95.00th=[ 6783],
     | 99.00th=[ 6915], 99.50th=[ 7046], 99.90th=[ 7046], 99.95th=[ 7046],
     | 99.99th=[ 7046]
   bw (  MiB/s): min= 1380, max= 1380, per=99.85%, avg=1380.00, stdev= 0.00, samples=1
   iops        : min=  138, max=  138, avg=138.00, stdev= 0.00, samples=1
  lat (msec)   : 10=100.00%
  cpu          : usr=12.75%, sys=86.84%, ctx=19, majf=0, minf=6
  IO depths    : 1=100.0%, 2=0.0%, 4=0.0%, 8=0.0%, 16=0.0%, 32=0.0%, >=64=0.0%
     submit    : 0=0.0%, 4=100.0%, 8=0.0%, 16=0.0%, 32=0.0%, 64=0.0%, >=64=0.0%
     complete  : 0=0.0%, 4=100.0%, 8=0.0%, 16=0.0%, 32=0.0%, 64=0.0%, >=64=0.0%
     issued rwts: total=0,102,0,0 short=0,0,0,0 dropped=0,0,0,0
     latency   : target=0, window=0, percentile=100.00%, depth=1

Run status group 0 (all jobs):
  WRITE: bw=1382MiB/s (1449MB/s), 1382MiB/s-1382MiB/s (1449MB/s-1449MB/s), io=1020MiB (1070MB), run=738-738msec

Disk stats (read/write):
  nvme0n1: ios=0/0, merge=0/0, ticks=0/0, in_queue=0, util=0.00%
