buffered-read: (g=0): rw=read, bs=(R) 1024KiB-1024KiB, (W) 1024KiB-1024KiB, (T) 1024KiB-1024KiB, ioengine=psync, iodepth=1
fio-3.33
Starting 1 process

buffered-read: (groupid=0, jobs=1): err= 0: pid=6467: Fri Aug 15 06:10:57 2025
  read: IOPS=727, BW=727MiB/s (763MB/s)(512MiB/704msec)
    clat (usec): min=924, max=2008, avg=1368.59, stdev=146.97
     lat (usec): min=924, max=2009, avg=1369.14, stdev=147.00
    clat percentiles (usec):
     |  1.00th=[ 1057],  5.00th=[ 1106], 10.00th=[ 1156], 20.00th=[ 1205],
     | 30.00th=[ 1270], 40.00th=[ 1385], 50.00th=[ 1418], 60.00th=[ 1450],
     | 70.00th=[ 1467], 80.00th=[ 1500], 90.00th=[ 1516], 95.00th=[ 1532],
     | 99.00th=[ 1614], 99.50th=[ 1696], 99.90th=[ 2008], 99.95th=[ 2008],
     | 99.99th=[ 2008]
   bw (  KiB/s): min=743424, max=743424, per=99.83%, avg=743424.00, stdev= 0.00, samples=1
   iops        : min=  726, max=  726, avg=726.00, stdev= 0.00, samples=1
  lat (usec)   : 1000=0.20%
  lat (msec)   : 2=99.61%, 4=0.20%
  cpu          : usr=1.14%, sys=48.93%, ctx=1473, majf=0, minf=70
  IO depths    : 1=100.0%, 2=0.0%, 4=0.0%, 8=0.0%, 16=0.0%, 32=0.0%, >=64=0.0%
     submit    : 0=0.0%, 4=100.0%, 8=0.0%, 16=0.0%, 32=0.0%, 64=0.0%, >=64=0.0%
     complete  : 0=0.0%, 4=100.0%, 8=0.0%, 16=0.0%, 32=0.0%, 64=0.0%, >=64=0.0%
     issued rwts: total=512,0,0,0 short=0,0,0,0 dropped=0,0,0,0
     latency   : target=0, window=0, percentile=100.00%, depth=1

Run status group 0 (all jobs):
   READ: bw=727MiB/s (763MB/s), 727MiB/s-727MiB/s (763MB/s-763MB/s), io=512MiB (537MB), run=704-704msec

Disk stats (read/write):
  nvme0n1: ios=1898/0, merge=0/0, ticks=449/0, in_queue=449, util=29.95%
