buffered-read: (g=0): rw=read, bs=(R) 128KiB-128KiB, (W) 128KiB-128KiB, (T) 128KiB-128KiB, ioengine=psync, iodepth=1
fio-3.33
Starting 1 process

buffered-read: (groupid=0, jobs=1): err= 0: pid=3533: Fri Aug 15 06:58:02 2025
  read: IOPS=3172, BW=397MiB/s (416MB/s)(512MiB/1291msec)
    clat (usec): min=27, max=930, avg=314.16, stdev=25.50
     lat (usec): min=27, max=930, avg=314.26, stdev=25.50
    clat percentiles (usec):
     |  1.00th=[  310],  5.00th=[  314], 10.00th=[  314], 20.00th=[  314],
     | 30.00th=[  314], 40.00th=[  314], 50.00th=[  314], 60.00th=[  314],
     | 70.00th=[  314], 80.00th=[  314], 90.00th=[  314], 95.00th=[  314],
     | 99.00th=[  367], 99.50th=[  461], 99.90th=[  635], 99.95th=[  668],
     | 99.99th=[  930]
   bw (  KiB/s): min=405248, max=407296, per=100.00%, avg=406272.00, stdev=1448.15, samples=2
   iops        : min= 3166, max= 3182, avg=3174.00, stdev=11.31, samples=2
  lat (usec)   : 50=0.07%, 100=0.12%, 250=0.24%, 500=99.22%, 750=0.29%
  lat (usec)   : 1000=0.05%
  cpu          : usr=0.70%, sys=8.76%, ctx=4105, majf=0, minf=14
  IO depths    : 1=100.0%, 2=0.0%, 4=0.0%, 8=0.0%, 16=0.0%, 32=0.0%, >=64=0.0%
     submit    : 0=0.0%, 4=100.0%, 8=0.0%, 16=0.0%, 32=0.0%, 64=0.0%, >=64=0.0%
     complete  : 0=0.0%, 4=100.0%, 8=0.0%, 16=0.0%, 32=0.0%, 64=0.0%, >=64=0.0%
     issued rwts: total=4096,0,0,0 short=0,0,0,0 dropped=0,0,0,0
     latency   : target=0, window=0, percentile=100.00%, depth=1

Run status group 0 (all jobs):
   READ: bw=397MiB/s (416MB/s), 397MiB/s-397MiB/s (416MB/s-416MB/s), io=512MiB (537MB), run=1291-1291msec

Disk stats (read/write):
  nvme0n1: ios=3672/0, merge=117/0, ticks=2213/0, in_queue=2214, util=83.01%
