buffered-read: (g=0): rw=read, bs=(R) 10.0MiB-10.0MiB, (W) 10.0MiB-10.0MiB, (T) 10.0MiB-10.0MiB, ioengine=psync, iodepth=1
fio-3.33
Starting 1 process

buffered-read: (groupid=0, jobs=1): err= 0: pid=3971: Mon Aug 11 19:49:37 2025
  read: IOPS=88, BW=883MiB/s (926MB/s)(1020MiB/1155msec)
    clat (usec): min=8477, max=13540, avg=11313.20, stdev=1737.29
     lat (usec): min=8478, max=13540, avg=11313.77, stdev=1737.30
    clat percentiles (usec):
     |  1.00th=[ 8455],  5.00th=[ 8586], 10.00th=[ 8717], 20.00th=[ 9110],
     | 30.00th=[10028], 40.00th=[10945], 50.00th=[11863], 60.00th=[12518],
     | 70.00th=[12649], 80.00th=[13042], 90.00th=[13173], 95.00th=[13304],
     | 99.00th=[13435], 99.50th=[13566], 99.90th=[13566], 99.95th=[13566],
     | 99.99th=[13566]
   bw (  KiB/s): min=778240, max=983040, per=97.38%, avg=880640.00, stdev=144815.47, samples=2
   iops        : min=   76, max=   96, avg=86.00, stdev=14.14, samples=2
  lat (msec)   : 10=30.39%, 20=69.61%
  cpu          : usr=0.26%, sys=99.39%, ctx=62, majf=0, minf=646
  IO depths    : 1=100.0%, 2=0.0%, 4=0.0%, 8=0.0%, 16=0.0%, 32=0.0%, >=64=0.0%
     submit    : 0=0.0%, 4=100.0%, 8=0.0%, 16=0.0%, 32=0.0%, 64=0.0%, >=64=0.0%
     complete  : 0=0.0%, 4=100.0%, 8=0.0%, 16=0.0%, 32=0.0%, 64=0.0%, >=64=0.0%
     issued rwts: total=102,0,0,0 short=0,0,0,0 dropped=0,0,0,0
     latency   : target=0, window=0, percentile=100.00%, depth=1

Run status group 0 (all jobs):
   READ: bw=883MiB/s (926MB/s), 883MiB/s-883MiB/s (926MB/s-926MB/s), io=1020MiB (1070MB), run=1155-1155msec

Disk stats (read/write):
  nvme0n1: ios=32/0, merge=89/0, ticks=8/0, in_queue=8, util=0.32%
