buffered-write: (g=0): rw=write, bs=(R) 100MiB-100MiB, (W) 100MiB-100MiB, (T) 100MiB-100MiB, ioengine=psync, iodepth=1
fio-3.33
Starting 1 process

buffered-write: (groupid=0, jobs=1): err= 0: pid=3968: Fri Aug 15 07:03:21 2025
  write: IOPS=12, BW=1272MiB/s (1334MB/s)(500MiB/393msec); 0 zone resets
    clat (usec): min=66265, max=71530, avg=69647.55, stdev=2015.28
     lat (usec): min=73172, max=81755, avg=78554.37, stdev=3565.73
    clat percentiles (usec):
     |  1.00th=[66323],  5.00th=[66323], 10.00th=[66323], 20.00th=[66323],
     | 30.00th=[69731], 40.00th=[69731], 50.00th=[69731], 60.00th=[69731],
     | 70.00th=[70779], 80.00th=[70779], 90.00th=[71828], 95.00th=[71828],
     | 99.00th=[71828], 99.50th=[71828], 99.90th=[71828], 99.95th=[71828],
     | 99.99th=[71828]
  lat (msec)   : 100=100.00%
  cpu          : usr=11.48%, sys=88.01%, ctx=7, majf=0, minf=6
  IO depths    : 1=100.0%, 2=0.0%, 4=0.0%, 8=0.0%, 16=0.0%, 32=0.0%, >=64=0.0%
     submit    : 0=0.0%, 4=100.0%, 8=0.0%, 16=0.0%, 32=0.0%, 64=0.0%, >=64=0.0%
     complete  : 0=0.0%, 4=100.0%, 8=0.0%, 16=0.0%, 32=0.0%, 64=0.0%, >=64=0.0%
     issued rwts: total=0,5,0,0 short=0,0,0,0 dropped=0,0,0,0
     latency   : target=0, window=0, percentile=100.00%, depth=1

Run status group 0 (all jobs):
  WRITE: bw=1272MiB/s (1334MB/s), 1272MiB/s-1272MiB/s (1334MB/s-1334MB/s), io=500MiB (524MB), run=393-393msec

Disk stats (read/write):
  nvme0n1: ios=0/0, merge=0/0, ticks=0/0, in_queue=0, util=0.00%
