buffered-write: (g=0): rw=write, bs=(R) 1024KiB-1024KiB, (W) 1024KiB-1024KiB, (T) 1024KiB-1024KiB, ioengine=psync, iodepth=1
fio-3.33
Starting 1 process

buffered-write: (groupid=0, jobs=1): err= 0: pid=4154: Mon Aug 11 19:15:19 2025
  write: IOPS=1729, BW=1730MiB/s (1814MB/s)(1024MiB/592msec); 0 zone resets
    clat (usec): min=383, max=1029, avg=546.06, stdev=66.78
     lat (usec): min=397, max=1154, avg=562.46, stdev=67.94
    clat percentiles (usec):
     |  1.00th=[  392],  5.00th=[  412], 10.00th=[  441], 20.00th=[  490],
     | 30.00th=[  529], 40.00th=[  553], 50.00th=[  570], 60.00th=[  578],
     | 70.00th=[  586], 80.00th=[  594], 90.00th=[  611], 95.00th=[  619],
     | 99.00th=[  644], 99.50th=[  652], 99.90th=[  906], 99.95th=[ 1029],
     | 99.99th=[ 1029]
   bw (  MiB/s): min= 1742, max= 1742, per=100.00%, avg=1742.00, stdev= 0.00, samples=1
   iops        : min= 1742, max= 1742, avg=1742.00, stdev= 0.00, samples=1
  lat (usec)   : 500=22.56%, 750=77.15%, 1000=0.20%
  lat (msec)   : 2=0.10%
  cpu          : usr=3.89%, sys=95.60%, ctx=9, majf=0, minf=6
  IO depths    : 1=100.0%, 2=0.0%, 4=0.0%, 8=0.0%, 16=0.0%, 32=0.0%, >=64=0.0%
     submit    : 0=0.0%, 4=100.0%, 8=0.0%, 16=0.0%, 32=0.0%, 64=0.0%, >=64=0.0%
     complete  : 0=0.0%, 4=100.0%, 8=0.0%, 16=0.0%, 32=0.0%, 64=0.0%, >=64=0.0%
     issued rwts: total=0,1024,0,0 short=0,0,0,0 dropped=0,0,0,0
     latency   : target=0, window=0, percentile=100.00%, depth=1

Run status group 0 (all jobs):
  WRITE: bw=1730MiB/s (1814MB/s), 1730MiB/s-1730MiB/s (1814MB/s-1814MB/s), io=1024MiB (1074MB), run=592-592msec

Disk stats (read/write):
  nvme0n1: ios=0/0, merge=0/0, ticks=0/0, in_queue=0, util=0.00%
