buffered-write: (g=0): rw=write, bs=(R) 1024MiB-1024MiB, (W) 1024MiB-1024MiB, (T) 1024MiB-1024MiB, ioengine=psync, iodepth=1
fio-3.33
Starting 1 process

buffered-write: (groupid=0, jobs=1): err= 0: pid=4935: Mon Aug 11 19:15:53 2025
  write: IOPS=1, BW=1371MiB/s (1437MB/s)(1024MiB/747msec); 0 zone resets
    clat (nsec): min=595064k, max=595064k, avg=595064199.00, stdev= 0.00
     lat (nsec): min=733890k, max=733890k, avg=733890287.00, stdev= 0.00
    clat percentiles (msec):
     |  1.00th=[  592],  5.00th=[  592], 10.00th=[  592], 20.00th=[  592],
     | 30.00th=[  592], 40.00th=[  592], 50.00th=[  592], 60.00th=[  592],
     | 70.00th=[  592], 80.00th=[  592], 90.00th=[  592], 95.00th=[  592],
     | 99.00th=[  592], 99.50th=[  592], 99.90th=[  592], 99.95th=[  592],
     | 99.99th=[  592]
  lat (msec)   : 750=100.00%
  cpu          : usr=18.23%, sys=81.64%, ctx=18, majf=0, minf=6
  IO depths    : 1=100.0%, 2=0.0%, 4=0.0%, 8=0.0%, 16=0.0%, 32=0.0%, >=64=0.0%
     submit    : 0=0.0%, 4=100.0%, 8=0.0%, 16=0.0%, 32=0.0%, 64=0.0%, >=64=0.0%
     complete  : 0=0.0%, 4=100.0%, 8=0.0%, 16=0.0%, 32=0.0%, 64=0.0%, >=64=0.0%
     issued rwts: total=0,1,0,0 short=0,0,0,0 dropped=0,0,0,0
     latency   : target=0, window=0, percentile=100.00%, depth=1

Run status group 0 (all jobs):
  WRITE: bw=1371MiB/s (1437MB/s), 1371MiB/s-1371MiB/s (1437MB/s-1437MB/s), io=1024MiB (1074MB), run=747-747msec

Disk stats (read/write):
  nvme0n1: ios=0/0, merge=0/0, ticks=0/0, in_queue=0, util=0.00%
