buffered-write: (g=0): rw=write, bs=(R) 1024MiB-1024MiB, (W) 1024MiB-1024MiB, (T) 1024MiB-1024MiB, ioengine=psync, iodepth=1
fio-3.33
Starting 1 process

buffered-write: (groupid=0, jobs=1): err= 0: pid=4883: Mon Aug 11 19:15:49 2025
  write: IOPS=1, BW=1160MiB/s (1216MB/s)(1024MiB/883msec); 0 zone resets
    clat (nsec): min=730004k, max=730004k, avg=730004383.00, stdev= 0.00
     lat (nsec): min=869087k, max=869087k, avg=869086938.00, stdev= 0.00
    clat percentiles (msec):
     |  1.00th=[  735],  5.00th=[  735], 10.00th=[  735], 20.00th=[  735],
     | 30.00th=[  735], 40.00th=[  735], 50.00th=[  735], 60.00th=[  735],
     | 70.00th=[  735], 80.00th=[  735], 90.00th=[  735], 95.00th=[  735],
     | 99.00th=[  735], 99.50th=[  735], 99.90th=[  735], 99.95th=[  735],
     | 99.99th=[  735]
  lat (msec)   : 750=100.00%
  cpu          : usr=15.76%, sys=83.67%, ctx=18, majf=0, minf=6
  IO depths    : 1=100.0%, 2=0.0%, 4=0.0%, 8=0.0%, 16=0.0%, 32=0.0%, >=64=0.0%
     submit    : 0=0.0%, 4=100.0%, 8=0.0%, 16=0.0%, 32=0.0%, 64=0.0%, >=64=0.0%
     complete  : 0=0.0%, 4=100.0%, 8=0.0%, 16=0.0%, 32=0.0%, 64=0.0%, >=64=0.0%
     issued rwts: total=0,1,0,0 short=0,0,0,0 dropped=0,0,0,0
     latency   : target=0, window=0, percentile=100.00%, depth=1

Run status group 0 (all jobs):
  WRITE: bw=1160MiB/s (1216MB/s), 1160MiB/s-1160MiB/s (1216MB/s-1216MB/s), io=1024MiB (1074MB), run=883-883msec

Disk stats (read/write):
  nvme0n1: ios=0/2, merge=0/13, ticks=0/1, in_queue=1, util=0.27%
