buffered-write: (g=0): rw=write, bs=(R) 10.0MiB-10.0MiB, (W) 10.0MiB-10.0MiB, (T) 10.0MiB-10.0MiB, ioengine=psync, iodepth=1
fio-3.33
Starting 1 process

buffered-write: (groupid=0, jobs=1): err= 0: pid=4545: Mon Aug 11 19:15:34 2025
  write: IOPS=137, BW=1378MiB/s (1445MB/s)(1020MiB/740msec); 0 zone resets
    clat (usec): min=5079, max=7352, avg=6354.27, stdev=477.35
     lat (usec): min=5815, max=8362, avg=7113.00, stdev=518.29
    clat percentiles (usec):
     |  1.00th=[ 5080],  5.00th=[ 5538], 10.00th=[ 5800], 20.00th=[ 5997],
     | 30.00th=[ 6128], 40.00th=[ 6325], 50.00th=[ 6456], 60.00th=[ 6521],
     | 70.00th=[ 6652], 80.00th=[ 6783], 90.00th=[ 6849], 95.00th=[ 6980],
     | 99.00th=[ 7242], 99.50th=[ 7373], 99.90th=[ 7373], 99.95th=[ 7373],
     | 99.99th=[ 7373]
   bw (  MiB/s): min= 1360, max= 1360, per=98.67%, avg=1360.00, stdev= 0.00, samples=1
   iops        : min=  136, max=  136, avg=136.00, stdev= 0.00, samples=1
  lat (msec)   : 10=100.00%
  cpu          : usr=10.69%, sys=88.90%, ctx=37, majf=0, minf=6
  IO depths    : 1=100.0%, 2=0.0%, 4=0.0%, 8=0.0%, 16=0.0%, 32=0.0%, >=64=0.0%
     submit    : 0=0.0%, 4=100.0%, 8=0.0%, 16=0.0%, 32=0.0%, 64=0.0%, >=64=0.0%
     complete  : 0=0.0%, 4=100.0%, 8=0.0%, 16=0.0%, 32=0.0%, 64=0.0%, >=64=0.0%
     issued rwts: total=0,102,0,0 short=0,0,0,0 dropped=0,0,0,0
     latency   : target=0, window=0, percentile=100.00%, depth=1

Run status group 0 (all jobs):
  WRITE: bw=1378MiB/s (1445MB/s), 1378MiB/s-1378MiB/s (1445MB/s-1445MB/s), io=1020MiB (1070MB), run=740-740msec

Disk stats (read/write):
  nvme0n1: ios=0/0, merge=0/0, ticks=0/0, in_queue=0, util=0.00%
