buffered-write: (g=0): rw=write, bs=(R) 4096B-4096B, (W) 4096B-4096B, (T) 4096B-4096B, ioengine=psync, iodepth=1
fio-3.33
Starting 1 process

buffered-write: (groupid=0, jobs=1): err= 0: pid=4162: Fri Aug 15 07:03:30 2025
  write: IOPS=158k, BW=618MiB/s (648MB/s)(512MiB/829msec); 0 zone resets
    clat (usec): min=3, max=362, avg= 5.93, stdev= 1.35
     lat (usec): min=4, max=362, avg= 6.00, stdev= 1.37
    clat percentiles (nsec):
     |  1.00th=[ 4896],  5.00th=[ 5152], 10.00th=[ 5280], 20.00th=[ 5472],
     | 30.00th=[ 5600], 40.00th=[ 5728], 50.00th=[ 5920], 60.00th=[ 5984],
     | 70.00th=[ 6112], 80.00th=[ 6240], 90.00th=[ 6624], 95.00th=[ 7072],
     | 99.00th=[ 7328], 99.50th=[ 7520], 99.90th=[11456], 99.95th=[14400],
     | 99.99th=[29568]
   bw (  KiB/s): min=652552, max=652552, per=100.00%, avg=652552.00, stdev= 0.00, samples=1
   iops        : min=163138, max=163138, avg=163138.00, stdev= 0.00, samples=1
  lat (usec)   : 4=0.01%, 10=99.85%, 20=0.12%, 50=0.02%, 100=0.01%
  lat (usec)   : 250=0.01%, 500=0.01%
  cpu          : usr=10.02%, sys=89.49%, ctx=28, majf=0, minf=6
  IO depths    : 1=100.0%, 2=0.0%, 4=0.0%, 8=0.0%, 16=0.0%, 32=0.0%, >=64=0.0%
     submit    : 0=0.0%, 4=100.0%, 8=0.0%, 16=0.0%, 32=0.0%, 64=0.0%, >=64=0.0%
     complete  : 0=0.0%, 4=100.0%, 8=0.0%, 16=0.0%, 32=0.0%, 64=0.0%, >=64=0.0%
     issued rwts: total=0,131072,0,0 short=0,0,0,0 dropped=0,0,0,0
     latency   : target=0, window=0, percentile=100.00%, depth=1

Run status group 0 (all jobs):
  WRITE: bw=618MiB/s (648MB/s), 618MiB/s-618MiB/s (648MB/s-648MB/s), io=512MiB (537MB), run=829-829msec

Disk stats (read/write):
  nvme0n1: ios=0/0, merge=0/0, ticks=0/0, in_queue=0, util=0.00%
