buffered-read: (g=0): rw=read, bs=(R) 100MiB-100MiB, (W) 100MiB-100MiB, (T) 100MiB-100MiB, ioengine=psync, iodepth=1
fio-3.33
Starting 1 process

buffered-read: (groupid=0, jobs=1): err= 0: pid=4311: Mon Aug 11 19:50:03 2025
  read: IOPS=9, BW=940MiB/s (986MB/s)(1000MiB/1064msec)
    clat (msec): min=95, max=122, avg=106.31, stdev= 9.86
     lat (msec): min=95, max=122, avg=106.31, stdev= 9.86
    clat percentiles (msec):
     |  1.00th=[   96],  5.00th=[   96], 10.00th=[   96], 20.00th=[   96],
     | 30.00th=[  100], 40.00th=[  101], 50.00th=[  102], 60.00th=[  104],
     | 70.00th=[  114], 80.00th=[  115], 90.00th=[  118], 95.00th=[  123],
     | 99.00th=[  123], 99.50th=[  123], 99.90th=[  123], 99.95th=[  123],
     | 99.99th=[  123]
   bw (  KiB/s): min=819200, max=1024000, per=95.76%, avg=921600.00, stdev=144815.47, samples=2
   iops        : min=    8, max=   10, avg= 9.00, stdev= 1.41, samples=2
  lat (msec)   : 100=40.00%, 250=60.00%
  cpu          : usr=0.00%, sys=99.62%, ctx=62, majf=0, minf=6406
  IO depths    : 1=100.0%, 2=0.0%, 4=0.0%, 8=0.0%, 16=0.0%, 32=0.0%, >=64=0.0%
     submit    : 0=0.0%, 4=100.0%, 8=0.0%, 16=0.0%, 32=0.0%, 64=0.0%, >=64=0.0%
     complete  : 0=0.0%, 4=100.0%, 8=0.0%, 16=0.0%, 32=0.0%, 64=0.0%, >=64=0.0%
     issued rwts: total=10,0,0,0 short=0,0,0,0 dropped=0,0,0,0
     latency   : target=0, window=0, percentile=100.00%, depth=1

Run status group 0 (all jobs):
   READ: bw=940MiB/s (986MB/s), 940MiB/s-940MiB/s (986MB/s-986MB/s), io=1000MiB (1049MB), run=1064-1064msec

Disk stats (read/write):
  nvme0n1: ios=17/0, merge=0/0, ticks=2/0, in_queue=2, util=0.00%
