buffered-read: (g=0): rw=read, bs=(R) 1024MiB-1024MiB, (W) 1024MiB-1024MiB, (T) 1024MiB-1024MiB, ioengine=psync, iodepth=1
fio-3.33
Starting 1 process

buffered-read: (groupid=0, jobs=1): err= 0: pid=4453: Mon Aug 11 19:50:14 2025
  read: IOPS=0, BW=814MiB/s (854MB/s)(1024MiB/1258msec)
    clat (nsec): min=1257.1M, max=1257.1M, avg=1257077013.00, stdev= 0.00
     lat (nsec): min=1257.1M, max=1257.1M, avg=1257077642.00, stdev= 0.00
    clat percentiles (msec):
     |  1.00th=[ 1250],  5.00th=[ 1250], 10.00th=[ 1250], 20.00th=[ 1250],
     | 30.00th=[ 1250], 40.00th=[ 1250], 50.00th=[ 1250], 60.00th=[ 1250],
     | 70.00th=[ 1250], 80.00th=[ 1250], 90.00th=[ 1250], 95.00th=[ 1250],
     | 99.00th=[ 1250], 99.50th=[ 1250], 99.90th=[ 1250], 99.95th=[ 1250],
     | 99.99th=[ 1250]
  lat (msec)   : 2000=100.00%
  cpu          : usr=0.00%, sys=99.68%, ctx=48, majf=0, minf=65542
  IO depths    : 1=100.0%, 2=0.0%, 4=0.0%, 8=0.0%, 16=0.0%, 32=0.0%, >=64=0.0%
     submit    : 0=0.0%, 4=100.0%, 8=0.0%, 16=0.0%, 32=0.0%, 64=0.0%, >=64=0.0%
     complete  : 0=0.0%, 4=100.0%, 8=0.0%, 16=0.0%, 32=0.0%, 64=0.0%, >=64=0.0%
     issued rwts: total=1,0,0,0 short=0,0,0,0 dropped=0,0,0,0
     latency   : target=0, window=0, percentile=100.00%, depth=1

Run status group 0 (all jobs):
   READ: bw=814MiB/s (854MB/s), 814MiB/s-814MiB/s (854MB/s-854MB/s), io=1024MiB (1074MB), run=1258-1258msec

Disk stats (read/write):
  nvme0n1: ios=19/0, merge=0/0, ticks=2/0, in_queue=2, util=0.00%
