buffered-write: (g=0): rw=write, bs=(R) 128KiB-128KiB, (W) 128KiB-128KiB, (T) 128KiB-128KiB, ioengine=psync, iodepth=1
fio-3.33
Starting 1 process

buffered-write: (groupid=0, jobs=1): err= 0: pid=4246: Fri Aug 15 07:03:36 2025
  write: IOPS=12.3k, BW=1542MiB/s (1617MB/s)(512MiB/332msec); 0 zone resets
    clat (usec): min=29, max=380, avg=79.45, stdev= 8.03
     lat (usec): min=30, max=381, avg=80.31, stdev= 8.07
    clat percentiles (usec):
     |  1.00th=[   62],  5.00th=[   73], 10.00th=[   75], 20.00th=[   77],
     | 30.00th=[   78], 40.00th=[   79], 50.00th=[   80], 60.00th=[   81],
     | 70.00th=[   82], 80.00th=[   83], 90.00th=[   85], 95.00th=[   87],
     | 99.00th=[  103], 99.50th=[  106], 99.90th=[  127], 99.95th=[  149],
     | 99.99th=[  379]
  lat (usec)   : 50=0.32%, 100=98.32%, 250=1.34%, 500=0.02%
  cpu          : usr=2.11%, sys=97.58%, ctx=8, majf=0, minf=6
  IO depths    : 1=100.0%, 2=0.0%, 4=0.0%, 8=0.0%, 16=0.0%, 32=0.0%, >=64=0.0%
     submit    : 0=0.0%, 4=100.0%, 8=0.0%, 16=0.0%, 32=0.0%, 64=0.0%, >=64=0.0%
     complete  : 0=0.0%, 4=100.0%, 8=0.0%, 16=0.0%, 32=0.0%, 64=0.0%, >=64=0.0%
     issued rwts: total=0,4096,0,0 short=0,0,0,0 dropped=0,0,0,0
     latency   : target=0, window=0, percentile=100.00%, depth=1

Run status group 0 (all jobs):
  WRITE: bw=1542MiB/s (1617MB/s), 1542MiB/s-1542MiB/s (1617MB/s-1617MB/s), io=512MiB (537MB), run=332-332msec

Disk stats (read/write):
  nvme0n1: ios=0/0, merge=0/0, ticks=0/0, in_queue=0, util=0.00%
