buffered-read: (g=0): rw=read, bs=(R) 1024KiB-1024KiB, (W) 1024KiB-1024KiB, (T) 1024KiB-1024KiB, ioengine=psync, iodepth=1
fio-3.33
Starting 1 process

buffered-read: (groupid=0, jobs=1): err= 0: pid=2416: Thu Aug 14 22:43:54 2025
  read: IOPS=397, BW=397MiB/s (417MB/s)(512MiB/1289msec)
    clat (usec): min=2039, max=3120, avg=2514.93, stdev=203.54
     lat (usec): min=2039, max=3121, avg=2515.09, stdev=203.53
    clat percentiles (usec):
     |  1.00th=[ 2073],  5.00th=[ 2180], 10.00th=[ 2245], 20.00th=[ 2343],
     | 30.00th=[ 2409], 40.00th=[ 2474], 50.00th=[ 2507], 60.00th=[ 2573],
     | 70.00th=[ 2638], 80.00th=[ 2704], 90.00th=[ 2769], 95.00th=[ 2868],
     | 99.00th=[ 2933], 99.50th=[ 2999], 99.90th=[ 3130], 99.95th=[ 3130],
     | 99.99th=[ 3130]
   bw (  KiB/s): min=405504, max=407552, per=99.95%, avg=406528.00, stdev=1448.15, samples=2
   iops        : min=  396, max=  398, avg=397.00, stdev= 1.41, samples=2
  lat (msec)   : 4=100.00%
  cpu          : usr=0.00%, sys=7.61%, ctx=2049, majf=0, minf=70
  IO depths    : 1=100.0%, 2=0.0%, 4=0.0%, 8=0.0%, 16=0.0%, 32=0.0%, >=64=0.0%
     submit    : 0=0.0%, 4=100.0%, 8=0.0%, 16=0.0%, 32=0.0%, 64=0.0%, >=64=0.0%
     complete  : 0=0.0%, 4=100.0%, 8=0.0%, 16=0.0%, 32=0.0%, 64=0.0%, >=64=0.0%
     issued rwts: total=512,0,0,0 short=0,0,0,0 dropped=0,0,0,0
     latency   : target=0, window=0, percentile=100.00%, depth=1

Run status group 0 (all jobs):
   READ: bw=397MiB/s (417MB/s), 397MiB/s-397MiB/s (417MB/s-417MB/s), io=512MiB (537MB), run=1289-1289msec

Disk stats (read/write):
  nvme0n1: ios=3665/0, merge=89/0, ticks=3912/0, in_queue=3912, util=86.22%
