buffered-read: (g=0): rw=read, bs=(R) 4096B-4096B, (W) 4096B-4096B, (T) 4096B-4096B, ioengine=psync, iodepth=1
fio-3.33
Starting 1 process

buffered-read: (groupid=0, jobs=1): err= 0: pid=4594: Mon Aug 11 19:50:25 2025
  read: IOPS=344k, BW=1342MiB/s (1407MB/s)(1024MiB/763msec)
    clat (nsec): min=629, max=471781, avg=2579.83, stdev=13702.49
     lat (nsec): min=685, max=471837, avg=2630.56, stdev=13702.51
    clat percentiles (nsec):
     |  1.00th=[   652],  5.00th=[   652], 10.00th=[   652], 20.00th=[   668],
     | 30.00th=[   668], 40.00th=[   668], 50.00th=[   684], 60.00th=[   684],
     | 70.00th=[   780], 80.00th=[  1080], 90.00th=[  1560], 95.00th=[  2040],
     | 99.00th=[103936], 99.50th=[113152], 99.90th=[136192], 99.95th=[144384],
     | 99.99th=[183296]
   bw (  MiB/s): min= 1321, max= 1321, per=98.49%, avg=1321.84, stdev= 0.00, samples=1
   iops        : min=338390, max=338390, avg=338390.00, stdev= 0.00, samples=1
  lat (nsec)   : 750=67.46%, 1000=10.28%
  lat (usec)   : 2=16.99%, 4=3.55%, 10=0.14%, 20=0.02%, 50=0.01%
  lat (usec)   : 100=0.40%, 250=1.15%, 500=0.01%
  cpu          : usr=13.12%, sys=86.22%, ctx=45, majf=0, minf=6
  IO depths    : 1=100.0%, 2=0.0%, 4=0.0%, 8=0.0%, 16=0.0%, 32=0.0%, >=64=0.0%
     submit    : 0=0.0%, 4=100.0%, 8=0.0%, 16=0.0%, 32=0.0%, 64=0.0%, >=64=0.0%
     complete  : 0=0.0%, 4=100.0%, 8=0.0%, 16=0.0%, 32=0.0%, 64=0.0%, >=64=0.0%
     issued rwts: total=262144,0,0,0 short=0,0,0,0 dropped=0,0,0,0
     latency   : target=0, window=0, percentile=100.00%, depth=1

Run status group 0 (all jobs):
   READ: bw=1342MiB/s (1407MB/s), 1342MiB/s-1342MiB/s (1407MB/s-1407MB/s), io=1024MiB (1074MB), run=763-763msec

Disk stats (read/write):
  nvme0n1: ios=30/0, merge=89/0, ticks=8/0, in_queue=8, util=0.53%
