buffered-read: (g=0): rw=read, bs=(R) 10.0MiB-10.0MiB, (W) 10.0MiB-10.0MiB, (T) 10.0MiB-10.0MiB, ioengine=psync, iodepth=1
fio-3.33
Starting 1 process

buffered-read: (groupid=0, jobs=1): err= 0: pid=2567: Fri Aug 15 06:56:54 2025
  read: IOPS=32, BW=329MiB/s (345MB/s)(510MiB/1552msec)
    clat (usec): min=25043, max=38173, avg=30416.14, stdev=3943.43
     lat (usec): min=25045, max=38173, avg=30417.32, stdev=3943.20
    clat percentiles (usec):
     |  1.00th=[25035],  5.00th=[25035], 10.00th=[25035], 20.00th=[25560],
     | 30.00th=[27919], 40.00th=[29230], 50.00th=[31065], 60.00th=[31851],
     | 70.00th=[32637], 80.00th=[33162], 90.00th=[35914], 95.00th=[37487],
     | 99.00th=[38011], 99.50th=[38011], 99.90th=[38011], 99.95th=[38011],
     | 99.99th=[38011]
   bw (  KiB/s): min=307200, max=368640, per=97.38%, avg=327680.00, stdev=35472.40, samples=3
   iops        : min=   30, max=   36, avg=32.00, stdev= 3.46, samples=3
  lat (msec)   : 50=100.00%
  cpu          : usr=0.26%, sys=26.95%, ctx=3982, majf=0, minf=646
  IO depths    : 1=100.0%, 2=0.0%, 4=0.0%, 8=0.0%, 16=0.0%, 32=0.0%, >=64=0.0%
     submit    : 0=0.0%, 4=100.0%, 8=0.0%, 16=0.0%, 32=0.0%, 64=0.0%, >=64=0.0%
     complete  : 0=0.0%, 4=100.0%, 8=0.0%, 16=0.0%, 32=0.0%, 64=0.0%, >=64=0.0%
     issued rwts: total=51,0,0,0 short=0,0,0,0 dropped=0,0,0,0
     latency   : target=0, window=0, percentile=100.00%, depth=1

Run status group 0 (all jobs):
   READ: bw=329MiB/s (345MB/s), 329MiB/s-329MiB/s (345MB/s-345MB/s), io=510MiB (535MB), run=1552-1552msec

Disk stats (read/write):
  nvme0n1: ios=4523/0, merge=60/0, ticks=3470/0, in_queue=3471, util=67.56%
