buffered-read: (g=0): rw=read, bs=(R) 128KiB-128KiB, (W) 128KiB-128KiB, (T) 128KiB-128KiB, ioengine=psync, iodepth=1
fio-3.33
Starting 1 process

buffered-read: (groupid=0, jobs=1): err= 0: pid=4954: Mon Aug 11 19:50:45 2025
  read: IOPS=13.0k, BW=1628MiB/s (1707MB/s)(1024MiB/629msec)
    clat (usec): min=9, max=515, avg=76.24, stdev=62.77
     lat (usec): min=9, max=515, avg=76.30, stdev=62.76
    clat percentiles (usec):
     |  1.00th=[   11],  5.00th=[   11], 10.00th=[   12], 20.00th=[   13],
     | 30.00th=[   15], 40.00th=[   21], 50.00th=[   61], 60.00th=[  125],
     | 70.00th=[  135], 80.00th=[  141], 90.00th=[  147], 95.00th=[  153],
     | 99.00th=[  186], 99.50th=[  202], 99.90th=[  326], 99.95th=[  334],
     | 99.99th=[  515]
   bw (  MiB/s): min= 1612, max= 1612, per=99.06%, avg=1612.75, stdev= 0.00, samples=1
   iops        : min=12902, max=12902, avg=12902.00, stdev= 0.00, samples=1
  lat (usec)   : 10=0.18%, 20=38.66%, 50=11.15%, 100=1.37%, 250=48.43%
  lat (usec)   : 500=0.20%, 750=0.02%
  cpu          : usr=0.48%, sys=98.73%, ctx=45, majf=0, minf=13
  IO depths    : 1=100.0%, 2=0.0%, 4=0.0%, 8=0.0%, 16=0.0%, 32=0.0%, >=64=0.0%
     submit    : 0=0.0%, 4=100.0%, 8=0.0%, 16=0.0%, 32=0.0%, 64=0.0%, >=64=0.0%
     complete  : 0=0.0%, 4=100.0%, 8=0.0%, 16=0.0%, 32=0.0%, 64=0.0%, >=64=0.0%
     issued rwts: total=8192,0,0,0 short=0,0,0,0 dropped=0,0,0,0
     latency   : target=0, window=0, percentile=100.00%, depth=1

Run status group 0 (all jobs):
   READ: bw=1628MiB/s (1707MB/s), 1628MiB/s-1628MiB/s (1707MB/s-1707MB/s), io=1024MiB (1074MB), run=629-629msec

Disk stats (read/write):
  nvme0n1: ios=26/0, merge=89/0, ticks=6/0, in_queue=7, util=0.80%
