buffered-write: (g=0): rw=write, bs=(R) 100MiB-100MiB, (W) 100MiB-100MiB, (T) 100MiB-100MiB, ioengine=psync, iodepth=1
fio-3.33
Starting 1 process

buffered-write: (groupid=0, jobs=1): err= 0: pid=4831: Mon Aug 11 19:15:46 2025
  write: IOPS=11, BW=1183MiB/s (1241MB/s)(1000MiB/845msec); 0 zone resets
    clat (usec): min=68087, max=77636, avg=72389.16, stdev=3007.54
     lat (usec): min=76931, max=87674, avg=83084.50, stdev=4103.93
    clat percentiles (usec):
     |  1.00th=[67634],  5.00th=[67634], 10.00th=[67634], 20.00th=[68682],
     | 30.00th=[70779], 40.00th=[70779], 50.00th=[72877], 60.00th=[73925],
     | 70.00th=[73925], 80.00th=[73925], 90.00th=[74974], 95.00th=[78119],
     | 99.00th=[78119], 99.50th=[78119], 99.90th=[78119], 99.95th=[78119],
     | 99.99th=[78119]
   bw (  KiB/s): min=1024000, max=1024000, per=84.50%, avg=1024000.00, stdev= 0.00, samples=1
   iops        : min=   10, max=   10, avg=10.00, stdev= 0.00, samples=1
  lat (msec)   : 100=100.00%
  cpu          : usr=13.74%, sys=86.14%, ctx=30, majf=0, minf=6
  IO depths    : 1=100.0%, 2=0.0%, 4=0.0%, 8=0.0%, 16=0.0%, 32=0.0%, >=64=0.0%
     submit    : 0=0.0%, 4=100.0%, 8=0.0%, 16=0.0%, 32=0.0%, 64=0.0%, >=64=0.0%
     complete  : 0=0.0%, 4=100.0%, 8=0.0%, 16=0.0%, 32=0.0%, 64=0.0%, >=64=0.0%
     issued rwts: total=0,10,0,0 short=0,0,0,0 dropped=0,0,0,0
     latency   : target=0, window=0, percentile=100.00%, depth=1

Run status group 0 (all jobs):
  WRITE: bw=1183MiB/s (1241MB/s), 1183MiB/s-1183MiB/s (1241MB/s-1241MB/s), io=1000MiB (1049MB), run=845-845msec

Disk stats (read/write):
  nvme0n1: ios=0/0, merge=0/0, ticks=0/0, in_queue=0, util=0.00%
