buffered-read: (g=0): rw=read, bs=(R) 4096B-4096B, (W) 4096B-4096B, (T) 4096B-4096B, ioengine=psync, iodepth=1
fio-3.33
Starting 1 process

buffered-read: (groupid=0, jobs=1): err= 0: pid=3353: Fri Aug 15 06:57:47 2025
  read: IOPS=102k, BW=397MiB/s (416MB/s)(512MiB/1290msec)
    clat (nsec): min=648, max=586370, avg=9506.98, stdev=49004.11
     lat (nsec): min=685, max=586407, avg=9558.28, stdev=49003.91
    clat percentiles (nsec):
     |  1.00th=[   668],  5.00th=[   668], 10.00th=[   684], 20.00th=[   684],
     | 30.00th=[   708], 40.00th=[   812], 50.00th=[   852], 60.00th=[   852],
     | 70.00th=[   868], 80.00th=[   924], 90.00th=[  1080], 95.00th=[  1160],
     | 99.00th=[280576], 99.50th=[280576], 99.90th=[337920], 99.95th=[448512],
     | 99.99th=[518144]
   bw (  KiB/s): min=406400, max=407104, per=100.00%, avg=406752.00, stdev=497.80, samples=2
   iops        : min=101600, max=101776, avg=101688.00, stdev=124.45, samples=2
  lat (nsec)   : 750=37.02%, 1000=47.94%
  lat (usec)   : 2=11.88%, 4=0.01%, 10=0.02%, 20=0.01%, 50=0.03%
  lat (usec)   : 100=0.02%, 250=0.04%, 500=3.00%, 750=0.04%
  cpu          : usr=4.58%, sys=12.88%, ctx=4106, majf=0, minf=6
  IO depths    : 1=100.0%, 2=0.0%, 4=0.0%, 8=0.0%, 16=0.0%, 32=0.0%, >=64=0.0%
     submit    : 0=0.0%, 4=100.0%, 8=0.0%, 16=0.0%, 32=0.0%, 64=0.0%, >=64=0.0%
     complete  : 0=0.0%, 4=100.0%, 8=0.0%, 16=0.0%, 32=0.0%, 64=0.0%, >=64=0.0%
     issued rwts: total=131072,0,0,0 short=0,0,0,0 dropped=0,0,0,0
     latency   : target=0, window=0, percentile=100.00%, depth=1

Run status group 0 (all jobs):
   READ: bw=397MiB/s (416MB/s), 397MiB/s-397MiB/s (416MB/s-416MB/s), io=512MiB (537MB), run=1290-1290msec

Disk stats (read/write):
  nvme0n1: ios=3654/0, merge=0/0, ticks=2102/0, in_queue=2102, util=74.68%
