buffered-write: (g=0): rw=write, bs=(R) 4096B-4096B, (W) 4096B-4096B, (T) 4096B-4096B, ioengine=psync, iodepth=1
fio-3.33
Starting 1 process

buffered-write: (groupid=0, jobs=1): err= 0: pid=5144: Mon Aug 11 19:16:07 2025
  write: IOPS=270k, BW=1056MiB/s (1107MB/s)(1024MiB/970msec); 0 zone resets
    clat (nsec): min=2000, max=104335, avg=3238.26, stdev=814.95
     lat (nsec): min=2092, max=104427, avg=3332.26, stdev=818.22
    clat percentiles (nsec):
     |  1.00th=[ 2320],  5.00th=[ 2480], 10.00th=[ 2608], 20.00th=[ 2768],
     | 30.00th=[ 2896], 40.00th=[ 3024], 50.00th=[ 3184], 60.00th=[ 3344],
     | 70.00th=[ 3504], 80.00th=[ 3696], 90.00th=[ 3888], 95.00th=[ 4048],
     | 99.00th=[ 4448], 99.50th=[ 4640], 99.90th=[ 7200], 99.95th=[11712],
     | 99.99th=[26240]
   bw (  MiB/s): min= 1063, max= 1063, per=100.00%, avg=1063.53, stdev= 0.00, samples=1
   iops        : min=272266, max=272266, avg=272266.00, stdev= 0.00, samples=1
  lat (usec)   : 4=93.34%, 10=6.59%, 20=0.05%, 50=0.01%, 100=0.01%
  lat (usec)   : 250=0.01%
  cpu          : usr=15.58%, sys=84.11%, ctx=25, majf=0, minf=6
  IO depths    : 1=100.0%, 2=0.0%, 4=0.0%, 8=0.0%, 16=0.0%, 32=0.0%, >=64=0.0%
     submit    : 0=0.0%, 4=100.0%, 8=0.0%, 16=0.0%, 32=0.0%, 64=0.0%, >=64=0.0%
     complete  : 0=0.0%, 4=100.0%, 8=0.0%, 16=0.0%, 32=0.0%, 64=0.0%, >=64=0.0%
     issued rwts: total=0,262144,0,0 short=0,0,0,0 dropped=0,0,0,0
     latency   : target=0, window=0, percentile=100.00%, depth=1

Run status group 0 (all jobs):
  WRITE: bw=1056MiB/s (1107MB/s), 1056MiB/s-1056MiB/s (1107MB/s-1107MB/s), io=1024MiB (1074MB), run=970-970msec

Disk stats (read/write):
  nvme0n1: ios=0/0, merge=0/0, ticks=0/0, in_queue=0, util=0.00%
