buffered-write: (g=0): rw=write, bs=(R) 128KiB-128KiB, (W) 128KiB-128KiB, (T) 128KiB-128KiB, ioengine=psync, iodepth=1
fio-3.33
Starting 1 process

buffered-write: (groupid=0, jobs=1): err= 0: pid=5482: Mon Aug 11 19:16:22 2025
  write: IOPS=12.6k, BW=1573MiB/s (1649MB/s)(1024MiB/651msec); 0 zone resets
    clat (usec): min=46, max=404, avg=76.16, stdev=11.24
     lat (usec): min=47, max=404, avg=76.99, stdev=11.27
    clat percentiles (usec):
     |  1.00th=[   54],  5.00th=[   58], 10.00th=[   61], 20.00th=[   68],
     | 30.00th=[   73], 40.00th=[   77], 50.00th=[   79], 60.00th=[   81],
     | 70.00th=[   82], 80.00th=[   84], 90.00th=[   87], 95.00th=[   89],
     | 99.00th=[  100], 99.50th=[  106], 99.90th=[  143], 99.95th=[  174],
     | 99.99th=[  404]
   bw (  MiB/s): min= 1562, max= 1562, per=99.32%, avg=1562.25, stdev= 0.00, samples=1
   iops        : min=12498, max=12498, avg=12498.00, stdev= 0.00, samples=1
  lat (usec)   : 50=0.02%, 100=99.01%, 250=0.94%, 500=0.02%
  cpu          : usr=1.69%, sys=97.85%, ctx=20, majf=0, minf=6
  IO depths    : 1=100.0%, 2=0.0%, 4=0.0%, 8=0.0%, 16=0.0%, 32=0.0%, >=64=0.0%
     submit    : 0=0.0%, 4=100.0%, 8=0.0%, 16=0.0%, 32=0.0%, 64=0.0%, >=64=0.0%
     complete  : 0=0.0%, 4=100.0%, 8=0.0%, 16=0.0%, 32=0.0%, 64=0.0%, >=64=0.0%
     issued rwts: total=0,8192,0,0 short=0,0,0,0 dropped=0,0,0,0
     latency   : target=0, window=0, percentile=100.00%, depth=1

Run status group 0 (all jobs):
  WRITE: bw=1573MiB/s (1649MB/s), 1573MiB/s-1573MiB/s (1649MB/s-1649MB/s), io=1024MiB (1074MB), run=651-651msec

Disk stats (read/write):
  nvme0n1: ios=0/0, merge=0/0, ticks=0/0, in_queue=0, util=0.00%
