buffered-write: (g=0): rw=write, bs=(R) 100MiB-100MiB, (W) 100MiB-100MiB, (T) 100MiB-100MiB, ioengine=psync, iodepth=1
fio-3.33
Starting 1 process

buffered-write: (groupid=0, jobs=1): err= 0: pid=3908: Fri Aug 15 07:03:17 2025
  write: IOPS=12, BW=1256MiB/s (1317MB/s)(500MiB/398msec); 0 zone resets
    clat (usec): min=66986, max=73773, avg=69996.09, stdev=2785.85
     lat (usec): min=76301, max=80400, avg=79453.34, stdev=1765.63
    clat percentiles (usec):
     |  1.00th=[66847],  5.00th=[66847], 10.00th=[66847], 20.00th=[66847],
     | 30.00th=[67634], 40.00th=[67634], 50.00th=[70779], 60.00th=[70779],
     | 70.00th=[70779], 80.00th=[70779], 90.00th=[73925], 95.00th=[73925],
     | 99.00th=[73925], 99.50th=[73925], 99.90th=[73925], 99.95th=[73925],
     | 99.99th=[73925]
  lat (msec)   : 100=100.00%
  cpu          : usr=14.36%, sys=86.15%, ctx=2, majf=0, minf=6
  IO depths    : 1=100.0%, 2=0.0%, 4=0.0%, 8=0.0%, 16=0.0%, 32=0.0%, >=64=0.0%
     submit    : 0=0.0%, 4=100.0%, 8=0.0%, 16=0.0%, 32=0.0%, 64=0.0%, >=64=0.0%
     complete  : 0=0.0%, 4=100.0%, 8=0.0%, 16=0.0%, 32=0.0%, 64=0.0%, >=64=0.0%
     issued rwts: total=0,5,0,0 short=0,0,0,0 dropped=0,0,0,0
     latency   : target=0, window=0, percentile=100.00%, depth=1

Run status group 0 (all jobs):
  WRITE: bw=1256MiB/s (1317MB/s), 1256MiB/s-1256MiB/s (1317MB/s-1317MB/s), io=500MiB (524MB), run=398-398msec

Disk stats (read/write):
  nvme0n1: ios=0/0, merge=0/0, ticks=0/0, in_queue=0, util=0.00%
