buffered-read: (g=0): rw=read, bs=(R) 4096B-4096B, (W) 4096B-4096B, (T) 4096B-4096B, ioengine=psync, iodepth=1
fio-3.33
Starting 1 process

buffered-read: (groupid=0, jobs=1): err= 0: pid=4754: Mon Aug 11 19:50:34 2025
  read: IOPS=345k, BW=1347MiB/s (1413MB/s)(1024MiB/760msec)
    clat (nsec): min=629, max=494741, avg=2565.75, stdev=13724.88
     lat (nsec): min=685, max=494796, avg=2616.52, stdev=13724.87
    clat percentiles (nsec):
     |  1.00th=[   652],  5.00th=[   652], 10.00th=[   652], 20.00th=[   668],
     | 30.00th=[   668], 40.00th=[   668], 50.00th=[   668], 60.00th=[   684],
     | 70.00th=[   740], 80.00th=[  1004], 90.00th=[  1496], 95.00th=[  1928],
     | 99.00th=[105984], 99.50th=[113152], 99.90th=[127488], 99.95th=[144384],
     | 99.99th=[177152]
   bw (  MiB/s): min= 1332, max= 1332, per=98.89%, avg=1332.44, stdev= 0.00, samples=1
   iops        : min=341104, max=341104, avg=341104.00, stdev= 0.00, samples=1
  lat (nsec)   : 750=70.51%, 1000=9.27%
  lat (usec)   : 2=15.68%, 4=2.83%, 10=0.12%, 20=0.01%, 50=0.01%
  lat (usec)   : 100=0.31%, 250=1.24%, 500=0.01%
  cpu          : usr=11.46%, sys=88.01%, ctx=40, majf=0, minf=6
  IO depths    : 1=100.0%, 2=0.0%, 4=0.0%, 8=0.0%, 16=0.0%, 32=0.0%, >=64=0.0%
     submit    : 0=0.0%, 4=100.0%, 8=0.0%, 16=0.0%, 32=0.0%, 64=0.0%, >=64=0.0%
     complete  : 0=0.0%, 4=100.0%, 8=0.0%, 16=0.0%, 32=0.0%, 64=0.0%, >=64=0.0%
     issued rwts: total=262144,0,0,0 short=0,0,0,0 dropped=0,0,0,0
     latency   : target=0, window=0, percentile=100.00%, depth=1

Run status group 0 (all jobs):
   READ: bw=1347MiB/s (1413MB/s), 1347MiB/s-1347MiB/s (1413MB/s-1413MB/s), io=1024MiB (1074MB), run=760-760msec

Disk stats (read/write):
  nvme0n1: ios=17/0, merge=0/0, ticks=2/0, in_queue=2, util=0.00%
