buffered-write: (g=0): rw=write, bs=(R) 100MiB-100MiB, (W) 100MiB-100MiB, (T) 100MiB-100MiB, ioengine=psync, iodepth=1
fio-3.36
Starting 1 process

buffered-write: (groupid=0, jobs=1): err= 0: pid=567: Wed Aug 27 17:30:33 2025
  write: IOPS=21, BW=2123MiB/s (2226MB/s)(1000MiB/471msec); 0 zone resets
    clat (usec): min=37742, max=39889, avg=38483.47, stdev=691.79
     lat (usec): min=44713, max=48041, avg=46572.65, stdev=1214.04
    clat percentiles (usec):
     |  1.00th=[37487],  5.00th=[37487], 10.00th=[37487], 20.00th=[38011],
     | 30.00th=[38011], 40.00th=[38011], 50.00th=[38011], 60.00th=[38536],
     | 70.00th=[38536], 80.00th=[38536], 90.00th=[39584], 95.00th=[40109],
     | 99.00th=[40109], 99.50th=[40109], 99.90th=[40109], 99.95th=[40109],
     | 99.99th=[40109]
  lat (msec)   : 50=100.00%
  cpu          : usr=15.11%, sys=81.91%, ctx=3, majf=0, minf=22
  IO depths    : 1=100.0%, 2=0.0%, 4=0.0%, 8=0.0%, 16=0.0%, 32=0.0%, >=64=0.0%
     submit    : 0=0.0%, 4=100.0%, 8=0.0%, 16=0.0%, 32=0.0%, 64=0.0%, >=64=0.0%
     complete  : 0=0.0%, 4=100.0%, 8=0.0%, 16=0.0%, 32=0.0%, 64=0.0%, >=64=0.0%
     issued rwts: total=0,10,0,0 short=0,0,0,0 dropped=0,0,0,0
     latency   : target=0, window=0, percentile=100.00%, depth=1

Run status group 0 (all jobs):
  WRITE: bw=2123MiB/s (2226MB/s), 2123MiB/s-2123MiB/s (2226MB/s-2226MB/s), io=1000MiB (1049MB), run=471-471msec

Disk stats (read/write):
  vdc: ios=0/0, sectors=0/0, merge=0/0, ticks=0/0, in_queue=0, util=0.00%
