buffered-write: (g=0): rw=write, bs=(R) 1024KiB-1024KiB, (W) 1024KiB-1024KiB, (T) 1024KiB-1024KiB, ioengine=psync, iodepth=1
fio-3.36
Starting 1 process

buffered-write: (groupid=0, jobs=1): err= 0: pid=455: Wed Aug 27 17:30:25 2025
  write: IOPS=3200, BW=3200MiB/s (3355MB/s)(1024MiB/320msec); 0 zone resets
    clat (usec): min=235, max=852, avg=273.70, stdev=44.06
     lat (usec): min=252, max=958, avg=300.42, stdev=50.68
    clat percentiles (usec):
     |  1.00th=[  237],  5.00th=[  241], 10.00th=[  243], 20.00th=[  247],
     | 30.00th=[  251], 40.00th=[  255], 50.00th=[  262], 60.00th=[  273],
     | 70.00th=[  281], 80.00th=[  289], 90.00th=[  310], 95.00th=[  330],
     | 99.00th=[  449], 99.50th=[  519], 99.90th=[  660], 99.95th=[  857],
     | 99.99th=[  857]
  lat (usec)   : 250=29.59%, 500=69.82%, 750=0.49%, 1000=0.10%
  cpu          : usr=21.32%, sys=74.29%, ctx=3, majf=0, minf=23
  IO depths    : 1=100.0%, 2=0.0%, 4=0.0%, 8=0.0%, 16=0.0%, 32=0.0%, >=64=0.0%
     submit    : 0=0.0%, 4=100.0%, 8=0.0%, 16=0.0%, 32=0.0%, 64=0.0%, >=64=0.0%
     complete  : 0=0.0%, 4=100.0%, 8=0.0%, 16=0.0%, 32=0.0%, 64=0.0%, >=64=0.0%
     issued rwts: total=0,1024,0,0 short=0,0,0,0 dropped=0,0,0,0
     latency   : target=0, window=0, percentile=100.00%, depth=1

Run status group 0 (all jobs):
  WRITE: bw=3200MiB/s (3355MB/s), 3200MiB/s-3200MiB/s (3355MB/s-3355MB/s), io=1024MiB (1074MB), run=320-320msec

Disk stats (read/write):
  vdc: ios=0/0, sectors=0/0, merge=0/0, ticks=0/0, in_queue=0, util=0.00%
