buffered-write: (g=0): rw=write, bs=(R) 100MiB-100MiB, (W) 100MiB-100MiB, (T) 100MiB-100MiB, ioengine=psync, iodepth=1
fio-3.36
Starting 1 process

buffered-write: (groupid=0, jobs=1): err= 0: pid=535: Wed Aug 27 17:30:30 2025
  write: IOPS=20, BW=2020MiB/s (2118MB/s)(1000MiB/495msec); 0 zone resets
    clat (usec): min=36877, max=52180, avg=40275.73, stdev=4379.68
     lat (usec): min=43630, max=64940, avg=48906.70, stdev=5968.11
    clat percentiles (usec):
     |  1.00th=[36963],  5.00th=[36963], 10.00th=[36963], 20.00th=[38536],
     | 30.00th=[38536], 40.00th=[38536], 50.00th=[38536], 60.00th=[38536],
     | 70.00th=[39584], 80.00th=[39584], 90.00th=[41681], 95.00th=[52167],
     | 99.00th=[52167], 99.50th=[52167], 99.90th=[52167], 99.95th=[52167],
     | 99.99th=[52167]
  lat (msec)   : 50=90.00%, 100=10.00%
  cpu          : usr=14.95%, sys=82.22%, ctx=4, majf=0, minf=22
  IO depths    : 1=100.0%, 2=0.0%, 4=0.0%, 8=0.0%, 16=0.0%, 32=0.0%, >=64=0.0%
     submit    : 0=0.0%, 4=100.0%, 8=0.0%, 16=0.0%, 32=0.0%, 64=0.0%, >=64=0.0%
     complete  : 0=0.0%, 4=100.0%, 8=0.0%, 16=0.0%, 32=0.0%, 64=0.0%, >=64=0.0%
     issued rwts: total=0,10,0,0 short=0,0,0,0 dropped=0,0,0,0
     latency   : target=0, window=0, percentile=100.00%, depth=1

Run status group 0 (all jobs):
  WRITE: bw=2020MiB/s (2118MB/s), 2020MiB/s-2020MiB/s (2118MB/s-2118MB/s), io=1000MiB (1049MB), run=495-495msec

Disk stats (read/write):
  vdc: ios=0/0, sectors=0/0, merge=0/0, ticks=0/0, in_queue=0, util=0.00%
