buffered-read: (g=0): rw=read, bs=(R) 128KiB-128KiB, (W) 128KiB-128KiB, (T) 128KiB-128KiB, ioengine=psync, iodepth=1
fio-3.36
Starting 1 process

buffered-read: (groupid=0, jobs=1): err= 0: pid=786: Wed Aug 27 17:13:25 2025
  read: IOPS=7592, BW=949MiB/s (995MB/s)(1024MiB/1079msec)
    clat (usec): min=29, max=26819, avg=126.69, stdev=317.54
     lat (usec): min=29, max=27035, avg=127.30, stdev=319.74
    clat percentiles (usec):
     |  1.00th=[   32],  5.00th=[   34], 10.00th=[   35], 20.00th=[   37],
     | 30.00th=[   39], 40.00th=[   42], 50.00th=[   79], 60.00th=[   89],
     | 70.00th=[  135], 80.00th=[  265], 90.00th=[  310], 95.00th=[  343],
     | 99.00th=[  449], 99.50th=[  498], 99.90th=[  676], 99.95th=[  824],
     | 99.99th=[26870]
   bw (  KiB/s): min=924928, max=1022722, per=100.00%, avg=973825.00, stdev=69150.80, samples=2
   iops        : min= 7232, max= 7990, avg=7611.00, stdev=535.99, samples=2
  lat (usec)   : 50=45.25%, 100=21.78%, 250=11.07%, 500=21.45%, 750=0.39%
  lat (usec)   : 1000=0.02%
  lat (msec)   : 2=0.02%, 50=0.01%
  cpu          : usr=7.88%, sys=36.92%, ctx=1757, majf=1, minf=57
  IO depths    : 1=100.0%, 2=0.0%, 4=0.0%, 8=0.0%, 16=0.0%, 32=0.0%, >=64=0.0%
     submit    : 0=0.0%, 4=100.0%, 8=0.0%, 16=0.0%, 32=0.0%, 64=0.0%, >=64=0.0%
     complete  : 0=0.0%, 4=100.0%, 8=0.0%, 16=0.0%, 32=0.0%, 64=0.0%, >=64=0.0%
     issued rwts: total=8192,0,0,0 short=0,0,0,0 dropped=0,0,0,0
     latency   : target=0, window=0, percentile=100.00%, depth=1

Run status group 0 (all jobs):
   READ: bw=949MiB/s (995MB/s), 949MiB/s-949MiB/s (995MB/s-995MB/s), io=1024MiB (1074MB), run=1079-1079msec

Disk stats (read/write):
  vdc: ios=3196/0, sectors=1636352/0, merge=0/0, ticks=861/0, in_queue=861, util=42.37%
