buffered-write: (g=0): rw=write, bs=(R) 128KiB-128KiB, (W) 128KiB-128KiB, (T) 128KiB-128KiB, ioengine=psync, iodepth=1
fio-3.36
Starting 1 process

buffered-write: (groupid=0, jobs=1): err= 0: pid=663: Wed Aug 27 17:30:49 2025
  write: IOPS=21.8k, BW=2723MiB/s (2856MB/s)(1024MiB/376msec); 0 zone resets
    clat (usec): min=35, max=368, avg=41.66, stdev=12.14
     lat (usec): min=36, max=369, avg=43.39, stdev=12.67
    clat percentiles (usec):
     |  1.00th=[   37],  5.00th=[   38], 10.00th=[   38], 20.00th=[   39],
     | 30.00th=[   39], 40.00th=[   40], 50.00th=[   40], 60.00th=[   41],
     | 70.00th=[   42], 80.00th=[   43], 90.00th=[   45], 95.00th=[   47],
     | 99.00th=[  109], 99.50th=[  137], 99.90th=[  180], 99.95th=[  227],
     | 99.99th=[  367]
  lat (usec)   : 50=96.64%, 100=2.21%, 250=1.11%, 500=0.04%
  cpu          : usr=31.47%, sys=66.40%, ctx=2, majf=0, minf=22
  IO depths    : 1=100.0%, 2=0.0%, 4=0.0%, 8=0.0%, 16=0.0%, 32=0.0%, >=64=0.0%
     submit    : 0=0.0%, 4=100.0%, 8=0.0%, 16=0.0%, 32=0.0%, 64=0.0%, >=64=0.0%
     complete  : 0=0.0%, 4=100.0%, 8=0.0%, 16=0.0%, 32=0.0%, 64=0.0%, >=64=0.0%
     issued rwts: total=0,8192,0,0 short=0,0,0,0 dropped=0,0,0,0
     latency   : target=0, window=0, percentile=100.00%, depth=1

Run status group 0 (all jobs):
  WRITE: bw=2723MiB/s (2856MB/s), 2723MiB/s-2723MiB/s (2856MB/s-2856MB/s), io=1024MiB (1074MB), run=376-376msec

Disk stats (read/write):
  vdc: ios=0/0, sectors=0/0, merge=0/0, ticks=0/0, in_queue=0, util=0.00%
