buffered-read: (g=0): rw=read, bs=(R) 100MiB-100MiB, (W) 100MiB-100MiB, (T) 100MiB-100MiB, ioengine=psync, iodepth=1
fio-3.36
Starting 1 process

buffered-read: (groupid=0, jobs=1): err= 0: pid=636: Wed Aug 27 17:13:02 2025
  read: IOPS=16, BW=1613MiB/s (1691MB/s)(1000MiB/620msec)
    clat (msec): min=53, max=114, avg=61.43, stdev=18.56
     lat (msec): min=53, max=114, avg=61.45, stdev=18.62
    clat percentiles (msec):
     |  1.00th=[   54],  5.00th=[   54], 10.00th=[   54], 20.00th=[   55],
     | 30.00th=[   55], 40.00th=[   55], 50.00th=[   56], 60.00th=[   56],
     | 70.00th=[   58], 80.00th=[   58], 90.00th=[   58], 95.00th=[  114],
     | 99.00th=[  114], 99.50th=[  114], 99.90th=[  114], 99.95th=[  114],
     | 99.99th=[  114]
   bw (  MiB/s): min= 1400, max= 1400, per=86.80%, avg=1400.00, stdev= 0.00, samples=1
   iops        : min=   14, max=   14, avg=14.00, stdev= 0.00, samples=1
  lat (msec)   : 100=90.00%, 250=10.00%
  cpu          : usr=0.16%, sys=73.99%, ctx=197, majf=1, minf=585
  IO depths    : 1=100.0%, 2=0.0%, 4=0.0%, 8=0.0%, 16=0.0%, 32=0.0%, >=64=0.0%
     submit    : 0=0.0%, 4=100.0%, 8=0.0%, 16=0.0%, 32=0.0%, 64=0.0%, >=64=0.0%
     complete  : 0=0.0%, 4=100.0%, 8=0.0%, 16=0.0%, 32=0.0%, 64=0.0%, >=64=0.0%
     issued rwts: total=10,0,0,0 short=0,0,0,0 dropped=0,0,0,0
     latency   : target=0, window=0, percentile=100.00%, depth=1

Run status group 0 (all jobs):
   READ: bw=1613MiB/s (1691MB/s), 1613MiB/s-1613MiB/s (1691MB/s-1691MB/s), io=1000MiB (1049MB), run=620-620msec

Disk stats (read/write):
  vdc: ios=769/0, sectors=1966080/0, merge=0/0, ticks=424/0, in_queue=424, util=41.81%
