buffered-write: (g=0): rw=write, bs=(R) 128KiB-128KiB, (W) 128KiB-128KiB, (T) 128KiB-128KiB, ioengine=psync, iodepth=1
fio-3.36
Starting 1 process

buffered-write: (groupid=0, jobs=1): err= 0: pid=631: Wed Aug 27 17:30:47 2025
  write: IOPS=21.2k, BW=2646MiB/s (2775MB/s)(1024MiB/387msec); 0 zone resets
    clat (usec): min=34, max=474, avg=41.55, stdev=12.72
     lat (usec): min=35, max=495, avg=43.66, stdev=13.19
    clat percentiles (usec):
     |  1.00th=[   36],  5.00th=[   37], 10.00th=[   37], 20.00th=[   38],
     | 30.00th=[   39], 40.00th=[   39], 50.00th=[   40], 60.00th=[   41],
     | 70.00th=[   42], 80.00th=[   43], 90.00th=[   45], 95.00th=[   49],
     | 99.00th=[  108], 99.50th=[  133], 99.90th=[  196], 99.95th=[  217],
     | 99.99th=[  474]
  lat (usec)   : 50=95.90%, 100=2.98%, 250=1.11%, 500=0.01%
  cpu          : usr=26.17%, sys=71.76%, ctx=3, majf=0, minf=23
  IO depths    : 1=100.0%, 2=0.0%, 4=0.0%, 8=0.0%, 16=0.0%, 32=0.0%, >=64=0.0%
     submit    : 0=0.0%, 4=100.0%, 8=0.0%, 16=0.0%, 32=0.0%, 64=0.0%, >=64=0.0%
     complete  : 0=0.0%, 4=100.0%, 8=0.0%, 16=0.0%, 32=0.0%, 64=0.0%, >=64=0.0%
     issued rwts: total=0,8192,0,0 short=0,0,0,0 dropped=0,0,0,0
     latency   : target=0, window=0, percentile=100.00%, depth=1

Run status group 0 (all jobs):
  WRITE: bw=2646MiB/s (2775MB/s), 2646MiB/s-2646MiB/s (2775MB/s-2775MB/s), io=1024MiB (1074MB), run=387-387msec

Disk stats (read/write):
  vdc: ios=0/0, sectors=0/0, merge=0/0, ticks=0/0, in_queue=0, util=0.00%
