buffered-write: (g=0): rw=write, bs=(R) 4096B-4096B, (W) 4096B-4096B, (T) 4096B-4096B, ioengine=psync, iodepth=1
fio-3.36
Starting 1 process

buffered-write: (groupid=0, jobs=1): err= 0: pid=599: Wed Aug 27 17:30:41 2025
  write: IOPS=73.1k, BW=285MiB/s (299MB/s)(1024MiB/3588msec); 0 zone resets
    clat (usec): min=8, max=571, avg=11.73, stdev= 5.56
     lat (usec): min=9, max=583, avg=12.03, stdev= 5.79
    clat percentiles (usec):
     |  1.00th=[   11],  5.00th=[   11], 10.00th=[   11], 20.00th=[   11],
     | 30.00th=[   11], 40.00th=[   12], 50.00th=[   12], 60.00th=[   12],
     | 70.00th=[   12], 80.00th=[   12], 90.00th=[   12], 95.00th=[   13],
     | 99.00th=[   24], 99.50th=[   32], 99.90th=[   97], 99.95th=[  116],
     | 99.99th=[  188]
   bw (  KiB/s): min=280390, max=301205, per=100.00%, avg=292418.00, stdev=7614.33, samples=7
   iops        : min=70097, max=75301, avg=73104.29, stdev=1903.35, samples=7
  lat (usec)   : 10=0.49%, 20=98.17%, 50=1.01%, 100=0.24%, 250=0.08%
  lat (usec)   : 500=0.01%, 750=0.01%
  cpu          : usr=62.17%, sys=35.99%, ctx=8, majf=0, minf=24
  IO depths    : 1=100.0%, 2=0.0%, 4=0.0%, 8=0.0%, 16=0.0%, 32=0.0%, >=64=0.0%
     submit    : 0=0.0%, 4=100.0%, 8=0.0%, 16=0.0%, 32=0.0%, 64=0.0%, >=64=0.0%
     complete  : 0=0.0%, 4=100.0%, 8=0.0%, 16=0.0%, 32=0.0%, 64=0.0%, >=64=0.0%
     issued rwts: total=0,262144,0,0 short=0,0,0,0 dropped=0,0,0,0
     latency   : target=0, window=0, percentile=100.00%, depth=1

Run status group 0 (all jobs):
  WRITE: bw=285MiB/s (299MB/s), 285MiB/s-285MiB/s (299MB/s-299MB/s), io=1024MiB (1074MB), run=3588-3588msec

Disk stats (read/write):
  vdc: ios=0/0, sectors=0/0, merge=0/0, ticks=0/0, in_queue=0, util=0.00%
