buffered-read: (g=0): rw=read, bs=(R) 128KiB-128KiB, (W) 128KiB-128KiB, (T) 128KiB-128KiB, ioengine=psync, iodepth=1
fio-3.36
Starting 1 process

buffered-read: (groupid=0, jobs=1): err= 0: pid=736: Wed Aug 27 17:13:19 2025
  read: IOPS=7648, BW=956MiB/s (1003MB/s)(1024MiB/1071msec)
    clat (usec): min=30, max=8256, avg=124.51, stdev=160.40
     lat (usec): min=30, max=8256, avg=125.36, stdev=160.97
    clat percentiles (usec):
     |  1.00th=[   32],  5.00th=[   34], 10.00th=[   35], 20.00th=[   37],
     | 30.00th=[   39], 40.00th=[   43], 50.00th=[   77], 60.00th=[   89],
     | 70.00th=[  141], 80.00th=[  247], 90.00th=[  302], 95.00th=[  347],
     | 99.00th=[  469], 99.50th=[  529], 99.90th=[  701], 99.95th=[  906],
     | 99.99th=[ 8225]
   bw (  KiB/s): min=944287, max=1020704, per=100.00%, avg=982495.50, stdev=54034.98, samples=2
   iops        : min= 7381, max= 7974, avg=7677.50, stdev=419.31, samples=2
  lat (usec)   : 50=42.96%, 100=22.45%, 250=15.20%, 500=18.68%, 750=0.63%
  lat (usec)   : 1000=0.04%
  lat (msec)   : 2=0.01%, 4=0.01%, 10=0.02%
  cpu          : usr=9.24%, sys=35.29%, ctx=1656, majf=1, minf=57
  IO depths    : 1=100.0%, 2=0.0%, 4=0.0%, 8=0.0%, 16=0.0%, 32=0.0%, >=64=0.0%
     submit    : 0=0.0%, 4=100.0%, 8=0.0%, 16=0.0%, 32=0.0%, 64=0.0%, >=64=0.0%
     complete  : 0=0.0%, 4=100.0%, 8=0.0%, 16=0.0%, 32=0.0%, 64=0.0%, >=64=0.0%
     issued rwts: total=8192,0,0,0 short=0,0,0,0 dropped=0,0,0,0
     latency   : target=0, window=0, percentile=100.00%, depth=1

Run status group 0 (all jobs):
   READ: bw=956MiB/s (1003MB/s), 956MiB/s-956MiB/s (1003MB/s-1003MB/s), io=1024MiB (1074MB), run=1071-1071msec

Disk stats (read/write):
  vdc: ios=3251/0, sectors=1664512/0, merge=0/0, ticks=882/0, in_queue=881, util=43.98%
