buffered-write: (g=0): rw=write, bs=(R) 1024KiB-1024KiB, (W) 1024KiB-1024KiB, (T) 1024KiB-1024KiB, ioengine=psync, iodepth=1
fio-3.36
Starting 1 process

buffered-write: (groupid=0, jobs=1): err= 0: pid=439: Wed Aug 27 17:30:24 2025
  write: IOPS=3471, BW=3471MiB/s (3640MB/s)(1024MiB/295msec); 0 zone resets
    clat (usec): min=224, max=1064, avg=258.09, stdev=42.75
     lat (usec): min=241, max=1145, avg=276.89, stdev=45.01
    clat percentiles (usec):
     |  1.00th=[  231],  5.00th=[  233], 10.00th=[  237], 20.00th=[  239],
     | 30.00th=[  243], 40.00th=[  245], 50.00th=[  247], 60.00th=[  251],
     | 70.00th=[  255], 80.00th=[  260], 90.00th=[  285], 95.00th=[  330],
     | 99.00th=[  429], 99.50th=[  437], 99.90th=[  510], 99.95th=[ 1057],
     | 99.99th=[ 1057]
  lat (usec)   : 250=56.25%, 500=43.55%, 750=0.10%
  lat (msec)   : 2=0.10%
  cpu          : usr=7.48%, sys=88.44%, ctx=2, majf=0, minf=22
  IO depths    : 1=100.0%, 2=0.0%, 4=0.0%, 8=0.0%, 16=0.0%, 32=0.0%, >=64=0.0%
     submit    : 0=0.0%, 4=100.0%, 8=0.0%, 16=0.0%, 32=0.0%, 64=0.0%, >=64=0.0%
     complete  : 0=0.0%, 4=100.0%, 8=0.0%, 16=0.0%, 32=0.0%, 64=0.0%, >=64=0.0%
     issued rwts: total=0,1024,0,0 short=0,0,0,0 dropped=0,0,0,0
     latency   : target=0, window=0, percentile=100.00%, depth=1

Run status group 0 (all jobs):
  WRITE: bw=3471MiB/s (3640MB/s), 3471MiB/s-3471MiB/s (3640MB/s-3640MB/s), io=1024MiB (1074MB), run=295-295msec

Disk stats (read/write):
  vdc: ios=0/0, sectors=0/0, merge=0/0, ticks=0/0, in_queue=0, util=0.00%
