buffered-write: (g=0): rw=write, bs=(R) 4096B-4096B, (W) 4096B-4096B, (T) 4096B-4096B, ioengine=psync, iodepth=1
fio-3.36
Starting 1 process

buffered-write: (groupid=0, jobs=1): err= 0: pid=583: Wed Aug 27 17:30:37 2025
  write: IOPS=74.5k, BW=291MiB/s (305MB/s)(1024MiB/3521msec); 0 zone resets
    clat (usec): min=8, max=868, avg=11.53, stdev= 5.32
     lat (usec): min=8, max=875, avg=11.82, stdev= 5.49
    clat percentiles (usec):
     |  1.00th=[   11],  5.00th=[   11], 10.00th=[   11], 20.00th=[   11],
     | 30.00th=[   11], 40.00th=[   11], 50.00th=[   12], 60.00th=[   12],
     | 70.00th=[   12], 80.00th=[   12], 90.00th=[   12], 95.00th=[   13],
     | 99.00th=[   21], 99.50th=[   30], 99.90th=[   91], 99.95th=[  111],
     | 99.99th=[  184]
   bw (  KiB/s): min=290139, max=305293, per=100.00%, avg=298083.00, stdev=6083.55, samples=7
   iops        : min=72534, max=76323, avg=74522.00, stdev=1519.55, samples=7
  lat (usec)   : 10=0.52%, 20=98.44%, 50=0.72%, 100=0.25%, 250=0.07%
  lat (usec)   : 500=0.01%, 1000=0.01%
  cpu          : usr=71.05%, sys=26.90%, ctx=5, majf=0, minf=24
  IO depths    : 1=100.0%, 2=0.0%, 4=0.0%, 8=0.0%, 16=0.0%, 32=0.0%, >=64=0.0%
     submit    : 0=0.0%, 4=100.0%, 8=0.0%, 16=0.0%, 32=0.0%, 64=0.0%, >=64=0.0%
     complete  : 0=0.0%, 4=100.0%, 8=0.0%, 16=0.0%, 32=0.0%, 64=0.0%, >=64=0.0%
     issued rwts: total=0,262144,0,0 short=0,0,0,0 dropped=0,0,0,0
     latency   : target=0, window=0, percentile=100.00%, depth=1

Run status group 0 (all jobs):
  WRITE: bw=291MiB/s (305MB/s), 291MiB/s-291MiB/s (305MB/s-305MB/s), io=1024MiB (1074MB), run=3521-3521msec

Disk stats (read/write):
  vdc: ios=0/0, sectors=0/0, merge=0/0, ticks=0/0, in_queue=0, util=0.00%
