buffered-write: (g=0): rw=write, bs=(R) 128KiB-128KiB, (W) 128KiB-128KiB, (T) 128KiB-128KiB, ioengine=psync, iodepth=1
fio-3.36
Starting 1 process

buffered-write: (groupid=0, jobs=1): err= 0: pid=647: Wed Aug 27 17:30:48 2025
  write: IOPS=21.6k, BW=2702MiB/s (2833MB/s)(1024MiB/379msec); 0 zone resets
    clat (usec): min=34, max=408, avg=41.06, stdev=10.92
     lat (usec): min=35, max=425, avg=42.59, stdev=11.31
    clat percentiles (usec):
     |  1.00th=[   37],  5.00th=[   37], 10.00th=[   38], 20.00th=[   39],
     | 30.00th=[   39], 40.00th=[   39], 50.00th=[   40], 60.00th=[   40],
     | 70.00th=[   41], 80.00th=[   42], 90.00th=[   44], 95.00th=[   47],
     | 99.00th=[  101], 99.50th=[  122], 99.90th=[  172], 99.95th=[  198],
     | 99.99th=[  408]
  lat (usec)   : 50=96.61%, 100=2.37%, 250=1.01%, 500=0.01%
  cpu          : usr=24.34%, sys=73.54%, ctx=2, majf=0, minf=22
  IO depths    : 1=100.0%, 2=0.0%, 4=0.0%, 8=0.0%, 16=0.0%, 32=0.0%, >=64=0.0%
     submit    : 0=0.0%, 4=100.0%, 8=0.0%, 16=0.0%, 32=0.0%, 64=0.0%, >=64=0.0%
     complete  : 0=0.0%, 4=100.0%, 8=0.0%, 16=0.0%, 32=0.0%, 64=0.0%, >=64=0.0%
     issued rwts: total=0,8192,0,0 short=0,0,0,0 dropped=0,0,0,0
     latency   : target=0, window=0, percentile=100.00%, depth=1

Run status group 0 (all jobs):
  WRITE: bw=2702MiB/s (2833MB/s), 2702MiB/s-2702MiB/s (2833MB/s-2833MB/s), io=1024MiB (1074MB), run=379-379msec

Disk stats (read/write):
  vdc: ios=0/0, sectors=0/0, merge=0/0, ticks=0/0, in_queue=0, util=0.00%
