buffered-read: (g=0): rw=read, bs=(R) 10.0MiB-10.0MiB, (W) 10.0MiB-10.0MiB, (T) 10.0MiB-10.0MiB, ioengine=psync, iodepth=1
fio-3.36
Starting 1 process

buffered-read: (groupid=0, jobs=1): err= 0: pid=536: Wed Aug 27 17:12:52 2025
  read: IOPS=160, BW=1606MiB/s (1684MB/s)(1020MiB/635msec)
    clat (usec): min=4911, max=18816, avg=6144.51, stdev=1727.83
     lat (usec): min=4914, max=18972, avg=6149.87, stdev=1739.05
    clat percentiles (usec):
     |  1.00th=[ 4948],  5.00th=[ 5211], 10.00th=[ 5342], 20.00th=[ 5473],
     | 30.00th=[ 5669], 40.00th=[ 5735], 50.00th=[ 5800], 60.00th=[ 5866],
     | 70.00th=[ 6063], 80.00th=[ 6194], 90.00th=[ 6718], 95.00th=[ 7767],
     | 99.00th=[15926], 99.50th=[18744], 99.90th=[18744], 99.95th=[18744],
     | 99.99th=[18744]
   bw (  MiB/s): min= 1596, max= 1596, per=99.41%, avg=1596.81, stdev= 0.00, samples=1
   iops        : min=  159, max=  159, avg=159.00, stdev= 0.00, samples=1
  lat (msec)   : 10=98.04%, 20=1.96%
  cpu          : usr=1.57%, sys=68.19%, ctx=272, majf=1, minf=540
  IO depths    : 1=100.0%, 2=0.0%, 4=0.0%, 8=0.0%, 16=0.0%, 32=0.0%, >=64=0.0%
     submit    : 0=0.0%, 4=100.0%, 8=0.0%, 16=0.0%, 32=0.0%, 64=0.0%, >=64=0.0%
     complete  : 0=0.0%, 4=100.0%, 8=0.0%, 16=0.0%, 32=0.0%, 64=0.0%, >=64=0.0%
     issued rwts: total=102,0,0,0 short=0,0,0,0 dropped=0,0,0,0
     latency   : target=0, window=0, percentile=100.00%, depth=1

Run status group 0 (all jobs):
   READ: bw=1606MiB/s (1684MB/s), 1606MiB/s-1606MiB/s (1684MB/s-1684MB/s), io=1020MiB (1070MB), run=635-635msec

Disk stats (read/write):
  vdc: ios=790/0, sectors=2019840/0, merge=0/0, ticks=503/0, in_queue=504, util=54.90%
