buffered-read: (g=0): rw=read, bs=(R) 100MiB-100MiB, (W) 100MiB-100MiB, (T) 100MiB-100MiB, ioengine=psync, iodepth=1
fio-3.36
Starting 1 process

buffered-read: (groupid=0, jobs=1): err= 0: pid=611: Wed Aug 27 17:12:59 2025
  read: IOPS=15, BW=1563MiB/s (1638MB/s)(1000MiB/640msec)
    clat (msec): min=52, max=117, avg=63.47, stdev=19.13
     lat (msec): min=52, max=117, avg=63.49, stdev=19.18
    clat percentiles (msec):
     |  1.00th=[   53],  5.00th=[   53], 10.00th=[   53], 20.00th=[   54],
     | 30.00th=[   56], 40.00th=[   58], 50.00th=[   58], 60.00th=[   58],
     | 70.00th=[   59], 80.00th=[   61], 90.00th=[   65], 95.00th=[  117],
     | 99.00th=[  117], 99.50th=[  117], 99.90th=[  117], 99.95th=[  117],
     | 99.99th=[  117]
   bw (  MiB/s): min= 1397, max= 1397, per=89.42%, avg=1397.21, stdev= 0.00, samples=1
   iops        : min=   13, max=   13, avg=13.00, stdev= 0.00, samples=1
  lat (msec)   : 100=90.00%, 250=10.00%
  cpu          : usr=1.25%, sys=72.03%, ctx=210, majf=1, minf=585
  IO depths    : 1=100.0%, 2=0.0%, 4=0.0%, 8=0.0%, 16=0.0%, 32=0.0%, >=64=0.0%
     submit    : 0=0.0%, 4=100.0%, 8=0.0%, 16=0.0%, 32=0.0%, 64=0.0%, >=64=0.0%
     complete  : 0=0.0%, 4=100.0%, 8=0.0%, 16=0.0%, 32=0.0%, 64=0.0%, >=64=0.0%
     issued rwts: total=10,0,0,0 short=0,0,0,0 dropped=0,0,0,0
     latency   : target=0, window=0, percentile=100.00%, depth=1

Run status group 0 (all jobs):
   READ: bw=1563MiB/s (1638MB/s), 1563MiB/s-1563MiB/s (1638MB/s-1638MB/s), io=1000MiB (1049MB), run=640-640msec

Disk stats (read/write):
  vdc: ios=761/0, sectors=1945600/0, merge=0/0, ticks=455/0, in_queue=455, util=42.52%
