buffered-read: (g=0): rw=read, bs=(R) 4096B-4096B, (W) 4096B-4096B, (T) 4096B-4096B, ioengine=psync, iodepth=1
fio-3.36
Starting 1 process

buffered-read: (groupid=0, jobs=1): err= 0: pid=661: Wed Aug 27 17:13:07 2025
  read: IOPS=90.6k, BW=354MiB/s (371MB/s)(1024MiB/2892msec)
    clat (usec): min=3, max=6766, avg= 8.10, stdev=26.26
     lat (usec): min=3, max=6929, avg= 8.64, stdev=26.99
    clat percentiles (usec):
     |  1.00th=[    4],  5.00th=[    4], 10.00th=[    4], 20.00th=[    4],
     | 30.00th=[    4], 40.00th=[    5], 50.00th=[    5], 60.00th=[    5],
     | 70.00th=[    5], 80.00th=[    5], 90.00th=[    8], 95.00th=[   11],
     | 99.00th=[  117], 99.50th=[  135], 99.90th=[  243], 99.95th=[  289],
     | 99.99th=[  494]
   bw (  KiB/s): min=351360, max=379880, per=99.54%, avg=360924.40, stdev=11521.75, samples=5
   iops        : min=87848, max=94952, avg=90234.20, stdev=2868.59, samples=5
  lat (usec)   : 4=35.04%, 10=58.16%, 20=3.16%, 50=0.87%, 100=0.80%
  lat (usec)   : 250=1.87%, 500=0.08%, 750=0.01%, 1000=0.01%
  lat (msec)   : 2=0.01%, 4=0.01%, 10=0.01%
  cpu          : usr=61.27%, sys=21.68%, ctx=40, majf=1, minf=26
  IO depths    : 1=100.0%, 2=0.0%, 4=0.0%, 8=0.0%, 16=0.0%, 32=0.0%, >=64=0.0%
     submit    : 0=0.0%, 4=100.0%, 8=0.0%, 16=0.0%, 32=0.0%, 64=0.0%, >=64=0.0%
     complete  : 0=0.0%, 4=100.0%, 8=0.0%, 16=0.0%, 32=0.0%, 64=0.0%, >=64=0.0%
     issued rwts: total=262144,0,0,0 short=0,0,0,0 dropped=0,0,0,0
     latency   : target=0, window=0, percentile=100.00%, depth=1

Run status group 0 (all jobs):
   READ: bw=354MiB/s (371MB/s), 354MiB/s-354MiB/s (371MB/s-371MB/s), io=1024MiB (1074MB), run=2892-2892msec

Disk stats (read/write):
  vdc: ios=4054/0, sectors=2071544/0, merge=0/0, ticks=1230/0, in_queue=1230, util=31.37%
