buffered-write: (g=0): rw=write, bs=(R) 100MiB-100MiB, (W) 100MiB-100MiB, (T) 100MiB-100MiB, ioengine=psync, iodepth=1
fio-3.36
Starting 1 process

buffered-write: (groupid=0, jobs=1): err= 0: pid=551: Wed Aug 27 17:30:32 2025
  write: IOPS=22, BW=2222MiB/s (2330MB/s)(1000MiB/450msec); 0 zone resets
    clat (usec): min=34853, max=40783, avg=36022.67, stdev=1729.50
     lat (usec): min=41389, max=54193, avg=44424.50, stdev=3533.40
    clat percentiles (usec):
     |  1.00th=[34866],  5.00th=[34866], 10.00th=[34866], 20.00th=[34866],
     | 30.00th=[34866], 40.00th=[35390], 50.00th=[35390], 60.00th=[35914],
     | 70.00th=[35914], 80.00th=[35914], 90.00th=[35914], 95.00th=[40633],
     | 99.00th=[40633], 99.50th=[40633], 99.90th=[40633], 99.95th=[40633],
     | 99.99th=[40633]
  lat (msec)   : 50=100.00%
  cpu          : usr=18.26%, sys=79.51%, ctx=3, majf=0, minf=22
  IO depths    : 1=100.0%, 2=0.0%, 4=0.0%, 8=0.0%, 16=0.0%, 32=0.0%, >=64=0.0%
     submit    : 0=0.0%, 4=100.0%, 8=0.0%, 16=0.0%, 32=0.0%, 64=0.0%, >=64=0.0%
     complete  : 0=0.0%, 4=100.0%, 8=0.0%, 16=0.0%, 32=0.0%, 64=0.0%, >=64=0.0%
     issued rwts: total=0,10,0,0 short=0,0,0,0 dropped=0,0,0,0
     latency   : target=0, window=0, percentile=100.00%, depth=1

Run status group 0 (all jobs):
  WRITE: bw=2222MiB/s (2330MB/s), 2222MiB/s-2222MiB/s (2330MB/s-2330MB/s), io=1000MiB (1049MB), run=450-450msec

Disk stats (read/write):
  vdc: ios=0/0, sectors=0/0, merge=0/0, ticks=0/0, in_queue=0, util=0.00%
