buffered-read: (g=0): rw=read, bs=(R) 10.0MiB-10.0MiB, (W) 10.0MiB-10.0MiB, (T) 10.0MiB-10.0MiB, ioengine=psync, iodepth=1
fio-3.36
Starting 1 process

buffered-read: (groupid=0, jobs=1): err= 0: pid=561: Wed Aug 27 17:12:54 2025
  read: IOPS=161, BW=1616MiB/s (1695MB/s)(1020MiB/631msec)
    clat (usec): min=4944, max=23414, avg=6093.59, stdev=1813.68
     lat (usec): min=4947, max=23659, avg=6099.16, stdev=1836.60
    clat percentiles (usec):
     |  1.00th=[ 5014],  5.00th=[ 5080], 10.00th=[ 5276], 20.00th=[ 5604],
     | 30.00th=[ 5669], 40.00th=[ 5866], 50.00th=[ 5997], 60.00th=[ 6063],
     | 70.00th=[ 6128], 80.00th=[ 6194], 90.00th=[ 6390], 95.00th=[ 6652],
     | 99.00th=[ 8717], 99.50th=[23462], 99.90th=[23462], 99.95th=[23462],
     | 99.99th=[23462]
   bw (  MiB/s): min= 1616, max= 1616, per=100.00%, avg=1616.77, stdev= 0.00, samples=1
   iops        : min=  161, max=  161, avg=161.00, stdev= 0.00, samples=1
  lat (msec)   : 10=99.02%, 50=0.98%
  cpu          : usr=2.22%, sys=69.26%, ctx=247, majf=1, minf=540
  IO depths    : 1=100.0%, 2=0.0%, 4=0.0%, 8=0.0%, 16=0.0%, 32=0.0%, >=64=0.0%
     submit    : 0=0.0%, 4=100.0%, 8=0.0%, 16=0.0%, 32=0.0%, 64=0.0%, >=64=0.0%
     complete  : 0=0.0%, 4=100.0%, 8=0.0%, 16=0.0%, 32=0.0%, 64=0.0%, >=64=0.0%
     issued rwts: total=102,0,0,0 short=0,0,0,0 dropped=0,0,0,0
     latency   : target=0, window=0, percentile=100.00%, depth=1

Run status group 0 (all jobs):
   READ: bw=1616MiB/s (1695MB/s), 1616MiB/s-1616MiB/s (1695MB/s-1695MB/s), io=1020MiB (1070MB), run=631-631msec

Disk stats (read/write):
  vdc: ios=777/0, sectors=1986560/0, merge=0/0, ticks=473/0, in_queue=472, util=46.13%
