buffered-read: (g=0): rw=read, bs=(R) 4096B-4096B, (W) 4096B-4096B, (T) 4096B-4096B, ioengine=psync, iodepth=1
fio-3.36
Starting 1 process

buffered-read: (groupid=0, jobs=1): err= 0: pid=711: Wed Aug 27 17:13:16 2025
  read: IOPS=97.5k, BW=381MiB/s (399MB/s)(1024MiB/2688msec)
    clat (usec): min=3, max=7469, avg= 7.49, stdev=25.15
     lat (usec): min=3, max=7469, avg= 7.95, stdev=25.66
    clat percentiles (usec):
     |  1.00th=[    4],  5.00th=[    4], 10.00th=[    4], 20.00th=[    4],
     | 30.00th=[    4], 40.00th=[    4], 50.00th=[    5], 60.00th=[    5],
     | 70.00th=[    5], 80.00th=[    5], 90.00th=[    6], 95.00th=[   10],
     | 99.00th=[  111], 99.50th=[  121], 99.90th=[  206], 99.95th=[  249],
     | 99.99th=[  424]
   bw (  KiB/s): min=374634, max=402155, per=100.00%, avg=393299.60, stdev=11471.30, samples=5
   iops        : min=93660, max=100538, avg=98331.80, stdev=2868.22, samples=5
  lat (usec)   : 4=49.77%, 10=45.55%, 20=1.23%, 50=0.74%, 100=1.13%
  lat (usec)   : 250=1.54%, 500=0.04%, 750=0.01%, 1000=0.01%
  lat (msec)   : 2=0.01%, 4=0.01%, 10=0.01%
  cpu          : usr=60.57%, sys=22.66%, ctx=45, majf=1, minf=26
  IO depths    : 1=100.0%, 2=0.0%, 4=0.0%, 8=0.0%, 16=0.0%, 32=0.0%, >=64=0.0%
     submit    : 0=0.0%, 4=100.0%, 8=0.0%, 16=0.0%, 32=0.0%, 64=0.0%, >=64=0.0%
     complete  : 0=0.0%, 4=100.0%, 8=0.0%, 16=0.0%, 32=0.0%, 64=0.0%, >=64=0.0%
     issued rwts: total=262144,0,0,0 short=0,0,0,0 dropped=0,0,0,0
     latency   : target=0, window=0, percentile=100.00%, depth=1

Run status group 0 (all jobs):
   READ: bw=381MiB/s (399MB/s), 381MiB/s-381MiB/s (399MB/s-399MB/s), io=1024MiB (1074MB), run=2688-2688msec

Disk stats (read/write):
  vdc: ios=3963/0, sectors=2026976/0, merge=0/0, ticks=1222/0, in_queue=1221, util=32.43%
