buffered-read: (g=0): rw=read, bs=(R) 4096B-4096B, (W) 4096B-4096B, (T) 4096B-4096B, ioengine=psync, iodepth=1
fio-3.36
Starting 1 process

buffered-read: (groupid=0, jobs=1): err= 0: pid=686: Wed Aug 27 17:13:12 2025
  read: IOPS=87.6k, BW=342MiB/s (359MB/s)(1024MiB/2994msec)
    clat (usec): min=3, max=1950, avg= 7.68, stdev=19.69
     lat (usec): min=3, max=2113, avg= 8.53, stdev=20.67
    clat percentiles (usec):
     |  1.00th=[    4],  5.00th=[    4], 10.00th=[    5], 20.00th=[    5],
     | 30.00th=[    5], 40.00th=[    5], 50.00th=[    5], 60.00th=[    5],
     | 70.00th=[    5], 80.00th=[    5], 90.00th=[    7], 95.00th=[   11],
     | 99.00th=[  111], 99.50th=[  125], 99.90th=[  217], 99.95th=[  262],
     | 99.99th=[  392]
   bw (  KiB/s): min=324774, max=365884, per=99.46%, avg=348347.60, stdev=15593.79, samples=5
   iops        : min=81193, max=91500, avg=87095.00, stdev=3907.49, samples=5
  lat (usec)   : 4=8.99%, 10=84.53%, 20=3.13%, 50=0.70%, 100=1.07%
  lat (usec)   : 250=1.53%, 500=0.06%, 750=0.01%, 1000=0.01%
  lat (msec)   : 2=0.01%
  cpu          : usr=63.89%, sys=20.71%, ctx=37, majf=1, minf=26
  IO depths    : 1=100.0%, 2=0.0%, 4=0.0%, 8=0.0%, 16=0.0%, 32=0.0%, >=64=0.0%
     submit    : 0=0.0%, 4=100.0%, 8=0.0%, 16=0.0%, 32=0.0%, 64=0.0%, >=64=0.0%
     complete  : 0=0.0%, 4=100.0%, 8=0.0%, 16=0.0%, 32=0.0%, 64=0.0%, >=64=0.0%
     issued rwts: total=262144,0,0,0 short=0,0,0,0 dropped=0,0,0,0
     latency   : target=0, window=0, percentile=100.00%, depth=1

Run status group 0 (all jobs):
   READ: bw=342MiB/s (359MB/s), 342MiB/s-342MiB/s (359MB/s-359MB/s), io=1024MiB (1074MB), run=2994-2994msec

Disk stats (read/write):
  vdc: ios=3920/0, sectors=2004960/0, merge=0/0, ticks=1160/0, in_queue=1159, util=29.57%
