buffered-read: (g=0): rw=read, bs=(R) 1024KiB-1024KiB, (W) 1024KiB-1024KiB, (T) 1024KiB-1024KiB, ioengine=psync, iodepth=1
fio-3.36
Starting 1 process

buffered-read: (groupid=0, jobs=1): err= 0: pid=461: Wed Aug 27 17:12:44 2025
  read: IOPS=1208, BW=1209MiB/s (1268MB/s)(1024MiB/847msec)
    clat (usec): min=307, max=9043, avg=803.85, stdev=450.11
     lat (usec): min=307, max=9200, avg=805.98, stdev=452.57
    clat percentiles (usec):
     |  1.00th=[  318],  5.00th=[  351], 10.00th=[  383], 20.00th=[  474],
     | 30.00th=[  562], 40.00th=[  652], 50.00th=[  725], 60.00th=[  816],
     | 70.00th=[  930], 80.00th=[ 1074], 90.00th=[ 1270], 95.00th=[ 1467],
     | 99.00th=[ 2008], 99.50th=[ 2376], 99.90th=[ 3261], 99.95th=[ 8979],
     | 99.99th=[ 8979]
   bw (  MiB/s): min= 1201, max= 1201, per=99.36%, avg=1201.19, stdev= 0.00, samples=1
   iops        : min= 1201, max= 1201, avg=1201.00, stdev= 0.00, samples=1
  lat (usec)   : 500=22.17%, 750=30.47%, 1000=22.07%
  lat (msec)   : 2=24.22%, 4=0.98%, 10=0.10%
  cpu          : usr=3.42%, sys=51.71%, ctx=569, majf=1, minf=282
  IO depths    : 1=100.0%, 2=0.0%, 4=0.0%, 8=0.0%, 16=0.0%, 32=0.0%, >=64=0.0%
     submit    : 0=0.0%, 4=100.0%, 8=0.0%, 16=0.0%, 32=0.0%, 64=0.0%, >=64=0.0%
     complete  : 0=0.0%, 4=100.0%, 8=0.0%, 16=0.0%, 32=0.0%, 64=0.0%, >=64=0.0%
     issued rwts: total=1024,0,0,0 short=0,0,0,0 dropped=0,0,0,0
     latency   : target=0, window=0, percentile=100.00%, depth=1

Run status group 0 (all jobs):
   READ: bw=1209MiB/s (1268MB/s), 1209MiB/s-1209MiB/s (1268MB/s-1268MB/s), io=1024MiB (1074MB), run=847-847msec

Disk stats (read/write):
  vdc: ios=725/0, sectors=1484800/0, merge=0/0, ticks=705/0, in_queue=704, util=71.97%
