buffered-write: (g=0): rw=write, bs=(R) 10.0MiB-10.0MiB, (W) 10.0MiB-10.0MiB, (T) 10.0MiB-10.0MiB, ioengine=psync, iodepth=1
fio-3.36
Starting 1 process

buffered-write: (groupid=0, jobs=1): err= 0: pid=503: Wed Aug 27 17:30:28 2025
  write: IOPS=300, BW=3000MiB/s (3146MB/s)(1020MiB/340msec); 0 zone resets
    clat (usec): min=2173, max=6272, avg=2889.90, stdev=782.09
     lat (usec): min=2375, max=7269, avg=3259.00, stdev=993.11
    clat percentiles (usec):
     |  1.00th=[ 2180],  5.00th=[ 2245], 10.00th=[ 2278], 20.00th=[ 2343],
     | 30.00th=[ 2409], 40.00th=[ 2442], 50.00th=[ 2573], 60.00th=[ 2737],
     | 70.00th=[ 2868], 80.00th=[ 3294], 90.00th=[ 3949], 95.00th=[ 4555],
     | 99.00th=[ 5145], 99.50th=[ 6259], 99.90th=[ 6259], 99.95th=[ 6259],
     | 99.99th=[ 6259]
  lat (msec)   : 4=91.18%, 10=8.82%
  cpu          : usr=14.16%, sys=82.01%, ctx=2, majf=0, minf=24
  IO depths    : 1=100.0%, 2=0.0%, 4=0.0%, 8=0.0%, 16=0.0%, 32=0.0%, >=64=0.0%
     submit    : 0=0.0%, 4=100.0%, 8=0.0%, 16=0.0%, 32=0.0%, 64=0.0%, >=64=0.0%
     complete  : 0=0.0%, 4=100.0%, 8=0.0%, 16=0.0%, 32=0.0%, 64=0.0%, >=64=0.0%
     issued rwts: total=0,102,0,0 short=0,0,0,0 dropped=0,0,0,0
     latency   : target=0, window=0, percentile=100.00%, depth=1

Run status group 0 (all jobs):
  WRITE: bw=3000MiB/s (3146MB/s), 3000MiB/s-3000MiB/s (3146MB/s-3146MB/s), io=1020MiB (1070MB), run=340-340msec

Disk stats (read/write):
  vdc: ios=0/0, sectors=0/0, merge=0/0, ticks=0/0, in_queue=0, util=0.00%
