buffered-write: (g=0): rw=write, bs=(R) 10.0MiB-10.0MiB, (W) 10.0MiB-10.0MiB, (T) 10.0MiB-10.0MiB, ioengine=psync, iodepth=1
fio-3.36
Starting 1 process

buffered-write: (groupid=0, jobs=1): err= 0: pid=519: Wed Aug 27 17:30:29 2025
  write: IOPS=198, BW=1988MiB/s (2085MB/s)(1020MiB/513msec); 0 zone resets
    clat (usec): min=3406, max=6214, avg=4109.40, stdev=620.97
     lat (usec): min=4108, max=7712, avg=4960.09, stdev=767.35
    clat percentiles (usec):
     |  1.00th=[ 3490],  5.00th=[ 3589], 10.00th=[ 3654], 20.00th=[ 3720],
     | 30.00th=[ 3752], 40.00th=[ 3851], 50.00th=[ 3916], 60.00th=[ 3949],
     | 70.00th=[ 4047], 80.00th=[ 4228], 90.00th=[ 5080], 95.00th=[ 5538],
     | 99.00th=[ 6128], 99.50th=[ 6194], 99.90th=[ 6194], 99.95th=[ 6194],
     | 99.99th=[ 6194]
   bw (  MiB/s): min= 1992, max= 1992, per=100.00%, avg=1992.03, stdev= 0.00, samples=1
   iops        : min=  199, max=  199, avg=199.00, stdev= 0.00, samples=1
  lat (msec)   : 4=67.65%, 10=32.35%
  cpu          : usr=18.36%, sys=78.12%, ctx=1, majf=0, minf=24
  IO depths    : 1=100.0%, 2=0.0%, 4=0.0%, 8=0.0%, 16=0.0%, 32=0.0%, >=64=0.0%
     submit    : 0=0.0%, 4=100.0%, 8=0.0%, 16=0.0%, 32=0.0%, 64=0.0%, >=64=0.0%
     complete  : 0=0.0%, 4=100.0%, 8=0.0%, 16=0.0%, 32=0.0%, 64=0.0%, >=64=0.0%
     issued rwts: total=0,102,0,0 short=0,0,0,0 dropped=0,0,0,0
     latency   : target=0, window=0, percentile=100.00%, depth=1

Run status group 0 (all jobs):
  WRITE: bw=1988MiB/s (2085MB/s), 1988MiB/s-1988MiB/s (2085MB/s-2085MB/s), io=1020MiB (1070MB), run=513-513msec

Disk stats (read/write):
  vdc: ios=0/0, sectors=0/0, merge=0/0, ticks=0/0, in_queue=0, util=0.00%
