buffered-read: (g=0): rw=read, bs=(R) 128KiB-128KiB, (W) 128KiB-128KiB, (T) 128KiB-128KiB, ioengine=psync, iodepth=1
fio-3.36
Starting 1 process

buffered-read: (groupid=0, jobs=1): err= 0: pid=761: Wed Aug 27 17:13:22 2025
  read: IOPS=7620, BW=953MiB/s (999MB/s)(1024MiB/1075msec)
    clat (usec): min=30, max=7519, avg=124.81, stdev=142.92
     lat (usec): min=30, max=7520, avg=125.77, stdev=143.31
    clat percentiles (usec):
     |  1.00th=[   32],  5.00th=[   34], 10.00th=[   37], 20.00th=[   41],
     | 30.00th=[   43], 40.00th=[   49], 50.00th=[   82], 60.00th=[   94],
     | 70.00th=[  145], 80.00th=[  227], 90.00th=[  293], 95.00th=[  334],
     | 99.00th=[  457], 99.50th=[  523], 99.90th=[  701], 99.95th=[ 1827],
     | 99.99th=[ 7504]
   bw (  KiB/s): min=987209, max=1001216, per=100.00%, avg=994212.50, stdev=9904.44, samples=2
   iops        : min= 7714, max= 7824, avg=7769.00, stdev=77.78, samples=2
  lat (usec)   : 50=40.38%, 100=22.68%, 250=19.03%, 500=17.33%, 750=0.49%
  lat (usec)   : 1000=0.02%
  lat (msec)   : 2=0.04%, 4=0.01%, 10=0.01%
  cpu          : usr=6.05%, sys=41.30%, ctx=1474, majf=1, minf=57
  IO depths    : 1=100.0%, 2=0.0%, 4=0.0%, 8=0.0%, 16=0.0%, 32=0.0%, >=64=0.0%
     submit    : 0=0.0%, 4=100.0%, 8=0.0%, 16=0.0%, 32=0.0%, 64=0.0%, >=64=0.0%
     complete  : 0=0.0%, 4=100.0%, 8=0.0%, 16=0.0%, 32=0.0%, 64=0.0%, >=64=0.0%
     issued rwts: total=8192,0,0,0 short=0,0,0,0 dropped=0,0,0,0
     latency   : target=0, window=0, percentile=100.00%, depth=1

Run status group 0 (all jobs):
   READ: bw=953MiB/s (999MB/s), 953MiB/s-953MiB/s (999MB/s-999MB/s), io=1024MiB (1074MB), run=1075-1075msec

Disk stats (read/write):
  vdc: ios=3329/0, sectors=1704448/0, merge=0/0, ticks=847/0, in_queue=847, util=43.48%
