buffered-write: (g=0): rw=write, bs=(R) 1024KiB-1024KiB, (W) 1024KiB-1024KiB, (T) 1024KiB-1024KiB, ioengine=psync, iodepth=1
fio-3.36
Starting 1 process

buffered-write: (groupid=0, jobs=1): err= 0: pid=471: Wed Aug 27 17:30:26 2025
  write: IOPS=3379, BW=3380MiB/s (3544MB/s)(1024MiB/303msec); 0 zone resets
    clat (usec): min=229, max=768, avg=264.22, stdev=39.22
     lat (usec): min=247, max=906, avg=285.18, stdev=43.08
    clat percentiles (usec):
     |  1.00th=[  235],  5.00th=[  239], 10.00th=[  241], 20.00th=[  245],
     | 30.00th=[  247], 40.00th=[  251], 50.00th=[  253], 60.00th=[  258],
     | 70.00th=[  262], 80.00th=[  269], 90.00th=[  302], 95.00th=[  347],
     | 99.00th=[  429], 99.50th=[  453], 99.90th=[  519], 99.95th=[  766],
     | 99.99th=[  766]
  lat (usec)   : 250=38.96%, 500=60.84%, 750=0.10%, 1000=0.10%
  cpu          : usr=15.89%, sys=79.14%, ctx=5, majf=0, minf=22
  IO depths    : 1=100.0%, 2=0.0%, 4=0.0%, 8=0.0%, 16=0.0%, 32=0.0%, >=64=0.0%
     submit    : 0=0.0%, 4=100.0%, 8=0.0%, 16=0.0%, 32=0.0%, 64=0.0%, >=64=0.0%
     complete  : 0=0.0%, 4=100.0%, 8=0.0%, 16=0.0%, 32=0.0%, 64=0.0%, >=64=0.0%
     issued rwts: total=0,1024,0,0 short=0,0,0,0 dropped=0,0,0,0
     latency   : target=0, window=0, percentile=100.00%, depth=1

Run status group 0 (all jobs):
  WRITE: bw=3380MiB/s (3544MB/s), 3380MiB/s-3380MiB/s (3544MB/s-3544MB/s), io=1024MiB (1074MB), run=303-303msec

Disk stats (read/write):
  vdc: ios=0/0, sectors=0/0, merge=0/0, ticks=0/0, in_queue=0, util=0.00%
