buffered-write: (g=0): rw=write, bs=(R) 1024KiB-1024KiB, (W) 1024KiB-1024KiB, (T) 1024KiB-1024KiB, ioengine=psync, iodepth=1
fio-3.36
Starting 1 process

buffered-write: (groupid=0, jobs=1): err= 0: pid=423: Wed Aug 27 17:30:23 2025
  write: IOPS=1809, BW=1809MiB/s (1897MB/s)(1024MiB/566msec); 0 zone resets
    clat (usec): min=208, max=5366, avg=511.67, stdev=813.57
     lat (usec): min=222, max=5413, avg=540.27, stdev=819.93
    clat percentiles (usec):
     |  1.00th=[  215],  5.00th=[  231], 10.00th=[  243], 20.00th=[  273],
     | 30.00th=[  281], 40.00th=[  285], 50.00th=[  293], 60.00th=[  297],
     | 70.00th=[  306], 80.00th=[  322], 90.00th=[  441], 95.00th=[ 2868],
     | 99.00th=[ 4293], 99.50th=[ 4686], 99.90th=[ 5145], 99.95th=[ 5342],
     | 99.99th=[ 5342]
   bw (  MiB/s): min= 1705, max= 1705, per=94.27%, avg=1705.53, stdev= 0.00, samples=1
   iops        : min= 1705, max= 1705, avg=1705.00, stdev= 0.00, samples=1
  lat (usec)   : 250=11.82%, 500=78.61%, 750=1.86%, 1000=0.59%
  lat (msec)   : 2=1.07%, 4=4.69%, 10=1.37%
  cpu          : usr=7.24%, sys=87.10%, ctx=11, majf=1, minf=26
  IO depths    : 1=100.0%, 2=0.0%, 4=0.0%, 8=0.0%, 16=0.0%, 32=0.0%, >=64=0.0%
     submit    : 0=0.0%, 4=100.0%, 8=0.0%, 16=0.0%, 32=0.0%, 64=0.0%, >=64=0.0%
     complete  : 0=0.0%, 4=100.0%, 8=0.0%, 16=0.0%, 32=0.0%, 64=0.0%, >=64=0.0%
     issued rwts: total=0,1024,0,0 short=0,0,0,0 dropped=0,0,0,0
     latency   : target=0, window=0, percentile=100.00%, depth=1

Run status group 0 (all jobs):
  WRITE: bw=1809MiB/s (1897MB/s), 1809MiB/s-1809MiB/s (1897MB/s-1897MB/s), io=1024MiB (1074MB), run=566-566msec

Disk stats (read/write):
  vdc: ios=1/0, sectors=8/0, merge=0/0, ticks=1/0, in_queue=1, util=0.00%
