buffered-write: (g=0): rw=write, bs=(R) 100MiB-100MiB, (W) 100MiB-100MiB, (T) 100MiB-100MiB, ioengine=psync, iodepth=1
fio-3.36
Starting 1 process

buffered-write: (groupid=0, jobs=1): err= 0: pid=552: Wed Aug 27 17:35:50 2025
  write: IOPS=12, BW=1289MiB/s (1351MB/s)(1000MiB/776msec); 0 zone resets
    clat (usec): min=66178, max=70318, avg=67819.59, stdev=1429.76
     lat (usec): min=74801, max=82739, avg=77390.31, stdev=2585.93
    clat percentiles (usec):
     |  1.00th=[66323],  5.00th=[66323], 10.00th=[66323], 20.00th=[66323],
     | 30.00th=[66323], 40.00th=[66847], 50.00th=[67634], 60.00th=[67634],
     | 70.00th=[68682], 80.00th=[69731], 90.00th=[69731], 95.00th=[70779],
     | 99.00th=[70779], 99.50th=[70779], 99.90th=[70779], 99.95th=[70779],
     | 99.99th=[70779]
   bw (  MiB/s): min= 1188, max= 1188, per=92.20%, avg=1188.12, stdev= 0.00, samples=1
   iops        : min=   11, max=   11, avg=11.00, stdev= 0.00, samples=1
  lat (msec)   : 100=100.00%
  cpu          : usr=11.48%, sys=84.77%, ctx=1, majf=0, minf=22
  IO depths    : 1=100.0%, 2=0.0%, 4=0.0%, 8=0.0%, 16=0.0%, 32=0.0%, >=64=0.0%
     submit    : 0=0.0%, 4=100.0%, 8=0.0%, 16=0.0%, 32=0.0%, 64=0.0%, >=64=0.0%
     complete  : 0=0.0%, 4=100.0%, 8=0.0%, 16=0.0%, 32=0.0%, 64=0.0%, >=64=0.0%
     issued rwts: total=0,10,0,0 short=0,0,0,0 dropped=0,0,0,0
     latency   : target=0, window=0, percentile=100.00%, depth=1

Run status group 0 (all jobs):
  WRITE: bw=1289MiB/s (1351MB/s), 1289MiB/s-1289MiB/s (1351MB/s-1351MB/s), io=1000MiB (1049MB), run=776-776msec

Disk stats (read/write):
  vdc: ios=0/0, sectors=0/0, merge=0/0, ticks=0/0, in_queue=0, util=0.00%
