buffered-write: (g=0): rw=write, bs=(R) 10.0MiB-10.0MiB, (W) 10.0MiB-10.0MiB, (T) 10.0MiB-10.0MiB, ioengine=psync, iodepth=1
fio-3.36
Starting 1 process

buffered-write: (groupid=0, jobs=1): err= 0: pid=488: Wed Aug 27 17:35:44 2025
  write: IOPS=166, BW=1667MiB/s (1748MB/s)(1020MiB/612msec); 0 zone resets
    clat (usec): min=4738, max=6966, avg=5393.56, stdev=492.20
     lat (usec): min=4956, max=8121, avg=5969.04, stdev=734.14
    clat percentiles (usec):
     |  1.00th=[ 4752],  5.00th=[ 4883], 10.00th=[ 4883], 20.00th=[ 5014],
     | 30.00th=[ 5080], 40.00th=[ 5145], 50.00th=[ 5211], 60.00th=[ 5342],
     | 70.00th=[ 5604], 80.00th=[ 5800], 90.00th=[ 6128], 95.00th=[ 6390],
     | 99.00th=[ 6915], 99.50th=[ 6980], 99.90th=[ 6980], 99.95th=[ 6980],
     | 99.99th=[ 6980]
   bw (  MiB/s): min= 1680, max= 1680, per=100.00%, avg=1680.00, stdev= 0.00, samples=1
   iops        : min=  168, max=  168, avg=168.00, stdev= 0.00, samples=1
  lat (msec)   : 10=100.00%
  cpu          : usr=9.49%, sys=88.54%, ctx=1, majf=0, minf=22
  IO depths    : 1=100.0%, 2=0.0%, 4=0.0%, 8=0.0%, 16=0.0%, 32=0.0%, >=64=0.0%
     submit    : 0=0.0%, 4=100.0%, 8=0.0%, 16=0.0%, 32=0.0%, 64=0.0%, >=64=0.0%
     complete  : 0=0.0%, 4=100.0%, 8=0.0%, 16=0.0%, 32=0.0%, 64=0.0%, >=64=0.0%
     issued rwts: total=0,102,0,0 short=0,0,0,0 dropped=0,0,0,0
     latency   : target=0, window=0, percentile=100.00%, depth=1

Run status group 0 (all jobs):
  WRITE: bw=1667MiB/s (1748MB/s), 1667MiB/s-1667MiB/s (1748MB/s-1748MB/s), io=1020MiB (1070MB), run=612-612msec

Disk stats (read/write):
  vdc: ios=0/0, sectors=0/0, merge=0/0, ticks=0/0, in_queue=0, util=0.00%
