buffered-write: (g=0): rw=write, bs=(R) 10.0MiB-10.0MiB, (W) 10.0MiB-10.0MiB, (T) 10.0MiB-10.0MiB, ioengine=psync, iodepth=1
fio-3.36
Starting 1 process

buffered-write: (groupid=0, jobs=1): err= 0: pid=504: Wed Aug 27 17:35:45 2025
  write: IOPS=142, BW=1421MiB/s (1490MB/s)(1020MiB/718msec); 0 zone resets
    clat (usec): min=5572, max=7120, avg=6133.37, stdev=331.48
     lat (usec): min=6060, max=8567, avg=7004.57, stdev=495.66
    clat percentiles (usec):
     |  1.00th=[ 5604],  5.00th=[ 5735], 10.00th=[ 5735], 20.00th=[ 5866],
     | 30.00th=[ 5932], 40.00th=[ 5997], 50.00th=[ 6063], 60.00th=[ 6128],
     | 70.00th=[ 6259], 80.00th=[ 6390], 90.00th=[ 6652], 95.00th=[ 6783],
     | 99.00th=[ 6980], 99.50th=[ 7111], 99.90th=[ 7111], 99.95th=[ 7111],
     | 99.99th=[ 7111]
   bw (  MiB/s): min= 1440, max= 1440, per=100.00%, avg=1440.00, stdev= 0.00, samples=1
   iops        : min=  144, max=  144, avg=144.00, stdev= 0.00, samples=1
  lat (msec)   : 10=100.00%
  cpu          : usr=15.18%, sys=82.45%, ctx=1, majf=0, minf=22
  IO depths    : 1=100.0%, 2=0.0%, 4=0.0%, 8=0.0%, 16=0.0%, 32=0.0%, >=64=0.0%
     submit    : 0=0.0%, 4=100.0%, 8=0.0%, 16=0.0%, 32=0.0%, 64=0.0%, >=64=0.0%
     complete  : 0=0.0%, 4=100.0%, 8=0.0%, 16=0.0%, 32=0.0%, 64=0.0%, >=64=0.0%
     issued rwts: total=0,102,0,0 short=0,0,0,0 dropped=0,0,0,0
     latency   : target=0, window=0, percentile=100.00%, depth=1

Run status group 0 (all jobs):
  WRITE: bw=1421MiB/s (1490MB/s), 1421MiB/s-1421MiB/s (1490MB/s-1490MB/s), io=1020MiB (1070MB), run=718-718msec

Disk stats (read/write):
  vdc: ios=0/0, sectors=0/0, merge=0/0, ticks=0/0, in_queue=0, util=0.00%
