buffered-write: (g=0): rw=write, bs=(R) 10.0MiB-10.0MiB, (W) 10.0MiB-10.0MiB, (T) 10.0MiB-10.0MiB, ioengine=psync, iodepth=1
fio-3.36
Starting 1 process

buffered-write: (groupid=0, jobs=1): err= 0: pid=520: Wed Aug 27 17:35:47 2025
  write: IOPS=127, BW=1273MiB/s (1335MB/s)(1020MiB/801msec); 0 zone resets
    clat (usec): min=6294, max=9857, avg=6973.03, stdev=454.36
     lat (usec): min=6856, max=10723, avg=7814.80, stdev=614.97
    clat percentiles (usec):
     |  1.00th=[ 6325],  5.00th=[ 6390], 10.00th=[ 6456], 20.00th=[ 6718],
     | 30.00th=[ 6783], 40.00th=[ 6849], 50.00th=[ 6849], 60.00th=[ 6915],
     | 70.00th=[ 7046], 80.00th=[ 7177], 90.00th=[ 7504], 95.00th=[ 7701],
     | 99.00th=[ 8029], 99.50th=[ 9896], 99.90th=[ 9896], 99.95th=[ 9896],
     | 99.99th=[ 9896]
   bw (  MiB/s): min= 1257, max= 1257, per=98.75%, avg=1257.48, stdev= 0.00, samples=1
   iops        : min=  125, max=  125, avg=125.00, stdev= 0.00, samples=1
  lat (msec)   : 10=100.00%
  cpu          : usr=9.50%, sys=88.25%, ctx=1, majf=0, minf=22
  IO depths    : 1=100.0%, 2=0.0%, 4=0.0%, 8=0.0%, 16=0.0%, 32=0.0%, >=64=0.0%
     submit    : 0=0.0%, 4=100.0%, 8=0.0%, 16=0.0%, 32=0.0%, 64=0.0%, >=64=0.0%
     complete  : 0=0.0%, 4=100.0%, 8=0.0%, 16=0.0%, 32=0.0%, 64=0.0%, >=64=0.0%
     issued rwts: total=0,102,0,0 short=0,0,0,0 dropped=0,0,0,0
     latency   : target=0, window=0, percentile=100.00%, depth=1

Run status group 0 (all jobs):
  WRITE: bw=1273MiB/s (1335MB/s), 1273MiB/s-1273MiB/s (1335MB/s-1335MB/s), io=1020MiB (1070MB), run=801-801msec

Disk stats (read/write):
  vdc: ios=0/0, sectors=0/0, merge=0/0, ticks=0/0, in_queue=0, util=0.00%
