buffered-write: (g=0): rw=write, bs=(R) 1024KiB-1024KiB, (W) 1024KiB-1024KiB, (T) 1024KiB-1024KiB, ioengine=psync, iodepth=1
fio-3.36
Starting 1 process

buffered-write: (groupid=0, jobs=1): err= 0: pid=849: Wed Aug 27 17:27:47 2025
  write: IOPS=1012, BW=1013MiB/s (1062MB/s)(1024MiB/1011msec); 0 zone resets
    clat (usec): min=724, max=3157, avg=948.32, stdev=241.98
     lat (usec): min=737, max=3185, avg=977.17, stdev=242.79
    clat percentiles (usec):
     |  1.00th=[  758],  5.00th=[  766], 10.00th=[  775], 20.00th=[  791],
     | 30.00th=[  799], 40.00th=[  816], 50.00th=[  832], 60.00th=[  873],
     | 70.00th=[  947], 80.00th=[ 1139], 90.00th=[ 1303], 95.00th=[ 1418],
     | 99.00th=[ 1663], 99.50th=[ 1844], 99.90th=[ 2769], 99.95th=[ 3163],
     | 99.99th=[ 3163]
   bw (  KiB/s): min=1038336, max=1040384, per=100.00%, avg=1039360.00, stdev=1448.15, samples=2
   iops        : min= 1014, max= 1016, avg=1015.00, stdev= 1.41, samples=2
  lat (usec)   : 750=0.49%, 1000=72.85%
  lat (msec)   : 2=26.17%, 4=0.49%
  cpu          : usr=6.73%, sys=81.58%, ctx=252, majf=0, minf=22
  IO depths    : 1=100.0%, 2=0.0%, 4=0.0%, 8=0.0%, 16=0.0%, 32=0.0%, >=64=0.0%
     submit    : 0=0.0%, 4=100.0%, 8=0.0%, 16=0.0%, 32=0.0%, 64=0.0%, >=64=0.0%
     complete  : 0=0.0%, 4=100.0%, 8=0.0%, 16=0.0%, 32=0.0%, 64=0.0%, >=64=0.0%
     issued rwts: total=0,1024,0,0 short=0,0,0,0 dropped=0,0,0,0
     latency   : target=0, window=0, percentile=100.00%, depth=1

Run status group 0 (all jobs):
  WRITE: bw=1013MiB/s (1062MB/s), 1013MiB/s-1013MiB/s (1062MB/s-1062MB/s), io=1024MiB (1074MB), run=1011-1011msec

Disk stats (read/write):
  vdc: ios=221/0, sectors=1768/0, merge=0/0, ticks=72/0, in_queue=72, util=6.54%
