buffered-write: (g=0): rw=write, bs=(R) 4096B-4096B, (W) 4096B-4096B, (T) 4096B-4096B, ioengine=psync, iodepth=1
fio-3.36
Starting 1 process

buffered-write: (groupid=0, jobs=1): err= 0: pid=616: Wed Aug 27 17:36:01 2025
  write: IOPS=99.6k, BW=389MiB/s (408MB/s)(1024MiB/2632msec); 0 zone resets
    clat (usec): min=6, max=407, avg= 8.21, stdev= 4.41
     lat (usec): min=6, max=416, avg= 8.50, stdev= 4.58
    clat percentiles (usec):
     |  1.00th=[    8],  5.00th=[    8], 10.00th=[    8], 20.00th=[    8],
     | 30.00th=[    8], 40.00th=[    8], 50.00th=[    8], 60.00th=[    8],
     | 70.00th=[    9], 80.00th=[    9], 90.00th=[    9], 95.00th=[    9],
     | 99.00th=[   13], 99.50th=[   19], 99.90th=[   87], 99.95th=[  109],
     | 99.99th=[  153]
   bw (  KiB/s): min=390828, max=404534, per=100.00%, avg=398390.20, stdev=5316.26, samples=5
   iops        : min=97707, max=101135, avg=99597.60, stdev=1329.44, samples=5
  lat (usec)   : 10=97.93%, 20=1.65%, 50=0.19%, 100=0.16%, 250=0.06%
  lat (usec)   : 500=0.01%
  cpu          : usr=83.58%, sys=14.44%, ctx=4, majf=0, minf=24
  IO depths    : 1=100.0%, 2=0.0%, 4=0.0%, 8=0.0%, 16=0.0%, 32=0.0%, >=64=0.0%
     submit    : 0=0.0%, 4=100.0%, 8=0.0%, 16=0.0%, 32=0.0%, 64=0.0%, >=64=0.0%
     complete  : 0=0.0%, 4=100.0%, 8=0.0%, 16=0.0%, 32=0.0%, 64=0.0%, >=64=0.0%
     issued rwts: total=0,262144,0,0 short=0,0,0,0 dropped=0,0,0,0
     latency   : target=0, window=0, percentile=100.00%, depth=1

Run status group 0 (all jobs):
  WRITE: bw=389MiB/s (408MB/s), 389MiB/s-389MiB/s (408MB/s-408MB/s), io=1024MiB (1074MB), run=2632-2632msec

Disk stats (read/write):
  vdc: ios=0/0, sectors=0/0, merge=0/0, ticks=0/0, in_queue=0, util=0.00%
