buffered-write: (g=0): rw=write, bs=(R) 128KiB-128KiB, (W) 128KiB-128KiB, (T) 128KiB-128KiB, ioengine=psync, iodepth=1
fio-3.36
Starting 1 process

buffered-write: (groupid=0, jobs=1): err= 0: pid=632: Wed Aug 27 17:36:03 2025
  write: IOPS=12.4k, BW=1547MiB/s (1622MB/s)(1024MiB/662msec); 0 zone resets
    clat (usec): min=66, max=371, avg=76.89, stdev=19.03
     lat (usec): min=68, max=382, avg=78.98, stdev=19.35
    clat percentiles (usec):
     |  1.00th=[   69],  5.00th=[   70], 10.00th=[   71], 20.00th=[   72],
     | 30.00th=[   72], 40.00th=[   73], 50.00th=[   74], 60.00th=[   74],
     | 70.00th=[   75], 80.00th=[   77], 90.00th=[   80], 95.00th=[   88],
     | 99.00th=[  174], 99.50th=[  196], 99.90th=[  310], 99.95th=[  343],
     | 99.99th=[  371]
   bw (  MiB/s): min= 1548, max= 1548, per=100.00%, avg=1548.25, stdev= 0.00, samples=1
   iops        : min=12386, max=12386, avg=12386.00, stdev= 0.00, samples=1
  lat (usec)   : 100=96.25%, 250=3.58%, 500=0.17%
  cpu          : usr=14.07%, sys=83.36%, ctx=2, majf=0, minf=22
  IO depths    : 1=100.0%, 2=0.0%, 4=0.0%, 8=0.0%, 16=0.0%, 32=0.0%, >=64=0.0%
     submit    : 0=0.0%, 4=100.0%, 8=0.0%, 16=0.0%, 32=0.0%, 64=0.0%, >=64=0.0%
     complete  : 0=0.0%, 4=100.0%, 8=0.0%, 16=0.0%, 32=0.0%, 64=0.0%, >=64=0.0%
     issued rwts: total=0,8192,0,0 short=0,0,0,0 dropped=0,0,0,0
     latency   : target=0, window=0, percentile=100.00%, depth=1

Run status group 0 (all jobs):
  WRITE: bw=1547MiB/s (1622MB/s), 1547MiB/s-1547MiB/s (1622MB/s-1622MB/s), io=1024MiB (1074MB), run=662-662msec

Disk stats (read/write):
  vdc: ios=0/0, sectors=0/0, merge=0/0, ticks=0/0, in_queue=0, util=0.00%
