buffered-read: (g=0): rw=read, bs=(R) 1024KiB-1024KiB, (W) 1024KiB-1024KiB, (T) 1024KiB-1024KiB, ioengine=psync, iodepth=1
fio-3.36
Starting 1 process

buffered-read: (groupid=0, jobs=1): err= 0: pid=437: Wed Aug 27 17:17:14 2025
  read: IOPS=752, BW=753MiB/s (790MB/s)(1024MiB/1360msec)
    clat (usec): min=853, max=40044, avg=1310.93, stdev=1341.14
     lat (usec): min=853, max=40390, avg=1312.51, stdev=1351.12
    clat percentiles (usec):
     |  1.00th=[  947],  5.00th=[ 1004], 10.00th=[ 1020], 20.00th=[ 1045],
     | 30.00th=[ 1074], 40.00th=[ 1106], 50.00th=[ 1123], 60.00th=[ 1172],
     | 70.00th=[ 1237], 80.00th=[ 1450], 90.00th=[ 1696], 95.00th=[ 1844],
     | 99.00th=[ 2540], 99.50th=[ 5080], 99.90th=[11731], 99.95th=[40109],
     | 99.99th=[40109]
   bw (  KiB/s): min=733184, max=776686, per=97.91%, avg=754935.00, stdev=30760.56, samples=2
   iops        : min=  716, max=  758, avg=737.00, stdev=29.70, samples=2
  lat (usec)   : 1000=4.88%
  lat (msec)   : 2=92.77%, 4=1.76%, 10=0.29%, 20=0.20%, 50=0.10%
  cpu          : usr=2.28%, sys=86.48%, ctx=38, majf=1, minf=280
  IO depths    : 1=100.0%, 2=0.0%, 4=0.0%, 8=0.0%, 16=0.0%, 32=0.0%, >=64=0.0%
     submit    : 0=0.0%, 4=100.0%, 8=0.0%, 16=0.0%, 32=0.0%, 64=0.0%, >=64=0.0%
     complete  : 0=0.0%, 4=100.0%, 8=0.0%, 16=0.0%, 32=0.0%, 64=0.0%, >=64=0.0%
     issued rwts: total=1024,0,0,0 short=0,0,0,0 dropped=0,0,0,0
     latency   : target=0, window=0, percentile=100.00%, depth=1

Run status group 0 (all jobs):
   READ: bw=753MiB/s (790MB/s), 753MiB/s-753MiB/s (790MB/s-790MB/s), io=1024MiB (1074MB), run=1360-1360msec

Disk stats (read/write):
  vdc: ios=1021/0, sectors=2082848/0, merge=0/0, ticks=903/0, in_queue=903, util=52.04%
