buffered-read: (g=0): rw=read, bs=(R) 100MiB-100MiB, (W) 100MiB-100MiB, (T) 100MiB-100MiB, ioengine=psync, iodepth=1
fio-3.36
Starting 1 process

buffered-read: (groupid=0, jobs=1): err= 0: pid=587: Wed Aug 27 17:17:35 2025
  read: IOPS=7, BW=724MiB/s (759MB/s)(1000MiB/1382msec)
    clat (msec): min=122, max=179, avg=137.43, stdev=15.31
     lat (msec): min=122, max=179, avg=137.48, stdev=15.46
    clat percentiles (msec):
     |  1.00th=[  123],  5.00th=[  123], 10.00th=[  123], 20.00th=[  131],
     | 30.00th=[  132], 40.00th=[  134], 50.00th=[  136], 60.00th=[  136],
     | 70.00th=[  136], 80.00th=[  136], 90.00th=[  138], 95.00th=[  180],
     | 99.00th=[  180], 99.50th=[  180], 99.90th=[  180], 99.95th=[  180],
     | 99.99th=[  180]
   bw (  KiB/s): min=613173, max=815936, per=96.44%, avg=714554.50, stdev=143375.09, samples=2
   iops        : min=    5, max=    7, avg= 6.00, stdev= 1.41, samples=2
  lat (msec)   : 250=100.00%
  cpu          : usr=0.29%, sys=89.72%, ctx=4, majf=1, minf=587
  IO depths    : 1=100.0%, 2=0.0%, 4=0.0%, 8=0.0%, 16=0.0%, 32=0.0%, >=64=0.0%
     submit    : 0=0.0%, 4=100.0%, 8=0.0%, 16=0.0%, 32=0.0%, 64=0.0%, >=64=0.0%
     complete  : 0=0.0%, 4=100.0%, 8=0.0%, 16=0.0%, 32=0.0%, 64=0.0%, >=64=0.0%
     issued rwts: total=10,0,0,0 short=0,0,0,0 dropped=0,0,0,0
     latency   : target=0, window=0, percentile=100.00%, depth=1

Run status group 0 (all jobs):
   READ: bw=724MiB/s (759MB/s), 724MiB/s-724MiB/s (759MB/s-759MB/s), io=1000MiB (1049MB), run=1382-1382msec

Disk stats (read/write):
  vdc: ios=786/0, sectors=2009600/0, merge=0/0, ticks=524/0, in_queue=525, util=32.93%
