buffered-write: (g=0): rw=write, bs=(R) 4096B-4096B, (W) 4096B-4096B, (T) 4096B-4096B, ioengine=psync, iodepth=1
fio-3.36
Starting 1 process

buffered-write: (groupid=0, jobs=1): err= 0: pid=584: Wed Aug 27 17:35:55 2025
  write: IOPS=98.1k, BW=383MiB/s (402MB/s)(1024MiB/2672msec); 0 zone resets
    clat (usec): min=6, max=250, avg= 8.38, stdev= 4.27
     lat (usec): min=6, max=400, avg= 8.69, stdev= 4.46
    clat percentiles (usec):
     |  1.00th=[    8],  5.00th=[    8], 10.00th=[    8], 20.00th=[    8],
     | 30.00th=[    8], 40.00th=[    8], 50.00th=[    9], 60.00th=[    9],
     | 70.00th=[    9], 80.00th=[    9], 90.00th=[    9], 95.00th=[    9],
     | 99.00th=[   13], 99.50th=[   19], 99.90th=[   86], 99.95th=[  108],
     | 99.99th=[  155]
   bw (  KiB/s): min=382270, max=406063, per=99.88%, avg=391978.60, stdev=10045.16, samples=5
   iops        : min=95567, max=101515, avg=97994.00, stdev=2511.70, samples=5
  lat (usec)   : 10=97.57%, 20=2.01%, 50=0.19%, 100=0.16%, 250=0.07%
  lat (usec)   : 500=0.01%
  cpu          : usr=81.77%, sys=15.20%, ctx=4, majf=0, minf=25
  IO depths    : 1=100.0%, 2=0.0%, 4=0.0%, 8=0.0%, 16=0.0%, 32=0.0%, >=64=0.0%
     submit    : 0=0.0%, 4=100.0%, 8=0.0%, 16=0.0%, 32=0.0%, 64=0.0%, >=64=0.0%
     complete  : 0=0.0%, 4=100.0%, 8=0.0%, 16=0.0%, 32=0.0%, 64=0.0%, >=64=0.0%
     issued rwts: total=0,262144,0,0 short=0,0,0,0 dropped=0,0,0,0
     latency   : target=0, window=0, percentile=100.00%, depth=1

Run status group 0 (all jobs):
  WRITE: bw=383MiB/s (402MB/s), 383MiB/s-383MiB/s (402MB/s-402MB/s), io=1024MiB (1074MB), run=2672-2672msec

Disk stats (read/write):
  vdc: ios=0/0, sectors=0/0, merge=0/0, ticks=0/0, in_queue=0, util=0.00%
