buffered-write: (g=0): rw=write, bs=(R) 100MiB-100MiB, (W) 100MiB-100MiB, (T) 100MiB-100MiB, ioengine=psync, iodepth=1
fio-3.36
Starting 1 process

buffered-write: (groupid=0, jobs=1): err= 0: pid=568: Wed Aug 27 17:35:52 2025
  write: IOPS=12, BW=1236MiB/s (1296MB/s)(1000MiB/809msec); 0 zone resets
    clat (usec): min=69604, max=72960, avg=71125.74, stdev=1044.56
     lat (usec): min=78930, max=82587, avg=80729.13, stdev=1106.06
    clat percentiles (usec):
     |  1.00th=[69731],  5.00th=[69731], 10.00th=[69731], 20.00th=[69731],
     | 30.00th=[70779], 40.00th=[70779], 50.00th=[70779], 60.00th=[70779],
     | 70.00th=[70779], 80.00th=[71828], 90.00th=[72877], 95.00th=[72877],
     | 99.00th=[72877], 99.50th=[72877], 99.90th=[72877], 99.95th=[72877],
     | 99.99th=[72877]
   bw (  MiB/s): min= 1188, max= 1188, per=96.12%, avg=1188.12, stdev= 0.00, samples=1
   iops        : min=   11, max=   11, avg=11.00, stdev= 0.00, samples=1
  lat (msec)   : 100=100.00%
  cpu          : usr=10.40%, sys=85.27%, ctx=1, majf=0, minf=22
  IO depths    : 1=100.0%, 2=0.0%, 4=0.0%, 8=0.0%, 16=0.0%, 32=0.0%, >=64=0.0%
     submit    : 0=0.0%, 4=100.0%, 8=0.0%, 16=0.0%, 32=0.0%, 64=0.0%, >=64=0.0%
     complete  : 0=0.0%, 4=100.0%, 8=0.0%, 16=0.0%, 32=0.0%, 64=0.0%, >=64=0.0%
     issued rwts: total=0,10,0,0 short=0,0,0,0 dropped=0,0,0,0
     latency   : target=0, window=0, percentile=100.00%, depth=1

Run status group 0 (all jobs):
  WRITE: bw=1236MiB/s (1296MB/s), 1236MiB/s-1236MiB/s (1296MB/s-1296MB/s), io=1000MiB (1049MB), run=809-809msec

Disk stats (read/write):
  vdc: ios=0/0, sectors=0/0, merge=0/0, ticks=0/0, in_queue=0, util=0.00%
