buffered-write: (g=0): rw=write, bs=(R) 1024KiB-1024KiB, (W) 1024KiB-1024KiB, (T) 1024KiB-1024KiB, ioengine=psync, iodepth=1
fio-3.36
Starting 1 process

buffered-write: (groupid=0, jobs=1): err= 0: pid=456: Wed Aug 27 17:35:42 2025
  write: IOPS=2015, BW=2016MiB/s (2114MB/s)(1024MiB/508msec); 0 zone resets
    clat (usec): min=404, max=1342, avg=470.40, stdev=78.47
     lat (usec): min=415, max=1367, avg=489.06, stdev=80.46
    clat percentiles (usec):
     |  1.00th=[  416],  5.00th=[  429], 10.00th=[  437], 20.00th=[  445],
     | 30.00th=[  445], 40.00th=[  449], 50.00th=[  453], 60.00th=[  457],
     | 70.00th=[  465], 80.00th=[  474], 90.00th=[  506], 95.00th=[  545],
     | 99.00th=[  979], 99.50th=[ 1045], 99.90th=[ 1319], 99.95th=[ 1336],
     | 99.99th=[ 1336]
   bw (  MiB/s): min= 2020, max= 2020, per=100.00%, avg=2020.00, stdev= 0.00, samples=1
   iops        : min= 2020, max= 2020, avg=2020.00, stdev= 0.00, samples=1
  lat (usec)   : 500=88.09%, 750=10.74%, 1000=0.29%
  lat (msec)   : 2=0.88%
  cpu          : usr=10.85%, sys=87.38%, ctx=1, majf=0, minf=22
  IO depths    : 1=100.0%, 2=0.0%, 4=0.0%, 8=0.0%, 16=0.0%, 32=0.0%, >=64=0.0%
     submit    : 0=0.0%, 4=100.0%, 8=0.0%, 16=0.0%, 32=0.0%, 64=0.0%, >=64=0.0%
     complete  : 0=0.0%, 4=100.0%, 8=0.0%, 16=0.0%, 32=0.0%, 64=0.0%, >=64=0.0%
     issued rwts: total=0,1024,0,0 short=0,0,0,0 dropped=0,0,0,0
     latency   : target=0, window=0, percentile=100.00%, depth=1

Run status group 0 (all jobs):
  WRITE: bw=2016MiB/s (2114MB/s), 2016MiB/s-2016MiB/s (2114MB/s-2114MB/s), io=1024MiB (1074MB), run=508-508msec

Disk stats (read/write):
  vdc: ios=0/0, sectors=0/0, merge=0/0, ticks=0/0, in_queue=0, util=0.00%
