buffered-read: (g=0): rw=read, bs=(R) 100MiB-100MiB, (W) 100MiB-100MiB, (T) 100MiB-100MiB, ioengine=psync, iodepth=1
fio-3.36
Starting 1 process

buffered-read: (groupid=0, jobs=1): err= 0: pid=637: Wed Aug 27 17:17:42 2025
  read: IOPS=7, BW=711MiB/s (745MB/s)(1000MiB/1407msec)
    clat (msec): min=122, max=212, avg=140.21, stdev=25.92
     lat (msec): min=122, max=213, avg=140.23, stdev=25.96
    clat percentiles (msec):
     |  1.00th=[  123],  5.00th=[  123], 10.00th=[  123], 20.00th=[  130],
     | 30.00th=[  130], 40.00th=[  132], 50.00th=[  133], 60.00th=[  133],
     | 70.00th=[  136], 80.00th=[  138], 90.00th=[  138], 95.00th=[  213],
     | 99.00th=[  213], 99.50th=[  213], 99.90th=[  213], 99.95th=[  213],
     | 99.99th=[  213]
   bw (  KiB/s): min=613173, max=613173, per=84.25%, avg=613173.00, stdev= 0.00, samples=2
   iops        : min=    5, max=    5, avg= 5.00, stdev= 0.00, samples=2
  lat (msec)   : 250=100.00%
  cpu          : usr=0.50%, sys=90.48%, ctx=4, majf=1, minf=587
  IO depths    : 1=100.0%, 2=0.0%, 4=0.0%, 8=0.0%, 16=0.0%, 32=0.0%, >=64=0.0%
     submit    : 0=0.0%, 4=100.0%, 8=0.0%, 16=0.0%, 32=0.0%, 64=0.0%, >=64=0.0%
     complete  : 0=0.0%, 4=100.0%, 8=0.0%, 16=0.0%, 32=0.0%, 64=0.0%, >=64=0.0%
     issued rwts: total=10,0,0,0 short=0,0,0,0 dropped=0,0,0,0
     latency   : target=0, window=0, percentile=100.00%, depth=1

Run status group 0 (all jobs):
   READ: bw=711MiB/s (745MB/s), 711MiB/s-711MiB/s (745MB/s-745MB/s), io=1000MiB (1049MB), run=1407-1407msec

Disk stats (read/write):
  vdc: ios=771/0, sectors=1971200/0, merge=0/0, ticks=497/0, in_queue=497, util=29.43%
