buffered-read: (g=0): rw=read, bs=(R) 1024KiB-1024KiB, (W) 1024KiB-1024KiB, (T) 1024KiB-1024KiB, ioengine=psync, iodepth=1
fio-3.36
Starting 1 process

buffered-read: (groupid=0, jobs=1): err= 0: pid=462: Wed Aug 27 17:17:18 2025
  read: IOPS=862, BW=863MiB/s (905MB/s)(1024MiB/1187msec)
    clat (usec): min=674, max=18408, avg=1133.62, stdev=563.94
     lat (usec): min=675, max=18735, avg=1136.38, stdev=573.80
    clat percentiles (usec):
     |  1.00th=[  922],  5.00th=[  947], 10.00th=[  979], 20.00th=[ 1012],
     | 30.00th=[ 1045], 40.00th=[ 1057], 50.00th=[ 1090], 60.00th=[ 1106],
     | 70.00th=[ 1156], 80.00th=[ 1205], 90.00th=[ 1270], 95.00th=[ 1336],
     | 99.00th=[ 1614], 99.50th=[ 2376], 99.90th=[ 2900], 99.95th=[18482],
     | 99.99th=[18482]
   bw (  KiB/s): min=849920, max=911584, per=99.70%, avg=880752.00, stdev=43603.03, samples=2
   iops        : min=  830, max=  890, avg=860.00, stdev=42.43, samples=2
  lat (usec)   : 750=0.10%, 1000=16.70%
  lat (msec)   : 2=82.62%, 4=0.49%, 20=0.10%
  cpu          : usr=4.13%, sys=84.75%, ctx=16, majf=1, minf=280
  IO depths    : 1=100.0%, 2=0.0%, 4=0.0%, 8=0.0%, 16=0.0%, 32=0.0%, >=64=0.0%
     submit    : 0=0.0%, 4=100.0%, 8=0.0%, 16=0.0%, 32=0.0%, 64=0.0%, >=64=0.0%
     complete  : 0=0.0%, 4=100.0%, 8=0.0%, 16=0.0%, 32=0.0%, 64=0.0%, >=64=0.0%
     issued rwts: total=1024,0,0,0 short=0,0,0,0 dropped=0,0,0,0
     latency   : target=0, window=0, percentile=100.00%, depth=1

Run status group 0 (all jobs):
   READ: bw=863MiB/s (905MB/s), 863MiB/s-863MiB/s (905MB/s-905MB/s), io=1024MiB (1074MB), run=1187-1187msec

Disk stats (read/write):
  vdc: ios=948/0, sectors=1941504/0, merge=0/0, ticks=473/0, in_queue=473, util=31.05%
