buffered-write: (g=0): rw=write, bs=(R) 4096B-4096B, (W) 4096B-4096B, (T) 4096B-4096B, ioengine=psync, iodepth=1
fio-3.36
Starting 1 process

buffered-write: (groupid=0, jobs=1): err= 0: pid=600: Wed Aug 27 17:35:58 2025
  write: IOPS=99.2k, BW=387MiB/s (406MB/s)(1024MiB/2643msec); 0 zone resets
    clat (usec): min=6, max=556, avg= 8.27, stdev= 4.31
     lat (usec): min=6, max=564, avg= 8.57, stdev= 4.52
    clat percentiles (usec):
     |  1.00th=[    8],  5.00th=[    8], 10.00th=[    8], 20.00th=[    8],
     | 30.00th=[    8], 40.00th=[    8], 50.00th=[    8], 60.00th=[    9],
     | 70.00th=[    9], 80.00th=[    9], 90.00th=[    9], 95.00th=[    9],
     | 99.00th=[   13], 99.50th=[   20], 99.90th=[   84], 99.95th=[  103],
     | 99.99th=[  147]
   bw (  KiB/s): min=390398, max=399752, per=99.96%, avg=396565.00, stdev=3821.59, samples=5
   iops        : min=97599, max=99940, avg=99141.80, stdev=955.99, samples=5
  lat (usec)   : 10=97.83%, 20=1.70%, 50=0.26%, 100=0.16%, 250=0.05%
  lat (usec)   : 500=0.01%, 750=0.01%
  cpu          : usr=82.63%, sys=14.84%, ctx=3, majf=0, minf=25
  IO depths    : 1=100.0%, 2=0.0%, 4=0.0%, 8=0.0%, 16=0.0%, 32=0.0%, >=64=0.0%
     submit    : 0=0.0%, 4=100.0%, 8=0.0%, 16=0.0%, 32=0.0%, 64=0.0%, >=64=0.0%
     complete  : 0=0.0%, 4=100.0%, 8=0.0%, 16=0.0%, 32=0.0%, 64=0.0%, >=64=0.0%
     issued rwts: total=0,262144,0,0 short=0,0,0,0 dropped=0,0,0,0
     latency   : target=0, window=0, percentile=100.00%, depth=1

Run status group 0 (all jobs):
  WRITE: bw=387MiB/s (406MB/s), 387MiB/s-387MiB/s (406MB/s-406MB/s), io=1024MiB (1074MB), run=2643-2643msec

Disk stats (read/write):
  vdc: ios=0/0, sectors=0/0, merge=0/0, ticks=0/0, in_queue=0, util=0.00%
