buffered-write: (g=0): rw=write, bs=(R) 1024KiB-1024KiB, (W) 1024KiB-1024KiB, (T) 1024KiB-1024KiB, ioengine=psync, iodepth=1
fio-3.36
Starting 1 process

buffered-write: (groupid=0, jobs=1): err= 0: pid=424: Wed Aug 27 17:35:39 2025
  write: IOPS=547, BW=547MiB/s (574MB/s)(1024MiB/1871msec); 0 zone resets
    clat (usec): min=1424, max=7434, avg=1781.57, stdev=316.52
     lat (usec): min=1441, max=7662, avg=1810.44, stdev=320.22
    clat percentiles (usec):
     |  1.00th=[ 1450],  5.00th=[ 1516], 10.00th=[ 1532], 20.00th=[ 1582],
     | 30.00th=[ 1614], 40.00th=[ 1647], 50.00th=[ 1696], 60.00th=[ 1745],
     | 70.00th=[ 1844], 80.00th=[ 1991], 90.00th=[ 2147], 95.00th=[ 2278],
     | 99.00th=[ 2474], 99.50th=[ 2573], 99.90th=[ 4752], 99.95th=[ 7439],
     | 99.99th=[ 7439]
   bw (  KiB/s): min=550912, max=564119, per=99.45%, avg=557362.33, stdev=6608.83, samples=3
   iops        : min=  538, max=  550, avg=544.00, stdev= 6.00, samples=3
  lat (msec)   : 2=81.25%, 4=18.55%, 10=0.20%
  cpu          : usr=3.78%, sys=88.71%, ctx=261, majf=1, minf=26
  IO depths    : 1=100.0%, 2=0.0%, 4=0.0%, 8=0.0%, 16=0.0%, 32=0.0%, >=64=0.0%
     submit    : 0=0.0%, 4=100.0%, 8=0.0%, 16=0.0%, 32=0.0%, 64=0.0%, >=64=0.0%
     complete  : 0=0.0%, 4=100.0%, 8=0.0%, 16=0.0%, 32=0.0%, 64=0.0%, >=64=0.0%
     issued rwts: total=0,1024,0,0 short=0,0,0,0 dropped=0,0,0,0
     latency   : target=0, window=0, percentile=100.00%, depth=1

Run status group 0 (all jobs):
  WRITE: bw=547MiB/s (574MB/s), 547MiB/s-547MiB/s (574MB/s-574MB/s), io=1024MiB (1074MB), run=1871-1871msec

Disk stats (read/write):
  vdc: ios=254/0, sectors=2032/0, merge=0/0, ticks=80/0, in_queue=80, util=2.85%
