buffered-read: (g=0): rw=read, bs=(R) 4096B-4096B, (W) 4096B-4096B, (T) 4096B-4096B, ioengine=psync, iodepth=1
fio-3.36
Starting 1 process

buffered-read: (groupid=0, jobs=1): err= 0: pid=662: Wed Aug 27 17:17:48 2025
  read: IOPS=66.6k, BW=260MiB/s (273MB/s)(1024MiB/3937msec)
    clat (usec): min=2, max=9217, avg=11.61, stdev=41.86
     lat (usec): min=2, max=9217, avg=12.26, stdev=42.53
    clat percentiles (usec):
     |  1.00th=[    4],  5.00th=[    4], 10.00th=[    4], 20.00th=[    4],
     | 30.00th=[    4], 40.00th=[    4], 50.00th=[    4], 60.00th=[    4],
     | 70.00th=[    5], 80.00th=[    5], 90.00th=[    8], 95.00th=[   88],
     | 99.00th=[  163], 99.50th=[  217], 99.90th=[  343], 99.95th=[  429],
     | 99.99th=[  693]
   bw (  KiB/s): min=220135, max=295418, per=100.00%, avg=267990.57, stdev=26748.66, samples=7
   iops        : min=55045, max=73856, avg=66999.00, stdev=6681.65, samples=7
  lat (usec)   : 4=69.10%, 10=23.23%, 20=1.79%, 50=0.74%, 100=1.03%
  lat (usec)   : 250=3.82%, 500=0.26%, 750=0.03%, 1000=0.01%
  lat (msec)   : 2=0.01%, 4=0.01%, 10=0.01%
  cpu          : usr=44.82%, sys=34.08%, ctx=61, majf=1, minf=27
  IO depths    : 1=100.0%, 2=0.0%, 4=0.0%, 8=0.0%, 16=0.0%, 32=0.0%, >=64=0.0%
     submit    : 0=0.0%, 4=100.0%, 8=0.0%, 16=0.0%, 32=0.0%, 64=0.0%, >=64=0.0%
     complete  : 0=0.0%, 4=100.0%, 8=0.0%, 16=0.0%, 32=0.0%, 64=0.0%, >=64=0.0%
     issued rwts: total=262144,0,0,0 short=0,0,0,0 dropped=0,0,0,0
     latency   : target=0, window=0, percentile=100.00%, depth=1

Run status group 0 (all jobs):
   READ: bw=260MiB/s (273MB/s), 260MiB/s-260MiB/s (273MB/s-273MB/s), io=1024MiB (1074MB), run=3937-3937msec

Disk stats (read/write):
  vdc: ios=8081/0, sectors=2067184/0, merge=0/0, ticks=1944/0, in_queue=1944, util=33.33%
