buffered-read: (g=0): rw=read, bs=(R) 100MiB-100MiB, (W) 100MiB-100MiB, (T) 100MiB-100MiB, ioengine=psync, iodepth=1
fio-3.36
Starting 1 process

buffered-read: (groupid=0, jobs=1): err= 0: pid=612: Wed Aug 27 17:17:39 2025
  read: IOPS=6, BW=683MiB/s (716MB/s)(1000MiB/1464msec)
    clat (msec): min=132, max=236, avg=145.88, stdev=31.99
     lat (msec): min=132, max=236, avg=145.89, stdev=32.03
    clat percentiles (msec):
     |  1.00th=[  133],  5.00th=[  133], 10.00th=[  133], 20.00th=[  133],
     | 30.00th=[  136], 40.00th=[  136], 50.00th=[  136], 60.00th=[  138],
     | 70.00th=[  138], 80.00th=[  138], 90.00th=[  140], 95.00th=[  236],
     | 99.00th=[  236], 99.50th=[  236], 99.90th=[  236], 99.95th=[  236],
     | 99.99th=[  236]
   bw (  KiB/s): min=408782, max=817564, per=87.66%, avg=613173.00, stdev=289052.52, samples=2
   iops        : min=    3, max=    7, avg= 5.00, stdev= 2.83, samples=2
  lat (msec)   : 250=100.00%
  cpu          : usr=0.68%, sys=89.69%, ctx=3, majf=1, minf=587
  IO depths    : 1=100.0%, 2=0.0%, 4=0.0%, 8=0.0%, 16=0.0%, 32=0.0%, >=64=0.0%
     submit    : 0=0.0%, 4=100.0%, 8=0.0%, 16=0.0%, 32=0.0%, 64=0.0%, >=64=0.0%
     complete  : 0=0.0%, 4=100.0%, 8=0.0%, 16=0.0%, 32=0.0%, 64=0.0%, >=64=0.0%
     issued rwts: total=10,0,0,0 short=0,0,0,0 dropped=0,0,0,0
     latency   : target=0, window=0, percentile=100.00%, depth=1

Run status group 0 (all jobs):
   READ: bw=683MiB/s (716MB/s), 683MiB/s-683MiB/s (716MB/s-716MB/s), io=1000MiB (1049MB), run=1464-1464msec

Disk stats (read/write):
  vdc: ios=745/0, sectors=1904640/0, merge=0/0, ticks=547/0, in_queue=547, util=31.46%
