buffered-read: (g=0): rw=read, bs=(R) 128KiB-128KiB, (W) 128KiB-128KiB, (T) 128KiB-128KiB, ioengine=psync, iodepth=1
fio-3.36
Starting 1 process

buffered-read: (groupid=0, jobs=1): err= 0: pid=762: Wed Aug 27 17:18:10 2025
  read: IOPS=3484, BW=436MiB/s (457MB/s)(1024MiB/2351msec)
    clat (usec): min=138, max=3760, avg=276.34, stdev=85.38
     lat (usec): min=139, max=3933, avg=278.53, stdev=86.20
    clat percentiles (usec):
     |  1.00th=[  161],  5.00th=[  172], 10.00th=[  190], 20.00th=[  243],
     | 30.00th=[  251], 40.00th=[  258], 50.00th=[  265], 60.00th=[  269],
     | 70.00th=[  277], 80.00th=[  293], 90.00th=[  375], 95.00th=[  424],
     | 99.00th=[  529], 99.50th=[  586], 99.90th=[  824], 99.95th=[ 1012],
     | 99.99th=[ 3752]
   bw (  KiB/s): min=441996, max=459369, per=100.00%, avg=447075.25, stdev=8312.50, samples=4
   iops        : min= 3453, max= 3590, avg=3493.00, stdev=65.57, samples=4
  lat (usec)   : 250=28.88%, 500=69.63%, 750=1.33%, 1000=0.10%
  lat (msec)   : 2=0.05%, 4=0.01%
  cpu          : usr=3.74%, sys=62.31%, ctx=375, majf=1, minf=58
  IO depths    : 1=100.0%, 2=0.0%, 4=0.0%, 8=0.0%, 16=0.0%, 32=0.0%, >=64=0.0%
     submit    : 0=0.0%, 4=100.0%, 8=0.0%, 16=0.0%, 32=0.0%, 64=0.0%, >=64=0.0%
     complete  : 0=0.0%, 4=100.0%, 8=0.0%, 16=0.0%, 32=0.0%, 64=0.0%, >=64=0.0%
     issued rwts: total=8192,0,0,0 short=0,0,0,0 dropped=0,0,0,0
     latency   : target=0, window=0, percentile=100.00%, depth=1

Run status group 0 (all jobs):
   READ: bw=436MiB/s (457MB/s), 436MiB/s-436MiB/s (457MB/s-457MB/s), io=1024MiB (1074MB), run=2351-2351msec

Disk stats (read/write):
  vdc: ios=8198/0, sectors=2097200/0, merge=0/0, ticks=1766/0, in_queue=1765, util=47.12%
