buffered-write: (g=0): rw=write, bs=(R) 128KiB-128KiB, (W) 128KiB-128KiB, (T) 128KiB-128KiB, ioengine=psync, iodepth=1
fio-3.36
Starting 1 process

buffered-write: (groupid=0, jobs=1): err= 0: pid=664: Wed Aug 27 17:36:05 2025
  write: IOPS=12.5k, BW=1561MiB/s (1637MB/s)(1024MiB/656msec); 0 zone resets
    clat (usec): min=67, max=360, avg=76.64, stdev=16.72
     lat (usec): min=68, max=362, avg=78.24, stdev=17.12
    clat percentiles (usec):
     |  1.00th=[   70],  5.00th=[   70], 10.00th=[   71], 20.00th=[   72],
     | 30.00th=[   73], 40.00th=[   74], 50.00th=[   74], 60.00th=[   75],
     | 70.00th=[   76], 80.00th=[   78], 90.00th=[   81], 95.00th=[   85],
     | 99.00th=[  172], 99.50th=[  206], 99.90th=[  253], 99.95th=[  262],
     | 99.99th=[  363]
   bw (  MiB/s): min= 1560, max= 1560, per=99.95%, avg=1560.13, stdev= 0.00, samples=1
   iops        : min=12481, max=12481, avg=12481.00, stdev= 0.00, samples=1
  lat (usec)   : 100=97.69%, 250=2.20%, 500=0.11%
  cpu          : usr=18.93%, sys=78.78%, ctx=1, majf=0, minf=22
  IO depths    : 1=100.0%, 2=0.0%, 4=0.0%, 8=0.0%, 16=0.0%, 32=0.0%, >=64=0.0%
     submit    : 0=0.0%, 4=100.0%, 8=0.0%, 16=0.0%, 32=0.0%, 64=0.0%, >=64=0.0%
     complete  : 0=0.0%, 4=100.0%, 8=0.0%, 16=0.0%, 32=0.0%, 64=0.0%, >=64=0.0%
     issued rwts: total=0,8192,0,0 short=0,0,0,0 dropped=0,0,0,0
     latency   : target=0, window=0, percentile=100.00%, depth=1

Run status group 0 (all jobs):
  WRITE: bw=1561MiB/s (1637MB/s), 1561MiB/s-1561MiB/s (1637MB/s-1637MB/s), io=1024MiB (1074MB), run=656-656msec

Disk stats (read/write):
  vdc: ios=0/0, sectors=0/0, merge=0/0, ticks=0/0, in_queue=0, util=0.00%
