buffered-write: (g=0): rw=write, bs=(R) 100MiB-100MiB, (W) 100MiB-100MiB, (T) 100MiB-100MiB, ioengine=psync, iodepth=1
fio-3.36
Starting 1 process

buffered-write: (groupid=0, jobs=1): err= 0: pid=536: Wed Aug 27 17:35:48 2025
  write: IOPS=11, BW=1186MiB/s (1244MB/s)(1000MiB/843msec); 0 zone resets
    clat (usec): min=70955, max=76738, avg=73150.30, stdev=1786.67
     lat (usec): min=76650, max=88744, avg=84097.10, stdev=4000.06
    clat percentiles (usec):
     |  1.00th=[70779],  5.00th=[70779], 10.00th=[70779], 20.00th=[70779],
     | 30.00th=[71828], 40.00th=[72877], 50.00th=[72877], 60.00th=[72877],
     | 70.00th=[73925], 80.00th=[73925], 90.00th=[74974], 95.00th=[77071],
     | 99.00th=[77071], 99.50th=[77071], 99.90th=[77071], 99.95th=[77071],
     | 99.99th=[77071]
   bw (  MiB/s): min= 1197, max= 1197, per=100.00%, avg=1197.60, stdev= 0.00, samples=1
   iops        : min=   11, max=   11, avg=11.00, stdev= 0.00, samples=1
  lat (msec)   : 100=100.00%
  cpu          : usr=13.18%, sys=84.92%, ctx=2, majf=0, minf=22
  IO depths    : 1=100.0%, 2=0.0%, 4=0.0%, 8=0.0%, 16=0.0%, 32=0.0%, >=64=0.0%
     submit    : 0=0.0%, 4=100.0%, 8=0.0%, 16=0.0%, 32=0.0%, 64=0.0%, >=64=0.0%
     complete  : 0=0.0%, 4=100.0%, 8=0.0%, 16=0.0%, 32=0.0%, 64=0.0%, >=64=0.0%
     issued rwts: total=0,10,0,0 short=0,0,0,0 dropped=0,0,0,0
     latency   : target=0, window=0, percentile=100.00%, depth=1

Run status group 0 (all jobs):
  WRITE: bw=1186MiB/s (1244MB/s), 1186MiB/s-1186MiB/s (1244MB/s-1244MB/s), io=1000MiB (1049MB), run=843-843msec

Disk stats (read/write):
  vdc: ios=0/0, sectors=0/0, merge=0/0, ticks=0/0, in_queue=0, util=0.00%
