buffered-write: (g=0): rw=write, bs=(R) 1024KiB-1024KiB, (W) 1024KiB-1024KiB, (T) 1024KiB-1024KiB, ioengine=psync, iodepth=1
fio-3.36
Starting 1 process

buffered-write: (groupid=0, jobs=1): err= 0: pid=472: Wed Aug 27 17:35:43 2025
  write: IOPS=2000, BW=2000MiB/s (2097MB/s)(1024MiB/512msec); 0 zone resets
    clat (usec): min=421, max=1097, avg=472.30, stdev=42.78
     lat (usec): min=436, max=1231, avg=494.56, stdev=47.66
    clat percentiles (usec):
     |  1.00th=[  429],  5.00th=[  437], 10.00th=[  441], 20.00th=[  445],
     | 30.00th=[  453], 40.00th=[  457], 50.00th=[  465], 60.00th=[  469],
     | 70.00th=[  478], 80.00th=[  486], 90.00th=[  515], 95.00th=[  545],
     | 99.00th=[  627], 99.50th=[  668], 99.90th=[  758], 99.95th=[ 1106],
     | 99.99th=[ 1106]
   bw (  MiB/s): min= 2000, max= 2000, per=100.00%, avg=2000.00, stdev= 0.00, samples=1
   iops        : min= 2000, max= 2000, avg=2000.00, stdev= 0.00, samples=1
  lat (usec)   : 500=86.72%, 750=13.09%, 1000=0.10%
  lat (msec)   : 2=0.10%
  cpu          : usr=4.50%, sys=93.93%, ctx=0, majf=0, minf=22
  IO depths    : 1=100.0%, 2=0.0%, 4=0.0%, 8=0.0%, 16=0.0%, 32=0.0%, >=64=0.0%
     submit    : 0=0.0%, 4=100.0%, 8=0.0%, 16=0.0%, 32=0.0%, 64=0.0%, >=64=0.0%
     complete  : 0=0.0%, 4=100.0%, 8=0.0%, 16=0.0%, 32=0.0%, 64=0.0%, >=64=0.0%
     issued rwts: total=0,1024,0,0 short=0,0,0,0 dropped=0,0,0,0
     latency   : target=0, window=0, percentile=100.00%, depth=1

Run status group 0 (all jobs):
  WRITE: bw=2000MiB/s (2097MB/s), 2000MiB/s-2000MiB/s (2097MB/s-2097MB/s), io=1024MiB (1074MB), run=512-512msec

Disk stats (read/write):
  vdc: ios=0/0, sectors=0/0, merge=0/0, ticks=0/0, in_queue=0, util=0.00%
