buffered-read: (g=0): rw=read, bs=(R) 128KiB-128KiB, (W) 128KiB-128KiB, (T) 128KiB-128KiB, ioengine=psync, iodepth=1
fio-3.36
Starting 1 process

buffered-read: (groupid=0, jobs=1): err= 0: pid=737: Wed Aug 27 17:18:05 2025
  read: IOPS=3485, BW=436MiB/s (457MB/s)(1024MiB/2350msec)
    clat (usec): min=134, max=9210, avg=277.95, stdev=134.82
     lat (usec): min=136, max=9211, avg=279.36, stdev=135.47
    clat percentiles (usec):
     |  1.00th=[  153],  5.00th=[  174], 10.00th=[  221], 20.00th=[  243],
     | 30.00th=[  249], 40.00th=[  255], 50.00th=[  260], 60.00th=[  265],
     | 70.00th=[  273], 80.00th=[  297], 90.00th=[  363], 95.00th=[  424],
     | 99.00th=[  553], 99.50th=[  644], 99.90th=[  906], 99.95th=[ 1172],
     | 99.99th=[ 9241]
   bw (  KiB/s): min=441740, max=451584, per=100.00%, avg=446278.00, stdev=4046.13, samples=4
   iops        : min= 3451, max= 3528, avg=3487.00, stdev=31.63, samples=4
  lat (usec)   : 250=31.36%, 500=66.64%, 750=1.67%, 1000=0.26%
  lat (msec)   : 2=0.04%, 4=0.02%, 10=0.01%
  cpu          : usr=3.45%, sys=62.68%, ctx=517, majf=1, minf=57
  IO depths    : 1=100.0%, 2=0.0%, 4=0.0%, 8=0.0%, 16=0.0%, 32=0.0%, >=64=0.0%
     submit    : 0=0.0%, 4=100.0%, 8=0.0%, 16=0.0%, 32=0.0%, 64=0.0%, >=64=0.0%
     complete  : 0=0.0%, 4=100.0%, 8=0.0%, 16=0.0%, 32=0.0%, 64=0.0%, >=64=0.0%
     issued rwts: total=8192,0,0,0 short=0,0,0,0 dropped=0,0,0,0
     latency   : target=0, window=0, percentile=100.00%, depth=1

Run status group 0 (all jobs):
   READ: bw=436MiB/s (457MB/s), 436MiB/s-436MiB/s (457MB/s-457MB/s), io=1024MiB (1074MB), run=2350-2350msec

Disk stats (read/write):
  vdc: ios=7343/0, sectors=1879808/0, merge=0/0, ticks=1632/0, in_queue=1633, util=43.46%
