buffered-write: (g=0): rw=write, bs=(R) 1024KiB-1024KiB, (W) 1024KiB-1024KiB, (T) 1024KiB-1024KiB, ioengine=psync, iodepth=1
fio-3.36
Starting 1 process

buffered-write: (groupid=0, jobs=1): err= 0: pid=440: Wed Aug 27 17:35:41 2025
  write: IOPS=1950, BW=1950MiB/s (2045MB/s)(1024MiB/525msec); 0 zone resets
    clat (usec): min=417, max=983, avg=484.32, stdev=50.05
     lat (usec): min=431, max=1000, avg=506.82, stdev=51.42
    clat percentiles (usec):
     |  1.00th=[  429],  5.00th=[  437], 10.00th=[  449], 20.00th=[  461],
     | 30.00th=[  465], 40.00th=[  469], 50.00th=[  474], 60.00th=[  478],
     | 70.00th=[  486], 80.00th=[  494], 90.00th=[  537], 95.00th=[  570],
     | 99.00th=[  676], 99.50th=[  775], 99.90th=[  971], 99.95th=[  988],
     | 99.99th=[  988]
   bw (  MiB/s): min= 1956, max= 1956, per=100.00%, avg=1956.00, stdev= 0.00, samples=1
   iops        : min= 1956, max= 1956, avg=1956.00, stdev= 0.00, samples=1
  lat (usec)   : 500=82.03%, 750=17.38%, 1000=0.59%
  cpu          : usr=10.29%, sys=87.43%, ctx=1, majf=0, minf=22
  IO depths    : 1=100.0%, 2=0.0%, 4=0.0%, 8=0.0%, 16=0.0%, 32=0.0%, >=64=0.0%
     submit    : 0=0.0%, 4=100.0%, 8=0.0%, 16=0.0%, 32=0.0%, 64=0.0%, >=64=0.0%
     complete  : 0=0.0%, 4=100.0%, 8=0.0%, 16=0.0%, 32=0.0%, 64=0.0%, >=64=0.0%
     issued rwts: total=0,1024,0,0 short=0,0,0,0 dropped=0,0,0,0
     latency   : target=0, window=0, percentile=100.00%, depth=1

Run status group 0 (all jobs):
  WRITE: bw=1950MiB/s (2045MB/s), 1950MiB/s-1950MiB/s (2045MB/s-2045MB/s), io=1024MiB (1074MB), run=525-525msec

Disk stats (read/write):
  vdc: ios=0/0, sectors=0/0, merge=0/0, ticks=0/0, in_queue=0, util=0.00%
